INFO: [HLS 200-10] Running '/tools/Xilinx/Vivado/2019.2/bin/unwrapped/lnx64.o/vivado_hls'
INFO: [HLS 200-10] For user 'guest' on host 'cse-HP-ProDesk-600-G6-Microtower-PC' (Linux_x86_64 version 5.15.0-67-generic) on Mon Apr 03 23:29:21 IST 2023
INFO: [HLS 200-10] On os Ubuntu 20.04.5 LTS
INFO: [HLS 200-10] In directory '/home/guest/Documents/experiments/dilithium_2'
Sourcing Tcl script '/home/guest/Documents/experiments/dilithium_2/crypto_sign/solution1/csynth.tcl'
INFO: [HLS 200-10] Opening project '/home/guest/Documents/experiments/dilithium_2/crypto_sign'.
INFO: [HLS 200-10] Adding design file 'symmetric-shake.c' to the project
INFO: [HLS 200-10] Adding design file 'symmetric-aes.c' to the project
INFO: [HLS 200-10] Adding design file 'sign.c' to the project
INFO: [HLS 200-10] Adding design file 'rounding.c' to the project
INFO: [HLS 200-10] Adding design file 'rng.c' to the project
INFO: [HLS 200-10] Adding design file 'reduce.c' to the project
INFO: [HLS 200-10] Adding design file 'polyvec.c' to the project
INFO: [HLS 200-10] Adding design file 'poly.c' to the project
INFO: [HLS 200-10] Adding design file 'packing.c' to the project
INFO: [HLS 200-10] Adding design file 'ntt.c' to the project
INFO: [HLS 200-10] Adding design file 'fips202.c' to the project
INFO: [HLS 200-10] Adding design file 'aes256ctr.c' to the project
INFO: [HLS 200-10] Adding design file 'aes.c' to the project
INFO: [HLS 200-10] Adding test bench file 'PQCgenKAT_sign.c' to the project
INFO: [HLS 200-10] Opening solution '/home/guest/Documents/experiments/dilithium_2/crypto_sign/solution1'.
INFO: [SYN 201-201] Setting up clock 'default' with a period of 10000ns.
INFO: [HLS 200-10] Setting target device to 'xc7a200t-fbg676-2'
INFO: [SCHED 204-61] Option 'relax_ii_for_timing' is enabled, will increase II to preserve clock frequency constraints.
INFO: [HLS 200-10] Analyzing design file 'aes.c' ... 
INFO: [HLS 200-10] Analyzing design file 'aes256ctr.c' ... 
INFO: [HLS 200-10] Analyzing design file 'fips202.c' ... 
INFO: [HLS 200-10] Analyzing design file 'ntt.c' ... 
INFO: [HLS 200-10] Analyzing design file 'packing.c' ... 
INFO: [HLS 200-10] Analyzing design file 'poly.c' ... 
INFO: [HLS 200-10] Analyzing design file 'polyvec.c' ... 
INFO: [HLS 200-10] Analyzing design file 'reduce.c' ... 
INFO: [HLS 200-10] Analyzing design file 'rng.c' ... 
INFO: [HLS 200-10] Analyzing design file 'rounding.c' ... 
INFO: [HLS 200-10] Analyzing design file 'sign.c' ... 
INFO: [HLS 200-10] Analyzing design file 'symmetric-aes.c' ... 
INFO: [HLS 200-10] Analyzing design file 'symmetric-shake.c' ... 
INFO: [HLS 200-111] Finished Linking Time (s): cpu = 00:00:49 ; elapsed = 00:00:51 . Memory (MB): peak = 930.945 ; gain = 526.004 ; free physical = 2820 ; free virtual = 11147
INFO: [HLS 200-111] Finished Checking Pragmas Time (s): cpu = 00:00:49 ; elapsed = 00:00:51 . Memory (MB): peak = 930.945 ; gain = 526.004 ; free physical = 2820 ; free virtual = 11147
INFO: [HLS 200-10] Starting code transformations ...
INFO: [HLS 200-111] Finished Standard Transforms Time (s): cpu = 00:00:50 ; elapsed = 00:00:52 . Memory (MB): peak = 930.945 ; gain = 526.004 ; free physical = 2816 ; free virtual = 11147
INFO: [HLS 200-10] Checking synthesizability ...
INFO: [XFORM 203-602] Inlining function 'keccak_init.1' into 'shake256_init.1' (fips202.c:648) automatically.
INFO: [XFORM 203-602] Inlining function 'load64' into 'keccak_absorb.3168' (fips202.c:396) automatically.
INFO: [XFORM 203-602] Inlining function 'load64' into 'keccak_absorb.2' (fips202.c:396) automatically.
INFO: [XFORM 203-602] Inlining function 'keccak_finalize' into 'shake256_finalize.1' (fips202.c:675) automatically.
INFO: [XFORM 203-602] Inlining function 'store64' into 'keccak_squeeze' (fips202.c:508) automatically.
INFO: [XFORM 203-602] Inlining function 'store64.4' into 'keccak_squeeze' (fips202.c:519) automatically.
INFO: [XFORM 203-602] Inlining function 'keccak_init' into 'shake256_init' (fips202.c:648) automatically.
INFO: [XFORM 203-602] Inlining function 'load64' into 'keccak_absorb.3' (fips202.c:396) automatically.
INFO: [XFORM 203-602] Inlining function 'keccak_finalize.1' into 'shake256_finalize' (fips202.c:675) automatically.
INFO: [XFORM 203-602] Inlining function 'store64' into 'keccak_squeeze.1' (fips202.c:508) automatically.
INFO: [XFORM 203-602] Inlining function 'store64.4' into 'keccak_squeeze.1' (fips202.c:519) automatically.
INFO: [XFORM 203-602] Inlining function 'shake256_init' into 'shake256' (fips202.c:747) automatically.
INFO: [XFORM 203-602] Inlining function 'shake256_absorb' into 'shake256' (fips202.c:748) automatically.
INFO: [XFORM 203-602] Inlining function 'shake256_finalize' into 'shake256' (fips202.c:749) automatically.
INFO: [XFORM 203-602] Inlining function 'shake256_squeeze' into 'shake256' (fips202.c:750) automatically.
INFO: [XFORM 203-602] Inlining function 'keccak_init.1' into 'shake128_init' (fips202.c:573) automatically.
INFO: [XFORM 203-602] Inlining function 'load64' into 'keccak_absorb.1' (fips202.c:396) automatically.
INFO: [XFORM 203-602] Inlining function 'load64' into 'keccak_absorb' (fips202.c:396) automatically.
INFO: [XFORM 203-602] Inlining function 'keccak_finalize' into 'shake128_finalize' (fips202.c:600) automatically.
INFO: [XFORM 203-602] Inlining function 'shake128_init' into 'dilithium_shake128_stream_init' (symmetric-shake.c:14) automatically.
INFO: [XFORM 203-602] Inlining function 'shake128_absorb.1' into 'dilithium_shake128_stream_init' (symmetric-shake.c:15) automatically.
INFO: [XFORM 203-602] Inlining function 'shake128_absorb' into 'dilithium_shake128_stream_init' (symmetric-shake.c:16) automatically.
INFO: [XFORM 203-602] Inlining function 'shake128_finalize' into 'dilithium_shake128_stream_init' (symmetric-shake.c:17) automatically.
INFO: [XFORM 203-602] Inlining function 'store64.1' into 'keccak_squeezeblocks.2' (fips202.c:477) automatically.
INFO: [XFORM 203-602] Inlining function 'dilithium_shake128_stream_init' into 'poly_uniform' (poly.c:372) automatically.
INFO: [XFORM 203-602] Inlining function 'shake128_squeezeblocks' into 'poly_uniform' (poly.c:373) automatically.
INFO: [XFORM 203-602] Inlining function 'montgomery_reduce' into 'ntt' (ntt.c:58) automatically.
INFO: [XFORM 203-602] Inlining function 'poly_ntt' into 'polyvecl_ntt' (polyvec.c:101) automatically.
INFO: [XFORM 203-602] Inlining function 'poly_ntt' into 'polyveck_ntt' (polyvec.c:285) automatically.
INFO: [XFORM 203-602] Inlining function 'shake256_init.1' into 'dilithium_shake256_stream_init' (symmetric-shake.c:28) automatically.
INFO: [XFORM 203-602] Inlining function 'shake256_absorb.2' into 'dilithium_shake256_stream_init' (symmetric-shake.c:29) automatically.
INFO: [XFORM 203-602] Inlining function 'shake256_absorb.1' into 'dilithium_shake256_stream_init' (symmetric-shake.c:30) automatically.
INFO: [XFORM 203-602] Inlining function 'shake256_finalize.1' into 'dilithium_shake256_stream_init' (symmetric-shake.c:31) automatically.
INFO: [XFORM 203-602] Inlining function 'store64.2' into 'keccak_squeezeblocks.1' (fips202.c:477) automatically.
INFO: [XFORM 203-602] Inlining function 'dilithium_shake256_stream_init' into 'poly_uniform_gamma1' (poly.c:496) automatically.
INFO: [XFORM 203-602] Inlining function 'shake256_squeezeblocks' into 'poly_uniform_gamma1' (poly.c:497) automatically.
INFO: [XFORM 203-602] Inlining function 'poly_uniform_gamma1' into 'polyvecl_uniform_gamma1' (polyvec.c:47) automatically.
INFO: [XFORM 203-602] Inlining function 'montgomery_reduce' into 'poly_pointwise_montgomery.1' (poly.c:181) automatically.
INFO: [XFORM 203-602] Inlining function 'montgomery_reduce' into 'poly_pointwise_montgomery' (poly.c:181) automatically.
INFO: [XFORM 203-602] Inlining function 'poly_pointwise_montgomery.1' into 'polyvecl_pointwise_acc_montgomery' (polyvec.c:136) automatically.
INFO: [XFORM 203-602] Inlining function 'poly_pointwise_montgomery' into 'polyvecl_pointwise_acc_montgomery' (polyvec.c:138) automatically.
INFO: [XFORM 203-602] Inlining function 'poly_add' into 'polyvecl_pointwise_acc_montgomery' (polyvec.c:139) automatically.
INFO: [XFORM 203-602] Inlining function 'reduce32' into 'poly_reduce' (poly.c:33) automatically.
INFO: [XFORM 203-602] Inlining function 'poly_reduce' into 'polyveck_reduce' (polyvec.c:188) automatically.
INFO: [XFORM 203-602] Inlining function 'montgomery_reduce' into 'invntt_tomont' (ntt.c:90) automatically.
INFO: [XFORM 203-602] Inlining function 'poly_invntt_tomont' into 'polyveck_invntt_tomont' (polyvec.c:301) automatically.
INFO: [XFORM 203-602] Inlining function 'caddq' into 'poly_caddq' (poly.c:51) automatically.
INFO: [XFORM 203-602] Inlining function 'poly_caddq' into 'polyveck_caddq' (polyvec.c:204) automatically.
INFO: [XFORM 203-602] Inlining function 'decompose' into 'poly_decompose' (poly.c:226) automatically.
INFO: [XFORM 203-602] Inlining function 'poly_decompose' into 'polyveck_decompose' (polyvec.c:374) automatically.
INFO: [XFORM 203-602] Inlining function 'polyw1_pack' into 'polyveck_pack_w1' (polyvec.c:421) automatically.
INFO: [XFORM 203-602] Inlining function 'store64' into 'keccak_squeeze.1160' (fips202.c:508) automatically.
INFO: [XFORM 203-602] Inlining function 'store64.4' into 'keccak_squeeze.1160' (fips202.c:519) automatically.
INFO: [XFORM 203-602] Inlining function 'store64.3' into 'keccak_squeezeblocks' (fips202.c:477) automatically.
INFO: [XFORM 203-602] Inlining function 'shake256_init.1' into 'poly_challenge' (poly.c:517) automatically.
INFO: [XFORM 203-602] Inlining function 'shake256_absorb.3' into 'poly_challenge' (poly.c:518) automatically.
INFO: [XFORM 203-602] Inlining function 'shake256_finalize.1' into 'poly_challenge' (poly.c:519) automatically.
INFO: [XFORM 203-602] Inlining function 'shake256_squeezeblocks.1' into 'poly_challenge' (poly.c:520) automatically.
INFO: [XFORM 203-602] Inlining function 'montgomery_reduce' into 'ntt.1' (ntt.c:58) automatically.
INFO: [XFORM 203-602] Inlining function 'montgomery_reduce' into 'poly_pointwise_montgomery.2' (poly.c:181) automatically.
INFO: [XFORM 203-602] Inlining function 'poly_pointwise_montgomery.2' into 'polyvecl_pointwise_poly_montgomery' (polyvec.c:115) automatically.
INFO: [XFORM 203-602] Inlining function 'poly_invntt_tomont' into 'polyvecl_invntt_tomont' (polyvec.c:108) automatically.
INFO: [XFORM 203-602] Inlining function 'poly_add.1' into 'polyvecl_add' (polyvec.c:86) automatically.
INFO: [XFORM 203-602] Inlining function 'poly_reduce' into 'polyvecl_reduce' (polyvec.c:54) automatically.
INFO: [XFORM 203-602] Inlining function 'poly_chknorm' into 'polyvecl_chknorm' (polyvec.c:159) automatically.
INFO: [XFORM 203-602] Inlining function 'poly_pointwise_montgomery.2' into 'polyveck_pointwise_poly_montgomery' (polyvec.c:308) automatically.
INFO: [XFORM 203-602] Inlining function 'poly_sub' into 'polyveck_sub' (polyvec.c:255) automatically.
INFO: [XFORM 203-602] Inlining function 'poly_chknorm' into 'polyveck_chknorm' (polyvec.c:328) automatically.
INFO: [XFORM 203-602] Inlining function 'poly_add.1' into 'polyveck_add' (polyvec.c:237) automatically.
INFO: [XFORM 203-602] Inlining function 'make_hint' into 'poly_make_hint' (poly.c:249) automatically.
INFO: [XFORM 203-602] Inlining function 'poly_make_hint' into 'polyveck_make_hint' (polyvec.c:395) automatically.
INFO: [XFORM 203-602] Inlining function 'shake256_init.1' into 'crypto_sign_signature' (sign.c:103) automatically.
INFO: [XFORM 203-602] Inlining function 'shake256_absorb.2' into 'crypto_sign_signature' (sign.c:104) automatically.
INFO: [XFORM 203-602] Inlining function 'shake256_absorb.3' into 'crypto_sign_signature' (sign.c:105) automatically.
INFO: [XFORM 203-602] Inlining function 'shake256_finalize.1' into 'crypto_sign_signature' (sign.c:106) automatically.
INFO: [XFORM 203-602] Inlining function 'shake256_squeeze.2' into 'crypto_sign_signature' (sign.c:107) automatically.
INFO: [XFORM 203-602] Inlining function 'shake256' into 'crypto_sign_signature' (sign.c:112) automatically.
INFO: [XFORM 203-602] Inlining function 'polyvec_matrix_expand' into 'crypto_sign_signature' (sign.c:116) automatically.
INFO: [XFORM 203-602] Inlining function 'polyvecl_ntt' into 'crypto_sign_signature' (sign.c:117) automatically.
INFO: [XFORM 203-602] Inlining function 'polyveck_ntt' into 'crypto_sign_signature' (sign.c:118) automatically.
INFO: [XFORM 203-602] Inlining function 'polyvec_matrix_pointwise_montgomery' into 'crypto_sign_signature' (sign.c:128) automatically.
INFO: [XFORM 203-602] Inlining function 'shake256_squeeze.1' into 'crypto_sign_signature' (sign.c:141) automatically.
INFO: [XFORM 203-602] Inlining function 'poly_ntt.1' into 'crypto_sign_signature' (sign.c:143) automatically.
INFO: [XFORM 203-602] Inlining function 'polyvecl_pointwise_poly_montgomery' into 'crypto_sign_signature' (sign.c:146) automatically.
INFO: [XFORM 203-602] Inlining function 'polyvecl_invntt_tomont' into 'crypto_sign_signature' (sign.c:147) automatically.
INFO: [XFORM 203-602] Inlining function 'polyvecl_add' into 'crypto_sign_signature' (sign.c:148) automatically.
INFO: [XFORM 203-602] Inlining function 'polyvecl_reduce' into 'crypto_sign_signature' (sign.c:149) automatically.
INFO: [XFORM 203-602] Inlining function 'polyveck_sub' into 'crypto_sign_signature' (sign.c:157) automatically.
INFO: [XFORM 203-602] Inlining function 'polyveck_add' into 'crypto_sign_signature' (sign.c:169) automatically.
INFO: [HLS 200-111] Finished Checking Synthesizability Time (s): cpu = 00:00:50 ; elapsed = 00:00:52 . Memory (MB): peak = 930.945 ; gain = 526.004 ; free physical = 2814 ; free virtual = 11145
INFO: [XFORM 203-502] Unrolling all sub-loops inside loop 'Loop-4' (packing.c:206) in function 'pack_sig' for pipelining.
INFO: [XFORM 203-502] Unrolling all loops for pipelining in function 'polyz_pack' (poly.c:798).
INFO: [XFORM 203-502] Unrolling all loops for pipelining in function 'polyt0_unpack' (poly.c:734).
INFO: [XFORM 203-502] Unrolling all loops for pipelining in function 'polyeta_unpack' (poly.c:593).
INFO: [XFORM 203-501] Unrolling loop 'Loop-1' (sign.c:206) in function 'crypto_sign' partially with a factor of 2.
INFO: [HLS 200-489] Unrolling loop 'Loop-4.1' (packing.c:208) in function 'pack_sig' completely with a factor of 256.
INFO: [HLS 200-489] Unrolling loop 'Loop-1' (poly.c:804) in function 'polyz_pack' completely with a factor of 64.
INFO: [HLS 200-489] Unrolling loop 'Loop-1' (poly.c:738) in function 'polyt0_unpack' completely with a factor of 32.
INFO: [HLS 200-489] Unrolling loop 'Loop-1' (poly.c:598) in function 'polyeta_unpack' completely with a factor of 32.
INFO: [XFORM 203-102] Partitioning array 'state.pos' (fips202.c:745) automatically.
INFO: [XFORM 203-102] Partitioning array 'state.s' (fips202.c:745) in dimension 1 automatically.
INFO: [XFORM 203-602] Inlining function 'keccak_init.1' into 'shake256_init.1' (fips202.c:648) automatically.
INFO: [XFORM 203-602] Inlining function 'load64.1' into 'keccak_absorb.3199' (fips202.c:410) automatically.
INFO: [XFORM 203-602] Inlining function 'load64' into 'keccak_absorb.3199' (fips202.c:427) automatically.
INFO: [XFORM 203-602] Inlining function 'load64' into 'keccak_absorb.2' (fips202.c:396) automatically.
INFO: [XFORM 203-602] Inlining function 'keccak_finalize' into 'shake256_finalize.1' (fips202.c:675) automatically.
INFO: [XFORM 203-602] Inlining function 'store64.4' into 'keccak_squeeze' (fips202.c:528) automatically.
INFO: [XFORM 203-602] Inlining function 'store64' into 'keccak_squeeze' (fips202.c:556) automatically.
INFO: [XFORM 203-602] Inlining function 'keccak_init' into 'shake256_init' (fips202.c:648) automatically.
INFO: [XFORM 203-602] Inlining function 'load64.1' into 'keccak_absorb.3' (fips202.c:410) automatically.
INFO: [XFORM 203-602] Inlining function 'load64' into 'keccak_absorb.3' (fips202.c:427) automatically.
INFO: [XFORM 203-602] Inlining function 'keccak_finalize.1' into 'shake256_finalize' (fips202.c:675) automatically.
INFO: [XFORM 203-602] Inlining function 'store64.4' into 'keccak_squeeze.1' (fips202.c:528) automatically.
INFO: [XFORM 203-602] Inlining function 'store64' into 'keccak_squeeze.1' (fips202.c:556) automatically.
INFO: [XFORM 203-602] Inlining function 'shake256_init' into 'shake256' (fips202.c:747) automatically.
INFO: [XFORM 203-602] Inlining function 'shake256_absorb' into 'shake256' (fips202.c:748) automatically.
INFO: [XFORM 203-602] Inlining function 'shake256_finalize' into 'shake256' (fips202.c:749) automatically.
INFO: [XFORM 203-602] Inlining function 'shake256_squeeze' into 'shake256' (fips202.c:750) automatically.
INFO: [XFORM 203-602] Inlining function 'keccak_init.1' into 'shake128_init' (fips202.c:573) automatically.
INFO: [XFORM 203-602] Inlining function 'load64.1' into 'keccak_absorb.1' (fips202.c:410) automatically.
INFO: [XFORM 203-602] Inlining function 'load64' into 'keccak_absorb.1' (fips202.c:427) automatically.
INFO: [XFORM 203-602] Inlining function 'load64' into 'keccak_absorb' (fips202.c:396) automatically.
INFO: [XFORM 203-602] Inlining function 'keccak_finalize' into 'shake128_finalize' (fips202.c:600) automatically.
INFO: [XFORM 203-602] Inlining function 'shake128_init' into 'dilithium_shake128_stream_init' (symmetric-shake.c:14) automatically.
INFO: [XFORM 203-602] Inlining function 'shake128_absorb.1' into 'dilithium_shake128_stream_init' (symmetric-shake.c:15) automatically.
INFO: [XFORM 203-602] Inlining function 'shake128_absorb' into 'dilithium_shake128_stream_init' (symmetric-shake.c:16) automatically.
INFO: [XFORM 203-602] Inlining function 'shake128_finalize' into 'dilithium_shake128_stream_init' (symmetric-shake.c:17) automatically.
INFO: [XFORM 203-602] Inlining function 'store64.1' into 'keccak_squeezeblocks.2' (fips202.c:477) automatically.
INFO: [XFORM 203-602] Inlining function 'dilithium_shake128_stream_init' into 'poly_uniform' (poly.c:372) automatically.
INFO: [XFORM 203-602] Inlining function 'shake128_squeezeblocks' into 'poly_uniform' (poly.c:373) automatically.
INFO: [XFORM 203-602] Inlining function 'montgomery_reduce' into 'ntt' (ntt.c:58) automatically.
INFO: [XFORM 203-602] Inlining function 'poly_ntt' into 'polyvecl_ntt' (polyvec.c:101) automatically.
INFO: [XFORM 203-602] Inlining function 'poly_ntt' into 'polyveck_ntt' (polyvec.c:285) automatically.
INFO: [XFORM 203-602] Inlining function 'shake256_init.1' into 'dilithium_shake256_stream_init' (symmetric-shake.c:28) automatically.
INFO: [XFORM 203-602] Inlining function 'shake256_absorb.2' into 'dilithium_shake256_stream_init' (symmetric-shake.c:29) automatically.
INFO: [XFORM 203-602] Inlining function 'shake256_absorb.1' into 'dilithium_shake256_stream_init' (symmetric-shake.c:30) automatically.
INFO: [XFORM 203-602] Inlining function 'shake256_finalize.1' into 'dilithium_shake256_stream_init' (symmetric-shake.c:31) automatically.
INFO: [XFORM 203-602] Inlining function 'store64.2' into 'keccak_squeezeblocks.1' (fips202.c:477) automatically.
INFO: [XFORM 203-602] Inlining function 'dilithium_shake256_stream_init' into 'poly_uniform_gamma1' (poly.c:496) automatically.
INFO: [XFORM 203-602] Inlining function 'shake256_squeezeblocks' into 'poly_uniform_gamma1' (poly.c:497) automatically.
INFO: [XFORM 203-602] Inlining function 'poly_uniform_gamma1' into 'polyvecl_uniform_gamma1' (polyvec.c:47) automatically.
INFO: [XFORM 203-602] Inlining function 'montgomery_reduce' into 'poly_pointwise_montgomery.1' (poly.c:181) automatically.
INFO: [XFORM 203-602] Inlining function 'montgomery_reduce' into 'poly_pointwise_montgomery' (poly.c:181) automatically.
INFO: [XFORM 203-602] Inlining function 'poly_pointwise_montgomery.1' into 'polyvecl_pointwise_acc_montgomery' (polyvec.c:136) automatically.
INFO: [XFORM 203-602] Inlining function 'poly_pointwise_montgomery' into 'polyvecl_pointwise_acc_montgomery' (polyvec.c:138) automatically.
INFO: [XFORM 203-602] Inlining function 'poly_add.1' into 'polyvecl_pointwise_acc_montgomery' (polyvec.c:139) automatically.
INFO: [XFORM 203-602] Inlining function 'reduce32' into 'poly_reduce' (poly.c:33) automatically.
INFO: [XFORM 203-602] Inlining function 'poly_reduce' into 'polyveck_reduce' (polyvec.c:188) automatically.
INFO: [XFORM 203-602] Inlining function 'montgomery_reduce' into 'invntt_tomont' (ntt.c:90) automatically.
INFO: [XFORM 203-602] Inlining function 'poly_invntt_tomont' into 'polyveck_invntt_tomont' (polyvec.c:301) automatically.
INFO: [XFORM 203-602] Inlining function 'caddq' into 'poly_caddq' (poly.c:51) automatically.
INFO: [XFORM 203-602] Inlining function 'poly_caddq' into 'polyveck_caddq' (polyvec.c:204) automatically.
INFO: [XFORM 203-602] Inlining function 'decompose' into 'poly_decompose' (poly.c:226) automatically.
INFO: [XFORM 203-602] Inlining function 'poly_decompose' into 'polyveck_decompose' (polyvec.c:374) automatically.
INFO: [XFORM 203-602] Inlining function 'polyw1_pack' into 'polyveck_pack_w1' (polyvec.c:421) automatically.
INFO: [XFORM 203-602] Inlining function 'store64.4' into 'keccak_squeeze.1191' (fips202.c:528) automatically.
INFO: [XFORM 203-602] Inlining function 'store64' into 'keccak_squeeze.1191' (fips202.c:556) automatically.
INFO: [XFORM 203-602] Inlining function 'store64.3' into 'keccak_squeezeblocks' (fips202.c:477) automatically.
INFO: [XFORM 203-602] Inlining function 'shake256_init.1' into 'poly_challenge' (poly.c:517) automatically.
INFO: [XFORM 203-602] Inlining function 'shake256_absorb.3' into 'poly_challenge' (poly.c:518) automatically.
INFO: [XFORM 203-602] Inlining function 'shake256_finalize.1' into 'poly_challenge' (poly.c:519) automatically.
INFO: [XFORM 203-602] Inlining function 'shake256_squeezeblocks.1' into 'poly_challenge' (poly.c:520) automatically.
INFO: [XFORM 203-602] Inlining function 'montgomery_reduce' into 'ntt.1' (ntt.c:58) automatically.
INFO: [XFORM 203-602] Inlining function 'montgomery_reduce' into 'poly_pointwise_montgomery.2' (poly.c:181) automatically.
INFO: [XFORM 203-602] Inlining function 'poly_pointwise_montgomery.2' into 'polyvecl_pointwise_poly_montgomery' (polyvec.c:115) automatically.
INFO: [XFORM 203-602] Inlining function 'poly_invntt_tomont' into 'polyvecl_invntt_tomont' (polyvec.c:108) automatically.
INFO: [XFORM 203-602] Inlining function 'poly_add' into 'polyvecl_add' (polyvec.c:86) automatically.
INFO: [XFORM 203-602] Inlining function 'poly_reduce' into 'polyvecl_reduce' (polyvec.c:54) automatically.
INFO: [XFORM 203-602] Inlining function 'poly_chknorm' into 'polyvecl_chknorm' (polyvec.c:159) automatically.
INFO: [XFORM 203-602] Inlining function 'poly_pointwise_montgomery.2' into 'polyveck_pointwise_poly_montgomery' (polyvec.c:308) automatically.
INFO: [XFORM 203-602] Inlining function 'poly_sub' into 'polyveck_sub' (polyvec.c:255) automatically.
INFO: [XFORM 203-602] Inlining function 'poly_chknorm' into 'polyveck_chknorm' (polyvec.c:328) automatically.
INFO: [XFORM 203-602] Inlining function 'poly_add' into 'polyveck_add' (polyvec.c:237) automatically.
INFO: [XFORM 203-602] Inlining function 'make_hint' into 'poly_make_hint' (poly.c:249) automatically.
INFO: [XFORM 203-602] Inlining function 'poly_make_hint' into 'polyveck_make_hint' (polyvec.c:395) automatically.
INFO: [XFORM 203-602] Inlining function 'shake256_init.1' into 'crypto_sign_signature' (sign.c:103) automatically.
INFO: [XFORM 203-602] Inlining function 'shake256_absorb.2' into 'crypto_sign_signature' (sign.c:104) automatically.
INFO: [XFORM 203-602] Inlining function 'shake256_absorb.3' into 'crypto_sign_signature' (sign.c:105) automatically.
INFO: [XFORM 203-602] Inlining function 'shake256_finalize.1' into 'crypto_sign_signature' (sign.c:106) automatically.
INFO: [XFORM 203-602] Inlining function 'shake256_squeeze.2' into 'crypto_sign_signature' (sign.c:107) automatically.
INFO: [XFORM 203-602] Inlining function 'shake256' into 'crypto_sign_signature' (sign.c:112) automatically.
INFO: [XFORM 203-602] Inlining function 'polyvec_matrix_expand' into 'crypto_sign_signature' (sign.c:116) automatically.
INFO: [XFORM 203-602] Inlining function 'polyvecl_ntt' into 'crypto_sign_signature' (sign.c:117) automatically.
INFO: [XFORM 203-602] Inlining function 'polyveck_ntt' into 'crypto_sign_signature' (sign.c:118) automatically.
INFO: [XFORM 203-602] Inlining function 'polyvec_matrix_pointwise_montgomery' into 'crypto_sign_signature' (sign.c:128) automatically.
INFO: [XFORM 203-602] Inlining function 'polyveck_decompose' into 'crypto_sign_signature' (sign.c:134) automatically.
INFO: [XFORM 203-602] Inlining function 'shake256_squeeze.1' into 'crypto_sign_signature' (sign.c:141) automatically.
INFO: [XFORM 203-602] Inlining function 'poly_ntt.1' into 'crypto_sign_signature' (sign.c:143) automatically.
INFO: [XFORM 203-602] Inlining function 'polyvecl_pointwise_poly_montgomery' into 'crypto_sign_signature' (sign.c:146) automatically.
INFO: [XFORM 203-602] Inlining function 'polyvecl_invntt_tomont' into 'crypto_sign_signature' (sign.c:147) automatically.
INFO: [XFORM 203-602] Inlining function 'polyvecl_add' into 'crypto_sign_signature' (sign.c:148) automatically.
INFO: [XFORM 203-602] Inlining function 'polyvecl_reduce' into 'crypto_sign_signature' (sign.c:149) automatically.
INFO: [XFORM 203-602] Inlining function 'polyveck_sub' into 'crypto_sign_signature' (sign.c:157) automatically.
INFO: [XFORM 203-602] Inlining function 'polyveck_add' into 'crypto_sign_signature' (sign.c:169) automatically.
WARNING: [XFORM 203-561] Updating loop upper bound from 16 to 4 for loop 'Loop-0' in function 'keccak_squeeze.1191'.
WARNING: [XFORM 203-561] Updating loop lower bound from 0 to 4 for loop 'Loop-0' in function 'keccak_squeeze.1191'.
WARNING: [XFORM 203-561] Updating loop upper bound from 16 to 6 for loop 'Loop-0' in function 'keccak_squeeze.1'.
WARNING: [XFORM 203-561] Updating loop lower bound from 0 to 6 for loop 'Loop-0' in function 'keccak_squeeze.1'.
WARNING: [XFORM 203-561] Updating loop upper bound from 16 to 6 for loop 'Loop-0' in function 'keccak_squeeze'.
WARNING: [XFORM 203-561] Updating loop lower bound from 0 to 6 for loop 'Loop-0' in function 'keccak_squeeze'.
INFO: [XFORM 203-102] Automatically partitioning small array 't.i.i' (symmetric-shake.c:24) completely based on array size.
INFO: [XFORM 203-102] Automatically partitioning small array 't.i' (symmetric-shake.c:10) completely based on array size.
INFO: [XFORM 203-101] Partitioning array 't.i.i' (symmetric-shake.c:24) in dimension 1 completely.
INFO: [XFORM 203-101] Partitioning array 't.i' (symmetric-shake.c:10) in dimension 1 completely.
INFO: [XFORM 203-401] Performing if-conversion on hyperblock from (poly.c:249:20) to (poly.c:248:23) in function 'polyveck_make_hint'... converting 4 basic blocks.
INFO: [XFORM 203-602] Inlining function 'keccak_absorb.1' into 'poly_uniform' (fips202.c:588->symmetric-shake.c:15->poly.c:372) automatically.
INFO: [XFORM 203-602] Inlining function 'keccak_absorb.3199' into 'polyvecl_uniform_gamma1' (fips202.c:663->symmetric-shake.c:29->poly.c:496->polyvec.c:47) automatically.
INFO: [XFORM 203-602] Inlining function 'polyz_unpack' into 'polyvecl_uniform_gamma1' (poly.c:498->polyvec.c:47) automatically.
INFO: [XFORM 203-602] Inlining function 'keccak_squeeze' into 'crypto_sign_signature' (fips202.c:710->sign.c:107) automatically.
INFO: [XFORM 203-602] Inlining function 'keccak_absorb.3' into 'crypto_sign_signature' (fips202.c:663->fips202.c:748->sign.c:112) automatically.
INFO: [XFORM 203-602] Inlining function 'keccak_squeeze.1' into 'crypto_sign_signature' (fips202.c:710->fips202.c:750->sign.c:112) automatically.
INFO: [XFORM 203-602] Inlining function 'keccak_squeeze.1191' into 'crypto_sign_signature' (fips202.c:710->sign.c:141) automatically.
INFO: [XFORM 203-602] Inlining function 'polyvecl_chknorm' into 'crypto_sign_signature' (sign.c:150) automatically.
INFO: [XFORM 203-602] Inlining function 'polyveck_make_hint' into 'crypto_sign_signature' (sign.c:171) automatically.
INFO: [XFORM 203-11] Balancing expressions in function 'keccak_squeezeblocks.2' (fips202.c:47:15)...3 expression(s) balanced.
INFO: [XFORM 203-11] Balancing expressions in function 'keccak_absorb.2' (fips202.c:30:15)...10 expression(s) balanced.
INFO: [XFORM 203-11] Balancing expressions in function 'keccak_absorb' (fips202.c:380)...3 expression(s) balanced.
INFO: [XFORM 203-11] Balancing expressions in function 'KeccakF1600_StatePermute.1' (fips202.c:86:1)...70 expression(s) balanced.
INFO: [XFORM 203-11] Balancing expressions in function 'KeccakF1600_StatePermute' (fips202.c:86)...70 expression(s) balanced.
INFO: [HLS 200-111] Finished Pre-synthesis Time (s): cpu = 00:01:29 ; elapsed = 00:01:32 . Memory (MB): peak = 930.945 ; gain = 526.004 ; free physical = 2775 ; free virtual = 11108
WARNING: [XFORM 203-561] Ignored multiple trip count directives for loop 'Loop-0' in function 'polyvecl_uniform_gamma1'.
WARNING: [XFORM 203-631] Renaming function 'polyvecl_uniform_gamma1' to 'polyvecl_uniform_gam' (fips202.c:25:15)
WARNING: [XFORM 203-631] Renaming function 'polyvecl_pointwise_acc_montgomery' to 'polyvecl_pointwise_a' (poly.c:18:23)
WARNING: [XFORM 203-631] Renaming function 'polyveck_pointwise_poly_montgomery' to 'polyveck_pointwise_p' (poly.c:18:23)
WARNING: [XFORM 203-631] Renaming function 'polyveck_invntt_tomont' to 'polyveck_invntt_tomo' (polyvec.c:160:21)
WARNING: [XFORM 203-631] Renaming function 'crypto_sign_signature' to 'crypto_sign_signatur' (poly.c:18:23)
WARNING: [XFORM 203-631] Renaming function 'KeccakF1600_StatePermute.1' to 'KeccakF1600_StatePer' (fips202.c:86:1)
WARNING: [XFORM 203-631] Renaming function 'KeccakF1600_StatePermute' to 'KeccakF1600_StatePer.1' (fips202.c:86:1)
INFO: [HLS 200-472] Inferring partial write operation for 'rho' (packing.c:128:2)
INFO: [HLS 200-472] Inferring partial write operation for 'rho' (packing.c:135:2)
INFO: [HLS 200-472] Inferring partial write operation for 'rho' (packing.c:142:2)
INFO: [HLS 200-472] Inferring partial write operation for 'v.vec.coeffs' (poly.c:33:20)
INFO: [HLS 200-472] Inferring partial write operation for 'r.vec.coeffs' (poly.c:181:20)
INFO: [HLS 200-472] Inferring partial write operation for 'v.vec.coeffs' (poly.c:51:20)
INFO: [HLS 200-472] Inferring partial write operation for 'r.coeffs' (poly.c:775:5)
INFO: [HLS 200-472] Inferring partial write operation for 'r.coeffs' (poly.c:776:5)
INFO: [HLS 200-472] Inferring partial write operation for 'r.coeffs' (poly.c:777:5)
INFO: [HLS 200-472] Inferring partial write operation for 'r.coeffs' (poly.c:778:5)
INFO: [HLS 200-472] Inferring partial write operation for 'r.coeffs' (poly.c:779:5)
INFO: [HLS 200-472] Inferring partial write operation for 'r.coeffs' (poly.c:780:5)
INFO: [HLS 200-472] Inferring partial write operation for 'r.coeffs' (poly.c:781:5)
INFO: [HLS 200-472] Inferring partial write operation for 'r.coeffs' (poly.c:782:5)
INFO: [HLS 200-472] Inferring partial write operation for 'r.coeffs' (poly.c:608:5)
INFO: [HLS 200-472] Inferring partial write operation for 'r.coeffs' (poly.c:609:5)
INFO: [HLS 200-472] Inferring partial write operation for 'r.coeffs' (poly.c:610:5)
INFO: [HLS 200-472] Inferring partial write operation for 'r.coeffs' (poly.c:611:5)
INFO: [HLS 200-472] Inferring partial write operation for 'r.coeffs' (poly.c:612:5)
INFO: [HLS 200-472] Inferring partial write operation for 'r.coeffs' (poly.c:613:5)
INFO: [HLS 200-472] Inferring partial write operation for 'r.coeffs' (poly.c:614:5)
INFO: [HLS 200-472] Inferring partial write operation for 'r.coeffs' (poly.c:615:5)
INFO: [HLS 200-472] Inferring partial write operation for 'state.s' (fips202.c:363:5)
INFO: [HLS 200-472] Inferring partial write operation for 'state.s' (fips202.c:450:3)
INFO: [HLS 200-472] Inferring partial write operation for 'state.s' (fips202.c:451:3)
INFO: [HLS 200-472] Inferring partial write operation for 'c.coeffs' (poly.c:528:5)
INFO: [HLS 200-472] Inferring partial write operation for 'c.coeffs' (poly.c:539:5)
INFO: [HLS 200-472] Inferring partial write operation for 'c.coeffs' (poly.c:540:5)
INFO: [HLS 200-472] Inferring partial write operation for 'a' (ntt.c:59:9)
INFO: [HLS 200-472] Inferring partial write operation for 'a' (ntt.c:60:9)
INFO: [HLS 200-472] Inferring partial write operation for 'out' (fips202.c:48:5)
INFO: [HLS 200-472] Inferring partial write operation for 's' (fips202.c:417:19)
INFO: [HLS 200-472] Inferring partial write operation for 't' (fips202.c:387:21)
INFO: [HLS 200-472] Inferring partial write operation for 't' (fips202.c:392:7)
INFO: [HLS 200-472] Inferring partial write operation for 's' (fips202.c:396:21)
INFO: [HLS 200-472] Inferring partial write operation for 's' (fips202.c:401:21)
INFO: [HLS 200-472] Inferring partial write operation for 's' (fips202.c:410:15)
INFO: [HLS 200-472] Inferring partial write operation for 't' (fips202.c:424:7)
INFO: [HLS 200-472] Inferring partial write operation for 't' (fips202.c:426:7)
INFO: [HLS 200-472] Inferring partial write operation for 's' (fips202.c:427:17)
INFO: [HLS 200-472] Inferring partial write operation for 'a' (ntt.c:88:9)
INFO: [HLS 200-472] Inferring partial write operation for 'a' (ntt.c:90:22)
INFO: [HLS 200-472] Inferring partial write operation for 'a' (ntt.c:96:12)
INFO: [HLS 200-472] Inferring partial write operation for 'state.s' (fips202.c:363:5)
INFO: [HLS 200-472] Inferring partial write operation for 'state.s' (fips202.c:450:3)
INFO: [HLS 200-472] Inferring partial write operation for 'state.s' (fips202.c:451:3)
INFO: [HLS 200-472] Inferring partial write operation for 'seedbuf' (fips202.c:541:6)
INFO: [HLS 200-472] Inferring partial write operation for 'seedbuf' (fips202.c:542:6)
INFO: [HLS 200-472] Inferring partial write operation for 'seedbuf' (fips202.c:543:6)
INFO: [HLS 200-472] Inferring partial write operation for 'seedbuf' (fips202.c:544:6)
INFO: [HLS 200-472] Inferring partial write operation for 'seedbuf' (fips202.c:545:6)
INFO: [HLS 200-472] Inferring partial write operation for 'seedbuf' (fips202.c:546:6)
INFO: [HLS 200-472] Inferring partial write operation for 'seedbuf' (fips202.c:547:6)
INFO: [HLS 200-472] Inferring partial write operation for 'seedbuf' (fips202.c:548:6)
INFO: [HLS 200-472] Inferring partial write operation for 'state[0].s' (fips202.c:363:5)
INFO: [HLS 200-472] Inferring partial write operation for 'state[0].s' (fips202.c:417:19)
INFO: [HLS 200-472] Inferring partial write operation for 'state[0].s' (fips202.c:450:3)
INFO: [HLS 200-472] Inferring partial write operation for 'state[0].s' (fips202.c:451:3)
INFO: [HLS 200-472] Inferring partial write operation for 'seedbuf' (fips202.c:541:6)
INFO: [HLS 200-472] Inferring partial write operation for 'seedbuf' (fips202.c:542:6)
INFO: [HLS 200-472] Inferring partial write operation for 'seedbuf' (fips202.c:543:6)
INFO: [HLS 200-472] Inferring partial write operation for 'seedbuf' (fips202.c:544:6)
INFO: [HLS 200-472] Inferring partial write operation for 'seedbuf' (fips202.c:545:6)
INFO: [HLS 200-472] Inferring partial write operation for 'seedbuf' (fips202.c:546:6)
INFO: [HLS 200-472] Inferring partial write operation for 'seedbuf' (fips202.c:547:6)
INFO: [HLS 200-472] Inferring partial write operation for 'seedbuf' (fips202.c:548:6)
INFO: [HLS 200-472] Inferring partial write operation for 'z.vec.coeffs' (sign.c:124:3)
INFO: [HLS 200-472] Inferring partial write operation for 'w0.vec.coeffs' (poly.c:226:21)
INFO: [HLS 200-472] Inferring partial write operation for 'state.s' (fips202.c:363:5)
INFO: [HLS 200-472] Inferring partial write operation for 'state.s' (fips202.c:450:3)
INFO: [HLS 200-472] Inferring partial write operation for 'state.s' (fips202.c:451:3)
INFO: [HLS 200-472] Inferring partial write operation for 'z.vec.coeffs' (poly.c:181:20)
INFO: [HLS 200-472] Inferring partial write operation for 'z.vec.coeffs' (poly.c:88:5)
INFO: [HLS 200-472] Inferring partial write operation for 'z.vec.coeffs' (poly.c:33:20)
INFO: [HLS 200-472] Inferring partial write operation for 'w0.vec.coeffs' (poly.c:109:5)
INFO: [HLS 200-472] Inferring partial write operation for 'w0.vec.coeffs' (poly.c:88:5)
INFO: [HLS 200-472] Inferring partial write operation for 'h.vec.coeffs' (poly.c:249:20)
INFO: [HLS 200-472] Inferring partial write operation for 'state' (fips202.c:325:9)
INFO: [HLS 200-472] Inferring partial write operation for 'state' (fips202.c:326:9)
INFO: [HLS 200-472] Inferring partial write operation for 'state' (fips202.c:327:9)
INFO: [HLS 200-472] Inferring partial write operation for 'state' (fips202.c:328:9)
INFO: [HLS 200-472] Inferring partial write operation for 'state' (fips202.c:329:9)
INFO: [HLS 200-472] Inferring partial write operation for 'state' (fips202.c:330:9)
INFO: [HLS 200-472] Inferring partial write operation for 'state' (fips202.c:331:9)
INFO: [HLS 200-472] Inferring partial write operation for 'state' (fips202.c:332:9)
INFO: [HLS 200-472] Inferring partial write operation for 'state' (fips202.c:333:9)
INFO: [HLS 200-472] Inferring partial write operation for 'state' (fips202.c:334:9)
INFO: [HLS 200-472] Inferring partial write operation for 'state' (fips202.c:335:9)
INFO: [HLS 200-472] Inferring partial write operation for 'state' (fips202.c:336:9)
INFO: [HLS 200-472] Inferring partial write operation for 'state' (fips202.c:337:9)
INFO: [HLS 200-472] Inferring partial write operation for 'state' (fips202.c:338:9)
INFO: [HLS 200-472] Inferring partial write operation for 'state' (fips202.c:339:9)
INFO: [HLS 200-472] Inferring partial write operation for 'state' (fips202.c:340:9)
INFO: [HLS 200-472] Inferring partial write operation for 'state' (fips202.c:341:9)
INFO: [HLS 200-472] Inferring partial write operation for 'state' (fips202.c:342:9)
INFO: [HLS 200-472] Inferring partial write operation for 'state' (fips202.c:343:9)
INFO: [HLS 200-472] Inferring partial write operation for 'state' (fips202.c:344:9)
INFO: [HLS 200-472] Inferring partial write operation for 'state' (fips202.c:345:9)
INFO: [HLS 200-472] Inferring partial write operation for 'state' (fips202.c:346:9)
INFO: [HLS 200-472] Inferring partial write operation for 'state' (fips202.c:347:9)
INFO: [HLS 200-472] Inferring partial write operation for 'state' (fips202.c:348:9)
INFO: [HLS 200-472] Inferring partial write operation for 'state' (fips202.c:349:9)
INFO: [HLS 200-472] Inferring partial write operation for 'a' (poly.c:344:7)
INFO: [HLS 200-472] Inferring partial write operation for 'state.s' (fips202.c:363:5)
INFO: [HLS 200-472] Inferring partial write operation for 'state.s' (fips202.c:417:19)
INFO: [HLS 200-472] Inferring partial write operation for 'state.s' (fips202.c:450:3)
INFO: [HLS 200-472] Inferring partial write operation for 'state.s' (fips202.c:451:3)
INFO: [HLS 200-472] Inferring partial write operation for 'v.vec.coeffs' (poly.c:875:5)
INFO: [HLS 200-472] Inferring partial write operation for 'v.vec.coeffs' (poly.c:876:5)
INFO: [HLS 200-472] Inferring partial write operation for 'v.vec.coeffs' (poly.c:877:5)
INFO: [HLS 200-472] Inferring partial write operation for 'v.vec.coeffs' (poly.c:878:5)
INFO: [HLS 200-472] Inferring partial write operation for 'w.coeffs' (poly.c:181:20)
INFO: [HLS 200-472] Inferring partial write operation for 't.coeffs' (poly.c:181:20)
INFO: [HLS 200-472] Inferring partial write operation for 'w.coeffs' (poly.c:88:5)
INFO: [HLS 200-472] Inferring partial write operation for 'state.s' (fips202.c:363:5)
INFO: [HLS 200-472] Inferring partial write operation for 'state.s' (fips202.c:417:19)
INFO: [HLS 200-472] Inferring partial write operation for 'state.s' (fips202.c:450:3)
INFO: [HLS 200-472] Inferring partial write operation for 'state.s' (fips202.c:451:3)
INFO: [HLS 200-472] Inferring partial write operation for 'buf' (poly.c:380:7)
INFO: [HLS 200-111] Finished Architecture Synthesis Time (s): cpu = 00:02:37 ; elapsed = 00:02:39 . Memory (MB): peak = 1314.945 ; gain = 910.004 ; free physical = 2428 ; free virtual = 10761
INFO: [HLS 200-10] Starting hardware synthesis ...
INFO: [HLS 200-10] Synthesizing 'crypto_sign' ...
WARNING: [SYN 201-103] Legalizing function name 'keccak_absorb.3199' to 'keccak_absorb_3199'.
WARNING: [SYN 201-103] Legalizing function name 'load64.2' to 'load64_2'.
WARNING: [SYN 201-103] Legalizing function name 'KeccakF1600_StatePer.1' to 'KeccakF1600_StatePer_1'.
WARNING: [SYN 201-103] Legalizing function name 'keccak_absorb.2' to 'keccak_absorb_2'.
WARNING: [SYN 201-103] Legalizing function name 'load64.3' to 'load64_3'.
WARNING: [SYN 201-103] Legalizing function name 'keccak_squeezeblocks.2' to 'keccak_squeezeblocks_2'.
WARNING: [SYN 201-103] Legalizing function name 'keccak_squeezeblocks.1' to 'keccak_squeezeblocks_1'.
WARNING: [SYN 201-103] Legalizing function name 'ntt.1' to 'ntt_1'.
INFO: [HLS 200-10] ----------------------------------------------------------------
INFO: [HLS 200-42] -- Implementing module 'polyeta_unpack' 
INFO: [HLS 200-10] ----------------------------------------------------------------
INFO: [SCHED 204-11] Starting scheduling ...
INFO: [SCHED 204-61] Pipelining function 'polyeta_unpack'.
WARNING: [SCHED 204-69] Unable to schedule 'load' operation ('a_load_417', poly.c:604) on array 'a' due to limited memory ports. Please consider using a memory core with more ports or partitioning the array 'a'.
WARNING: [SCHED 204-69] Unable to schedule 'store' operation ('r_coeffs_addr_389_write_ln614', poly.c:614) of variable 'sext_ln614_16', poly.c:614 on array 'r_coeffs' due to limited memory ports. Please consider using a memory core with more ports or partitioning the array 'r_coeffs'.
INFO: [SCHED 204-61] Pipelining result : Target II = 1, Final II = 128, Depth = 129.
INFO: [SCHED 204-11] Finished scheduling.
INFO: [HLS 200-111]  Elapsed time: 177.38 seconds; current allocated memory: 611.686 MB.
INFO: [BIND 205-100] Starting micro-architecture generation ...
INFO: [BIND 205-101] Performing variable lifetime analysis.
INFO: [BIND 205-101] Exploring resource sharing.
INFO: [BIND 205-101] Binding ...
INFO: [BIND 205-100] Finished micro-architecture generation.
INFO: [HLS 200-111]  Elapsed time: 3.86 seconds; current allocated memory: 619.597 MB.
INFO: [HLS 200-10] ----------------------------------------------------------------
INFO: [HLS 200-42] -- Implementing module 'polyt0_unpack' 
INFO: [HLS 200-10] ----------------------------------------------------------------
INFO: [SCHED 204-11] Starting scheduling ...
INFO: [SCHED 204-61] Pipelining function 'polyt0_unpack'.
WARNING: [SCHED 204-69] Unable to schedule 'load' operation ('a_load_14', poly.c:744) on array 'a' due to limited memory ports. Please consider using a memory core with more ports or partitioning the array 'a'.
INFO: [SCHED 204-61] Pipelining result : Target II = 1, Final II = 208, Depth = 209.
INFO: [SCHED 204-11] Finished scheduling.
INFO: [HLS 200-111]  Elapsed time: 21.6 seconds; current allocated memory: 631.236 MB.
INFO: [BIND 205-100] Starting micro-architecture generation ...
INFO: [BIND 205-101] Performing variable lifetime analysis.
INFO: [BIND 205-101] Exploring resource sharing.
INFO: [BIND 205-101] Binding ...
INFO: [BIND 205-100] Finished micro-architecture generation.
INFO: [HLS 200-111]  Elapsed time: 7.72 seconds; current allocated memory: 646.524 MB.
INFO: [HLS 200-10] ----------------------------------------------------------------
INFO: [HLS 200-42] -- Implementing module 'unpack_sk' 
INFO: [HLS 200-10] ----------------------------------------------------------------
INFO: [SCHED 204-11] Starting scheduling ...
INFO: [SCHED 204-61] Pipelining loop 'Loop 1'.
INFO: [SCHED 204-61] Pipelining result : Target II = 1, Final II = 1, Depth = 2.
INFO: [SCHED 204-61] Pipelining loop 'Loop 2'.
INFO: [SCHED 204-61] Pipelining result : Target II = 1, Final II = 1, Depth = 2.
INFO: [SCHED 204-61] Pipelining loop 'Loop 3'.
INFO: [SCHED 204-61] Pipelining result : Target II = 1, Final II = 1, Depth = 2.
INFO: [SCHED 204-61] Pipelining loop 'Loop 4'.
INFO: [SCHED 204-61] Pipelining result : Target II = 1, Final II = 128, Depth = 130.
INFO: [SCHED 204-61] Pipelining loop 'Loop 5'.
INFO: [SCHED 204-61] Pipelining result : Target II = 1, Final II = 128, Depth = 130.
INFO: [SCHED 204-61] Pipelining loop 'Loop 6'.
INFO: [SCHED 204-61] Pipelining result : Target II = 1, Final II = 208, Depth = 210.
INFO: [SCHED 204-11] Finished scheduling.
INFO: [HLS 200-111]  Elapsed time: 6.2 seconds; current allocated memory: 648.644 MB.
INFO: [BIND 205-100] Starting micro-architecture generation ...
INFO: [BIND 205-101] Performing variable lifetime analysis.
INFO: [BIND 205-101] Exploring resource sharing.
INFO: [BIND 205-101] Binding ...
INFO: [BIND 205-100] Finished micro-architecture generation.
INFO: [HLS 200-111]  Elapsed time: 1.52 seconds; current allocated memory: 652.123 MB.
INFO: [HLS 200-10] ----------------------------------------------------------------
INFO: [HLS 200-42] -- Implementing module 'keccak_absorb_3199' 
INFO: [HLS 200-10] ----------------------------------------------------------------
INFO: [SCHED 204-11] Starting scheduling ...
INFO: [SCHED 204-11] Finished scheduling.
INFO: [HLS 200-111]  Elapsed time: 1.6 seconds; current allocated memory: 653.360 MB.
INFO: [BIND 205-100] Starting micro-architecture generation ...
INFO: [BIND 205-101] Performing variable lifetime analysis.
INFO: [BIND 205-101] Exploring resource sharing.
INFO: [BIND 205-101] Binding ...
INFO: [BIND 205-100] Finished micro-architecture generation.
INFO: [HLS 200-111]  Elapsed time: 0.06 seconds; current allocated memory: 653.506 MB.
INFO: [HLS 200-10] ----------------------------------------------------------------
INFO: [HLS 200-42] -- Implementing module 'load64_2' 
INFO: [HLS 200-10] ----------------------------------------------------------------
INFO: [SCHED 204-11] Starting scheduling ...
INFO: [SCHED 204-11] Finished scheduling.
INFO: [HLS 200-111]  Elapsed time: 0.07 seconds; current allocated memory: 653.613 MB.
INFO: [BIND 205-100] Starting micro-architecture generation ...
INFO: [BIND 205-101] Performing variable lifetime analysis.
INFO: [BIND 205-101] Exploring resource sharing.
INFO: [BIND 205-101] Binding ...
INFO: [BIND 205-100] Finished micro-architecture generation.
INFO: [HLS 200-111]  Elapsed time: 0.04 seconds; current allocated memory: 653.705 MB.
INFO: [HLS 200-10] ----------------------------------------------------------------
INFO: [HLS 200-42] -- Implementing module 'KeccakF1600_StatePer_1' 
INFO: [HLS 200-10] ----------------------------------------------------------------
INFO: [SCHED 204-11] Starting scheduling ...
INFO: [SCHED 204-11] Finished scheduling.
INFO: [HLS 200-111]  Elapsed time: 0.2 seconds; current allocated memory: 655.016 MB.
INFO: [BIND 205-100] Starting micro-architecture generation ...
INFO: [BIND 205-101] Performing variable lifetime analysis.
INFO: [BIND 205-101] Exploring resource sharing.
INFO: [BIND 205-101] Binding ...
INFO: [BIND 205-100] Finished micro-architecture generation.
INFO: [HLS 200-111]  Elapsed time: 0.67 seconds; current allocated memory: 656.989 MB.
INFO: [HLS 200-10] ----------------------------------------------------------------
INFO: [HLS 200-42] -- Implementing module 'keccak_absorb_2' 
INFO: [HLS 200-10] ----------------------------------------------------------------
INFO: [SCHED 204-11] Starting scheduling ...
INFO: [SCHED 204-11] Finished scheduling.
INFO: [HLS 200-111]  Elapsed time: 0.83 seconds; current allocated memory: 657.979 MB.
INFO: [BIND 205-100] Starting micro-architecture generation ...
INFO: [BIND 205-101] Performing variable lifetime analysis.
INFO: [BIND 205-101] Exploring resource sharing.
INFO: [BIND 205-101] Binding ...
INFO: [BIND 205-100] Finished micro-architecture generation.
INFO: [HLS 200-111]  Elapsed time: 0.41 seconds; current allocated memory: 658.975 MB.
INFO: [HLS 200-10] ----------------------------------------------------------------
INFO: [HLS 200-42] -- Implementing module 'KeccakF1600_StatePer' 
INFO: [HLS 200-10] ----------------------------------------------------------------
INFO: [SCHED 204-11] Starting scheduling ...
INFO: [SCHED 204-11] Finished scheduling.
INFO: [HLS 200-111]  Elapsed time: 0.65 seconds; current allocated memory: 660.559 MB.
INFO: [BIND 205-100] Starting micro-architecture generation ...
INFO: [BIND 205-101] Performing variable lifetime analysis.
INFO: [BIND 205-101] Exploring resource sharing.
INFO: [BIND 205-101] Binding ...
INFO: [BIND 205-100] Finished micro-architecture generation.
INFO: [HLS 200-111]  Elapsed time: 0.68 seconds; current allocated memory: 662.548 MB.
INFO: [HLS 200-10] ----------------------------------------------------------------
INFO: [HLS 200-42] -- Implementing module 'load64_3' 
INFO: [HLS 200-10] ----------------------------------------------------------------
INFO: [SCHED 204-11] Starting scheduling ...
INFO: [SCHED 204-11] Finished scheduling.
INFO: [HLS 200-111]  Elapsed time: 0.77 seconds; current allocated memory: 662.962 MB.
INFO: [BIND 205-100] Starting micro-architecture generation ...
INFO: [BIND 205-101] Performing variable lifetime analysis.
INFO: [BIND 205-101] Exploring resource sharing.
INFO: [BIND 205-101] Binding ...
INFO: [BIND 205-100] Finished micro-architecture generation.
INFO: [HLS 200-111]  Elapsed time: 0.05 seconds; current allocated memory: 663.056 MB.
INFO: [HLS 200-10] ----------------------------------------------------------------
INFO: [HLS 200-42] -- Implementing module 'keccak_absorb' 
INFO: [HLS 200-10] ----------------------------------------------------------------
INFO: [SCHED 204-11] Starting scheduling ...
INFO: [SCHED 204-11] Finished scheduling.
INFO: [HLS 200-111]  Elapsed time: 0.1 seconds; current allocated memory: 663.600 MB.
INFO: [BIND 205-100] Starting micro-architecture generation ...
INFO: [BIND 205-101] Performing variable lifetime analysis.
INFO: [BIND 205-101] Exploring resource sharing.
INFO: [BIND 205-101] Binding ...
INFO: [BIND 205-100] Finished micro-architecture generation.
INFO: [HLS 200-111]  Elapsed time: 0.37 seconds; current allocated memory: 664.520 MB.
INFO: [HLS 200-10] ----------------------------------------------------------------
INFO: [HLS 200-42] -- Implementing module 'keccak_squeezeblocks_2' 
INFO: [HLS 200-10] ----------------------------------------------------------------
INFO: [SCHED 204-11] Starting scheduling ...
INFO: [SCHED 204-11] Finished scheduling.
INFO: [HLS 200-111]  Elapsed time: 0.44 seconds; current allocated memory: 664.993 MB.
INFO: [BIND 205-100] Starting micro-architecture generation ...
INFO: [BIND 205-101] Performing variable lifetime analysis.
INFO: [BIND 205-101] Exploring resource sharing.
INFO: [BIND 205-101] Binding ...
INFO: [BIND 205-100] Finished micro-architecture generation.
INFO: [HLS 200-111]  Elapsed time: 0.11 seconds; current allocated memory: 665.214 MB.
INFO: [HLS 200-10] ----------------------------------------------------------------
INFO: [HLS 200-42] -- Implementing module 'rej_uniform' 
INFO: [HLS 200-10] ----------------------------------------------------------------
INFO: [SCHED 204-11] Starting scheduling ...
INFO: [SCHED 204-11] Finished scheduling.
INFO: [HLS 200-111]  Elapsed time: 0.25 seconds; current allocated memory: 665.660 MB.
INFO: [BIND 205-100] Starting micro-architecture generation ...
INFO: [BIND 205-101] Performing variable lifetime analysis.
INFO: [BIND 205-101] Exploring resource sharing.
INFO: [BIND 205-101] Binding ...
INFO: [BIND 205-100] Finished micro-architecture generation.
INFO: [HLS 200-111]  Elapsed time: 0.07 seconds; current allocated memory: 665.850 MB.
INFO: [HLS 200-10] ----------------------------------------------------------------
INFO: [HLS 200-42] -- Implementing module 'poly_uniform' 
INFO: [HLS 200-10] ----------------------------------------------------------------
INFO: [SCHED 204-11] Starting scheduling ...
INFO: [SCHED 204-11] Finished scheduling.
INFO: [HLS 200-111]  Elapsed time: 0.11 seconds; current allocated memory: 666.274 MB.
INFO: [BIND 205-100] Starting micro-architecture generation ...
INFO: [BIND 205-101] Performing variable lifetime analysis.
INFO: [BIND 205-101] Exploring resource sharing.
INFO: [BIND 205-101] Binding ...
INFO: [BIND 205-100] Finished micro-architecture generation.
INFO: [HLS 200-111]  Elapsed time: 0.59 seconds; current allocated memory: 667.314 MB.
INFO: [HLS 200-10] ----------------------------------------------------------------
INFO: [HLS 200-42] -- Implementing module 'ntt' 
INFO: [HLS 200-10] ----------------------------------------------------------------
INFO: [SCHED 204-11] Starting scheduling ...
INFO: [SCHED 204-11] Finished scheduling.
INFO: [HLS 200-111]  Elapsed time: 0.57 seconds; current allocated memory: 668.352 MB.
INFO: [BIND 205-100] Starting micro-architecture generation ...
INFO: [BIND 205-101] Performing variable lifetime analysis.
INFO: [BIND 205-101] Exploring resource sharing.
INFO: [BIND 205-101] Binding ...
INFO: [BIND 205-100] Finished micro-architecture generation.
INFO: [HLS 200-111]  Elapsed time: 0.11 seconds; current allocated memory: 668.609 MB.
INFO: [HLS 200-10] ----------------------------------------------------------------
INFO: [HLS 200-42] -- Implementing module 'keccak_squeezeblocks_1' 
INFO: [HLS 200-10] ----------------------------------------------------------------
INFO: [SCHED 204-11] Starting scheduling ...
INFO: [SCHED 204-11] Finished scheduling.
INFO: [HLS 200-111]  Elapsed time: 0.12 seconds; current allocated memory: 668.747 MB.
INFO: [BIND 205-100] Starting micro-architecture generation ...
INFO: [BIND 205-101] Performing variable lifetime analysis.
INFO: [BIND 205-101] Exploring resource sharing.
INFO: [BIND 205-101] Binding ...
INFO: [BIND 205-100] Finished micro-architecture generation.
INFO: [HLS 200-111]  Elapsed time: 0.12 seconds; current allocated memory: 668.945 MB.
INFO: [HLS 200-10] ----------------------------------------------------------------
INFO: [HLS 200-42] -- Implementing module 'polyvecl_uniform_gam' 
INFO: [HLS 200-10] ----------------------------------------------------------------
INFO: [SCHED 204-11] Starting scheduling ...
INFO: [SCHED 204-11] Finished scheduling.
INFO: [HLS 200-111]  Elapsed time: 0.28 seconds; current allocated memory: 669.760 MB.
INFO: [BIND 205-100] Starting micro-architecture generation ...
INFO: [BIND 205-101] Performing variable lifetime analysis.
INFO: [BIND 205-101] Exploring resource sharing.
INFO: [BIND 205-101] Binding ...
INFO: [BIND 205-100] Finished micro-architecture generation.
INFO: [HLS 200-111]  Elapsed time: 0.5 seconds; current allocated memory: 670.748 MB.
INFO: [HLS 200-10] ----------------------------------------------------------------
INFO: [HLS 200-42] -- Implementing module 'polyvecl_pointwise_a' 
INFO: [HLS 200-10] ----------------------------------------------------------------
INFO: [SCHED 204-11] Starting scheduling ...
INFO: [SCHED 204-11] Finished scheduling.
INFO: [HLS 200-111]  Elapsed time: 0.66 seconds; current allocated memory: 671.644 MB.
INFO: [BIND 205-100] Starting micro-architecture generation ...
INFO: [BIND 205-101] Performing variable lifetime analysis.
INFO: [BIND 205-101] Exploring resource sharing.
INFO: [BIND 205-101] Binding ...
INFO: [BIND 205-100] Finished micro-architecture generation.
INFO: [HLS 200-111]  Elapsed time: 0.14 seconds; current allocated memory: 672.019 MB.
INFO: [HLS 200-10] ----------------------------------------------------------------
INFO: [HLS 200-42] -- Implementing module 'polyveck_reduce' 
INFO: [HLS 200-10] ----------------------------------------------------------------
INFO: [SCHED 204-11] Starting scheduling ...
INFO: [SCHED 204-11] Finished scheduling.
INFO: [HLS 200-111]  Elapsed time: 0.16 seconds; current allocated memory: 672.165 MB.
INFO: [BIND 205-100] Starting micro-architecture generation ...
INFO: [BIND 205-101] Performing variable lifetime analysis.
INFO: [BIND 205-101] Exploring resource sharing.
INFO: [BIND 205-101] Binding ...
INFO: [BIND 205-100] Finished micro-architecture generation.
INFO: [HLS 200-111]  Elapsed time: 0.05 seconds; current allocated memory: 672.282 MB.
INFO: [HLS 200-10] ----------------------------------------------------------------
INFO: [HLS 200-42] -- Implementing module 'invntt_tomont' 
INFO: [HLS 200-10] ----------------------------------------------------------------
INFO: [SCHED 204-11] Starting scheduling ...
INFO: [SCHED 204-11] Finished scheduling.
INFO: [HLS 200-111]  Elapsed time: 0.08 seconds; current allocated memory: 672.580 MB.
INFO: [BIND 205-100] Starting micro-architecture generation ...
INFO: [BIND 205-101] Performing variable lifetime analysis.
INFO: [BIND 205-101] Exploring resource sharing.
INFO: [BIND 205-101] Binding ...
INFO: [BIND 205-100] Finished micro-architecture generation.
INFO: [HLS 200-111]  Elapsed time: 0.14 seconds; current allocated memory: 672.909 MB.
INFO: [HLS 200-10] ----------------------------------------------------------------
INFO: [HLS 200-42] -- Implementing module 'polyveck_invntt_tomo' 
INFO: [HLS 200-10] ----------------------------------------------------------------
INFO: [SCHED 204-11] Starting scheduling ...
INFO: [SCHED 204-11] Finished scheduling.
INFO: [HLS 200-111]  Elapsed time: 0.17 seconds; current allocated memory: 672.979 MB.
INFO: [BIND 205-100] Starting micro-architecture generation ...
INFO: [BIND 205-101] Performing variable lifetime analysis.
INFO: [BIND 205-101] Exploring resource sharing.
INFO: [BIND 205-101] Binding ...
INFO: [BIND 205-100] Finished micro-architecture generation.
INFO: [HLS 200-111]  Elapsed time: 0.04 seconds; current allocated memory: 673.035 MB.
INFO: [HLS 200-10] ----------------------------------------------------------------
INFO: [HLS 200-42] -- Implementing module 'polyveck_caddq' 
INFO: [HLS 200-10] ----------------------------------------------------------------
INFO: [SCHED 204-11] Starting scheduling ...
INFO: [SCHED 204-11] Finished scheduling.
INFO: [HLS 200-111]  Elapsed time: 0.06 seconds; current allocated memory: 673.246 MB.
INFO: [BIND 205-100] Starting micro-architecture generation ...
INFO: [BIND 205-101] Performing variable lifetime analysis.
INFO: [BIND 205-101] Exploring resource sharing.
INFO: [BIND 205-101] Binding ...
INFO: [BIND 205-100] Finished micro-architecture generation.
INFO: [HLS 200-111]  Elapsed time: 0.05 seconds; current allocated memory: 673.355 MB.
INFO: [HLS 200-10] ----------------------------------------------------------------
INFO: [HLS 200-42] -- Implementing module 'polyveck_pack_w1' 
INFO: [HLS 200-10] ----------------------------------------------------------------
INFO: [SCHED 204-11] Starting scheduling ...
INFO: [SCHED 204-11] Finished scheduling.
INFO: [HLS 200-111]  Elapsed time: 0.06 seconds; current allocated memory: 673.576 MB.
INFO: [BIND 205-100] Starting micro-architecture generation ...
INFO: [BIND 205-101] Performing variable lifetime analysis.
INFO: [BIND 205-101] Exploring resource sharing.
INFO: [BIND 205-101] Binding ...
INFO: [BIND 205-100] Finished micro-architecture generation.
INFO: [HLS 200-111]  Elapsed time: 0.11 seconds; current allocated memory: 673.853 MB.
INFO: [HLS 200-10] ----------------------------------------------------------------
INFO: [HLS 200-42] -- Implementing module 'keccak_squeezeblocks' 
INFO: [HLS 200-10] ----------------------------------------------------------------
INFO: [SCHED 204-11] Starting scheduling ...
INFO: [SCHED 204-11] Finished scheduling.
INFO: [HLS 200-111]  Elapsed time: 0.12 seconds; current allocated memory: 674.021 MB.
INFO: [BIND 205-100] Starting micro-architecture generation ...
INFO: [BIND 205-101] Performing variable lifetime analysis.
INFO: [BIND 205-101] Exploring resource sharing.
INFO: [BIND 205-101] Binding ...
INFO: [BIND 205-100] Finished micro-architecture generation.
INFO: [HLS 200-111]  Elapsed time: 0.11 seconds; current allocated memory: 674.215 MB.
INFO: [HLS 200-10] ----------------------------------------------------------------
INFO: [HLS 200-42] -- Implementing module 'poly_challenge' 
INFO: [HLS 200-10] ----------------------------------------------------------------
INFO: [SCHED 204-11] Starting scheduling ...
INFO: [SCHED 204-11] Finished scheduling.
INFO: [HLS 200-111]  Elapsed time: 0.25 seconds; current allocated memory: 674.751 MB.
INFO: [BIND 205-100] Starting micro-architecture generation ...
INFO: [BIND 205-101] Performing variable lifetime analysis.
INFO: [BIND 205-101] Exploring resource sharing.
INFO: [BIND 205-101] Binding ...
INFO: [BIND 205-100] Finished micro-architecture generation.
INFO: [HLS 200-111]  Elapsed time: 0.39 seconds; current allocated memory: 675.445 MB.
INFO: [HLS 200-10] ----------------------------------------------------------------
INFO: [HLS 200-42] -- Implementing module 'ntt_1' 
INFO: [HLS 200-10] ----------------------------------------------------------------
INFO: [SCHED 204-11] Starting scheduling ...
INFO: [SCHED 204-11] Finished scheduling.
INFO: [HLS 200-111]  Elapsed time: 0.55 seconds; current allocated memory: 676.199 MB.
INFO: [BIND 205-100] Starting micro-architecture generation ...
INFO: [BIND 205-101] Performing variable lifetime analysis.
INFO: [BIND 205-101] Exploring resource sharing.
INFO: [BIND 205-101] Binding ...
INFO: [BIND 205-100] Finished micro-architecture generation.
INFO: [HLS 200-111]  Elapsed time: 0.1 seconds; current allocated memory: 676.434 MB.
INFO: [HLS 200-10] ----------------------------------------------------------------
INFO: [HLS 200-42] -- Implementing module 'polyveck_pointwise_p' 
INFO: [HLS 200-10] ----------------------------------------------------------------
INFO: [SCHED 204-11] Starting scheduling ...
INFO: [SCHED 204-11] Finished scheduling.
INFO: [HLS 200-111]  Elapsed time: 0.14 seconds; current allocated memory: 676.661 MB.
INFO: [BIND 205-100] Starting micro-architecture generation ...
INFO: [BIND 205-101] Performing variable lifetime analysis.
INFO: [BIND 205-101] Exploring resource sharing.
INFO: [BIND 205-101] Binding ...
INFO: [BIND 205-100] Finished micro-architecture generation.
INFO: [HLS 200-111]  Elapsed time: 0.07 seconds; current allocated memory: 676.803 MB.
INFO: [HLS 200-10] ----------------------------------------------------------------
INFO: [HLS 200-42] -- Implementing module 'polyveck_chknorm' 
INFO: [HLS 200-10] ----------------------------------------------------------------
INFO: [SCHED 204-11] Starting scheduling ...
INFO: [SCHED 204-11] Finished scheduling.
INFO: [HLS 200-111]  Elapsed time: 0.08 seconds; current allocated memory: 676.924 MB.
INFO: [BIND 205-100] Starting micro-architecture generation ...
INFO: [BIND 205-101] Performing variable lifetime analysis.
INFO: [BIND 205-101] Exploring resource sharing.
INFO: [BIND 205-101] Binding ...
INFO: [BIND 205-100] Finished micro-architecture generation.
INFO: [HLS 200-111]  Elapsed time: 0.06 seconds; current allocated memory: 677.070 MB.
INFO: [HLS 200-10] ----------------------------------------------------------------
INFO: [HLS 200-42] -- Implementing module 'polyz_pack' 
INFO: [HLS 200-10] ----------------------------------------------------------------
INFO: [SCHED 204-11] Starting scheduling ...
INFO: [SCHED 204-61] Pipelining function 'polyz_pack'.
WARNING: [SCHED 204-69] Unable to schedule 'load' operation ('a_coeffs_load_2', poly.c:807) on array 'a_coeffs' due to limited memory ports. Please consider using a memory core with more ports or partitioning the array 'a_coeffs'.
WARNING: [SCHED 204-69] Unable to schedule 'store' operation ('r_addr_260_write_ln821', poly.c:821) of variable 'trunc_ln821_27', poly.c:821 on array 'r' due to limited memory ports. Please consider using a memory core with more ports or partitioning the array 'r'.
INFO: [SCHED 204-61] Unable to satisfy pipeline directive: Unable to pipeline the region.
INFO: [SCHED 204-11] Finished scheduling.
INFO: [HLS 200-111]  Elapsed time: 62 seconds; current allocated memory: 688.026 MB.
INFO: [BIND 205-100] Starting micro-architecture generation ...
INFO: [BIND 205-101] Performing variable lifetime analysis.
INFO: [BIND 205-101] Exploring resource sharing.
INFO: [BIND 205-101] Binding ...
INFO: [BIND 205-100] Finished micro-architecture generation.
INFO: [HLS 200-111]  Elapsed time: 8.67 seconds; current allocated memory: 702.697 MB.
INFO: [HLS 200-10] ----------------------------------------------------------------
INFO: [HLS 200-42] -- Implementing module 'pack_sig' 
INFO: [HLS 200-10] ----------------------------------------------------------------
INFO: [SCHED 204-11] Starting scheduling ...
WARNING: [SCHED 204-67] Unable to satisfy pipeline directive: subfunction 'polyz_pack' is not pipelined.
INFO: [SCHED 204-61] Pipelining loop 'Loop 2'.
INFO: [SCHED 204-61] Pipelining result : Target II = 1, Final II = 1, Depth = 1.
INFO: [SCHED 204-61] Pipelining loop 'Loop 3'.
WARNING: [SCHED 204-68] The II Violation in module 'pack_sig' (Loop: Loop 3): Unable to enforce a carried dependence constraint (II = 1, distance = 1, offset = 1)
   between 'store' operation ('c_addr_2_write_ln210', packing.c:210) of constant 1 on array 'sig' and 'store' operation ('c_addr_1_write_ln210', packing.c:210) of constant 0 on array 'sig'.
WARNING: [SCHED 204-68] The II Violation in module 'pack_sig' (Loop: Loop 3): Unable to enforce a carried dependence constraint (II = 2, distance = 1, offset = 1)
   between 'store' operation ('c_addr_3_write_ln210', packing.c:210) of constant 2 on array 'sig' and 'store' operation ('c_addr_1_write_ln210', packing.c:210) of constant 0 on array 'sig'.
WARNING: [SCHED 204-68] The II Violation in module 'pack_sig' (Loop: Loop 3): Unable to enforce a carried dependence constraint (II = 3, distance = 1, offset = 1)
   between 'store' operation ('c_addr_4_write_ln210', packing.c:210) of constant 3 on array 'sig' and 'store' operation ('c_addr_1_write_ln210', packing.c:210) of constant 0 on array 'sig'.
WARNING: [SCHED 204-68] The II Violation in module 'pack_sig' (Loop: Loop 3): Unable to enforce a carried dependence constraint (II = 4, distance = 1, offset = 1)
   between 'store' operation ('c_addr_5_write_ln210', packing.c:210) of constant 4 on array 'sig' and 'store' operation ('c_addr_1_write_ln210', packing.c:210) of constant 0 on array 'sig'.
WARNING: [SCHED 204-68] The II Violation in module 'pack_sig' (Loop: Loop 3): Unable to enforce a carried dependence constraint (II = 130, distance = 1, offset = 1)
   between 'store' operation ('c_addr_131_write_ln210', packing.c:210) of constant 130 on array 'sig' and 'store' operation ('c_addr_1_write_ln210', packing.c:210) of constant 0 on array 'sig'.
WARNING: [SCHED 204-68] The II Violation in module 'pack_sig' (Loop: Loop 3): Unable to enforce a carried dependence constraint (II = 193, distance = 1, offset = 1)
   between 'store' operation ('c_addr_194_write_ln210', packing.c:210) of constant 193 on array 'sig' and 'store' operation ('c_addr_1_write_ln210', packing.c:210) of constant 0 on array 'sig'.
WARNING: [SCHED 204-68] The II Violation in module 'pack_sig' (Loop: Loop 3): Unable to enforce a carried dependence constraint (II = 225, distance = 1, offset = 1)
   between 'store' operation ('c_addr_226_write_ln210', packing.c:210) of constant 225 on array 'sig' and 'store' operation ('c_addr_1_write_ln210', packing.c:210) of constant 0 on array 'sig'.
WARNING: [SCHED 204-68] The II Violation in module 'pack_sig' (Loop: Loop 3): Unable to enforce a carried dependence constraint (II = 241, distance = 1, offset = 1)
   between 'store' operation ('c_addr_242_write_ln210', packing.c:210) of constant 241 on array 'sig' and 'store' operation ('c_addr_1_write_ln210', packing.c:210) of constant 0 on array 'sig'.
WARNING: [SCHED 204-68] The II Violation in module 'pack_sig' (Loop: Loop 3): Unable to enforce a carried dependence constraint (II = 249, distance = 1, offset = 1)
   between 'store' operation ('c_addr_250_write_ln210', packing.c:210) of constant 249 on array 'sig' and 'store' operation ('c_addr_1_write_ln210', packing.c:210) of constant 0 on array 'sig'.
WARNING: [SCHED 204-68] The II Violation in module 'pack_sig' (Loop: Loop 3): Unable to enforce a carried dependence constraint (II = 253, distance = 1, offset = 1)
   between 'store' operation ('c_addr_254_write_ln210', packing.c:210) of constant 253 on array 'sig' and 'store' operation ('c_addr_1_write_ln210', packing.c:210) of constant 0 on array 'sig'.
WARNING: [SCHED 204-68] The II Violation in module 'pack_sig' (Loop: Loop 3): Unable to enforce a carried dependence constraint (II = 255, distance = 1, offset = 1)
   between 'store' operation ('c_addr_256_write_ln210', packing.c:210) of constant 255 on array 'sig' and 'store' operation ('c_addr_1_write_ln210', packing.c:210) of constant 0 on array 'sig'.
WARNING: [SCHED 204-68] The II Violation in module 'pack_sig' (Loop: Loop 3): Unable to enforce a carried dependence constraint (II = 256, distance = 1, offset = 1)
   between 'store' operation ('c_addr_257_write_ln212', packing.c:212) of variable 'trunc_ln212', packing.c:212 on array 'sig' and 'store' operation ('c_addr_1_write_ln210', packing.c:210) of constant 0 on array 'sig'.
INFO: [SCHED 204-61] Unable to satisfy pipeline directive: Unable to pipeline the region.
INFO: [SCHED 204-11] Finished scheduling.
INFO: [HLS 200-111]  Elapsed time: 20.21 seconds; current allocated memory: 719.259 MB.
INFO: [BIND 205-100] Starting micro-architecture generation ...
INFO: [BIND 205-101] Performing variable lifetime analysis.
INFO: [BIND 205-101] Exploring resource sharing.
INFO: [BIND 205-101] Binding ...
INFO: [BIND 205-100] Finished micro-architecture generation.
INFO: [HLS 200-111]  Elapsed time: 7.07 seconds; current allocated memory: 732.964 MB.
INFO: [HLS 200-10] ----------------------------------------------------------------
INFO: [HLS 200-42] -- Implementing module 'crypto_sign_signatur' 
INFO: [HLS 200-10] ----------------------------------------------------------------
INFO: [SCHED 204-11] Starting scheduling ...
INFO: [SCHED 204-11] Finished scheduling.
INFO: [HLS 200-111]  Elapsed time: 6.55 seconds; current allocated memory: 736.359 MB.
INFO: [BIND 205-100] Starting micro-architecture generation ...
INFO: [BIND 205-101] Performing variable lifetime analysis.
INFO: [BIND 205-101] Exploring resource sharing.
INFO: [BIND 205-101] Binding ...
INFO: [BIND 205-100] Finished micro-architecture generation.
INFO: [HLS 200-111]  Elapsed time: 11.24 seconds; current allocated memory: 751.021 MB.
INFO: [HLS 200-10] ----------------------------------------------------------------
INFO: [HLS 200-42] -- Implementing module 'crypto_sign' 
INFO: [HLS 200-10] ----------------------------------------------------------------
INFO: [SCHED 204-11] Starting scheduling ...
INFO: [SCHED 204-11] Finished scheduling.
INFO: [HLS 200-111]  Elapsed time: 4.99 seconds; current allocated memory: 756.196 MB.
INFO: [BIND 205-100] Starting micro-architecture generation ...
INFO: [BIND 205-101] Performing variable lifetime analysis.
INFO: [BIND 205-101] Exploring resource sharing.
INFO: [BIND 205-101] Binding ...
INFO: [BIND 205-100] Finished micro-architecture generation.
INFO: [HLS 200-111]  Elapsed time: 1.5 seconds; current allocated memory: 758.009 MB.
INFO: [HLS 200-10] ----------------------------------------------------------------
INFO: [HLS 200-10] -- Generating RTL for module 'polyeta_unpack' 
INFO: [HLS 200-10] ----------------------------------------------------------------
INFO: [RTGEN 206-100] Finished creating RTL model for 'polyeta_unpack'.
INFO: [HLS 200-111]  Elapsed time: 4.61 seconds; current allocated memory: 776.996 MB.
INFO: [HLS 200-10] ----------------------------------------------------------------
INFO: [HLS 200-10] -- Generating RTL for module 'polyt0_unpack' 
INFO: [HLS 200-10] ----------------------------------------------------------------
INFO: [RTGEN 206-100] Finished creating RTL model for 'polyt0_unpack'.
INFO: [HLS 200-111]  Elapsed time: 5.81 seconds; current allocated memory: 838.628 MB.
INFO: [HLS 200-10] ----------------------------------------------------------------
INFO: [HLS 200-10] -- Generating RTL for module 'unpack_sk' 
INFO: [HLS 200-10] ----------------------------------------------------------------
INFO: [RTGEN 206-100] Finished creating RTL model for 'unpack_sk'.
INFO: [HLS 200-111]  Elapsed time: 11.14 seconds; current allocated memory: 912.543 MB.
INFO: [HLS 200-10] ----------------------------------------------------------------
INFO: [HLS 200-10] -- Generating RTL for module 'keccak_absorb_3199' 
INFO: [HLS 200-10] ----------------------------------------------------------------
INFO: [RTGEN 206-100] Finished creating RTL model for 'keccak_absorb_3199'.
INFO: [HLS 200-111]  Elapsed time: 2.45 seconds; current allocated memory: 915.827 MB.
INFO: [HLS 200-10] ----------------------------------------------------------------
INFO: [HLS 200-10] -- Generating RTL for module 'load64_2' 
INFO: [HLS 200-10] ----------------------------------------------------------------
INFO: [RTGEN 206-100] Finished creating RTL model for 'load64_2'.
INFO: [HLS 200-111]  Elapsed time: 0.7 seconds; current allocated memory: 916.687 MB.
INFO: [HLS 200-10] ----------------------------------------------------------------
INFO: [HLS 200-10] -- Generating RTL for module 'KeccakF1600_StatePer_1' 
INFO: [HLS 200-10] ----------------------------------------------------------------
INFO: [SYN 201-210] Renamed object name 'KeccakF1600_StatePer_1_KeccakF_RoundConstan' to 'KeccakF1600_Statebkb' due to the length limit 20
INFO: [RTGEN 206-100] Finished creating RTL model for 'KeccakF1600_StatePer_1'.
INFO: [HLS 200-111]  Elapsed time: 0.76 seconds; current allocated memory: 920.236 MB.
INFO: [HLS 200-10] ----------------------------------------------------------------
INFO: [HLS 200-10] -- Generating RTL for module 'keccak_absorb_2' 
INFO: [HLS 200-10] ----------------------------------------------------------------
INFO: [RTGEN 206-100] Finished creating RTL model for 'keccak_absorb_2'.
INFO: [HLS 200-111]  Elapsed time: 1.97 seconds; current allocated memory: 930.029 MB.
INFO: [HLS 200-10] ----------------------------------------------------------------
INFO: [HLS 200-10] -- Generating RTL for module 'KeccakF1600_StatePer' 
INFO: [HLS 200-10] ----------------------------------------------------------------
INFO: [SYN 201-210] Renamed object name 'KeccakF1600_StatePer_KeccakF_RoundConstan' to 'KeccakF1600_Statecud' due to the length limit 20
INFO: [RTGEN 206-100] Finished creating RTL model for 'KeccakF1600_StatePer'.
INFO: [HLS 200-111]  Elapsed time: 1.37 seconds; current allocated memory: 937.214 MB.
INFO: [HLS 200-10] ----------------------------------------------------------------
INFO: [HLS 200-10] -- Generating RTL for module 'load64_3' 
INFO: [HLS 200-10] ----------------------------------------------------------------
INFO: [RTGEN 206-100] Finished creating RTL model for 'load64_3'.
INFO: [HLS 200-111]  Elapsed time: 1.77 seconds; current allocated memory: 945.833 MB.
INFO: [HLS 200-10] ----------------------------------------------------------------
INFO: [HLS 200-10] -- Generating RTL for module 'keccak_absorb' 
INFO: [HLS 200-10] ----------------------------------------------------------------
INFO: [RTGEN 206-100] Finished creating RTL model for 'keccak_absorb'.
INFO: [HLS 200-111]  Elapsed time: 0.77 seconds; current allocated memory: 947.541 MB.
INFO: [HLS 200-10] ----------------------------------------------------------------
INFO: [HLS 200-10] -- Generating RTL for module 'keccak_squeezeblocks_2' 
INFO: [HLS 200-10] ----------------------------------------------------------------
INFO: [RTGEN 206-100] Finished creating RTL model for 'keccak_squeezeblocks_2'.
INFO: [HLS 200-111]  Elapsed time: 1.27 seconds; current allocated memory: 951.641 MB.
INFO: [HLS 200-10] ----------------------------------------------------------------
INFO: [HLS 200-10] -- Generating RTL for module 'rej_uniform' 
INFO: [HLS 200-10] ----------------------------------------------------------------
INFO: [RTGEN 206-100] Finished creating RTL model for 'rej_uniform'.
INFO: [HLS 200-111]  Elapsed time: 0.96 seconds; current allocated memory: 953.006 MB.
INFO: [HLS 200-10] ----------------------------------------------------------------
INFO: [HLS 200-10] -- Generating RTL for module 'poly_uniform' 
INFO: [HLS 200-10] ----------------------------------------------------------------
INFO: [SYN 201-210] Renamed object name 'poly_uniform_state_s' to 'poly_uniform_statdEe' due to the length limit 20
INFO: [SYN 201-210] Renamed object name 'crypto_sign_urem_9s_3ns_9_13_seq_1' to 'crypto_sign_urem_eOg' due to the length limit 20
INFO: [RTGEN 206-100] Generating core module 'crypto_sign_urem_eOg': 1 instance(s).
INFO: [RTGEN 206-100] Finished creating RTL model for 'poly_uniform'.
INFO: [HLS 200-111]  Elapsed time: 0.83 seconds; current allocated memory: 954.833 MB.
INFO: [HLS 200-10] ----------------------------------------------------------------
INFO: [HLS 200-10] -- Generating RTL for module 'ntt' 
INFO: [HLS 200-10] ----------------------------------------------------------------
INFO: [RTGEN 206-100] Finished creating RTL model for 'ntt'.
INFO: [HLS 200-111]  Elapsed time: 1.35 seconds; current allocated memory: 957.903 MB.
INFO: [HLS 200-10] ----------------------------------------------------------------
INFO: [HLS 200-10] -- Generating RTL for module 'keccak_squeezeblocks_1' 
INFO: [HLS 200-10] ----------------------------------------------------------------
INFO: [RTGEN 206-100] Finished creating RTL model for 'keccak_squeezeblocks_1'.
INFO: [HLS 200-111]  Elapsed time: 0.91 seconds; current allocated memory: 959.472 MB.
INFO: [HLS 200-10] ----------------------------------------------------------------
INFO: [HLS 200-10] -- Generating RTL for module 'polyvecl_uniform_gam' 
INFO: [HLS 200-10] ----------------------------------------------------------------
INFO: [SYN 201-210] Renamed object name 'polyvecl_uniform_gam_buf' to 'polyvecl_uniform_fYi' due to the length limit 20
INFO: [SYN 201-210] Renamed object name 'polyvecl_uniform_gam_state_s' to 'polyvecl_uniform_g8j' due to the length limit 20
INFO: [RTGEN 206-100] Finished creating RTL model for 'polyvecl_uniform_gam'.
INFO: [HLS 200-111]  Elapsed time: 0.99 seconds; current allocated memory: 961.636 MB.
INFO: [HLS 200-10] ----------------------------------------------------------------
INFO: [HLS 200-10] -- Generating RTL for module 'polyvecl_pointwise_a' 
INFO: [HLS 200-10] ----------------------------------------------------------------
INFO: [SYN 201-210] Renamed object name 'polyvecl_pointwise_a_t_coeffs' to 'polyvecl_pointwishbi' due to the length limit 20
INFO: [RTGEN 206-100] Finished creating RTL model for 'polyvecl_pointwise_a'.
INFO: [HLS 200-111]  Elapsed time: 1.53 seconds; current allocated memory: 965.663 MB.
INFO: [HLS 200-10] ----------------------------------------------------------------
INFO: [HLS 200-10] -- Generating RTL for module 'polyveck_reduce' 
INFO: [HLS 200-10] ----------------------------------------------------------------
INFO: [SYN 201-210] Renamed object name 'crypto_sign_mac_muladd_9s_24s_32ns_32_1_1' to 'crypto_sign_mac_mibs' due to the length limit 20
INFO: [RTGEN 206-100] Generating core module 'crypto_sign_mac_mibs': 1 instance(s).
INFO: [RTGEN 206-100] Finished creating RTL model for 'polyveck_reduce'.
INFO: [HLS 200-111]  Elapsed time: 0.94 seconds; current allocated memory: 967.450 MB.
INFO: [HLS 200-10] ----------------------------------------------------------------
INFO: [HLS 200-10] -- Generating RTL for module 'invntt_tomont' 
INFO: [HLS 200-10] ----------------------------------------------------------------
INFO: [RTGEN 206-100] Finished creating RTL model for 'invntt_tomont'.
INFO: [HLS 200-111]  Elapsed time: 0.8 seconds; current allocated memory: 968.603 MB.
INFO: [HLS 200-10] ----------------------------------------------------------------
INFO: [HLS 200-10] -- Generating RTL for module 'polyveck_invntt_tomo' 
INFO: [HLS 200-10] ----------------------------------------------------------------
INFO: [RTGEN 206-100] Finished creating RTL model for 'polyveck_invntt_tomo'.
INFO: [HLS 200-111]  Elapsed time: 0.94 seconds; current allocated memory: 970.353 MB.
INFO: [HLS 200-10] ----------------------------------------------------------------
INFO: [HLS 200-10] -- Generating RTL for module 'polyveck_caddq' 
INFO: [HLS 200-10] ----------------------------------------------------------------
INFO: [RTGEN 206-100] Finished creating RTL model for 'polyveck_caddq'.
INFO: [HLS 200-111]  Elapsed time: 0.8 seconds; current allocated memory: 970.826 MB.
INFO: [HLS 200-10] ----------------------------------------------------------------
INFO: [HLS 200-10] -- Generating RTL for module 'polyveck_pack_w1' 
INFO: [HLS 200-10] ----------------------------------------------------------------
INFO: [RTGEN 206-100] Finished creating RTL model for 'polyveck_pack_w1'.
INFO: [HLS 200-111]  Elapsed time: 0.89 seconds; current allocated memory: 971.817 MB.
INFO: [HLS 200-10] ----------------------------------------------------------------
INFO: [HLS 200-10] -- Generating RTL for module 'keccak_squeezeblocks' 
INFO: [HLS 200-10] ----------------------------------------------------------------
INFO: [RTGEN 206-100] Finished creating RTL model for 'keccak_squeezeblocks'.
INFO: [HLS 200-111]  Elapsed time: 0.91 seconds; current allocated memory: 973.385 MB.
INFO: [HLS 200-10] ----------------------------------------------------------------
INFO: [HLS 200-10] -- Generating RTL for module 'poly_challenge' 
INFO: [HLS 200-10] ----------------------------------------------------------------
INFO: [SYN 201-210] Renamed object name 'poly_challenge_state_s' to 'poly_challenge_stjbC' due to the length limit 20
INFO: [RTGEN 206-100] Finished creating RTL model for 'poly_challenge'.
INFO: [HLS 200-111]  Elapsed time: 1 seconds; current allocated memory: 975.109 MB.
INFO: [HLS 200-10] ----------------------------------------------------------------
INFO: [HLS 200-10] -- Generating RTL for module 'ntt_1' 
INFO: [HLS 200-10] ----------------------------------------------------------------
INFO: [RTGEN 206-100] Finished creating RTL model for 'ntt_1'.
INFO: [HLS 200-111]  Elapsed time: 1.34 seconds; current allocated memory: 977.695 MB.
INFO: [HLS 200-10] ----------------------------------------------------------------
INFO: [HLS 200-10] -- Generating RTL for module 'polyveck_pointwise_p' 
INFO: [HLS 200-10] ----------------------------------------------------------------
INFO: [RTGEN 206-100] Finished creating RTL model for 'polyveck_pointwise_p'.
INFO: [HLS 200-111]  Elapsed time: 0.89 seconds; current allocated memory: 979.050 MB.
INFO: [HLS 200-10] ----------------------------------------------------------------
INFO: [HLS 200-10] -- Generating RTL for module 'polyveck_chknorm' 
INFO: [HLS 200-10] ----------------------------------------------------------------
INFO: [RTGEN 206-100] Finished creating RTL model for 'polyveck_chknorm'.
INFO: [HLS 200-111]  Elapsed time: 0.85 seconds; current allocated memory: 980.007 MB.
INFO: [HLS 200-10] ----------------------------------------------------------------
INFO: [HLS 200-10] -- Generating RTL for module 'polyz_pack' 
INFO: [HLS 200-10] ----------------------------------------------------------------
INFO: [RTGEN 206-100] Finished creating RTL model for 'polyz_pack'.
INFO: [HLS 200-111]  Elapsed time: 2.01 seconds; current allocated memory: 1005.807 MB.
INFO: [HLS 200-10] ----------------------------------------------------------------
INFO: [HLS 200-10] -- Generating RTL for module 'pack_sig' 
INFO: [HLS 200-10] ----------------------------------------------------------------
INFO: [RTGEN 206-104] Estimated max fanout for 'pack_sig' is 8192, found 2 HDL expressions with this fanout: (grp_fu_8095_p2 == 1'd0), (grp_fu_8095_p2 == 1'd1)
INFO: [RTGEN 206-100] Finished creating RTL model for 'pack_sig'.
INFO: [HLS 200-111]  Elapsed time: 10.82 seconds; current allocated memory: 1.064 GB.
INFO: [HLS 200-10] ----------------------------------------------------------------
INFO: [HLS 200-10] -- Generating RTL for module 'crypto_sign_signatur' 
INFO: [HLS 200-10] ----------------------------------------------------------------
INFO: [SYN 201-210] Renamed object name 'crypto_sign_signatur_state_0_s' to 'crypto_sign_signakbM' due to the length limit 20
INFO: [SYN 201-210] Renamed object name 'crypto_sign_signatur_seedbuf' to 'crypto_sign_signalbW' due to the length limit 20
INFO: [SYN 201-210] Renamed object name 'crypto_sign_signatur_mat_vec_coeffs' to 'crypto_sign_signamb6' due to the length limit 20
INFO: [SYN 201-210] Renamed object name 'crypto_sign_signatur_s1_vec_coeffs' to 'crypto_sign_signancg' due to the length limit 20
INFO: [SYN 201-210] Renamed object name 'crypto_sign_signatur_y_vec_coeffs' to 'crypto_sign_signaocq' due to the length limit 20
INFO: [SYN 201-210] Renamed object name 'crypto_sign_signatur_z_vec_coeffs' to 'crypto_sign_signapcA' due to the length limit 20
INFO: [SYN 201-210] Renamed object name 'crypto_sign_signatur_t0_vec_coeffs' to 'crypto_sign_signaqcK' due to the length limit 20
INFO: [SYN 201-210] Renamed object name 'crypto_sign_signatur_s2_vec_coeffs' to 'crypto_sign_signarcU' due to the length limit 20
INFO: [SYN 201-210] Renamed object name 'crypto_sign_signatur_w1_vec_coeffs' to 'crypto_sign_signasc4' due to the length limit 20
INFO: [SYN 201-210] Renamed object name 'crypto_sign_signatur_w0_vec_coeffs' to 'crypto_sign_signatde' due to the length limit 20
INFO: [SYN 201-210] Renamed object name 'crypto_sign_signatur_h_vec_coeffs' to 'crypto_sign_signaudo' due to the length limit 20
INFO: [SYN 201-210] Renamed object name 'crypto_sign_signatur_cp_coeffs' to 'crypto_sign_signavdy' due to the length limit 20
INFO: [SYN 201-210] Renamed object name 'crypto_sign_signatur_state_s' to 'crypto_sign_signawdI' due to the length limit 20
INFO: [SYN 201-210] Renamed object name 'crypto_sign_mac_muladd_15ns_25s_25ns_32_1_1' to 'crypto_sign_mac_mxdS' due to the length limit 20
INFO: [SYN 201-210] Renamed object name 'crypto_sign_mac_muladd_19s_8s_32ns_32_1_1' to 'crypto_sign_mac_myd2' due to the length limit 20
INFO: [RTGEN 206-100] Generating core module 'crypto_sign_mac_mibs': 1 instance(s).
INFO: [RTGEN 206-100] Generating core module 'crypto_sign_mac_mxdS': 1 instance(s).
INFO: [RTGEN 206-100] Generating core module 'crypto_sign_mac_myd2': 1 instance(s).
INFO: [RTGEN 206-100] Finished creating RTL model for 'crypto_sign_signatur'.
INFO: [HLS 200-111]  Elapsed time: 10.47 seconds; current allocated memory: 1.159 GB.
INFO: [HLS 200-10] ----------------------------------------------------------------
INFO: [HLS 200-10] -- Generating RTL for module 'crypto_sign' 
INFO: [HLS 200-10] ----------------------------------------------------------------
INFO: [RTGEN 206-500] Setting interface mode on port 'crypto_sign/sm' to 'ap_memory'.
INFO: [RTGEN 206-500] Setting interface mode on port 'crypto_sign/smlen' to 'ap_vld'.
INFO: [RTGEN 206-500] Setting interface mode on port 'crypto_sign/m' to 'ap_memory'.
INFO: [RTGEN 206-500] Setting interface mode on port 'crypto_sign/mlen' to 'ap_none'.
INFO: [RTGEN 206-500] Setting interface mode on port 'crypto_sign/sk' to 'ap_memory'.
INFO: [RTGEN 206-500] Setting interface mode on function 'crypto_sign' to 'ap_ctrl_hs'.
INFO: [RTGEN 206-100] Finished creating RTL model for 'crypto_sign'.
INFO: [HLS 200-111]  Elapsed time: 6.77 seconds; current allocated memory: 1.176 GB.
INFO: [HLS 200-790] **** Loop Constraint Status: All loop constraints were NOT satisfied.
INFO: [HLS 200-789] **** Estimated Fmax: 32.11 MHz
INFO: [RTMG 210-279] Implementing memory 'KeccakF1600_Statebkb_rom' using auto ROMs.
INFO: [RTMG 210-278] Implementing memory 'keccak_absorb_2_t_ram (RAM)' using distributed RAMs.
INFO: [RTMG 210-282] Generating pipelined core: 'crypto_sign_urem_eOg_div'
INFO: [RTMG 210-278] Implementing memory 'poly_uniform_buf_ram (RAM)' using block RAMs.
INFO: [RTMG 210-278] Implementing memory 'poly_uniform_statdEe_ram (RAM)' using block RAMs.
INFO: [RTMG 210-279] Implementing memory 'ntt_zetas_rom' using auto ROMs.
INFO: [RTMG 210-278] Implementing memory 'polyvecl_uniform_fYi_ram (RAM)' using block RAMs.
INFO: [RTMG 210-278] Implementing memory 'polyvecl_pointwishbi_ram (RAM)' using block RAMs.
INFO: [RTMG 210-278] Implementing memory 'poly_challenge_buf_ram (RAM)' using block RAMs.
INFO: [RTMG 210-278] Implementing memory 'crypto_sign_signalbW_ram (RAM)' using block RAMs.
INFO: [RTMG 210-278] Implementing memory 'crypto_sign_signamb6_ram (RAM)' using block RAMs.
INFO: [RTMG 210-278] Implementing memory 'crypto_sign_signancg_ram (RAM)' using block RAMs.
INFO: [RTMG 210-278] Implementing memory 'crypto_sign_signaocq_ram (RAM)' using block RAMs.
INFO: [RTMG 210-278] Implementing memory 'crypto_sign_signapcA_ram (RAM)' using block RAMs.
INFO: [RTMG 210-278] Implementing memory 'crypto_sign_signatde_ram (RAM)' using block RAMs.
INFO: [RTMG 210-278] Implementing memory 'crypto_sign_signavdy_ram (RAM)' using block RAMs.
INFO: [HLS 200-111] Finished generating all RTL models Time (s): cpu = 00:07:01 ; elapsed = 00:07:22 . Memory (MB): peak = 1989.824 ; gain = 1584.883 ; free physical = 1107 ; free virtual = 9842
INFO: [VHDL 208-304] Generating VHDL RTL for crypto_sign.
INFO: [VLOG 209-307] Generating Verilog RTL for crypto_sign.
INFO: [HLS 200-112] Total elapsed time: 442.61 seconds; peak allocated memory: 1.176 GB.
