

================================================================
== Vivado HLS Report for 'dilithium_shake128_s'
================================================================
* Date:           Fri Apr  7 17:18:15 2023

* Version:        2019.2 (Build 2704478 on Wed Nov 06 22:10:23 MST 2019)
* Project:        crypto_sign
* Solution:       solution1
* Product family: artix7
* Target device:  xc7a200t-fbg676-2


================================================================
== Performance Estimates
================================================================
+ Timing: 
    * Summary: 
    +--------+----------+----------+------------+
    |  Clock |  Target  | Estimated| Uncertainty|
    +--------+----------+----------+------------+
    |ap_clk  | 10.00 us | 6.352 ns |   1.25 us  |
    +--------+----------+----------+------------+

+ Latency: 
    * Summary: 
    +---------+---------+----------+----------+-----+-----+---------+
    |  Latency (cycles) |  Latency (absolute) |  Interval | Pipeline|
    |   min   |   max   |    min   |    max   | min | max |   Type  |
    +---------+---------+----------+----------+-----+-----+---------+
    |      141|      141| 1.410 ms | 1.410 ms |  141|  141|   none  |
    +---------+---------+----------+----------+-----+-----+---------+

    + Detail: 
        * Instance: 
        N/A

        * Loop: 
        +-------------+---------+---------+----------+-----------+-----------+------+----------+
        |             |  Latency (cycles) | Iteration|  Initiation Interval  | Trip |          |
        |  Loop Name  |   min   |   max   |  Latency |  achieved |   target  | Count| Pipelined|
        +-------------+---------+---------+----------+-----------+-----------+------+----------+
        |- Loop 1     |       25|       25|         1|          -|          -|    25|    no    |
        |- Loop 2     |       76|       76|        19|          -|          -|     4|    no    |
        | + Loop 2.1  |       16|       16|         2|          -|          -|     8|    no    |
        |- memset_t   |        7|        7|         1|          -|          -|     8|    no    |
        |- Loop 4     |        8|        8|         1|          -|          -|     8|    no    |
        |- Loop 5     |        2|        2|         1|          -|          -|     2|    no    |
        |- Loop 6     |       16|       16|         2|          -|          -|     8|    no    |
        +-------------+---------+---------+----------+-----------+-----------+------+----------+



================================================================
== Utilization Estimates
================================================================
* Summary: 
+-----------------+---------+-------+--------+--------+-----+
|       Name      | BRAM_18K| DSP48E|   FF   |   LUT  | URAM|
+-----------------+---------+-------+--------+--------+-----+
|DSP              |        -|      -|       -|       -|    -|
|Expression       |        -|      -|       0|     931|    -|
|FIFO             |        -|      -|       -|       -|    -|
|Instance         |        -|      -|       -|       -|    -|
|Memory           |        0|      -|      16|       1|    0|
|Multiplexer      |        -|      -|       -|     248|    -|
|Register         |        -|      -|     184|       -|    -|
+-----------------+---------+-------+--------+--------+-----+
|Total            |        0|      0|     200|    1180|    0|
+-----------------+---------+-------+--------+--------+-----+
|Available        |      730|    740|  269200|  134600|    0|
+-----------------+---------+-------+--------+--------+-----+
|Utilization (%)  |        0|      0|   ~0   |   ~0   |    0|
+-----------------+---------+-------+--------+--------+-----+

+ Detail: 
    * Instance: 
    N/A

    * DSP48E: 
    N/A

    * Memory: 
    +-------+----------------------+---------+----+----+-----+------+-----+------+-------------+
    | Memory|        Module        | BRAM_18K| FF | LUT| URAM| Words| Bits| Banks| W*Bits*Banks|
    +-------+----------------------+---------+----+----+-----+------+-----+------+-------------+
    |t_U    |dilithium_shake12dEe  |        0|  16|   1|    0|     8|    8|     1|           64|
    +-------+----------------------+---------+----+----+-----+------+-----+------+-------------+
    |Total  |                      |        0|  16|   1|    0|     8|    8|     1|           64|
    +-------+----------------------+---------+----+----+-----+------+-----+------+-------------+

    * FIFO: 
    N/A

    * Expression: 
    +------------------------+----------+-------+---+-----+------------+------------+
    |      Variable Name     | Operation| DSP48E| FF| LUT | Bitwidth P0| Bitwidth P1|
    +------------------------+----------+-------+---+-----+------------+------------+
    |add_ln31_fu_335_p2      |     +    |      0|  0|   15|           5|           5|
    |add_ln388_fu_384_p2     |     +    |      0|  0|   12|           3|           1|
    |add_ln417_fu_301_p2     |     +    |      0|  0|   12|           3|           1|
    |i_29_fu_325_p2          |     +    |      0|  0|   13|           4|           1|
    |i_30_fu_407_p2          |     +    |      0|  0|   13|           4|           1|
    |i_31_fu_429_p2          |     +    |      0|  0|   10|           2|           1|
    |i_32_fu_470_p2          |     +    |      0|  0|   13|           4|           1|
    |i_fu_280_p2             |     +    |      0|  0|   15|           5|           1|
    |icmp_ln30_2_fu_464_p2   |   icmp   |      0|  0|   11|           4|           5|
    |icmp_ln30_fu_319_p2     |   icmp   |      0|  0|   11|           4|           5|
    |icmp_ln362_fu_274_p2    |   icmp   |      0|  0|   11|           5|           4|
    |icmp_ln388_fu_395_p2    |   icmp   |      0|  0|    9|           3|           2|
    |icmp_ln417_fu_295_p2    |   icmp   |      0|  0|    9|           3|           4|
    |icmp_ln424_fu_401_p2    |   icmp   |      0|  0|   11|           4|           5|
    |icmp_ln426_fu_423_p2    |   icmp   |      0|  0|    9|           2|           3|
    |r_2_fu_507_p2           |    or    |      0|  0|   64|          64|          64|
    |r_fu_371_p2             |    or    |      0|  0|   64|          64|          64|
    |select_ln427_fu_455_p3  |  select  |      0|  0|    8|           1|           8|
    |shl_ln31_2_fu_501_p2    |    shl   |      0|  0|  182|          64|          64|
    |shl_ln31_fu_365_p2      |    shl   |      0|  0|  182|          64|          64|
    |state_s_d1              |    xor   |      0|  0|   64|          64|          21|
    |xor_ln418_fu_377_p2     |    xor   |      0|  0|   64|          64|          64|
    |xor_ln428_fu_513_p2     |    xor   |      0|  0|   64|          64|          64|
    |xor_ln452_fu_526_p2     |    xor   |      0|  0|   65|          64|          65|
    +------------------------+----------+-------+---+-----+------------+------------+
    |Total                   |          |      0|  0|  931|         568|         518|
    +------------------------+----------+-------+---+-----+------------+------------+

    * Multiplexer: 
    +-------------------+----+-----------+-----+-----------+
    |        Name       | LUT| Input Size| Bits| Total Bits|
    +-------------------+----+-----------+-----+-----------+
    |ap_NS_fsm          |  56|         13|    1|         13|
    |i_0_i29_reg_250    |   9|          2|    4|          8|
    |i_0_i_i1_reg_171   |   9|          2|    5|         10|
    |i_0_i_reg_193      |   9|          2|    4|          8|
    |i_3_i_i31_reg_182  |   9|          2|    3|          6|
    |i_4_i_i_reg_228    |   9|          2|    4|          8|
    |i_5_i_i_reg_239    |   9|          2|    2|          4|
    |phi_ln388_reg_217  |   9|          2|    3|          6|
    |r_0_i30_reg_262    |   9|          2|   64|        128|
    |r_0_i_reg_205      |   9|          2|   64|        128|
    |state_s_address0   |  33|          6|    5|         30|
    |state_s_address1   |  15|          3|    5|         15|
    |state_s_d0         |  21|          4|   64|        256|
    |t_address0         |  27|          5|    3|         15|
    |t_d0               |  15|          3|    8|         24|
    +-------------------+----+-----------+-----+-----------+
    |Total              | 248|         52|  239|        659|
    +-------------------+----+-----------+-----+-----------+

    * Register: 
    +------------------------+----+----+-----+-----------+
    |          Name          | FF | LUT| Bits| Const Bits|
    +------------------------+----+----+-----+-----------+
    |add_ln417_reg_555       |   3|   0|    3|          0|
    |ap_CS_fsm               |  12|   0|   12|          0|
    |i_0_i29_reg_250         |   4|   0|    4|          0|
    |i_0_i_i1_reg_171        |   5|   0|    5|          0|
    |i_0_i_reg_193           |   4|   0|    4|          0|
    |i_29_reg_568            |   4|   0|    4|          0|
    |i_32_reg_615            |   4|   0|    4|          0|
    |i_3_i_i31_reg_182       |   3|   0|    3|          0|
    |i_4_i_i_reg_228         |   4|   0|    4|          0|
    |i_5_i_i_reg_239         |   2|   0|    2|          0|
    |phi_ln388_reg_217       |   3|   0|    3|          0|
    |r_0_i30_reg_262         |  64|   0|   64|          0|
    |r_0_i_reg_205           |  64|   0|   64|          0|
    |shl_ln_reg_560          |   2|   0|    5|          3|
    |state_s_addr_1_reg_578  |   3|   0|    5|          2|
    |zext_ln417_reg_547      |   3|   0|   64|         61|
    +------------------------+----+----+-----+-----------+
    |Total                   | 184|   0|  250|         66|
    +------------------------+----+----+-----+-----------+



================================================================
== Interface
================================================================
* Summary: 
+------------------+-----+-----+------------+----------------------+--------------+
|     RTL Ports    | Dir | Bits|  Protocol  |     Source Object    |    C Type    |
+------------------+-----+-----+------------+----------------------+--------------+
|ap_clk            |  in |    1| ap_ctrl_hs | dilithium_shake128_s | return value |
|ap_rst            |  in |    1| ap_ctrl_hs | dilithium_shake128_s | return value |
|ap_start          |  in |    1| ap_ctrl_hs | dilithium_shake128_s | return value |
|ap_done           | out |    1| ap_ctrl_hs | dilithium_shake128_s | return value |
|ap_idle           | out |    1| ap_ctrl_hs | dilithium_shake128_s | return value |
|ap_ready          | out |    1| ap_ctrl_hs | dilithium_shake128_s | return value |
|state_s_address0  | out |    5|  ap_memory |        state_s       |     array    |
|state_s_ce0       | out |    1|  ap_memory |        state_s       |     array    |
|state_s_we0       | out |    1|  ap_memory |        state_s       |     array    |
|state_s_d0        | out |   64|  ap_memory |        state_s       |     array    |
|state_s_q0        |  in |   64|  ap_memory |        state_s       |     array    |
|state_s_address1  | out |    5|  ap_memory |        state_s       |     array    |
|state_s_ce1       | out |    1|  ap_memory |        state_s       |     array    |
|state_s_we1       | out |    1|  ap_memory |        state_s       |     array    |
|state_s_d1        | out |   64|  ap_memory |        state_s       |     array    |
|state_s_q1        |  in |   64|  ap_memory |        state_s       |     array    |
|seed_address0     | out |    8|  ap_memory |         seed         |     array    |
|seed_ce0          | out |    1|  ap_memory |         seed         |     array    |
|seed_q0           |  in |    8|  ap_memory |         seed         |     array    |
|nonce             |  in |   10|   ap_none  |         nonce        |    scalar    |
+------------------+-----+-----+------------+----------------------+--------------+

