

================================================================
== Vivado HLS Report for 'keccak_squeezeblocks_2'
================================================================
* Date:           Tue Apr  4 23:56:27 2023

* Version:        2019.2 (Build 2704478 on Wed Nov 06 22:10:23 MST 2019)
* Project:        crypto_sign
* Solution:       solution1
* Product family: artix7
* Target device:  xc7a200t-fbg676-2


================================================================
== Performance Estimates
================================================================
+ Timing: 
    * Summary: 
    +--------+----------+----------+------------+
    |  Clock |  Target  | Estimated| Uncertainty|
    +--------+----------+----------+------------+
    |ap_clk  | 10.00 us | 6.812 ns |   1.25 us  |
    +--------+----------+----------+------------+

+ Latency: 
    * Summary: 
    +---------+---------+----------+-----------+-----+------+---------+
    |  Latency (cycles) |  Latency (absolute)  |  Interval  | Pipeline|
    |   min   |   max   |    min   |    max    | min |  max |   Type  |
    +---------+---------+----------+-----------+-----+------+---------+
    |      285|     1421| 2.850 ms | 14.210 ms |  285|  1421|   none  |
    +---------+---------+----------+-----------+-----+------+---------+

    + Detail: 
        * Instance: 
        +-----------------------------------+------------------------+---------+---------+----------+----------+-----+-----+---------+
        |                                   |                        |  Latency (cycles) |  Latency (absolute) |  Interval | Pipeline|
        |              Instance             |         Module         |   min   |   max   |    min   |    max   | min | max |   Type  |
        +-----------------------------------+------------------------+---------+---------+----------+----------+-----+-----+---------+
        |grp_KeccakF1600_StatePer_1_fu_143  |KeccakF1600_StatePer_1  |       50|       50| 0.500 ms | 0.500 ms |   50|   50|   none  |
        +-----------------------------------+------------------------+---------+---------+----------+----------+-----+-----+---------+

        * Loop: 
        +-----------------+---------+---------+----------+-----------+-----------+-------+----------+
        |                 |  Latency (cycles) | Iteration|  Initiation Interval  |  Trip |          |
        |    Loop Name    |   min   |   max   |  Latency |  achieved |   target  | Count | Pipelined|
        +-----------------+---------+---------+----------+-----------+-----------+-------+----------+
        |- Loop 1         |      284|     1420|       284|          -|          -| 1 ~ 5 |    no    |
        | + Loop 1.1      |      231|      231|        11|          -|          -|     21|    no    |
        |  ++ Loop 1.1.1  |        8|        8|         1|          -|          -|      8|    no    |
        +-----------------+---------+---------+----------+-----------+-----------+-------+----------+



================================================================
== Utilization Estimates
================================================================
* Summary: 
+-----------------+---------+-------+--------+--------+-----+
|       Name      | BRAM_18K| DSP48E|   FF   |   LUT  | URAM|
+-----------------+---------+-------+--------+--------+-----+
|DSP              |        -|      -|       -|       -|    -|
|Expression       |        -|      -|       0|     303|    -|
|FIFO             |        -|      -|       -|       -|    -|
|Instance         |        2|      -|    3110|   16883|    -|
|Memory           |        -|      -|       -|       -|    -|
|Multiplexer      |        -|      -|       -|     131|    -|
|Register         |        -|      -|     114|       -|    -|
+-----------------+---------+-------+--------+--------+-----+
|Total            |        2|      0|    3224|   17317|    0|
+-----------------+---------+-------+--------+--------+-----+
|Available        |      730|    740|  269200|  134600|    0|
+-----------------+---------+-------+--------+--------+-----+
|Utilization (%)  |    ~0   |      0|       1|      12|    0|
+-----------------+---------+-------+--------+--------+-----+

+ Detail: 
    * Instance: 
    +-----------------------------------+------------------------+---------+-------+------+-------+-----+
    |              Instance             |         Module         | BRAM_18K| DSP48E|  FF  |  LUT  | URAM|
    +-----------------------------------+------------------------+---------+-------+------+-------+-----+
    |grp_KeccakF1600_StatePer_1_fu_143  |KeccakF1600_StatePer_1  |        2|      0|  3110|  16883|    0|
    +-----------------------------------+------------------------+---------+-------+------+-------+-----+
    |Total                              |                        |        2|      0|  3110|  16883|    0|
    +-----------------------------------+------------------------+---------+-------+------+-------+-----+

    * DSP48E: 
    N/A

    * Memory: 
    N/A

    * FIFO: 
    N/A

    * Expression: 
    +----------------------+----------+-------+---+-----+------------+------------+
    |     Variable Name    | Operation| DSP48E| FF| LUT | Bitwidth P0| Bitwidth P1|
    +----------------------+----------+-------+---+-----+------------+------------+
    |add_ln479_fu_191_p2   |     +    |      0|  0|   17|          10|           8|
    |add_ln480_fu_197_p2   |     +    |      0|  0|   13|           4|           2|
    |add_ln48_2_fu_253_p2  |     +    |      0|  0|   15|           8|           8|
    |add_ln48_fu_262_p2    |     +    |      0|  0|   17|          10|          10|
    |i_38_fu_217_p2        |     +    |      0|  0|   13|           4|           1|
    |i_fu_180_p2           |     +    |      0|  0|   15|           5|           1|
    |icmp_ln475_fu_151_p2  |   icmp   |      0|  0|    9|           4|           1|
    |icmp_ln477_fu_174_p2  |   icmp   |      0|  0|   11|           5|           5|
    |icmp_ln47_fu_211_p2   |   icmp   |      0|  0|   11|           4|           5|
    |lshr_ln48_fu_239_p2   |   lshr   |      0|  0|  182|          64|          64|
    +----------------------+----------+-------+---+-----+------------+------------+
    |Total                 |          |      0|  0|  303|         118|         105|
    +----------------------+----------+-------+---+-----+------------+------------+

    * Multiplexer: 
    +-------------------------+----+-----------+-----+-----------+
    |           Name          | LUT| Input Size| Bits| Total Bits|
    +-------------------------+----+-----------+-----+-----------+
    |ap_NS_fsm                |  38|          7|    1|          7|
    |i_0_i_reg_132            |   9|          2|    4|          8|
    |i_0_reg_120              |   9|          2|    5|         10|
    |nblocks_assign_1_reg_98  |   9|          2|    4|          8|
    |p_0_rec_reg_108          |   9|          2|   10|         20|
    |s_address0               |  15|          3|    5|         15|
    |s_ce0                    |  15|          3|    1|          3|
    |s_ce1                    |   9|          2|    1|          2|
    |s_we0                    |   9|          2|    1|          2|
    |s_we1                    |   9|          2|    1|          2|
    +-------------------------+----+-----------+-----+-----------+
    |Total                    | 131|         27|   33|         77|
    +-------------------------+----+-----------+-----+-----------+

    * Register: 
    +------------------------------------------------+----+----+-----+-----------+
    |                      Name                      | FF | LUT| Bits| Const Bits|
    +------------------------------------------------+----+----+-----+-----------+
    |add_ln48_1_reg_285                              |  10|   0|   10|          0|
    |ap_CS_fsm                                       |   6|   0|    6|          0|
    |grp_KeccakF1600_StatePer_1_fu_143_ap_start_reg  |   1|   0|    1|          0|
    |i_0_i_reg_132                                   |   4|   0|    4|          0|
    |i_0_reg_120                                     |   5|   0|    5|          0|
    |i_reg_293                                       |   5|   0|    5|          0|
    |nblocks_assign_1_reg_98                         |   4|   0|    4|          0|
    |p_0_rec_reg_108                                 |  10|   0|   10|          0|
    |s_load_reg_318                                  |  64|   0|   64|          0|
    |shl_ln_reg_313                                  |   5|   0|    8|          3|
    +------------------------------------------------+----+----+-----+-----------+
    |Total                                           | 114|   0|  117|          3|
    +------------------------------------------------+----+----+-----+-----------+



================================================================
== Interface
================================================================
* Summary: 
+----------------+-----+-----+------------+------------------------+--------------+
|    RTL Ports   | Dir | Bits|  Protocol  |      Source Object     |    C Type    |
+----------------+-----+-----+------------+------------------------+--------------+
|ap_clk          |  in |    1| ap_ctrl_hs | keccak_squeezeblocks.2 | return value |
|ap_rst          |  in |    1| ap_ctrl_hs | keccak_squeezeblocks.2 | return value |
|ap_start        |  in |    1| ap_ctrl_hs | keccak_squeezeblocks.2 | return value |
|ap_done         | out |    1| ap_ctrl_hs | keccak_squeezeblocks.2 | return value |
|ap_idle         | out |    1| ap_ctrl_hs | keccak_squeezeblocks.2 | return value |
|ap_ready        | out |    1| ap_ctrl_hs | keccak_squeezeblocks.2 | return value |
|out_r_address0  | out |   10|  ap_memory |          out_r         |     array    |
|out_r_ce0       | out |    1|  ap_memory |          out_r         |     array    |
|out_r_we0       | out |    1|  ap_memory |          out_r         |     array    |
|out_r_d0        | out |    8|  ap_memory |          out_r         |     array    |
|out_offset      |  in |    2|   ap_none  |       out_offset       |    scalar    |
|nblocks         |  in |    4|   ap_none  |         nblocks        |    scalar    |
|s_address0      | out |    5|  ap_memory |            s           |     array    |
|s_ce0           | out |    1|  ap_memory |            s           |     array    |
|s_we0           | out |    1|  ap_memory |            s           |     array    |
|s_d0            | out |   64|  ap_memory |            s           |     array    |
|s_q0            |  in |   64|  ap_memory |            s           |     array    |
|s_address1      | out |    5|  ap_memory |            s           |     array    |
|s_ce1           | out |    1|  ap_memory |            s           |     array    |
|s_we1           | out |    1|  ap_memory |            s           |     array    |
|s_d1            | out |   64|  ap_memory |            s           |     array    |
|s_q1            |  in |   64|  ap_memory |            s           |     array    |
+----------------+-----+-----+------------+------------------------+--------------+

