

================================================================
== Vivado HLS Report for 'polyveck_pointwise_p'
================================================================
* Date:           Tue Apr  4 23:56:33 2023

* Version:        2019.2 (Build 2704478 on Wed Nov 06 22:10:23 MST 2019)
* Project:        crypto_sign
* Solution:       solution1
* Product family: artix7
* Target device:  xc7a200t-fbg676-2


================================================================
== Performance Estimates
================================================================
+ Timing: 
    * Summary: 
    +--------+----------+-----------+------------+
    |  Clock |  Target  | Estimated | Uncertainty|
    +--------+----------+-----------+------------+
    |ap_clk  | 10.00 us | 29.182 ns |   1.25 us  |
    +--------+----------+-----------+------------+

+ Latency: 
    * Summary: 
    +---------+---------+-----------+-----------+------+------+---------+
    |  Latency (cycles) |   Latency (absolute)  |   Interval  | Pipeline|
    |   min   |   max   |    min    |    max    |  min |  max |   Type  |
    +---------+---------+-----------+-----------+------+------+---------+
    |     2057|     2057| 20.570 ms | 20.570 ms |  2057|  2057|   none  |
    +---------+---------+-----------+-----------+------+------+---------+

    + Detail: 
        * Instance: 
        N/A

        * Loop: 
        +-------------+---------+---------+----------+-----------+-----------+------+----------+
        |             |  Latency (cycles) | Iteration|  Initiation Interval  | Trip |          |
        |  Loop Name  |   min   |   max   |  Latency |  achieved |   target  | Count| Pipelined|
        +-------------+---------+---------+----------+-----------+-----------+------+----------+
        |- Loop 1     |     2056|     2056|       514|          -|          -|     4|    no    |
        | + Loop 1.1  |      512|      512|         2|          -|          -|   256|    no    |
        +-------------+---------+---------+----------+-----------+-----------+------+----------+



================================================================
== Utilization Estimates
================================================================
* Summary: 
+-----------------+---------+-------+--------+--------+-----+
|       Name      | BRAM_18K| DSP48E|   FF   |   LUT  | URAM|
+-----------------+---------+-------+--------+--------+-----+
|DSP              |        -|      -|       -|       -|    -|
|Expression       |        -|     10|       0|     203|    -|
|FIFO             |        -|      -|       -|       -|    -|
|Instance         |        -|      -|       -|       -|    -|
|Memory           |        -|      -|       -|       -|    -|
|Multiplexer      |        -|      -|       -|      45|    -|
|Register         |        -|      -|      43|       -|    -|
+-----------------+---------+-------+--------+--------+-----+
|Total            |        0|     10|      43|     248|    0|
+-----------------+---------+-------+--------+--------+-----+
|Available        |      730|    740|  269200|  134600|    0|
+-----------------+---------+-------+--------+--------+-----+
|Utilization (%)  |        0|      1|   ~0   |   ~0   |    0|
+-----------------+---------+-------+--------+--------+-----+

+ Detail: 
    * Instance: 
    N/A

    * DSP48E: 
    N/A

    * Memory: 
    N/A

    * FIFO: 
    N/A

    * Expression: 
    +----------------------+----------+-------+---+----+------------+------------+
    |     Variable Name    | Operation| DSP48E| FF| LUT| Bitwidth P0| Bitwidth P1|
    +----------------------+----------+-------+---+----+------------+------------+
    |mul_ln181_fu_164_p2   |     *    |      4|  0|  21|          32|          32|
    |mul_ln19_fu_184_p2    |     *    |      2|  0|  21|          24|          32|
    |t_fu_174_p2           |     *    |      4|  0|  21|          26|          32|
    |add_ln181_fu_146_p2   |     +    |      0|  0|  19|          12|          12|
    |add_ln19_fu_194_p2    |     +    |      0|  0|  71|          64|          64|
    |i_26_fu_131_p2        |     +    |      0|  0|  16|           9|           1|
    |i_fu_107_p2           |     +    |      0|  0|  12|           3|           1|
    |icmp_ln180_fu_125_p2  |   icmp   |      0|  0|  13|           9|          10|
    |icmp_ln305_fu_101_p2  |   icmp   |      0|  0|   9|           3|           4|
    +----------------------+----------+-------+---+----+------------+------------+
    |Total                 |          |     10|  0| 203|         182|         188|
    +----------------------+----------+-------+---+----+------------+------------+

    * Multiplexer: 
    +--------------+----+-----------+-----+-----------+
    |     Name     | LUT| Input Size| Bits| Total Bits|
    +--------------+----+-----------+-----+-----------+
    |ap_NS_fsm     |  27|          5|    1|          5|
    |i_0_i_reg_90  |   9|          2|    9|         18|
    |i_0_reg_79    |   9|          2|    3|          6|
    +--------------+----+-----------+-----+-----------+
    |Total         |  45|          9|   13|         29|
    +--------------+----+-----------+-----+-----------+

    * Register: 
    +-----------------------+----+----+-----+-----------+
    |          Name         | FF | LUT| Bits| Const Bits|
    +-----------------------+----+----+-----+-----------+
    |ap_CS_fsm              |   4|   0|    4|          0|
    |i_0_i_reg_90           |   9|   0|    9|          0|
    |i_0_reg_79             |   3|   0|    3|          0|
    |i_26_reg_227           |   9|   0|    9|          0|
    |i_reg_214              |   3|   0|    3|          0|
    |zext_ln176_reg_219     |   3|   0|   12|          9|
    |zext_ln181_15_reg_232  |  12|   0|   64|         52|
    +-----------------------+----+----+-----+-----------+
    |Total                  |  43|   0|  104|         61|
    +-----------------------+----+----+-----+-----------+



================================================================
== Interface
================================================================
* Summary: 
+-----------------------+-----+-----+------------+----------------------+--------------+
|       RTL Ports       | Dir | Bits|  Protocol  |     Source Object    |    C Type    |
+-----------------------+-----+-----+------------+----------------------+--------------+
|ap_clk                 |  in |    1| ap_ctrl_hs | polyveck_pointwise_p | return value |
|ap_rst                 |  in |    1| ap_ctrl_hs | polyveck_pointwise_p | return value |
|ap_start               |  in |    1| ap_ctrl_hs | polyveck_pointwise_p | return value |
|ap_done                | out |    1| ap_ctrl_hs | polyveck_pointwise_p | return value |
|ap_idle                | out |    1| ap_ctrl_hs | polyveck_pointwise_p | return value |
|ap_ready               | out |    1| ap_ctrl_hs | polyveck_pointwise_p | return value |
|r_vec_coeffs_address0  | out |   10|  ap_memory |     r_vec_coeffs     |     array    |
|r_vec_coeffs_ce0       | out |    1|  ap_memory |     r_vec_coeffs     |     array    |
|r_vec_coeffs_we0       | out |    1|  ap_memory |     r_vec_coeffs     |     array    |
|r_vec_coeffs_d0        | out |   32|  ap_memory |     r_vec_coeffs     |     array    |
|a_coeffs_address0      | out |    8|  ap_memory |       a_coeffs       |     array    |
|a_coeffs_ce0           | out |    1|  ap_memory |       a_coeffs       |     array    |
|a_coeffs_q0            |  in |   32|  ap_memory |       a_coeffs       |     array    |
|v_vec_coeffs_address0  | out |   10|  ap_memory |     v_vec_coeffs     |     array    |
|v_vec_coeffs_ce0       | out |    1|  ap_memory |     v_vec_coeffs     |     array    |
|v_vec_coeffs_q0        |  in |   32|  ap_memory |     v_vec_coeffs     |     array    |
+-----------------------+-----+-----+------------+----------------------+--------------+

