

================================================================
== Vivado HLS Report for 'poly_uniform'
================================================================
* Date:           Tue Apr  4 23:56:28 2023

* Version:        2019.2 (Build 2704478 on Wed Nov 06 22:10:23 MST 2019)
* Project:        crypto_sign
* Solution:       solution1
* Product family: artix7
* Target device:  xc7a200t-fbg676-2


================================================================
== Performance Estimates
================================================================
+ Timing: 
    * Summary: 
    +--------+----------+----------+------------+
    |  Clock |  Target  | Estimated| Uncertainty|
    +--------+----------+----------+------------+
    |ap_clk  | 10.00 us | 6.812 ns |   1.25 us  |
    +--------+----------+----------+------------+

+ Latency: 
    * Summary: 
    +---------+---------+----------+----------+-----+-----+---------+
    |  Latency (cycles) |  Latency (absolute) |  Interval | Pipeline|
    |   min   |   max   |    min   |    max   | min | max |   Type  |
    +---------+---------+----------+----------+-----+-----+---------+
    |        ?|        ?|         ?|         ?|    ?|    ?|   none  |
    +---------+---------+----------+----------+-----+-----+---------+

    + Detail: 
        * Instance: 
        +-----------------------------------+------------------------+---------+---------+----------+-----------+-----+------+---------+
        |                                   |                        |  Latency (cycles) |  Latency (absolute)  |  Interval  | Pipeline|
        |              Instance             |         Module         |   min   |   max   |    min   |    max    | min |  max |   Type  |
        +-----------------------------------+------------------------+---------+---------+----------+-----------+-----+------+---------+
        |grp_keccak_squeezeblocks_2_fu_273  |keccak_squeezeblocks_2  |      285|     1421| 2.850 ms | 14.210 ms |  285|  1421|   none  |
        |grp_rej_uniform_fu_286             |rej_uniform             |        ?|        ?|         ?|          ?|    ?|     ?|   none  |
        |grp_shake128_absorb_fu_302         |shake128_absorb         |       38|       38| 0.380 ms |  0.380 ms |   38|    38|   none  |
        +-----------------------------------+------------------------+---------+---------+----------+-----------+-----+------+---------+

        * Loop: 
        +-------------+---------+---------+----------+-----------+-----------+-------+----------+
        |             |  Latency (cycles) | Iteration|  Initiation Interval  |  Trip |          |
        |  Loop Name  |   min   |   max   |  Latency |  achieved |   target  | Count | Pipelined|
        +-------------+---------+---------+----------+-----------+-----------+-------+----------+
        |- Loop 1     |       25|       25|         1|          -|          -|     25|    no    |
        |- Loop 2     |       76|       76|        19|          -|          -|      4|    no    |
        | + Loop 2.1  |       16|       16|         2|          -|          -|      8|    no    |
        |- Loop 3     |        ?|        ?|         ?|          -|          -|      ?|    no    |
        | + Loop 3.1  |        0|        4|         2|          -|          -| 0 ~ 2 |    no    |
        +-------------+---------+---------+----------+-----------+-----------+-------+----------+



================================================================
== Utilization Estimates
================================================================
* Summary: 
+-----------------+---------+-------+--------+--------+-----+
|       Name      | BRAM_18K| DSP48E|   FF   |   LUT  | URAM|
+-----------------+---------+-------+--------+--------+-----+
|DSP              |        -|      -|       -|       -|    -|
|Expression       |        -|      -|       0|     661|    -|
|FIFO             |        -|      -|       -|       -|    -|
|Instance         |        2|      -|    3622|   18233|    0|
|Memory           |        5|      -|       0|       0|    0|
|Multiplexer      |        -|      -|       -|     570|    -|
|Register         |        -|      -|     233|       -|    -|
+-----------------+---------+-------+--------+--------+-----+
|Total            |        7|      0|    3855|   19464|    0|
+-----------------+---------+-------+--------+--------+-----+
|Available        |      730|    740|  269200|  134600|    0|
+-----------------+---------+-------+--------+--------+-----+
|Utilization (%)  |    ~0   |      0|       1|      14|    0|
+-----------------+---------+-------+--------+--------+-----+

+ Detail: 
    * Instance: 
    +-----------------------------------+------------------------+---------+-------+------+-------+-----+
    |              Instance             |         Module         | BRAM_18K| DSP48E|  FF  |  LUT  | URAM|
    +-----------------------------------+------------------------+---------+-------+------+-------+-----+
    |crypto_sign_urem_eOg_U41           |crypto_sign_urem_eOg    |        0|      0|   118|     60|    0|
    |grp_keccak_squeezeblocks_2_fu_273  |keccak_squeezeblocks_2  |        2|      0|  3224|  17317|    0|
    |grp_rej_uniform_fu_286             |rej_uniform             |        0|      0|   174|    306|    0|
    |grp_shake128_absorb_fu_302         |shake128_absorb         |        0|      0|   106|    550|    0|
    +-----------------------------------+------------------------+---------+-------+------+-------+-----+
    |Total                              |                        |        2|      0|  3622|  18233|    0|
    +-----------------------------------+------------------------+---------+-------+------+-------+-----+

    * DSP48E: 
    N/A

    * Memory: 
    +-----------+----------------------+---------+---+----+-----+------+-----+------+-------------+
    |   Memory  |        Module        | BRAM_18K| FF| LUT| URAM| Words| Bits| Banks| W*Bits*Banks|
    +-----------+----------------------+---------+---+----+-----+------+-----+------+-------------+
    |buf_U      |poly_uniform_buf      |        1|  0|   0|    0|   842|    8|     1|         6736|
    |state_s_U  |poly_uniform_statdEe  |        4|  0|   0|    0|    25|   64|     1|         1600|
    +-----------+----------------------+---------+---+----+-----+------+-----+------+-------------+
    |Total      |                      |        5|  0|   0|    0|   867|   72|     2|         8336|
    +-----------+----------------------+---------+---+----+-----+------+-----+------+-------------+

    * FIFO: 
    N/A

    * Expression: 
    +----------------------+----------+-------+---+-----+------------+------------+
    |     Variable Name    | Operation| DSP48E| FF| LUT | Bitwidth P0| Bitwidth P1|
    +----------------------+----------+-------+---+-----+------------+------------+
    |add_ln31_fu_390_p2    |     +    |      0|  0|   15|           5|           5|
    |add_ln380_fu_515_p2   |     +    |      0|  0|   18|          11|          11|
    |add_ln417_fu_350_p2   |     +    |      0|  0|   12|           3|           1|
    |ctr_2_fu_559_p2       |     +    |      0|  0|   39|          32|          32|
    |i_30_fu_329_p2        |     +    |      0|  0|   15|           5|           1|
    |i_31_fu_380_p2        |     +    |      0|  0|   13|           4|           1|
    |i_fu_509_p2           |     +    |      0|  0|   10|           2|           1|
    |sub_ln380_fu_495_p2   |     -    |      0|  0|   18|          11|          11|
    |sub_ln384_fu_547_p2   |     -    |      0|  0|   17|           9|          10|
    |icmp_ln30_fu_374_p2   |   icmp   |      0|  0|   11|           4|           5|
    |icmp_ln362_fu_323_p2  |   icmp   |      0|  0|   11|           5|           4|
    |icmp_ln377_fu_471_p2  |   icmp   |      0|  0|   18|          24|           1|
    |icmp_ln379_fu_504_p2  |   icmp   |      0|  0|    8|           2|           2|
    |icmp_ln417_fu_344_p2  |   icmp   |      0|  0|    9|           3|           4|
    |buflen_fu_534_p2      |    or    |      0|  0|    8|           8|           8|
    |r_fu_426_p2           |    or    |      0|  0|   64|          64|          64|
    |shl_ln31_fu_420_p2    |    shl   |      0|  0|  182|          64|          64|
    |xor_ln418_fu_432_p2   |    xor   |      0|  0|   64|          64|          64|
    |xor_ln451_fu_439_p2   |    xor   |      0|  0|   64|          64|          21|
    |xor_ln452_fu_446_p2   |    xor   |      0|  0|   65|          64|          65|
    +----------------------+----------+-------+---+-----+------------+------------+
    |Total                 |          |      0|  0|  661|         448|         375|
    +----------------------+----------+-------+---+-----+------------+------------+

    * Multiplexer: 
    +----------------------------------------------+-----+-----------+-----+-----------+
    |                     Name                     | LUT | Input Size| Bits| Total Bits|
    +----------------------------------------------+-----+-----------+-----+-----------+
    |a_coeffs_ce0                                  |    9|          2|    1|          2|
    |a_coeffs_we0                                  |    9|          2|    1|          2|
    |ap_NS_fsm                                     |  145|         32|    1|         32|
    |buf_address0                                  |   27|          5|   10|         50|
    |buf_ce0                                       |   21|          4|    1|          4|
    |buf_ce1                                       |    9|          2|    1|          2|
    |buf_d0                                        |   15|          3|    8|         24|
    |buf_we0                                       |   15|          3|    1|          3|
    |buflen_0_reg_249                              |    9|          2|    8|         16|
    |ctr_0_reg_239                                 |    9|          2|   32|         64|
    |grp_keccak_squeezeblocks_2_fu_273_nblocks     |   15|          3|    4|         12|
    |grp_keccak_squeezeblocks_2_fu_273_out_offset  |   15|          3|    2|          6|
    |grp_rej_uniform_fu_286_a_offset2              |   15|          3|   32|         96|
    |grp_rej_uniform_fu_286_buflen                 |   15|          3|   11|         33|
    |grp_rej_uniform_fu_286_len                    |   15|          3|   10|         30|
    |i_0_i1_i_reg_215                              |    9|          2|    4|          8|
    |i_0_i_i_i_reg_193                             |    9|          2|    5|         10|
    |i_0_reg_261                                   |    9|          2|    2|          4|
    |i_3_i_i_reg_204                               |    9|          2|    3|          6|
    |r_0_i2_i_reg_227                              |    9|          2|   64|        128|
    |state_s_address0                              |   41|          8|    5|         40|
    |state_s_address1                              |   21|          4|    5|         20|
    |state_s_ce0                                   |   21|          4|    1|          4|
    |state_s_ce1                                   |   15|          3|    1|          3|
    |state_s_d0                                    |   33|          6|   64|        384|
    |state_s_d1                                    |   15|          3|   64|        192|
    |state_s_we0                                   |   21|          4|    1|          4|
    |state_s_we1                                   |   15|          3|    1|          3|
    +----------------------------------------------+-----+-----------+-----+-----------+
    |Total                                         |  570|        117|  343|       1182|
    +----------------------------------------------+-----+-----------+-----+-----------+

    * Register: 
    +------------------------------------------------+----+----+-----+-----------+
    |                      Name                      | FF | LUT| Bits| Const Bits|
    +------------------------------------------------+----+----+-----+-----------+
    |add_ln417_reg_601                               |   3|   0|    3|          0|
    |ap_CS_fsm                                       |  31|   0|   31|          0|
    |buflen_0_reg_249                                |   8|   0|    9|          1|
    |ctr_0_reg_239                                   |  32|   0|   32|          0|
    |grp_keccak_squeezeblocks_2_fu_273_ap_start_reg  |   1|   0|    1|          0|
    |grp_rej_uniform_fu_286_ap_start_reg             |   1|   0|    1|          0|
    |grp_shake128_absorb_fu_302_ap_start_reg         |   1|   0|    1|          0|
    |i_0_i1_i_reg_215                                |   4|   0|    4|          0|
    |i_0_i_i_i_reg_193                               |   5|   0|    5|          0|
    |i_0_reg_261                                     |   2|   0|    2|          0|
    |i_31_reg_624                                    |   4|   0|    4|          0|
    |i_3_i_i_reg_204                                 |   3|   0|    3|          0|
    |i_reg_688                                       |   2|   0|    2|          0|
    |r_0_i2_i_reg_227                                |  64|   0|   64|          0|
    |shl_ln_reg_606                                  |   2|   0|    5|          3|
    |state_s_addr_9_reg_634                          |   3|   0|    5|          2|
    |sub_ln380_reg_680                               |  11|   0|   11|          0|
    |sub_ln384_reg_703                               |  10|   0|   10|          0|
    |t_0_reg_575                                     |   8|   0|    8|          0|
    |tmp_reg_580                                     |   2|   0|    2|          0|
    |trunc_ln375_1_reg_616                           |   2|   0|    2|          0|
    |trunc_ln375_reg_611                             |   2|   0|    2|          0|
    |trunc_ln378_1_reg_674                           |   2|   0|    2|          0|
    |trunc_ln378_reg_669                             |   8|   0|    8|          0|
    |zext_ln377_reg_661                              |   9|   0|   11|          2|
    |zext_ln383_reg_698                              |   5|   0|    9|          4|
    |zext_ln384_reg_708                              |   5|   0|   11|          6|
    |zext_ln417_reg_593                              |   3|   0|   64|         61|
    +------------------------------------------------+----+----+-----+-----------+
    |Total                                           | 233|   0|  312|         79|
    +------------------------------------------------+----+----+-----+-----------+



================================================================
== Interface
================================================================
* Summary: 
+-------------------+-----+-----+------------+------------------+--------------+
|     RTL Ports     | Dir | Bits|  Protocol  |   Source Object  |    C Type    |
+-------------------+-----+-----+------------+------------------+--------------+
|ap_clk             |  in |    1| ap_ctrl_hs |   poly_uniform   | return value |
|ap_rst             |  in |    1| ap_ctrl_hs |   poly_uniform   | return value |
|ap_start           |  in |    1| ap_ctrl_hs |   poly_uniform   | return value |
|ap_done            | out |    1| ap_ctrl_hs |   poly_uniform   | return value |
|ap_idle            | out |    1| ap_ctrl_hs |   poly_uniform   | return value |
|ap_ready           | out |    1| ap_ctrl_hs |   poly_uniform   | return value |
|a_coeffs_address0  | out |   12|  ap_memory |     a_coeffs     |     array    |
|a_coeffs_ce0       | out |    1|  ap_memory |     a_coeffs     |     array    |
|a_coeffs_we0       | out |    1|  ap_memory |     a_coeffs     |     array    |
|a_coeffs_d0        | out |   23|  ap_memory |     a_coeffs     |     array    |
|a_coeffs_offset    |  in |    3|   ap_none  |  a_coeffs_offset |    scalar    |
|a_coeffs_offset1   |  in |    3|   ap_none  | a_coeffs_offset1 |    scalar    |
|seed_address0      | out |    8|  ap_memory |       seed       |     array    |
|seed_ce0           | out |    1|  ap_memory |       seed       |     array    |
|seed_q0            |  in |    8|  ap_memory |       seed       |     array    |
|nonce              |  in |   10|   ap_none  |       nonce      |    scalar    |
+-------------------+-----+-----+------------+------------------+--------------+

