

================================================================
== Vivado HLS Report for 'polyvecl_uniform_gam'
================================================================
* Date:           Tue Apr  4 23:56:29 2023

* Version:        2019.2 (Build 2704478 on Wed Nov 06 22:10:23 MST 2019)
* Project:        crypto_sign
* Solution:       solution1
* Product family: artix7
* Target device:  xc7a200t-fbg676-2


================================================================
== Performance Estimates
================================================================
+ Timing: 
    * Summary: 
    +--------+----------+----------+------------+
    |  Clock |  Target  | Estimated| Uncertainty|
    +--------+----------+----------+------------+
    |ap_clk  | 10.00 us | 7.448 ns |   1.25 us  |
    +--------+----------+----------+------------+

+ Latency: 
    * Summary: 
    +---------+---------+-----------+-----------+------+------+---------+
    |  Latency (cycles) |   Latency (absolute)  |   Interval  | Pipeline|
    |   min   |   max   |    min    |    max    |  min |  max |   Type  |
    +---------+---------+-----------+-----------+------+------+---------+
    |     7085|     7085| 70.850 ms | 70.850 ms |  7085|  7085|   none  |
    +---------+---------+-----------+-----------+------+------+---------+

    + Detail: 
        * Instance: 
        +---------------------------------+----------------------+---------+---------+-----------+-----------+------+------+---------+
        |                                 |                      |  Latency (cycles) |   Latency (absolute)  |   Interval  | Pipeline|
        |             Instance            |        Module        |   min   |   max   |    min    |    max    |  min |  max |   Type  |
        +---------------------------------+----------------------+---------+---------+-----------+-----------+------+------+---------+
        |grp_keccak_squeezeblocks_fu_391  |keccak_squeezeblocks  |     1201|     1201| 12.010 ms | 12.010 ms |  1201|  1201|   none  |
        |grp_shake256_absorb_2_fu_399     |shake256_absorb_2     |       38|       38|  0.380 ms |  0.380 ms |    38|    38|   none  |
        +---------------------------------+----------------------+---------+---------+-----------+-----------+------+------+---------+

        * Loop: 
        +-----------------+---------+---------+----------+-----------+-----------+------+----------+
        |                 |  Latency (cycles) | Iteration|  Initiation Interval  | Trip |          |
        |    Loop Name    |   min   |   max   |  Latency |  achieved |   target  | Count| Pipelined|
        +-----------------+---------+---------+----------+-----------+-----------+------+----------+
        |- Loop 1         |     7084|     7084|      1771|          -|          -|     4|    no    |
        | + Loop 1.1      |       25|       25|         1|          -|          -|    25|    no    |
        | + Loop 1.2      |      114|      114|        19|          -|          -|     6|    no    |
        |  ++ Loop 1.2.1  |       16|       16|         2|          -|          -|     8|    no    |
        | + Loop 1.3      |      384|      384|         6|          -|          -|    64|    no    |
        +-----------------+---------+---------+----------+-----------+-----------+------+----------+



================================================================
== Utilization Estimates
================================================================
* Summary: 
+-----------------+---------+-------+--------+--------+-----+
|       Name      | BRAM_18K| DSP48E|   FF   |   LUT  | URAM|
+-----------------+---------+-------+--------+--------+-----+
|DSP              |        -|      -|       -|       -|    -|
|Expression       |        -|      -|       0|     927|    -|
|FIFO             |        -|      -|       -|       -|    -|
|Instance         |        2|      -|    3317|   17866|    0|
|Memory           |        5|      -|       0|       0|    0|
|Multiplexer      |        -|      -|       -|     481|    -|
|Register         |        -|      -|     198|       -|    -|
+-----------------+---------+-------+--------+--------+-----+
|Total            |        7|      0|    3515|   19274|    0|
+-----------------+---------+-------+--------+--------+-----+
|Available        |      730|    740|  269200|  134600|    0|
+-----------------+---------+-------+--------+--------+-----+
|Utilization (%)  |    ~0   |      0|       1|      14|    0|
+-----------------+---------+-------+--------+--------+-----+

+ Detail: 
    * Instance: 
    +---------------------------------+----------------------+---------+-------+------+-------+-----+
    |             Instance            |        Module        | BRAM_18K| DSP48E|  FF  |  LUT  | URAM|
    +---------------------------------+----------------------+---------+-------+------+-------+-----+
    |grp_keccak_squeezeblocks_fu_391  |keccak_squeezeblocks  |        2|      0|  3213|  17316|    0|
    |grp_shake256_absorb_2_fu_399     |shake256_absorb_2     |        0|      0|   104|    550|    0|
    +---------------------------------+----------------------+---------+-------+------+-------+-----+
    |Total                            |                      |        2|      0|  3317|  17866|    0|
    +---------------------------------+----------------------+---------+-------+------+-------+-----+

    * DSP48E: 
    N/A

    * Memory: 
    +-----------+----------------------+---------+---+----+-----+------+-----+------+-------------+
    |   Memory  |        Module        | BRAM_18K| FF| LUT| URAM| Words| Bits| Banks| W*Bits*Banks|
    +-----------+----------------------+---------+---+----+-----+------+-----+------+-------------+
    |state_s_U  |poly_uniform_statdEe  |        4|  0|   0|    0|    25|   64|     1|         1600|
    |buf_U      |polyvecl_uniform_fYi  |        1|  0|   0|    0|   680|    8|     1|         5440|
    +-----------+----------------------+---------+---+----+-----+------+-----+------+-------------+
    |Total      |                      |        5|  0|   0|    0|   705|   72|     2|         7040|
    +-----------+----------------------+---------+---+----+-----+------+-----+------+-------------+

    * FIFO: 
    N/A

    * Expression: 
    +----------------------+----------+-------+---+-----+------------+------------+
    |     Variable Name    | Operation| DSP48E| FF| LUT | Bitwidth P0| Bitwidth P1|
    +----------------------+----------+-------+---+-----+------------+------------+
    |add_ln31_fu_534_p2    |     +    |      0|  0|   15|           8|           8|
    |add_ln417_fu_496_p2   |     +    |      0|  0|   12|           3|           1|
    |add_ln47_fu_449_p2    |     +    |      0|  0|   23|          16|          16|
    |add_ln855_fu_629_p2   |     +    |      0|  0|   17|          10|          10|
    |add_ln856_fu_640_p2   |     +    |      0|  0|   17|           1|          10|
    |add_ln857_fu_650_p2   |     +    |      0|  0|   17|           2|          10|
    |add_ln861_fu_692_p2   |     +    |      0|  0|   17|           2|          10|
    |add_ln862_fu_702_p2   |     +    |      0|  0|   17|           3|          10|
    |add_ln866_fu_797_p2   |     +    |      0|  0|   17|           3|          10|
    |add_ln867_fu_807_p2   |     +    |      0|  0|   17|           3|          10|
    |add_ln871_fu_894_p2   |     +    |      0|  0|   17|           3|          10|
    |add_ln872_fu_904_p2   |     +    |      0|  0|   17|           4|          10|
    |i_19_fu_475_p2        |     +    |      0|  0|   15|           5|           1|
    |i_20_fu_607_p2        |     +    |      0|  0|   15|           7|           1|
    |i_21_fu_520_p2        |     +    |      0|  0|   13|           4|           1|
    |i_fu_435_p2           |     +    |      0|  0|   12|           3|           1|
    |t_0_fu_454_p2         |     +    |      0|  0|   15|           8|           8|
    |sub_ln875_fu_712_p2   |     -    |      0|  0|   26|          18|          19|
    |sub_ln876_fu_817_p2   |     -    |      0|  0|   26|          18|          19|
    |sub_ln877_fu_914_p2   |     -    |      0|  0|   26|          18|          19|
    |sub_ln878_fu_987_p2   |     -    |      0|  0|   26|          18|          19|
    |icmp_ln30_fu_514_p2   |   icmp   |      0|  0|   11|           4|           5|
    |icmp_ln362_fu_469_p2  |   icmp   |      0|  0|   11|           5|           4|
    |icmp_ln417_fu_490_p2  |   icmp   |      0|  0|    9|           3|           3|
    |icmp_ln46_fu_429_p2   |   icmp   |      0|  0|    9|           3|           4|
    |icmp_ln854_fu_601_p2  |   icmp   |      0|  0|   11|           7|           8|
    |or_ln860_fu_740_p2    |    or    |      0|  0|    8|           8|           1|
    |or_ln863_fu_779_p2    |    or    |      0|  0|   14|          14|          14|
    |or_ln865_fu_838_p2    |    or    |      0|  0|    8|           8|           2|
    |or_ln868_fu_876_p2    |    or    |      0|  0|   12|          12|          12|
    |or_ln870_fu_935_p2    |    or    |      0|  0|    8|           8|           2|
    |or_ln872_fu_969_p2    |    or    |      0|  0|   10|          10|          10|
    |r_fu_570_p2           |    or    |      0|  0|   64|          64|          64|
    |shl_ln31_fu_564_p2    |    shl   |      0|  0|  182|          64|          64|
    |xor_ln418_fu_576_p2   |    xor   |      0|  0|   64|          64|          64|
    |xor_ln451_fu_583_p2   |    xor   |      0|  0|   64|          64|          21|
    |xor_ln452_fu_590_p2   |    xor   |      0|  0|   65|          64|          65|
    +----------------------+----------+-------+---+-----+------------+------------+
    |Total                 |          |      0|  0|  927|         559|         546|
    +----------------------+----------+-------+---+-----+------------+------------+

    * Multiplexer: 
    +-----------------------+----+-----------+-----+-----------+
    |          Name         | LUT| Input Size| Bits| Total Bits|
    +-----------------------+----+-----------+-----+-----------+
    |ap_NS_fsm              |  93|         19|    1|         19|
    |buf_address0           |  38|          7|   10|         70|
    |buf_address1           |  27|          5|   10|         50|
    |buf_ce0                |  15|          3|    1|          3|
    |buf_we0                |   9|          2|    1|          2|
    |i_0_i1_i_reg_356       |   9|          2|    4|          8|
    |i_0_i_i_i_i_reg_334    |   9|          2|    5|         10|
    |i_0_i_reg_380          |   9|          2|    7|         14|
    |i_0_reg_322            |   9|          2|    3|          6|
    |i_3_i_i_reg_345        |   9|          2|    3|          6|
    |r_0_i2_i_reg_368       |   9|          2|   64|        128|
    |reg_406                |   9|          2|    8|         16|
    |state_s_address0       |  41|          8|    5|         40|
    |state_s_address1       |  21|          4|    5|         20|
    |state_s_ce0            |  21|          4|    1|          4|
    |state_s_ce1            |  15|          3|    1|          3|
    |state_s_d0             |  33|          6|   64|        384|
    |state_s_d1             |  15|          3|   64|        192|
    |state_s_we0            |  21|          4|    1|          4|
    |state_s_we1            |  15|          3|    1|          3|
    |v_vec_coeffs_address0  |  27|          5|   10|         50|
    |v_vec_coeffs_d0        |  27|          5|   19|         95|
    +-----------------------+----+-----------+-----+-----------+
    |Total                  | 481|         95|  288|       1127|
    +-----------------------+----+-----------+-----+-----------+

    * Register: 
    +----------------------------------------------+----+----+-----+-----------+
    |                     Name                     | FF | LUT| Bits| Const Bits|
    +----------------------------------------------+----+----+-----+-----------+
    |add_ln417_reg_1044                            |   3|   0|    3|          0|
    |add_ln855_reg_1097                            |  10|   0|   10|          0|
    |ap_CS_fsm                                     |  18|   0|   18|          0|
    |grp_keccak_squeezeblocks_fu_391_ap_start_reg  |   1|   0|    1|          0|
    |grp_shake256_absorb_2_fu_399_ap_start_reg     |   1|   0|    1|          0|
    |i_0_i1_i_reg_356                              |   4|   0|    4|          0|
    |i_0_i_i_i_i_reg_334                           |   5|   0|    5|          0|
    |i_0_i_reg_380                                 |   7|   0|    7|          0|
    |i_0_reg_322                                   |   3|   0|    3|          0|
    |i_20_reg_1086                                 |   7|   0|    7|          0|
    |i_21_reg_1057                                 |   4|   0|    4|          0|
    |i_3_i_i_reg_345                               |   3|   0|    3|          0|
    |i_reg_1013                                    |   3|   0|    3|          0|
    |r_0_i2_i_reg_368                              |  64|   0|   64|          0|
    |reg_406                                       |   8|   0|    8|          0|
    |shl_ln47_reg_994                              |  14|   0|   16|          2|
    |shl_ln855_1_reg_1134                          |   6|   0|    8|          2|
    |state_s_addr_6_reg_1067                       |   3|   0|    5|          2|
    |t_0_reg_1018                                  |   8|   0|    8|          0|
    |t_1_reg_1023                                  |   8|   0|    8|          0|
    |trunc_ln855_reg_1091                          |   6|   0|    6|          0|
    |trunc_ln_reg_999                              |   6|   0|    8|          2|
    |zext_ln26_reg_1049                            |   3|   0|    8|          5|
    |zext_ln417_reg_1036                           |   3|   0|   64|         61|
    +----------------------------------------------+----+----+-----+-----------+
    |Total                                         | 198|   0|  272|         74|
    +----------------------------------------------+----+----+-----+-----------+



================================================================
== Interface
================================================================
* Summary: 
+-----------------------+-----+-----+------------+----------------------+--------------+
|       RTL Ports       | Dir | Bits|  Protocol  |     Source Object    |    C Type    |
+-----------------------+-----+-----+------------+----------------------+--------------+
|ap_clk                 |  in |    1| ap_ctrl_hs | polyvecl_uniform_gam | return value |
|ap_rst                 |  in |    1| ap_ctrl_hs | polyvecl_uniform_gam | return value |
|ap_start               |  in |    1| ap_ctrl_hs | polyvecl_uniform_gam | return value |
|ap_done                | out |    1| ap_ctrl_hs | polyvecl_uniform_gam | return value |
|ap_idle                | out |    1| ap_ctrl_hs | polyvecl_uniform_gam | return value |
|ap_ready               | out |    1| ap_ctrl_hs | polyvecl_uniform_gam | return value |
|v_vec_coeffs_address0  | out |   10|  ap_memory |     v_vec_coeffs     |     array    |
|v_vec_coeffs_ce0       | out |    1|  ap_memory |     v_vec_coeffs     |     array    |
|v_vec_coeffs_we0       | out |    1|  ap_memory |     v_vec_coeffs     |     array    |
|v_vec_coeffs_d0        | out |   19|  ap_memory |     v_vec_coeffs     |     array    |
|seed_address0          | out |    8|  ap_memory |         seed         |     array    |
|seed_ce0               | out |    1|  ap_memory |         seed         |     array    |
|seed_q0                |  in |    8|  ap_memory |         seed         |     array    |
|nonce                  |  in |   16|   ap_none  |         nonce        |    scalar    |
+-----------------------+-----+-----+------------+----------------------+--------------+

