

================================================================
== Vivado HLS Report for 'shake256_squeezebloc_1'
================================================================
* Date:           Fri Apr  7 17:18:19 2023

* Version:        2019.2 (Build 2704478 on Wed Nov 06 22:10:23 MST 2019)
* Project:        crypto_sign
* Solution:       solution1
* Product family: artix7
* Target device:  xc7a200t-fbg676-2


================================================================
== Performance Estimates
================================================================
+ Timing: 
    * Summary: 
    +--------+----------+----------+------------+
    |  Clock |  Target  | Estimated| Uncertainty|
    +--------+----------+----------+------------+
    |ap_clk  | 10.00 us | 6.812 ns |   1.25 us  |
    +--------+----------+----------+------------+

+ Latency: 
    * Summary: 
    +---------+---------+----------+----------+-----+-----+---------+
    |  Latency (cycles) |  Latency (absolute) |  Interval | Pipeline|
    |   min   |   max   |    min   |    max   | min | max |   Type  |
    +---------+---------+----------+----------+-----+-----+---------+
    |      241|      241| 2.410 ms | 2.410 ms |  241|  241|   none  |
    +---------+---------+----------+----------+-----+-----+---------+

    + Detail: 
        * Instance: 
        +-----------------------------------+------------------------+---------+---------+----------+----------+-----+-----+---------+
        |                                   |                        |  Latency (cycles) |  Latency (absolute) |  Interval | Pipeline|
        |              Instance             |         Module         |   min   |   max   |    min   |    max   | min | max |   Type  |
        +-----------------------------------+------------------------+---------+---------+----------+----------+-----+-----+---------+
        |grp_KeccakF1600_StatePer_1_fu_118  |KeccakF1600_StatePer_1  |       50|       50| 0.500 ms | 0.500 ms |   50|   50|   none  |
        +-----------------------------------+------------------------+---------+---------+----------+----------+-----+-----+---------+

        * Loop: 
        +-----------------+---------+---------+----------+-----------+-----------+------+----------+
        |                 |  Latency (cycles) | Iteration|  Initiation Interval  | Trip |          |
        |    Loop Name    |   min   |   max   |  Latency |  achieved |   target  | Count| Pipelined|
        +-----------------+---------+---------+----------+-----------+-----------+------+----------+
        |- Loop 1         |      240|      240|       240|          -|          -|     1|    no    |
        | + Loop 1.1      |      187|      187|        11|          -|          -|    17|    no    |
        |  ++ Loop 1.1.1  |        8|        8|         1|          -|          -|     8|    no    |
        +-----------------+---------+---------+----------+-----------+-----------+------+----------+



================================================================
== Utilization Estimates
================================================================
* Summary: 
+-----------------+---------+-------+--------+--------+-----+
|       Name      | BRAM_18K| DSP48E|   FF   |   LUT  | URAM|
+-----------------+---------+-------+--------+--------+-----+
|DSP              |        -|      -|       -|       -|    -|
|Expression       |        -|      -|       0|     275|    -|
|FIFO             |        -|      -|       -|       -|    -|
|Instance         |        2|      -|    3110|   16883|    -|
|Memory           |        -|      -|       -|       -|    -|
|Multiplexer      |        -|      -|       -|     122|    -|
|Register         |        -|      -|      99|       -|    -|
+-----------------+---------+-------+--------+--------+-----+
|Total            |        2|      0|    3209|   17280|    0|
+-----------------+---------+-------+--------+--------+-----+
|Available        |      730|    740|  269200|  134600|    0|
+-----------------+---------+-------+--------+--------+-----+
|Utilization (%)  |    ~0   |      0|       1|      12|    0|
+-----------------+---------+-------+--------+--------+-----+

+ Detail: 
    * Instance: 
    +-----------------------------------+------------------------+---------+-------+------+-------+-----+
    |              Instance             |         Module         | BRAM_18K| DSP48E|  FF  |  LUT  | URAM|
    +-----------------------------------+------------------------+---------+-------+------+-------+-----+
    |grp_KeccakF1600_StatePer_1_fu_118  |KeccakF1600_StatePer_1  |        2|      0|  3110|  16883|    0|
    +-----------------------------------+------------------------+---------+-------+------+-------+-----+
    |Total                              |                        |        2|      0|  3110|  16883|    0|
    +-----------------------------------+------------------------+---------+-------+------+-------+-----+

    * DSP48E: 
    N/A

    * Memory: 
    N/A

    * FIFO: 
    N/A

    * Expression: 
    +----------------------+----------+-------+---+-----+------------+------------+
    |     Variable Name    | Operation| DSP48E| FF| LUT | Bitwidth P0| Bitwidth P1|
    +----------------------+----------+-------+---+-----+------------+------------+
    |add_ln479_fu_143_p2   |     +    |      0|  0|   15|           8|           8|
    |add_ln48_1_fu_199_p2  |     +    |      0|  0|   14|           8|           8|
    |add_ln48_fu_204_p2    |     +    |      0|  0|   14|           8|           8|
    |i_11_fu_163_p2        |     +    |      0|  0|   13|           4|           1|
    |i_fu_132_p2           |     +    |      0|  0|   15|           5|           1|
    |icmp_ln477_fu_126_p2  |   icmp   |      0|  0|   11|           5|           5|
    |icmp_ln47_fu_157_p2   |   icmp   |      0|  0|   11|           4|           5|
    |lshr_ln48_fu_185_p2   |   lshr   |      0|  0|  182|          64|          64|
    +----------------------+----------+-------+---+-----+------------+------------+
    |Total                 |          |      0|  0|  275|         106|         100|
    +----------------------+----------+-------+---+-----+------------+------------+

    * Multiplexer: 
    +------------------+----+-----------+-----+-----------+
    |       Name       | LUT| Input Size| Bits| Total Bits|
    +------------------+----+-----------+-----+-----------+
    |ap_NS_fsm         |  38|          7|    1|          7|
    |i_0_i1_reg_107    |   9|          2|    4|          8|
    |i_0_i_reg_95      |   9|          2|    5|         10|
    |p_0_rec_i_reg_83  |   9|          2|    8|         16|
    |state_s_address0  |  15|          3|    5|         15|
    |state_s_ce0       |  15|          3|    1|          3|
    |state_s_ce1       |   9|          2|    1|          2|
    |state_s_we0       |   9|          2|    1|          2|
    |state_s_we1       |   9|          2|    1|          2|
    +------------------+----+-----------+-----+-----------+
    |Total             | 122|         25|   27|         65|
    +------------------+----+-----------+-----+-----------+

    * Register: 
    +------------------------------------------------+----+----+-----+-----------+
    |                      Name                      | FF | LUT| Bits| Const Bits|
    +------------------------------------------------+----+----+-----+-----------+
    |ap_CS_fsm                                       |   6|   0|    6|          0|
    |grp_KeccakF1600_StatePer_1_fu_118_ap_start_reg  |   1|   0|    1|          0|
    |i_0_i1_reg_107                                  |   4|   0|    4|          0|
    |i_0_i_reg_95                                    |   5|   0|    5|          0|
    |i_reg_218                                       |   5|   0|    5|          0|
    |p_01_i_reg_70                                   |   1|   0|    1|          0|
    |p_0_rec_i_reg_83                                |   8|   0|    8|          0|
    |shl_ln_reg_233                                  |   5|   0|    8|          3|
    |state_s_load_reg_238                            |  64|   0|   64|          0|
    +------------------------------------------------+----+----+-----+-----------+
    |Total                                           |  99|   0|  102|          3|
    +------------------------------------------------+----+----+-----+-----------+



================================================================
== Interface
================================================================
* Summary: 
+------------------+-----+-----+------------+------------------------+--------------+
|     RTL Ports    | Dir | Bits|  Protocol  |      Source Object     |    C Type    |
+------------------+-----+-----+------------+------------------------+--------------+
|ap_clk            |  in |    1| ap_ctrl_hs | shake256_squeezebloc.1 | return value |
|ap_rst            |  in |    1| ap_ctrl_hs | shake256_squeezebloc.1 | return value |
|ap_start          |  in |    1| ap_ctrl_hs | shake256_squeezebloc.1 | return value |
|ap_done           | out |    1| ap_ctrl_hs | shake256_squeezebloc.1 | return value |
|ap_idle           | out |    1| ap_ctrl_hs | shake256_squeezebloc.1 | return value |
|ap_ready          | out |    1| ap_ctrl_hs | shake256_squeezebloc.1 | return value |
|out_r_address0    | out |    8|  ap_memory |          out_r         |     array    |
|out_r_ce0         | out |    1|  ap_memory |          out_r         |     array    |
|out_r_we0         | out |    1|  ap_memory |          out_r         |     array    |
|out_r_d0          | out |    8|  ap_memory |          out_r         |     array    |
|state_s_address0  | out |    5|  ap_memory |         state_s        |     array    |
|state_s_ce0       | out |    1|  ap_memory |         state_s        |     array    |
|state_s_we0       | out |    1|  ap_memory |         state_s        |     array    |
|state_s_d0        | out |   64|  ap_memory |         state_s        |     array    |
|state_s_q0        |  in |   64|  ap_memory |         state_s        |     array    |
|state_s_address1  | out |    5|  ap_memory |         state_s        |     array    |
|state_s_ce1       | out |    1|  ap_memory |         state_s        |     array    |
|state_s_we1       | out |    1|  ap_memory |         state_s        |     array    |
|state_s_d1        | out |   64|  ap_memory |         state_s        |     array    |
|state_s_q1        |  in |   64|  ap_memory |         state_s        |     array    |
+------------------+-----+-----+------------+------------------------+--------------+

