   Build using "/tools/Xilinx/Vivado/2019.2/tps/lnx64/gcc-6.2.0/bin/g++"
   Compiling apatb_crypto_sign.cpp
   Compiling (apcc) symmetric-aes.c_pre.c.tb.c
INFO: [HLS 200-10] Running '/tools/Xilinx/Vivado/2019.2/bin/unwrapped/lnx64.o/apcc'
INFO: [HLS 200-10] For user 'guest' on host 'cse-HP-ProDesk-600-G6-Microtower-PC' (Linux_x86_64 version 5.15.0-67-generic) on Tue Apr 04 23:44:24 IST 2023
INFO: [HLS 200-10] On os Ubuntu 20.04.5 LTS
INFO: [HLS 200-10] In directory '/home/guest/Documents/vlsi_2/time/cur/dilithium2/crypto_sign/solution1/sim/wrapc'
clang: warning: argument unused during compilation: '-fno-builtin-isinf'
clang: warning: argument unused during compilation: '-fno-builtin-isnan'
INFO: [APCC 202-3] Tmp directory is /tmp/apcc_db_guest/3263131680632064070060
INFO: [APCC 202-1] APCC is done.
   Compiling (apcc) polyvec.c_pre.c.tb.c
INFO: [HLS 200-10] Running '/tools/Xilinx/Vivado/2019.2/bin/unwrapped/lnx64.o/apcc'
INFO: [HLS 200-10] For user 'guest' on host 'cse-HP-ProDesk-600-G6-Microtower-PC' (Linux_x86_64 version 5.15.0-67-generic) on Tue Apr 04 23:44:28 IST 2023
INFO: [HLS 200-10] On os Ubuntu 20.04.5 LTS
INFO: [HLS 200-10] In directory '/home/guest/Documents/vlsi_2/time/cur/dilithium2/crypto_sign/solution1/sim/wrapc'
clang: warning: argument unused during compilation: '-fno-builtin-isinf'
clang: warning: argument unused during compilation: '-fno-builtin-isnan'
INFO: [APCC 202-3] Tmp directory is /tmp/apcc_db_guest/3263681680632068133760
INFO: [APCC 202-1] APCC is done.
   Compiling (apcc) fips202.c_pre.c.tb.c
INFO: [HLS 200-10] Running '/tools/Xilinx/Vivado/2019.2/bin/unwrapped/lnx64.o/apcc'
INFO: [HLS 200-10] For user 'guest' on host 'cse-HP-ProDesk-600-G6-Microtower-PC' (Linux_x86_64 version 5.15.0-67-generic) on Tue Apr 04 23:44:32 IST 2023
INFO: [HLS 200-10] On os Ubuntu 20.04.5 LTS
INFO: [HLS 200-10] In directory '/home/guest/Documents/vlsi_2/time/cur/dilithium2/crypto_sign/solution1/sim/wrapc'
clang: warning: argument unused during compilation: '-fno-builtin-isinf'
clang: warning: argument unused during compilation: '-fno-builtin-isnan'
INFO: [APCC 202-3] Tmp directory is /tmp/apcc_db_guest/3264251680632072254443
INFO: [APCC 202-1] APCC is done.
   Compiling (apcc) PQCgenKAT_sign.c_pre.c.tb.c
INFO: [HLS 200-10] Running '/tools/Xilinx/Vivado/2019.2/bin/unwrapped/lnx64.o/apcc'
INFO: [HLS 200-10] For user 'guest' on host 'cse-HP-ProDesk-600-G6-Microtower-PC' (Linux_x86_64 version 5.15.0-67-generic) on Tue Apr 04 23:44:37 IST 2023
INFO: [HLS 200-10] On os Ubuntu 20.04.5 LTS
INFO: [HLS 200-10] In directory '/home/guest/Documents/vlsi_2/time/cur/dilithium2/crypto_sign/solution1/sim/wrapc'
clang: warning: argument unused during compilation: '-fno-builtin-isinf'
clang: warning: argument unused during compilation: '-fno-builtin-isnan'
In file included from /home/guest/Documents/vlsi_2/time/cur/dilithium2/PQCgenKAT_sign.c:1:
/home/guest/Documents/vlsi_2/time/cur/dilithium2/PQCgenKAT_sign.c:142:17: warning: incompatible pointer types passing 'unsigned long long *' to parameter of type 'unsigned long *' [-Wincompatible-pointer-types]
crypto_sign(sm, &smlen, m, mlen, sk))
                ^~~~~~
./apatb_crypto_sign.h:8:20: note: passing argument to parameter 'smlen' here
long unsigned int* smlen,
                   ^
1 warning generated.
INFO: [APCC 202-3] Tmp directory is /tmp/apcc_db_guest/3264931680632077160615
INFO: [APCC 202-1] APCC is done.
   Compiling (apcc) symmetric-shake.c_pre.c.tb.c
INFO: [HLS 200-10] Running '/tools/Xilinx/Vivado/2019.2/bin/unwrapped/lnx64.o/apcc'
INFO: [HLS 200-10] For user 'guest' on host 'cse-HP-ProDesk-600-G6-Microtower-PC' (Linux_x86_64 version 5.15.0-67-generic) on Tue Apr 04 23:44:41 IST 2023
INFO: [HLS 200-10] On os Ubuntu 20.04.5 LTS
INFO: [HLS 200-10] In directory '/home/guest/Documents/vlsi_2/time/cur/dilithium2/crypto_sign/solution1/sim/wrapc'
clang: warning: argument unused during compilation: '-fno-builtin-isinf'
clang: warning: argument unused during compilation: '-fno-builtin-isnan'
INFO: [APCC 202-3] Tmp directory is /tmp/apcc_db_guest/3265511680632081326652
INFO: [APCC 202-1] APCC is done.
   Compiling (apcc) reduce.c_pre.c.tb.c
INFO: [HLS 200-10] Running '/tools/Xilinx/Vivado/2019.2/bin/unwrapped/lnx64.o/apcc'
INFO: [HLS 200-10] For user 'guest' on host 'cse-HP-ProDesk-600-G6-Microtower-PC' (Linux_x86_64 version 5.15.0-67-generic) on Tue Apr 04 23:44:45 IST 2023
INFO: [HLS 200-10] On os Ubuntu 20.04.5 LTS
INFO: [HLS 200-10] In directory '/home/guest/Documents/vlsi_2/time/cur/dilithium2/crypto_sign/solution1/sim/wrapc'
clang: warning: argument unused during compilation: '-fno-builtin-isinf'
clang: warning: argument unused during compilation: '-fno-builtin-isnan'
INFO: [APCC 202-3] Tmp directory is /tmp/apcc_db_guest/3266061680632085355991
INFO: [APCC 202-1] APCC is done.
   Compiling (apcc) ntt.c_pre.c.tb.c
INFO: [HLS 200-10] Running '/tools/Xilinx/Vivado/2019.2/bin/unwrapped/lnx64.o/apcc'
INFO: [HLS 200-10] For user 'guest' on host 'cse-HP-ProDesk-600-G6-Microtower-PC' (Linux_x86_64 version 5.15.0-67-generic) on Tue Apr 04 23:44:49 IST 2023
INFO: [HLS 200-10] On os Ubuntu 20.04.5 LTS
INFO: [HLS 200-10] In directory '/home/guest/Documents/vlsi_2/time/cur/dilithium2/crypto_sign/solution1/sim/wrapc'
clang: warning: argument unused during compilation: '-fno-builtin-isinf'
clang: warning: argument unused during compilation: '-fno-builtin-isnan'
INFO: [APCC 202-3] Tmp directory is /tmp/apcc_db_guest/3266621680632089374741
INFO: [APCC 202-1] APCC is done.
   Compiling (apcc) rng.c_pre.c.tb.c
INFO: [HLS 200-10] Running '/tools/Xilinx/Vivado/2019.2/bin/unwrapped/lnx64.o/apcc'
INFO: [HLS 200-10] For user 'guest' on host 'cse-HP-ProDesk-600-G6-Microtower-PC' (Linux_x86_64 version 5.15.0-67-generic) on Tue Apr 04 23:44:53 IST 2023
INFO: [HLS 200-10] On os Ubuntu 20.04.5 LTS
INFO: [HLS 200-10] In directory '/home/guest/Documents/vlsi_2/time/cur/dilithium2/crypto_sign/solution1/sim/wrapc'
clang: warning: argument unused during compilation: '-fno-builtin-isinf'
clang: warning: argument unused during compilation: '-fno-builtin-isnan'
INFO: [APCC 202-3] Tmp directory is /tmp/apcc_db_guest/3267181680632093413548
INFO: [APCC 202-1] APCC is done.
   Compiling (apcc) sign.c_pre.c.tb.c
INFO: [HLS 200-10] Running '/tools/Xilinx/Vivado/2019.2/bin/unwrapped/lnx64.o/apcc'
INFO: [HLS 200-10] For user 'guest' on host 'cse-HP-ProDesk-600-G6-Microtower-PC' (Linux_x86_64 version 5.15.0-67-generic) on Tue Apr 04 23:44:57 IST 2023
INFO: [HLS 200-10] On os Ubuntu 20.04.5 LTS
INFO: [HLS 200-10] In directory '/home/guest/Documents/vlsi_2/time/cur/dilithium2/crypto_sign/solution1/sim/wrapc'
clang: warning: argument unused during compilation: '-fno-builtin-isinf'
clang: warning: argument unused during compilation: '-fno-builtin-isnan'
INFO: [APCC 202-3] Tmp directory is /tmp/apcc_db_guest/3267731680632097577661
INFO: [APCC 202-1] APCC is done.
   Compiling (apcc) packing.c_pre.c.tb.c
INFO: [HLS 200-10] Running '/tools/Xilinx/Vivado/2019.2/bin/unwrapped/lnx64.o/apcc'
INFO: [HLS 200-10] For user 'guest' on host 'cse-HP-ProDesk-600-G6-Microtower-PC' (Linux_x86_64 version 5.15.0-67-generic) on Tue Apr 04 23:45:01 IST 2023
INFO: [HLS 200-10] On os Ubuntu 20.04.5 LTS
INFO: [HLS 200-10] In directory '/home/guest/Documents/vlsi_2/time/cur/dilithium2/crypto_sign/solution1/sim/wrapc'
clang: warning: argument unused during compilation: '-fno-builtin-isinf'
clang: warning: argument unused during compilation: '-fno-builtin-isnan'
INFO: [APCC 202-3] Tmp directory is /tmp/apcc_db_guest/3268291680632101657895
INFO: [APCC 202-1] APCC is done.
   Compiling (apcc) poly.c_pre.c.tb.c
INFO: [HLS 200-10] Running '/tools/Xilinx/Vivado/2019.2/bin/unwrapped/lnx64.o/apcc'
INFO: [HLS 200-10] For user 'guest' on host 'cse-HP-ProDesk-600-G6-Microtower-PC' (Linux_x86_64 version 5.15.0-67-generic) on Tue Apr 04 23:45:05 IST 2023
INFO: [HLS 200-10] On os Ubuntu 20.04.5 LTS
INFO: [HLS 200-10] In directory '/home/guest/Documents/vlsi_2/time/cur/dilithium2/crypto_sign/solution1/sim/wrapc'
clang: warning: argument unused during compilation: '-fno-builtin-isinf'
clang: warning: argument unused during compilation: '-fno-builtin-isnan'
INFO: [APCC 202-3] Tmp directory is /tmp/apcc_db_guest/3268891680632105793506
INFO: [APCC 202-1] APCC is done.
   Compiling (apcc) aes.c_pre.c.tb.c
INFO: [HLS 200-10] Running '/tools/Xilinx/Vivado/2019.2/bin/unwrapped/lnx64.o/apcc'
INFO: [HLS 200-10] For user 'guest' on host 'cse-HP-ProDesk-600-G6-Microtower-PC' (Linux_x86_64 version 5.15.0-67-generic) on Tue Apr 04 23:45:10 IST 2023
INFO: [HLS 200-10] On os Ubuntu 20.04.5 LTS
INFO: [HLS 200-10] In directory '/home/guest/Documents/vlsi_2/time/cur/dilithium2/crypto_sign/solution1/sim/wrapc'
clang: warning: argument unused during compilation: '-fno-builtin-isinf'
clang: warning: argument unused during compilation: '-fno-builtin-isnan'
INFO: [APCC 202-3] Tmp directory is /tmp/apcc_db_guest/3269441680632110315283
INFO: [APCC 202-1] APCC is done.
   Compiling (apcc) aes256ctr.c_pre.c.tb.c
INFO: [HLS 200-10] Running '/tools/Xilinx/Vivado/2019.2/bin/unwrapped/lnx64.o/apcc'
INFO: [HLS 200-10] For user 'guest' on host 'cse-HP-ProDesk-600-G6-Microtower-PC' (Linux_x86_64 version 5.15.0-67-generic) on Tue Apr 04 23:45:14 IST 2023
INFO: [HLS 200-10] On os Ubuntu 20.04.5 LTS
INFO: [HLS 200-10] In directory '/home/guest/Documents/vlsi_2/time/cur/dilithium2/crypto_sign/solution1/sim/wrapc'
clang: warning: argument unused during compilation: '-fno-builtin-isinf'
clang: warning: argument unused during compilation: '-fno-builtin-isnan'
INFO: [APCC 202-3] Tmp directory is /tmp/apcc_db_guest/3270001680632114641718
INFO: [APCC 202-1] APCC is done.
   Compiling (apcc) rounding.c_pre.c.tb.c
INFO: [HLS 200-10] Running '/tools/Xilinx/Vivado/2019.2/bin/unwrapped/lnx64.o/apcc'
INFO: [HLS 200-10] For user 'guest' on host 'cse-HP-ProDesk-600-G6-Microtower-PC' (Linux_x86_64 version 5.15.0-67-generic) on Tue Apr 04 23:45:19 IST 2023
INFO: [HLS 200-10] On os Ubuntu 20.04.5 LTS
INFO: [HLS 200-10] In directory '/home/guest/Documents/vlsi_2/time/cur/dilithium2/crypto_sign/solution1/sim/wrapc'
clang: warning: argument unused during compilation: '-fno-builtin-isinf'
clang: warning: argument unused during compilation: '-fno-builtin-isnan'
INFO: [APCC 202-3] Tmp directory is /tmp/apcc_db_guest/3270551680632119039725
INFO: [APCC 202-1] APCC is done.
   Generating cosim.tv.exe
