

================================================================
== Vivado HLS Report for 'crypto_sign_signatur'
================================================================
* Date:           Tue Apr  4 23:40:56 2023

* Version:        2019.2 (Build 2704478 on Wed Nov 06 22:10:23 MST 2019)
* Project:        crypto_sign
* Solution:       solution1
* Product family: artix7
* Target device:  xc7a200t-fbg676-2


================================================================
== Performance Estimates
================================================================
+ Timing: 
    * Summary: 
    +--------+----------+-----------+------------+
    |  Clock |  Target  | Estimated | Uncertainty|
    +--------+----------+-----------+------------+
    |ap_clk  | 10.00 us | 52.228 ns |   1.25 us  |
    +--------+----------+-----------+------------+

+ Latency: 
    * Summary: 
    +---------+---------+----------+----------+-----+-----+---------+
    |  Latency (cycles) |  Latency (absolute) |  Interval | Pipeline|
    |   min   |   max   |    min   |    max   | min | max |   Type  |
    +---------+---------+----------+----------+-----+-----+---------+
    |        ?|        ?|         ?|         ?|    ?|    ?|   none  |
    +---------+---------+----------+----------+-----+-----+---------+

    + Detail: 
        * Instance: 
        +------------------------------------+------------------------+---------+---------+-----------+-----------+------+------+----------+
        |                                    |                        |  Latency (cycles) |   Latency (absolute)  |   Interval  | Pipeline |
        |              Instance              |         Module         |   min   |   max   |    min    |    max    |  min |  max |   Type   |
        +------------------------------------+------------------------+---------+---------+-----------+-----------+------+------+----------+
        |grp_ntt_fu_1313                     |ntt                     |        ?|        ?|          ?|          ?|     ?|     ?|   none   |
        |grp_pack_sig_fu_1325                |pack_sig                |     2280|     2280| 22.800 ms | 22.800 ms |  2280|  2280|   none   |
        |grp_poly_challenge_fu_1333          |poly_challenge          |        ?|        ?|          ?|          ?|     ?|     ?|   none   |
        |grp_poly_uniform_fu_1342            |poly_uniform            |        ?|        ?|          ?|          ?|     ?|     ?|   none   |
        |grp_polyvecl_uniform_gam_fu_1355    |polyvecl_uniform_gam    |        ?|        ?|          ?|          ?|     ?|     ?|   none   |
        |grp_unpack_sk_fu_1365               |unpack_sk               |     1983|     1983| 19.830 ms | 19.830 ms |  1983|  1983|   none   |
        |grp_poly_chknorm_fu_1379            |poly_chknorm            |      128|      128|  1.280 ms |  1.280 ms |   128|   128| function |
        |grp_keccak_absorb_2_fu_1392         |keccak_absorb_2         |        ?|        ?|          ?|          ?|     ?|     ?|   none   |
        |grp_KeccakF1600_StatePer_1_fu_1408  |KeccakF1600_StatePer_1  |       50|       50|  0.500 ms |  0.500 ms |    50|    50|   none   |
        |grp_KeccakF1600_StatePer_fu_1415    |KeccakF1600_StatePer    |       50|       50|  0.500 ms |  0.500 ms |    50|    50|   none   |
        |grp_poly_pointwise_montg_fu_1422    |poly_pointwise_montg    |      128|      128|  1.280 ms |  1.280 ms |   128|   128| function |
        |grp_poly_caddq_fu_1437              |poly_caddq              |      255|      255|  2.550 ms |  2.550 ms |   256|   256| function |
        |grp_poly_reduce_fu_1445             |poly_reduce             |      255|      255|  2.550 ms |  2.550 ms |   256|   256| function |
        |grp_polyveck_reduce_fu_1452         |polyveck_reduce         |     1026|     1026| 10.260 ms | 10.260 ms |  1026|  1026|   none   |
        |grp_polyw1_pack_fu_1457             |polyw1_pack             |      128|      128|  1.280 ms |  1.280 ms |   128|   128| function |
        |grp_polyveck_invntt_tomo_fu_1467    |polyveck_invntt_tomo    |        ?|        ?|          ?|          ?|     ?|     ?|   none   |
        |grp_invntt_tomont_fu_1474           |invntt_tomont           |        ?|        ?|          ?|          ?|     ?|     ?|   none   |
        |grp_ntt_1_fu_1483                   |ntt_1                   |        ?|        ?|          ?|          ?|     ?|     ?|   none   |
        |grp_polyvecl_pointwise_a_fu_1490    |polyvecl_pointwise_a    |     2575|     2575| 25.750 ms | 25.750 ms |  2575|  2575|   none   |
        |grp_keccak_absorb_3199_fu_1499      |keccak_absorb_3199      |      115|      115|  1.150 ms |  1.150 ms |   115|   115|   none   |
        +------------------------------------+------------------------+---------+---------+-----------+-----------+------+------+----------+

        * Loop: 
        +-------------------+---------+---------+----------+-----------+-----------+-------+----------+
        |                   |  Latency (cycles) | Iteration|  Initiation Interval  |  Trip |          |
        |     Loop Name     |   min   |   max   |  Latency |  achieved |   target  | Count | Pipelined|
        +-------------------+---------+---------+----------+-----------+-----------+-------+----------+
        |- Loop 1           |       25|       25|         1|          -|          -|     25|    no    |
        |- Loop 2           |       30|       30|         5|          -|          -|      6|    no    |
        |- Loop 3           |       25|       25|         1|          -|          -|     25|    no    |
        |- Loop 4           |      190|      190|        19|          -|          -|     10|    no    |
        | + Loop 4.1        |       16|       16|         2|          -|          -|      8|    no    |
        |- Loop 5           |       30|       30|         5|          -|          -|      6|    no    |
        |- Loop 6           |        ?|        ?|         ?|          -|          -|      4|    no    |
        | + Loop 6.1        |        ?|        ?|         ?|          -|          -|      4|    no    |
        |- Loop 7           |        ?|        ?|         ?|          -|          -|      4|    no    |
        |- Loop 8           |        ?|        ?|         ?|          -|          -|      4|    no    |
        |- Loop 9           |        ?|        ?|         ?|          -|          -|      4|    no    |
        |- Loop 10          |        ?|        ?|         ?|          -|          -|      ?|    no    |
        | + Loop 10.1       |      511|      511|         2|          -|          -|    256|    no    |
        | + Loop 10.2       |      511|      511|         2|          -|          -|    256|    no    |
        | + Loop 10.3       |      511|      511|         2|          -|          -|    256|    no    |
        | + Loop 10.4       |      511|      511|         2|          -|          -|    256|    no    |
        | + Loop 10.5       |        ?|        ?|         ?|          -|          -|      4|    no    |
        | + Loop 10.6       |    10308|    10308|      2577|          -|          -|      4|    no    |
        | + Loop 10.7       |     1024|     1024|       257|        256|          1|      4|    yes   |
        | + Loop 10.8       |     2056|     2056|       514|          -|          -|      4|    no    |
        |  ++ Loop 10.8.1   |      512|      512|         2|          -|          -|    256|    no    |
        | + Loop 10.9       |      513|      513|       130|        128|          1|      4|    yes   |
        | + Loop 10.10      |       25|       25|         1|          -|          -|     25|    no    |
        | + Loop 10.11      |       20|       20|         5|          -|          -|      4|    no    |
        | + Loop 10.12      |      513|      513|       130|        128|          1|      4|    yes   |
        | + Loop 10.13      |        ?|        ?|         ?|          -|          -|      4|    no    |
        | + Loop 10.14      |     2056|     2056|       514|          -|          -|      4|    no    |
        |  ++ Loop 10.14.1  |      512|      512|         2|          -|          -|    256|    no    |
        | + Loop 10.15      |     1028|     1028|       257|          -|          -|      4|    no    |
        | + Loop 10.16      |      130|      649|       130|          -|          -| 1 ~ 4 |    no    |
        | + Loop 10.17      |      513|      513|       130|        128|          1|      4|    yes   |
        | + Loop 10.18      |     2056|     2056|       514|          -|          -|      4|    no    |
        |  ++ Loop 10.18.1  |      512|      512|         2|          -|          -|    256|    no    |
        | + Loop 10.19      |      259|      649|       130|        130|          1| 1 ~ 4 |    yes   |
        | + Loop 10.20      |      513|      513|       130|        128|          1|      4|    yes   |
        | + Loop 10.21      |      259|      649|       130|        130|          1| 1 ~ 4 |    yes   |
        | + Loop 10.22      |     2056|     2056|       514|          -|          -|      4|    no    |
        |  ++ Loop 10.22.1  |      512|      512|         2|          -|          -|    256|    no    |
        | + Loop 10.23      |     1024|     1024|       257|        256|          1|      4|    yes   |
        | + Loop 10.24      |     2056|     2056|       514|          -|          -|      4|    no    |
        |  ++ Loop 10.24.1  |      512|      512|         2|          -|          -|    256|    no    |
        +-------------------+---------+---------+----------+-----------+-----------+-------+----------+



================================================================
== Utilization Estimates
================================================================
* Summary: 
+-----------------+---------+-------+--------+--------+-----+
|       Name      | BRAM_18K| DSP48E|   FF   |   LUT  | URAM|
+-----------------+---------+-------+--------+--------+-----+
|DSP              |        -|      2|       -|       -|    -|
|Expression       |        -|      -|       0|    2849|    -|
|FIFO             |        -|      -|       -|       -|    -|
|Instance         |       38|   2908|   93047|  403076|    0|
|Memory           |       33|      -|       0|       0|    0|
|Multiplexer      |        -|      -|       -|    5558|    -|
|Register         |        -|      -|    2561|       -|    -|
+-----------------+---------+-------+--------+--------+-----+
|Total            |       71|   2910|   95608|  411483|    0|
+-----------------+---------+-------+--------+--------+-----+
|Available        |      730|    740|  269200|  134600|    0|
+-----------------+---------+-------+--------+--------+-----+
|Utilization (%)  |        9|    393|      35|     305|    0|
+-----------------+---------+-------+--------+--------+-----+

+ Detail: 
    * Instance: 
    +------------------------------------+------------------------+---------+-------+-------+-------+-----+
    |              Instance              |         Module         | BRAM_18K| DSP48E|   FF  |  LUT  | URAM|
    +------------------------------------+------------------------+---------+-------+-------+-------+-----+
    |grp_KeccakF1600_StatePer_fu_1415    |KeccakF1600_StatePer    |        2|      0|   3110|  16883|    0|
    |grp_KeccakF1600_StatePer_1_fu_1408  |KeccakF1600_StatePer_1  |        2|      0|   3110|  16883|    0|
    |grp_invntt_tomont_fu_1474           |invntt_tomont           |        1|     16|    332|    783|    0|
    |grp_keccak_absorb_2_fu_1392         |keccak_absorb_2         |        2|      0|   5286|  20150|    0|
    |grp_keccak_absorb_3199_fu_1499      |keccak_absorb_3199      |        0|      0|     92|    460|    0|
    |grp_ntt_fu_1313                     |ntt                     |        1|   1812|  16575|  66580|    0|
    |grp_ntt_1_fu_1483                   |ntt_1                   |        1|      8|    385|    630|    0|
    |grp_pack_sig_fu_1325                |pack_sig                |        0|      0|   9389|  47003|    0|
    |grp_poly_caddq_fu_1437              |poly_caddq              |        0|      0|   8899|   7538|    0|
    |grp_poly_challenge_fu_1333          |poly_challenge          |        9|      0|   8922|  38609|    0|
    |grp_poly_chknorm_fu_1379            |poly_chknorm            |        0|      0|    423|  28382|    0|
    |grp_poly_pointwise_montg_fu_1422    |poly_pointwise_montg    |        0|   1036|    139|  16465|    0|
    |grp_poly_reduce_fu_1445             |poly_reduce             |        0|      2|   8899|   7492|    0|
    |grp_poly_uniform_fu_1342            |poly_uniform            |        9|      0|   8215|  38441|    0|
    |grp_polyveck_invntt_tomo_fu_1467    |polyveck_invntt_tomo    |        1|     16|    342|    834|    0|
    |grp_polyveck_reduce_fu_1452         |polyveck_reduce         |        0|      2|   9167|   8723|    0|
    |grp_polyvecl_pointwise_a_fu_1490    |polyvecl_pointwise_a    |        1|     16|     99|    700|    0|
    |grp_polyvecl_uniform_gam_fu_1355    |polyvecl_uniform_gam    |        9|      0|   7887|  38248|    0|
    |grp_polyw1_pack_fu_1457             |polyw1_pack             |        0|      0|    218|  11644|    0|
    |grp_unpack_sk_fu_1365               |unpack_sk               |        0|      0|   1558|  36628|    0|
    +------------------------------------+------------------------+---------+-------+-------+-------+-----+
    |Total                               |                        |       38|   2908|  93047| 403076|    0|
    +------------------------------------+------------------------+---------+-------+-------+-------+-----+

    * DSP48E: 
    +---------------------------+----------------------+--------------+
    |          Instance         |        Module        |  Expression  |
    +---------------------------+----------------------+--------------+
    |crypto_sign_mac_mxdS_U108  |crypto_sign_mac_mxdS  | i0 + i1 * i2 |
    |crypto_sign_mac_myd2_U109  |crypto_sign_mac_myd2  | i0 * i1 + i2 |
    +---------------------------+----------------------+--------------+

    * Memory: 
    +------------------+----------------------+---------+---+----+-----+------+-----+------+-------------+
    |      Memory      |        Module        | BRAM_18K| FF| LUT| URAM| Words| Bits| Banks| W*Bits*Banks|
    +------------------+----------------------+---------+---+----+-----+------+-----+------+-------------+
    |seedbuf_U         |crypto_sign_signalbW  |        1|  0|   0|    0|   208|    8|     1|         1664|
    |mat_vec_coeffs_U  |crypto_sign_signamb6  |        6|  0|   0|    0|  4096|   23|     1|        94208|
    |s1_vec_coeffs_U   |crypto_sign_signancg  |        2|  0|   0|    0|  1024|   32|     1|        32768|
    |z_vec_coeffs_U    |crypto_sign_signancg  |        2|  0|   0|    0|  1024|   32|     1|        32768|
    |t0_vec_coeffs_U   |crypto_sign_signancg  |        2|  0|   0|    0|  1024|   32|     1|        32768|
    |s2_vec_coeffs_U   |crypto_sign_signancg  |        2|  0|   0|    0|  1024|   32|     1|        32768|
    |w1_vec_coeffs_U   |crypto_sign_signancg  |        2|  0|   0|    0|  1024|   32|     1|        32768|
    |w0_vec_coeffs_U   |crypto_sign_signancg  |        2|  0|   0|    0|  1024|   32|     1|        32768|
    |h_vec_coeffs_U    |crypto_sign_signancg  |        2|  0|   0|    0|  1024|   32|     1|        32768|
    |y_vec_coeffs_U    |crypto_sign_signaocq  |        2|  0|   0|    0|  1024|   19|     1|        19456|
    |cp_coeffs_U       |crypto_sign_signavdy  |        2|  0|   0|    0|   256|   32|     1|         8192|
    |state_0_s_U       |poly_uniform_statdEe  |        4|  0|   0|    0|    25|   64|     1|         1600|
    |state_s_U         |poly_uniform_statdEe  |        4|  0|   0|    0|    25|   64|     1|         1600|
    +------------------+----------------------+---------+---+----+-----+------+-----+------+-------------+
    |Total             |                      |       33|  0|   0|    0| 12802|  434|    13|       356096|
    +------------------+----------------------+---------+---+----+-----+------+-----+------+-------------+

    * FIFO: 
    N/A

    * Expression: 
    +-------------------------+----------+-------+---+-----+------------+------------+
    |      Variable Name      | Operation| DSP48E| FF| LUT | Bitwidth P0| Bitwidth P1|
    +-------------------------+----------+-------+---+-----+------------+------------+
    |add_ln113_fu_3010_p2     |     +    |      0|  0|   19|          12|          12|
    |add_ln124_1_fu_2366_p2   |     +    |      0|  0|   15|           8|           1|
    |add_ln124_2_fu_2392_p2   |     +    |      0|  0|   15|           8|           1|
    |add_ln124_3_fu_2418_p2   |     +    |      0|  0|   15|           8|           1|
    |add_ln124_fu_2344_p2     |     +    |      0|  0|   15|           8|           1|
    |add_ln232_fu_2520_p2     |     +    |      0|  0|   19|          12|          12|
    |add_ln255_fu_3180_p2     |     +    |      0|  0|   19|          12|          12|
    |add_ln31_fu_1943_p2      |     +    |      0|  0|   15|           8|           8|
    |add_ln416_fu_1901_p2     |     +    |      0|  0|   13|           4|           1|
    |add_ln42_fu_2530_p2      |     +    |      0|  0|   39|           7|          32|
    |add_ln540_1_fu_2017_p2   |     +    |      0|  0|   12|           3|           1|
    |add_ln540_2_fu_2750_p2   |     +    |      0|  0|   12|           3|           1|
    |add_ln540_fu_1699_p2     |     +    |      0|  0|   12|           3|           1|
    |add_ln541_1_fu_2040_p2   |     +    |      0|  0|   15|           8|           8|
    |add_ln541_fu_1722_p2     |     +    |      0|  0|   15|           7|           8|
    |add_ln542_1_fu_2072_p2   |     +    |      0|  0|   15|           8|           8|
    |add_ln542_fu_1743_p2     |     +    |      0|  0|   15|           7|           8|
    |add_ln543_1_fu_2152_p2   |     +    |      0|  0|   15|           8|           8|
    |add_ln543_fu_1763_p2     |     +    |      0|  0|   15|           7|           8|
    |add_ln544_1_fu_2172_p2   |     +    |      0|  0|   15|           8|           8|
    |add_ln544_fu_1783_p2     |     +    |      0|  0|   15|           7|           8|
    |add_ln545_1_fu_2192_p2   |     +    |      0|  0|   15|           8|           8|
    |add_ln545_fu_1803_p2     |     +    |      0|  0|   15|           7|           8|
    |add_ln546_1_fu_2212_p2   |     +    |      0|  0|   15|           8|           8|
    |add_ln546_fu_1823_p2     |     +    |      0|  0|   15|           7|           8|
    |add_ln547_1_fu_2232_p2   |     +    |      0|  0|   15|           8|           8|
    |add_ln547_fu_1843_p2     |     +    |      0|  0|   15|           7|           8|
    |add_ln548_1_fu_2252_p2   |     +    |      0|  0|   15|           8|           8|
    |add_ln548_fu_1863_p2     |     +    |      0|  0|   15|           7|           8|
    |add_ln92_1_fu_3115_p2    |     +    |      0|  0|   39|          32|          32|
    |add_ln92_2_fu_2912_p2    |     +    |      0|  0|   19|          12|          12|
    |add_ln92_3_fu_3104_p2    |     +    |      0|  0|   19|          12|          12|
    |add_ln92_fu_2927_p2      |     +    |      0|  0|   39|          32|          32|
    |i_38_fu_1643_p2          |     +    |      0|  0|   15|           5|           1|
    |i_39_fu_1880_p2          |     +    |      0|  0|   15|           5|           1|
    |i_40_fu_1925_p2          |     +    |      0|  0|   13|           4|           1|
    |i_42_fu_2269_p2          |     +    |      0|  0|   12|           3|           1|
    |i_69_fu_2308_p2          |     +    |      0|  0|   12|           3|           1|
    |i_70_fu_2320_p2          |     +    |      0|  0|   12|           3|           1|
    |i_71_fu_2332_p2          |     +    |      0|  0|   12|           3|           1|
    |i_72_fu_2450_p2          |     +    |      0|  0|   12|           3|           1|
    |i_73_fu_2462_p2          |     +    |      0|  0|   12|           3|           1|
    |i_74_fu_2474_p2          |     +    |      0|  0|   12|           3|           1|
    |i_75_fu_2486_p2          |     +    |      0|  0|   12|           3|           1|
    |i_76_fu_2639_p2          |     +    |      0|  0|   12|           3|           1|
    |i_77_fu_2510_p2          |     +    |      0|  0|   16|           9|           1|
    |i_78_fu_2694_p2          |     +    |      0|  0|   15|           5|           1|
    |i_79_fu_2854_p2          |     +    |      0|  0|   12|           3|           1|
    |i_80_fu_2866_p2          |     +    |      0|  0|   12|           3|           1|
    |i_81_fu_2878_p2          |     +    |      0|  0|   12|           3|           1|
    |i_82_fu_2940_p2          |     +    |      0|  0|   12|           3|           1|
    |i_83_fu_2902_p2          |     +    |      0|  0|   16|           9|           1|
    |i_84_fu_2952_p2          |     +    |      0|  0|   12|           3|           1|
    |i_85_fu_2964_p2          |     +    |      0|  0|   12|           3|           1|
    |i_86_fu_2976_p2          |     +    |      0|  0|   12|           3|           1|
    |i_87_fu_3000_p2          |     +    |      0|  0|   16|           9|           1|
    |i_88_fu_3034_p2          |     +    |      0|  0|   12|           3|           1|
    |i_89_fu_3046_p2          |     +    |      0|  0|   12|           3|           1|
    |i_90_fu_3070_p2          |     +    |      0|  0|   12|           3|           1|
    |i_91_fu_3058_p2          |     +    |      0|  0|   12|           3|           1|
    |i_92_fu_3128_p2          |     +    |      0|  0|   12|           3|           1|
    |i_93_fu_3094_p2          |     +    |      0|  0|   16|           9|           1|
    |i_94_fu_3140_p2          |     +    |      0|  0|   12|           3|           1|
    |i_95_fu_3170_p2          |     +    |      0|  0|   16|           9|           1|
    |j_fu_2281_p2             |     +    |      0|  0|   12|           3|           1|
    |nonce_fu_2338_p2         |     +    |      0|  0|   23|          16|           1|
    |s_1_fu_3258_p2           |     +    |      0|  0|   16|           9|           9|
    |s_fu_3195_p2             |     +    |      0|  0|   18|          11|          11|
    |sub_ln113_fu_3021_p2     |     -    |      0|  0|   39|          32|          32|
    |sub_ln435_fu_2673_p2     |     -    |      0|  0|   18|          11|          11|
    |sub_ln48_fu_2563_p2      |     -    |      0|  0|   16|           6|           9|
    |sub_ln52_1_fu_2627_p2    |     -    |      0|  0|   39|          32|          32|
    |sub_ln52_fu_2606_p2      |     -    |      0|  0|   39|          22|          32|
    |a1_1_fu_2591_p2          |    and   |      0|  0|    8|           8|           8|
    |and_ln69_fu_3225_p2      |    and   |      0|  0|    2|           1|           1|
    |icmp_ln100_1_fu_2444_p2  |   icmp   |      0|  0|    9|           3|           4|
    |icmp_ln100_fu_2302_p2    |   icmp   |      0|  0|    9|           3|           4|
    |icmp_ln109_fu_2860_p2    |   icmp   |      0|  0|    9|           3|           4|
    |icmp_ln112_fu_2994_p2    |   icmp   |      0|  0|   13|           9|          10|
    |icmp_ln116_fu_2848_p2    |   icmp   |      0|  0|    9|           3|           4|
    |icmp_ln124_1_fu_2381_p2  |   icmp   |      0|  0|   11|           8|           2|
    |icmp_ln124_2_fu_2407_p2  |   icmp   |      0|  0|   11|           8|           2|
    |icmp_ln124_3_fu_2433_p2  |   icmp   |      0|  0|   11|           8|           2|
    |icmp_ln124_fu_2355_p2    |   icmp   |      0|  0|   11|           8|           2|
    |icmp_ln162_fu_2946_p2    |   icmp   |      0|  0|    9|           3|           4|
    |icmp_ln172_fu_3158_p2    |   icmp   |      0|  0|   13|          11|           7|
    |icmp_ln208_1_fu_3122_p2  |   icmp   |      0|  0|    9|           3|           4|
    |icmp_ln208_fu_2468_p2    |   icmp   |      0|  0|    9|           3|           4|
    |icmp_ln20_fu_2263_p2     |   icmp   |      0|  0|    9|           3|           4|
    |icmp_ln21_fu_2275_p2     |   icmp   |      0|  0|    9|           3|           4|
    |icmp_ln231_fu_2504_p2    |   icmp   |      0|  0|   13|           9|          10|
    |icmp_ln242_fu_3064_p2    |   icmp   |      0|  0|    9|           3|           4|
    |icmp_ln254_fu_3164_p2    |   icmp   |      0|  0|   13|           9|          10|
    |icmp_ln260_fu_2970_p2    |   icmp   |      0|  0|    9|           3|           4|
    |icmp_ln28_fu_2456_p2     |   icmp   |      0|  0|    9|           3|           4|
    |icmp_ln290_1_fu_2326_p2  |   icmp   |      0|  0|    9|           3|           4|
    |icmp_ln290_fu_2314_p2    |   icmp   |      0|  0|    9|           3|           4|
    |icmp_ln30_fu_1919_p2     |   icmp   |      0|  0|   11|           4|           5|
    |icmp_ln315_1_fu_3040_p2  |   icmp   |      0|  0|    9|           3|           4|
    |icmp_ln315_fu_2958_p2    |   icmp   |      0|  0|    9|           3|           4|
    |icmp_ln337_1_fu_3052_p2  |   icmp   |      0|  0|    9|           3|           4|
    |icmp_ln337_fu_3028_p2    |   icmp   |      0|  0|    9|           3|           4|
    |icmp_ln362_1_fu_1874_p2  |   icmp   |      0|  0|   11|           5|           4|
    |icmp_ln362_2_fu_2688_p2  |   icmp   |      0|  0|   11|           5|           4|
    |icmp_ln362_fu_1637_p2    |   icmp   |      0|  0|   11|           5|           4|
    |icmp_ln386_fu_2480_p2    |   icmp   |      0|  0|    9|           3|           4|
    |icmp_ln407_fu_3134_p2    |   icmp   |      0|  0|    9|           3|           4|
    |icmp_ln416_fu_1895_p2    |   icmp   |      0|  0|    9|           4|           4|
    |icmp_ln433_fu_2633_p2    |   icmp   |      0|  0|    9|           3|           4|
    |icmp_ln53_fu_2934_p2     |   icmp   |      0|  0|    9|           3|           4|
    |icmp_ln540_1_fu_2011_p2  |   icmp   |      0|  0|    9|           3|           3|
    |icmp_ln540_2_fu_2744_p2  |   icmp   |      0|  0|    9|           3|           4|
    |icmp_ln540_fu_1693_p2    |   icmp   |      0|  0|    9|           3|           3|
    |icmp_ln69_1_fu_3207_p2   |   icmp   |      0|  0|   18|          32|          23|
    |icmp_ln69_2_fu_3213_p2   |   icmp   |      0|  0|   18|          32|          23|
    |icmp_ln69_3_fu_3219_p2   |   icmp   |      0|  0|   18|          32|           1|
    |icmp_ln69_fu_3201_p2     |   icmp   |      0|  0|   18|          32|          17|
    |icmp_ln85_fu_2872_p2     |   icmp   |      0|  0|    9|           3|           4|
    |icmp_ln91_1_fu_3088_p2   |   icmp   |      0|  0|   13|           9|          10|
    |icmp_ln91_fu_2896_p2     |   icmp   |      0|  0|   13|           9|          10|
    |or_ln542_1_fu_2062_p2    |    or    |      0|  0|    6|           6|           1|
    |or_ln542_2_fu_2777_p2    |    or    |      0|  0|    5|           5|           1|
    |or_ln542_fu_1733_p2      |    or    |      0|  0|    6|           6|           1|
    |or_ln543_1_fu_2143_p2    |    or    |      0|  0|    6|           6|           2|
    |or_ln543_2_fu_2788_p2    |    or    |      0|  0|    5|           5|           2|
    |or_ln543_fu_1754_p2      |    or    |      0|  0|    6|           6|           2|
    |or_ln544_1_fu_2163_p2    |    or    |      0|  0|    6|           6|           2|
    |or_ln544_2_fu_2798_p2    |    or    |      0|  0|    5|           5|           2|
    |or_ln544_fu_1774_p2      |    or    |      0|  0|    6|           6|           2|
    |or_ln545_1_fu_2183_p2    |    or    |      0|  0|    6|           6|           3|
    |or_ln545_2_fu_2808_p2    |    or    |      0|  0|    5|           5|           3|
    |or_ln545_fu_1794_p2      |    or    |      0|  0|    6|           6|           3|
    |or_ln546_1_fu_2203_p2    |    or    |      0|  0|    6|           6|           3|
    |or_ln546_2_fu_2818_p2    |    or    |      0|  0|    5|           5|           3|
    |or_ln546_fu_1814_p2      |    or    |      0|  0|    6|           6|           3|
    |or_ln547_1_fu_2223_p2    |    or    |      0|  0|    6|           6|           3|
    |or_ln547_2_fu_2828_p2    |    or    |      0|  0|    5|           5|           3|
    |or_ln547_fu_1834_p2      |    or    |      0|  0|    6|           6|           3|
    |or_ln548_1_fu_2243_p2    |    or    |      0|  0|    6|           6|           3|
    |or_ln548_2_fu_2838_p2    |    or    |      0|  0|    5|           5|           3|
    |or_ln548_fu_1854_p2      |    or    |      0|  0|    6|           6|           3|
    |or_ln69_1_fu_3237_p2     |    or    |      0|  0|    2|           1|           1|
    |or_ln69_fu_3231_p2       |    or    |      0|  0|    2|           1|           1|
    |r_fu_1979_p2             |    or    |      0|  0|   64|          64|          64|
    |select_ln48_fu_2583_p3   |  select  |      0|  0|    2|           1|           2|
    |select_ln52_fu_2619_p3   |  select  |      0|  0|   23|           1|          23|
    |shl_ln31_fu_1973_p2      |    shl   |      0|  0|  182|          64|          64|
    |shl_ln450_1_fu_2726_p2   |    shl   |      0|  0|  182|           5|          64|
    |shl_ln450_fu_1675_p2     |    shl   |      0|  0|  182|           5|          64|
    |ap_enable_pp0            |    xor   |      0|  0|    2|           1|           2|
    |ap_enable_pp1            |    xor   |      0|  0|    2|           1|           2|
    |ap_enable_pp2            |    xor   |      0|  0|    2|           1|           2|
    |ap_enable_pp3            |    xor   |      0|  0|    2|           1|           2|
    |ap_enable_pp5            |    xor   |      0|  0|    2|           1|           2|
    |ap_enable_pp7            |    xor   |      0|  0|    2|           1|           2|
    |grp_fu_1518_p2           |    xor   |      0|  0|   65|          64|          65|
    |xor_ln417_fu_1985_p2     |    xor   |      0|  0|   64|          64|          64|
    |xor_ln450_1_fu_1992_p2   |    xor   |      0|  0|   64|          64|           5|
    |xor_ln450_2_fu_2732_p2   |    xor   |      0|  0|   64|          64|          64|
    |xor_ln450_fu_1681_p2     |    xor   |      0|  0|   64|          64|          64|
    |xor_ln451_1_fu_1999_p2   |    xor   |      0|  0|   65|          64|          65|
    |xor_ln48_fu_2577_p2      |    xor   |      0|  0|    2|           1|           2|
    |xor_ln69_fu_3243_p2      |    xor   |      0|  0|    2|           1|           2|
    +-------------------------+----------+-------+---+-----+------------+------------+
    |Total                    |          |      0|  0| 2849|        1555|        1407|
    +-------------------------+----------+-------+---+-----+------------+------------+

    * Multiplexer: 
    +--------------------------------------------------+------+-----------+-----+-----------+
    |                       Name                       |  LUT | Input Size| Bits| Total Bits|
    +--------------------------------------------------+------+-----------+-----+-----------+
    |ap_NS_fsm                                         |  2193|       1779|    1|       1779|
    |ap_enable_reg_pp0_iter1                           |     9|          2|    1|          2|
    |ap_enable_reg_pp1_iter1                           |     9|          2|    1|          2|
    |ap_enable_reg_pp2_iter1                           |     9|          2|    1|          2|
    |ap_enable_reg_pp3_iter1                           |     9|          2|    1|          2|
    |ap_enable_reg_pp5_iter1                           |     9|          2|    1|          2|
    |ap_enable_reg_pp7_iter1                           |     9|          2|    1|          2|
    |ap_phi_mux_i_0_i111_phi_fu_1259_p4                |     9|          2|    3|          6|
    |ap_phi_mux_i_0_i22_phi_fu_1029_p4                 |     9|          2|    3|          6|
    |ap_phi_mux_i_0_i29_phi_fu_1063_p4                 |     9|          2|    3|          6|
    |ap_phi_mux_i_0_i52_phi_fu_1097_p4                 |     9|          2|    3|          6|
    |ap_phi_mux_i_0_i68_phi_fu_1167_p4                 |     9|          2|    3|          6|
    |ap_phi_mux_i_0_i83_phi_fu_1213_p4                 |     9|          2|    3|          6|
    |cp_coeffs_address0                                |    21|          4|    8|         32|
    |cp_coeffs_address1                                |    15|          3|    8|         24|
    |cp_coeffs_ce0                                     |    21|          4|    1|          4|
    |cp_coeffs_ce1                                     |    15|          3|    1|          3|
    |cp_coeffs_d0                                      |    15|          3|   32|         96|
    |cp_coeffs_we0                                     |    15|          3|    1|          3|
    |grp_keccak_absorb_2_fu_1392_m_offset              |    15|          3|   13|         39|
    |grp_keccak_absorb_2_fu_1392_mlen                  |    15|          3|   64|        192|
    |grp_keccak_absorb_3199_fu_1499_m_offset           |    15|          3|    8|         24|
    |grp_ntt_fu_1313_a_offset                          |    27|          5|    3|         15|
    |grp_ntt_fu_1313_a_q0                              |    27|          5|   32|        160|
    |grp_ntt_fu_1313_a_q1                              |    27|          5|   32|        160|
    |grp_poly_caddq_fu_1437_a_coeffs_offset            |    15|          3|    3|          9|
    |grp_poly_caddq_fu_1437_a_coeffs_q0                |    15|          3|   32|         96|
    |grp_poly_caddq_fu_1437_a_coeffs_q1                |    15|          3|   32|         96|
    |grp_poly_chknorm_fu_1379_B                        |    21|          4|   18|         72|
    |grp_poly_chknorm_fu_1379_a_coeffs_offset          |    21|          4|    3|         12|
    |grp_poly_chknorm_fu_1379_a_coeffs_q0              |    21|          4|   32|        128|
    |grp_poly_chknorm_fu_1379_a_coeffs_q1              |    21|          4|   32|        128|
    |grp_poly_pointwise_montg_fu_1422_b_coeffs_offset  |    21|          4|    3|         12|
    |grp_poly_pointwise_montg_fu_1422_b_coeffs_q0      |    21|          4|   32|        128|
    |grp_poly_pointwise_montg_fu_1422_b_coeffs_q1      |    21|          4|   32|        128|
    |grp_poly_pointwise_montg_fu_1422_c_coeffs_offset  |    21|          4|    3|         12|
    |grp_polyveck_invntt_tomo_fu_1467_v_vec_coeffs_q0  |    15|          3|   32|         96|
    |grp_polyveck_invntt_tomo_fu_1467_v_vec_coeffs_q1  |    15|          3|   32|         96|
    |grp_polyveck_reduce_fu_1452_v_vec_coeffs_q0       |    21|          4|   32|        128|
    |grp_polyveck_reduce_fu_1452_v_vec_coeffs_q1       |    21|          4|   32|        128|
    |h_vec_coeffs_address0                             |    44|          9|   10|         90|
    |h_vec_coeffs_address1                             |    27|          5|   10|         50|
    |h_vec_coeffs_ce0                                  |    38|          7|    1|          7|
    |h_vec_coeffs_ce1                                  |    27|          5|    1|          5|
    |h_vec_coeffs_d0                                   |    27|          5|   32|        160|
    |h_vec_coeffs_d1                                   |    15|          3|   32|         96|
    |h_vec_coeffs_we0                                  |    27|          5|    1|          5|
    |h_vec_coeffs_we1                                  |    15|          3|    1|          3|
    |i_0_i111_reg_1255                                 |     9|          2|    3|          6|
    |i_0_i14_reg_1001                                  |     9|          2|    3|          6|
    |i_0_i20_reg_1013                                  |     9|          2|    3|          6|
    |i_0_i22_reg_1025                                  |     9|          2|    3|          6|
    |i_0_i25_reg_1037                                  |     9|          2|    3|          6|
    |i_0_i29_reg_1059                                  |     9|          2|    3|          6|
    |i_0_i3_reg_909                                    |     9|          2|    3|          6|
    |i_0_i52_reg_1093                                  |     9|          2|    3|          6|
    |i_0_i55_reg_1105                                  |     9|          2|    3|          6|
    |i_0_i57_reg_1117                                  |     9|          2|    3|          6|
    |i_0_i5_i_reg_849                                  |     9|          2|    4|          8|
    |i_0_i5_reg_921                                    |     9|          2|    3|          6|
    |i_0_i63_reg_1139                                  |     9|          2|    3|          6|
    |i_0_i65_reg_1151                                  |     9|          2|    3|          6|
    |i_0_i68_reg_1163                                  |     9|          2|    3|          6|
    |i_0_i71_reg_1175                                  |     9|          2|    3|          6|
    |i_0_i79_reg_1197                                  |     9|          2|    3|          6|
    |i_0_i83_reg_1209                                  |     9|          2|    3|          6|
    |i_0_i85_reg_1267                                  |     9|          2|    3|          6|
    |i_0_i89_reg_1221                                  |     9|          2|    3|          6|
    |i_0_i8_reg_933                                    |     9|          2|    3|          6|
    |i_0_i98_reg_1233                                  |     9|          2|    3|          6|
    |i_0_i_i26_reg_1048                                |     9|          2|    9|         18|
    |i_0_i_i32_reg_1071                                |     9|          2|    5|         10|
    |i_0_i_i58_reg_1128                                |     9|          2|    9|         18|
    |i_0_i_i72_reg_1186                                |     9|          2|    9|         18|
    |i_0_i_i86_reg_1290                                |     9|          2|    9|         18|
    |i_0_i_i99_reg_1244                                |     9|          2|    9|         18|
    |i_0_i_i_i_reg_827                                 |     9|          2|    5|         10|
    |i_0_i_i_reg_804                                   |     9|          2|    5|         10|
    |i_0_i_reg_885                                     |     9|          2|    3|          6|
    |i_3_i1_reg_838                                    |     9|          2|    4|          8|
    |i_3_i3_reg_873                                    |     9|          2|    3|          6|
    |i_3_i47_reg_1082                                  |     9|          2|    3|          6|
    |i_3_i_reg_815                                     |     9|          2|    3|          6|
    |j_0_i_reg_897                                     |     9|          2|    3|          6|
    |mat_vec_coeffs_address0                           |    15|          3|   12|         36|
    |mat_vec_coeffs_ce0                                |    15|          3|    1|          3|
    |mat_vec_coeffs_we0                                |     9|          2|    1|          2|
    |n_reg_1278                                        |     9|          2|   11|         22|
    |nonce_0_reg_945                                   |     9|          2|   16|         32|
    |phi_ln124_1_reg_968                               |     9|          2|    8|         16|
    |phi_ln124_2_reg_979                               |     9|          2|    8|         16|
    |phi_ln124_3_reg_990                               |     9|          2|    8|         16|
    |phi_ln124_reg_957                                 |     9|          2|    8|         16|
    |r_0_i6_i_reg_861                                  |     9|          2|   64|        128|
    |s1_vec_coeffs_address0                            |    21|          4|   10|         40|
    |s1_vec_coeffs_address1                            |    21|          4|   10|         40|
    |s1_vec_coeffs_ce0                                 |    21|          4|    1|          4|
    |s1_vec_coeffs_ce1                                 |    21|          4|    1|          4|
    |s1_vec_coeffs_d0                                  |    15|          3|   32|         96|
    |s1_vec_coeffs_d1                                  |    15|          3|   32|         96|
    |s1_vec_coeffs_we0                                 |    15|          3|    1|          3|
    |s1_vec_coeffs_we1                                 |    15|          3|    1|          3|
    |s2_vec_coeffs_address0                            |    21|          4|   10|         40|
    |s2_vec_coeffs_address1                            |    21|          4|   10|         40|
    |s2_vec_coeffs_ce0                                 |    21|          4|    1|          4|
    |s2_vec_coeffs_ce1                                 |    21|          4|    1|          4|
    |s2_vec_coeffs_d0                                  |    15|          3|   32|         96|
    |s2_vec_coeffs_d1                                  |    15|          3|   32|         96|
    |s2_vec_coeffs_we0                                 |    15|          3|    1|          3|
    |s2_vec_coeffs_we1                                 |    15|          3|    1|          3|
    |s_0_i_i_reg_1301                                  |     9|          2|    9|         18|
    |seedbuf_address0                                  |    59|         14|    8|        112|
    |seedbuf_address1                                  |    44|          9|    8|         72|
    |seedbuf_ce0                                       |    33|          6|    1|          6|
    |seedbuf_d0                                        |    47|         10|    8|         80|
    |seedbuf_d1                                        |    44|          9|    8|         72|
    |seedbuf_we0                                       |    15|          3|    1|          3|
    |sig_address0                                      |    44|          9|   13|        117|
    |sig_address1                                      |    38|          7|   13|         91|
    |sig_ce0                                           |    33|          6|    1|          6|
    |sig_ce1                                           |    21|          4|    1|          4|
    |sig_d0                                            |    38|          7|    8|         56|
    |sig_d1                                            |    38|          7|    8|         56|
    |sig_we0                                           |    21|          4|    1|          4|
    |sig_we1                                           |    21|          4|    1|          4|
    |state_0_s_address0                                |    33|          6|    5|         30|
    |state_0_s_address1                                |    33|          6|    5|         30|
    |state_0_s_ce0                                     |    15|          3|    1|          3|
    |state_0_s_ce1                                     |    15|          3|    1|          3|
    |state_0_s_d0                                      |    27|          5|   64|        320|
    |state_0_s_d1                                      |    15|          3|   64|        192|
    |state_0_s_we0                                     |    15|          3|    1|          3|
    |state_0_s_we1                                     |    15|          3|    1|          3|
    |state_s_address0                                  |    53|         12|    5|         60|
    |state_s_address1                                  |    15|          3|    5|         15|
    |state_s_ce0                                       |    27|          5|    1|          5|
    |state_s_ce1                                       |    15|          3|    1|          3|
    |state_s_d0                                        |    41|          8|   64|        512|
    |state_s_d1                                        |    15|          3|   64|        192|
    |state_s_we0                                       |    27|          5|    1|          5|
    |state_s_we1                                       |    15|          3|    1|          3|
    |t0_vec_coeffs_address0                            |    21|          4|   10|         40|
    |t0_vec_coeffs_address1                            |    21|          4|   10|         40|
    |t0_vec_coeffs_ce0                                 |    21|          4|    1|          4|
    |t0_vec_coeffs_ce1                                 |    21|          4|    1|          4|
    |t0_vec_coeffs_d0                                  |    15|          3|   32|         96|
    |t0_vec_coeffs_d1                                  |    15|          3|   32|         96|
    |t0_vec_coeffs_we0                                 |    15|          3|    1|          3|
    |t0_vec_coeffs_we1                                 |    15|          3|    1|          3|
    |w0_vec_coeffs_address0                            |    47|         10|   10|        100|
    |w0_vec_coeffs_address1                            |    21|          4|   10|         40|
    |w0_vec_coeffs_ce0                                 |    27|          5|    1|          5|
    |w0_vec_coeffs_ce1                                 |    21|          4|    1|          4|
    |w0_vec_coeffs_d0                                  |    33|          6|   32|        192|
    |w0_vec_coeffs_d1                                  |    15|          3|   32|         96|
    |w0_vec_coeffs_we0                                 |    21|          4|    1|          4|
    |w0_vec_coeffs_we1                                 |    15|          3|    1|          3|
    |w1_vec_coeffs_address0                            |    44|          9|   10|         90|
    |w1_vec_coeffs_address1                            |    27|          5|   10|         50|
    |w1_vec_coeffs_ce0                                 |    38|          7|    1|          7|
    |w1_vec_coeffs_ce1                                 |    27|          5|    1|          5|
    |w1_vec_coeffs_d0                                  |    33|          6|   32|        192|
    |w1_vec_coeffs_d1                                  |    15|          3|   32|         96|
    |w1_vec_coeffs_we0                                 |    33|          6|    1|          6|
    |w1_vec_coeffs_we1                                 |    15|          3|    1|          3|
    |y_vec_coeffs_address0                             |    38|          7|   10|         70|
    |y_vec_coeffs_ce0                                  |    15|          3|    1|          3|
    |y_vec_coeffs_we0                                  |     9|          2|    1|          2|
    |z_vec_coeffs_address0                             |    59|         14|   10|        140|
    |z_vec_coeffs_address1                             |    33|          6|   10|         60|
    |z_vec_coeffs_ce0                                  |    44|          9|    1|          9|
    |z_vec_coeffs_ce1                                  |    33|          6|    1|          6|
    |z_vec_coeffs_d0                                   |    47|         10|   32|        320|
    |z_vec_coeffs_d1                                   |    21|          4|   32|        128|
    |z_vec_coeffs_we0                                  |    33|          6|    1|          6|
    |z_vec_coeffs_we1                                  |    21|          4|    1|          4|
    +--------------------------------------------------+------+-----------+-----+-----------+
    |Total                                             |  5558|       2451| 1862|       9422|
    +--------------------------------------------------+------+-----------+-----+-----------+

    * Register: 
    +-------------------------------------------------+------+----+------+-----------+
    |                       Name                      |  FF  | LUT| Bits | Const Bits|
    +-------------------------------------------------+------+----+------+-----------+
    |add_ln124_1_reg_3513                             |     8|   0|     8|          0|
    |add_ln124_2_reg_3532                             |     8|   0|     8|          0|
    |add_ln124_3_reg_3551                             |     8|   0|     8|          0|
    |add_ln124_reg_3494                               |     8|   0|     8|          0|
    |add_ln416_reg_3345                               |     4|   0|     4|          0|
    |add_ln540_1_reg_3394                             |     3|   0|     3|          0|
    |add_ln540_2_reg_3657                             |     3|   0|     3|          0|
    |add_ln540_reg_3309                               |     3|   0|     3|          0|
    |add_ln_reg_3460                                  |     5|   0|    10|          5|
    |ap_CS_fsm                                        |  1778|   0|  1778|          0|
    |ap_enable_reg_pp0_iter0                          |     1|   0|     1|          0|
    |ap_enable_reg_pp0_iter1                          |     1|   0|     1|          0|
    |ap_enable_reg_pp1_iter0                          |     1|   0|     1|          0|
    |ap_enable_reg_pp1_iter1                          |     1|   0|     1|          0|
    |ap_enable_reg_pp2_iter0                          |     1|   0|     1|          0|
    |ap_enable_reg_pp2_iter1                          |     1|   0|     1|          0|
    |ap_enable_reg_pp3_iter0                          |     1|   0|     1|          0|
    |ap_enable_reg_pp3_iter1                          |     1|   0|     1|          0|
    |ap_enable_reg_pp5_iter0                          |     1|   0|     1|          0|
    |ap_enable_reg_pp5_iter1                          |     1|   0|     1|          0|
    |ap_enable_reg_pp7_iter0                          |     1|   0|     1|          0|
    |ap_enable_reg_pp7_iter1                          |     1|   0|     1|          0|
    |grp_KeccakF1600_StatePer_1_fu_1408_ap_start_reg  |     1|   0|     1|          0|
    |grp_KeccakF1600_StatePer_fu_1415_ap_start_reg    |     1|   0|     1|          0|
    |grp_invntt_tomont_fu_1474_ap_start_reg           |     1|   0|     1|          0|
    |grp_keccak_absorb_2_fu_1392_ap_start_reg         |     1|   0|     1|          0|
    |grp_keccak_absorb_3199_fu_1499_ap_start_reg      |     1|   0|     1|          0|
    |grp_ntt_1_fu_1483_ap_start_reg                   |     1|   0|     1|          0|
    |grp_ntt_fu_1313_ap_start_reg                     |     1|   0|     1|          0|
    |grp_pack_sig_fu_1325_ap_start_reg                |     1|   0|     1|          0|
    |grp_poly_caddq_fu_1437_ap_start_reg              |     1|   0|     1|          0|
    |grp_poly_challenge_fu_1333_ap_start_reg          |     1|   0|     1|          0|
    |grp_poly_chknorm_fu_1379_ap_start_reg            |     1|   0|     1|          0|
    |grp_poly_pointwise_montg_fu_1422_ap_start_reg    |     1|   0|     1|          0|
    |grp_poly_reduce_fu_1445_ap_start_reg             |     1|   0|     1|          0|
    |grp_poly_uniform_fu_1342_ap_start_reg            |     1|   0|     1|          0|
    |grp_polyveck_invntt_tomo_fu_1467_ap_start_reg    |     1|   0|     1|          0|
    |grp_polyveck_reduce_fu_1452_ap_start_reg         |     1|   0|     1|          0|
    |grp_polyvecl_pointwise_a_fu_1490_ap_start_reg    |     1|   0|     1|          0|
    |grp_polyvecl_uniform_gam_fu_1355_ap_start_reg    |     1|   0|     1|          0|
    |grp_polyw1_pack_fu_1457_ap_start_reg             |     1|   0|     1|          0|
    |grp_unpack_sk_fu_1365_ap_start_reg               |     1|   0|     1|          0|
    |i_0_i111_reg_1255                                |     3|   0|     3|          0|
    |i_0_i14_reg_1001                                 |     3|   0|     3|          0|
    |i_0_i20_reg_1013                                 |     3|   0|     3|          0|
    |i_0_i22_reg_1025                                 |     3|   0|     3|          0|
    |i_0_i25_reg_1037                                 |     3|   0|     3|          0|
    |i_0_i29_reg_1059                                 |     3|   0|     3|          0|
    |i_0_i3_reg_909                                   |     3|   0|     3|          0|
    |i_0_i52_reg_1093                                 |     3|   0|     3|          0|
    |i_0_i55_reg_1105                                 |     3|   0|     3|          0|
    |i_0_i57_reg_1117                                 |     3|   0|     3|          0|
    |i_0_i5_i_reg_849                                 |     4|   0|     4|          0|
    |i_0_i5_reg_921                                   |     3|   0|     3|          0|
    |i_0_i63_reg_1139                                 |     3|   0|     3|          0|
    |i_0_i65_reg_1151                                 |     3|   0|     3|          0|
    |i_0_i68_reg_1163                                 |     3|   0|     3|          0|
    |i_0_i71_reg_1175                                 |     3|   0|     3|          0|
    |i_0_i79_reg_1197                                 |     3|   0|     3|          0|
    |i_0_i83_reg_1209                                 |     3|   0|     3|          0|
    |i_0_i85_reg_1267                                 |     3|   0|     3|          0|
    |i_0_i89_reg_1221                                 |     3|   0|     3|          0|
    |i_0_i8_reg_933                                   |     3|   0|     3|          0|
    |i_0_i98_reg_1233                                 |     3|   0|     3|          0|
    |i_0_i_i26_reg_1048                               |     9|   0|     9|          0|
    |i_0_i_i32_reg_1071                               |     5|   0|     5|          0|
    |i_0_i_i58_reg_1128                               |     9|   0|     9|          0|
    |i_0_i_i72_reg_1186                               |     9|   0|     9|          0|
    |i_0_i_i86_reg_1290                               |     9|   0|     9|          0|
    |i_0_i_i99_reg_1244                               |     9|   0|     9|          0|
    |i_0_i_i_i_reg_827                                |     5|   0|     5|          0|
    |i_0_i_i_reg_804                                  |     5|   0|     5|          0|
    |i_0_i_reg_885                                    |     3|   0|     3|          0|
    |i_3_i1_reg_838                                   |     4|   0|     4|          0|
    |i_3_i3_reg_873                                   |     3|   0|     3|          0|
    |i_3_i47_reg_1082                                 |     3|   0|     3|          0|
    |i_3_i_reg_815                                    |     3|   0|     3|          0|
    |i_40_reg_3370                                    |     4|   0|     4|          0|
    |i_42_reg_3447                                    |     3|   0|     3|          0|
    |i_69_reg_3468                                    |     3|   0|     3|          0|
    |i_70_reg_3476                                    |     3|   0|     3|          0|
    |i_71_reg_3484                                    |     3|   0|     3|          0|
    |i_72_reg_3573                                    |     3|   0|     3|          0|
    |i_73_reg_3581                                    |     3|   0|     3|          0|
    |i_74_reg_3590                                    |     3|   0|     3|          0|
    |i_75_reg_3599                                    |     3|   0|     3|          0|
    |i_76_reg_3631                                    |     3|   0|     3|          0|
    |i_77_reg_3612                                    |     9|   0|     9|          0|
    |i_79_reg_3686                                    |     3|   0|     3|          0|
    |i_80_reg_3694                                    |     3|   0|     3|          0|
    |i_81_reg_3702                                    |     3|   0|     3|          0|
    |i_82_reg_3733                                    |     3|   0|     3|          0|
    |i_83_reg_3715                                    |     9|   0|     9|          0|
    |i_84_reg_3742                                    |     3|   0|     3|          0|
    |i_85_reg_3754                                    |     3|   0|     3|          0|
    |i_86_reg_3762                                    |     3|   0|     3|          0|
    |i_87_reg_3775                                    |     9|   0|     9|          0|
    |i_88_reg_3794                                    |     3|   0|     3|          0|
    |i_89_reg_3806                                    |     3|   0|     3|          0|
    |i_90_reg_3827                                    |     3|   0|     3|          0|
    |i_91_reg_3815                                    |     3|   0|     3|          0|
    |i_92_reg_3859                                    |     3|   0|     3|          0|
    |i_93_reg_3840                                    |     9|   0|     9|          0|
    |i_94_reg_3867                                    |     3|   0|     3|          0|
    |i_95_reg_3884                                    |     9|   0|     9|          0|
    |icmp_ln116_reg_3682                              |     1|   0|     1|          0|
    |icmp_ln116_reg_3682_pp2_iter1_reg                |     1|   0|     1|          0|
    |icmp_ln124_1_reg_3528                            |     1|   0|     1|          0|
    |icmp_ln124_2_reg_3547                            |     1|   0|     1|          0|
    |icmp_ln124_3_reg_3566                            |     1|   0|     1|          0|
    |icmp_ln124_reg_3509                              |     1|   0|     1|          0|
    |icmp_ln162_reg_3738                              |     1|   0|     1|          0|
    |icmp_ln172_reg_3877                              |     1|   0|     1|          0|
    |icmp_ln208_1_reg_3855                            |     1|   0|     1|          0|
    |icmp_ln208_reg_3586                              |     1|   0|     1|          0|
    |icmp_ln315_1_reg_3802                            |     1|   0|     1|          0|
    |icmp_ln315_1_reg_3802_pp5_iter1_reg              |     1|   0|     1|          0|
    |icmp_ln315_reg_3750                              |     1|   0|     1|          0|
    |icmp_ln315_reg_3750_pp3_iter1_reg                |     1|   0|     1|          0|
    |icmp_ln337_1_reg_3811                            |     1|   0|     1|          0|
    |icmp_ln337_reg_3790                              |     1|   0|     1|          0|
    |icmp_ln433_reg_3627                              |     1|   0|     1|          0|
    |icmp_ln433_reg_3627_pp1_iter1_reg                |     1|   0|     1|          0|
    |j_0_i_reg_897                                    |     3|   0|     3|          0|
    |j_reg_3455                                       |     3|   0|     3|          0|
    |n_reg_1278                                       |    11|   0|    11|          0|
    |nonce_0_reg_945                                  |    16|   0|    16|          0|
    |nonce_reg_3489                                   |    16|   0|    16|          0|
    |phi_ln124_1_reg_968                              |     8|   0|     8|          0|
    |phi_ln124_2_reg_979                              |     8|   0|     8|          0|
    |phi_ln124_3_reg_990                              |     8|   0|     8|          0|
    |phi_ln124_reg_957                                |     8|   0|     8|          0|
    |r_0_i6_i_reg_861                                 |    64|   0|    64|          0|
    |reg_1597                                         |    32|   0|    32|          0|
    |reg_1601                                         |     8|   0|     8|          0|
    |reg_1607                                         |     8|   0|     8|          0|
    |reg_1613                                         |     8|   0|     8|          0|
    |reg_1619                                         |     8|   0|     8|          0|
    |reg_1625                                         |     8|   0|     8|          0|
    |reg_1631                                         |     8|   0|     8|          0|
    |s_0_i_i_reg_1301                                 |     9|   0|     9|          0|
    |shl_ln19_reg_3319                                |     3|   0|     6|          3|
    |shl_ln541_1_reg_3404                             |     3|   0|     6|          3|
    |shl_ln541_2_reg_3672                             |     2|   0|     5|          3|
    |state_0_s_addr_4_reg_3380                        |     4|   0|     5|          1|
    |state_s_addr_12_reg_3649                         |     5|   0|     5|          0|
    |state_s_addr_reg_3296                            |     5|   0|     5|          0|
    |tmp_2879_reg_3537                                |     8|   0|    64|         56|
    |tmp_2880_reg_3556                                |     8|   0|    64|         56|
    |tmp_s_reg_3518                                   |     8|   0|    64|         56|
    |trunc_ln541_3_reg_3667                           |     2|   0|     2|          0|
    |trunc_ln543_1_reg_3414                           |     8|   0|     8|          0|
    |trunc_ln544_1_reg_3419                           |     8|   0|     8|          0|
    |trunc_ln545_1_reg_3424                           |     8|   0|     8|          0|
    |trunc_ln546_1_reg_3429                           |     8|   0|     8|          0|
    |trunc_ln547_1_reg_3434                           |     8|   0|     8|          0|
    |trunc_ln548_1_reg_3439                           |     8|   0|     8|          0|
    |w0_vec_coeffs_addr_1_reg_3780                    |    10|   0|    10|          0|
    |w0_vec_coeffs_addr_2_reg_3845                    |    10|   0|    10|          0|
    |w1_vec_coeffs_addr_reg_3622                      |    10|   0|    10|          0|
    |z_vec_coeffs_addr_4_reg_3725                     |    10|   0|    10|          0|
    |zext_ln108_reg_3767                              |     3|   0|    12|          9|
    |zext_ln124_reg_3499                              |     8|   0|    64|         56|
    |zext_ln227_reg_3604                              |     3|   0|    12|          9|
    |zext_ln232_1_reg_3617                            |    12|   0|    64|         52|
    |zext_ln250_reg_3872                              |     3|   0|    12|          9|
    |zext_ln255_1_reg_3889                            |    12|   0|    64|         52|
    |zext_ln26_reg_3350                               |     4|   0|     8|          4|
    |zext_ln416_reg_3337                              |     4|   0|    64|         60|
    |zext_ln87_1_reg_3832                             |     3|   0|    12|          9|
    |zext_ln87_reg_3707                               |     3|   0|    12|          9|
    +-------------------------------------------------+------+----+------+-----------+
    |Total                                            |  2561|   0|  3013|        452|
    +-------------------------------------------------+------+----+------+-----------+



================================================================
== Interface
================================================================
* Summary: 
+--------------+-----+-----+------------+----------------------+--------------+
|   RTL Ports  | Dir | Bits|  Protocol  |     Source Object    |    C Type    |
+--------------+-----+-----+------------+----------------------+--------------+
|ap_clk        |  in |    1| ap_ctrl_hs | crypto_sign_signatur | return value |
|ap_rst        |  in |    1| ap_ctrl_hs | crypto_sign_signatur | return value |
|ap_start      |  in |    1| ap_ctrl_hs | crypto_sign_signatur | return value |
|ap_done       | out |    1| ap_ctrl_hs | crypto_sign_signatur | return value |
|ap_idle       | out |    1| ap_ctrl_hs | crypto_sign_signatur | return value |
|ap_ready      | out |    1| ap_ctrl_hs | crypto_sign_signatur | return value |
|sig_address0  | out |   13|  ap_memory |          sig         |     array    |
|sig_ce0       | out |    1|  ap_memory |          sig         |     array    |
|sig_we0       | out |    1|  ap_memory |          sig         |     array    |
|sig_d0        | out |    8|  ap_memory |          sig         |     array    |
|sig_q0        |  in |    8|  ap_memory |          sig         |     array    |
|sig_address1  | out |   13|  ap_memory |          sig         |     array    |
|sig_ce1       | out |    1|  ap_memory |          sig         |     array    |
|sig_we1       | out |    1|  ap_memory |          sig         |     array    |
|sig_d1        | out |    8|  ap_memory |          sig         |     array    |
|mlen          |  in |   64|   ap_none  |         mlen         |    scalar    |
|sk_address0   | out |   12|  ap_memory |          sk          |     array    |
|sk_ce0        | out |    1|  ap_memory |          sk          |     array    |
|sk_q0         |  in |    8|  ap_memory |          sk          |     array    |
|sk_address1   | out |   12|  ap_memory |          sk          |     array    |
|sk_ce1        | out |    1|  ap_memory |          sk          |     array    |
|sk_q1         |  in |    8|  ap_memory |          sk          |     array    |
+--------------+-----+-----+------------+----------------------+--------------+

