

================================================================
== Vivado HLS Report for 'invntt_tomont'
================================================================
* Date:           Tue Apr  4 23:39:31 2023

* Version:        2019.2 (Build 2704478 on Wed Nov 06 22:10:23 MST 2019)
* Project:        crypto_sign
* Solution:       solution1
* Product family: artix7
* Target device:  xc7a200t-fbg676-2


================================================================
== Performance Estimates
================================================================
+ Timing: 
    * Summary: 
    +--------+----------+-----------+------------+
    |  Clock |  Target  | Estimated | Uncertainty|
    +--------+----------+-----------+------------+
    |ap_clk  | 10.00 us | 31.143 ns |   1.25 us  |
    +--------+----------+-----------+------------+

+ Latency: 
    * Summary: 
    +---------+---------+----------+----------+-----+-----+---------+
    |  Latency (cycles) |  Latency (absolute) |  Interval | Pipeline|
    |   min   |   max   |    min   |    max   | min | max |   Type  |
    +---------+---------+----------+----------+-----+-----+---------+
    |        ?|        ?|         ?|         ?|    ?|    ?|   none  |
    +---------+---------+----------+----------+-----+-----+---------+

    + Detail: 
        * Instance: 
        N/A

        * Loop: 
        +-----------------+---------+---------+----------+-----------+-----------+------+----------+
        |                 |  Latency (cycles) | Iteration|  Initiation Interval  | Trip |          |
        |    Loop Name    |   min   |   max   |  Latency |  achieved |   target  | Count| Pipelined|
        +-----------------+---------+---------+----------+-----------+-----------+------+----------+
        |- Loop 1         |        ?|        ?|         ?|          -|          -|     8|    no    |
        | + Loop 1.1      |        ?|        ?|         ?|          -|          -|     ?|    no    |
        |  ++ Loop 1.1.1  |        ?|        ?|         4|          -|          -|     ?|    no    |
        |- Loop 2         |      512|      512|         2|          -|          -|   256|    no    |
        +-----------------+---------+---------+----------+-----------+-----------+------+----------+



================================================================
== Utilization Estimates
================================================================
* Summary: 
+-----------------+---------+-------+--------+--------+-----+
|       Name      | BRAM_18K| DSP48E|   FF   |   LUT  | URAM|
+-----------------+---------+-------+--------+--------+-----+
|DSP              |        -|      -|       -|       -|    -|
|Expression       |        -|     16|       0|     619|    -|
|FIFO             |        -|      -|       -|       -|    -|
|Instance         |        -|      -|       -|       -|    -|
|Memory           |        1|      -|       0|       0|    -|
|Multiplexer      |        -|      -|       -|     164|    -|
|Register         |        -|      -|     332|       -|    -|
+-----------------+---------+-------+--------+--------+-----+
|Total            |        1|     16|     332|     783|    0|
+-----------------+---------+-------+--------+--------+-----+
|Available        |      730|    740|  269200|  134600|    0|
+-----------------+---------+-------+--------+--------+-----+
|Utilization (%)  |    ~0   |      2|   ~0   |   ~0   |    0|
+-----------------+---------+-------+--------+--------+-----+

+ Detail: 
    * Instance: 
    N/A

    * DSP48E: 
    N/A

    * Memory: 
    +---------+-----------+---------+---+----+-----+------+-----+------+-------------+
    |  Memory |   Module  | BRAM_18K| FF| LUT| URAM| Words| Bits| Banks| W*Bits*Banks|
    +---------+-----------+---------+---+----+-----+------+-----+------+-------------+
    |zetas_U  |ntt_zetas  |        1|  0|   0|    0|   256|   23|     1|         5888|
    +---------+-----------+---------+---+----+-----+------+-----+------+-------------+
    |Total    |           |        1|  0|   0|    0|   256|   23|     1|         5888|
    +---------+-----------+---------+---+----+-----+------+-----+------+-------------+

    * FIFO: 
    N/A

    * Expression: 
    +----------------------+----------+-------+---+----+------------+------------+
    |     Variable Name    | Operation| DSP48E| FF| LUT| Bitwidth P0| Bitwidth P1|
    +----------------------+----------+-------+---+----+------------+------------+
    |mul_ln19_2_fu_370_p2  |     *    |      2|  0|  21|          24|          32|
    |mul_ln19_fu_455_p2    |     *    |      2|  0|  21|          24|          32|
    |mul_ln91_fu_347_p2    |     *    |      2|  0|  21|          23|          32|
    |mul_ln97_fu_431_p2    |     *    |      2|  0|  21|          16|          32|
    |t_7_fu_445_p2         |     *    |      4|  0|  21|          26|          32|
    |t_9_fu_360_p2         |     *    |      4|  0|  21|          26|          32|
    |add_ln19_2_fu_380_p2  |     +    |      0|  0|  63|          56|          56|
    |add_ln19_fu_465_p2    |     +    |      0|  0|  63|          56|          56|
    |add_ln85_1_fu_252_p2  |     +    |      0|  0|  16|           9|           9|
    |add_ln85_fu_323_p2    |     +    |      0|  0|  17|          10|          10|
    |add_ln87_fu_233_p2    |     +    |      0|  0|  17|          10|          10|
    |add_ln88_fu_283_p2    |     +    |      0|  0|  19|          12|          12|
    |add_ln89_1_fu_331_p2  |     +    |      0|  0|  39|          32|          32|
    |add_ln89_2_fu_307_p2  |     +    |      0|  0|   8|          12|          12|
    |add_ln89_fu_301_p2    |     +    |      0|  0|   8|          12|          12|
    |add_ln97_fu_417_p2    |     +    |      0|  0|  19|          12|          12|
    |j_2_fu_407_p2         |     +    |      0|  0|  16|           9|           1|
    |j_3_fu_317_p2         |     +    |      0|  0|  39|           1|          32|
    |k_fu_210_p2           |     +    |      0|  0|  39|           2|          32|
    |sub_ln90_fu_338_p2    |     -    |      0|  0|  39|          32|          32|
    |zeta_fu_227_p2        |     -    |      0|  0|  30|           1|          23|
    |empty_86_fu_242_p2    |   icmp   |      0|  0|  13|          10|          10|
    |icmp_ln85_fu_201_p2   |   icmp   |      0|  0|   8|           2|           1|
    |icmp_ln87_fu_274_p2   |   icmp   |      0|  0|  18|          32|          32|
    |icmp_ln96_fu_401_p2   |   icmp   |      0|  0|  13|           9|          10|
    |start_fu_258_p3       |  select  |      0|  0|   9|           1|           9|
    +----------------------+----------+-------+---+----+------------+------------+
    |Total                 |          |     16|  0| 619|         459|         595|
    +----------------------+----------+-------+---+----+------------+------------+

    * Multiplexer: 
    +---------------+----+-----------+-----+-----------+
    |      Name     | LUT| Input Size| Bits| Total Bits|
    +---------------+----+-----------+-----+-----------+
    |a_address0     |  27|          5|   10|         50|
    |a_address1     |  21|          4|   10|         40|
    |a_d0           |  21|          4|   32|        128|
    |ap_NS_fsm      |  50|         11|    1|         11|
    |j_0_reg_138    |   9|          2|   32|         64|
    |j_1_reg_147    |   9|          2|    9|         18|
    |j_reg_126      |   9|          2|   10|         20|
    |k_2_fu_58      |   9|          2|   32|         64|
    |len_0_reg_114  |   9|          2|    9|         18|
    +---------------+----+-----------+-----+-----------+
    |Total          | 164|         34|  145|        413|
    +---------------+----+-----------+-----+-----------+

    * Register: 
    +---------------------+----+----+-----+-----------+
    |         Name        | FF | LUT| Bits| Const Bits|
    +---------------------+----+----+-----+-----------+
    |a_addr55_reg_584     |  10|   0|   10|          0|
    |a_addr_768_reg_555   |  10|   0|   10|          0|
    |a_addr_reg_550       |  10|   0|   10|          0|
    |ap_CS_fsm            |  10|   0|   10|          0|
    |j_0_reg_138          |  32|   0|   32|          0|
    |j_1_reg_147          |   9|   0|    9|          0|
    |j_2_reg_579          |   9|   0|    9|          0|
    |j_3_reg_561          |  32|   0|   32|          0|
    |j_reg_126            |  10|   0|   10|          0|
    |k_2_fu_58            |  32|   0|   32|          0|
    |k_reg_517            |  32|   0|   32|          0|
    |len_0_reg_114        |   9|   0|    9|          0|
    |sext_ln87_reg_542    |  54|   0|   54|          0|
    |t_reg_571            |  32|   0|   32|          0|
    |zext_ln78_reg_493    |   3|   0|   12|          9|
    |zext_ln84_reg_500    |   9|   0|   10|          1|
    |zext_ln85_1_reg_537  |   9|   0|   10|          1|
    |zext_ln85_reg_509    |  10|   0|   32|         22|
    |zext_ln87_reg_532    |  10|   0|   32|         22|
    +---------------------+----+----+-----+-----------+
    |Total                | 332|   0|  387|         55|
    +---------------------+----+----+-----+-----------+



================================================================
== Interface
================================================================
* Summary: 
+------------+-----+-----+------------+---------------+--------------+
|  RTL Ports | Dir | Bits|  Protocol  | Source Object |    C Type    |
+------------+-----+-----+------------+---------------+--------------+
|ap_clk      |  in |    1| ap_ctrl_hs | invntt_tomont | return value |
|ap_rst      |  in |    1| ap_ctrl_hs | invntt_tomont | return value |
|ap_start    |  in |    1| ap_ctrl_hs | invntt_tomont | return value |
|ap_done     | out |    1| ap_ctrl_hs | invntt_tomont | return value |
|ap_idle     | out |    1| ap_ctrl_hs | invntt_tomont | return value |
|ap_ready    | out |    1| ap_ctrl_hs | invntt_tomont | return value |
|a_address0  | out |   10|  ap_memory |       a       |     array    |
|a_ce0       | out |    1|  ap_memory |       a       |     array    |
|a_we0       | out |    1|  ap_memory |       a       |     array    |
|a_d0        | out |   32|  ap_memory |       a       |     array    |
|a_q0        |  in |   32|  ap_memory |       a       |     array    |
|a_address1  | out |   10|  ap_memory |       a       |     array    |
|a_ce1       | out |    1|  ap_memory |       a       |     array    |
|a_q1        |  in |   32|  ap_memory |       a       |     array    |
|a_offset    |  in |    3|   ap_none  |    a_offset   |    scalar    |
+------------+-----+-----+------------+---------------+--------------+

