

================================================================
== Vivado HLS Report for 'keccak_squeezeblocks_2'
================================================================
* Date:           Sun Apr  9 23:03:56 2023

* Version:        2019.2 (Build 2704478 on Wed Nov 06 22:10:23 MST 2019)
* Project:        crypto_sign
* Solution:       solution1
* Product family: artix7
* Target device:  xc7a200t-fbg676-2


================================================================
== Performance Estimates
================================================================
+ Timing: 
    * Summary: 
    +--------+----------+-----------+------------+
    |  Clock |  Target  | Estimated | Uncertainty|
    +--------+----------+-----------+------------+
    |ap_clk  | 10.00 us | 83.112 ns |   1.25 us  |
    +--------+----------+-----------+------------+

+ Latency: 
    * Summary: 
    +---------+---------+----------+----------+-----+-----+---------+
    |  Latency (cycles) |  Latency (absolute) |  Interval | Pipeline|
    |   min   |   max   |    min   |    max   | min | max |   Type  |
    +---------+---------+----------+----------+-----+-----+---------+
    |      134|      666| 1.340 ms | 6.660 ms |  134|  666|   none  |
    +---------+---------+----------+----------+-----+-----+---------+

    + Detail: 
        * Instance: 
        +-----------------------------------+------------------------+---------+---------+----------+----------+-----+-----+---------+
        |                                   |                        |  Latency (cycles) |  Latency (absolute) |  Interval | Pipeline|
        |              Instance             |         Module         |   min   |   max   |    min   |    max   | min | max |   Type  |
        +-----------------------------------+------------------------+---------+---------+----------+----------+-----+-----+---------+
        |grp_KeccakF1600_StatePer_1_fu_217  |KeccakF1600_StatePer_1  |       25|       25| 0.250 ms | 0.250 ms |   25|   25|   none  |
        +-----------------------------------+------------------------+---------+---------+----------+----------+-----+-----+---------+

        * Loop: 
        +-------------+---------+---------+----------+-----------+-----------+-------+----------+
        |             |  Latency (cycles) | Iteration|  Initiation Interval  |  Trip |          |
        |  Loop Name  |   min   |   max   |  Latency |  achieved |   target  | Count | Pipelined|
        +-------------+---------+---------+----------+-----------+-----------+-------+----------+
        |- Loop 1     |      133|      665|       133|          -|          -| 1 ~ 5 |    no    |
        | + Loop 1.1  |      105|      105|         5|          -|          -|     21|    no    |
        +-------------+---------+---------+----------+-----------+-----------+-------+----------+



================================================================
== Utilization Estimates
================================================================
* Summary: 
+-----------------+---------+-------+--------+--------+-----+
|       Name      | BRAM_18K| DSP48E|   FF   |   LUT  | URAM|
+-----------------+---------+-------+--------+--------+-----+
|DSP              |        -|      -|       -|       -|    -|
|Expression       |        -|      -|       0|     216|    -|
|FIFO             |        -|      -|       -|       -|    -|
|Instance         |        -|      -|    3866|  194018|    -|
|Memory           |        -|      -|       -|       -|    -|
|Multiplexer      |        -|      -|       -|     236|    -|
|Register         |        -|      -|      93|       -|    -|
+-----------------+---------+-------+--------+--------+-----+
|Total            |        0|      0|    3959|  194470|    0|
+-----------------+---------+-------+--------+--------+-----+
|Available        |      730|    740|  269200|  134600|    0|
+-----------------+---------+-------+--------+--------+-----+
|Utilization (%)  |        0|      0|       1|     144|    0|
+-----------------+---------+-------+--------+--------+-----+

+ Detail: 
    * Instance: 
    +-----------------------------------+------------------------+---------+-------+------+--------+-----+
    |              Instance             |         Module         | BRAM_18K| DSP48E|  FF  |   LUT  | URAM|
    +-----------------------------------+------------------------+---------+-------+------+--------+-----+
    |grp_KeccakF1600_StatePer_1_fu_217  |KeccakF1600_StatePer_1  |        0|      0|  3866|  194018|    0|
    +-----------------------------------+------------------------+---------+-------+------+--------+-----+
    |Total                              |                        |        0|      0|  3866|  194018|    0|
    +-----------------------------------+------------------------+---------+-------+------+--------+-----+

    * DSP48E: 
    N/A

    * Memory: 
    N/A

    * FIFO: 
    N/A

    * Expression: 
    +-----------------------+----------+-------+---+----+------------+------------+
    |     Variable Name     | Operation| DSP48E| FF| LUT| Bitwidth P0| Bitwidth P1|
    +-----------------------+----------+-------+---+----+------------+------------+
    |add_ln490_1_fu_262_p2  |     +    |      0|  0|  17|          10|          10|
    |add_ln490_fu_253_p2    |     +    |      0|  0|  15|           8|           8|
    |add_ln492_fu_273_p2    |     +    |      0|  0|  17|          10|           8|
    |add_ln493_fu_279_p2    |     +    |      0|  0|  13|           4|           2|
    |add_ln50_1_fu_375_p2   |     +    |      0|  0|  17|           2|          10|
    |add_ln50_2_fu_385_p2   |     +    |      0|  0|  17|           2|          10|
    |add_ln50_3_fu_395_p2   |     +    |      0|  0|  17|           3|          10|
    |add_ln50_4_fu_405_p2   |     +    |      0|  0|  17|           3|          10|
    |add_ln50_5_fu_415_p2   |     +    |      0|  0|  17|           3|          10|
    |add_ln50_6_fu_425_p2   |     +    |      0|  0|  17|           3|          10|
    |add_ln50_fu_305_p2     |     +    |      0|  0|  17|           1|          10|
    |i_fu_239_p2            |     +    |      0|  0|  15|           5|           1|
    |icmp_ln487_fu_227_p2   |   icmp   |      0|  0|   9|           4|           1|
    |icmp_ln489_fu_233_p2   |   icmp   |      0|  0|  11|           5|           5|
    +-----------------------+----------+-------+---+----+------------+------------+
    |Total                  |          |      0|  0| 216|          63|         105|
    +-----------------------+----------+-------+---+----+------------+------------+

    * Multiplexer: 
    +--------------------------+----+-----------+-----+-----------+
    |           Name           | LUT| Input Size| Bits| Total Bits|
    +--------------------------+----+-----------+-----+-----------+
    |ap_NS_fsm                 |  44|          9|    1|          9|
    |i_0_reg_206               |   9|          2|    5|         10|
    |nblocks_assign_1_reg_184  |   9|          2|    4|          8|
    |out_r_address0            |  27|          5|   10|         50|
    |out_r_address1            |  27|          5|   10|         50|
    |out_r_d0                  |  27|          5|    8|         40|
    |out_r_d1                  |  27|          5|    8|         40|
    |p_0_rec_reg_194           |   9|          2|   10|         20|
    |s_address0                |  15|          3|    5|         15|
    |s_ce0                     |  15|          3|    1|          3|
    |s_ce1                     |   9|          2|    1|          2|
    |s_we0                     |   9|          2|    1|          2|
    |s_we1                     |   9|          2|    1|          2|
    +--------------------------+----+-----------+-----+-----------+
    |Total                     | 236|         47|   65|        251|
    +--------------------------+----+-----------+-----+-----------+

    * Register: 
    +------------------------------------------------+----+----+-----+-----------+
    |                      Name                      | FF | LUT| Bits| Const Bits|
    +------------------------------------------------+----+----+-----+-----------+
    |add_ln490_1_reg_456                             |  10|   0|   10|          0|
    |ap_CS_fsm                                       |   8|   0|    8|          0|
    |grp_KeccakF1600_StatePer_1_fu_217_ap_start_reg  |   1|   0|    1|          0|
    |i_0_reg_206                                     |   5|   0|    5|          0|
    |i_reg_451                                       |   5|   0|    5|          0|
    |nblocks_assign_1_reg_184                        |   4|   0|    4|          0|
    |p_0_rec_reg_194                                 |  10|   0|   10|          0|
    |trunc_ln50_2_reg_483                            |   8|   0|    8|          0|
    |trunc_ln50_3_reg_488                            |   8|   0|    8|          0|
    |trunc_ln50_4_reg_493                            |   8|   0|    8|          0|
    |trunc_ln50_5_reg_498                            |   8|   0|    8|          0|
    |trunc_ln50_6_reg_503                            |   8|   0|    8|          0|
    |trunc_ln50_7_reg_508                            |   8|   0|    8|          0|
    |zext_ln490_3_reg_440                            |   2|   0|    8|          6|
    +------------------------------------------------+----+----+-----+-----------+
    |Total                                           |  93|   0|   99|          6|
    +------------------------------------------------+----+----+-----+-----------+



================================================================
== Interface
================================================================
* Summary: 
+----------------+-----+-----+------------+------------------------+--------------+
|    RTL Ports   | Dir | Bits|  Protocol  |      Source Object     |    C Type    |
+----------------+-----+-----+------------+------------------------+--------------+
|ap_clk          |  in |    1| ap_ctrl_hs | keccak_squeezeblocks.2 | return value |
|ap_rst          |  in |    1| ap_ctrl_hs | keccak_squeezeblocks.2 | return value |
|ap_start        |  in |    1| ap_ctrl_hs | keccak_squeezeblocks.2 | return value |
|ap_done         | out |    1| ap_ctrl_hs | keccak_squeezeblocks.2 | return value |
|ap_idle         | out |    1| ap_ctrl_hs | keccak_squeezeblocks.2 | return value |
|ap_ready        | out |    1| ap_ctrl_hs | keccak_squeezeblocks.2 | return value |
|out_r_address0  | out |   10|  ap_memory |          out_r         |     array    |
|out_r_ce0       | out |    1|  ap_memory |          out_r         |     array    |
|out_r_we0       | out |    1|  ap_memory |          out_r         |     array    |
|out_r_d0        | out |    8|  ap_memory |          out_r         |     array    |
|out_r_address1  | out |   10|  ap_memory |          out_r         |     array    |
|out_r_ce1       | out |    1|  ap_memory |          out_r         |     array    |
|out_r_we1       | out |    1|  ap_memory |          out_r         |     array    |
|out_r_d1        | out |    8|  ap_memory |          out_r         |     array    |
|out_offset      |  in |    2|   ap_none  |       out_offset       |    scalar    |
|nblocks         |  in |    4|   ap_none  |         nblocks        |    scalar    |
|s_address0      | out |    5|  ap_memory |            s           |     array    |
|s_ce0           | out |    1|  ap_memory |            s           |     array    |
|s_we0           | out |    1|  ap_memory |            s           |     array    |
|s_d0            | out |   64|  ap_memory |            s           |     array    |
|s_q0            |  in |   64|  ap_memory |            s           |     array    |
|s_address1      | out |    5|  ap_memory |            s           |     array    |
|s_ce1           | out |    1|  ap_memory |            s           |     array    |
|s_we1           | out |    1|  ap_memory |            s           |     array    |
|s_d1            | out |   64|  ap_memory |            s           |     array    |
|s_q1            |  in |   64|  ap_memory |            s           |     array    |
+----------------+-----+-----+------------+------------------------+--------------+

