

================================================================
== Vivado HLS Report for 'keccak_squeezeblocks_1'
================================================================
* Date:           Sun Apr  9 19:21:59 2023

* Version:        2019.2 (Build 2704478 on Wed Nov 06 22:10:23 MST 2019)
* Project:        crypto_sign
* Solution:       solution1
* Product family: artix7
* Target device:  xc7a200t-fbg676-2


================================================================
== Performance Estimates
================================================================
+ Timing: 
    * Summary: 
    +--------+----------+-----------+------------+
    |  Clock |  Target  | Estimated | Uncertainty|
    +--------+----------+-----------+------------+
    |ap_clk  | 10.00 us | 83.112 ns |   1.25 us  |
    +--------+----------+-----------+------------+

+ Latency: 
    * Summary: 
    +---------+---------+----------+----------+-----+-----+---------+
    |  Latency (cycles) |  Latency (absolute) |  Interval | Pipeline|
    |   min   |   max   |    min   |    max   | min | max |   Type  |
    +---------+---------+----------+----------+-----+-----+---------+
    |      486|      486| 4.860 ms | 4.860 ms |  486|  486|   none  |
    +---------+---------+----------+----------+-----+-----+---------+

    + Detail: 
        * Instance: 
        +-----------------------------------+------------------------+---------+---------+----------+----------+-----+-----+---------+
        |                                   |                        |  Latency (cycles) |  Latency (absolute) |  Interval | Pipeline|
        |              Instance             |         Module         |   min   |   max   |    min   |    max   | min | max |   Type  |
        +-----------------------------------+------------------------+---------+---------+----------+----------+-----+-----+---------+
        |grp_KeccakF1600_StatePer_1_fu_213  |KeccakF1600_StatePer_1  |       25|       25| 0.250 ms | 0.250 ms |   25|   25|   none  |
        +-----------------------------------+------------------------+---------+---------+----------+----------+-----+-----+---------+

        * Loop: 
        +-------------+---------+---------+----------+-----------+-----------+------+----------+
        |             |  Latency (cycles) | Iteration|  Initiation Interval  | Trip |          |
        |  Loop Name  |   min   |   max   |  Latency |  achieved |   target  | Count| Pipelined|
        +-------------+---------+---------+----------+-----------+-----------+------+----------+
        |- Loop 1     |      485|      485|        97|          -|          -|     5|    no    |
        | + Loop 1.1  |       68|       68|         5|          4|          1|    17|    yes   |
        +-------------+---------+---------+----------+-----------+-----------+------+----------+



================================================================
== Utilization Estimates
================================================================
* Summary: 
+-----------------+---------+-------+--------+--------+-----+
|       Name      | BRAM_18K| DSP48E|   FF   |   LUT  | URAM|
+-----------------+---------+-------+--------+--------+-----+
|DSP              |        -|      -|       -|       -|    -|
|Expression       |        -|      -|       0|     153|    -|
|FIFO             |        -|      -|       -|       -|    -|
|Instance         |        -|      -|    3866|  194018|    -|
|Memory           |        -|      -|       -|       -|    -|
|Multiplexer      |        -|      -|       -|     254|    -|
|Register         |        -|      -|      98|       -|    -|
+-----------------+---------+-------+--------+--------+-----+
|Total            |        0|      0|    3964|  194425|    0|
+-----------------+---------+-------+--------+--------+-----+
|Available        |      730|    740|  269200|  134600|    0|
+-----------------+---------+-------+--------+--------+-----+
|Utilization (%)  |        0|      0|       1|     144|    0|
+-----------------+---------+-------+--------+--------+-----+

+ Detail: 
    * Instance: 
    +-----------------------------------+------------------------+---------+-------+------+--------+-----+
    |              Instance             |         Module         | BRAM_18K| DSP48E|  FF  |   LUT  | URAM|
    +-----------------------------------+------------------------+---------+-------+------+--------+-----+
    |grp_KeccakF1600_StatePer_1_fu_213  |KeccakF1600_StatePer_1  |        0|      0|  3866|  194018|    0|
    +-----------------------------------+------------------------+---------+-------+------+--------+-----+
    |Total                              |                        |        0|      0|  3866|  194018|    0|
    +-----------------------------------+------------------------+---------+-------+------+--------+-----+

    * DSP48E: 
    N/A

    * Memory: 
    N/A

    * FIFO: 
    N/A

    * Expression: 
    +----------------------+----------+-------+---+----+------------+------------+
    |     Variable Name    | Operation| DSP48E| FF| LUT| Bitwidth P0| Bitwidth P1|
    +----------------------+----------+-------+---+----+------------+------------+
    |add_ln490_fu_253_p2   |     +    |      0|  0|  17|          10|          10|
    |add_ln492_fu_411_p2   |     +    |      0|  0|  17|          10|           8|
    |add_ln493_fu_417_p2   |     +    |      0|  0|  12|           3|           2|
    |i_fu_231_p2           |     +    |      0|  0|  15|           5|           1|
    |icmp_ln486_fu_219_p2  |   icmp   |      0|  0|   9|           3|           1|
    |icmp_ln488_fu_225_p2  |   icmp   |      0|  0|  11|           5|           5|
    |or_ln49_1_fu_351_p2   |    or    |      0|  0|  10|           2|          10|
    |or_ln49_2_fu_361_p2   |    or    |      0|  0|  10|           2|          10|
    |or_ln49_3_fu_371_p2   |    or    |      0|  0|  10|           3|          10|
    |or_ln49_4_fu_381_p2   |    or    |      0|  0|  10|           3|          10|
    |or_ln49_5_fu_391_p2   |    or    |      0|  0|  10|           3|          10|
    |or_ln49_6_fu_401_p2   |    or    |      0|  0|  10|           3|          10|
    |or_ln49_fu_280_p2     |    or    |      0|  0|  10|           1|          10|
    |ap_enable_pp0         |    xor   |      0|  0|   2|           1|           2|
    +----------------------+----------+-------+---+----+------------+------------+
    |Total                 |          |      0|  0| 153|          54|          99|
    +----------------------+----------+-------+---+----+------------+------------+

    * Multiplexer: 
    +------------------------------+----+-----------+-----+-----------+
    |             Name             | LUT| Input Size| Bits| Total Bits|
    +------------------------------+----+-----------+-----+-----------+
    |ap_NS_fsm                     |  44|          9|    1|          9|
    |ap_enable_reg_pp0_iter1       |   9|          2|    1|          2|
    |ap_phi_mux_i_0_phi_fu_206_p4  |   9|          2|    5|         10|
    |i_0_reg_202                   |   9|          2|    5|         10|
    |out_r_address0                |  27|          5|   10|         50|
    |out_r_address1                |  27|          5|   10|         50|
    |out_r_d0                      |  27|          5|    8|         40|
    |out_r_d1                      |  27|          5|    8|         40|
    |p_01_reg_178                  |   9|          2|    3|          6|
    |p_0_rec_reg_190               |   9|          2|   10|         20|
    |s_address0                    |  15|          3|    5|         15|
    |s_ce0                         |  15|          3|    1|          3|
    |s_ce1                         |   9|          2|    1|          2|
    |s_we0                         |   9|          2|    1|          2|
    |s_we1                         |   9|          2|    1|          2|
    +------------------------------+----+-----------+-----+-----------+
    |Total                         | 254|         51|   70|        261|
    +------------------------------+----+-----------+-----+-----------+

    * Register: 
    +------------------------------------------------+----+----+-----+-----------+
    |                      Name                      | FF | LUT| Bits| Const Bits|
    +------------------------------------------------+----+----+-----+-----------+
    |add_ln490_reg_445                               |  10|   0|   10|          0|
    |ap_CS_fsm                                       |   8|   0|    8|          0|
    |ap_enable_reg_pp0_iter0                         |   1|   0|    1|          0|
    |ap_enable_reg_pp0_iter1                         |   1|   0|    1|          0|
    |grp_KeccakF1600_StatePer_1_fu_213_ap_start_reg  |   1|   0|    1|          0|
    |i_0_reg_202                                     |   5|   0|    5|          0|
    |i_reg_430                                       |   5|   0|    5|          0|
    |icmp_ln488_reg_426                              |   1|   0|    1|          0|
    |p_01_reg_178                                    |   3|   0|    3|          0|
    |p_0_rec_reg_190                                 |  10|   0|   10|          0|
    |shl_ln_reg_435                                  |   5|   0|    8|          3|
    |trunc_ln49_1_reg_465                            |   8|   0|    8|          0|
    |trunc_ln49_2_reg_470                            |   8|   0|    8|          0|
    |trunc_ln49_3_reg_475                            |   8|   0|    8|          0|
    |trunc_ln49_4_reg_480                            |   8|   0|    8|          0|
    |trunc_ln49_9_reg_455                            |   8|   0|    8|          0|
    |trunc_ln49_s_reg_460                            |   8|   0|    8|          0|
    +------------------------------------------------+----+----+-----+-----------+
    |Total                                           |  98|   0|  101|          3|
    +------------------------------------------------+----+----+-----+-----------+



================================================================
== Interface
================================================================
* Summary: 
+----------------+-----+-----+------------+------------------------+--------------+
|    RTL Ports   | Dir | Bits|  Protocol  |      Source Object     |    C Type    |
+----------------+-----+-----+------------+------------------------+--------------+
|ap_clk          |  in |    1| ap_ctrl_hs | keccak_squeezeblocks.1 | return value |
|ap_rst          |  in |    1| ap_ctrl_hs | keccak_squeezeblocks.1 | return value |
|ap_start        |  in |    1| ap_ctrl_hs | keccak_squeezeblocks.1 | return value |
|ap_done         | out |    1| ap_ctrl_hs | keccak_squeezeblocks.1 | return value |
|ap_idle         | out |    1| ap_ctrl_hs | keccak_squeezeblocks.1 | return value |
|ap_ready        | out |    1| ap_ctrl_hs | keccak_squeezeblocks.1 | return value |
|out_r_address0  | out |   10|  ap_memory |          out_r         |     array    |
|out_r_ce0       | out |    1|  ap_memory |          out_r         |     array    |
|out_r_we0       | out |    1|  ap_memory |          out_r         |     array    |
|out_r_d0        | out |    8|  ap_memory |          out_r         |     array    |
|out_r_address1  | out |   10|  ap_memory |          out_r         |     array    |
|out_r_ce1       | out |    1|  ap_memory |          out_r         |     array    |
|out_r_we1       | out |    1|  ap_memory |          out_r         |     array    |
|out_r_d1        | out |    8|  ap_memory |          out_r         |     array    |
|s_address0      | out |    5|  ap_memory |            s           |     array    |
|s_ce0           | out |    1|  ap_memory |            s           |     array    |
|s_we0           | out |    1|  ap_memory |            s           |     array    |
|s_d0            | out |   64|  ap_memory |            s           |     array    |
|s_q0            |  in |   64|  ap_memory |            s           |     array    |
|s_address1      | out |    5|  ap_memory |            s           |     array    |
|s_ce1           | out |    1|  ap_memory |            s           |     array    |
|s_we1           | out |    1|  ap_memory |            s           |     array    |
|s_d1            | out |   64|  ap_memory |            s           |     array    |
|s_q1            |  in |   64|  ap_memory |            s           |     array    |
+----------------+-----+-----+------------+------------------------+--------------+

