

================================================================
== Vivado HLS Report for 'keccak_absorb_2'
================================================================
* Date:           Sun Apr  9 23:02:47 2023

* Version:        2019.2 (Build 2704478 on Wed Nov 06 22:10:23 MST 2019)
* Project:        crypto_sign
* Solution:       solution1
* Product family: artix7
* Target device:  xc7a200t-fbg676-2


================================================================
== Performance Estimates
================================================================
+ Timing: 
    * Summary: 
    +--------+----------+-----------+------------+
    |  Clock |  Target  | Estimated | Uncertainty|
    +--------+----------+-----------+------------+
    |ap_clk  | 10.00 us | 83.112 ns |   1.25 us  |
    +--------+----------+-----------+------------+

+ Latency: 
    * Summary: 
    +---------+---------+----------+----------+-----+-----+---------+
    |  Latency (cycles) |  Latency (absolute) |  Interval | Pipeline|
    |   min   |   max   |    min   |    max   | min | max |   Type  |
    +---------+---------+----------+----------+-----+-----+---------+
    |        ?|        ?|         ?|         ?|    ?|    ?|   none  |
    +---------+---------+----------+----------+-----+-----+---------+

    + Detail: 
        * Instance: 
        +-----------------------------------+------------------------+---------+---------+----------+----------+-----+-----+---------+
        |                                   |                        |  Latency (cycles) |  Latency (absolute) |  Interval | Pipeline|
        |              Instance             |         Module         |   min   |   max   |    min   |    max   | min | max |   Type  |
        +-----------------------------------+------------------------+---------+---------+----------+----------+-----+-----+---------+
        |grp_KeccakF1600_StatePer_1_fu_758  |KeccakF1600_StatePer_1  |       25|       25| 0.250 ms | 0.250 ms |   25|   25|   none  |
        +-----------------------------------+------------------------+---------+---------+----------+----------+-----+-----+---------+

        * Loop: 
        +-------------+---------+---------+----------+-----------+-----------+--------+----------+
        |             |  Latency (cycles) | Iteration|  Initiation Interval  |  Trip  |          |
        |  Loop Name  |   min   |   max   |  Latency |  achieved |   target  |  Count | Pipelined|
        +-------------+---------+---------+----------+-----------+-----------+--------+----------+
        |- memset_t   |        7|        7|         1|          -|          -|       8|    no    |
        |- Loop 2     |        ?|        ?|         2|          -|          -|       ?|    no    |
        |- Loop 3     |        ?|        ?|         5|          4|          1|       ?|    yes   |
        |- Loop 4     |        ?|        ?|       113|          -|          -|       ?|    no    |
        | + Loop 4.1  |       85|       85|         5|          -|          -|      17|    no    |
        |- Loop 5     |        0|       64|         5|          4|          1| 0 ~ 16 |    yes   |
        |- Loop 6     |        ?|        ?|         2|          1|          1|       ?|    yes   |
        +-------------+---------+---------+----------+-----------+-----------+--------+----------+



================================================================
== Utilization Estimates
================================================================
* Summary: 
+-----------------+---------+-------+--------+--------+-----+
|       Name      | BRAM_18K| DSP48E|   FF   |   LUT  | URAM|
+-----------------+---------+-------+--------+--------+-----+
|DSP              |        -|      -|       -|       -|    -|
|Expression       |        -|      -|       0|    2514|    -|
|FIFO             |        -|      -|       -|       -|    -|
|Instance         |        -|      -|    3866|  194018|    -|
|Memory           |        1|      -|       0|       0|    0|
|Multiplexer      |        -|      -|       -|     890|    -|
|Register         |        -|      -|    1671|       -|    -|
+-----------------+---------+-------+--------+--------+-----+
|Total            |        1|      0|    5537|  197422|    0|
+-----------------+---------+-------+--------+--------+-----+
|Available        |      730|    740|  269200|  134600|    0|
+-----------------+---------+-------+--------+--------+-----+
|Utilization (%)  |    ~0   |      0|       2|     146|    0|
+-----------------+---------+-------+--------+--------+-----+

+ Detail: 
    * Instance: 
    +-----------------------------------+------------------------+---------+-------+------+--------+-----+
    |              Instance             |         Module         | BRAM_18K| DSP48E|  FF  |   LUT  | URAM|
    +-----------------------------------+------------------------+---------+-------+------+--------+-----+
    |grp_KeccakF1600_StatePer_1_fu_758  |KeccakF1600_StatePer_1  |        0|      0|  3866|  194018|    0|
    +-----------------------------------+------------------------+---------+-------+------+--------+-----+
    |Total                              |                        |        0|      0|  3866|  194018|    0|
    +-----------------------------------+------------------------+---------+-------+------+--------+-----+

    * DSP48E: 
    N/A

    * Memory: 
    +-------+-------------------+---------+---+----+-----+------+-----+------+-------------+
    | Memory|       Module      | BRAM_18K| FF| LUT| URAM| Words| Bits| Banks| W*Bits*Banks|
    +-------+-------------------+---------+---+----+-----+------+-----+------+-------------+
    |t_U    |keccak_absorb_2_t  |        1|  0|   0|    0|     8|    8|     1|           64|
    +-------+-------------------+---------+---+----+-----+------+-----+------+-------------+
    |Total  |                   |        1|  0|   0|    0|     8|    8|     1|           64|
    +-------+-------------------+---------+---+----+-----+------+-----+------+-------------+

    * FIFO: 
    N/A

    * Expression: 
    +----------------------------------+----------+-------+---+----+------------+------------+
    |           Variable Name          | Operation| DSP48E| FF| LUT| Bitwidth P0| Bitwidth P1|
    +----------------------------------+----------+-------+---+----+------------+------------+
    |add_ln32_13_fu_1154_p2            |     +    |      0|  0|  21|           2|          14|
    |add_ln32_14_fu_1164_p2            |     +    |      0|  0|  21|           2|          14|
    |add_ln32_15_fu_1174_p2            |     +    |      0|  0|  21|           3|          14|
    |add_ln32_16_fu_1184_p2            |     +    |      0|  0|  21|           3|          14|
    |add_ln32_17_fu_1194_p2            |     +    |      0|  0|  21|           3|          14|
    |add_ln32_18_fu_1204_p2            |     +    |      0|  0|  21|           3|          14|
    |add_ln32_19_fu_1501_p2            |     +    |      0|  0|  21|           1|          14|
    |add_ln32_20_fu_1522_p2            |     +    |      0|  0|  21|           2|          14|
    |add_ln32_21_fu_1532_p2            |     +    |      0|  0|  21|           2|          14|
    |add_ln32_22_fu_1542_p2            |     +    |      0|  0|  21|           3|          14|
    |add_ln32_23_fu_1552_p2            |     +    |      0|  0|  21|           3|          14|
    |add_ln32_24_fu_1562_p2            |     +    |      0|  0|  21|           3|          14|
    |add_ln32_25_fu_1572_p2            |     +    |      0|  0|  21|           3|          14|
    |add_ln32_26_fu_1335_p2            |     +    |      0|  0|  21|          14|           1|
    |add_ln32_27_fu_1352_p2            |     +    |      0|  0|  21|          14|           2|
    |add_ln32_28_fu_1362_p2            |     +    |      0|  0|  21|          14|           2|
    |add_ln32_29_fu_1372_p2            |     +    |      0|  0|  21|          14|           3|
    |add_ln32_30_fu_1382_p2            |     +    |      0|  0|  21|          14|           3|
    |add_ln32_31_fu_1392_p2            |     +    |      0|  0|  21|          14|           3|
    |add_ln32_32_fu_1402_p2            |     +    |      0|  0|  21|          14|           3|
    |add_ln32_fu_1133_p2               |     +    |      0|  0|  21|           1|          14|
    |add_ln391_fu_836_p2               |     +    |      0|  0|  12|           3|           1|
    |add_ln394_fu_975_p2               |     +    |      0|  0|  32|          32|          32|
    |add_ln396_fu_969_p2               |     +    |      0|  0|  71|           1|          64|
    |add_ln397_1_fu_937_p2             |     +    |      0|  0|  32|          64|          64|
    |add_ln397_fu_931_p2               |     +    |      0|  0|  32|           1|          64|
    |add_ln398_fu_942_p2               |     +    |      0|  0|  39|          32|          32|
    |add_ln406_1_fu_1117_p2            |     +    |      0|  0|  32|          14|          14|
    |add_ln406_2_fu_1122_p2            |     +    |      0|  0|  32|          14|          14|
    |add_ln406_fu_1144_p2              |     +    |      0|  0|  37|          30|          30|
    |add_ln408_fu_1247_p2              |     +    |      0|  0|  21|          14|          14|
    |add_ln416_1_fu_1315_p2            |     +    |      0|  0|  19|          12|          12|
    |add_ln416_2_fu_1324_p2            |     +    |      0|  0|  21|          14|          14|
    |add_ln418_fu_1346_p2              |     +    |      0|  0|  71|          64|           8|
    |add_ln421_fu_1444_p2              |     +    |      0|  0|  71|          64|           9|
    |add_ln423_fu_1455_p2              |     +    |      0|  0|  15|           5|           1|
    |add_ln425_1_fu_1512_p2            |     +    |      0|  0|  37|          30|          30|
    |add_ln425_2_fu_1481_p2            |     +    |      0|  0|  19|          12|          12|
    |add_ln425_3_fu_1490_p2            |     +    |      0|  0|  21|          14|          14|
    |add_ln429_fu_1638_p2              |     +    |      0|  0|  39|          32|          32|
    |add_ln438_1_fu_1677_p2            |     +    |      0|  0|  21|          14|          14|
    |add_ln438_2_fu_1682_p2            |     +    |      0|  0|  32|          14|          14|
    |add_ln438_3_fu_1687_p2            |     +    |      0|  0|  32|          14|          14|
    |add_ln438_fu_1653_p2              |     +    |      0|  0|  21|          14|          14|
    |add_ln441_fu_1746_p2              |     +    |      0|  0|  39|          32|          32|
    |grp_fu_764_p2                     |     +    |      0|  0|  21|          14|          14|
    |i_4_fu_1095_p2                    |     +    |      0|  0|  36|          29|           1|
    |i_6_fu_1297_p2                    |     +    |      0|  0|  15|           5|           1|
    |i_7_fu_1667_p2                    |     +    |      0|  0|  39|          32|           1|
    |i_fu_999_p2                       |     +    |      0|  0|  39|          32|           1|
    |sum1_fu_954_p2                    |     +    |      0|  0|  21|          14|          14|
    |sub_ln395_fu_875_p2               |     -    |      0|  0|  15|           5|           4|
    |sub_ln400_fu_979_p2               |     -    |      0|  0|  32|          32|          32|
    |sub_ln403_fu_1043_p2              |     -    |      0|  0|  39|           8|          32|
    |sub_ln409_fu_1241_p2              |     -    |      0|  0|  71|          64|          64|
    |sub_ln428_fu_1628_p2              |     -    |      0|  0|  71|          64|          64|
    |ap_block_state15_on_subcall_done  |    and   |      0|  0|   2|           1|           1|
    |ap_predicate_op203_call_state15   |    and   |      0|  0|   2|           1|           1|
    |empty_54_fu_891_p2                |   icmp   |      0|  0|  29|          64|          64|
    |exitcond_fu_964_p2                |   icmp   |      0|  0|  29|          64|          64|
    |icmp_ln391_fu_847_p2              |   icmp   |      0|  0|   9|           3|           2|
    |icmp_ln393_fu_860_p2              |   icmp   |      0|  0|   9|           3|           1|
    |icmp_ln403_1_fu_1057_p2           |   icmp   |      0|  0|  29|          64|          64|
    |icmp_ln403_fu_1037_p2             |   icmp   |      0|  0|  18|          32|           1|
    |icmp_ln404_fu_1090_p2             |   icmp   |      0|  0|  18|          29|          29|
    |icmp_ln414_fu_1261_p2             |   icmp   |      0|  0|  29|          64|           8|
    |icmp_ln415_fu_1291_p2             |   icmp   |      0|  0|  11|           5|           5|
    |icmp_ln423_fu_1450_p2             |   icmp   |      0|  0|  11|           5|           5|
    |icmp_ln431_fu_1644_p2             |   icmp   |      0|  0|  29|          64|          64|
    |icmp_ln436_fu_1662_p2             |   icmp   |      0|  0|  21|          33|          33|
    |umax_fu_897_p3                    |  select  |      0|  0|  64|           1|          64|
    |ap_enable_pp0                     |    xor   |      0|  0|   2|           1|           2|
    |ap_enable_pp1                     |    xor   |      0|  0|   2|           1|           2|
    |ap_enable_pp2                     |    xor   |      0|  0|   2|           1|           2|
    |ap_enable_reg_pp2_iter1           |    xor   |      0|  0|   2|           2|           1|
    |empty_55_fu_925_p2                |    xor   |      0|  0|  32|          32|           2|
    |xor_ln395_1_fu_885_p2             |    xor   |      0|  0|  64|          64|           2|
    |xor_ln395_2_cast_fu_919_p2        |    xor   |      0|  0|  14|          14|           2|
    |xor_ln395_2_fu_913_p2             |    xor   |      0|  0|  64|          64|           2|
    |xor_ln395_fu_866_p2               |    xor   |      0|  0|  64|          64|           2|
    |xor_ln400_fu_1030_p2              |    xor   |      0|  0|  64|          64|          64|
    |xor_ln406_fu_1234_p2              |    xor   |      0|  0|  64|          64|          64|
    |xor_ln416_fu_1437_p2              |    xor   |      0|  0|  64|          64|          64|
    |xor_ln425_fu_1602_p2              |    xor   |      0|  0|  64|          64|          64|
    |xor_ln440_fu_1739_p2              |    xor   |      0|  0|  64|          64|          64|
    +----------------------------------+----------+-------+---+----+------------+------------+
    |Total                             |          |      0|  0|2514|        1967|        1733|
    +----------------------------------+----------+-------+---+----+------------+------------+

    * Multiplexer: 
    +---------------------------------+-----+-----------+-----+-----------+
    |               Name              | LUT | Input Size| Bits| Total Bits|
    +---------------------------------+-----+-----------+-----+-----------+
    |ap_NS_fsm                        |  161|         36|    1|         36|
    |ap_enable_reg_pp0_iter1          |    9|          2|    1|          2|
    |ap_enable_reg_pp1_iter1          |    9|          2|    1|          2|
    |ap_enable_reg_pp2_iter1          |   15|          3|    1|          3|
    |ap_phi_mux_i_1_phi_fu_641_p4     |    9|          2|   29|         58|
    |ap_phi_mux_i_3_phi_fu_730_p4     |    9|          2|    5|         10|
    |ap_phi_mux_i_5_phi_fu_741_p4     |    9|          2|   32|         64|
    |ap_phi_mux_p_12_phi_fu_620_p4    |    9|          2|   32|         64|
    |ap_phi_mux_p_1_phi_fu_630_p4     |    9|          2|   64|        128|
    |ap_phi_mux_p_2728_phi_fu_652_p6  |    9|          2|   14|         28|
    |ap_phi_mux_p_2_phi_fu_680_p6     |    9|          2|   64|        128|
    |ap_phi_mux_p_34_phi_fu_752_p4    |    9|          2|   32|         64|
    |ap_return                        |    9|          2|   32|         64|
    |i_0_reg_595                      |    9|          2|   32|         64|
    |i_1_reg_637                      |    9|          2|   29|         58|
    |i_2_reg_714                      |    9|          2|    5|         10|
    |i_3_reg_726                      |    9|          2|    5|         10|
    |i_5_reg_737                      |    9|          2|   32|         64|
    |indvars_iv_reg_691               |    9|          2|   64|        128|
    |m_address0                       |   59|         14|   13|        182|
    |m_address1                       |   59|         14|   13|        182|
    |p_05_rec_reg_584                 |    9|          2|   64|        128|
    |p_12_reg_617                     |    9|          2|   32|         64|
    |p_1626_reg_605                   |    9|          2|   14|         28|
    |p_1_reg_627                      |    9|          2|   64|        128|
    |p_23_reg_662                     |    9|          2|   32|         64|
    |p_2728_reg_648                   |    9|          2|   14|         28|
    |p_2_reg_677                      |    9|          2|   64|        128|
    |p_34_reg_749                     |    9|          2|   32|         64|
    |p_38_rec_reg_702                 |    9|          2|   64|        128|
    |phi_ln391_reg_573                |    9|          2|    3|          6|
    |reg_768                          |    9|          2|    8|         16|
    |reg_773                          |    9|          2|    8|         16|
    |reg_778                          |    9|          2|    8|         16|
    |reg_783                          |    9|          2|    8|         16|
    |reg_788                          |    9|          2|    8|         16|
    |reg_793                          |    9|          2|    8|         16|
    |reg_798                          |    9|          2|    8|         16|
    |reg_803                          |    9|          2|    8|         16|
    |s_address0                       |   44|          9|    5|         45|
    |s_ce0                            |   15|          3|    1|          3|
    |s_ce1                            |    9|          2|    1|          2|
    |s_d0                             |   38|          7|   64|        448|
    |s_we0                            |   15|          3|    1|          3|
    |s_we1                            |    9|          2|    1|          2|
    |t_address0                       |   62|         15|    3|         45|
    |t_address1                       |   59|         14|    3|         42|
    |t_d0                             |   15|          3|    8|         24|
    |t_d1                             |   15|          3|    8|         24|
    +---------------------------------+-----+-----------+-----+-----------+
    |Total                            |  890|        198| 1043|       2881|
    +---------------------------------+-----+-----------+-----+-----------+

    * Register: 
    +------------------------------------------------+----+----+-----+-----------+
    |                      Name                      | FF | LUT| Bits| Const Bits|
    +------------------------------------------------+----+----+-----+-----------+
    |add_ln396_reg_1834                              |  64|   0|   64|          0|
    |add_ln397_1_reg_1810                            |  64|   0|   64|          0|
    |add_ln398_reg_1815                              |  32|   0|   32|          0|
    |add_ln406_2_reg_1931                            |  14|   0|   14|          0|
    |add_ln408_reg_1986                              |  14|   0|   14|          0|
    |add_ln416_2_reg_2026                            |  14|   0|   14|          0|
    |add_ln418_reg_2046                              |  64|   0|   64|          0|
    |add_ln423_reg_2095                              |   5|   0|    5|          0|
    |add_ln425_3_reg_2100                            |  14|   0|   14|          0|
    |add_ln429_reg_2170                              |  32|   0|   32|          0|
    |add_ln438_reg_2191                              |  14|   0|   14|          0|
    |ap_CS_fsm                                       |  35|   0|   35|          0|
    |ap_enable_reg_pp0_iter0                         |   1|   0|    1|          0|
    |ap_enable_reg_pp0_iter1                         |   1|   0|    1|          0|
    |ap_enable_reg_pp1_iter0                         |   1|   0|    1|          0|
    |ap_enable_reg_pp1_iter1                         |   1|   0|    1|          0|
    |ap_enable_reg_pp2_iter0                         |   1|   0|    1|          0|
    |ap_enable_reg_pp2_iter1                         |   1|   0|    1|          0|
    |ap_return_preg                                  |  32|   0|   32|          0|
    |empty_55_reg_1805                               |  32|   0|   32|          0|
    |grp_KeccakF1600_StatePer_1_fu_758_ap_start_reg  |   1|   0|    1|          0|
    |i_0_reg_595                                     |  32|   0|   32|          0|
    |i_1_reg_637                                     |  29|   0|   29|          0|
    |i_2_reg_714                                     |   5|   0|    5|          0|
    |i_3_reg_726                                     |   5|   0|    5|          0|
    |i_4_reg_1926                                    |  29|   0|   29|          0|
    |i_5_reg_737                                     |  32|   0|   32|          0|
    |i_6_reg_2021                                    |   5|   0|    5|          0|
    |i_7_reg_2230                                    |  32|   0|   32|          0|
    |icmp_ln393_reg_1791                             |   1|   0|    1|          0|
    |icmp_ln403_1_reg_1903                           |   1|   0|    1|          0|
    |icmp_ln403_reg_1889                             |   1|   0|    1|          0|
    |icmp_ln404_reg_1922                             |   1|   0|    1|          0|
    |icmp_ln423_reg_2091                             |   1|   0|    1|          0|
    |icmp_ln431_reg_2177                             |   1|   0|    1|          0|
    |icmp_ln436_reg_2226                             |   1|   0|    1|          0|
    |indvars_iv_reg_691                              |  64|   0|   64|          0|
    |m_offset_cast68_reg_1821                        |  13|   0|   14|          1|
    |p_05_rec_reg_584                                |  64|   0|   64|          0|
    |p_12_reg_617                                    |  32|   0|   32|          0|
    |p_1626_reg_605                                  |  14|   0|   14|          0|
    |p_1_reg_627                                     |  64|   0|   64|          0|
    |p_23_reg_662                                    |  32|   0|   32|          0|
    |p_2728_reg_648                                  |  14|   0|   14|          0|
    |p_2_reg_677                                     |  64|   0|   64|          0|
    |p_34_reg_749                                    |  32|   0|   32|          0|
    |p_38_rec_reg_702                                |  64|   0|   64|          0|
    |phi_ln391_reg_573                               |   3|   0|    3|          0|
    |pos_cast1_reg_1771                              |   7|   0|   32|         25|
    |reg_768                                         |   8|   0|    8|          0|
    |reg_773                                         |   8|   0|    8|          0|
    |reg_778                                         |   8|   0|    8|          0|
    |reg_783                                         |   8|   0|    8|          0|
    |reg_788                                         |   8|   0|    8|          0|
    |reg_793                                         |   8|   0|    8|          0|
    |reg_798                                         |   8|   0|    8|          0|
    |reg_803                                         |   8|   0|    8|          0|
    |reg_808                                         |   8|   0|    8|          0|
    |reg_812                                         |   8|   0|    8|          0|
    |reg_816                                         |  64|   0|   64|          0|
    |reg_820                                         |   8|   0|    8|          0|
    |reg_824                                         |   8|   0|    8|          0|
    |reg_828                                         |  14|   0|   14|          0|
    |s_addr_1_reg_1951                               |   5|   0|    5|          0|
    |s_addr_2_reg_2120                               |   5|   0|    5|          0|
    |s_addr_3_reg_2081                               |   5|   0|    5|          0|
    |s_addr_4_reg_2245                               |   5|   0|    5|          0|
    |s_addr_reg_1849                                 |   5|   0|    5|          0|
    |sub_ln428_reg_2160                              |  64|   0|   64|          0|
    |tmp_6739_reg_2012                               |   5|   0|    5|          0|
    |tmp_s_reg_1912                                  |  29|   0|   29|          0|
    |trunc_ln403_reg_1898                            |  14|   0|   14|          0|
    |trunc_ln414_reg_1998                            |  14|   0|   14|          0|
    |trunc_ln416_reg_1992                            |  12|   0|   12|          0|
    |trunc_ln428_reg_2165                            |  33|   0|   33|          0|
    |trunc_ln441_reg_2240                            |  32|   0|   32|          0|
    |xor_ln395_2_cast_reg_1800                       |  14|   0|   14|          0|
    |xor_ln395_2_reg_1795                            |  64|   0|   64|          0|
    |zext_ln393_reg_1785                             |   3|   0|   32|         29|
    |zext_ln403_reg_1893                             |  32|   0|   64|         32|
    |zext_ln404_1_reg_1907                           |  29|   0|   30|          1|
    |zext_ln406_reg_1917                             |  13|   0|   14|          1|
    |zext_ln423_1_reg_2007                           |  29|   0|   30|          1|
    |zext_ln428_reg_2155                             |   5|   0|   14|          9|
    +------------------------------------------------+----+----+-----+-----------+
    |Total                                           |1671|   0| 1770|         99|
    +------------------------------------------------+----+----+-----+-----------+



================================================================
== Interface
================================================================
* Summary: 
+------------+-----+-----+------------+-----------------+--------------+
|  RTL Ports | Dir | Bits|  Protocol  |  Source Object  |    C Type    |
+------------+-----+-----+------------+-----------------+--------------+
|ap_clk      |  in |    1| ap_ctrl_hs | keccak_absorb.2 | return value |
|ap_rst      |  in |    1| ap_ctrl_hs | keccak_absorb.2 | return value |
|ap_start    |  in |    1| ap_ctrl_hs | keccak_absorb.2 | return value |
|ap_done     | out |    1| ap_ctrl_hs | keccak_absorb.2 | return value |
|ap_idle     | out |    1| ap_ctrl_hs | keccak_absorb.2 | return value |
|ap_ready    | out |    1| ap_ctrl_hs | keccak_absorb.2 | return value |
|ap_return   | out |   32| ap_ctrl_hs | keccak_absorb.2 | return value |
|s_address0  | out |    5|  ap_memory |        s        |     array    |
|s_ce0       | out |    1|  ap_memory |        s        |     array    |
|s_we0       | out |    1|  ap_memory |        s        |     array    |
|s_d0        | out |   64|  ap_memory |        s        |     array    |
|s_q0        |  in |   64|  ap_memory |        s        |     array    |
|s_address1  | out |    5|  ap_memory |        s        |     array    |
|s_ce1       | out |    1|  ap_memory |        s        |     array    |
|s_we1       | out |    1|  ap_memory |        s        |     array    |
|s_d1        | out |   64|  ap_memory |        s        |     array    |
|s_q1        |  in |   64|  ap_memory |        s        |     array    |
|pos_r       |  in |    7|   ap_none  |      pos_r      |    scalar    |
|m_address0  | out |   13|  ap_memory |        m        |     array    |
|m_ce0       | out |    1|  ap_memory |        m        |     array    |
|m_q0        |  in |    8|  ap_memory |        m        |     array    |
|m_address1  | out |   13|  ap_memory |        m        |     array    |
|m_ce1       | out |    1|  ap_memory |        m        |     array    |
|m_q1        |  in |    8|  ap_memory |        m        |     array    |
|m_offset    |  in |   13|   ap_none  |     m_offset    |    scalar    |
|mlen        |  in |   64|   ap_none  |       mlen      |    scalar    |
+------------+-----+-----+------------+-----------------+--------------+

