

================================================================
== Vivado HLS Report for 'keccak_squeezeblocks'
================================================================
* Date:           Sun Apr  9 23:10:47 2023

* Version:        2019.2 (Build 2704478 on Wed Nov 06 22:10:23 MST 2019)
* Project:        crypto_sign
* Solution:       solution1
* Product family: artix7
* Target device:  xc7a200t-fbg676-2


================================================================
== Performance Estimates
================================================================
+ Timing: 
    * Summary: 
    +--------+----------+-----------+------------+
    |  Clock |  Target  | Estimated | Uncertainty|
    +--------+----------+-----------+------------+
    |ap_clk  | 10.00 us | 83.112 ns |   1.25 us  |
    +--------+----------+-----------+------------+

+ Latency: 
    * Summary: 
    +---------+---------+----------+----------+-----+-----+---------+
    |  Latency (cycles) |  Latency (absolute) |  Interval | Pipeline|
    |   min   |   max   |    min   |    max   | min | max |   Type  |
    +---------+---------+----------+----------+-----+-----+---------+
    |      114|      114| 1.140 ms | 1.140 ms |  114|  114|   none  |
    +---------+---------+----------+----------+-----+-----+---------+

    + Detail: 
        * Instance: 
        +-----------------------------------+------------------------+---------+---------+----------+----------+-----+-----+---------+
        |                                   |                        |  Latency (cycles) |  Latency (absolute) |  Interval | Pipeline|
        |              Instance             |         Module         |   min   |   max   |    min   |    max   | min | max |   Type  |
        +-----------------------------------+------------------------+---------+---------+----------+----------+-----+-----+---------+
        |grp_KeccakF1600_StatePer_1_fu_198  |KeccakF1600_StatePer_1  |       25|       25| 0.250 ms | 0.250 ms |   25|   25|   none  |
        +-----------------------------------+------------------------+---------+---------+----------+----------+-----+-----+---------+

        * Loop: 
        +-------------+---------+---------+----------+-----------+-----------+------+----------+
        |             |  Latency (cycles) | Iteration|  Initiation Interval  | Trip |          |
        |  Loop Name  |   min   |   max   |  Latency |  achieved |   target  | Count| Pipelined|
        +-------------+---------+---------+----------+-----------+-----------+------+----------+
        |- Loop 1     |      113|      113|       113|          -|          -|     1|    no    |
        | + Loop 1.1  |       85|       85|         5|          -|          -|    17|    no    |
        +-------------+---------+---------+----------+-----------+-----------+------+----------+



================================================================
== Utilization Estimates
================================================================
* Summary: 
+-----------------+---------+-------+--------+--------+-----+
|       Name      | BRAM_18K| DSP48E|   FF   |   LUT  | URAM|
+-----------------+---------+-------+--------+--------+-----+
|DSP              |        -|      -|       -|       -|    -|
|Expression       |        -|      -|       0|     112|    -|
|FIFO             |        -|      -|       -|       -|    -|
|Instance         |        -|      -|    3866|  194018|    -|
|Memory           |        -|      -|       -|       -|    -|
|Multiplexer      |        -|      -|       -|     227|    -|
|Register         |        -|      -|      84|       -|    -|
+-----------------+---------+-------+--------+--------+-----+
|Total            |        0|      0|    3950|  194357|    0|
+-----------------+---------+-------+--------+--------+-----+
|Available        |      730|    740|  269200|  134600|    0|
+-----------------+---------+-------+--------+--------+-----+
|Utilization (%)  |        0|      0|       1|     144|    0|
+-----------------+---------+-------+--------+--------+-----+

+ Detail: 
    * Instance: 
    +-----------------------------------+------------------------+---------+-------+------+--------+-----+
    |              Instance             |         Module         | BRAM_18K| DSP48E|  FF  |   LUT  | URAM|
    +-----------------------------------+------------------------+---------+-------+------+--------+-----+
    |grp_KeccakF1600_StatePer_1_fu_198  |KeccakF1600_StatePer_1  |        0|      0|  3866|  194018|    0|
    +-----------------------------------+------------------------+---------+-------+------+--------+-----+
    |Total                              |                        |        0|      0|  3866|  194018|    0|
    +-----------------------------------+------------------------+---------+-------+------+--------+-----+

    * DSP48E: 
    N/A

    * Memory: 
    N/A

    * FIFO: 
    N/A

    * Expression: 
    +----------------------+----------+-------+---+----+------------+------------+
    |     Variable Name    | Operation| DSP48E| FF| LUT| Bitwidth P0| Bitwidth P1|
    +----------------------+----------+-------+---+----+------------+------------+
    |add_ln490_fu_224_p2   |     +    |      0|  0|  15|           8|           8|
    |add_ln492_fu_235_p2   |     +    |      0|  0|  15|           8|           8|
    |i_fu_210_p2           |     +    |      0|  0|  15|           5|           1|
    |icmp_ln489_fu_204_p2  |   icmp   |      0|  0|  11|           5|           5|
    |or_ln50_10_fu_361_p2  |    or    |      0|  0|   8|           3|           8|
    |or_ln50_11_fu_371_p2  |    or    |      0|  0|   8|           3|           8|
    |or_ln50_12_fu_381_p2  |    or    |      0|  0|   8|           3|           8|
    |or_ln50_7_fu_331_p2   |    or    |      0|  0|   8|           2|           8|
    |or_ln50_8_fu_341_p2   |    or    |      0|  0|   8|           2|           8|
    |or_ln50_9_fu_351_p2   |    or    |      0|  0|   8|           3|           8|
    |or_ln50_fu_261_p2     |    or    |      0|  0|   8|           1|           8|
    +----------------------+----------+-------+---+----+------------+------------+
    |Total                 |          |      0|  0| 112|          43|          78|
    +----------------------+----------+-------+---+----+------------+------------+

    * Multiplexer: 
    +-----------------+----+-----------+-----+-----------+
    |       Name      | LUT| Input Size| Bits| Total Bits|
    +-----------------+----+-----------+-----+-----------+
    |ap_NS_fsm        |  44|          9|    1|          9|
    |i_0_reg_187      |   9|          2|    5|         10|
    |out_r_address0   |  27|          5|    8|         40|
    |out_r_address1   |  27|          5|    8|         40|
    |out_r_d0         |  27|          5|    8|         40|
    |out_r_d1         |  27|          5|    8|         40|
    |p_0_rec_reg_175  |   9|          2|    8|         16|
    |s_address0       |  15|          3|    5|         15|
    |s_ce0            |  15|          3|    1|          3|
    |s_ce1            |   9|          2|    1|          2|
    |s_we0            |   9|          2|    1|          2|
    |s_we1            |   9|          2|    1|          2|
    +-----------------+----+-----------+-----+-----------+
    |Total            | 227|         45|   55|        219|
    +-----------------+----+-----------+-----+-----------+

    * Register: 
    +------------------------------------------------+---+----+-----+-----------+
    |                      Name                      | FF| LUT| Bits| Const Bits|
    +------------------------------------------------+---+----+-----+-----------+
    |add_ln490_reg_399                               |  8|   0|    8|          0|
    |ap_CS_fsm                                       |  8|   0|    8|          0|
    |grp_KeccakF1600_StatePer_1_fu_198_ap_start_reg  |  1|   0|    1|          0|
    |i_0_reg_187                                     |  5|   0|    5|          0|
    |i_reg_394                                       |  5|   0|    5|          0|
    |p_01_reg_162                                    |  1|   0|    1|          0|
    |p_0_rec_reg_175                                 |  8|   0|    8|          0|
    |trunc_ln50_1_reg_446                            |  8|   0|    8|          0|
    |trunc_ln50_5_reg_421                            |  8|   0|    8|          0|
    |trunc_ln50_6_reg_426                            |  8|   0|    8|          0|
    |trunc_ln50_7_reg_431                            |  8|   0|    8|          0|
    |trunc_ln50_8_reg_436                            |  8|   0|    8|          0|
    |trunc_ln50_9_reg_441                            |  8|   0|    8|          0|
    +------------------------------------------------+---+----+-----+-----------+
    |Total                                           | 84|   0|   84|          0|
    +------------------------------------------------+---+----+-----+-----------+



================================================================
== Interface
================================================================
* Summary: 
+----------------+-----+-----+------------+----------------------+--------------+
|    RTL Ports   | Dir | Bits|  Protocol  |     Source Object    |    C Type    |
+----------------+-----+-----+------------+----------------------+--------------+
|ap_clk          |  in |    1| ap_ctrl_hs | keccak_squeezeblocks | return value |
|ap_rst          |  in |    1| ap_ctrl_hs | keccak_squeezeblocks | return value |
|ap_start        |  in |    1| ap_ctrl_hs | keccak_squeezeblocks | return value |
|ap_done         | out |    1| ap_ctrl_hs | keccak_squeezeblocks | return value |
|ap_idle         | out |    1| ap_ctrl_hs | keccak_squeezeblocks | return value |
|ap_ready        | out |    1| ap_ctrl_hs | keccak_squeezeblocks | return value |
|out_r_address0  | out |    8|  ap_memory |         out_r        |     array    |
|out_r_ce0       | out |    1|  ap_memory |         out_r        |     array    |
|out_r_we0       | out |    1|  ap_memory |         out_r        |     array    |
|out_r_d0        | out |    8|  ap_memory |         out_r        |     array    |
|out_r_address1  | out |    8|  ap_memory |         out_r        |     array    |
|out_r_ce1       | out |    1|  ap_memory |         out_r        |     array    |
|out_r_we1       | out |    1|  ap_memory |         out_r        |     array    |
|out_r_d1        | out |    8|  ap_memory |         out_r        |     array    |
|s_address0      | out |    5|  ap_memory |           s          |     array    |
|s_ce0           | out |    1|  ap_memory |           s          |     array    |
|s_we0           | out |    1|  ap_memory |           s          |     array    |
|s_d0            | out |   64|  ap_memory |           s          |     array    |
|s_q0            |  in |   64|  ap_memory |           s          |     array    |
|s_address1      | out |    5|  ap_memory |           s          |     array    |
|s_ce1           | out |    1|  ap_memory |           s          |     array    |
|s_we1           | out |    1|  ap_memory |           s          |     array    |
|s_d1            | out |   64|  ap_memory |           s          |     array    |
|s_q1            |  in |   64|  ap_memory |           s          |     array    |
+----------------+-----+-----+------------+----------------------+--------------+

