

================================================================
== Vivado HLS Report for 'keccak_absorb_3199'
================================================================
* Date:           Sat Apr  8 18:23:50 2023

* Version:        2019.2 (Build 2704478 on Wed Nov 06 22:10:23 MST 2019)
* Project:        crypto_sign
* Solution:       solution1
* Product family: artix7
* Target device:  xc7a200t-fbg676-2


================================================================
== Performance Estimates
================================================================
+ Timing: 
    * Summary: 
    +--------+----------+----------+------------+
    |  Clock |  Target  | Estimated| Uncertainty|
    +--------+----------+----------+------------+
    |ap_clk  | 10.00 us | 6.352 ns |   1.25 us  |
    +--------+----------+----------+------------+

+ Latency: 
    * Summary: 
    +---------+---------+----------+----------+-----+-----+---------+
    |  Latency (cycles) |  Latency (absolute) |  Interval | Pipeline|
    |   min   |   max   |    min   |    max   | min | max |   Type  |
    +---------+---------+----------+----------+-----+-----+---------+
    |       31|       31| 0.310 ms | 0.310 ms |   31|   31|   none  |
    +---------+---------+----------+----------+-----+-----+---------+

    + Detail: 
        * Instance: 
        N/A

        * Loop: 
        +----------+---------+---------+----------+-----------+-----------+------+----------+
        |          |  Latency (cycles) | Iteration|  Initiation Interval  | Trip |          |
        | Loop Name|   min   |   max   |  Latency |  achieved |   target  | Count| Pipelined|
        +----------+---------+---------+----------+-----------+-----------+------+----------+
        |- Loop 1  |       30|       30|         5|          -|          -|     6|    no    |
        +----------+---------+---------+----------+-----------+-----------+------+----------+



================================================================
== Utilization Estimates
================================================================
* Summary: 
+-----------------+---------+-------+--------+--------+-----+
|       Name      | BRAM_18K| DSP48E|   FF   |   LUT  | URAM|
+-----------------+---------+-------+--------+--------+-----+
|DSP              |        -|      -|       -|       -|    -|
|Expression       |        -|      -|       0|     205|    -|
|FIFO             |        -|      -|       -|       -|    -|
|Instance         |        -|      -|       -|       -|    -|
|Memory           |        -|      -|       -|       -|    -|
|Multiplexer      |        -|      -|       -|     101|    -|
|Register         |        -|      -|      71|       -|    -|
+-----------------+---------+-------+--------+--------+-----+
|Total            |        0|      0|      71|     306|    0|
+-----------------+---------+-------+--------+--------+-----+
|Available        |      730|    740|  269200|  134600|    0|
+-----------------+---------+-------+--------+--------+-----+
|Utilization (%)  |        0|      0|   ~0   |   ~0   |    0|
+-----------------+---------+-------+--------+--------+-----+

+ Detail: 
    * Instance: 
    N/A

    * DSP48E: 
    N/A

    * Memory: 
    N/A

    * FIFO: 
    N/A

    * Expression: 
    +-----------------------+----------+-------+---+----+------------+------------+
    |     Variable Name     | Operation| DSP48E| FF| LUT| Bitwidth P0| Bitwidth P1|
    +-----------------------+----------+-------+---+----+------------+------------+
    |add_ln32_10_fu_220_p2  |     +    |      0|  0|  15|           8|           3|
    |add_ln32_11_fu_230_p2  |     +    |      0|  0|  15|           8|           3|
    |add_ln32_12_fu_240_p2  |     +    |      0|  0|  15|           8|           3|
    |add_ln32_7_fu_190_p2   |     +    |      0|  0|  15|           8|           2|
    |add_ln32_8_fu_200_p2   |     +    |      0|  0|  15|           8|           2|
    |add_ln32_9_fu_210_p2   |     +    |      0|  0|  15|           8|           3|
    |add_ln32_fu_179_p2     |     +    |      0|  0|  15|           8|           1|
    |add_ln420_fu_151_p2    |     +    |      0|  0|  12|           3|           1|
    |add_ln421_fu_169_p2    |     +    |      0|  0|  15|           8|           8|
    |icmp_ln420_fu_145_p2   |   icmp   |      0|  0|   9|           3|           3|
    |s_d0                   |    xor   |      0|  0|  64|          64|          64|
    +-----------------------+----------+-------+---+----+------------+------------+
    |Total                  |          |      0|  0| 205|         134|          93|
    +-----------------------+----------+-------+---+----+------------+------------+

    * Multiplexer: 
    +-------------+----+-----------+-----+-----------+
    |     Name    | LUT| Input Size| Bits| Total Bits|
    +-------------+----+-----------+-----+-----------+
    |ap_NS_fsm    |  38|          7|    1|          7|
    |i_3_reg_129  |   9|          2|    3|          6|
    |m_address0   |  27|          5|    8|         40|
    |m_address1   |  27|          5|    8|         40|
    +-------------+----+-----------+-----+-----------+
    |Total        | 101|         19|   20|         93|
    +-------------+----+-----------+-----+-----------+

    * Register: 
    +-------------------+---+----+-----+-----------+
    |        Name       | FF| LUT| Bits| Const Bits|
    +-------------------+---+----+-----+-----------+
    |add_ln420_reg_279  |  3|   0|    3|          0|
    |add_ln421_reg_284  |  8|   0|    8|          0|
    |ap_CS_fsm          |  6|   0|    6|          0|
    |i_3_reg_129        |  3|   0|    3|          0|
    |m_load_1_reg_314   |  8|   0|    8|          0|
    |m_load_2_reg_329   |  8|   0|    8|          0|
    |m_load_3_reg_334   |  8|   0|    8|          0|
    |m_load_4_reg_349   |  8|   0|    8|          0|
    |m_load_5_reg_354   |  8|   0|    8|          0|
    |m_load_reg_309     |  8|   0|    8|          0|
    |s_addr_reg_304     |  3|   0|    5|          2|
    +-------------------+---+----+-----+-----------+
    |Total              | 71|   0|   73|          2|
    +-------------------+---+----+-----+-----------+



================================================================
== Interface
================================================================
* Summary: 
+------------+-----+-----+------------+--------------------+--------------+
|  RTL Ports | Dir | Bits|  Protocol  |    Source Object   |    C Type    |
+------------+-----+-----+------------+--------------------+--------------+
|ap_clk      |  in |    1| ap_ctrl_hs | keccak_absorb.3199 | return value |
|ap_rst      |  in |    1| ap_ctrl_hs | keccak_absorb.3199 | return value |
|ap_start    |  in |    1| ap_ctrl_hs | keccak_absorb.3199 | return value |
|ap_done     | out |    1| ap_ctrl_hs | keccak_absorb.3199 | return value |
|ap_idle     | out |    1| ap_ctrl_hs | keccak_absorb.3199 | return value |
|ap_ready    | out |    1| ap_ctrl_hs | keccak_absorb.3199 | return value |
|s_address0  | out |    5|  ap_memory |          s         |     array    |
|s_ce0       | out |    1|  ap_memory |          s         |     array    |
|s_we0       | out |    1|  ap_memory |          s         |     array    |
|s_d0        | out |   64|  ap_memory |          s         |     array    |
|s_q0        |  in |   64|  ap_memory |          s         |     array    |
|m_address0  | out |    8|  ap_memory |          m         |     array    |
|m_ce0       | out |    1|  ap_memory |          m         |     array    |
|m_q0        |  in |    8|  ap_memory |          m         |     array    |
|m_address1  | out |    8|  ap_memory |          m         |     array    |
|m_ce1       | out |    1|  ap_memory |          m         |     array    |
|m_q1        |  in |    8|  ap_memory |          m         |     array    |
|m_offset    |  in |    8|   ap_none  |      m_offset      |    scalar    |
+------------+-----+-----+------------+--------------------+--------------+

