

================================================================
== Vivado HLS Report for 'polyeta_unpack'
================================================================
* Date:           Tue Apr  4 23:37:50 2023

* Version:        2019.2 (Build 2704478 on Wed Nov 06 22:10:23 MST 2019)
* Project:        crypto_sign
* Solution:       solution1
* Product family: artix7
* Target device:  xc7a200t-fbg676-2


================================================================
== Performance Estimates
================================================================
+ Timing: 
    * Summary: 
    +--------+----------+----------+------------+
    |  Clock |  Target  | Estimated| Uncertainty|
    +--------+----------+----------+------------+
    |ap_clk  | 10.00 us | 6.890 ns |   1.25 us  |
    +--------+----------+----------+------------+

+ Latency: 
    * Summary: 
    +---------+---------+----------+----------+-----+-----+----------+
    |  Latency (cycles) |  Latency (absolute) |  Interval | Pipeline |
    |   min   |   max   |    min   |    max   | min | max |   Type   |
    +---------+---------+----------+----------+-----+-----+----------+
    |      128|      128| 1.280 ms | 1.280 ms |  128|  128| function |
    +---------+---------+----------+----------+-----+-----+----------+

    + Detail: 
        * Instance: 
        N/A

        * Loop: 
        N/A



================================================================
== Utilization Estimates
================================================================
* Summary: 
+-----------------+---------+-------+--------+--------+-----+
|       Name      | BRAM_18K| DSP48E|   FF   |   LUT  | URAM|
+-----------------+---------+-------+--------+--------+-----+
|DSP              |        -|      -|       -|       -|    -|
|Expression       |        -|      -|       0|    8039|    -|
|FIFO             |        -|      -|       -|       -|    -|
|Instance         |        -|      -|       -|       -|    -|
|Memory           |        -|      -|       -|       -|    -|
|Multiplexer      |        -|      -|       -|    3349|    -|
|Register         |        -|      -|     710|       -|    -|
+-----------------+---------+-------+--------+--------+-----+
|Total            |        0|      0|     710|   11388|    0|
+-----------------+---------+-------+--------+--------+-----+
|Available        |      730|    740|  269200|  134600|    0|
+-----------------+---------+-------+--------+--------+-----+
|Utilization (%)  |        0|      0|   ~0   |       8|    0|
+-----------------+---------+-------+--------+--------+-----+

+ Detail: 
    * Instance: 
    N/A

    * DSP48E: 
    N/A

    * Memory: 
    N/A

    * FIFO: 
    N/A

    * Expression: 
    +-----------------------------+----------+-------+---+----+------------+------------+
    |        Variable Name        | Operation| DSP48E| FF| LUT| Bitwidth P0| Bitwidth P1|
    +-----------------------------+----------+-------+---+----+------------+------------+
    |add_ln606_10_fu_5357_p2      |     +    |      0|  0|  20|           6|          13|
    |add_ln606_11_fu_5525_p2      |     +    |      0|  0|  20|           6|          13|
    |add_ln606_12_fu_5627_p2      |     +    |      0|  0|  20|           6|          13|
    |add_ln606_13_fu_5788_p2      |     +    |      0|  0|  20|           6|          13|
    |add_ln606_14_fu_5891_p2      |     +    |      0|  0|  20|           6|          13|
    |add_ln606_15_fu_6059_p2      |     +    |      0|  0|  20|           6|          13|
    |add_ln606_16_fu_6154_p2      |     +    |      0|  0|  20|           6|          13|
    |add_ln606_17_fu_6329_p2      |     +    |      0|  0|  20|           6|          13|
    |add_ln606_18_fu_6425_p2      |     +    |      0|  0|  20|           6|          13|
    |add_ln606_19_fu_6593_p2      |     +    |      0|  0|  20|           6|          13|
    |add_ln606_1_fu_4193_p2       |     +    |      0|  0|  20|           3|          13|
    |add_ln606_20_fu_6695_p2      |     +    |      0|  0|  20|           6|          13|
    |add_ln606_21_fu_6856_p2      |     +    |      0|  0|  20|           7|          13|
    |add_ln606_22_fu_6959_p2      |     +    |      0|  0|  20|           7|          13|
    |add_ln606_23_fu_7127_p2      |     +    |      0|  0|  20|           7|          13|
    |add_ln606_24_fu_7222_p2      |     +    |      0|  0|  20|           7|          13|
    |add_ln606_25_fu_7397_p2      |     +    |      0|  0|  20|           7|          13|
    |add_ln606_26_fu_7493_p2      |     +    |      0|  0|  20|           7|          13|
    |add_ln606_27_fu_7661_p2      |     +    |      0|  0|  20|           7|          13|
    |add_ln606_28_fu_7763_p2      |     +    |      0|  0|  20|           7|          13|
    |add_ln606_29_fu_7924_p2      |     +    |      0|  0|  20|           7|          13|
    |add_ln606_2_fu_4289_p2       |     +    |      0|  0|  20|           4|          13|
    |add_ln606_30_fu_8027_p2      |     +    |      0|  0|  20|           7|          13|
    |add_ln606_3_fu_4457_p2       |     +    |      0|  0|  20|           4|          13|
    |add_ln606_4_fu_4559_p2       |     +    |      0|  0|  20|           4|          13|
    |add_ln606_5_fu_4720_p2       |     +    |      0|  0|  20|           5|          13|
    |add_ln606_6_fu_4823_p2       |     +    |      0|  0|  20|           5|          13|
    |add_ln606_7_fu_4991_p2       |     +    |      0|  0|  20|           5|          13|
    |add_ln606_8_fu_5086_p2       |     +    |      0|  0|  20|           5|          13|
    |add_ln606_9_fu_5261_p2       |     +    |      0|  0|  20|           5|          13|
    |add_ln606_fu_4018_p2         |     +    |      0|  0|  20|           2|          13|
    |add_ln608_10_fu_5271_p2      |     +    |      0|  0|  20|           5|          13|
    |add_ln608_11_fu_5432_p2      |     +    |      0|  0|  20|           6|          13|
    |add_ln608_12_fu_5535_p2      |     +    |      0|  0|  20|           6|          13|
    |add_ln608_13_fu_5703_p2      |     +    |      0|  0|  20|           6|          13|
    |add_ln608_14_fu_5798_p2      |     +    |      0|  0|  20|           6|          13|
    |add_ln608_15_fu_5973_p2      |     +    |      0|  0|  20|           6|          13|
    |add_ln608_16_fu_6069_p2      |     +    |      0|  0|  20|           6|          13|
    |add_ln608_17_fu_6237_p2      |     +    |      0|  0|  20|           6|          13|
    |add_ln608_18_fu_6339_p2      |     +    |      0|  0|  20|           6|          13|
    |add_ln608_19_fu_6500_p2      |     +    |      0|  0|  20|           6|          13|
    |add_ln608_1_fu_4101_p2       |     +    |      0|  0|  20|           3|          13|
    |add_ln608_20_fu_6603_p2      |     +    |      0|  0|  20|           6|          13|
    |add_ln608_21_fu_6771_p2      |     +    |      0|  0|  20|           7|          13|
    |add_ln608_22_fu_6866_p2      |     +    |      0|  0|  20|           7|          13|
    |add_ln608_23_fu_7041_p2      |     +    |      0|  0|  20|           7|          13|
    |add_ln608_24_fu_7137_p2      |     +    |      0|  0|  20|           7|          13|
    |add_ln608_25_fu_7305_p2      |     +    |      0|  0|  20|           7|          13|
    |add_ln608_26_fu_7407_p2      |     +    |      0|  0|  20|           7|          13|
    |add_ln608_27_fu_7568_p2      |     +    |      0|  0|  20|           7|          13|
    |add_ln608_28_fu_7671_p2      |     +    |      0|  0|  20|           7|          13|
    |add_ln608_29_fu_7839_p2      |     +    |      0|  0|  20|           7|          13|
    |add_ln608_2_fu_4203_p2       |     +    |      0|  0|  20|           3|          13|
    |add_ln608_30_fu_7934_p2      |     +    |      0|  0|  20|           7|          13|
    |add_ln608_31_fu_8109_p2      |     +    |      0|  0|  20|           7|          13|
    |add_ln608_3_fu_4364_p2       |     +    |      0|  0|  20|           4|          13|
    |add_ln608_4_fu_4467_p2       |     +    |      0|  0|  20|           4|          13|
    |add_ln608_5_fu_4635_p2       |     +    |      0|  0|  20|           5|          13|
    |add_ln608_6_fu_4730_p2       |     +    |      0|  0|  20|           5|          13|
    |add_ln608_7_fu_4905_p2       |     +    |      0|  0|  20|           5|          13|
    |add_ln608_8_fu_5001_p2       |     +    |      0|  0|  20|           5|          13|
    |add_ln608_9_fu_5169_p2       |     +    |      0|  0|  20|           5|          13|
    |add_ln608_fu_3931_p2         |     +    |      0|  0|  20|           1|          13|
    |add_ln611_10_fu_5347_p2      |     +    |      0|  0|  20|           6|          13|
    |add_ln611_11_fu_5442_p2      |     +    |      0|  0|  20|           6|          13|
    |add_ln611_12_fu_5617_p2      |     +    |      0|  0|  20|           6|          13|
    |add_ln611_13_fu_5713_p2      |     +    |      0|  0|  20|           6|          13|
    |add_ln611_14_fu_5881_p2      |     +    |      0|  0|  20|           6|          13|
    |add_ln611_15_fu_5983_p2      |     +    |      0|  0|  20|           6|          13|
    |add_ln611_16_fu_6144_p2      |     +    |      0|  0|  20|           6|          13|
    |add_ln611_17_fu_6247_p2      |     +    |      0|  0|  20|           6|          13|
    |add_ln611_18_fu_6415_p2      |     +    |      0|  0|  20|           6|          13|
    |add_ln611_19_fu_6510_p2      |     +    |      0|  0|  20|           6|          13|
    |add_ln611_1_fu_4111_p2       |     +    |      0|  0|  20|           3|          13|
    |add_ln611_20_fu_6685_p2      |     +    |      0|  0|  20|           6|          13|
    |add_ln611_21_fu_6781_p2      |     +    |      0|  0|  20|           7|          13|
    |add_ln611_22_fu_6949_p2      |     +    |      0|  0|  20|           7|          13|
    |add_ln611_23_fu_7051_p2      |     +    |      0|  0|  20|           7|          13|
    |add_ln611_24_fu_7212_p2      |     +    |      0|  0|  20|           7|          13|
    |add_ln611_25_fu_7315_p2      |     +    |      0|  0|  20|           7|          13|
    |add_ln611_26_fu_7483_p2      |     +    |      0|  0|  20|           7|          13|
    |add_ln611_27_fu_7578_p2      |     +    |      0|  0|  20|           7|          13|
    |add_ln611_28_fu_7753_p2      |     +    |      0|  0|  20|           7|          13|
    |add_ln611_29_fu_7849_p2      |     +    |      0|  0|  20|           7|          13|
    |add_ln611_2_fu_4279_p2       |     +    |      0|  0|  20|           4|          13|
    |add_ln611_30_fu_8017_p2      |     +    |      0|  0|  20|           7|          13|
    |add_ln611_31_fu_8119_p2      |     +    |      0|  0|  20|           7|          13|
    |add_ln611_3_fu_4374_p2       |     +    |      0|  0|  20|           4|          13|
    |add_ln611_4_fu_4549_p2       |     +    |      0|  0|  20|           4|          13|
    |add_ln611_5_fu_4645_p2       |     +    |      0|  0|  20|           5|          13|
    |add_ln611_6_fu_4813_p2       |     +    |      0|  0|  20|           5|          13|
    |add_ln611_7_fu_4915_p2       |     +    |      0|  0|  20|           5|          13|
    |add_ln611_8_fu_5076_p2       |     +    |      0|  0|  20|           5|          13|
    |add_ln611_9_fu_5179_p2       |     +    |      0|  0|  20|           5|          13|
    |add_ln611_fu_3986_p2         |     +    |      0|  0|  20|           2|          13|
    |sub_ln615_10_fu_7538_p2      |     -    |      0|  0|  13|           2|           4|
    |sub_ln615_11_fu_7894_p2      |     -    |      0|  0|  13|           2|           4|
    |sub_ln615_12_fu_8230_p2      |     -    |      0|  0|  13|           2|           4|
    |sub_ln615_13_fu_8473_p2      |     -    |      0|  0|  13|           2|           4|
    |sub_ln615_14_fu_8711_p2      |     -    |      0|  0|  13|           2|           4|
    |sub_ln615_15_fu_8950_p2      |     -    |      0|  0|  13|           2|           4|
    |sub_ln615_16_fu_9194_p2      |     -    |      0|  0|  13|           2|           4|
    |sub_ln615_17_fu_9432_p2      |     -    |      0|  0|  13|           2|           4|
    |sub_ln615_18_fu_9670_p2      |     -    |      0|  0|  13|           2|           4|
    |sub_ln615_19_fu_9914_p2      |     -    |      0|  0|  13|           2|           4|
    |sub_ln615_1_fu_4334_p2       |     -    |      0|  0|  13|           2|           4|
    |sub_ln615_20_fu_10153_p2     |     -    |      0|  0|  13|           2|           4|
    |sub_ln615_21_fu_10391_p2     |     -    |      0|  0|  13|           2|           4|
    |sub_ln615_22_fu_10634_p2     |     -    |      0|  0|  13|           2|           4|
    |sub_ln615_23_fu_10874_p2     |     -    |      0|  0|  13|           2|           4|
    |sub_ln615_24_fu_11112_p2     |     -    |      0|  0|  13|           2|           4|
    |sub_ln615_25_fu_11354_p2     |     -    |      0|  0|  13|           2|           4|
    |sub_ln615_26_fu_11595_p2     |     -    |      0|  0|  13|           2|           4|
    |sub_ln615_27_fu_11833_p2     |     -    |      0|  0|  13|           2|           4|
    |sub_ln615_28_fu_12074_p2     |     -    |      0|  0|  13|           2|           4|
    |sub_ln615_29_fu_12317_p2     |     -    |      0|  0|  13|           2|           4|
    |sub_ln615_2_fu_4690_p2       |     -    |      0|  0|  13|           2|           4|
    |sub_ln615_30_fu_12555_p2     |     -    |      0|  0|  13|           2|           4|
    |sub_ln615_31_fu_12794_p2     |     -    |      0|  0|  13|           2|           4|
    |sub_ln615_3_fu_5046_p2       |     -    |      0|  0|  13|           2|           4|
    |sub_ln615_4_fu_5402_p2       |     -    |      0|  0|  13|           2|           4|
    |sub_ln615_5_fu_5758_p2       |     -    |      0|  0|  13|           2|           4|
    |sub_ln615_6_fu_6114_p2       |     -    |      0|  0|  13|           2|           4|
    |sub_ln615_7_fu_6470_p2       |     -    |      0|  0|  13|           2|           4|
    |sub_ln615_8_fu_6826_p2       |     -    |      0|  0|  13|           2|           4|
    |sub_ln615_9_fu_7182_p2       |     -    |      0|  0|  13|           2|           4|
    |sub_ln615_fu_3996_p2         |     -    |      0|  0|  13|           2|           4|
    |sub_ln616_10_fu_7549_p2      |     -    |      0|  0|  13|           2|           4|
    |sub_ln616_11_fu_7905_p2      |     -    |      0|  0|  13|           2|           4|
    |sub_ln616_12_fu_8241_p2      |     -    |      0|  0|  13|           2|           4|
    |sub_ln616_13_fu_8484_p2      |     -    |      0|  0|  13|           2|           4|
    |sub_ln616_14_fu_8722_p2      |     -    |      0|  0|  13|           2|           4|
    |sub_ln616_15_fu_8961_p2      |     -    |      0|  0|  13|           2|           4|
    |sub_ln616_16_fu_9205_p2      |     -    |      0|  0|  13|           2|           4|
    |sub_ln616_17_fu_9443_p2      |     -    |      0|  0|  13|           2|           4|
    |sub_ln616_18_fu_9681_p2      |     -    |      0|  0|  13|           2|           4|
    |sub_ln616_19_fu_9925_p2      |     -    |      0|  0|  13|           2|           4|
    |sub_ln616_1_fu_4345_p2       |     -    |      0|  0|  13|           2|           4|
    |sub_ln616_20_fu_10164_p2     |     -    |      0|  0|  13|           2|           4|
    |sub_ln616_21_fu_10402_p2     |     -    |      0|  0|  13|           2|           4|
    |sub_ln616_22_fu_10645_p2     |     -    |      0|  0|  13|           2|           4|
    |sub_ln616_23_fu_10885_p2     |     -    |      0|  0|  13|           2|           4|
    |sub_ln616_24_fu_11123_p2     |     -    |      0|  0|  13|           2|           4|
    |sub_ln616_25_fu_11365_p2     |     -    |      0|  0|  13|           2|           4|
    |sub_ln616_26_fu_11606_p2     |     -    |      0|  0|  13|           2|           4|
    |sub_ln616_27_fu_11844_p2     |     -    |      0|  0|  13|           2|           4|
    |sub_ln616_28_fu_12085_p2     |     -    |      0|  0|  13|           2|           4|
    |sub_ln616_29_fu_12328_p2     |     -    |      0|  0|  13|           2|           4|
    |sub_ln616_2_fu_4701_p2       |     -    |      0|  0|  13|           2|           4|
    |sub_ln616_30_fu_12566_p2     |     -    |      0|  0|  13|           2|           4|
    |sub_ln616_31_fu_12805_p2     |     -    |      0|  0|  13|           2|           4|
    |sub_ln616_3_fu_5057_p2       |     -    |      0|  0|  13|           2|           4|
    |sub_ln616_4_fu_5413_p2       |     -    |      0|  0|  13|           2|           4|
    |sub_ln616_5_fu_5769_p2       |     -    |      0|  0|  13|           2|           4|
    |sub_ln616_6_fu_6125_p2       |     -    |      0|  0|  13|           2|           4|
    |sub_ln616_7_fu_6481_p2       |     -    |      0|  0|  13|           2|           4|
    |sub_ln616_8_fu_6837_p2       |     -    |      0|  0|  13|           2|           4|
    |sub_ln616_9_fu_7193_p2       |     -    |      0|  0|  13|           2|           4|
    |sub_ln616_fu_4007_p2         |     -    |      0|  0|  13|           2|           4|
    |sub_ln617_10_fu_7631_p2      |     -    |      0|  0|  13|           2|           4|
    |sub_ln617_11_fu_7987_p2      |     -    |      0|  0|  13|           2|           4|
    |sub_ln617_12_fu_8295_p2      |     -    |      0|  0|  13|           2|           4|
    |sub_ln617_13_fu_8536_p2      |     -    |      0|  0|  13|           2|           4|
    |sub_ln617_14_fu_8774_p2      |     -    |      0|  0|  13|           2|           4|
    |sub_ln617_15_fu_9015_p2      |     -    |      0|  0|  13|           2|           4|
    |sub_ln617_16_fu_9257_p2      |     -    |      0|  0|  13|           2|           4|
    |sub_ln617_17_fu_9495_p2      |     -    |      0|  0|  13|           2|           4|
    |sub_ln617_18_fu_9735_p2      |     -    |      0|  0|  13|           2|           4|
    |sub_ln617_19_fu_9978_p2      |     -    |      0|  0|  13|           2|           4|
    |sub_ln617_1_fu_4427_p2       |     -    |      0|  0|  13|           2|           4|
    |sub_ln617_20_fu_10216_p2     |     -    |      0|  0|  13|           2|           4|
    |sub_ln617_21_fu_10455_p2     |     -    |      0|  0|  13|           2|           4|
    |sub_ln617_22_fu_10699_p2     |     -    |      0|  0|  13|           2|           4|
    |sub_ln617_23_fu_10937_p2     |     -    |      0|  0|  13|           2|           4|
    |sub_ln617_24_fu_11175_p2     |     -    |      0|  0|  13|           2|           4|
    |sub_ln617_25_fu_11419_p2     |     -    |      0|  0|  13|           2|           4|
    |sub_ln617_26_fu_11658_p2     |     -    |      0|  0|  13|           2|           4|
    |sub_ln617_27_fu_11896_p2     |     -    |      0|  0|  13|           2|           4|
    |sub_ln617_28_fu_12139_p2     |     -    |      0|  0|  13|           2|           4|
    |sub_ln617_29_fu_12380_p2     |     -    |      0|  0|  13|           2|           4|
    |sub_ln617_2_fu_4783_p2       |     -    |      0|  0|  13|           2|           4|
    |sub_ln617_30_fu_12618_p2     |     -    |      0|  0|  13|           2|           4|
    |sub_ln617_31_fu_12859_p2     |     -    |      0|  0|  13|           2|           4|
    |sub_ln617_3_fu_5139_p2       |     -    |      0|  0|  13|           2|           4|
    |sub_ln617_4_fu_5495_p2       |     -    |      0|  0|  13|           2|           4|
    |sub_ln617_5_fu_5851_p2       |     -    |      0|  0|  13|           2|           4|
    |sub_ln617_6_fu_6207_p2       |     -    |      0|  0|  13|           2|           4|
    |sub_ln617_7_fu_6563_p2       |     -    |      0|  0|  13|           2|           4|
    |sub_ln617_8_fu_6919_p2       |     -    |      0|  0|  13|           2|           4|
    |sub_ln617_9_fu_7275_p2       |     -    |      0|  0|  13|           2|           4|
    |sub_ln617_fu_4075_p2         |     -    |      0|  0|  13|           2|           4|
    |sub_ln618_10_fu_7642_p2      |     -    |      0|  0|  13|           2|           4|
    |sub_ln618_11_fu_7998_p2      |     -    |      0|  0|  13|           2|           4|
    |sub_ln618_12_fu_8306_p2      |     -    |      0|  0|  13|           2|           4|
    |sub_ln618_13_fu_8547_p2      |     -    |      0|  0|  13|           2|           4|
    |sub_ln618_14_fu_8785_p2      |     -    |      0|  0|  13|           2|           4|
    |sub_ln618_15_fu_9026_p2      |     -    |      0|  0|  13|           2|           4|
    |sub_ln618_16_fu_9268_p2      |     -    |      0|  0|  13|           2|           4|
    |sub_ln618_17_fu_9506_p2      |     -    |      0|  0|  13|           2|           4|
    |sub_ln618_18_fu_9746_p2      |     -    |      0|  0|  13|           2|           4|
    |sub_ln618_19_fu_9989_p2      |     -    |      0|  0|  13|           2|           4|
    |sub_ln618_1_fu_4438_p2       |     -    |      0|  0|  13|           2|           4|
    |sub_ln618_20_fu_10227_p2     |     -    |      0|  0|  13|           2|           4|
    |sub_ln618_21_fu_10466_p2     |     -    |      0|  0|  13|           2|           4|
    |sub_ln618_22_fu_10710_p2     |     -    |      0|  0|  13|           2|           4|
    |sub_ln618_23_fu_10948_p2     |     -    |      0|  0|  13|           2|           4|
    |sub_ln618_24_fu_11186_p2     |     -    |      0|  0|  13|           2|           4|
    |sub_ln618_25_fu_11430_p2     |     -    |      0|  0|  13|           2|           4|
    |sub_ln618_26_fu_11669_p2     |     -    |      0|  0|  13|           2|           4|
    |sub_ln618_27_fu_11907_p2     |     -    |      0|  0|  13|           2|           4|
    |sub_ln618_28_fu_12150_p2     |     -    |      0|  0|  13|           2|           4|
    |sub_ln618_29_fu_12391_p2     |     -    |      0|  0|  13|           2|           4|
    |sub_ln618_2_fu_4794_p2       |     -    |      0|  0|  13|           2|           4|
    |sub_ln618_30_fu_12629_p2     |     -    |      0|  0|  13|           2|           4|
    |sub_ln618_31_fu_12870_p2     |     -    |      0|  0|  13|           2|           4|
    |sub_ln618_3_fu_5150_p2       |     -    |      0|  0|  13|           2|           4|
    |sub_ln618_4_fu_5506_p2       |     -    |      0|  0|  13|           2|           4|
    |sub_ln618_5_fu_5862_p2       |     -    |      0|  0|  13|           2|           4|
    |sub_ln618_6_fu_6218_p2       |     -    |      0|  0|  13|           2|           4|
    |sub_ln618_7_fu_6574_p2       |     -    |      0|  0|  13|           2|           4|
    |sub_ln618_8_fu_6930_p2       |     -    |      0|  0|  13|           2|           4|
    |sub_ln618_9_fu_7286_p2       |     -    |      0|  0|  13|           2|           4|
    |sub_ln618_fu_4086_p2         |     -    |      0|  0|  13|           2|           4|
    |sub_ln619_10_fu_7723_p2      |     -    |      0|  0|  13|           2|           4|
    |sub_ln619_11_fu_8079_p2      |     -    |      0|  0|  13|           2|           4|
    |sub_ln619_12_fu_8359_p2      |     -    |      0|  0|  13|           2|           4|
    |sub_ln619_13_fu_8599_p2      |     -    |      0|  0|  13|           2|           4|
    |sub_ln619_14_fu_8837_p2      |     -    |      0|  0|  13|           2|           4|
    |sub_ln619_15_fu_9079_p2      |     -    |      0|  0|  13|           2|           4|
    |sub_ln619_16_fu_9320_p2      |     -    |      0|  0|  13|           2|           4|
    |sub_ln619_17_fu_9558_p2      |     -    |      0|  0|  13|           2|           4|
    |sub_ln619_18_fu_9799_p2      |     -    |      0|  0|  13|           2|           4|
    |sub_ln619_19_fu_10041_p2     |     -    |      0|  0|  13|           2|           4|
    |sub_ln619_1_fu_4519_p2       |     -    |      0|  0|  13|           2|           4|
    |sub_ln619_20_fu_10279_p2     |     -    |      0|  0|  13|           2|           4|
    |sub_ln619_21_fu_10519_p2     |     -    |      0|  0|  13|           2|           4|
    |sub_ln619_22_fu_10762_p2     |     -    |      0|  0|  13|           2|           4|
    |sub_ln619_23_fu_11000_p2     |     -    |      0|  0|  13|           2|           4|
    |sub_ln619_24_fu_11239_p2     |     -    |      0|  0|  13|           2|           4|
    |sub_ln619_25_fu_11483_p2     |     -    |      0|  0|  13|           2|           4|
    |sub_ln619_26_fu_11721_p2     |     -    |      0|  0|  13|           2|           4|
    |sub_ln619_27_fu_11959_p2     |     -    |      0|  0|  13|           2|           4|
    |sub_ln619_28_fu_12203_p2     |     -    |      0|  0|  13|           2|           4|
    |sub_ln619_29_fu_12443_p2     |     -    |      0|  0|  13|           2|           4|
    |sub_ln619_2_fu_4875_p2       |     -    |      0|  0|  13|           2|           4|
    |sub_ln619_30_fu_12681_p2     |     -    |      0|  0|  13|           2|           4|
    |sub_ln619_31_fu_12923_p2     |     -    |      0|  0|  13|           2|           4|
    |sub_ln619_3_fu_5231_p2       |     -    |      0|  0|  13|           2|           4|
    |sub_ln619_4_fu_5587_p2       |     -    |      0|  0|  13|           2|           4|
    |sub_ln619_5_fu_5943_p2       |     -    |      0|  0|  13|           2|           4|
    |sub_ln619_6_fu_6299_p2       |     -    |      0|  0|  13|           2|           4|
    |sub_ln619_7_fu_6655_p2       |     -    |      0|  0|  13|           2|           4|
    |sub_ln619_8_fu_7011_p2       |     -    |      0|  0|  13|           2|           4|
    |sub_ln619_9_fu_7367_p2       |     -    |      0|  0|  13|           2|           4|
    |sub_ln619_fu_4163_p2         |     -    |      0|  0|  13|           2|           4|
    |sub_ln620_10_fu_7734_p2      |     -    |      0|  0|  13|           2|           4|
    |sub_ln620_11_fu_8090_p2      |     -    |      0|  0|  13|           2|           4|
    |sub_ln620_12_fu_8370_p2      |     -    |      0|  0|  13|           2|           4|
    |sub_ln620_13_fu_8610_p2      |     -    |      0|  0|  13|           2|           4|
    |sub_ln620_14_fu_8848_p2      |     -    |      0|  0|  13|           2|           4|
    |sub_ln620_15_fu_9090_p2      |     -    |      0|  0|  13|           2|           4|
    |sub_ln620_16_fu_9331_p2      |     -    |      0|  0|  13|           2|           4|
    |sub_ln620_17_fu_9569_p2      |     -    |      0|  0|  13|           2|           4|
    |sub_ln620_18_fu_9810_p2      |     -    |      0|  0|  13|           2|           4|
    |sub_ln620_19_fu_10052_p2     |     -    |      0|  0|  13|           2|           4|
    |sub_ln620_1_fu_4530_p2       |     -    |      0|  0|  13|           2|           4|
    |sub_ln620_20_fu_10290_p2     |     -    |      0|  0|  13|           2|           4|
    |sub_ln620_21_fu_10530_p2     |     -    |      0|  0|  13|           2|           4|
    |sub_ln620_22_fu_10773_p2     |     -    |      0|  0|  13|           2|           4|
    |sub_ln620_23_fu_11011_p2     |     -    |      0|  0|  13|           2|           4|
    |sub_ln620_24_fu_11250_p2     |     -    |      0|  0|  13|           2|           4|
    |sub_ln620_25_fu_11494_p2     |     -    |      0|  0|  13|           2|           4|
    |sub_ln620_26_fu_11732_p2     |     -    |      0|  0|  13|           2|           4|
    |sub_ln620_27_fu_11970_p2     |     -    |      0|  0|  13|           2|           4|
    |sub_ln620_28_fu_12214_p2     |     -    |      0|  0|  13|           2|           4|
    |sub_ln620_29_fu_12454_p2     |     -    |      0|  0|  13|           2|           4|
    |sub_ln620_2_fu_4886_p2       |     -    |      0|  0|  13|           2|           4|
    |sub_ln620_30_fu_12692_p2     |     -    |      0|  0|  13|           2|           4|
    |sub_ln620_31_fu_12934_p2     |     -    |      0|  0|  13|           2|           4|
    |sub_ln620_3_fu_5242_p2       |     -    |      0|  0|  13|           2|           4|
    |sub_ln620_4_fu_5598_p2       |     -    |      0|  0|  13|           2|           4|
    |sub_ln620_5_fu_5954_p2       |     -    |      0|  0|  13|           2|           4|
    |sub_ln620_6_fu_6310_p2       |     -    |      0|  0|  13|           2|           4|
    |sub_ln620_7_fu_6666_p2       |     -    |      0|  0|  13|           2|           4|
    |sub_ln620_8_fu_7022_p2       |     -    |      0|  0|  13|           2|           4|
    |sub_ln620_9_fu_7378_p2       |     -    |      0|  0|  13|           2|           4|
    |sub_ln620_fu_4174_p2         |     -    |      0|  0|  13|           2|           4|
    |sub_ln621_10_fu_7809_p2      |     -    |      0|  0|  13|           2|           4|
    |sub_ln621_11_fu_8165_p2      |     -    |      0|  0|  13|           2|           4|
    |sub_ln621_12_fu_8417_p2      |     -    |      0|  0|  13|           2|           4|
    |sub_ln621_13_fu_8655_p2      |     -    |      0|  0|  13|           2|           4|
    |sub_ln621_14_fu_8893_p2      |     -    |      0|  0|  13|           2|           4|
    |sub_ln621_15_fu_9137_p2      |     -    |      0|  0|  13|           2|           4|
    |sub_ln621_16_fu_9376_p2      |     -    |      0|  0|  13|           2|           4|
    |sub_ln621_17_fu_9614_p2      |     -    |      0|  0|  13|           2|           4|
    |sub_ln621_18_fu_9857_p2      |     -    |      0|  0|  13|           2|           4|
    |sub_ln621_19_fu_10097_p2     |     -    |      0|  0|  13|           2|           4|
    |sub_ln621_1_fu_4605_p2       |     -    |      0|  0|  13|           2|           4|
    |sub_ln621_20_fu_10335_p2     |     -    |      0|  0|  13|           2|           4|
    |sub_ln621_21_fu_10577_p2     |     -    |      0|  0|  13|           2|           4|
    |sub_ln621_22_fu_10818_p2     |     -    |      0|  0|  13|           2|           4|
    |sub_ln621_23_fu_11056_p2     |     -    |      0|  0|  13|           2|           4|
    |sub_ln621_24_fu_11297_p2     |     -    |      0|  0|  13|           2|           4|
    |sub_ln621_25_fu_11539_p2     |     -    |      0|  0|  13|           2|           4|
    |sub_ln621_26_fu_11777_p2     |     -    |      0|  0|  13|           2|           4|
    |sub_ln621_27_fu_12017_p2     |     -    |      0|  0|  13|           2|           4|
    |sub_ln621_28_fu_12261_p2     |     -    |      0|  0|  13|           2|           4|
    |sub_ln621_29_fu_12499_p2     |     -    |      0|  0|  13|           2|           4|
    |sub_ln621_2_fu_4961_p2       |     -    |      0|  0|  13|           2|           4|
    |sub_ln621_30_fu_12737_p2     |     -    |      0|  0|  13|           2|           4|
    |sub_ln621_31_fu_12981_p2     |     -    |      0|  0|  13|           2|           4|
    |sub_ln621_3_fu_5317_p2       |     -    |      0|  0|  13|           2|           4|
    |sub_ln621_4_fu_5673_p2       |     -    |      0|  0|  13|           2|           4|
    |sub_ln621_5_fu_6029_p2       |     -    |      0|  0|  13|           2|           4|
    |sub_ln621_6_fu_6385_p2       |     -    |      0|  0|  13|           2|           4|
    |sub_ln621_7_fu_6741_p2       |     -    |      0|  0|  13|           2|           4|
    |sub_ln621_8_fu_7097_p2       |     -    |      0|  0|  13|           2|           4|
    |sub_ln621_9_fu_7453_p2       |     -    |      0|  0|  13|           2|           4|
    |sub_ln621_fu_4249_p2         |     -    |      0|  0|  13|           2|           4|
    |sub_ln622_10_fu_7820_p2      |     -    |      0|  0|  13|           2|           4|
    |sub_ln622_11_fu_8176_p2      |     -    |      0|  0|  13|           2|           4|
    |sub_ln622_12_fu_8428_p2      |     -    |      0|  0|  13|           2|           4|
    |sub_ln622_13_fu_8666_p2      |     -    |      0|  0|  13|           2|           4|
    |sub_ln622_14_fu_8904_p2      |     -    |      0|  0|  13|           2|           4|
    |sub_ln622_15_fu_9148_p2      |     -    |      0|  0|  13|           2|           4|
    |sub_ln622_16_fu_9387_p2      |     -    |      0|  0|  13|           2|           4|
    |sub_ln622_17_fu_9625_p2      |     -    |      0|  0|  13|           2|           4|
    |sub_ln622_18_fu_9868_p2      |     -    |      0|  0|  13|           2|           4|
    |sub_ln622_19_fu_10108_p2     |     -    |      0|  0|  13|           2|           4|
    |sub_ln622_1_fu_4616_p2       |     -    |      0|  0|  13|           2|           4|
    |sub_ln622_20_fu_10346_p2     |     -    |      0|  0|  13|           2|           4|
    |sub_ln622_21_fu_10588_p2     |     -    |      0|  0|  13|           2|           4|
    |sub_ln622_22_fu_10829_p2     |     -    |      0|  0|  13|           2|           4|
    |sub_ln622_23_fu_11067_p2     |     -    |      0|  0|  13|           2|           4|
    |sub_ln622_24_fu_11308_p2     |     -    |      0|  0|  13|           2|           4|
    |sub_ln622_25_fu_11550_p2     |     -    |      0|  0|  13|           2|           4|
    |sub_ln622_26_fu_11788_p2     |     -    |      0|  0|  13|           2|           4|
    |sub_ln622_27_fu_12028_p2     |     -    |      0|  0|  13|           2|           4|
    |sub_ln622_28_fu_12272_p2     |     -    |      0|  0|  13|           2|           4|
    |sub_ln622_29_fu_12510_p2     |     -    |      0|  0|  13|           2|           4|
    |sub_ln622_2_fu_4972_p2       |     -    |      0|  0|  13|           2|           4|
    |sub_ln622_30_fu_12748_p2     |     -    |      0|  0|  13|           2|           4|
    |sub_ln622_31_fu_12992_p2     |     -    |      0|  0|  13|           2|           4|
    |sub_ln622_3_fu_5328_p2       |     -    |      0|  0|  13|           2|           4|
    |sub_ln622_4_fu_5684_p2       |     -    |      0|  0|  13|           2|           4|
    |sub_ln622_5_fu_6040_p2       |     -    |      0|  0|  13|           2|           4|
    |sub_ln622_6_fu_6396_p2       |     -    |      0|  0|  13|           2|           4|
    |sub_ln622_7_fu_6752_p2       |     -    |      0|  0|  13|           2|           4|
    |sub_ln622_8_fu_7108_p2       |     -    |      0|  0|  13|           2|           4|
    |sub_ln622_9_fu_7464_p2       |     -    |      0|  0|  13|           2|           4|
    |sub_ln622_fu_4260_p2         |     -    |      0|  0|  13|           2|           4|
    |ap_block_pp0_stage0_11001    |    and   |      0|  0|   2|           1|           1|
    |ap_block_pp0_stage0_subdone  |    or    |      0|  0|   2|           1|           1|
    |or_ln606_10_fu_7859_p2       |    or    |      0|  0|  11|          11|           7|
    |or_ln606_11_fu_8195_p2       |    or    |      0|  0|  11|          11|           7|
    |or_ln606_12_fu_8439_p2       |    or    |      0|  0|  11|          11|           7|
    |or_ln606_13_fu_8677_p2       |    or    |      0|  0|  11|          11|           7|
    |or_ln606_14_fu_8915_p2       |    or    |      0|  0|  11|          11|           7|
    |or_ln606_15_fu_9159_p2       |    or    |      0|  0|  11|          11|           8|
    |or_ln606_16_fu_9398_p2       |    or    |      0|  0|  11|          11|           8|
    |or_ln606_17_fu_9636_p2       |    or    |      0|  0|  11|          11|           8|
    |or_ln606_18_fu_9879_p2       |    or    |      0|  0|  11|          11|           8|
    |or_ln606_19_fu_10119_p2      |    or    |      0|  0|  11|          11|           8|
    |or_ln606_1_fu_4655_p2        |    or    |      0|  0|  11|          11|           5|
    |or_ln606_20_fu_10357_p2      |    or    |      0|  0|  11|          11|           8|
    |or_ln606_21_fu_10599_p2      |    or    |      0|  0|  11|          11|           8|
    |or_ln606_22_fu_10840_p2      |    or    |      0|  0|  11|          11|           8|
    |or_ln606_23_fu_11078_p2      |    or    |      0|  0|  11|          11|           8|
    |or_ln606_24_fu_11319_p2      |    or    |      0|  0|  11|          11|           8|
    |or_ln606_25_fu_11561_p2      |    or    |      0|  0|  11|          11|           8|
    |or_ln606_26_fu_11799_p2      |    or    |      0|  0|  11|          11|           8|
    |or_ln606_27_fu_12039_p2      |    or    |      0|  0|  11|          11|           8|
    |or_ln606_28_fu_12283_p2      |    or    |      0|  0|  11|          11|           8|
    |or_ln606_29_fu_12521_p2      |    or    |      0|  0|  11|          11|           8|
    |or_ln606_2_fu_5011_p2        |    or    |      0|  0|  11|          11|           5|
    |or_ln606_30_fu_12759_p2      |    or    |      0|  0|  11|          11|           8|
    |or_ln606_3_fu_5367_p2        |    or    |      0|  0|  11|          11|           6|
    |or_ln606_4_fu_5723_p2        |    or    |      0|  0|  11|          11|           6|
    |or_ln606_5_fu_6079_p2        |    or    |      0|  0|  11|          11|           6|
    |or_ln606_6_fu_6435_p2        |    or    |      0|  0|  11|          11|           6|
    |or_ln606_7_fu_6791_p2        |    or    |      0|  0|  11|          11|           7|
    |or_ln606_8_fu_7147_p2        |    or    |      0|  0|  11|          11|           7|
    |or_ln606_9_fu_7503_p2        |    or    |      0|  0|  11|          11|           7|
    |or_ln606_fu_4299_p2          |    or    |      0|  0|  11|          11|           4|
    |or_ln607_10_fu_7517_p2       |    or    |      0|  0|  11|          11|           7|
    |or_ln607_11_fu_7873_p2       |    or    |      0|  0|  11|          11|           7|
    |or_ln607_12_fu_8209_p2       |    or    |      0|  0|  11|          11|           7|
    |or_ln607_13_fu_8453_p2       |    or    |      0|  0|  11|          11|           7|
    |or_ln607_14_fu_8691_p2       |    or    |      0|  0|  11|          11|           7|
    |or_ln607_15_fu_8929_p2       |    or    |      0|  0|  11|          11|           7|
    |or_ln607_16_fu_9173_p2       |    or    |      0|  0|  11|          11|           8|
    |or_ln607_17_fu_9412_p2       |    or    |      0|  0|  11|          11|           8|
    |or_ln607_18_fu_9650_p2       |    or    |      0|  0|  11|          11|           8|
    |or_ln607_19_fu_9893_p2       |    or    |      0|  0|  11|          11|           8|
    |or_ln607_1_fu_4313_p2        |    or    |      0|  0|  11|          11|           4|
    |or_ln607_20_fu_10133_p2      |    or    |      0|  0|  11|          11|           8|
    |or_ln607_21_fu_10371_p2      |    or    |      0|  0|  11|          11|           8|
    |or_ln607_22_fu_10613_p2      |    or    |      0|  0|  11|          11|           8|
    |or_ln607_23_fu_10854_p2      |    or    |      0|  0|  11|          11|           8|
    |or_ln607_24_fu_11092_p2      |    or    |      0|  0|  11|          11|           8|
    |or_ln607_25_fu_11333_p2      |    or    |      0|  0|  11|          11|           8|
    |or_ln607_26_fu_11575_p2      |    or    |      0|  0|  11|          11|           8|
    |or_ln607_27_fu_11813_p2      |    or    |      0|  0|  11|          11|           8|
    |or_ln607_28_fu_12053_p2      |    or    |      0|  0|  11|          11|           8|
    |or_ln607_29_fu_12297_p2      |    or    |      0|  0|  11|          11|           8|
    |or_ln607_2_fu_4669_p2        |    or    |      0|  0|  11|          11|           5|
    |or_ln607_30_fu_12535_p2      |    or    |      0|  0|  11|          11|           8|
    |or_ln607_31_fu_12773_p2      |    or    |      0|  0|  11|          11|           8|
    |or_ln607_3_fu_5025_p2        |    or    |      0|  0|  11|          11|           5|
    |or_ln607_4_fu_5381_p2        |    or    |      0|  0|  11|          11|           6|
    |or_ln607_5_fu_5737_p2        |    or    |      0|  0|  11|          11|           6|
    |or_ln607_6_fu_6093_p2        |    or    |      0|  0|  11|          11|           6|
    |or_ln607_7_fu_6449_p2        |    or    |      0|  0|  11|          11|           6|
    |or_ln607_8_fu_6805_p2        |    or    |      0|  0|  11|          11|           7|
    |or_ln607_9_fu_7161_p2        |    or    |      0|  0|  11|          11|           7|
    |or_ln607_fu_3955_p2          |    or    |      0|  0|  11|          11|           1|
    |or_ln608_31_fu_4384_p2       |    or    |      0|  0|  11|          11|           4|
    |or_ln608_32_fu_4740_p2       |    or    |      0|  0|  11|          11|           5|
    |or_ln608_33_fu_5096_p2       |    or    |      0|  0|  11|          11|           5|
    |or_ln608_34_fu_5452_p2       |    or    |      0|  0|  11|          11|           6|
    |or_ln608_35_fu_5808_p2       |    or    |      0|  0|  11|          11|           6|
    |or_ln608_36_fu_6164_p2       |    or    |      0|  0|  11|          11|           6|
    |or_ln608_37_fu_6520_p2       |    or    |      0|  0|  11|          11|           6|
    |or_ln608_38_fu_6876_p2       |    or    |      0|  0|  11|          11|           7|
    |or_ln608_39_fu_7232_p2       |    or    |      0|  0|  11|          11|           7|
    |or_ln608_40_fu_7588_p2       |    or    |      0|  0|  11|          11|           7|
    |or_ln608_41_fu_7944_p2       |    or    |      0|  0|  11|          11|           7|
    |or_ln608_42_fu_8252_p2       |    or    |      0|  0|  11|          11|           7|
    |or_ln608_43_fu_8495_p2       |    or    |      0|  0|  11|          11|           7|
    |or_ln608_44_fu_8733_p2       |    or    |      0|  0|  11|          11|           7|
    |or_ln608_45_fu_8972_p2       |    or    |      0|  0|  11|          11|           7|
    |or_ln608_46_fu_9216_p2       |    or    |      0|  0|  11|          11|           8|
    |or_ln608_47_fu_9454_p2       |    or    |      0|  0|  11|          11|           8|
    |or_ln608_48_fu_9692_p2       |    or    |      0|  0|  11|          11|           8|
    |or_ln608_49_fu_9936_p2       |    or    |      0|  0|  11|          11|           8|
    |or_ln608_50_fu_10175_p2      |    or    |      0|  0|  11|          11|           8|
    |or_ln608_51_fu_10413_p2      |    or    |      0|  0|  11|          11|           8|
    |or_ln608_52_fu_10656_p2      |    or    |      0|  0|  11|          11|           8|
    |or_ln608_53_fu_10896_p2      |    or    |      0|  0|  11|          11|           8|
    |or_ln608_54_fu_11134_p2      |    or    |      0|  0|  11|          11|           8|
    |or_ln608_55_fu_11376_p2      |    or    |      0|  0|  11|          11|           8|
    |or_ln608_56_fu_11617_p2      |    or    |      0|  0|  11|          11|           8|
    |or_ln608_57_fu_11855_p2      |    or    |      0|  0|  11|          11|           8|
    |or_ln608_58_fu_12096_p2      |    or    |      0|  0|  11|          11|           8|
    |or_ln608_59_fu_12339_p2      |    or    |      0|  0|  11|          11|           8|
    |or_ln608_60_fu_12577_p2      |    or    |      0|  0|  11|          11|           8|
    |or_ln608_61_fu_12816_p2      |    or    |      0|  0|  11|          11|           8|
    |or_ln608_fu_4028_p2          |    or    |      0|  0|  11|          11|           2|
    |or_ln609_10_fu_7602_p2       |    or    |      0|  0|  11|          11|           7|
    |or_ln609_11_fu_7958_p2       |    or    |      0|  0|  11|          11|           7|
    |or_ln609_12_fu_8266_p2       |    or    |      0|  0|  11|          11|           7|
    |or_ln609_13_fu_8509_p2       |    or    |      0|  0|  11|          11|           7|
    |or_ln609_14_fu_8747_p2       |    or    |      0|  0|  11|          11|           7|
    |or_ln609_15_fu_8986_p2       |    or    |      0|  0|  11|          11|           7|
    |or_ln609_16_fu_9230_p2       |    or    |      0|  0|  11|          11|           8|
    |or_ln609_17_fu_9468_p2       |    or    |      0|  0|  11|          11|           8|
    |or_ln609_18_fu_9706_p2       |    or    |      0|  0|  11|          11|           8|
    |or_ln609_19_fu_9950_p2       |    or    |      0|  0|  11|          11|           8|
    |or_ln609_1_fu_4398_p2        |    or    |      0|  0|  11|          11|           4|
    |or_ln609_20_fu_10189_p2      |    or    |      0|  0|  11|          11|           8|
    |or_ln609_21_fu_10427_p2      |    or    |      0|  0|  11|          11|           8|
    |or_ln609_22_fu_10670_p2      |    or    |      0|  0|  11|          11|           8|
    |or_ln609_23_fu_10910_p2      |    or    |      0|  0|  11|          11|           8|
    |or_ln609_24_fu_11148_p2      |    or    |      0|  0|  11|          11|           8|
    |or_ln609_25_fu_11390_p2      |    or    |      0|  0|  11|          11|           8|
    |or_ln609_26_fu_11631_p2      |    or    |      0|  0|  11|          11|           8|
    |or_ln609_27_fu_11869_p2      |    or    |      0|  0|  11|          11|           8|
    |or_ln609_28_fu_12110_p2      |    or    |      0|  0|  11|          11|           8|
    |or_ln609_29_fu_12353_p2      |    or    |      0|  0|  11|          11|           8|
    |or_ln609_2_fu_4754_p2        |    or    |      0|  0|  11|          11|           5|
    |or_ln609_30_fu_12591_p2      |    or    |      0|  0|  11|          11|           8|
    |or_ln609_31_fu_12830_p2      |    or    |      0|  0|  11|          11|           8|
    |or_ln609_3_fu_5110_p2        |    or    |      0|  0|  11|          11|           5|
    |or_ln609_4_fu_5466_p2        |    or    |      0|  0|  11|          11|           6|
    |or_ln609_5_fu_5822_p2        |    or    |      0|  0|  11|          11|           6|
    |or_ln609_6_fu_6178_p2        |    or    |      0|  0|  11|          11|           6|
    |or_ln609_7_fu_6534_p2        |    or    |      0|  0|  11|          11|           6|
    |or_ln609_8_fu_6890_p2        |    or    |      0|  0|  11|          11|           7|
    |or_ln609_9_fu_7246_p2        |    or    |      0|  0|  11|          11|           7|
    |or_ln609_fu_4042_p2          |    or    |      0|  0|  11|          11|           2|
    |or_ln610_10_fu_7681_p2       |    or    |      0|  0|  11|          11|           7|
    |or_ln610_11_fu_8037_p2       |    or    |      0|  0|  11|          11|           7|
    |or_ln610_12_fu_8317_p2       |    or    |      0|  0|  11|          11|           7|
    |or_ln610_13_fu_8558_p2       |    or    |      0|  0|  11|          11|           7|
    |or_ln610_14_fu_8796_p2       |    or    |      0|  0|  11|          11|           7|
    |or_ln610_15_fu_9037_p2       |    or    |      0|  0|  11|          11|           7|
    |or_ln610_16_fu_9279_p2       |    or    |      0|  0|  11|          11|           8|
    |or_ln610_17_fu_9517_p2       |    or    |      0|  0|  11|          11|           8|
    |or_ln610_18_fu_9757_p2       |    or    |      0|  0|  11|          11|           8|
    |or_ln610_19_fu_10000_p2      |    or    |      0|  0|  11|          11|           8|
    |or_ln610_1_fu_4477_p2        |    or    |      0|  0|  11|          11|           4|
    |or_ln610_20_fu_10238_p2      |    or    |      0|  0|  11|          11|           8|
    |or_ln610_21_fu_10477_p2      |    or    |      0|  0|  11|          11|           8|
    |or_ln610_22_fu_10721_p2      |    or    |      0|  0|  11|          11|           8|
    |or_ln610_23_fu_10959_p2      |    or    |      0|  0|  11|          11|           8|
    |or_ln610_24_fu_11197_p2      |    or    |      0|  0|  11|          11|           8|
    |or_ln610_25_fu_11441_p2      |    or    |      0|  0|  11|          11|           8|
    |or_ln610_26_fu_11680_p2      |    or    |      0|  0|  11|          11|           8|
    |or_ln610_27_fu_11918_p2      |    or    |      0|  0|  11|          11|           8|
    |or_ln610_28_fu_12161_p2      |    or    |      0|  0|  11|          11|           8|
    |or_ln610_29_fu_12402_p2      |    or    |      0|  0|  11|          11|           8|
    |or_ln610_2_fu_4833_p2        |    or    |      0|  0|  11|          11|           5|
    |or_ln610_30_fu_12640_p2      |    or    |      0|  0|  11|          11|           8|
    |or_ln610_31_fu_12881_p2      |    or    |      0|  0|  11|          11|           8|
    |or_ln610_3_fu_5189_p2        |    or    |      0|  0|  11|          11|           5|
    |or_ln610_4_fu_5545_p2        |    or    |      0|  0|  11|          11|           6|
    |or_ln610_5_fu_5901_p2        |    or    |      0|  0|  11|          11|           6|
    |or_ln610_6_fu_6257_p2        |    or    |      0|  0|  11|          11|           6|
    |or_ln610_7_fu_6613_p2        |    or    |      0|  0|  11|          11|           6|
    |or_ln610_8_fu_6969_p2        |    or    |      0|  0|  11|          11|           7|
    |or_ln610_9_fu_7325_p2        |    or    |      0|  0|  11|          11|           7|
    |or_ln610_fu_4121_p2          |    or    |      0|  0|  11|          11|           3|
    |or_ln611_31_fu_4491_p2       |    or    |      0|  0|  11|          11|           4|
    |or_ln611_32_fu_4847_p2       |    or    |      0|  0|  11|          11|           5|
    |or_ln611_33_fu_5203_p2       |    or    |      0|  0|  11|          11|           5|
    |or_ln611_34_fu_5559_p2       |    or    |      0|  0|  11|          11|           6|
    |or_ln611_35_fu_5915_p2       |    or    |      0|  0|  11|          11|           6|
    |or_ln611_36_fu_6271_p2       |    or    |      0|  0|  11|          11|           6|
    |or_ln611_37_fu_6627_p2       |    or    |      0|  0|  11|          11|           6|
    |or_ln611_38_fu_6983_p2       |    or    |      0|  0|  11|          11|           7|
    |or_ln611_39_fu_7339_p2       |    or    |      0|  0|  11|          11|           7|
    |or_ln611_40_fu_7695_p2       |    or    |      0|  0|  11|          11|           7|
    |or_ln611_41_fu_8051_p2       |    or    |      0|  0|  11|          11|           7|
    |or_ln611_42_fu_8331_p2       |    or    |      0|  0|  11|          11|           7|
    |or_ln611_43_fu_8572_p2       |    or    |      0|  0|  11|          11|           7|
    |or_ln611_44_fu_8810_p2       |    or    |      0|  0|  11|          11|           7|
    |or_ln611_45_fu_9051_p2       |    or    |      0|  0|  11|          11|           7|
    |or_ln611_46_fu_9293_p2       |    or    |      0|  0|  11|          11|           8|
    |or_ln611_47_fu_9531_p2       |    or    |      0|  0|  11|          11|           8|
    |or_ln611_48_fu_9771_p2       |    or    |      0|  0|  11|          11|           8|
    |or_ln611_49_fu_10014_p2      |    or    |      0|  0|  11|          11|           8|
    |or_ln611_50_fu_10252_p2      |    or    |      0|  0|  11|          11|           8|
    |or_ln611_51_fu_10491_p2      |    or    |      0|  0|  11|          11|           8|
    |or_ln611_52_fu_10735_p2      |    or    |      0|  0|  11|          11|           8|
    |or_ln611_53_fu_10973_p2      |    or    |      0|  0|  11|          11|           8|
    |or_ln611_54_fu_11211_p2      |    or    |      0|  0|  11|          11|           8|
    |or_ln611_55_fu_11455_p2      |    or    |      0|  0|  11|          11|           8|
    |or_ln611_56_fu_11694_p2      |    or    |      0|  0|  11|          11|           8|
    |or_ln611_57_fu_11932_p2      |    or    |      0|  0|  11|          11|           8|
    |or_ln611_58_fu_12175_p2      |    or    |      0|  0|  11|          11|           8|
    |or_ln611_59_fu_12416_p2      |    or    |      0|  0|  11|          11|           8|
    |or_ln611_60_fu_12654_p2      |    or    |      0|  0|  11|          11|           8|
    |or_ln611_61_fu_12895_p2      |    or    |      0|  0|  11|          11|           8|
    |or_ln611_fu_4135_p2          |    or    |      0|  0|  11|          11|           3|
    |or_ln612_10_fu_7773_p2       |    or    |      0|  0|  11|          11|           7|
    |or_ln612_11_fu_8129_p2       |    or    |      0|  0|  11|          11|           7|
    |or_ln612_12_fu_8381_p2       |    or    |      0|  0|  11|          11|           7|
    |or_ln612_13_fu_8621_p2       |    or    |      0|  0|  11|          11|           7|
    |or_ln612_14_fu_8859_p2       |    or    |      0|  0|  11|          11|           7|
    |or_ln612_15_fu_9101_p2       |    or    |      0|  0|  11|          11|           7|
    |or_ln612_16_fu_9342_p2       |    or    |      0|  0|  11|          11|           8|
    |or_ln612_17_fu_9580_p2       |    or    |      0|  0|  11|          11|           8|
    |or_ln612_18_fu_9821_p2       |    or    |      0|  0|  11|          11|           8|
    |or_ln612_19_fu_10063_p2      |    or    |      0|  0|  11|          11|           8|
    |or_ln612_1_fu_4569_p2        |    or    |      0|  0|  11|          11|           4|
    |or_ln612_20_fu_10301_p2      |    or    |      0|  0|  11|          11|           8|
    |or_ln612_21_fu_10541_p2      |    or    |      0|  0|  11|          11|           8|
    |or_ln612_22_fu_10784_p2      |    or    |      0|  0|  11|          11|           8|
    |or_ln612_23_fu_11022_p2      |    or    |      0|  0|  11|          11|           8|
    |or_ln612_24_fu_11261_p2      |    or    |      0|  0|  11|          11|           8|
    |or_ln612_25_fu_11505_p2      |    or    |      0|  0|  11|          11|           8|
    |or_ln612_26_fu_11743_p2      |    or    |      0|  0|  11|          11|           8|
    |or_ln612_27_fu_11981_p2      |    or    |      0|  0|  11|          11|           8|
    |or_ln612_28_fu_12225_p2      |    or    |      0|  0|  11|          11|           8|
    |or_ln612_29_fu_12465_p2      |    or    |      0|  0|  11|          11|           8|
    |or_ln612_2_fu_4925_p2        |    or    |      0|  0|  11|          11|           5|
    |or_ln612_30_fu_12703_p2      |    or    |      0|  0|  11|          11|           8|
    |or_ln612_31_fu_12945_p2      |    or    |      0|  0|  11|          11|           8|
    |or_ln612_3_fu_5281_p2        |    or    |      0|  0|  11|          11|           5|
    |or_ln612_4_fu_5637_p2        |    or    |      0|  0|  11|          11|           6|
    |or_ln612_5_fu_5993_p2        |    or    |      0|  0|  11|          11|           6|
    |or_ln612_6_fu_6349_p2        |    or    |      0|  0|  11|          11|           6|
    |or_ln612_7_fu_6705_p2        |    or    |      0|  0|  11|          11|           6|
    |or_ln612_8_fu_7061_p2        |    or    |      0|  0|  11|          11|           7|
    |or_ln612_9_fu_7417_p2        |    or    |      0|  0|  11|          11|           7|
    |or_ln612_fu_4213_p2          |    or    |      0|  0|  11|          11|           3|
    |or_ln613_10_fu_7787_p2       |    or    |      0|  0|  11|          11|           7|
    |or_ln613_11_fu_8143_p2       |    or    |      0|  0|  11|          11|           7|
    |or_ln613_12_fu_8395_p2       |    or    |      0|  0|  11|          11|           7|
    |or_ln613_13_fu_8635_p2       |    or    |      0|  0|  11|          11|           7|
    |or_ln613_14_fu_8873_p2       |    or    |      0|  0|  11|          11|           7|
    |or_ln613_15_fu_9115_p2       |    or    |      0|  0|  11|          11|           7|
    |or_ln613_16_fu_9356_p2       |    or    |      0|  0|  11|          11|           8|
    |or_ln613_17_fu_9594_p2       |    or    |      0|  0|  11|          11|           8|
    |or_ln613_18_fu_9835_p2       |    or    |      0|  0|  11|          11|           8|
    |or_ln613_19_fu_10077_p2      |    or    |      0|  0|  11|          11|           8|
    |or_ln613_1_fu_4583_p2        |    or    |      0|  0|  11|          11|           4|
    |or_ln613_20_fu_10315_p2      |    or    |      0|  0|  11|          11|           8|
    |or_ln613_21_fu_10555_p2      |    or    |      0|  0|  11|          11|           8|
    |or_ln613_22_fu_10798_p2      |    or    |      0|  0|  11|          11|           8|
    |or_ln613_23_fu_11036_p2      |    or    |      0|  0|  11|          11|           8|
    |or_ln613_24_fu_11275_p2      |    or    |      0|  0|  11|          11|           8|
    |or_ln613_25_fu_11519_p2      |    or    |      0|  0|  11|          11|           8|
    |or_ln613_26_fu_11757_p2      |    or    |      0|  0|  11|          11|           8|
    |or_ln613_27_fu_11995_p2      |    or    |      0|  0|  11|          11|           8|
    |or_ln613_28_fu_12239_p2      |    or    |      0|  0|  11|          11|           8|
    |or_ln613_29_fu_12479_p2      |    or    |      0|  0|  11|          11|           8|
    |or_ln613_2_fu_4939_p2        |    or    |      0|  0|  11|          11|           5|
    |or_ln613_30_fu_12717_p2      |    or    |      0|  0|  11|          11|           8|
    |or_ln613_31_fu_12959_p2      |    or    |      0|  0|  11|          11|           8|
    |or_ln613_3_fu_5295_p2        |    or    |      0|  0|  11|          11|           5|
    |or_ln613_4_fu_5651_p2        |    or    |      0|  0|  11|          11|           6|
    |or_ln613_5_fu_6007_p2        |    or    |      0|  0|  11|          11|           6|
    |or_ln613_6_fu_6363_p2        |    or    |      0|  0|  11|          11|           6|
    |or_ln613_7_fu_6719_p2        |    or    |      0|  0|  11|          11|           6|
    |or_ln613_8_fu_7075_p2        |    or    |      0|  0|  11|          11|           7|
    |or_ln613_9_fu_7431_p2        |    or    |      0|  0|  11|          11|           7|
    |or_ln613_fu_4227_p2          |    or    |      0|  0|  11|          11|           3|
    |ap_enable_pp0                |    xor   |      0|  0|   2|           1|           2|
    +-----------------------------+----------+-------+---+----+------------+------------+
    |Total                        |          |      0|  0|8039|        3865|        4056|
    +-----------------------------+----------+-------+---+----+------------+------------+

    * Multiplexer: 
    +-------------------------+-----+-----------+-----+-----------+
    |           Name          | LUT | Input Size| Bits| Total Bits|
    +-------------------------+-----+-----------+-----+-----------+
    |a_address0               |  213|         49|   12|        588|
    |a_address1               |  213|         49|   12|        588|
    |ap_NS_fsm                |  581|        129|    1|        129|
    |ap_enable_reg_pp0_iter0  |    9|          2|    1|          2|
    |ap_enable_reg_pp0_iter1  |    9|          2|    1|          2|
    |r_coeffs_address0        |  581|        129|   10|       1290|
    |r_coeffs_address1        |  581|        129|   10|       1290|
    |r_coeffs_d0              |  581|        129|   32|       4128|
    |r_coeffs_d1              |  581|        129|   32|       4128|
    +-------------------------+-----+-----------+-----+-----------+
    |Total                    | 3349|        747|  111|      12145|
    +-------------------------+-----+-----------+-----+-----------+

    * Register: 
    +-----------------------------+-----+----+-----+-----------+
    |             Name            |  FF | LUT| Bits| Const Bits|
    +-----------------------------+-----+----+-----+-----------+
    |ap_CS_fsm                    |  128|   0|  128|          0|
    |ap_enable_reg_pp0_iter0_reg  |    1|   0|    1|          0|
    |ap_enable_reg_pp0_iter1      |    1|   0|    1|          0|
    |ap_port_reg_r_coeffs_offset  |    3|   0|    3|          0|
    |reg_3730                     |    2|   0|    2|          0|
    |reg_3734                     |    3|   0|    3|          0|
    |reg_3738                     |    3|   0|    3|          0|
    |reg_3742                     |    3|   0|    3|          0|
    |reg_3746                     |    3|   0|    3|          0|
    |reg_3750                     |    3|   0|    3|          0|
    |reg_3754                     |    2|   0|    2|          0|
    |reg_3758                     |    3|   0|    3|          0|
    |reg_3762                     |    3|   0|    3|          0|
    |reg_3766                     |    3|   0|    3|          0|
    |reg_3770                     |    3|   0|    3|          0|
    |reg_3774                     |    3|   0|    3|          0|
    |reg_3778                     |    2|   0|    2|          0|
    |reg_3782                     |    3|   0|    3|          0|
    |reg_3786                     |    3|   0|    3|          0|
    |reg_3790                     |    3|   0|    3|          0|
    |reg_3794                     |    3|   0|    3|          0|
    |reg_3798                     |    2|   0|    2|          0|
    |reg_3802                     |    3|   0|    3|          0|
    |reg_3806                     |    3|   0|    3|          0|
    |reg_3810                     |    3|   0|    3|          0|
    |reg_3814                     |    3|   0|    3|          0|
    |reg_3818                     |    3|   0|    3|          0|
    |reg_3822                     |    3|   0|    3|          0|
    |reg_3826                     |    3|   0|    3|          0|
    |reg_3830                     |    3|   0|    3|          0|
    |reg_3834                     |    3|   0|    3|          0|
    |reg_3838                     |    3|   0|    3|          0|
    |reg_3842                     |    2|   0|    2|          0|
    |reg_3846                     |    3|   0|    3|          0|
    |reg_3850                     |    3|   0|    3|          0|
    |reg_3854                     |    3|   0|    3|          0|
    |reg_3858                     |    3|   0|    3|          0|
    |reg_3862                     |    3|   0|    3|          0|
    |reg_3866                     |    2|   0|    2|          0|
    |reg_3870                     |    3|   0|    3|          0|
    |reg_3874                     |    3|   0|    3|          0|
    |reg_3878                     |    3|   0|    3|          0|
    |reg_3882                     |    3|   0|    3|          0|
    |reg_3886                     |    2|   0|    2|          0|
    |reg_3890                     |    3|   0|    3|          0|
    |reg_3894                     |    3|   0|    3|          0|
    |reg_3898                     |    3|   0|    3|          0|
    |reg_3902                     |    3|   0|    3|          0|
    |reg_3906                     |    3|   0|    3|          0|
    |reg_3910                     |    2|   0|    2|          0|
    |reg_3914                     |    3|   0|    3|          0|
    |reg_3918                     |    3|   0|    3|          0|
    |tmp_1049_reg_13824           |    2|   0|    2|          0|
    |tmp_1050_reg_13869           |    3|   0|    3|          0|
    |tmp_1051_reg_13894           |    2|   0|    2|          0|
    |tmp_1052_reg_13939           |    3|   0|    3|          0|
    |tmp_1055_reg_13989           |    2|   0|    2|          0|
    |tmp_1056_reg_14034           |    3|   0|    3|          0|
    |tmp_1057_reg_14049           |    2|   0|    2|          0|
    |tmp_1058_reg_14094           |    3|   0|    3|          0|
    |tmp_1061_reg_14149           |    2|   0|    2|          0|
    |tmp_1062_reg_14189           |    3|   0|    3|          0|
    |tmp_1063_reg_14214           |    2|   0|    2|          0|
    |tmp_1064_reg_14259           |    3|   0|    3|          0|
    |tmp_1068_reg_14354           |    3|   0|    3|          0|
    |tmp_1069_reg_14369           |    2|   0|    2|          0|
    |tmp_1070_reg_14414           |    3|   0|    3|          0|
    |tmp_1071_reg_14439           |    2|   0|    2|          0|
    |tmp_1074_reg_14509           |    3|   0|    3|          0|
    |tmp_1075_reg_14534           |    2|   0|    2|          0|
    |tmp_1076_reg_14579           |    3|   0|    3|          0|
    |tmp_1077_reg_14594           |    2|   0|    2|          0|
    |tmp_1081_reg_14684           |    2|   0|    2|          0|
    |tmp_1082_reg_14729           |    3|   0|    3|          0|
    |tmp_1083_reg_14754           |    2|   0|    2|          0|
    |tmp_1084_reg_14799           |    3|   0|    3|          0|
    |tmp_66_reg_13374             |    1|   0|    1|          0|
    |tmp_67_reg_13414             |    1|   0|    1|          0|
    |tmp_68_reg_13444             |    1|   0|    1|          0|
    |tmp_69_reg_13484             |    1|   0|    1|          0|
    |tmp_70_reg_13514             |    1|   0|    1|          0|
    |tmp_71_reg_13554             |    1|   0|    1|          0|
    |tmp_72_reg_13584             |    1|   0|    1|          0|
    |tmp_73_reg_13624             |    1|   0|    1|          0|
    |tmp_74_reg_13654             |    1|   0|    1|          0|
    |tmp_75_reg_13694             |    1|   0|    1|          0|
    |tmp_76_reg_13724             |    1|   0|    1|          0|
    |tmp_77_reg_13764             |    1|   0|    1|          0|
    |tmp_78_reg_13794             |    1|   0|    1|          0|
    |tmp_79_reg_13854             |    1|   0|    1|          0|
    |tmp_80_reg_13914             |    1|   0|    1|          0|
    |tmp_81_reg_13964             |    1|   0|    1|          0|
    |tmp_82_reg_14009             |    1|   0|    1|          0|
    |tmp_83_reg_14079             |    1|   0|    1|          0|
    |tmp_84_reg_14124             |    1|   0|    1|          0|
    |tmp_85_reg_14174             |    1|   0|    1|          0|
    |tmp_86_reg_14234             |    1|   0|    1|          0|
    |tmp_87_reg_14294             |    1|   0|    1|          0|
    |tmp_88_reg_14329             |    1|   0|    1|          0|
    |tmp_89_reg_14399             |    1|   0|    1|          0|
    |tmp_90_reg_14454             |    1|   0|    1|          0|
    |tmp_91_reg_14494             |    1|   0|    1|          0|
    |tmp_92_reg_14554             |    1|   0|    1|          0|
    |tmp_93_reg_14624             |    1|   0|    1|          0|
    |tmp_94_reg_14654             |    1|   0|    1|          0|
    |tmp_95_reg_14714             |    1|   0|    1|          0|
    |tmp_96_reg_14774             |    1|   0|    1|          0|
    |tmp_97_reg_14824             |    1|   0|    1|          0|
    |tmp_reg_13111                |    3|   0|   11|          8|
    |trunc_ln606_10_reg_13714     |    3|   0|    3|          0|
    |trunc_ln606_11_reg_13744     |    3|   0|    3|          0|
    |trunc_ln606_12_reg_13784     |    3|   0|    3|          0|
    |trunc_ln606_13_reg_13814     |    3|   0|    3|          0|
    |trunc_ln606_14_reg_13884     |    3|   0|    3|          0|
    |trunc_ln606_15_reg_13944     |    3|   0|    3|          0|
    |trunc_ln606_16_reg_13984     |    3|   0|    3|          0|
    |trunc_ln606_17_reg_14039     |    3|   0|    3|          0|
    |trunc_ln606_18_reg_14109     |    3|   0|    3|          0|
    |trunc_ln606_19_reg_14144     |    3|   0|    3|          0|
    |trunc_ln606_1_reg_13394      |    3|   0|    3|          0|
    |trunc_ln606_20_reg_14204     |    3|   0|    3|          0|
    |trunc_ln606_21_reg_14264     |    3|   0|    3|          0|
    |trunc_ln606_22_reg_14314     |    3|   0|    3|          0|
    |trunc_ln606_23_reg_14359     |    3|   0|    3|          0|
    |trunc_ln606_24_reg_14429     |    3|   0|    3|          0|
    |trunc_ln606_25_reg_14474     |    3|   0|    3|          0|
    |trunc_ln606_26_reg_14524     |    3|   0|    3|          0|
    |trunc_ln606_27_reg_14584     |    3|   0|    3|          0|
    |trunc_ln606_28_reg_14644     |    3|   0|    3|          0|
    |trunc_ln606_29_reg_14674     |    3|   0|    3|          0|
    |trunc_ln606_2_reg_13434      |    3|   0|    3|          0|
    |trunc_ln606_30_reg_14744     |    3|   0|    3|          0|
    |trunc_ln606_31_reg_14804     |    3|   0|    3|          0|
    |trunc_ln606_3_reg_13464      |    3|   0|    3|          0|
    |trunc_ln606_4_reg_13504      |    3|   0|    3|          0|
    |trunc_ln606_5_reg_13534      |    3|   0|    3|          0|
    |trunc_ln606_6_reg_13574      |    3|   0|    3|          0|
    |trunc_ln606_7_reg_13604      |    3|   0|    3|          0|
    |trunc_ln606_8_reg_13644      |    3|   0|    3|          0|
    |trunc_ln606_9_reg_13674      |    3|   0|    3|          0|
    |trunc_ln607_12_reg_13819     |    3|   0|    3|          0|
    |trunc_ln607_13_reg_13889     |    3|   0|    3|          0|
    |trunc_ln607_16_reg_14044     |    3|   0|    3|          0|
    |trunc_ln607_17_reg_14114     |    3|   0|    3|          0|
    |trunc_ln607_19_reg_14209     |    3|   0|    3|          0|
    |trunc_ln607_20_reg_14269     |    3|   0|    3|          0|
    |trunc_ln607_22_reg_14364     |    3|   0|    3|          0|
    |trunc_ln607_23_reg_14434     |    3|   0|    3|          0|
    |trunc_ln607_25_reg_14529     |    3|   0|    3|          0|
    |trunc_ln607_26_reg_14589     |    3|   0|    3|          0|
    |trunc_ln607_28_reg_14679     |    3|   0|    3|          0|
    |trunc_ln607_29_reg_14749     |    3|   0|    3|          0|
    |trunc_ln608_10_reg_13689     |    1|   0|    1|          0|
    |trunc_ln608_11_reg_13719     |    1|   0|    1|          0|
    |trunc_ln608_12_reg_13759     |    1|   0|    1|          0|
    |trunc_ln608_13_reg_13789     |    1|   0|    1|          0|
    |trunc_ln608_14_reg_13839     |    1|   0|    1|          0|
    |trunc_ln608_15_reg_13899     |    1|   0|    1|          0|
    |trunc_ln608_16_reg_13959     |    1|   0|    1|          0|
    |trunc_ln608_17_reg_13994     |    1|   0|    1|          0|
    |trunc_ln608_18_reg_14064     |    1|   0|    1|          0|
    |trunc_ln608_19_reg_14119     |    1|   0|    1|          0|
    |trunc_ln608_1_reg_13369      |    1|   0|    1|          0|
    |trunc_ln608_20_reg_14164     |    1|   0|    1|          0|
    |trunc_ln608_21_reg_14219     |    1|   0|    1|          0|
    |trunc_ln608_22_reg_14284     |    1|   0|    1|          0|
    |trunc_ln608_23_reg_14319     |    1|   0|    1|          0|
    |trunc_ln608_24_reg_14384     |    1|   0|    1|          0|
    |trunc_ln608_25_reg_14444     |    1|   0|    1|          0|
    |trunc_ln608_26_reg_14489     |    1|   0|    1|          0|
    |trunc_ln608_27_reg_14539     |    1|   0|    1|          0|
    |trunc_ln608_28_reg_14609     |    1|   0|    1|          0|
    |trunc_ln608_29_reg_14649     |    1|   0|    1|          0|
    |trunc_ln608_2_reg_13409      |    1|   0|    1|          0|
    |trunc_ln608_30_reg_14699     |    1|   0|    1|          0|
    |trunc_ln608_31_reg_14759     |    1|   0|    1|          0|
    |trunc_ln608_32_reg_14819     |    1|   0|    1|          0|
    |trunc_ln608_3_reg_13439      |    1|   0|    1|          0|
    |trunc_ln608_4_reg_13479      |    1|   0|    1|          0|
    |trunc_ln608_5_reg_13509      |    1|   0|    1|          0|
    |trunc_ln608_6_reg_13549      |    1|   0|    1|          0|
    |trunc_ln608_7_reg_13579      |    1|   0|    1|          0|
    |trunc_ln608_8_reg_13619      |    1|   0|    1|          0|
    |trunc_ln608_9_reg_13649      |    1|   0|    1|          0|
    |trunc_ln608_reg_13008        |   13|   0|   13|          0|
    |trunc_ln609_12_reg_13844     |    3|   0|    3|          0|
    |trunc_ln609_13_reg_13904     |    3|   0|    3|          0|
    |trunc_ln609_15_reg_13999     |    3|   0|    3|          0|
    |trunc_ln609_16_reg_14069     |    3|   0|    3|          0|
    |trunc_ln609_19_reg_14224     |    3|   0|    3|          0|
    |trunc_ln609_20_reg_14289     |    3|   0|    3|          0|
    |trunc_ln609_22_reg_14389     |    3|   0|    3|          0|
    |trunc_ln609_23_reg_14449     |    3|   0|    3|          0|
    |trunc_ln609_25_reg_14544     |    3|   0|    3|          0|
    |trunc_ln609_26_reg_14614     |    3|   0|    3|          0|
    |trunc_ln609_28_reg_14704     |    3|   0|    3|          0|
    |trunc_ln609_29_reg_14764     |    3|   0|    3|          0|
    |trunc_ln610_12_reg_13849     |    3|   0|    3|          0|
    |trunc_ln610_13_reg_13909     |    3|   0|    3|          0|
    |trunc_ln610_15_reg_14004     |    3|   0|    3|          0|
    |trunc_ln610_16_reg_14074     |    3|   0|    3|          0|
    |trunc_ln610_18_reg_14169     |    3|   0|    3|          0|
    |trunc_ln610_19_reg_14229     |    3|   0|    3|          0|
    |trunc_ln610_21_reg_14324     |    3|   0|    3|          0|
    |trunc_ln610_22_reg_14394     |    3|   0|    3|          0|
    |trunc_ln610_25_reg_14549     |    3|   0|    3|          0|
    |trunc_ln610_26_reg_14619     |    3|   0|    3|          0|
    |trunc_ln610_28_reg_14709     |    3|   0|    3|          0|
    |trunc_ln610_29_reg_14769     |    3|   0|    3|          0|
    |trunc_ln611_10_reg_13739     |    2|   0|    2|          0|
    |trunc_ln611_11_reg_13769     |    2|   0|    2|          0|
    |trunc_ln611_12_reg_13809     |    2|   0|    2|          0|
    |trunc_ln611_13_reg_13859     |    2|   0|    2|          0|
    |trunc_ln611_14_reg_13929     |    2|   0|    2|          0|
    |trunc_ln611_15_reg_13969     |    2|   0|    2|          0|
    |trunc_ln611_16_reg_14024     |    2|   0|    2|          0|
    |trunc_ln611_17_reg_14084     |    2|   0|    2|          0|
    |trunc_ln611_18_reg_14139     |    2|   0|    2|          0|
    |trunc_ln611_19_reg_14179     |    2|   0|    2|          0|
    |trunc_ln611_1_reg_13419      |    2|   0|    2|          0|
    |trunc_ln611_20_reg_14249     |    2|   0|    2|          0|
    |trunc_ln611_21_reg_14299     |    2|   0|    2|          0|
    |trunc_ln611_22_reg_14344     |    2|   0|    2|          0|
    |trunc_ln611_23_reg_14404     |    2|   0|    2|          0|
    |trunc_ln611_24_reg_14469     |    2|   0|    2|          0|
    |trunc_ln611_25_reg_14499     |    2|   0|    2|          0|
    |trunc_ln611_26_reg_14569     |    2|   0|    2|          0|
    |trunc_ln611_27_reg_14629     |    2|   0|    2|          0|
    |trunc_ln611_28_reg_14669     |    2|   0|    2|          0|
    |trunc_ln611_29_reg_14719     |    2|   0|    2|          0|
    |trunc_ln611_2_reg_13459      |    2|   0|    2|          0|
    |trunc_ln611_30_reg_14789     |    2|   0|    2|          0|
    |trunc_ln611_31_reg_14829     |    2|   0|    2|          0|
    |trunc_ln611_3_reg_13489      |    2|   0|    2|          0|
    |trunc_ln611_4_reg_13529      |    2|   0|    2|          0|
    |trunc_ln611_5_reg_13559      |    2|   0|    2|          0|
    |trunc_ln611_6_reg_13599      |    2|   0|    2|          0|
    |trunc_ln611_7_reg_13629      |    2|   0|    2|          0|
    |trunc_ln611_8_reg_13669      |    2|   0|    2|          0|
    |trunc_ln611_9_reg_13699      |    2|   0|    2|          0|
    |trunc_ln611_reg_13389        |    2|   0|    2|          0|
    |trunc_ln612_12_reg_13864     |    3|   0|    3|          0|
    |trunc_ln612_13_reg_13934     |    3|   0|    3|          0|
    |trunc_ln612_15_reg_14029     |    3|   0|    3|          0|
    |trunc_ln612_16_reg_14089     |    3|   0|    3|          0|
    |trunc_ln612_18_reg_14184     |    3|   0|    3|          0|
    |trunc_ln612_19_reg_14254     |    3|   0|    3|          0|
    |trunc_ln612_21_reg_14349     |    3|   0|    3|          0|
    |trunc_ln612_22_reg_14409     |    3|   0|    3|          0|
    |trunc_ln612_24_reg_14504     |    3|   0|    3|          0|
    |trunc_ln612_25_reg_14574     |    3|   0|    3|          0|
    |trunc_ln612_28_reg_14724     |    3|   0|    3|          0|
    |trunc_ln612_29_reg_14794     |    3|   0|    3|          0|
    +-----------------------------+-----+----+-----+-----------+
    |Total                        |  710|   0|  718|          8|
    +-----------------------------+-----+----+-----+-----------+



================================================================
== Interface
================================================================
* Summary: 
+-------------------+-----+-----+------------+-----------------+--------------+
|     RTL Ports     | Dir | Bits|  Protocol  |  Source Object  |    C Type    |
+-------------------+-----+-----+------------+-----------------+--------------+
|ap_clk             |  in |    1| ap_ctrl_hs |  polyeta_unpack | return value |
|ap_rst             |  in |    1| ap_ctrl_hs |  polyeta_unpack | return value |
|ap_start           |  in |    1| ap_ctrl_hs |  polyeta_unpack | return value |
|ap_done            | out |    1| ap_ctrl_hs |  polyeta_unpack | return value |
|ap_idle            | out |    1| ap_ctrl_hs |  polyeta_unpack | return value |
|ap_ready           | out |    1| ap_ctrl_hs |  polyeta_unpack | return value |
|ap_ce              |  in |    1| ap_ctrl_hs |  polyeta_unpack | return value |
|r_coeffs_address0  | out |   10|  ap_memory |     r_coeffs    |     array    |
|r_coeffs_ce0       | out |    1|  ap_memory |     r_coeffs    |     array    |
|r_coeffs_we0       | out |    1|  ap_memory |     r_coeffs    |     array    |
|r_coeffs_d0        | out |   32|  ap_memory |     r_coeffs    |     array    |
|r_coeffs_address1  | out |   10|  ap_memory |     r_coeffs    |     array    |
|r_coeffs_ce1       | out |    1|  ap_memory |     r_coeffs    |     array    |
|r_coeffs_we1       | out |    1|  ap_memory |     r_coeffs    |     array    |
|r_coeffs_d1        | out |   32|  ap_memory |     r_coeffs    |     array    |
|r_coeffs_offset    |  in |    3|   ap_none  | r_coeffs_offset |    scalar    |
|a_address0         | out |   12|  ap_memory |        a        |     array    |
|a_ce0              | out |    1|  ap_memory |        a        |     array    |
|a_q0               |  in |    8|  ap_memory |        a        |     array    |
|a_address1         | out |   12|  ap_memory |        a        |     array    |
|a_ce1              | out |    1|  ap_memory |        a        |     array    |
|a_q1               |  in |    8|  ap_memory |        a        |     array    |
|a_offset           |  in |   33|   ap_none  |     a_offset    |    scalar    |
+-------------------+-----+-----+------------+-----------------+--------------+

