

================================================================
== Vivado HLS Report for 'poly_caddq'
================================================================
* Date:           Tue Apr  4 23:39:35 2023

* Version:        2019.2 (Build 2704478 on Wed Nov 06 22:10:23 MST 2019)
* Project:        crypto_sign
* Solution:       solution1
* Product family: artix7
* Target device:  xc7a200t-fbg676-2


================================================================
== Performance Estimates
================================================================
+ Timing: 
    * Summary: 
    +--------+----------+----------+------------+
    |  Clock |  Target  | Estimated| Uncertainty|
    +--------+----------+----------+------------+
    |ap_clk  | 10.00 us | 4.952 ns |   1.25 us  |
    +--------+----------+----------+------------+

+ Latency: 
    * Summary: 
    +---------+---------+----------+----------+-----+-----+----------+
    |  Latency (cycles) |  Latency (absolute) |  Interval | Pipeline |
    |   min   |   max   |    min   |    max   | min | max |   Type   |
    +---------+---------+----------+----------+-----+-----+----------+
    |      255|      255| 2.550 ms | 2.550 ms |  256|  256| function |
    +---------+---------+----------+----------+-----+-----+----------+

    + Detail: 
        * Instance: 
        +-------------------+-------+---------+---------+----------+----------+-----+-----+----------+
        |                   |       |  Latency (cycles) |  Latency (absolute) |  Interval | Pipeline |
        |      Instance     | Module|   min   |   max   |    min   |    max   | min | max |   Type   |
        +-------------------+-------+---------+---------+----------+----------+-----+-----+----------+
        |grp_caddq_fu_2591  |caddq  |        0|        0|   0 ns   |   0 ns   |    1|    1| function |
        |grp_caddq_fu_2597  |caddq  |        0|        0|   0 ns   |   0 ns   |    1|    1| function |
        +-------------------+-------+---------+---------+----------+----------+-----+-----+----------+

        * Loop: 
        N/A



================================================================
== Utilization Estimates
================================================================
* Summary: 
+-----------------+---------+-------+--------+--------+-----+
|       Name      | BRAM_18K| DSP48E|   FF   |   LUT  | URAM|
+-----------------+---------+-------+--------+--------+-----+
|DSP              |        -|      -|       -|       -|    -|
|Expression       |        -|      -|       0|    2805|    -|
|FIFO             |        -|      -|       -|       -|    -|
|Instance         |        -|      -|       0|     124|    -|
|Memory           |        -|      -|       -|       -|    -|
|Multiplexer      |        -|      -|       -|    4609|    -|
|Register         |        -|      -|    8899|       -|    -|
+-----------------+---------+-------+--------+--------+-----+
|Total            |        0|      0|    8899|    7538|    0|
+-----------------+---------+-------+--------+--------+-----+
|Available        |      730|    740|  269200|  134600|    0|
+-----------------+---------+-------+--------+--------+-----+
|Utilization (%)  |        0|      0|       3|       5|    0|
+-----------------+---------+-------+--------+--------+-----+

+ Detail: 
    * Instance: 
    +-------------------+-------+---------+-------+---+----+-----+
    |      Instance     | Module| BRAM_18K| DSP48E| FF| LUT| URAM|
    +-------------------+-------+---------+-------+---+----+-----+
    |grp_caddq_fu_2591  |caddq  |        0|      0|  0|  62|    0|
    |grp_caddq_fu_2597  |caddq  |        0|      0|  0|  62|    0|
    +-------------------+-------+---------+-------+---+----+-----+
    |Total              |       |        0|      0|  0| 124|    0|
    +-------------------+-------+---------+-------+---+----+-----+

    * DSP48E: 
    N/A

    * Memory: 
    N/A

    * FIFO: 
    N/A

    * Expression: 
    +------------------------+----------+-------+---+----+------------+------------+
    |      Variable Name     | Operation| DSP48E| FF| LUT| Bitwidth P0| Bitwidth P1|
    +------------------------+----------+-------+---+----+------------+------------+
    |or_ln54_100_fu_4027_p2  |    or    |      0|  0|  11|          11|           7|
    |or_ln54_101_fu_4041_p2  |    or    |      0|  0|  11|          11|           7|
    |or_ln54_102_fu_4055_p2  |    or    |      0|  0|  11|          11|           7|
    |or_ln54_103_fu_4069_p2  |    or    |      0|  0|  11|          11|           7|
    |or_ln54_104_fu_4083_p2  |    or    |      0|  0|  11|          11|           7|
    |or_ln54_105_fu_4097_p2  |    or    |      0|  0|  11|          11|           7|
    |or_ln54_106_fu_4111_p2  |    or    |      0|  0|  11|          11|           7|
    |or_ln54_107_fu_4125_p2  |    or    |      0|  0|  11|          11|           7|
    |or_ln54_108_fu_4139_p2  |    or    |      0|  0|  11|          11|           7|
    |or_ln54_109_fu_4153_p2  |    or    |      0|  0|  11|          11|           7|
    |or_ln54_10_fu_2767_p2   |    or    |      0|  0|  11|          11|           4|
    |or_ln54_110_fu_4167_p2  |    or    |      0|  0|  11|          11|           7|
    |or_ln54_111_fu_4181_p2  |    or    |      0|  0|  11|          11|           7|
    |or_ln54_112_fu_4195_p2  |    or    |      0|  0|  11|          11|           7|
    |or_ln54_113_fu_4209_p2  |    or    |      0|  0|  11|          11|           7|
    |or_ln54_114_fu_4223_p2  |    or    |      0|  0|  11|          11|           7|
    |or_ln54_115_fu_4237_p2  |    or    |      0|  0|  11|          11|           7|
    |or_ln54_116_fu_4251_p2  |    or    |      0|  0|  11|          11|           7|
    |or_ln54_117_fu_4265_p2  |    or    |      0|  0|  11|          11|           7|
    |or_ln54_118_fu_4279_p2  |    or    |      0|  0|  11|          11|           7|
    |or_ln54_119_fu_4293_p2  |    or    |      0|  0|  11|          11|           7|
    |or_ln54_11_fu_2781_p2   |    or    |      0|  0|  11|          11|           4|
    |or_ln54_120_fu_4307_p2  |    or    |      0|  0|  11|          11|           7|
    |or_ln54_121_fu_4321_p2  |    or    |      0|  0|  11|          11|           7|
    |or_ln54_122_fu_4335_p2  |    or    |      0|  0|  11|          11|           7|
    |or_ln54_123_fu_4349_p2  |    or    |      0|  0|  11|          11|           7|
    |or_ln54_124_fu_4363_p2  |    or    |      0|  0|  11|          11|           7|
    |or_ln54_125_fu_4377_p2  |    or    |      0|  0|  11|          11|           7|
    |or_ln54_126_fu_4391_p2  |    or    |      0|  0|  11|          11|           7|
    |or_ln54_127_fu_4405_p2  |    or    |      0|  0|  11|          11|           8|
    |or_ln54_128_fu_4419_p2  |    or    |      0|  0|  11|          11|           8|
    |or_ln54_129_fu_4433_p2  |    or    |      0|  0|  11|          11|           8|
    |or_ln54_12_fu_2795_p2   |    or    |      0|  0|  11|          11|           4|
    |or_ln54_130_fu_4447_p2  |    or    |      0|  0|  11|          11|           8|
    |or_ln54_131_fu_4461_p2  |    or    |      0|  0|  11|          11|           8|
    |or_ln54_132_fu_4475_p2  |    or    |      0|  0|  11|          11|           8|
    |or_ln54_133_fu_4489_p2  |    or    |      0|  0|  11|          11|           8|
    |or_ln54_134_fu_4503_p2  |    or    |      0|  0|  11|          11|           8|
    |or_ln54_135_fu_4517_p2  |    or    |      0|  0|  11|          11|           8|
    |or_ln54_136_fu_4531_p2  |    or    |      0|  0|  11|          11|           8|
    |or_ln54_137_fu_4545_p2  |    or    |      0|  0|  11|          11|           8|
    |or_ln54_138_fu_4559_p2  |    or    |      0|  0|  11|          11|           8|
    |or_ln54_139_fu_4573_p2  |    or    |      0|  0|  11|          11|           8|
    |or_ln54_13_fu_2809_p2   |    or    |      0|  0|  11|          11|           4|
    |or_ln54_140_fu_4587_p2  |    or    |      0|  0|  11|          11|           8|
    |or_ln54_141_fu_4601_p2  |    or    |      0|  0|  11|          11|           8|
    |or_ln54_142_fu_4615_p2  |    or    |      0|  0|  11|          11|           8|
    |or_ln54_143_fu_4629_p2  |    or    |      0|  0|  11|          11|           8|
    |or_ln54_144_fu_4643_p2  |    or    |      0|  0|  11|          11|           8|
    |or_ln54_145_fu_4657_p2  |    or    |      0|  0|  11|          11|           8|
    |or_ln54_146_fu_4671_p2  |    or    |      0|  0|  11|          11|           8|
    |or_ln54_147_fu_4685_p2  |    or    |      0|  0|  11|          11|           8|
    |or_ln54_148_fu_4699_p2  |    or    |      0|  0|  11|          11|           8|
    |or_ln54_149_fu_4713_p2  |    or    |      0|  0|  11|          11|           8|
    |or_ln54_14_fu_2823_p2   |    or    |      0|  0|  11|          11|           4|
    |or_ln54_150_fu_4727_p2  |    or    |      0|  0|  11|          11|           8|
    |or_ln54_151_fu_4741_p2  |    or    |      0|  0|  11|          11|           8|
    |or_ln54_152_fu_4755_p2  |    or    |      0|  0|  11|          11|           8|
    |or_ln54_153_fu_4769_p2  |    or    |      0|  0|  11|          11|           8|
    |or_ln54_154_fu_4783_p2  |    or    |      0|  0|  11|          11|           8|
    |or_ln54_155_fu_4797_p2  |    or    |      0|  0|  11|          11|           8|
    |or_ln54_156_fu_4811_p2  |    or    |      0|  0|  11|          11|           8|
    |or_ln54_157_fu_4825_p2  |    or    |      0|  0|  11|          11|           8|
    |or_ln54_158_fu_4839_p2  |    or    |      0|  0|  11|          11|           8|
    |or_ln54_159_fu_4853_p2  |    or    |      0|  0|  11|          11|           8|
    |or_ln54_15_fu_2837_p2   |    or    |      0|  0|  11|          11|           5|
    |or_ln54_160_fu_4867_p2  |    or    |      0|  0|  11|          11|           8|
    |or_ln54_161_fu_4881_p2  |    or    |      0|  0|  11|          11|           8|
    |or_ln54_162_fu_4895_p2  |    or    |      0|  0|  11|          11|           8|
    |or_ln54_163_fu_4909_p2  |    or    |      0|  0|  11|          11|           8|
    |or_ln54_164_fu_4923_p2  |    or    |      0|  0|  11|          11|           8|
    |or_ln54_165_fu_4937_p2  |    or    |      0|  0|  11|          11|           8|
    |or_ln54_166_fu_4951_p2  |    or    |      0|  0|  11|          11|           8|
    |or_ln54_167_fu_4965_p2  |    or    |      0|  0|  11|          11|           8|
    |or_ln54_168_fu_4979_p2  |    or    |      0|  0|  11|          11|           8|
    |or_ln54_169_fu_4993_p2  |    or    |      0|  0|  11|          11|           8|
    |or_ln54_16_fu_2851_p2   |    or    |      0|  0|  11|          11|           5|
    |or_ln54_170_fu_5007_p2  |    or    |      0|  0|  11|          11|           8|
    |or_ln54_171_fu_5021_p2  |    or    |      0|  0|  11|          11|           8|
    |or_ln54_172_fu_5035_p2  |    or    |      0|  0|  11|          11|           8|
    |or_ln54_173_fu_5049_p2  |    or    |      0|  0|  11|          11|           8|
    |or_ln54_174_fu_5063_p2  |    or    |      0|  0|  11|          11|           8|
    |or_ln54_175_fu_5077_p2  |    or    |      0|  0|  11|          11|           8|
    |or_ln54_176_fu_5091_p2  |    or    |      0|  0|  11|          11|           8|
    |or_ln54_177_fu_5105_p2  |    or    |      0|  0|  11|          11|           8|
    |or_ln54_178_fu_5119_p2  |    or    |      0|  0|  11|          11|           8|
    |or_ln54_179_fu_5133_p2  |    or    |      0|  0|  11|          11|           8|
    |or_ln54_17_fu_2865_p2   |    or    |      0|  0|  11|          11|           5|
    |or_ln54_180_fu_5147_p2  |    or    |      0|  0|  11|          11|           8|
    |or_ln54_181_fu_5161_p2  |    or    |      0|  0|  11|          11|           8|
    |or_ln54_182_fu_5175_p2  |    or    |      0|  0|  11|          11|           8|
    |or_ln54_183_fu_5189_p2  |    or    |      0|  0|  11|          11|           8|
    |or_ln54_184_fu_5203_p2  |    or    |      0|  0|  11|          11|           8|
    |or_ln54_185_fu_5217_p2  |    or    |      0|  0|  11|          11|           8|
    |or_ln54_186_fu_5231_p2  |    or    |      0|  0|  11|          11|           8|
    |or_ln54_187_fu_5245_p2  |    or    |      0|  0|  11|          11|           8|
    |or_ln54_188_fu_5259_p2  |    or    |      0|  0|  11|          11|           8|
    |or_ln54_189_fu_5273_p2  |    or    |      0|  0|  11|          11|           8|
    |or_ln54_18_fu_2879_p2   |    or    |      0|  0|  11|          11|           5|
    |or_ln54_190_fu_5287_p2  |    or    |      0|  0|  11|          11|           8|
    |or_ln54_191_fu_5301_p2  |    or    |      0|  0|  11|          11|           8|
    |or_ln54_192_fu_5315_p2  |    or    |      0|  0|  11|          11|           8|
    |or_ln54_193_fu_5329_p2  |    or    |      0|  0|  11|          11|           8|
    |or_ln54_194_fu_5343_p2  |    or    |      0|  0|  11|          11|           8|
    |or_ln54_195_fu_5357_p2  |    or    |      0|  0|  11|          11|           8|
    |or_ln54_196_fu_5371_p2  |    or    |      0|  0|  11|          11|           8|
    |or_ln54_197_fu_5385_p2  |    or    |      0|  0|  11|          11|           8|
    |or_ln54_198_fu_5399_p2  |    or    |      0|  0|  11|          11|           8|
    |or_ln54_199_fu_5413_p2  |    or    |      0|  0|  11|          11|           8|
    |or_ln54_19_fu_2893_p2   |    or    |      0|  0|  11|          11|           5|
    |or_ln54_1_fu_2641_p2    |    or    |      0|  0|  11|          11|           2|
    |or_ln54_200_fu_5427_p2  |    or    |      0|  0|  11|          11|           8|
    |or_ln54_201_fu_5441_p2  |    or    |      0|  0|  11|          11|           8|
    |or_ln54_202_fu_5455_p2  |    or    |      0|  0|  11|          11|           8|
    |or_ln54_203_fu_5469_p2  |    or    |      0|  0|  11|          11|           8|
    |or_ln54_204_fu_5483_p2  |    or    |      0|  0|  11|          11|           8|
    |or_ln54_205_fu_5497_p2  |    or    |      0|  0|  11|          11|           8|
    |or_ln54_206_fu_5511_p2  |    or    |      0|  0|  11|          11|           8|
    |or_ln54_207_fu_5525_p2  |    or    |      0|  0|  11|          11|           8|
    |or_ln54_208_fu_5539_p2  |    or    |      0|  0|  11|          11|           8|
    |or_ln54_209_fu_5553_p2  |    or    |      0|  0|  11|          11|           8|
    |or_ln54_20_fu_2907_p2   |    or    |      0|  0|  11|          11|           5|
    |or_ln54_210_fu_5567_p2  |    or    |      0|  0|  11|          11|           8|
    |or_ln54_211_fu_5581_p2  |    or    |      0|  0|  11|          11|           8|
    |or_ln54_212_fu_5595_p2  |    or    |      0|  0|  11|          11|           8|
    |or_ln54_213_fu_5609_p2  |    or    |      0|  0|  11|          11|           8|
    |or_ln54_214_fu_5623_p2  |    or    |      0|  0|  11|          11|           8|
    |or_ln54_215_fu_5637_p2  |    or    |      0|  0|  11|          11|           8|
    |or_ln54_216_fu_5651_p2  |    or    |      0|  0|  11|          11|           8|
    |or_ln54_217_fu_5665_p2  |    or    |      0|  0|  11|          11|           8|
    |or_ln54_218_fu_5679_p2  |    or    |      0|  0|  11|          11|           8|
    |or_ln54_219_fu_5693_p2  |    or    |      0|  0|  11|          11|           8|
    |or_ln54_21_fu_2921_p2   |    or    |      0|  0|  11|          11|           5|
    |or_ln54_220_fu_5707_p2  |    or    |      0|  0|  11|          11|           8|
    |or_ln54_221_fu_5721_p2  |    or    |      0|  0|  11|          11|           8|
    |or_ln54_222_fu_5735_p2  |    or    |      0|  0|  11|          11|           8|
    |or_ln54_223_fu_5749_p2  |    or    |      0|  0|  11|          11|           8|
    |or_ln54_224_fu_5763_p2  |    or    |      0|  0|  11|          11|           8|
    |or_ln54_225_fu_5777_p2  |    or    |      0|  0|  11|          11|           8|
    |or_ln54_226_fu_5791_p2  |    or    |      0|  0|  11|          11|           8|
    |or_ln54_227_fu_5805_p2  |    or    |      0|  0|  11|          11|           8|
    |or_ln54_228_fu_5819_p2  |    or    |      0|  0|  11|          11|           8|
    |or_ln54_229_fu_5833_p2  |    or    |      0|  0|  11|          11|           8|
    |or_ln54_22_fu_2935_p2   |    or    |      0|  0|  11|          11|           5|
    |or_ln54_230_fu_5847_p2  |    or    |      0|  0|  11|          11|           8|
    |or_ln54_231_fu_5861_p2  |    or    |      0|  0|  11|          11|           8|
    |or_ln54_232_fu_5875_p2  |    or    |      0|  0|  11|          11|           8|
    |or_ln54_233_fu_5889_p2  |    or    |      0|  0|  11|          11|           8|
    |or_ln54_234_fu_5903_p2  |    or    |      0|  0|  11|          11|           8|
    |or_ln54_235_fu_5917_p2  |    or    |      0|  0|  11|          11|           8|
    |or_ln54_236_fu_5931_p2  |    or    |      0|  0|  11|          11|           8|
    |or_ln54_237_fu_5945_p2  |    or    |      0|  0|  11|          11|           8|
    |or_ln54_238_fu_5959_p2  |    or    |      0|  0|  11|          11|           8|
    |or_ln54_239_fu_5973_p2  |    or    |      0|  0|  11|          11|           8|
    |or_ln54_23_fu_2949_p2   |    or    |      0|  0|  11|          11|           5|
    |or_ln54_240_fu_5987_p2  |    or    |      0|  0|  11|          11|           8|
    |or_ln54_241_fu_6001_p2  |    or    |      0|  0|  11|          11|           8|
    |or_ln54_242_fu_6015_p2  |    or    |      0|  0|  11|          11|           8|
    |or_ln54_243_fu_6029_p2  |    or    |      0|  0|  11|          11|           8|
    |or_ln54_244_fu_6043_p2  |    or    |      0|  0|  11|          11|           8|
    |or_ln54_245_fu_6057_p2  |    or    |      0|  0|  11|          11|           8|
    |or_ln54_246_fu_6071_p2  |    or    |      0|  0|  11|          11|           8|
    |or_ln54_247_fu_6085_p2  |    or    |      0|  0|  11|          11|           8|
    |or_ln54_248_fu_6099_p2  |    or    |      0|  0|  11|          11|           8|
    |or_ln54_249_fu_6113_p2  |    or    |      0|  0|  11|          11|           8|
    |or_ln54_24_fu_2963_p2   |    or    |      0|  0|  11|          11|           5|
    |or_ln54_250_fu_6127_p2  |    or    |      0|  0|  11|          11|           8|
    |or_ln54_251_fu_6141_p2  |    or    |      0|  0|  11|          11|           8|
    |or_ln54_252_fu_6155_p2  |    or    |      0|  0|  11|          11|           8|
    |or_ln54_253_fu_6169_p2  |    or    |      0|  0|  11|          11|           8|
    |or_ln54_254_fu_6183_p2  |    or    |      0|  0|  11|          11|           8|
    |or_ln54_25_fu_2977_p2   |    or    |      0|  0|  11|          11|           5|
    |or_ln54_26_fu_2991_p2   |    or    |      0|  0|  11|          11|           5|
    |or_ln54_27_fu_3005_p2   |    or    |      0|  0|  11|          11|           5|
    |or_ln54_28_fu_3019_p2   |    or    |      0|  0|  11|          11|           5|
    |or_ln54_29_fu_3033_p2   |    or    |      0|  0|  11|          11|           5|
    |or_ln54_2_fu_2655_p2    |    or    |      0|  0|  11|          11|           2|
    |or_ln54_30_fu_3047_p2   |    or    |      0|  0|  11|          11|           5|
    |or_ln54_31_fu_3061_p2   |    or    |      0|  0|  11|          11|           6|
    |or_ln54_32_fu_3075_p2   |    or    |      0|  0|  11|          11|           6|
    |or_ln54_33_fu_3089_p2   |    or    |      0|  0|  11|          11|           6|
    |or_ln54_34_fu_3103_p2   |    or    |      0|  0|  11|          11|           6|
    |or_ln54_35_fu_3117_p2   |    or    |      0|  0|  11|          11|           6|
    |or_ln54_36_fu_3131_p2   |    or    |      0|  0|  11|          11|           6|
    |or_ln54_37_fu_3145_p2   |    or    |      0|  0|  11|          11|           6|
    |or_ln54_38_fu_3159_p2   |    or    |      0|  0|  11|          11|           6|
    |or_ln54_39_fu_3173_p2   |    or    |      0|  0|  11|          11|           6|
    |or_ln54_3_fu_2669_p2    |    or    |      0|  0|  11|          11|           3|
    |or_ln54_40_fu_3187_p2   |    or    |      0|  0|  11|          11|           6|
    |or_ln54_41_fu_3201_p2   |    or    |      0|  0|  11|          11|           6|
    |or_ln54_42_fu_3215_p2   |    or    |      0|  0|  11|          11|           6|
    |or_ln54_43_fu_3229_p2   |    or    |      0|  0|  11|          11|           6|
    |or_ln54_44_fu_3243_p2   |    or    |      0|  0|  11|          11|           6|
    |or_ln54_45_fu_3257_p2   |    or    |      0|  0|  11|          11|           6|
    |or_ln54_46_fu_3271_p2   |    or    |      0|  0|  11|          11|           6|
    |or_ln54_47_fu_3285_p2   |    or    |      0|  0|  11|          11|           6|
    |or_ln54_48_fu_3299_p2   |    or    |      0|  0|  11|          11|           6|
    |or_ln54_49_fu_3313_p2   |    or    |      0|  0|  11|          11|           6|
    |or_ln54_4_fu_2683_p2    |    or    |      0|  0|  11|          11|           3|
    |or_ln54_50_fu_3327_p2   |    or    |      0|  0|  11|          11|           6|
    |or_ln54_51_fu_3341_p2   |    or    |      0|  0|  11|          11|           6|
    |or_ln54_52_fu_3355_p2   |    or    |      0|  0|  11|          11|           6|
    |or_ln54_53_fu_3369_p2   |    or    |      0|  0|  11|          11|           6|
    |or_ln54_54_fu_3383_p2   |    or    |      0|  0|  11|          11|           6|
    |or_ln54_55_fu_3397_p2   |    or    |      0|  0|  11|          11|           6|
    |or_ln54_56_fu_3411_p2   |    or    |      0|  0|  11|          11|           6|
    |or_ln54_57_fu_3425_p2   |    or    |      0|  0|  11|          11|           6|
    |or_ln54_58_fu_3439_p2   |    or    |      0|  0|  11|          11|           6|
    |or_ln54_59_fu_3453_p2   |    or    |      0|  0|  11|          11|           6|
    |or_ln54_5_fu_2697_p2    |    or    |      0|  0|  11|          11|           3|
    |or_ln54_60_fu_3467_p2   |    or    |      0|  0|  11|          11|           6|
    |or_ln54_61_fu_3481_p2   |    or    |      0|  0|  11|          11|           6|
    |or_ln54_62_fu_3495_p2   |    or    |      0|  0|  11|          11|           6|
    |or_ln54_63_fu_3509_p2   |    or    |      0|  0|  11|          11|           7|
    |or_ln54_64_fu_3523_p2   |    or    |      0|  0|  11|          11|           7|
    |or_ln54_65_fu_3537_p2   |    or    |      0|  0|  11|          11|           7|
    |or_ln54_66_fu_3551_p2   |    or    |      0|  0|  11|          11|           7|
    |or_ln54_67_fu_3565_p2   |    or    |      0|  0|  11|          11|           7|
    |or_ln54_68_fu_3579_p2   |    or    |      0|  0|  11|          11|           7|
    |or_ln54_69_fu_3593_p2   |    or    |      0|  0|  11|          11|           7|
    |or_ln54_6_fu_2711_p2    |    or    |      0|  0|  11|          11|           3|
    |or_ln54_70_fu_3607_p2   |    or    |      0|  0|  11|          11|           7|
    |or_ln54_71_fu_3621_p2   |    or    |      0|  0|  11|          11|           7|
    |or_ln54_72_fu_3635_p2   |    or    |      0|  0|  11|          11|           7|
    |or_ln54_73_fu_3649_p2   |    or    |      0|  0|  11|          11|           7|
    |or_ln54_74_fu_3663_p2   |    or    |      0|  0|  11|          11|           7|
    |or_ln54_75_fu_3677_p2   |    or    |      0|  0|  11|          11|           7|
    |or_ln54_76_fu_3691_p2   |    or    |      0|  0|  11|          11|           7|
    |or_ln54_77_fu_3705_p2   |    or    |      0|  0|  11|          11|           7|
    |or_ln54_78_fu_3719_p2   |    or    |      0|  0|  11|          11|           7|
    |or_ln54_79_fu_3733_p2   |    or    |      0|  0|  11|          11|           7|
    |or_ln54_7_fu_2725_p2    |    or    |      0|  0|  11|          11|           4|
    |or_ln54_80_fu_3747_p2   |    or    |      0|  0|  11|          11|           7|
    |or_ln54_81_fu_3761_p2   |    or    |      0|  0|  11|          11|           7|
    |or_ln54_82_fu_3775_p2   |    or    |      0|  0|  11|          11|           7|
    |or_ln54_83_fu_3789_p2   |    or    |      0|  0|  11|          11|           7|
    |or_ln54_84_fu_3803_p2   |    or    |      0|  0|  11|          11|           7|
    |or_ln54_85_fu_3817_p2   |    or    |      0|  0|  11|          11|           7|
    |or_ln54_86_fu_3831_p2   |    or    |      0|  0|  11|          11|           7|
    |or_ln54_87_fu_3845_p2   |    or    |      0|  0|  11|          11|           7|
    |or_ln54_88_fu_3859_p2   |    or    |      0|  0|  11|          11|           7|
    |or_ln54_89_fu_3873_p2   |    or    |      0|  0|  11|          11|           7|
    |or_ln54_8_fu_2739_p2    |    or    |      0|  0|  11|          11|           4|
    |or_ln54_90_fu_3887_p2   |    or    |      0|  0|  11|          11|           7|
    |or_ln54_91_fu_3901_p2   |    or    |      0|  0|  11|          11|           7|
    |or_ln54_92_fu_3915_p2   |    or    |      0|  0|  11|          11|           7|
    |or_ln54_93_fu_3929_p2   |    or    |      0|  0|  11|          11|           7|
    |or_ln54_94_fu_3943_p2   |    or    |      0|  0|  11|          11|           7|
    |or_ln54_95_fu_3957_p2   |    or    |      0|  0|  11|          11|           7|
    |or_ln54_96_fu_3971_p2   |    or    |      0|  0|  11|          11|           7|
    |or_ln54_97_fu_3985_p2   |    or    |      0|  0|  11|          11|           7|
    |or_ln54_98_fu_3999_p2   |    or    |      0|  0|  11|          11|           7|
    |or_ln54_99_fu_4013_p2   |    or    |      0|  0|  11|          11|           7|
    |or_ln54_9_fu_2753_p2    |    or    |      0|  0|  11|          11|           4|
    |or_ln54_fu_2626_p2      |    or    |      0|  0|  11|          11|           1|
    +------------------------+----------+-------+---+----+------------+------------+
    |Total                   |          |      0|  0|2805|        2805|        1793|
    +------------------------+----------+-------+---+----+------------+------------+

    * Multiplexer: 
    +-------------------+------+-----------+-----+-----------+
    |        Name       |  LUT | Input Size| Bits| Total Bits|
    +-------------------+------+-----------+-----+-----------+
    |a_coeffs_address0  |  1173|        257|   10|       2570|
    |a_coeffs_address1  |  1173|        257|   10|       2570|
    |a_coeffs_d0        |   545|        128|   32|       4096|
    |a_coeffs_d1        |   545|        128|   32|       4096|
    |ap_NS_fsm          |  1173|        257|    1|        257|
    +-------------------+------+-----------+-----+-----------+
    |Total              |  4609|       1027|   85|      13589|
    +-------------------+------+-----------+-----+-----------+

    * Register: 
    +-----------------------------+-----+----+-----+-----------+
    |             Name            |  FF | LUT| Bits| Const Bits|
    +-----------------------------+-----+----+-----+-----------+
    |a_coeffs_addr_1021_reg_6460  |    2|   0|   10|          8|
    |a_coeffs_addr_1022_reg_6465  |    2|   0|   10|          8|
    |a_coeffs_addr_1023_reg_6470  |    2|   0|   10|          8|
    |a_coeffs_addr_1024_reg_6475  |    2|   0|   10|          8|
    |a_coeffs_addr_1025_reg_6480  |    2|   0|   10|          8|
    |a_coeffs_addr_1026_reg_6495  |    2|   0|   10|          8|
    |a_coeffs_addr_1027_reg_6500  |    2|   0|   10|          8|
    |a_coeffs_addr_1028_reg_6515  |    2|   0|   10|          8|
    |a_coeffs_addr_1029_reg_6520  |    2|   0|   10|          8|
    |a_coeffs_addr_1030_reg_6535  |    2|   0|   10|          8|
    |a_coeffs_addr_1031_reg_6540  |    2|   0|   10|          8|
    |a_coeffs_addr_1032_reg_6555  |    2|   0|   10|          8|
    |a_coeffs_addr_1033_reg_6560  |    2|   0|   10|          8|
    |a_coeffs_addr_1034_reg_6575  |    2|   0|   10|          8|
    |a_coeffs_addr_1035_reg_6580  |    2|   0|   10|          8|
    |a_coeffs_addr_1036_reg_6595  |    2|   0|   10|          8|
    |a_coeffs_addr_1037_reg_6600  |    2|   0|   10|          8|
    |a_coeffs_addr_1038_reg_6615  |    2|   0|   10|          8|
    |a_coeffs_addr_1039_reg_6620  |    2|   0|   10|          8|
    |a_coeffs_addr_1040_reg_6635  |    2|   0|   10|          8|
    |a_coeffs_addr_1041_reg_6640  |    2|   0|   10|          8|
    |a_coeffs_addr_1042_reg_6655  |    2|   0|   10|          8|
    |a_coeffs_addr_1043_reg_6660  |    2|   0|   10|          8|
    |a_coeffs_addr_1044_reg_6675  |    2|   0|   10|          8|
    |a_coeffs_addr_1045_reg_6680  |    2|   0|   10|          8|
    |a_coeffs_addr_1046_reg_6695  |    2|   0|   10|          8|
    |a_coeffs_addr_1047_reg_6700  |    2|   0|   10|          8|
    |a_coeffs_addr_1048_reg_6715  |    2|   0|   10|          8|
    |a_coeffs_addr_1049_reg_6720  |    2|   0|   10|          8|
    |a_coeffs_addr_1050_reg_6735  |    2|   0|   10|          8|
    |a_coeffs_addr_1051_reg_6740  |    2|   0|   10|          8|
    |a_coeffs_addr_1052_reg_6755  |    2|   0|   10|          8|
    |a_coeffs_addr_1053_reg_6760  |    2|   0|   10|          8|
    |a_coeffs_addr_1054_reg_6775  |    2|   0|   10|          8|
    |a_coeffs_addr_1055_reg_6780  |    2|   0|   10|          8|
    |a_coeffs_addr_1056_reg_6795  |    2|   0|   10|          8|
    |a_coeffs_addr_1057_reg_6800  |    2|   0|   10|          8|
    |a_coeffs_addr_1058_reg_6815  |    2|   0|   10|          8|
    |a_coeffs_addr_1059_reg_6820  |    2|   0|   10|          8|
    |a_coeffs_addr_1060_reg_6835  |    2|   0|   10|          8|
    |a_coeffs_addr_1061_reg_6840  |    2|   0|   10|          8|
    |a_coeffs_addr_1062_reg_6855  |    2|   0|   10|          8|
    |a_coeffs_addr_1063_reg_6860  |    2|   0|   10|          8|
    |a_coeffs_addr_1064_reg_6875  |    2|   0|   10|          8|
    |a_coeffs_addr_1065_reg_6880  |    2|   0|   10|          8|
    |a_coeffs_addr_1066_reg_6895  |    2|   0|   10|          8|
    |a_coeffs_addr_1067_reg_6900  |    2|   0|   10|          8|
    |a_coeffs_addr_1068_reg_6915  |    2|   0|   10|          8|
    |a_coeffs_addr_1069_reg_6920  |    2|   0|   10|          8|
    |a_coeffs_addr_1070_reg_6935  |    2|   0|   10|          8|
    |a_coeffs_addr_1071_reg_6940  |    2|   0|   10|          8|
    |a_coeffs_addr_1072_reg_6955  |    2|   0|   10|          8|
    |a_coeffs_addr_1073_reg_6960  |    2|   0|   10|          8|
    |a_coeffs_addr_1074_reg_6975  |    2|   0|   10|          8|
    |a_coeffs_addr_1075_reg_6980  |    2|   0|   10|          8|
    |a_coeffs_addr_1076_reg_6995  |    2|   0|   10|          8|
    |a_coeffs_addr_1077_reg_7000  |    2|   0|   10|          8|
    |a_coeffs_addr_1078_reg_7015  |    2|   0|   10|          8|
    |a_coeffs_addr_1079_reg_7020  |    2|   0|   10|          8|
    |a_coeffs_addr_1080_reg_7035  |    2|   0|   10|          8|
    |a_coeffs_addr_1081_reg_7040  |    2|   0|   10|          8|
    |a_coeffs_addr_1082_reg_7055  |    2|   0|   10|          8|
    |a_coeffs_addr_1083_reg_7060  |    2|   0|   10|          8|
    |a_coeffs_addr_1084_reg_7075  |    2|   0|   10|          8|
    |a_coeffs_addr_1085_reg_7080  |    2|   0|   10|          8|
    |a_coeffs_addr_1086_reg_7095  |    2|   0|   10|          8|
    |a_coeffs_addr_1087_reg_7100  |    2|   0|   10|          8|
    |a_coeffs_addr_1088_reg_7115  |    2|   0|   10|          8|
    |a_coeffs_addr_1089_reg_7120  |    2|   0|   10|          8|
    |a_coeffs_addr_1090_reg_7135  |    2|   0|   10|          8|
    |a_coeffs_addr_1091_reg_7140  |    2|   0|   10|          8|
    |a_coeffs_addr_1092_reg_7155  |    2|   0|   10|          8|
    |a_coeffs_addr_1093_reg_7160  |    2|   0|   10|          8|
    |a_coeffs_addr_1094_reg_7175  |    2|   0|   10|          8|
    |a_coeffs_addr_1095_reg_7180  |    2|   0|   10|          8|
    |a_coeffs_addr_1096_reg_7195  |    2|   0|   10|          8|
    |a_coeffs_addr_1097_reg_7200  |    2|   0|   10|          8|
    |a_coeffs_addr_1098_reg_7215  |    2|   0|   10|          8|
    |a_coeffs_addr_1099_reg_7220  |    2|   0|   10|          8|
    |a_coeffs_addr_1100_reg_7235  |    2|   0|   10|          8|
    |a_coeffs_addr_1101_reg_7240  |    2|   0|   10|          8|
    |a_coeffs_addr_1102_reg_7255  |    2|   0|   10|          8|
    |a_coeffs_addr_1103_reg_7260  |    2|   0|   10|          8|
    |a_coeffs_addr_1104_reg_7275  |    2|   0|   10|          8|
    |a_coeffs_addr_1105_reg_7280  |    2|   0|   10|          8|
    |a_coeffs_addr_1106_reg_7295  |    2|   0|   10|          8|
    |a_coeffs_addr_1107_reg_7300  |    2|   0|   10|          8|
    |a_coeffs_addr_1108_reg_7315  |    2|   0|   10|          8|
    |a_coeffs_addr_1109_reg_7320  |    2|   0|   10|          8|
    |a_coeffs_addr_1110_reg_7335  |    2|   0|   10|          8|
    |a_coeffs_addr_1111_reg_7340  |    2|   0|   10|          8|
    |a_coeffs_addr_1112_reg_7355  |    2|   0|   10|          8|
    |a_coeffs_addr_1113_reg_7360  |    2|   0|   10|          8|
    |a_coeffs_addr_1114_reg_7375  |    2|   0|   10|          8|
    |a_coeffs_addr_1115_reg_7380  |    2|   0|   10|          8|
    |a_coeffs_addr_1116_reg_7395  |    2|   0|   10|          8|
    |a_coeffs_addr_1117_reg_7400  |    2|   0|   10|          8|
    |a_coeffs_addr_1118_reg_7415  |    2|   0|   10|          8|
    |a_coeffs_addr_1119_reg_7420  |    2|   0|   10|          8|
    |a_coeffs_addr_1120_reg_7435  |    2|   0|   10|          8|
    |a_coeffs_addr_1121_reg_7440  |    2|   0|   10|          8|
    |a_coeffs_addr_1122_reg_7455  |    2|   0|   10|          8|
    |a_coeffs_addr_1123_reg_7460  |    2|   0|   10|          8|
    |a_coeffs_addr_1124_reg_7475  |    2|   0|   10|          8|
    |a_coeffs_addr_1125_reg_7480  |    2|   0|   10|          8|
    |a_coeffs_addr_1126_reg_7495  |    2|   0|   10|          8|
    |a_coeffs_addr_1127_reg_7500  |    2|   0|   10|          8|
    |a_coeffs_addr_1128_reg_7515  |    2|   0|   10|          8|
    |a_coeffs_addr_1129_reg_7520  |    2|   0|   10|          8|
    |a_coeffs_addr_1130_reg_7535  |    2|   0|   10|          8|
    |a_coeffs_addr_1131_reg_7540  |    2|   0|   10|          8|
    |a_coeffs_addr_1132_reg_7555  |    2|   0|   10|          8|
    |a_coeffs_addr_1133_reg_7560  |    2|   0|   10|          8|
    |a_coeffs_addr_1134_reg_7575  |    2|   0|   10|          8|
    |a_coeffs_addr_1135_reg_7580  |    2|   0|   10|          8|
    |a_coeffs_addr_1136_reg_7595  |    2|   0|   10|          8|
    |a_coeffs_addr_1137_reg_7600  |    2|   0|   10|          8|
    |a_coeffs_addr_1138_reg_7615  |    2|   0|   10|          8|
    |a_coeffs_addr_1139_reg_7620  |    2|   0|   10|          8|
    |a_coeffs_addr_1140_reg_7635  |    2|   0|   10|          8|
    |a_coeffs_addr_1141_reg_7640  |    2|   0|   10|          8|
    |a_coeffs_addr_1142_reg_7655  |    2|   0|   10|          8|
    |a_coeffs_addr_1143_reg_7660  |    2|   0|   10|          8|
    |a_coeffs_addr_1144_reg_7675  |    2|   0|   10|          8|
    |a_coeffs_addr_1145_reg_7680  |    2|   0|   10|          8|
    |a_coeffs_addr_1146_reg_7695  |    2|   0|   10|          8|
    |a_coeffs_addr_1147_reg_7700  |    2|   0|   10|          8|
    |a_coeffs_addr_1148_reg_7715  |    2|   0|   10|          8|
    |a_coeffs_addr_1149_reg_7720  |    2|   0|   10|          8|
    |a_coeffs_addr_1150_reg_7735  |    2|   0|   10|          8|
    |a_coeffs_addr_1151_reg_7740  |    2|   0|   10|          8|
    |a_coeffs_addr_1152_reg_7755  |    2|   0|   10|          8|
    |a_coeffs_addr_1153_reg_7760  |    2|   0|   10|          8|
    |a_coeffs_addr_1154_reg_7775  |    2|   0|   10|          8|
    |a_coeffs_addr_1155_reg_7780  |    2|   0|   10|          8|
    |a_coeffs_addr_1156_reg_7795  |    2|   0|   10|          8|
    |a_coeffs_addr_1157_reg_7800  |    2|   0|   10|          8|
    |a_coeffs_addr_1158_reg_7815  |    2|   0|   10|          8|
    |a_coeffs_addr_1159_reg_7820  |    2|   0|   10|          8|
    |a_coeffs_addr_1160_reg_7835  |    2|   0|   10|          8|
    |a_coeffs_addr_1161_reg_7840  |    2|   0|   10|          8|
    |a_coeffs_addr_1162_reg_7855  |    2|   0|   10|          8|
    |a_coeffs_addr_1163_reg_7860  |    2|   0|   10|          8|
    |a_coeffs_addr_1164_reg_7875  |    2|   0|   10|          8|
    |a_coeffs_addr_1165_reg_7880  |    2|   0|   10|          8|
    |a_coeffs_addr_1166_reg_7895  |    2|   0|   10|          8|
    |a_coeffs_addr_1167_reg_7900  |    2|   0|   10|          8|
    |a_coeffs_addr_1168_reg_7915  |    2|   0|   10|          8|
    |a_coeffs_addr_1169_reg_7920  |    2|   0|   10|          8|
    |a_coeffs_addr_1170_reg_7935  |    2|   0|   10|          8|
    |a_coeffs_addr_1171_reg_7940  |    2|   0|   10|          8|
    |a_coeffs_addr_1172_reg_7955  |    2|   0|   10|          8|
    |a_coeffs_addr_1173_reg_7960  |    2|   0|   10|          8|
    |a_coeffs_addr_1174_reg_7975  |    2|   0|   10|          8|
    |a_coeffs_addr_1175_reg_7980  |    2|   0|   10|          8|
    |a_coeffs_addr_1176_reg_7995  |    2|   0|   10|          8|
    |a_coeffs_addr_1177_reg_8000  |    2|   0|   10|          8|
    |a_coeffs_addr_1178_reg_8015  |    2|   0|   10|          8|
    |a_coeffs_addr_1179_reg_8020  |    2|   0|   10|          8|
    |a_coeffs_addr_1180_reg_8035  |    2|   0|   10|          8|
    |a_coeffs_addr_1181_reg_8040  |    2|   0|   10|          8|
    |a_coeffs_addr_1182_reg_8055  |    2|   0|   10|          8|
    |a_coeffs_addr_1183_reg_8060  |    2|   0|   10|          8|
    |a_coeffs_addr_1184_reg_8075  |    2|   0|   10|          8|
    |a_coeffs_addr_1185_reg_8080  |    2|   0|   10|          8|
    |a_coeffs_addr_1186_reg_8095  |    2|   0|   10|          8|
    |a_coeffs_addr_1187_reg_8100  |    2|   0|   10|          8|
    |a_coeffs_addr_1188_reg_8115  |    2|   0|   10|          8|
    |a_coeffs_addr_1189_reg_8120  |    2|   0|   10|          8|
    |a_coeffs_addr_1190_reg_8135  |    2|   0|   10|          8|
    |a_coeffs_addr_1191_reg_8140  |    2|   0|   10|          8|
    |a_coeffs_addr_1192_reg_8155  |    2|   0|   10|          8|
    |a_coeffs_addr_1193_reg_8160  |    2|   0|   10|          8|
    |a_coeffs_addr_1194_reg_8175  |    2|   0|   10|          8|
    |a_coeffs_addr_1195_reg_8180  |    2|   0|   10|          8|
    |a_coeffs_addr_1196_reg_8195  |    2|   0|   10|          8|
    |a_coeffs_addr_1197_reg_8200  |    2|   0|   10|          8|
    |a_coeffs_addr_1198_reg_8215  |    2|   0|   10|          8|
    |a_coeffs_addr_1199_reg_8220  |    2|   0|   10|          8|
    |a_coeffs_addr_1200_reg_8235  |    2|   0|   10|          8|
    |a_coeffs_addr_1201_reg_8240  |    2|   0|   10|          8|
    |a_coeffs_addr_1202_reg_8255  |    2|   0|   10|          8|
    |a_coeffs_addr_1203_reg_8260  |    2|   0|   10|          8|
    |a_coeffs_addr_1204_reg_8275  |    2|   0|   10|          8|
    |a_coeffs_addr_1205_reg_8280  |    2|   0|   10|          8|
    |a_coeffs_addr_1206_reg_8295  |    2|   0|   10|          8|
    |a_coeffs_addr_1207_reg_8300  |    2|   0|   10|          8|
    |a_coeffs_addr_1208_reg_8315  |    2|   0|   10|          8|
    |a_coeffs_addr_1209_reg_8320  |    2|   0|   10|          8|
    |a_coeffs_addr_1210_reg_8335  |    2|   0|   10|          8|
    |a_coeffs_addr_1211_reg_8340  |    2|   0|   10|          8|
    |a_coeffs_addr_1212_reg_8355  |    2|   0|   10|          8|
    |a_coeffs_addr_1213_reg_8360  |    2|   0|   10|          8|
    |a_coeffs_addr_1214_reg_8375  |    2|   0|   10|          8|
    |a_coeffs_addr_1215_reg_8380  |    2|   0|   10|          8|
    |a_coeffs_addr_1216_reg_8395  |    2|   0|   10|          8|
    |a_coeffs_addr_1217_reg_8400  |    2|   0|   10|          8|
    |a_coeffs_addr_1218_reg_8415  |    2|   0|   10|          8|
    |a_coeffs_addr_1219_reg_8420  |    2|   0|   10|          8|
    |a_coeffs_addr_1220_reg_8435  |    2|   0|   10|          8|
    |a_coeffs_addr_1221_reg_8440  |    2|   0|   10|          8|
    |a_coeffs_addr_1222_reg_8455  |    2|   0|   10|          8|
    |a_coeffs_addr_1223_reg_8460  |    2|   0|   10|          8|
    |a_coeffs_addr_1224_reg_8475  |    2|   0|   10|          8|
    |a_coeffs_addr_1225_reg_8480  |    2|   0|   10|          8|
    |a_coeffs_addr_1226_reg_8495  |    2|   0|   10|          8|
    |a_coeffs_addr_1227_reg_8500  |    2|   0|   10|          8|
    |a_coeffs_addr_1228_reg_8515  |    2|   0|   10|          8|
    |a_coeffs_addr_1229_reg_8520  |    2|   0|   10|          8|
    |a_coeffs_addr_1230_reg_8535  |    2|   0|   10|          8|
    |a_coeffs_addr_1231_reg_8540  |    2|   0|   10|          8|
    |a_coeffs_addr_1232_reg_8555  |    2|   0|   10|          8|
    |a_coeffs_addr_1233_reg_8560  |    2|   0|   10|          8|
    |a_coeffs_addr_1234_reg_8575  |    2|   0|   10|          8|
    |a_coeffs_addr_1235_reg_8580  |    2|   0|   10|          8|
    |a_coeffs_addr_1236_reg_8595  |    2|   0|   10|          8|
    |a_coeffs_addr_1237_reg_8600  |    2|   0|   10|          8|
    |a_coeffs_addr_1238_reg_8615  |    2|   0|   10|          8|
    |a_coeffs_addr_1239_reg_8620  |    2|   0|   10|          8|
    |a_coeffs_addr_1240_reg_8635  |    2|   0|   10|          8|
    |a_coeffs_addr_1241_reg_8640  |    2|   0|   10|          8|
    |a_coeffs_addr_1242_reg_8655  |    2|   0|   10|          8|
    |a_coeffs_addr_1243_reg_8660  |    2|   0|   10|          8|
    |a_coeffs_addr_1244_reg_8675  |    2|   0|   10|          8|
    |a_coeffs_addr_1245_reg_8680  |    2|   0|   10|          8|
    |a_coeffs_addr_1246_reg_8695  |    2|   0|   10|          8|
    |a_coeffs_addr_1247_reg_8700  |    2|   0|   10|          8|
    |a_coeffs_addr_1248_reg_8715  |    2|   0|   10|          8|
    |a_coeffs_addr_1249_reg_8720  |    2|   0|   10|          8|
    |a_coeffs_addr_1250_reg_8735  |    2|   0|   10|          8|
    |a_coeffs_addr_1251_reg_8740  |    2|   0|   10|          8|
    |a_coeffs_addr_1252_reg_8755  |    2|   0|   10|          8|
    |a_coeffs_addr_1253_reg_8760  |    2|   0|   10|          8|
    |a_coeffs_addr_1254_reg_8775  |    2|   0|   10|          8|
    |a_coeffs_addr_1255_reg_8780  |    2|   0|   10|          8|
    |a_coeffs_addr_1256_reg_8795  |    2|   0|   10|          8|
    |a_coeffs_addr_1257_reg_8800  |    2|   0|   10|          8|
    |a_coeffs_addr_1258_reg_8815  |    2|   0|   10|          8|
    |a_coeffs_addr_1259_reg_8820  |    2|   0|   10|          8|
    |a_coeffs_addr_1260_reg_8835  |    2|   0|   10|          8|
    |a_coeffs_addr_1261_reg_8840  |    2|   0|   10|          8|
    |a_coeffs_addr_1262_reg_8855  |    2|   0|   10|          8|
    |a_coeffs_addr_1263_reg_8860  |    2|   0|   10|          8|
    |a_coeffs_addr_1264_reg_8875  |    2|   0|   10|          8|
    |a_coeffs_addr_1265_reg_8880  |    2|   0|   10|          8|
    |a_coeffs_addr_1266_reg_8895  |    2|   0|   10|          8|
    |a_coeffs_addr_1267_reg_8900  |    2|   0|   10|          8|
    |a_coeffs_addr_1268_reg_8915  |    2|   0|   10|          8|
    |a_coeffs_addr_1269_reg_8920  |    2|   0|   10|          8|
    |a_coeffs_addr_1270_reg_8935  |    2|   0|   10|          8|
    |a_coeffs_addr_1271_reg_8940  |    2|   0|   10|          8|
    |a_coeffs_addr_1272_reg_8955  |    2|   0|   10|          8|
    |a_coeffs_addr_1273_reg_8960  |    2|   0|   10|          8|
    |a_coeffs_addr_1274_reg_8975  |    2|   0|   10|          8|
    |a_coeffs_addr_1275_reg_8980  |    2|   0|   10|          8|
    |a_coeffs_addr_reg_6455       |    2|   0|   10|          8|
    |ap_CS_fsm                    |  256|   0|  256|          0|
    |reg_2603                     |   32|   0|   32|          0|
    |reg_2608                     |   32|   0|   32|          0|
    |tmp_100_reg_7465             |   32|   0|   32|          0|
    |tmp_101_reg_7470             |   32|   0|   32|          0|
    |tmp_102_reg_7485             |   32|   0|   32|          0|
    |tmp_103_reg_7490             |   32|   0|   32|          0|
    |tmp_104_reg_7505             |   32|   0|   32|          0|
    |tmp_105_reg_7510             |   32|   0|   32|          0|
    |tmp_106_reg_7525             |   32|   0|   32|          0|
    |tmp_107_reg_7530             |   32|   0|   32|          0|
    |tmp_108_reg_7545             |   32|   0|   32|          0|
    |tmp_109_reg_7550             |   32|   0|   32|          0|
    |tmp_10_reg_6565              |   32|   0|   32|          0|
    |tmp_110_reg_7565             |   32|   0|   32|          0|
    |tmp_111_reg_7570             |   32|   0|   32|          0|
    |tmp_112_reg_7585             |   32|   0|   32|          0|
    |tmp_113_reg_7590             |   32|   0|   32|          0|
    |tmp_114_reg_7605             |   32|   0|   32|          0|
    |tmp_115_reg_7610             |   32|   0|   32|          0|
    |tmp_116_reg_7625             |   32|   0|   32|          0|
    |tmp_117_reg_7630             |   32|   0|   32|          0|
    |tmp_118_reg_7645             |   32|   0|   32|          0|
    |tmp_119_reg_7650             |   32|   0|   32|          0|
    |tmp_11_reg_6570              |   32|   0|   32|          0|
    |tmp_120_reg_7665             |   32|   0|   32|          0|
    |tmp_121_reg_7670             |   32|   0|   32|          0|
    |tmp_122_reg_7685             |   32|   0|   32|          0|
    |tmp_123_reg_7690             |   32|   0|   32|          0|
    |tmp_124_reg_7705             |   32|   0|   32|          0|
    |tmp_125_reg_7710             |   32|   0|   32|          0|
    |tmp_126_reg_7725             |   32|   0|   32|          0|
    |tmp_127_reg_7730             |   32|   0|   32|          0|
    |tmp_128_reg_7745             |   32|   0|   32|          0|
    |tmp_129_reg_7750             |   32|   0|   32|          0|
    |tmp_12_reg_6585              |   32|   0|   32|          0|
    |tmp_130_reg_7765             |   32|   0|   32|          0|
    |tmp_131_reg_7770             |   32|   0|   32|          0|
    |tmp_132_reg_7785             |   32|   0|   32|          0|
    |tmp_133_reg_7790             |   32|   0|   32|          0|
    |tmp_134_reg_7805             |   32|   0|   32|          0|
    |tmp_135_reg_7810             |   32|   0|   32|          0|
    |tmp_136_reg_7825             |   32|   0|   32|          0|
    |tmp_137_reg_7830             |   32|   0|   32|          0|
    |tmp_138_reg_7845             |   32|   0|   32|          0|
    |tmp_139_reg_7850             |   32|   0|   32|          0|
    |tmp_13_reg_6590              |   32|   0|   32|          0|
    |tmp_140_reg_7865             |   32|   0|   32|          0|
    |tmp_141_reg_7870             |   32|   0|   32|          0|
    |tmp_142_reg_7885             |   32|   0|   32|          0|
    |tmp_143_reg_7890             |   32|   0|   32|          0|
    |tmp_144_reg_7905             |   32|   0|   32|          0|
    |tmp_145_reg_7910             |   32|   0|   32|          0|
    |tmp_146_reg_7925             |   32|   0|   32|          0|
    |tmp_147_reg_7930             |   32|   0|   32|          0|
    |tmp_148_reg_7945             |   32|   0|   32|          0|
    |tmp_149_reg_7950             |   32|   0|   32|          0|
    |tmp_14_reg_6605              |   32|   0|   32|          0|
    |tmp_150_reg_7965             |   32|   0|   32|          0|
    |tmp_151_reg_7970             |   32|   0|   32|          0|
    |tmp_152_reg_7985             |   32|   0|   32|          0|
    |tmp_153_reg_7990             |   32|   0|   32|          0|
    |tmp_154_reg_8005             |   32|   0|   32|          0|
    |tmp_155_reg_8010             |   32|   0|   32|          0|
    |tmp_156_reg_8025             |   32|   0|   32|          0|
    |tmp_157_reg_8030             |   32|   0|   32|          0|
    |tmp_158_reg_8045             |   32|   0|   32|          0|
    |tmp_159_reg_8050             |   32|   0|   32|          0|
    |tmp_15_reg_6610              |   32|   0|   32|          0|
    |tmp_160_reg_8065             |   32|   0|   32|          0|
    |tmp_161_reg_8070             |   32|   0|   32|          0|
    |tmp_162_reg_8085             |   32|   0|   32|          0|
    |tmp_163_reg_8090             |   32|   0|   32|          0|
    |tmp_164_reg_8105             |   32|   0|   32|          0|
    |tmp_165_reg_8110             |   32|   0|   32|          0|
    |tmp_166_reg_8125             |   32|   0|   32|          0|
    |tmp_167_reg_8130             |   32|   0|   32|          0|
    |tmp_168_reg_8145             |   32|   0|   32|          0|
    |tmp_169_reg_8150             |   32|   0|   32|          0|
    |tmp_16_reg_6625              |   32|   0|   32|          0|
    |tmp_170_reg_8165             |   32|   0|   32|          0|
    |tmp_171_reg_8170             |   32|   0|   32|          0|
    |tmp_172_reg_8185             |   32|   0|   32|          0|
    |tmp_173_reg_8190             |   32|   0|   32|          0|
    |tmp_174_reg_8205             |   32|   0|   32|          0|
    |tmp_175_reg_8210             |   32|   0|   32|          0|
    |tmp_176_reg_8225             |   32|   0|   32|          0|
    |tmp_177_reg_8230             |   32|   0|   32|          0|
    |tmp_178_reg_8245             |   32|   0|   32|          0|
    |tmp_179_reg_8250             |   32|   0|   32|          0|
    |tmp_17_reg_6630              |   32|   0|   32|          0|
    |tmp_180_reg_8265             |   32|   0|   32|          0|
    |tmp_181_reg_8270             |   32|   0|   32|          0|
    |tmp_182_reg_8285             |   32|   0|   32|          0|
    |tmp_183_reg_8290             |   32|   0|   32|          0|
    |tmp_184_reg_8305             |   32|   0|   32|          0|
    |tmp_185_reg_8310             |   32|   0|   32|          0|
    |tmp_186_reg_8325             |   32|   0|   32|          0|
    |tmp_187_reg_8330             |   32|   0|   32|          0|
    |tmp_188_reg_8345             |   32|   0|   32|          0|
    |tmp_189_reg_8350             |   32|   0|   32|          0|
    |tmp_18_reg_6645              |   32|   0|   32|          0|
    |tmp_190_reg_8365             |   32|   0|   32|          0|
    |tmp_191_reg_8370             |   32|   0|   32|          0|
    |tmp_192_reg_8385             |   32|   0|   32|          0|
    |tmp_193_reg_8390             |   32|   0|   32|          0|
    |tmp_194_reg_8405             |   32|   0|   32|          0|
    |tmp_195_reg_8410             |   32|   0|   32|          0|
    |tmp_196_reg_8425             |   32|   0|   32|          0|
    |tmp_197_reg_8430             |   32|   0|   32|          0|
    |tmp_198_reg_8445             |   32|   0|   32|          0|
    |tmp_199_reg_8450             |   32|   0|   32|          0|
    |tmp_19_reg_6650              |   32|   0|   32|          0|
    |tmp_200_reg_8465             |   32|   0|   32|          0|
    |tmp_201_reg_8470             |   32|   0|   32|          0|
    |tmp_202_reg_8485             |   32|   0|   32|          0|
    |tmp_203_reg_8490             |   32|   0|   32|          0|
    |tmp_204_reg_8505             |   32|   0|   32|          0|
    |tmp_205_reg_8510             |   32|   0|   32|          0|
    |tmp_206_reg_8525             |   32|   0|   32|          0|
    |tmp_207_reg_8530             |   32|   0|   32|          0|
    |tmp_208_reg_8545             |   32|   0|   32|          0|
    |tmp_209_reg_8550             |   32|   0|   32|          0|
    |tmp_20_reg_6665              |   32|   0|   32|          0|
    |tmp_2109_reg_6197            |    3|   0|   11|          8|
    |tmp_210_reg_8565             |   32|   0|   32|          0|
    |tmp_211_reg_8570             |   32|   0|   32|          0|
    |tmp_212_reg_8585             |   32|   0|   32|          0|
    |tmp_213_reg_8590             |   32|   0|   32|          0|
    |tmp_214_reg_8605             |   32|   0|   32|          0|
    |tmp_215_reg_8610             |   32|   0|   32|          0|
    |tmp_216_reg_8625             |   32|   0|   32|          0|
    |tmp_217_reg_8630             |   32|   0|   32|          0|
    |tmp_218_reg_8645             |   32|   0|   32|          0|
    |tmp_219_reg_8650             |   32|   0|   32|          0|
    |tmp_21_reg_6670              |   32|   0|   32|          0|
    |tmp_220_reg_8665             |   32|   0|   32|          0|
    |tmp_221_reg_8670             |   32|   0|   32|          0|
    |tmp_222_reg_8685             |   32|   0|   32|          0|
    |tmp_223_reg_8690             |   32|   0|   32|          0|
    |tmp_224_reg_8705             |   32|   0|   32|          0|
    |tmp_225_reg_8710             |   32|   0|   32|          0|
    |tmp_226_reg_8725             |   32|   0|   32|          0|
    |tmp_227_reg_8730             |   32|   0|   32|          0|
    |tmp_228_reg_8745             |   32|   0|   32|          0|
    |tmp_229_reg_8750             |   32|   0|   32|          0|
    |tmp_22_reg_6685              |   32|   0|   32|          0|
    |tmp_230_reg_8765             |   32|   0|   32|          0|
    |tmp_231_reg_8770             |   32|   0|   32|          0|
    |tmp_232_reg_8785             |   32|   0|   32|          0|
    |tmp_233_reg_8790             |   32|   0|   32|          0|
    |tmp_234_reg_8805             |   32|   0|   32|          0|
    |tmp_235_reg_8810             |   32|   0|   32|          0|
    |tmp_236_reg_8825             |   32|   0|   32|          0|
    |tmp_237_reg_8830             |   32|   0|   32|          0|
    |tmp_238_reg_8845             |   32|   0|   32|          0|
    |tmp_239_reg_8850             |   32|   0|   32|          0|
    |tmp_23_reg_6690              |   32|   0|   32|          0|
    |tmp_240_reg_8865             |   32|   0|   32|          0|
    |tmp_241_reg_8870             |   32|   0|   32|          0|
    |tmp_242_reg_8885             |   32|   0|   32|          0|
    |tmp_243_reg_8890             |   32|   0|   32|          0|
    |tmp_244_reg_8905             |   32|   0|   32|          0|
    |tmp_245_reg_8910             |   32|   0|   32|          0|
    |tmp_246_reg_8925             |   32|   0|   32|          0|
    |tmp_247_reg_8930             |   32|   0|   32|          0|
    |tmp_248_reg_8945             |   32|   0|   32|          0|
    |tmp_249_reg_8950             |   32|   0|   32|          0|
    |tmp_24_reg_6705              |   32|   0|   32|          0|
    |tmp_250_reg_8965             |   32|   0|   32|          0|
    |tmp_251_reg_8970             |   32|   0|   32|          0|
    |tmp_252_reg_8985             |   32|   0|   32|          0|
    |tmp_253_reg_8990             |   32|   0|   32|          0|
    |tmp_25_reg_6710              |   32|   0|   32|          0|
    |tmp_26_reg_6725              |   32|   0|   32|          0|
    |tmp_27_reg_6730              |   32|   0|   32|          0|
    |tmp_28_reg_6745              |   32|   0|   32|          0|
    |tmp_29_reg_6750              |   32|   0|   32|          0|
    |tmp_2_reg_6485               |   32|   0|   32|          0|
    |tmp_30_reg_6765              |   32|   0|   32|          0|
    |tmp_31_reg_6770              |   32|   0|   32|          0|
    |tmp_32_reg_6785              |   32|   0|   32|          0|
    |tmp_33_reg_6790              |   32|   0|   32|          0|
    |tmp_34_reg_6805              |   32|   0|   32|          0|
    |tmp_35_reg_6810              |   32|   0|   32|          0|
    |tmp_36_reg_6825              |   32|   0|   32|          0|
    |tmp_37_reg_6830              |   32|   0|   32|          0|
    |tmp_38_reg_6845              |   32|   0|   32|          0|
    |tmp_39_reg_6850              |   32|   0|   32|          0|
    |tmp_3_reg_6490               |   32|   0|   32|          0|
    |tmp_40_reg_6865              |   32|   0|   32|          0|
    |tmp_41_reg_6870              |   32|   0|   32|          0|
    |tmp_42_reg_6885              |   32|   0|   32|          0|
    |tmp_43_reg_6890              |   32|   0|   32|          0|
    |tmp_44_reg_6905              |   32|   0|   32|          0|
    |tmp_45_reg_6910              |   32|   0|   32|          0|
    |tmp_46_reg_6925              |   32|   0|   32|          0|
    |tmp_47_reg_6930              |   32|   0|   32|          0|
    |tmp_48_reg_6945              |   32|   0|   32|          0|
    |tmp_49_reg_6950              |   32|   0|   32|          0|
    |tmp_4_reg_6505               |   32|   0|   32|          0|
    |tmp_50_reg_6965              |   32|   0|   32|          0|
    |tmp_51_reg_6970              |   32|   0|   32|          0|
    |tmp_52_reg_6985              |   32|   0|   32|          0|
    |tmp_53_reg_6990              |   32|   0|   32|          0|
    |tmp_54_reg_7005              |   32|   0|   32|          0|
    |tmp_55_reg_7010              |   32|   0|   32|          0|
    |tmp_56_reg_7025              |   32|   0|   32|          0|
    |tmp_57_reg_7030              |   32|   0|   32|          0|
    |tmp_58_reg_7045              |   32|   0|   32|          0|
    |tmp_59_reg_7050              |   32|   0|   32|          0|
    |tmp_5_reg_6510               |   32|   0|   32|          0|
    |tmp_60_reg_7065              |   32|   0|   32|          0|
    |tmp_61_reg_7070              |   32|   0|   32|          0|
    |tmp_62_reg_7085              |   32|   0|   32|          0|
    |tmp_63_reg_7090              |   32|   0|   32|          0|
    |tmp_64_reg_7105              |   32|   0|   32|          0|
    |tmp_65_reg_7110              |   32|   0|   32|          0|
    |tmp_66_reg_7125              |   32|   0|   32|          0|
    |tmp_67_reg_7130              |   32|   0|   32|          0|
    |tmp_68_reg_7145              |   32|   0|   32|          0|
    |tmp_69_reg_7150              |   32|   0|   32|          0|
    |tmp_6_reg_6525               |   32|   0|   32|          0|
    |tmp_70_reg_7165              |   32|   0|   32|          0|
    |tmp_71_reg_7170              |   32|   0|   32|          0|
    |tmp_72_reg_7185              |   32|   0|   32|          0|
    |tmp_73_reg_7190              |   32|   0|   32|          0|
    |tmp_74_reg_7205              |   32|   0|   32|          0|
    |tmp_75_reg_7210              |   32|   0|   32|          0|
    |tmp_76_reg_7225              |   32|   0|   32|          0|
    |tmp_77_reg_7230              |   32|   0|   32|          0|
    |tmp_78_reg_7245              |   32|   0|   32|          0|
    |tmp_79_reg_7250              |   32|   0|   32|          0|
    |tmp_7_reg_6530               |   32|   0|   32|          0|
    |tmp_80_reg_7265              |   32|   0|   32|          0|
    |tmp_81_reg_7270              |   32|   0|   32|          0|
    |tmp_82_reg_7285              |   32|   0|   32|          0|
    |tmp_83_reg_7290              |   32|   0|   32|          0|
    |tmp_84_reg_7305              |   32|   0|   32|          0|
    |tmp_85_reg_7310              |   32|   0|   32|          0|
    |tmp_86_reg_7325              |   32|   0|   32|          0|
    |tmp_87_reg_7330              |   32|   0|   32|          0|
    |tmp_88_reg_7345              |   32|   0|   32|          0|
    |tmp_89_reg_7350              |   32|   0|   32|          0|
    |tmp_8_reg_6545               |   32|   0|   32|          0|
    |tmp_90_reg_7365              |   32|   0|   32|          0|
    |tmp_91_reg_7370              |   32|   0|   32|          0|
    |tmp_92_reg_7385              |   32|   0|   32|          0|
    |tmp_93_reg_7390              |   32|   0|   32|          0|
    |tmp_94_reg_7405              |   32|   0|   32|          0|
    |tmp_95_reg_7410              |   32|   0|   32|          0|
    |tmp_96_reg_7425              |   32|   0|   32|          0|
    |tmp_97_reg_7430              |   32|   0|   32|          0|
    |tmp_98_reg_7445              |   32|   0|   32|          0|
    |tmp_99_reg_7450              |   32|   0|   32|          0|
    |tmp_9_reg_6550               |   32|   0|   32|          0|
    +-----------------------------+-----+----+-----+-----------+
    |Total                        | 8899|   0|10955|       2056|
    +-----------------------------+-----+----+-----+-----------+



================================================================
== Interface
================================================================
* Summary: 
+-------------------+-----+-----+------------+-----------------+--------------+
|     RTL Ports     | Dir | Bits|  Protocol  |  Source Object  |    C Type    |
+-------------------+-----+-----+------------+-----------------+--------------+
|ap_clk             |  in |    1| ap_ctrl_hs |    poly_caddq   | return value |
|ap_rst             |  in |    1| ap_ctrl_hs |    poly_caddq   | return value |
|ap_start           |  in |    1| ap_ctrl_hs |    poly_caddq   | return value |
|ap_done            | out |    1| ap_ctrl_hs |    poly_caddq   | return value |
|ap_idle            | out |    1| ap_ctrl_hs |    poly_caddq   | return value |
|ap_ready           | out |    1| ap_ctrl_hs |    poly_caddq   | return value |
|ap_ce              |  in |    1| ap_ctrl_hs |    poly_caddq   | return value |
|a_coeffs_address0  | out |   10|  ap_memory |     a_coeffs    |     array    |
|a_coeffs_ce0       | out |    1|  ap_memory |     a_coeffs    |     array    |
|a_coeffs_we0       | out |    1|  ap_memory |     a_coeffs    |     array    |
|a_coeffs_d0        | out |   32|  ap_memory |     a_coeffs    |     array    |
|a_coeffs_q0        |  in |   32|  ap_memory |     a_coeffs    |     array    |
|a_coeffs_address1  | out |   10|  ap_memory |     a_coeffs    |     array    |
|a_coeffs_ce1       | out |    1|  ap_memory |     a_coeffs    |     array    |
|a_coeffs_we1       | out |    1|  ap_memory |     a_coeffs    |     array    |
|a_coeffs_d1        | out |   32|  ap_memory |     a_coeffs    |     array    |
|a_coeffs_q1        |  in |   32|  ap_memory |     a_coeffs    |     array    |
|a_coeffs_offset    |  in |    3|   ap_none  | a_coeffs_offset |    scalar    |
+-------------------+-----+-----+------------+-----------------+--------------+

