

================================================================
== Vivado HLS Report for 'poly_challenge'
================================================================
* Date:           Mon Apr  3 23:36:01 2023

* Version:        2019.2 (Build 2704478 on Wed Nov 06 22:10:23 MST 2019)
* Project:        crypto_sign
* Solution:       solution1
* Product family: artix7
* Target device:  xc7a200t-fbg676-2


================================================================
== Performance Estimates
================================================================
+ Timing: 
    * Summary: 
    +--------+----------+----------+------------+
    |  Clock |  Target  | Estimated| Uncertainty|
    +--------+----------+----------+------------+
    |ap_clk  | 10.00 us | 9.975 ns |   1.25 us  |
    +--------+----------+----------+------------+

+ Latency: 
    * Summary: 
    +---------+---------+----------+----------+-----+-----+---------+
    |  Latency (cycles) |  Latency (absolute) |  Interval | Pipeline|
    |   min   |   max   |    min   |    max   | min | max |   Type  |
    +---------+---------+----------+----------+-----+-----+---------+
    |        ?|        ?|         ?|         ?|    ?|    ?|   none  |
    +---------+---------+----------+----------+-----+-----+---------+

    + Detail: 
        * Instance: 
        +---------------------------------+----------------------+---------+---------+----------+----------+-----+-----+---------+
        |                                 |                      |  Latency (cycles) |  Latency (absolute) |  Interval | Pipeline|
        |             Instance            |        Module        |   min   |   max   |    min   |    max   | min | max |   Type  |
        +---------------------------------+----------------------+---------+---------+----------+----------+-----+-----+---------+
        |grp_keccak_absorb_2_fu_273       |keccak_absorb_2       |        ?|        ?|         ?|         ?|    ?|    ?|   none  |
        |grp_keccak_squeezeblocks_fu_288  |keccak_squeezeblocks  |      241|      241| 2.410 ms | 2.410 ms |  241|  241|   none  |
        +---------------------------------+----------------------+---------+---------+----------+----------+-----+-----+---------+

        * Loop: 
        +-------------+---------+---------+----------+-----------+-----------+------+----------+
        |             |  Latency (cycles) | Iteration|  Initiation Interval  | Trip |          |
        |  Loop Name  |   min   |   max   |  Latency |  achieved |   target  | Count| Pipelined|
        +-------------+---------+---------+----------+-----------+-----------+------+----------+
        |- Loop 1     |       25|       25|         1|          -|          -|    25|    no    |
        |- Loop 2     |       16|       16|         2|          -|          -|     8|    no    |
        |- Loop 3     |      256|      256|         1|          -|          -|   256|    no    |
        |- Loop 4     |        ?|        ?|         ?|          -|          -|    39|    no    |
        | + Loop 4.1  |        ?|        ?|  4 ~ 245 |          -|          -|     ?|    no    |
        +-------------+---------+---------+----------+-----------+-----------+------+----------+



================================================================
== Utilization Estimates
================================================================
* Summary: 
+-----------------+---------+-------+--------+--------+-----+
|       Name      | BRAM_18K| DSP48E|   FF   |   LUT  | URAM|
+-----------------+---------+-------+--------+--------+-----+
|DSP              |        -|      -|       -|       -|    -|
|Expression       |        -|      -|       0|     747|    -|
|FIFO             |        -|      -|       -|       -|    -|
|Instance         |        4|      -|    8495|   37418|    0|
|Memory           |        5|      -|       0|       0|    0|
|Multiplexer      |        -|      -|       -|     444|    -|
|Register         |        -|      -|     427|       -|    -|
+-----------------+---------+-------+--------+--------+-----+
|Total            |        9|      0|    8922|   38609|    0|
+-----------------+---------+-------+--------+--------+-----+
|Available        |      730|    740|  269200|  134600|    0|
+-----------------+---------+-------+--------+--------+-----+
|Utilization (%)  |        1|      0|       3|      28|    0|
+-----------------+---------+-------+--------+--------+-----+

+ Detail: 
    * Instance: 
    +---------------------------------+----------------------+---------+-------+------+-------+-----+
    |             Instance            |        Module        | BRAM_18K| DSP48E|  FF  |  LUT  | URAM|
    +---------------------------------+----------------------+---------+-------+------+-------+-----+
    |grp_keccak_absorb_2_fu_273       |keccak_absorb_2       |        2|      0|  5286|  20150|    0|
    |grp_keccak_squeezeblocks_fu_288  |keccak_squeezeblocks  |        2|      0|  3209|  17268|    0|
    +---------------------------------+----------------------+---------+-------+------+-------+-----+
    |Total                            |                      |        4|      0|  8495|  37418|    0|
    +---------------------------------+----------------------+---------+-------+------+-------+-----+

    * DSP48E: 
    N/A

    * Memory: 
    +-----------+----------------------+---------+---+----+-----+------+-----+------+-------------+
    |   Memory  |        Module        | BRAM_18K| FF| LUT| URAM| Words| Bits| Banks| W*Bits*Banks|
    +-----------+----------------------+---------+---+----+-----+------+-----+------+-------------+
    |buf_U      |poly_challenge_buf    |        1|  0|   0|    0|   136|    8|     1|         1088|
    |state_s_U  |poly_uniform_statdEe  |        4|  0|   0|    0|    25|   64|     1|         1600|
    +-----------+----------------------+---------+---+----+-----+------+-----+------+-------------+
    |Total      |                      |        5|  0|   0|    0|   161|   72|     2|         2688|
    +-----------+----------------------+---------+---+----+-----+------+-----+------+-------------+

    * FIFO: 
    N/A

    * Expression: 
    +----------------------------------+----------+-------+---+-----+------------+------------+
    |           Variable Name          | Operation| DSP48E| FF| LUT | Bitwidth P0| Bitwidth P1|
    +----------------------------------+----------+-------+---+-----+------------+------------+
    |i_24_fu_302_p2                    |     +    |      0|  0|   15|           5|           1|
    |i_25_fu_418_p2                    |     +    |      0|  0|   16|           9|           1|
    |i_26_fu_490_p2                    |     +    |      0|  0|   16|           1|           9|
    |i_fu_369_p2                       |     +    |      0|  0|   13|           4|           1|
    |pos_fu_441_p2                     |     +    |      0|  0|   39|          32|           1|
    |sub_ln540_fu_503_p2               |     -    |      0|  0|   10|           1|           2|
    |ap_block_state15_on_subcall_done  |    and   |      0|  0|    2|           1|           1|
    |icmp_ln362_fu_296_p2              |   icmp   |      0|  0|   11|           5|           4|
    |icmp_ln523_fu_363_p2              |   icmp   |      0|  0|   11|           4|           5|
    |icmp_ln527_fu_412_p2              |   icmp   |      0|  0|   13|           9|          10|
    |icmp_ln529_fu_429_p2              |   icmp   |      0|  0|   13|           9|          10|
    |icmp_ln531_fu_435_p2              |   icmp   |      0|  0|   18|          32|           8|
    |icmp_ln537_fu_456_p2              |   icmp   |      0|  0|   13|           9|           9|
    |signs_fu_406_p2                   |    or    |      0|  0|   64|          64|          64|
    |shl_ln450_fu_343_p2               |    shl   |      0|  0|  182|           5|          64|
    |shl_ln524_fu_400_p2               |    shl   |      0|  0|  182|          64|          64|
    |xor_ln450_fu_349_p2               |    xor   |      0|  0|   64|          64|          64|
    |xor_ln451_fu_356_p2               |    xor   |      0|  0|   65|          64|          65|
    +----------------------------------+----------+-------+---+-----+------------+------------+
    |Total                             |          |      0|  0|  747|         382|         383|
    +----------------------------------+----------+-------+---+-----+------------+------------+

    * Multiplexer: 
    +-------------------+----+-----------+-----+-----------+
    |        Name       | LUT| Input Size| Bits| Total Bits|
    +-------------------+----+-----------+-----+-----------+
    |ap_NS_fsm          |  97|         20|    1|         20|
    |buf_address0       |  21|          4|    8|         32|
    |buf_ce0            |  15|          3|    1|          3|
    |buf_we0            |   9|          2|    1|          2|
    |c_coeffs_address0  |  27|          5|    8|         40|
    |c_coeffs_d0        |  21|          4|   32|        128|
    |i_0_i_i_reg_169    |   9|          2|    5|         10|
    |i_0_reg_180        |   9|          2|    4|          8|
    |i_1_reg_204        |   9|          2|    9|         18|
    |i_2_reg_215        |   9|          2|    9|         18|
    |pos_0_reg_227      |   9|          2|   32|         64|
    |pos_1_reg_250      |   9|          2|   32|         64|
    |pos_2_reg_261      |   9|          2|   32|         64|
    |signs_0_reg_192    |   9|          2|   64|        128|
    |signs_1_reg_239    |   9|          2|   64|        128|
    |state_s_address0   |  38|          7|    5|         35|
    |state_s_address1   |  15|          3|    5|         15|
    |state_s_ce0        |  21|          4|    1|          4|
    |state_s_ce1        |  15|          3|    1|          3|
    |state_s_d0         |  33|          6|   64|        384|
    |state_s_d1         |  15|          3|   64|        192|
    |state_s_we0        |  21|          4|    1|          4|
    |state_s_we1        |  15|          3|    1|          3|
    +-------------------+----+-----------+-----+-----------+
    |Total              | 444|         89|  444|       1367|
    +-------------------+----+-----------+-----+-----------+

    * Register: 
    +----------------------------------------------+----+----+-----+-----------+
    |                     Name                     | FF | LUT| Bits| Const Bits|
    +----------------------------------------------+----+----+-----+-----------+
    |ap_CS_fsm                                     |  19|   0|   19|          0|
    |c_coeffs_addr_1_reg_584                       |   8|   0|    8|          0|
    |grp_keccak_absorb_2_fu_273_ap_start_reg       |   1|   0|    1|          0|
    |grp_keccak_squeezeblocks_fu_288_ap_start_reg  |   1|   0|    1|          0|
    |i_0_i_i_reg_169                               |   5|   0|    5|          0|
    |i_0_reg_180                                   |   4|   0|    4|          0|
    |i_1_reg_204                                   |   9|   0|    9|          0|
    |i_26_reg_599                                  |   9|   0|    9|          0|
    |i_2_reg_215                                   |   9|   0|    9|          0|
    |i_reg_540                                     |   4|   0|    4|          0|
    |icmp_ln531_reg_566                            |   1|   0|    1|          0|
    |pos_0_reg_227                                 |  32|   0|   32|          0|
    |pos_1_reg_250                                 |  32|   0|   32|          0|
    |pos_2_reg_261                                 |  32|   0|   32|          0|
    |pos_reg_570                                   |  32|   0|   32|          0|
    |signs_0_reg_192                               |  64|   0|   64|          0|
    |signs_1_reg_239                               |  64|   0|   64|          0|
    |signs_3_reg_594                               |  63|   0|   64|          1|
    |state_pos_reg_522                             |  32|   0|   32|          0|
    |state_s_addr_reg_527                          |   5|   0|    5|          0|
    |trunc_ln540_reg_589                           |   1|   0|    1|          0|
    +----------------------------------------------+----+----+-----+-----------+
    |Total                                         | 427|   0|  428|          1|
    +----------------------------------------------+----+----+-----+-----------+



================================================================
== Interface
================================================================
* Summary: 
+-------------------+-----+-----+------------+----------------+--------------+
|     RTL Ports     | Dir | Bits|  Protocol  |  Source Object |    C Type    |
+-------------------+-----+-----+------------+----------------+--------------+
|ap_clk             |  in |    1| ap_ctrl_hs | poly_challenge | return value |
|ap_rst             |  in |    1| ap_ctrl_hs | poly_challenge | return value |
|ap_start           |  in |    1| ap_ctrl_hs | poly_challenge | return value |
|ap_done            | out |    1| ap_ctrl_hs | poly_challenge | return value |
|ap_idle            | out |    1| ap_ctrl_hs | poly_challenge | return value |
|ap_ready           | out |    1| ap_ctrl_hs | poly_challenge | return value |
|c_coeffs_address0  | out |    8|  ap_memory |    c_coeffs    |     array    |
|c_coeffs_ce0       | out |    1|  ap_memory |    c_coeffs    |     array    |
|c_coeffs_we0       | out |    1|  ap_memory |    c_coeffs    |     array    |
|c_coeffs_d0        | out |   32|  ap_memory |    c_coeffs    |     array    |
|c_coeffs_q0        |  in |   32|  ap_memory |    c_coeffs    |     array    |
|seed_address0      | out |   13|  ap_memory |      seed      |     array    |
|seed_ce0           | out |    1|  ap_memory |      seed      |     array    |
|seed_q0            |  in |    8|  ap_memory |      seed      |     array    |
+-------------------+-----+-----+------------+----------------+--------------+

