

================================================================
== Vivado HLS Report for 'polyz_pack'
================================================================
* Date:           Tue Apr  4 23:40:21 2023

* Version:        2019.2 (Build 2704478 on Wed Nov 06 22:10:23 MST 2019)
* Project:        crypto_sign
* Solution:       solution1
* Product family: artix7
* Target device:  xc7a200t-fbg676-2


================================================================
== Performance Estimates
================================================================
+ Timing: 
    * Summary: 
    +--------+----------+----------+------------+
    |  Clock |  Target  | Estimated| Uncertainty|
    +--------+----------+----------+------------+
    |ap_clk  | 10.00 us | 8.524 ns |   1.25 us  |
    +--------+----------+----------+------------+

+ Latency: 
    * Summary: 
    +---------+---------+----------+----------+-----+-----+---------+
    |  Latency (cycles) |  Latency (absolute) |  Interval | Pipeline|
    |   min   |   max   |    min   |    max   | min | max |   Type  |
    +---------+---------+----------+----------+-----+-----+---------+
    |      288|      288| 2.880 ms | 2.880 ms |  288|  288|   none  |
    +---------+---------+----------+----------+-----+-----+---------+

    + Detail: 
        * Instance: 
        N/A

        * Loop: 
        N/A



================================================================
== Utilization Estimates
================================================================
* Summary: 
+-----------------+---------+-------+--------+--------+-----+
|       Name      | BRAM_18K| DSP48E|   FF   |   LUT  | URAM|
+-----------------+---------+-------+--------+--------+-----+
|DSP              |        -|      -|       -|       -|    -|
|Expression       |        -|      -|       0|   15305|    -|
|FIFO             |        -|      -|       -|       -|    -|
|Instance         |        -|      -|       -|       -|    -|
|Memory           |        -|      -|       -|       -|    -|
|Multiplexer      |        -|      -|       -|    6282|    -|
|Register         |        -|      -|     367|       -|    -|
+-----------------+---------+-------+--------+--------+-----+
|Total            |        0|      0|     367|   21587|    0|
+-----------------+---------+-------+--------+--------+-----+
|Available        |      730|    740|  269200|  134600|    0|
+-----------------+---------+-------+--------+--------+-----+
|Utilization (%)  |        0|      0|   ~0   |      16|    0|
+-----------------+---------+-------+--------+--------+-----+

+ Detail: 
    * Instance: 
    N/A

    * DSP48E: 
    N/A

    * Memory: 
    N/A

    * FIFO: 
    N/A

    * Expression: 
    +--------------------------+----------+-------+---+-----+------------+------------+
    |       Variable Name      | Operation| DSP48E| FF| LUT | Bitwidth P0| Bitwidth P1|
    +--------------------------+----------+-------+---+-----+------------+------------+
    |add_ln817_10_fu_10860_p2  |     +    |      0|  0|   19|           7|          12|
    |add_ln817_11_fu_11068_p2  |     +    |      0|  0|   19|           7|          12|
    |add_ln817_12_fu_11276_p2  |     +    |      0|  0|   19|           7|          12|
    |add_ln817_13_fu_11484_p2  |     +    |      0|  0|   19|           7|          12|
    |add_ln817_14_fu_11692_p2  |     +    |      0|  0|   19|           8|          12|
    |add_ln817_15_fu_11900_p2  |     +    |      0|  0|   19|           8|          12|
    |add_ln817_16_fu_12108_p2  |     +    |      0|  0|   19|           8|          12|
    |add_ln817_17_fu_12316_p2  |     +    |      0|  0|   19|           8|          12|
    |add_ln817_18_fu_12524_p2  |     +    |      0|  0|   19|           8|          12|
    |add_ln817_19_fu_12732_p2  |     +    |      0|  0|   19|           8|          12|
    |add_ln817_1_fu_8988_p2    |     +    |      0|  0|   19|           5|          12|
    |add_ln817_20_fu_12940_p2  |     +    |      0|  0|   19|           8|          12|
    |add_ln817_21_fu_13148_p2  |     +    |      0|  0|   19|           8|          12|
    |add_ln817_22_fu_13356_p2  |     +    |      0|  0|   19|           8|          12|
    |add_ln817_23_fu_13564_p2  |     +    |      0|  0|   19|           8|          12|
    |add_ln817_24_fu_13772_p2  |     +    |      0|  0|   19|           8|          12|
    |add_ln817_25_fu_13980_p2  |     +    |      0|  0|   19|           8|          12|
    |add_ln817_26_fu_14188_p2  |     +    |      0|  0|   19|           8|          12|
    |add_ln817_27_fu_14396_p2  |     +    |      0|  0|   19|           8|          12|
    |add_ln817_28_fu_14604_p2  |     +    |      0|  0|   19|           9|          12|
    |add_ln817_29_fu_14812_p2  |     +    |      0|  0|   19|           9|          12|
    |add_ln817_2_fu_9196_p2    |     +    |      0|  0|   19|           5|          12|
    |add_ln817_30_fu_15020_p2  |     +    |      0|  0|   19|           9|          12|
    |add_ln817_31_fu_15228_p2  |     +    |      0|  0|   19|           9|          12|
    |add_ln817_32_fu_15436_p2  |     +    |      0|  0|   19|           9|          12|
    |add_ln817_33_fu_15644_p2  |     +    |      0|  0|   19|           9|          12|
    |add_ln817_34_fu_15852_p2  |     +    |      0|  0|   19|           9|          12|
    |add_ln817_35_fu_16060_p2  |     +    |      0|  0|   19|           9|          12|
    |add_ln817_36_fu_16268_p2  |     +    |      0|  0|   19|           9|          12|
    |add_ln817_37_fu_16476_p2  |     +    |      0|  0|   19|           9|          12|
    |add_ln817_38_fu_16684_p2  |     +    |      0|  0|   19|           9|          12|
    |add_ln817_39_fu_16892_p2  |     +    |      0|  0|   19|           9|          12|
    |add_ln817_3_fu_9404_p2    |     +    |      0|  0|   19|           6|          12|
    |add_ln817_40_fu_17100_p2  |     +    |      0|  0|   19|           9|          12|
    |add_ln817_41_fu_17308_p2  |     +    |      0|  0|   19|           9|          12|
    |add_ln817_42_fu_17516_p2  |     +    |      0|  0|   19|           9|          12|
    |add_ln817_43_fu_17724_p2  |     +    |      0|  0|   19|           9|          12|
    |add_ln817_44_fu_17932_p2  |     +    |      0|  0|   19|           9|          12|
    |add_ln817_45_fu_18140_p2  |     +    |      0|  0|   19|           9|          12|
    |add_ln817_46_fu_18348_p2  |     +    |      0|  0|   19|           9|          12|
    |add_ln817_47_fu_18556_p2  |     +    |      0|  0|   19|           9|          12|
    |add_ln817_48_fu_18764_p2  |     +    |      0|  0|   19|           9|          12|
    |add_ln817_49_fu_18972_p2  |     +    |      0|  0|   19|           9|          12|
    |add_ln817_4_fu_9612_p2    |     +    |      0|  0|   19|           6|          12|
    |add_ln817_50_fu_19180_p2  |     +    |      0|  0|   19|           9|          12|
    |add_ln817_51_fu_19388_p2  |     +    |      0|  0|   19|           9|          12|
    |add_ln817_52_fu_19596_p2  |     +    |      0|  0|   19|           9|          12|
    |add_ln817_53_fu_19804_p2  |     +    |      0|  0|   19|           9|          12|
    |add_ln817_54_fu_20012_p2  |     +    |      0|  0|   19|           9|          12|
    |add_ln817_55_fu_20220_p2  |     +    |      0|  0|   19|           9|          12|
    |add_ln817_56_fu_20428_p2  |     +    |      0|  0|   19|          10|          12|
    |add_ln817_57_fu_20636_p2  |     +    |      0|  0|   19|          10|          12|
    |add_ln817_58_fu_20844_p2  |     +    |      0|  0|   19|          10|          12|
    |add_ln817_59_fu_21052_p2  |     +    |      0|  0|   19|          10|          12|
    |add_ln817_5_fu_9820_p2    |     +    |      0|  0|   19|           6|          12|
    |add_ln817_60_fu_21260_p2  |     +    |      0|  0|   19|          10|          12|
    |add_ln817_61_fu_21468_p2  |     +    |      0|  0|   19|          10|          12|
    |add_ln817_62_fu_21676_p2  |     +    |      0|  0|   19|          10|          12|
    |add_ln817_6_fu_10028_p2   |     +    |      0|  0|   19|           6|          12|
    |add_ln817_7_fu_10236_p2   |     +    |      0|  0|   19|           7|          12|
    |add_ln817_8_fu_10444_p2   |     +    |      0|  0|   19|           7|          12|
    |add_ln817_9_fu_10652_p2   |     +    |      0|  0|   19|           7|          12|
    |add_ln817_fu_8780_p2      |     +    |      0|  0|   19|           4|          12|
    |add_ln818_10_fu_10662_p2  |     +    |      0|  0|   19|           7|          12|
    |add_ln818_11_fu_10884_p2  |     +    |      0|  0|   19|           7|          12|
    |add_ln818_12_fu_11078_p2  |     +    |      0|  0|   19|           7|          12|
    |add_ln818_13_fu_11300_p2  |     +    |      0|  0|   19|           7|          12|
    |add_ln818_14_fu_11494_p2  |     +    |      0|  0|   19|           7|          12|
    |add_ln818_15_fu_11716_p2  |     +    |      0|  0|   19|           8|          12|
    |add_ln818_16_fu_11910_p2  |     +    |      0|  0|   19|           8|          12|
    |add_ln818_17_fu_12132_p2  |     +    |      0|  0|   19|           8|          12|
    |add_ln818_18_fu_12326_p2  |     +    |      0|  0|   19|           8|          12|
    |add_ln818_19_fu_12548_p2  |     +    |      0|  0|   19|           8|          12|
    |add_ln818_1_fu_8804_p2    |     +    |      0|  0|   19|           4|          12|
    |add_ln818_20_fu_12742_p2  |     +    |      0|  0|   19|           8|          12|
    |add_ln818_21_fu_12964_p2  |     +    |      0|  0|   19|           8|          12|
    |add_ln818_22_fu_13158_p2  |     +    |      0|  0|   19|           8|          12|
    |add_ln818_23_fu_13380_p2  |     +    |      0|  0|   19|           8|          12|
    |add_ln818_24_fu_13574_p2  |     +    |      0|  0|   19|           8|          12|
    |add_ln818_25_fu_13796_p2  |     +    |      0|  0|   19|           8|          12|
    |add_ln818_26_fu_13990_p2  |     +    |      0|  0|   19|           8|          12|
    |add_ln818_27_fu_14212_p2  |     +    |      0|  0|   19|           8|          12|
    |add_ln818_28_fu_14406_p2  |     +    |      0|  0|   19|           8|          12|
    |add_ln818_29_fu_14628_p2  |     +    |      0|  0|   19|           9|          12|
    |add_ln818_2_fu_8998_p2    |     +    |      0|  0|   19|           5|          12|
    |add_ln818_30_fu_14822_p2  |     +    |      0|  0|   19|           9|          12|
    |add_ln818_31_fu_15044_p2  |     +    |      0|  0|   19|           9|          12|
    |add_ln818_32_fu_15238_p2  |     +    |      0|  0|   19|           9|          12|
    |add_ln818_33_fu_15460_p2  |     +    |      0|  0|   19|           9|          12|
    |add_ln818_34_fu_15654_p2  |     +    |      0|  0|   19|           9|          12|
    |add_ln818_35_fu_15876_p2  |     +    |      0|  0|   19|           9|          12|
    |add_ln818_36_fu_16070_p2  |     +    |      0|  0|   19|           9|          12|
    |add_ln818_37_fu_16292_p2  |     +    |      0|  0|   19|           9|          12|
    |add_ln818_38_fu_16486_p2  |     +    |      0|  0|   19|           9|          12|
    |add_ln818_39_fu_16708_p2  |     +    |      0|  0|   19|           9|          12|
    |add_ln818_3_fu_9220_p2    |     +    |      0|  0|   19|           5|          12|
    |add_ln818_40_fu_16902_p2  |     +    |      0|  0|   19|           9|          12|
    |add_ln818_41_fu_17124_p2  |     +    |      0|  0|   19|           9|          12|
    |add_ln818_42_fu_17318_p2  |     +    |      0|  0|   19|           9|          12|
    |add_ln818_43_fu_17540_p2  |     +    |      0|  0|   19|           9|          12|
    |add_ln818_44_fu_17734_p2  |     +    |      0|  0|   19|           9|          12|
    |add_ln818_45_fu_17956_p2  |     +    |      0|  0|   19|           9|          12|
    |add_ln818_46_fu_18150_p2  |     +    |      0|  0|   19|           9|          12|
    |add_ln818_47_fu_18372_p2  |     +    |      0|  0|   19|           9|          12|
    |add_ln818_48_fu_18566_p2  |     +    |      0|  0|   19|           9|          12|
    |add_ln818_49_fu_18788_p2  |     +    |      0|  0|   19|           9|          12|
    |add_ln818_4_fu_9414_p2    |     +    |      0|  0|   19|           6|          12|
    |add_ln818_50_fu_18982_p2  |     +    |      0|  0|   19|           9|          12|
    |add_ln818_51_fu_19204_p2  |     +    |      0|  0|   19|           9|          12|
    |add_ln818_52_fu_19398_p2  |     +    |      0|  0|   19|           9|          12|
    |add_ln818_53_fu_19620_p2  |     +    |      0|  0|   19|           9|          12|
    |add_ln818_54_fu_19814_p2  |     +    |      0|  0|   19|           9|          12|
    |add_ln818_55_fu_20036_p2  |     +    |      0|  0|   19|           9|          12|
    |add_ln818_56_fu_20230_p2  |     +    |      0|  0|   19|           9|          12|
    |add_ln818_57_fu_20452_p2  |     +    |      0|  0|   19|          10|          12|
    |add_ln818_58_fu_20646_p2  |     +    |      0|  0|   19|          10|          12|
    |add_ln818_59_fu_20868_p2  |     +    |      0|  0|   19|          10|          12|
    |add_ln818_5_fu_9636_p2    |     +    |      0|  0|   19|           6|          12|
    |add_ln818_60_fu_21062_p2  |     +    |      0|  0|   19|          10|          12|
    |add_ln818_61_fu_21284_p2  |     +    |      0|  0|   19|          10|          12|
    |add_ln818_62_fu_21478_p2  |     +    |      0|  0|   19|          10|          12|
    |add_ln818_63_fu_21700_p2  |     +    |      0|  0|   19|          10|          12|
    |add_ln818_6_fu_9830_p2    |     +    |      0|  0|   19|           6|          12|
    |add_ln818_7_fu_10052_p2   |     +    |      0|  0|   19|           7|          12|
    |add_ln818_8_fu_10246_p2   |     +    |      0|  0|   19|           7|          12|
    |add_ln818_9_fu_10468_p2   |     +    |      0|  0|   19|           7|          12|
    |add_ln818_fu_8581_p2      |     +    |      0|  0|   19|           1|          12|
    |add_ln819_10_fu_10686_p2  |     +    |      0|  0|   19|           7|          12|
    |add_ln819_11_fu_10894_p2  |     +    |      0|  0|   19|           7|          12|
    |add_ln819_12_fu_11102_p2  |     +    |      0|  0|   19|           7|          12|
    |add_ln819_13_fu_11310_p2  |     +    |      0|  0|   19|           7|          12|
    |add_ln819_14_fu_11518_p2  |     +    |      0|  0|   19|           8|          12|
    |add_ln819_15_fu_11726_p2  |     +    |      0|  0|   19|           8|          12|
    |add_ln819_16_fu_11934_p2  |     +    |      0|  0|   19|           8|          12|
    |add_ln819_17_fu_12142_p2  |     +    |      0|  0|   19|           8|          12|
    |add_ln819_18_fu_12350_p2  |     +    |      0|  0|   19|           8|          12|
    |add_ln819_19_fu_12558_p2  |     +    |      0|  0|   19|           8|          12|
    |add_ln819_1_fu_8814_p2    |     +    |      0|  0|   19|           4|          12|
    |add_ln819_20_fu_12766_p2  |     +    |      0|  0|   19|           8|          12|
    |add_ln819_21_fu_12974_p2  |     +    |      0|  0|   19|           8|          12|
    |add_ln819_22_fu_13182_p2  |     +    |      0|  0|   19|           8|          12|
    |add_ln819_23_fu_13390_p2  |     +    |      0|  0|   19|           8|          12|
    |add_ln819_24_fu_13598_p2  |     +    |      0|  0|   19|           8|          12|
    |add_ln819_25_fu_13806_p2  |     +    |      0|  0|   19|           8|          12|
    |add_ln819_26_fu_14014_p2  |     +    |      0|  0|   19|           8|          12|
    |add_ln819_27_fu_14222_p2  |     +    |      0|  0|   19|           8|          12|
    |add_ln819_28_fu_14430_p2  |     +    |      0|  0|   19|           8|          12|
    |add_ln819_29_fu_14638_p2  |     +    |      0|  0|   19|           9|          12|
    |add_ln819_2_fu_9022_p2    |     +    |      0|  0|   19|           5|          12|
    |add_ln819_30_fu_14846_p2  |     +    |      0|  0|   19|           9|          12|
    |add_ln819_31_fu_15054_p2  |     +    |      0|  0|   19|           9|          12|
    |add_ln819_32_fu_15262_p2  |     +    |      0|  0|   19|           9|          12|
    |add_ln819_33_fu_15470_p2  |     +    |      0|  0|   19|           9|          12|
    |add_ln819_34_fu_15678_p2  |     +    |      0|  0|   19|           9|          12|
    |add_ln819_35_fu_15886_p2  |     +    |      0|  0|   19|           9|          12|
    |add_ln819_36_fu_16094_p2  |     +    |      0|  0|   19|           9|          12|
    |add_ln819_37_fu_16302_p2  |     +    |      0|  0|   19|           9|          12|
    |add_ln819_38_fu_16510_p2  |     +    |      0|  0|   19|           9|          12|
    |add_ln819_39_fu_16718_p2  |     +    |      0|  0|   19|           9|          12|
    |add_ln819_3_fu_9230_p2    |     +    |      0|  0|   19|           5|          12|
    |add_ln819_40_fu_16926_p2  |     +    |      0|  0|   19|           9|          12|
    |add_ln819_41_fu_17134_p2  |     +    |      0|  0|   19|           9|          12|
    |add_ln819_42_fu_17342_p2  |     +    |      0|  0|   19|           9|          12|
    |add_ln819_43_fu_17550_p2  |     +    |      0|  0|   19|           9|          12|
    |add_ln819_44_fu_17758_p2  |     +    |      0|  0|   19|           9|          12|
    |add_ln819_45_fu_17966_p2  |     +    |      0|  0|   19|           9|          12|
    |add_ln819_46_fu_18174_p2  |     +    |      0|  0|   19|           9|          12|
    |add_ln819_47_fu_18382_p2  |     +    |      0|  0|   19|           9|          12|
    |add_ln819_48_fu_18590_p2  |     +    |      0|  0|   19|           9|          12|
    |add_ln819_49_fu_18798_p2  |     +    |      0|  0|   19|           9|          12|
    |add_ln819_4_fu_9438_p2    |     +    |      0|  0|   19|           6|          12|
    |add_ln819_50_fu_19006_p2  |     +    |      0|  0|   19|           9|          12|
    |add_ln819_51_fu_19214_p2  |     +    |      0|  0|   19|           9|          12|
    |add_ln819_52_fu_19422_p2  |     +    |      0|  0|   19|           9|          12|
    |add_ln819_53_fu_19630_p2  |     +    |      0|  0|   19|           9|          12|
    |add_ln819_54_fu_19838_p2  |     +    |      0|  0|   19|           9|          12|
    |add_ln819_55_fu_20046_p2  |     +    |      0|  0|   19|           9|          12|
    |add_ln819_56_fu_20254_p2  |     +    |      0|  0|   19|           9|          12|
    |add_ln819_57_fu_20462_p2  |     +    |      0|  0|   19|          10|          12|
    |add_ln819_58_fu_20670_p2  |     +    |      0|  0|   19|          10|          12|
    |add_ln819_59_fu_20878_p2  |     +    |      0|  0|   19|          10|          12|
    |add_ln819_5_fu_9646_p2    |     +    |      0|  0|   19|           6|          12|
    |add_ln819_60_fu_21086_p2  |     +    |      0|  0|   19|          10|          12|
    |add_ln819_61_fu_21294_p2  |     +    |      0|  0|   19|          10|          12|
    |add_ln819_62_fu_21502_p2  |     +    |      0|  0|   19|          10|          12|
    |add_ln819_63_fu_21710_p2  |     +    |      0|  0|   19|          10|          12|
    |add_ln819_6_fu_9854_p2    |     +    |      0|  0|   19|           6|          12|
    |add_ln819_7_fu_10062_p2   |     +    |      0|  0|   19|           7|          12|
    |add_ln819_8_fu_10270_p2   |     +    |      0|  0|   19|           7|          12|
    |add_ln819_9_fu_10478_p2   |     +    |      0|  0|   19|           7|          12|
    |add_ln819_fu_8606_p2      |     +    |      0|  0|   19|           2|          12|
    |add_ln821_10_fu_10715_p2  |     +    |      0|  0|   19|           7|          12|
    |add_ln821_11_fu_10937_p2  |     +    |      0|  0|   19|           7|          12|
    |add_ln821_12_fu_11131_p2  |     +    |      0|  0|   19|           7|          12|
    |add_ln821_13_fu_11353_p2  |     +    |      0|  0|   19|           7|          12|
    |add_ln821_14_fu_11547_p2  |     +    |      0|  0|   19|           8|          12|
    |add_ln821_15_fu_11769_p2  |     +    |      0|  0|   19|           8|          12|
    |add_ln821_16_fu_11963_p2  |     +    |      0|  0|   19|           8|          12|
    |add_ln821_17_fu_12185_p2  |     +    |      0|  0|   19|           8|          12|
    |add_ln821_18_fu_12379_p2  |     +    |      0|  0|   19|           8|          12|
    |add_ln821_19_fu_12601_p2  |     +    |      0|  0|   19|           8|          12|
    |add_ln821_1_fu_8857_p2    |     +    |      0|  0|   19|           4|          12|
    |add_ln821_20_fu_12795_p2  |     +    |      0|  0|   19|           8|          12|
    |add_ln821_21_fu_13017_p2  |     +    |      0|  0|   19|           8|          12|
    |add_ln821_22_fu_13211_p2  |     +    |      0|  0|   19|           8|          12|
    |add_ln821_23_fu_13433_p2  |     +    |      0|  0|   19|           8|          12|
    |add_ln821_24_fu_13627_p2  |     +    |      0|  0|   19|           8|          12|
    |add_ln821_25_fu_13849_p2  |     +    |      0|  0|   19|           8|          12|
    |add_ln821_26_fu_14043_p2  |     +    |      0|  0|   19|           8|          12|
    |add_ln821_27_fu_14265_p2  |     +    |      0|  0|   19|           8|          12|
    |add_ln821_28_fu_14459_p2  |     +    |      0|  0|   19|           8|          12|
    |add_ln821_29_fu_14681_p2  |     +    |      0|  0|   19|           9|          12|
    |add_ln821_2_fu_9051_p2    |     +    |      0|  0|   19|           5|          12|
    |add_ln821_30_fu_14875_p2  |     +    |      0|  0|   19|           9|          12|
    |add_ln821_31_fu_15097_p2  |     +    |      0|  0|   19|           9|          12|
    |add_ln821_32_fu_15291_p2  |     +    |      0|  0|   19|           9|          12|
    |add_ln821_33_fu_15513_p2  |     +    |      0|  0|   19|           9|          12|
    |add_ln821_34_fu_15707_p2  |     +    |      0|  0|   19|           9|          12|
    |add_ln821_35_fu_15929_p2  |     +    |      0|  0|   19|           9|          12|
    |add_ln821_36_fu_16123_p2  |     +    |      0|  0|   19|           9|          12|
    |add_ln821_37_fu_16345_p2  |     +    |      0|  0|   19|           9|          12|
    |add_ln821_38_fu_16539_p2  |     +    |      0|  0|   19|           9|          12|
    |add_ln821_39_fu_16761_p2  |     +    |      0|  0|   19|           9|          12|
    |add_ln821_3_fu_9273_p2    |     +    |      0|  0|   19|           5|          12|
    |add_ln821_40_fu_16955_p2  |     +    |      0|  0|   19|           9|          12|
    |add_ln821_41_fu_17177_p2  |     +    |      0|  0|   19|           9|          12|
    |add_ln821_42_fu_17371_p2  |     +    |      0|  0|   19|           9|          12|
    |add_ln821_43_fu_17593_p2  |     +    |      0|  0|   19|           9|          12|
    |add_ln821_44_fu_17787_p2  |     +    |      0|  0|   19|           9|          12|
    |add_ln821_45_fu_18009_p2  |     +    |      0|  0|   19|           9|          12|
    |add_ln821_46_fu_18203_p2  |     +    |      0|  0|   19|           9|          12|
    |add_ln821_47_fu_18425_p2  |     +    |      0|  0|   19|           9|          12|
    |add_ln821_48_fu_18619_p2  |     +    |      0|  0|   19|           9|          12|
    |add_ln821_49_fu_18841_p2  |     +    |      0|  0|   19|           9|          12|
    |add_ln821_4_fu_9467_p2    |     +    |      0|  0|   19|           6|          12|
    |add_ln821_50_fu_19035_p2  |     +    |      0|  0|   19|           9|          12|
    |add_ln821_51_fu_19257_p2  |     +    |      0|  0|   19|           9|          12|
    |add_ln821_52_fu_19451_p2  |     +    |      0|  0|   19|           9|          12|
    |add_ln821_53_fu_19673_p2  |     +    |      0|  0|   19|           9|          12|
    |add_ln821_54_fu_19867_p2  |     +    |      0|  0|   19|           9|          12|
    |add_ln821_55_fu_20089_p2  |     +    |      0|  0|   19|           9|          12|
    |add_ln821_56_fu_20283_p2  |     +    |      0|  0|   19|           9|          12|
    |add_ln821_57_fu_20505_p2  |     +    |      0|  0|   19|          10|          12|
    |add_ln821_58_fu_20699_p2  |     +    |      0|  0|   19|          10|          12|
    |add_ln821_59_fu_20921_p2  |     +    |      0|  0|   19|          10|          12|
    |add_ln821_5_fu_9689_p2    |     +    |      0|  0|   19|           6|          12|
    |add_ln821_60_fu_21115_p2  |     +    |      0|  0|   19|          10|          12|
    |add_ln821_61_fu_21337_p2  |     +    |      0|  0|   19|          10|          12|
    |add_ln821_62_fu_21531_p2  |     +    |      0|  0|   19|          10|          12|
    |add_ln821_63_fu_21753_p2  |     +    |      0|  0|   19|          10|          12|
    |add_ln821_6_fu_9883_p2    |     +    |      0|  0|   19|           6|          12|
    |add_ln821_7_fu_10105_p2   |     +    |      0|  0|   19|           7|          12|
    |add_ln821_8_fu_10299_p2   |     +    |      0|  0|   19|           7|          12|
    |add_ln821_9_fu_10521_p2   |     +    |      0|  0|   19|           7|          12|
    |add_ln821_fu_8635_p2      |     +    |      0|  0|   19|           2|          12|
    |add_ln822_10_fu_10739_p2  |     +    |      0|  0|   19|           7|          12|
    |add_ln822_11_fu_10947_p2  |     +    |      0|  0|   19|           7|          12|
    |add_ln822_12_fu_11155_p2  |     +    |      0|  0|   19|           7|          12|
    |add_ln822_13_fu_11363_p2  |     +    |      0|  0|   19|           7|          12|
    |add_ln822_14_fu_11571_p2  |     +    |      0|  0|   19|           8|          12|
    |add_ln822_15_fu_11779_p2  |     +    |      0|  0|   19|           8|          12|
    |add_ln822_16_fu_11987_p2  |     +    |      0|  0|   19|           8|          12|
    |add_ln822_17_fu_12195_p2  |     +    |      0|  0|   19|           8|          12|
    |add_ln822_18_fu_12403_p2  |     +    |      0|  0|   19|           8|          12|
    |add_ln822_19_fu_12611_p2  |     +    |      0|  0|   19|           8|          12|
    |add_ln822_1_fu_8867_p2    |     +    |      0|  0|   19|           4|          12|
    |add_ln822_20_fu_12819_p2  |     +    |      0|  0|   19|           8|          12|
    |add_ln822_21_fu_13027_p2  |     +    |      0|  0|   19|           8|          12|
    |add_ln822_22_fu_13235_p2  |     +    |      0|  0|   19|           8|          12|
    |add_ln822_23_fu_13443_p2  |     +    |      0|  0|   19|           8|          12|
    |add_ln822_24_fu_13651_p2  |     +    |      0|  0|   19|           8|          12|
    |add_ln822_25_fu_13859_p2  |     +    |      0|  0|   19|           8|          12|
    |add_ln822_26_fu_14067_p2  |     +    |      0|  0|   19|           8|          12|
    |add_ln822_27_fu_14275_p2  |     +    |      0|  0|   19|           8|          12|
    |add_ln822_28_fu_14483_p2  |     +    |      0|  0|   19|           9|          12|
    |add_ln822_29_fu_14691_p2  |     +    |      0|  0|   19|           9|          12|
    |add_ln822_2_fu_9075_p2    |     +    |      0|  0|   19|           5|          12|
    |add_ln822_30_fu_14899_p2  |     +    |      0|  0|   19|           9|          12|
    |add_ln822_31_fu_15107_p2  |     +    |      0|  0|   19|           9|          12|
    |add_ln822_32_fu_15315_p2  |     +    |      0|  0|   19|           9|          12|
    |add_ln822_33_fu_15523_p2  |     +    |      0|  0|   19|           9|          12|
    |add_ln822_34_fu_15731_p2  |     +    |      0|  0|   19|           9|          12|
    |add_ln822_35_fu_15939_p2  |     +    |      0|  0|   19|           9|          12|
    |add_ln822_36_fu_16147_p2  |     +    |      0|  0|   19|           9|          12|
    |add_ln822_37_fu_16355_p2  |     +    |      0|  0|   19|           9|          12|
    |add_ln822_38_fu_16563_p2  |     +    |      0|  0|   19|           9|          12|
    |add_ln822_39_fu_16771_p2  |     +    |      0|  0|   19|           9|          12|
    |add_ln822_3_fu_9283_p2    |     +    |      0|  0|   19|           5|          12|
    |add_ln822_40_fu_16979_p2  |     +    |      0|  0|   19|           9|          12|
    |add_ln822_41_fu_17187_p2  |     +    |      0|  0|   19|           9|          12|
    |add_ln822_42_fu_17395_p2  |     +    |      0|  0|   19|           9|          12|
    |add_ln822_43_fu_17603_p2  |     +    |      0|  0|   19|           9|          12|
    |add_ln822_44_fu_17811_p2  |     +    |      0|  0|   19|           9|          12|
    |add_ln822_45_fu_18019_p2  |     +    |      0|  0|   19|           9|          12|
    |add_ln822_46_fu_18227_p2  |     +    |      0|  0|   19|           9|          12|
    |add_ln822_47_fu_18435_p2  |     +    |      0|  0|   19|           9|          12|
    |add_ln822_48_fu_18643_p2  |     +    |      0|  0|   19|           9|          12|
    |add_ln822_49_fu_18851_p2  |     +    |      0|  0|   19|           9|          12|
    |add_ln822_4_fu_9491_p2    |     +    |      0|  0|   19|           6|          12|
    |add_ln822_50_fu_19059_p2  |     +    |      0|  0|   19|           9|          12|
    |add_ln822_51_fu_19267_p2  |     +    |      0|  0|   19|           9|          12|
    |add_ln822_52_fu_19475_p2  |     +    |      0|  0|   19|           9|          12|
    |add_ln822_53_fu_19683_p2  |     +    |      0|  0|   19|           9|          12|
    |add_ln822_54_fu_19891_p2  |     +    |      0|  0|   19|           9|          12|
    |add_ln822_55_fu_20099_p2  |     +    |      0|  0|   19|           9|          12|
    |add_ln822_56_fu_20307_p2  |     +    |      0|  0|   19|           9|          12|
    |add_ln822_57_fu_20515_p2  |     +    |      0|  0|   19|          10|          12|
    |add_ln822_58_fu_20723_p2  |     +    |      0|  0|   19|          10|          12|
    |add_ln822_59_fu_20931_p2  |     +    |      0|  0|   19|          10|          12|
    |add_ln822_5_fu_9699_p2    |     +    |      0|  0|   19|           6|          12|
    |add_ln822_60_fu_21139_p2  |     +    |      0|  0|   19|          10|          12|
    |add_ln822_61_fu_21347_p2  |     +    |      0|  0|   19|          10|          12|
    |add_ln822_62_fu_21555_p2  |     +    |      0|  0|   19|          10|          12|
    |add_ln822_63_fu_21763_p2  |     +    |      0|  0|   19|          10|          12|
    |add_ln822_6_fu_9907_p2    |     +    |      0|  0|   19|           6|          12|
    |add_ln822_7_fu_10115_p2   |     +    |      0|  0|   19|           7|          12|
    |add_ln822_8_fu_10323_p2   |     +    |      0|  0|   19|           7|          12|
    |add_ln822_9_fu_10531_p2   |     +    |      0|  0|   19|           7|          12|
    |add_ln822_fu_8659_p2      |     +    |      0|  0|   19|           3|          12|
    |add_ln824_10_fu_10768_p2  |     +    |      0|  0|   19|           7|          12|
    |add_ln824_11_fu_10976_p2  |     +    |      0|  0|   19|           7|          12|
    |add_ln824_12_fu_11184_p2  |     +    |      0|  0|   19|           7|          12|
    |add_ln824_13_fu_11392_p2  |     +    |      0|  0|   19|           7|          12|
    |add_ln824_14_fu_11600_p2  |     +    |      0|  0|   19|           8|          12|
    |add_ln824_15_fu_11808_p2  |     +    |      0|  0|   19|           8|          12|
    |add_ln824_16_fu_12016_p2  |     +    |      0|  0|   19|           8|          12|
    |add_ln824_17_fu_12224_p2  |     +    |      0|  0|   19|           8|          12|
    |add_ln824_18_fu_12432_p2  |     +    |      0|  0|   19|           8|          12|
    |add_ln824_19_fu_12640_p2  |     +    |      0|  0|   19|           8|          12|
    |add_ln824_1_fu_8896_p2    |     +    |      0|  0|   19|           4|          12|
    |add_ln824_20_fu_12848_p2  |     +    |      0|  0|   19|           8|          12|
    |add_ln824_21_fu_13056_p2  |     +    |      0|  0|   19|           8|          12|
    |add_ln824_22_fu_13264_p2  |     +    |      0|  0|   19|           8|          12|
    |add_ln824_23_fu_13472_p2  |     +    |      0|  0|   19|           8|          12|
    |add_ln824_24_fu_13680_p2  |     +    |      0|  0|   19|           8|          12|
    |add_ln824_25_fu_13888_p2  |     +    |      0|  0|   19|           8|          12|
    |add_ln824_26_fu_14096_p2  |     +    |      0|  0|   19|           8|          12|
    |add_ln824_27_fu_14304_p2  |     +    |      0|  0|   19|           8|          12|
    |add_ln824_28_fu_14512_p2  |     +    |      0|  0|   19|           9|          12|
    |add_ln824_29_fu_14720_p2  |     +    |      0|  0|   19|           9|          12|
    |add_ln824_2_fu_9104_p2    |     +    |      0|  0|   19|           5|          12|
    |add_ln824_30_fu_14928_p2  |     +    |      0|  0|   19|           9|          12|
    |add_ln824_31_fu_15136_p2  |     +    |      0|  0|   19|           9|          12|
    |add_ln824_32_fu_15344_p2  |     +    |      0|  0|   19|           9|          12|
    |add_ln824_33_fu_15552_p2  |     +    |      0|  0|   19|           9|          12|
    |add_ln824_34_fu_15760_p2  |     +    |      0|  0|   19|           9|          12|
    |add_ln824_35_fu_15968_p2  |     +    |      0|  0|   19|           9|          12|
    |add_ln824_36_fu_16176_p2  |     +    |      0|  0|   19|           9|          12|
    |add_ln824_37_fu_16384_p2  |     +    |      0|  0|   19|           9|          12|
    |add_ln824_38_fu_16592_p2  |     +    |      0|  0|   19|           9|          12|
    |add_ln824_39_fu_16800_p2  |     +    |      0|  0|   19|           9|          12|
    |add_ln824_3_fu_9312_p2    |     +    |      0|  0|   19|           6|          12|
    |add_ln824_40_fu_17008_p2  |     +    |      0|  0|   19|           9|          12|
    |add_ln824_41_fu_17216_p2  |     +    |      0|  0|   19|           9|          12|
    |add_ln824_42_fu_17424_p2  |     +    |      0|  0|   19|           9|          12|
    |add_ln824_43_fu_17632_p2  |     +    |      0|  0|   19|           9|          12|
    |add_ln824_44_fu_17840_p2  |     +    |      0|  0|   19|           9|          12|
    |add_ln824_45_fu_18048_p2  |     +    |      0|  0|   19|           9|          12|
    |add_ln824_46_fu_18256_p2  |     +    |      0|  0|   19|           9|          12|
    |add_ln824_47_fu_18464_p2  |     +    |      0|  0|   19|           9|          12|
    |add_ln824_48_fu_18672_p2  |     +    |      0|  0|   19|           9|          12|
    |add_ln824_49_fu_18880_p2  |     +    |      0|  0|   19|           9|          12|
    |add_ln824_4_fu_9520_p2    |     +    |      0|  0|   19|           6|          12|
    |add_ln824_50_fu_19088_p2  |     +    |      0|  0|   19|           9|          12|
    |add_ln824_51_fu_19296_p2  |     +    |      0|  0|   19|           9|          12|
    |add_ln824_52_fu_19504_p2  |     +    |      0|  0|   19|           9|          12|
    |add_ln824_53_fu_19712_p2  |     +    |      0|  0|   19|           9|          12|
    |add_ln824_54_fu_19920_p2  |     +    |      0|  0|   19|           9|          12|
    |add_ln824_55_fu_20128_p2  |     +    |      0|  0|   19|           9|          12|
    |add_ln824_56_fu_20336_p2  |     +    |      0|  0|   19|           9|          12|
    |add_ln824_57_fu_20544_p2  |     +    |      0|  0|   19|          10|          12|
    |add_ln824_58_fu_20752_p2  |     +    |      0|  0|   19|          10|          12|
    |add_ln824_59_fu_20960_p2  |     +    |      0|  0|   19|          10|          12|
    |add_ln824_5_fu_9728_p2    |     +    |      0|  0|   19|           6|          12|
    |add_ln824_60_fu_21168_p2  |     +    |      0|  0|   19|          10|          12|
    |add_ln824_61_fu_21376_p2  |     +    |      0|  0|   19|          10|          12|
    |add_ln824_62_fu_21584_p2  |     +    |      0|  0|   19|          10|          12|
    |add_ln824_63_fu_21792_p2  |     +    |      0|  0|   19|          10|          12|
    |add_ln824_6_fu_9936_p2    |     +    |      0|  0|   19|           6|          12|
    |add_ln824_7_fu_10144_p2   |     +    |      0|  0|   19|           7|          12|
    |add_ln824_8_fu_10352_p2   |     +    |      0|  0|   19|           7|          12|
    |add_ln824_9_fu_10560_p2   |     +    |      0|  0|   19|           7|          12|
    |add_ln824_fu_8688_p2      |     +    |      0|  0|   19|           3|          12|
    |add_ln825_10_fu_10792_p2  |     +    |      0|  0|   19|           7|          12|
    |add_ln825_11_fu_10986_p2  |     +    |      0|  0|   19|           7|          12|
    |add_ln825_12_fu_11208_p2  |     +    |      0|  0|   19|           7|          12|
    |add_ln825_13_fu_11402_p2  |     +    |      0|  0|   19|           7|          12|
    |add_ln825_14_fu_11624_p2  |     +    |      0|  0|   19|           8|          12|
    |add_ln825_15_fu_11818_p2  |     +    |      0|  0|   19|           8|          12|
    |add_ln825_16_fu_12040_p2  |     +    |      0|  0|   19|           8|          12|
    |add_ln825_17_fu_12234_p2  |     +    |      0|  0|   19|           8|          12|
    |add_ln825_18_fu_12456_p2  |     +    |      0|  0|   19|           8|          12|
    |add_ln825_19_fu_12650_p2  |     +    |      0|  0|   19|           8|          12|
    |add_ln825_1_fu_8906_p2    |     +    |      0|  0|   19|           4|          12|
    |add_ln825_20_fu_12872_p2  |     +    |      0|  0|   19|           8|          12|
    |add_ln825_21_fu_13066_p2  |     +    |      0|  0|   19|           8|          12|
    |add_ln825_22_fu_13288_p2  |     +    |      0|  0|   19|           8|          12|
    |add_ln825_23_fu_13482_p2  |     +    |      0|  0|   19|           8|          12|
    |add_ln825_24_fu_13704_p2  |     +    |      0|  0|   19|           8|          12|
    |add_ln825_25_fu_13898_p2  |     +    |      0|  0|   19|           8|          12|
    |add_ln825_26_fu_14120_p2  |     +    |      0|  0|   19|           8|          12|
    |add_ln825_27_fu_14314_p2  |     +    |      0|  0|   19|           8|          12|
    |add_ln825_28_fu_14536_p2  |     +    |      0|  0|   19|           9|          12|
    |add_ln825_29_fu_14730_p2  |     +    |      0|  0|   19|           9|          12|
    |add_ln825_2_fu_9128_p2    |     +    |      0|  0|   19|           5|          12|
    |add_ln825_30_fu_14952_p2  |     +    |      0|  0|   19|           9|          12|
    |add_ln825_31_fu_15146_p2  |     +    |      0|  0|   19|           9|          12|
    |add_ln825_32_fu_15368_p2  |     +    |      0|  0|   19|           9|          12|
    |add_ln825_33_fu_15562_p2  |     +    |      0|  0|   19|           9|          12|
    |add_ln825_34_fu_15784_p2  |     +    |      0|  0|   19|           9|          12|
    |add_ln825_35_fu_15978_p2  |     +    |      0|  0|   19|           9|          12|
    |add_ln825_36_fu_16200_p2  |     +    |      0|  0|   19|           9|          12|
    |add_ln825_37_fu_16394_p2  |     +    |      0|  0|   19|           9|          12|
    |add_ln825_38_fu_16616_p2  |     +    |      0|  0|   19|           9|          12|
    |add_ln825_39_fu_16810_p2  |     +    |      0|  0|   19|           9|          12|
    |add_ln825_3_fu_9322_p2    |     +    |      0|  0|   19|           6|          12|
    |add_ln825_40_fu_17032_p2  |     +    |      0|  0|   19|           9|          12|
    |add_ln825_41_fu_17226_p2  |     +    |      0|  0|   19|           9|          12|
    |add_ln825_42_fu_17448_p2  |     +    |      0|  0|   19|           9|          12|
    |add_ln825_43_fu_17642_p2  |     +    |      0|  0|   19|           9|          12|
    |add_ln825_44_fu_17864_p2  |     +    |      0|  0|   19|           9|          12|
    |add_ln825_45_fu_18058_p2  |     +    |      0|  0|   19|           9|          12|
    |add_ln825_46_fu_18280_p2  |     +    |      0|  0|   19|           9|          12|
    |add_ln825_47_fu_18474_p2  |     +    |      0|  0|   19|           9|          12|
    |add_ln825_48_fu_18696_p2  |     +    |      0|  0|   19|           9|          12|
    |add_ln825_49_fu_18890_p2  |     +    |      0|  0|   19|           9|          12|
    |add_ln825_4_fu_9544_p2    |     +    |      0|  0|   19|           6|          12|
    |add_ln825_50_fu_19112_p2  |     +    |      0|  0|   19|           9|          12|
    |add_ln825_51_fu_19306_p2  |     +    |      0|  0|   19|           9|          12|
    |add_ln825_52_fu_19528_p2  |     +    |      0|  0|   19|           9|          12|
    |add_ln825_53_fu_19722_p2  |     +    |      0|  0|   19|           9|          12|
    |add_ln825_54_fu_19944_p2  |     +    |      0|  0|   19|           9|          12|
    |add_ln825_55_fu_20138_p2  |     +    |      0|  0|   19|           9|          12|
    |add_ln825_56_fu_20360_p2  |     +    |      0|  0|   19|           9|          12|
    |add_ln825_57_fu_20554_p2  |     +    |      0|  0|   19|          10|          12|
    |add_ln825_58_fu_20776_p2  |     +    |      0|  0|   19|          10|          12|
    |add_ln825_59_fu_20970_p2  |     +    |      0|  0|   19|          10|          12|
    |add_ln825_5_fu_9738_p2    |     +    |      0|  0|   19|           6|          12|
    |add_ln825_60_fu_21192_p2  |     +    |      0|  0|   19|          10|          12|
    |add_ln825_61_fu_21386_p2  |     +    |      0|  0|   19|          10|          12|
    |add_ln825_62_fu_21608_p2  |     +    |      0|  0|   19|          10|          12|
    |add_ln825_63_fu_21802_p2  |     +    |      0|  0|   19|          10|          12|
    |add_ln825_6_fu_9960_p2    |     +    |      0|  0|   19|           6|          12|
    |add_ln825_7_fu_10154_p2   |     +    |      0|  0|   19|           7|          12|
    |add_ln825_8_fu_10376_p2   |     +    |      0|  0|   19|           7|          12|
    |add_ln825_9_fu_10570_p2   |     +    |      0|  0|   19|           7|          12|
    |add_ln825_fu_8712_p2      |     +    |      0|  0|   19|           3|          12|
    |add_ln827_10_fu_10821_p2  |     +    |      0|  0|   19|           7|          12|
    |add_ln827_11_fu_11029_p2  |     +    |      0|  0|   19|           7|          12|
    |add_ln827_12_fu_11237_p2  |     +    |      0|  0|   19|           7|          12|
    |add_ln827_13_fu_11445_p2  |     +    |      0|  0|   19|           7|          12|
    |add_ln827_14_fu_11653_p2  |     +    |      0|  0|   19|           8|          12|
    |add_ln827_15_fu_11861_p2  |     +    |      0|  0|   19|           8|          12|
    |add_ln827_16_fu_12069_p2  |     +    |      0|  0|   19|           8|          12|
    |add_ln827_17_fu_12277_p2  |     +    |      0|  0|   19|           8|          12|
    |add_ln827_18_fu_12485_p2  |     +    |      0|  0|   19|           8|          12|
    |add_ln827_19_fu_12693_p2  |     +    |      0|  0|   19|           8|          12|
    |add_ln827_1_fu_8949_p2    |     +    |      0|  0|   19|           5|          12|
    |add_ln827_20_fu_12901_p2  |     +    |      0|  0|   19|           8|          12|
    |add_ln827_21_fu_13109_p2  |     +    |      0|  0|   19|           8|          12|
    |add_ln827_22_fu_13317_p2  |     +    |      0|  0|   19|           8|          12|
    |add_ln827_23_fu_13525_p2  |     +    |      0|  0|   19|           8|          12|
    |add_ln827_24_fu_13733_p2  |     +    |      0|  0|   19|           8|          12|
    |add_ln827_25_fu_13941_p2  |     +    |      0|  0|   19|           8|          12|
    |add_ln827_26_fu_14149_p2  |     +    |      0|  0|   19|           8|          12|
    |add_ln827_27_fu_14357_p2  |     +    |      0|  0|   19|           8|          12|
    |add_ln827_28_fu_14565_p2  |     +    |      0|  0|   19|           9|          12|
    |add_ln827_29_fu_14773_p2  |     +    |      0|  0|   19|           9|          12|
    |add_ln827_2_fu_9157_p2    |     +    |      0|  0|   19|           5|          12|
    |add_ln827_30_fu_14981_p2  |     +    |      0|  0|   19|           9|          12|
    |add_ln827_31_fu_15189_p2  |     +    |      0|  0|   19|           9|          12|
    |add_ln827_32_fu_15397_p2  |     +    |      0|  0|   19|           9|          12|
    |add_ln827_33_fu_15605_p2  |     +    |      0|  0|   19|           9|          12|
    |add_ln827_34_fu_15813_p2  |     +    |      0|  0|   19|           9|          12|
    |add_ln827_35_fu_16021_p2  |     +    |      0|  0|   19|           9|          12|
    |add_ln827_36_fu_16229_p2  |     +    |      0|  0|   19|           9|          12|
    |add_ln827_37_fu_16437_p2  |     +    |      0|  0|   19|           9|          12|
    |add_ln827_38_fu_16645_p2  |     +    |      0|  0|   19|           9|          12|
    |add_ln827_39_fu_16853_p2  |     +    |      0|  0|   19|           9|          12|
    |add_ln827_3_fu_9365_p2    |     +    |      0|  0|   19|           6|          12|
    |add_ln827_40_fu_17061_p2  |     +    |      0|  0|   19|           9|          12|
    |add_ln827_41_fu_17269_p2  |     +    |      0|  0|   19|           9|          12|
    |add_ln827_42_fu_17477_p2  |     +    |      0|  0|   19|           9|          12|
    |add_ln827_43_fu_17685_p2  |     +    |      0|  0|   19|           9|          12|
    |add_ln827_44_fu_17893_p2  |     +    |      0|  0|   19|           9|          12|
    |add_ln827_45_fu_18101_p2  |     +    |      0|  0|   19|           9|          12|
    |add_ln827_46_fu_18309_p2  |     +    |      0|  0|   19|           9|          12|
    |add_ln827_47_fu_18517_p2  |     +    |      0|  0|   19|           9|          12|
    |add_ln827_48_fu_18725_p2  |     +    |      0|  0|   19|           9|          12|
    |add_ln827_49_fu_18933_p2  |     +    |      0|  0|   19|           9|          12|
    |add_ln827_4_fu_9573_p2    |     +    |      0|  0|   19|           6|          12|
    |add_ln827_50_fu_19141_p2  |     +    |      0|  0|   19|           9|          12|
    |add_ln827_51_fu_19349_p2  |     +    |      0|  0|   19|           9|          12|
    |add_ln827_52_fu_19557_p2  |     +    |      0|  0|   19|           9|          12|
    |add_ln827_53_fu_19765_p2  |     +    |      0|  0|   19|           9|          12|
    |add_ln827_54_fu_19973_p2  |     +    |      0|  0|   19|           9|          12|
    |add_ln827_55_fu_20181_p2  |     +    |      0|  0|   19|           9|          12|
    |add_ln827_56_fu_20389_p2  |     +    |      0|  0|   19|           9|          12|
    |add_ln827_57_fu_20597_p2  |     +    |      0|  0|   19|          10|          12|
    |add_ln827_58_fu_20805_p2  |     +    |      0|  0|   19|          10|          12|
    |add_ln827_59_fu_21013_p2  |     +    |      0|  0|   19|          10|          12|
    |add_ln827_5_fu_9781_p2    |     +    |      0|  0|   19|           6|          12|
    |add_ln827_60_fu_21221_p2  |     +    |      0|  0|   19|          10|          12|
    |add_ln827_61_fu_21429_p2  |     +    |      0|  0|   19|          10|          12|
    |add_ln827_62_fu_21637_p2  |     +    |      0|  0|   19|          10|          12|
    |add_ln827_63_fu_21831_p2  |     +    |      0|  0|   19|          10|          12|
    |add_ln827_6_fu_9989_p2    |     +    |      0|  0|   19|           6|          12|
    |add_ln827_7_fu_10197_p2   |     +    |      0|  0|   19|           7|          12|
    |add_ln827_8_fu_10405_p2   |     +    |      0|  0|   19|           7|          12|
    |add_ln827_9_fu_10613_p2   |     +    |      0|  0|   19|           7|          12|
    |add_ln827_fu_8741_p2      |     +    |      0|  0|   19|           3|          12|
    |add_ln828_10_fu_10845_p2  |     +    |      0|  0|   19|           7|          12|
    |add_ln828_11_fu_11039_p2  |     +    |      0|  0|   19|           7|          12|
    |add_ln828_12_fu_11261_p2  |     +    |      0|  0|   19|           7|          12|
    |add_ln828_13_fu_11455_p2  |     +    |      0|  0|   19|           7|          12|
    |add_ln828_14_fu_11677_p2  |     +    |      0|  0|   19|           8|          12|
    |add_ln828_15_fu_11871_p2  |     +    |      0|  0|   19|           8|          12|
    |add_ln828_16_fu_12093_p2  |     +    |      0|  0|   19|           8|          12|
    |add_ln828_17_fu_12287_p2  |     +    |      0|  0|   19|           8|          12|
    |add_ln828_18_fu_12509_p2  |     +    |      0|  0|   19|           8|          12|
    |add_ln828_19_fu_12703_p2  |     +    |      0|  0|   19|           8|          12|
    |add_ln828_1_fu_8959_p2    |     +    |      0|  0|   19|           5|          12|
    |add_ln828_20_fu_12925_p2  |     +    |      0|  0|   19|           8|          12|
    |add_ln828_21_fu_13119_p2  |     +    |      0|  0|   19|           8|          12|
    |add_ln828_22_fu_13341_p2  |     +    |      0|  0|   19|           8|          12|
    |add_ln828_23_fu_13535_p2  |     +    |      0|  0|   19|           8|          12|
    |add_ln828_24_fu_13757_p2  |     +    |      0|  0|   19|           8|          12|
    |add_ln828_25_fu_13951_p2  |     +    |      0|  0|   19|           8|          12|
    |add_ln828_26_fu_14173_p2  |     +    |      0|  0|   19|           8|          12|
    |add_ln828_27_fu_14367_p2  |     +    |      0|  0|   19|           8|          12|
    |add_ln828_28_fu_14589_p2  |     +    |      0|  0|   19|           9|          12|
    |add_ln828_29_fu_14783_p2  |     +    |      0|  0|   19|           9|          12|
    |add_ln828_2_fu_9181_p2    |     +    |      0|  0|   19|           5|          12|
    |add_ln828_30_fu_15005_p2  |     +    |      0|  0|   19|           9|          12|
    |add_ln828_31_fu_15199_p2  |     +    |      0|  0|   19|           9|          12|
    |add_ln828_32_fu_15421_p2  |     +    |      0|  0|   19|           9|          12|
    |add_ln828_33_fu_15615_p2  |     +    |      0|  0|   19|           9|          12|
    |add_ln828_34_fu_15837_p2  |     +    |      0|  0|   19|           9|          12|
    |add_ln828_35_fu_16031_p2  |     +    |      0|  0|   19|           9|          12|
    |add_ln828_36_fu_16253_p2  |     +    |      0|  0|   19|           9|          12|
    |add_ln828_37_fu_16447_p2  |     +    |      0|  0|   19|           9|          12|
    |add_ln828_38_fu_16669_p2  |     +    |      0|  0|   19|           9|          12|
    |add_ln828_39_fu_16863_p2  |     +    |      0|  0|   19|           9|          12|
    |add_ln828_3_fu_9375_p2    |     +    |      0|  0|   19|           6|          12|
    |add_ln828_40_fu_17085_p2  |     +    |      0|  0|   19|           9|          12|
    |add_ln828_41_fu_17279_p2  |     +    |      0|  0|   19|           9|          12|
    |add_ln828_42_fu_17501_p2  |     +    |      0|  0|   19|           9|          12|
    |add_ln828_43_fu_17695_p2  |     +    |      0|  0|   19|           9|          12|
    |add_ln828_44_fu_17917_p2  |     +    |      0|  0|   19|           9|          12|
    |add_ln828_45_fu_18111_p2  |     +    |      0|  0|   19|           9|          12|
    |add_ln828_46_fu_18333_p2  |     +    |      0|  0|   19|           9|          12|
    |add_ln828_47_fu_18527_p2  |     +    |      0|  0|   19|           9|          12|
    |add_ln828_48_fu_18749_p2  |     +    |      0|  0|   19|           9|          12|
    |add_ln828_49_fu_18943_p2  |     +    |      0|  0|   19|           9|          12|
    |add_ln828_4_fu_9597_p2    |     +    |      0|  0|   19|           6|          12|
    |add_ln828_50_fu_19165_p2  |     +    |      0|  0|   19|           9|          12|
    |add_ln828_51_fu_19359_p2  |     +    |      0|  0|   19|           9|          12|
    |add_ln828_52_fu_19581_p2  |     +    |      0|  0|   19|           9|          12|
    |add_ln828_53_fu_19775_p2  |     +    |      0|  0|   19|           9|          12|
    |add_ln828_54_fu_19997_p2  |     +    |      0|  0|   19|           9|          12|
    |add_ln828_55_fu_20191_p2  |     +    |      0|  0|   19|           9|          12|
    |add_ln828_56_fu_20413_p2  |     +    |      0|  0|   19|          10|          12|
    |add_ln828_57_fu_20607_p2  |     +    |      0|  0|   19|          10|          12|
    |add_ln828_58_fu_20829_p2  |     +    |      0|  0|   19|          10|          12|
    |add_ln828_59_fu_21023_p2  |     +    |      0|  0|   19|          10|          12|
    |add_ln828_5_fu_9791_p2    |     +    |      0|  0|   19|           6|          12|
    |add_ln828_60_fu_21245_p2  |     +    |      0|  0|   19|          10|          12|
    |add_ln828_61_fu_21439_p2  |     +    |      0|  0|   19|          10|          12|
    |add_ln828_62_fu_21661_p2  |     +    |      0|  0|   19|          10|          12|
    |add_ln828_63_fu_21841_p2  |     +    |      0|  0|   19|          10|          12|
    |add_ln828_6_fu_10013_p2   |     +    |      0|  0|   19|           6|          12|
    |add_ln828_7_fu_10207_p2   |     +    |      0|  0|   19|           7|          12|
    |add_ln828_8_fu_10429_p2   |     +    |      0|  0|   19|           7|          12|
    |add_ln828_9_fu_10623_p2   |     +    |      0|  0|   19|           7|          12|
    |add_ln828_fu_8765_p2      |     +    |      0|  0|   19|           4|          12|
    |grp_fu_8412_p2            |     -    |      0|  0|   39|          18|          32|
    |or_ln812_10_fu_10778_p2   |    or    |      0|  0|   11|          11|           6|
    |or_ln812_11_fu_11015_p2   |    or    |      0|  0|   11|          11|           6|
    |or_ln812_12_fu_11194_p2   |    or    |      0|  0|   11|          11|           6|
    |or_ln812_13_fu_11431_p2   |    or    |      0|  0|   11|          11|           6|
    |or_ln812_14_fu_11610_p2   |    or    |      0|  0|   11|          11|           6|
    |or_ln812_15_fu_11847_p2   |    or    |      0|  0|   11|          11|           7|
    |or_ln812_16_fu_12026_p2   |    or    |      0|  0|   11|          11|           7|
    |or_ln812_17_fu_12263_p2   |    or    |      0|  0|   11|          11|           7|
    |or_ln812_18_fu_12442_p2   |    or    |      0|  0|   11|          11|           7|
    |or_ln812_19_fu_12679_p2   |    or    |      0|  0|   11|          11|           7|
    |or_ln812_1_fu_8935_p2     |    or    |      0|  0|   11|          11|           4|
    |or_ln812_20_fu_12858_p2   |    or    |      0|  0|   11|          11|           7|
    |or_ln812_21_fu_13095_p2   |    or    |      0|  0|   11|          11|           7|
    |or_ln812_22_fu_13274_p2   |    or    |      0|  0|   11|          11|           7|
    |or_ln812_23_fu_13511_p2   |    or    |      0|  0|   11|          11|           7|
    |or_ln812_24_fu_13690_p2   |    or    |      0|  0|   11|          11|           7|
    |or_ln812_25_fu_13927_p2   |    or    |      0|  0|   11|          11|           7|
    |or_ln812_26_fu_14106_p2   |    or    |      0|  0|   11|          11|           7|
    |or_ln812_27_fu_14343_p2   |    or    |      0|  0|   11|          11|           7|
    |or_ln812_28_fu_14522_p2   |    or    |      0|  0|   11|          11|           7|
    |or_ln812_29_fu_14759_p2   |    or    |      0|  0|   11|          11|           7|
    |or_ln812_2_fu_9114_p2     |    or    |      0|  0|   11|          11|           4|
    |or_ln812_30_fu_14938_p2   |    or    |      0|  0|   11|          11|           7|
    |or_ln812_31_fu_15175_p2   |    or    |      0|  0|   11|          11|           8|
    |or_ln812_32_fu_15354_p2   |    or    |      0|  0|   11|          11|           8|
    |or_ln812_33_fu_15591_p2   |    or    |      0|  0|   11|          11|           8|
    |or_ln812_34_fu_15770_p2   |    or    |      0|  0|   11|          11|           8|
    |or_ln812_35_fu_16007_p2   |    or    |      0|  0|   11|          11|           8|
    |or_ln812_36_fu_16186_p2   |    or    |      0|  0|   11|          11|           8|
    |or_ln812_37_fu_16423_p2   |    or    |      0|  0|   11|          11|           8|
    |or_ln812_38_fu_16602_p2   |    or    |      0|  0|   11|          11|           8|
    |or_ln812_39_fu_16839_p2   |    or    |      0|  0|   11|          11|           8|
    |or_ln812_3_fu_9351_p2     |    or    |      0|  0|   11|          11|           5|
    |or_ln812_40_fu_17018_p2   |    or    |      0|  0|   11|          11|           8|
    |or_ln812_41_fu_17255_p2   |    or    |      0|  0|   11|          11|           8|
    |or_ln812_42_fu_17434_p2   |    or    |      0|  0|   11|          11|           8|
    |or_ln812_43_fu_17671_p2   |    or    |      0|  0|   11|          11|           8|
    |or_ln812_44_fu_17850_p2   |    or    |      0|  0|   11|          11|           8|
    |or_ln812_45_fu_18087_p2   |    or    |      0|  0|   11|          11|           8|
    |or_ln812_46_fu_18266_p2   |    or    |      0|  0|   11|          11|           8|
    |or_ln812_47_fu_18503_p2   |    or    |      0|  0|   11|          11|           8|
    |or_ln812_48_fu_18682_p2   |    or    |      0|  0|   11|          11|           8|
    |or_ln812_49_fu_18919_p2   |    or    |      0|  0|   11|          11|           8|
    |or_ln812_4_fu_9530_p2     |    or    |      0|  0|   11|          11|           5|
    |or_ln812_50_fu_19098_p2   |    or    |      0|  0|   11|          11|           8|
    |or_ln812_51_fu_19335_p2   |    or    |      0|  0|   11|          11|           8|
    |or_ln812_52_fu_19514_p2   |    or    |      0|  0|   11|          11|           8|
    |or_ln812_53_fu_19751_p2   |    or    |      0|  0|   11|          11|           8|
    |or_ln812_54_fu_19930_p2   |    or    |      0|  0|   11|          11|           8|
    |or_ln812_55_fu_20167_p2   |    or    |      0|  0|   11|          11|           8|
    |or_ln812_56_fu_20346_p2   |    or    |      0|  0|   11|          11|           8|
    |or_ln812_57_fu_20583_p2   |    or    |      0|  0|   11|          11|           8|
    |or_ln812_58_fu_20762_p2   |    or    |      0|  0|   11|          11|           8|
    |or_ln812_59_fu_20999_p2   |    or    |      0|  0|   11|          11|           8|
    |or_ln812_5_fu_9767_p2     |    or    |      0|  0|   11|          11|           5|
    |or_ln812_60_fu_21178_p2   |    or    |      0|  0|   11|          11|           8|
    |or_ln812_61_fu_21415_p2   |    or    |      0|  0|   11|          11|           8|
    |or_ln812_62_fu_21594_p2   |    or    |      0|  0|   11|          11|           8|
    |or_ln812_6_fu_9946_p2     |    or    |      0|  0|   11|          11|           5|
    |or_ln812_7_fu_10183_p2    |    or    |      0|  0|   11|          11|           6|
    |or_ln812_8_fu_10362_p2    |    or    |      0|  0|   11|          11|           6|
    |or_ln812_9_fu_10599_p2    |    or    |      0|  0|   11|          11|           6|
    |or_ln812_fu_8698_p2       |    or    |      0|  0|   11|          11|           3|
    |or_ln813_10_fu_10633_p2   |    or    |      0|  0|   11|          11|           6|
    |or_ln813_11_fu_10831_p2   |    or    |      0|  0|   11|          11|           6|
    |or_ln813_12_fu_11049_p2   |    or    |      0|  0|   11|          11|           6|
    |or_ln813_13_fu_11247_p2   |    or    |      0|  0|   11|          11|           6|
    |or_ln813_14_fu_11465_p2   |    or    |      0|  0|   11|          11|           6|
    |or_ln813_15_fu_11663_p2   |    or    |      0|  0|   11|          11|           6|
    |or_ln813_16_fu_11881_p2   |    or    |      0|  0|   11|          11|           7|
    |or_ln813_17_fu_12079_p2   |    or    |      0|  0|   11|          11|           7|
    |or_ln813_18_fu_12297_p2   |    or    |      0|  0|   11|          11|           7|
    |or_ln813_19_fu_12495_p2   |    or    |      0|  0|   11|          11|           7|
    |or_ln813_1_fu_8751_p2     |    or    |      0|  0|   11|          11|           3|
    |or_ln813_20_fu_12713_p2   |    or    |      0|  0|   11|          11|           7|
    |or_ln813_21_fu_12911_p2   |    or    |      0|  0|   11|          11|           7|
    |or_ln813_22_fu_13129_p2   |    or    |      0|  0|   11|          11|           7|
    |or_ln813_23_fu_13327_p2   |    or    |      0|  0|   11|          11|           7|
    |or_ln813_24_fu_13545_p2   |    or    |      0|  0|   11|          11|           7|
    |or_ln813_25_fu_13743_p2   |    or    |      0|  0|   11|          11|           7|
    |or_ln813_26_fu_13961_p2   |    or    |      0|  0|   11|          11|           7|
    |or_ln813_27_fu_14159_p2   |    or    |      0|  0|   11|          11|           7|
    |or_ln813_28_fu_14377_p2   |    or    |      0|  0|   11|          11|           7|
    |or_ln813_29_fu_14575_p2   |    or    |      0|  0|   11|          11|           7|
    |or_ln813_2_fu_8969_p2     |    or    |      0|  0|   11|          11|           4|
    |or_ln813_30_fu_14793_p2   |    or    |      0|  0|   11|          11|           7|
    |or_ln813_31_fu_14991_p2   |    or    |      0|  0|   11|          11|           7|
    |or_ln813_32_fu_15209_p2   |    or    |      0|  0|   11|          11|           8|
    |or_ln813_33_fu_15407_p2   |    or    |      0|  0|   11|          11|           8|
    |or_ln813_34_fu_15625_p2   |    or    |      0|  0|   11|          11|           8|
    |or_ln813_35_fu_15823_p2   |    or    |      0|  0|   11|          11|           8|
    |or_ln813_36_fu_16041_p2   |    or    |      0|  0|   11|          11|           8|
    |or_ln813_37_fu_16239_p2   |    or    |      0|  0|   11|          11|           8|
    |or_ln813_38_fu_16457_p2   |    or    |      0|  0|   11|          11|           8|
    |or_ln813_39_fu_16655_p2   |    or    |      0|  0|   11|          11|           8|
    |or_ln813_3_fu_9167_p2     |    or    |      0|  0|   11|          11|           4|
    |or_ln813_40_fu_16873_p2   |    or    |      0|  0|   11|          11|           8|
    |or_ln813_41_fu_17071_p2   |    or    |      0|  0|   11|          11|           8|
    |or_ln813_42_fu_17289_p2   |    or    |      0|  0|   11|          11|           8|
    |or_ln813_43_fu_17487_p2   |    or    |      0|  0|   11|          11|           8|
    |or_ln813_44_fu_17705_p2   |    or    |      0|  0|   11|          11|           8|
    |or_ln813_45_fu_17903_p2   |    or    |      0|  0|   11|          11|           8|
    |or_ln813_46_fu_18121_p2   |    or    |      0|  0|   11|          11|           8|
    |or_ln813_47_fu_18319_p2   |    or    |      0|  0|   11|          11|           8|
    |or_ln813_48_fu_18537_p2   |    or    |      0|  0|   11|          11|           8|
    |or_ln813_49_fu_18735_p2   |    or    |      0|  0|   11|          11|           8|
    |or_ln813_4_fu_9385_p2     |    or    |      0|  0|   11|          11|           5|
    |or_ln813_50_fu_18953_p2   |    or    |      0|  0|   11|          11|           8|
    |or_ln813_51_fu_19151_p2   |    or    |      0|  0|   11|          11|           8|
    |or_ln813_52_fu_19369_p2   |    or    |      0|  0|   11|          11|           8|
    |or_ln813_53_fu_19567_p2   |    or    |      0|  0|   11|          11|           8|
    |or_ln813_54_fu_19785_p2   |    or    |      0|  0|   11|          11|           8|
    |or_ln813_55_fu_19983_p2   |    or    |      0|  0|   11|          11|           8|
    |or_ln813_56_fu_20201_p2   |    or    |      0|  0|   11|          11|           8|
    |or_ln813_57_fu_20399_p2   |    or    |      0|  0|   11|          11|           8|
    |or_ln813_58_fu_20617_p2   |    or    |      0|  0|   11|          11|           8|
    |or_ln813_59_fu_20815_p2   |    or    |      0|  0|   11|          11|           8|
    |or_ln813_5_fu_9583_p2     |    or    |      0|  0|   11|          11|           5|
    |or_ln813_60_fu_21033_p2   |    or    |      0|  0|   11|          11|           8|
    |or_ln813_61_fu_21231_p2   |    or    |      0|  0|   11|          11|           8|
    |or_ln813_62_fu_21449_p2   |    or    |      0|  0|   11|          11|           8|
    |or_ln813_63_fu_21647_p2   |    or    |      0|  0|   11|          11|           8|
    |or_ln813_6_fu_9801_p2     |    or    |      0|  0|   11|          11|           5|
    |or_ln813_7_fu_9999_p2     |    or    |      0|  0|   11|          11|           5|
    |or_ln813_8_fu_10217_p2    |    or    |      0|  0|   11|          11|           6|
    |or_ln813_9_fu_10415_p2    |    or    |      0|  0|   11|          11|           6|
    |or_ln813_fu_8553_p2       |    or    |      0|  0|   11|          11|           1|
    |or_ln814_10_fu_10672_p2   |    or    |      0|  0|   11|          11|           6|
    |or_ln814_11_fu_10870_p2   |    or    |      0|  0|   11|          11|           6|
    |or_ln814_12_fu_11088_p2   |    or    |      0|  0|   11|          11|           6|
    |or_ln814_13_fu_11286_p2   |    or    |      0|  0|   11|          11|           6|
    |or_ln814_14_fu_11504_p2   |    or    |      0|  0|   11|          11|           6|
    |or_ln814_15_fu_11702_p2   |    or    |      0|  0|   11|          11|           6|
    |or_ln814_16_fu_11920_p2   |    or    |      0|  0|   11|          11|           7|
    |or_ln814_17_fu_12118_p2   |    or    |      0|  0|   11|          11|           7|
    |or_ln814_18_fu_12336_p2   |    or    |      0|  0|   11|          11|           7|
    |or_ln814_19_fu_12534_p2   |    or    |      0|  0|   11|          11|           7|
    |or_ln814_1_fu_8790_p2     |    or    |      0|  0|   11|          11|           3|
    |or_ln814_20_fu_12752_p2   |    or    |      0|  0|   11|          11|           7|
    |or_ln814_21_fu_12950_p2   |    or    |      0|  0|   11|          11|           7|
    |or_ln814_22_fu_13168_p2   |    or    |      0|  0|   11|          11|           7|
    |or_ln814_23_fu_13366_p2   |    or    |      0|  0|   11|          11|           7|
    |or_ln814_24_fu_13584_p2   |    or    |      0|  0|   11|          11|           7|
    |or_ln814_25_fu_13782_p2   |    or    |      0|  0|   11|          11|           7|
    |or_ln814_26_fu_14000_p2   |    or    |      0|  0|   11|          11|           7|
    |or_ln814_27_fu_14198_p2   |    or    |      0|  0|   11|          11|           7|
    |or_ln814_28_fu_14416_p2   |    or    |      0|  0|   11|          11|           7|
    |or_ln814_29_fu_14614_p2   |    or    |      0|  0|   11|          11|           7|
    |or_ln814_2_fu_9008_p2     |    or    |      0|  0|   11|          11|           4|
    |or_ln814_30_fu_14832_p2   |    or    |      0|  0|   11|          11|           7|
    |or_ln814_31_fu_15030_p2   |    or    |      0|  0|   11|          11|           7|
    |or_ln814_32_fu_15248_p2   |    or    |      0|  0|   11|          11|           8|
    |or_ln814_33_fu_15446_p2   |    or    |      0|  0|   11|          11|           8|
    |or_ln814_34_fu_15664_p2   |    or    |      0|  0|   11|          11|           8|
    |or_ln814_35_fu_15862_p2   |    or    |      0|  0|   11|          11|           8|
    |or_ln814_36_fu_16080_p2   |    or    |      0|  0|   11|          11|           8|
    |or_ln814_37_fu_16278_p2   |    or    |      0|  0|   11|          11|           8|
    |or_ln814_38_fu_16496_p2   |    or    |      0|  0|   11|          11|           8|
    |or_ln814_39_fu_16694_p2   |    or    |      0|  0|   11|          11|           8|
    |or_ln814_3_fu_9206_p2     |    or    |      0|  0|   11|          11|           4|
    |or_ln814_40_fu_16912_p2   |    or    |      0|  0|   11|          11|           8|
    |or_ln814_41_fu_17110_p2   |    or    |      0|  0|   11|          11|           8|
    |or_ln814_42_fu_17328_p2   |    or    |      0|  0|   11|          11|           8|
    |or_ln814_43_fu_17526_p2   |    or    |      0|  0|   11|          11|           8|
    |or_ln814_44_fu_17744_p2   |    or    |      0|  0|   11|          11|           8|
    |or_ln814_45_fu_17942_p2   |    or    |      0|  0|   11|          11|           8|
    |or_ln814_46_fu_18160_p2   |    or    |      0|  0|   11|          11|           8|
    |or_ln814_47_fu_18358_p2   |    or    |      0|  0|   11|          11|           8|
    |or_ln814_48_fu_18576_p2   |    or    |      0|  0|   11|          11|           8|
    |or_ln814_49_fu_18774_p2   |    or    |      0|  0|   11|          11|           8|
    |or_ln814_4_fu_9424_p2     |    or    |      0|  0|   11|          11|           5|
    |or_ln814_50_fu_18992_p2   |    or    |      0|  0|   11|          11|           8|
    |or_ln814_51_fu_19190_p2   |    or    |      0|  0|   11|          11|           8|
    |or_ln814_52_fu_19408_p2   |    or    |      0|  0|   11|          11|           8|
    |or_ln814_53_fu_19606_p2   |    or    |      0|  0|   11|          11|           8|
    |or_ln814_54_fu_19824_p2   |    or    |      0|  0|   11|          11|           8|
    |or_ln814_55_fu_20022_p2   |    or    |      0|  0|   11|          11|           8|
    |or_ln814_56_fu_20240_p2   |    or    |      0|  0|   11|          11|           8|
    |or_ln814_57_fu_20438_p2   |    or    |      0|  0|   11|          11|           8|
    |or_ln814_58_fu_20656_p2   |    or    |      0|  0|   11|          11|           8|
    |or_ln814_59_fu_20854_p2   |    or    |      0|  0|   11|          11|           8|
    |or_ln814_5_fu_9622_p2     |    or    |      0|  0|   11|          11|           5|
    |or_ln814_60_fu_21072_p2   |    or    |      0|  0|   11|          11|           8|
    |or_ln814_61_fu_21270_p2   |    or    |      0|  0|   11|          11|           8|
    |or_ln814_62_fu_21488_p2   |    or    |      0|  0|   11|          11|           8|
    |or_ln814_63_fu_21686_p2   |    or    |      0|  0|   11|          11|           8|
    |or_ln814_6_fu_9840_p2     |    or    |      0|  0|   11|          11|           5|
    |or_ln814_7_fu_10038_p2    |    or    |      0|  0|   11|          11|           5|
    |or_ln814_8_fu_10256_p2    |    or    |      0|  0|   11|          11|           6|
    |or_ln814_9_fu_10454_p2    |    or    |      0|  0|   11|          11|           6|
    |or_ln814_fu_8592_p2       |    or    |      0|  0|   11|          11|           2|
    |or_ln815_10_fu_10725_p2   |    or    |      0|  0|   11|          11|           6|
    |or_ln815_11_fu_10923_p2   |    or    |      0|  0|   11|          11|           6|
    |or_ln815_12_fu_11141_p2   |    or    |      0|  0|   11|          11|           6|
    |or_ln815_13_fu_11339_p2   |    or    |      0|  0|   11|          11|           6|
    |or_ln815_14_fu_11557_p2   |    or    |      0|  0|   11|          11|           6|
    |or_ln815_15_fu_11755_p2   |    or    |      0|  0|   11|          11|           6|
    |or_ln815_16_fu_11973_p2   |    or    |      0|  0|   11|          11|           7|
    |or_ln815_17_fu_12171_p2   |    or    |      0|  0|   11|          11|           7|
    |or_ln815_18_fu_12389_p2   |    or    |      0|  0|   11|          11|           7|
    |or_ln815_19_fu_12587_p2   |    or    |      0|  0|   11|          11|           7|
    |or_ln815_1_fu_8843_p2     |    or    |      0|  0|   11|          11|           3|
    |or_ln815_20_fu_12805_p2   |    or    |      0|  0|   11|          11|           7|
    |or_ln815_21_fu_13003_p2   |    or    |      0|  0|   11|          11|           7|
    |or_ln815_22_fu_13221_p2   |    or    |      0|  0|   11|          11|           7|
    |or_ln815_23_fu_13419_p2   |    or    |      0|  0|   11|          11|           7|
    |or_ln815_24_fu_13637_p2   |    or    |      0|  0|   11|          11|           7|
    |or_ln815_25_fu_13835_p2   |    or    |      0|  0|   11|          11|           7|
    |or_ln815_26_fu_14053_p2   |    or    |      0|  0|   11|          11|           7|
    |or_ln815_27_fu_14251_p2   |    or    |      0|  0|   11|          11|           7|
    |or_ln815_28_fu_14469_p2   |    or    |      0|  0|   11|          11|           7|
    |or_ln815_29_fu_14667_p2   |    or    |      0|  0|   11|          11|           7|
    |or_ln815_2_fu_9061_p2     |    or    |      0|  0|   11|          11|           4|
    |or_ln815_30_fu_14885_p2   |    or    |      0|  0|   11|          11|           7|
    |or_ln815_31_fu_15083_p2   |    or    |      0|  0|   11|          11|           7|
    |or_ln815_32_fu_15301_p2   |    or    |      0|  0|   11|          11|           8|
    |or_ln815_33_fu_15499_p2   |    or    |      0|  0|   11|          11|           8|
    |or_ln815_34_fu_15717_p2   |    or    |      0|  0|   11|          11|           8|
    |or_ln815_35_fu_15915_p2   |    or    |      0|  0|   11|          11|           8|
    |or_ln815_36_fu_16133_p2   |    or    |      0|  0|   11|          11|           8|
    |or_ln815_37_fu_16331_p2   |    or    |      0|  0|   11|          11|           8|
    |or_ln815_38_fu_16549_p2   |    or    |      0|  0|   11|          11|           8|
    |or_ln815_39_fu_16747_p2   |    or    |      0|  0|   11|          11|           8|
    |or_ln815_3_fu_9259_p2     |    or    |      0|  0|   11|          11|           4|
    |or_ln815_40_fu_16965_p2   |    or    |      0|  0|   11|          11|           8|
    |or_ln815_41_fu_17163_p2   |    or    |      0|  0|   11|          11|           8|
    |or_ln815_42_fu_17381_p2   |    or    |      0|  0|   11|          11|           8|
    |or_ln815_43_fu_17579_p2   |    or    |      0|  0|   11|          11|           8|
    |or_ln815_44_fu_17797_p2   |    or    |      0|  0|   11|          11|           8|
    |or_ln815_45_fu_17995_p2   |    or    |      0|  0|   11|          11|           8|
    |or_ln815_46_fu_18213_p2   |    or    |      0|  0|   11|          11|           8|
    |or_ln815_47_fu_18411_p2   |    or    |      0|  0|   11|          11|           8|
    |or_ln815_48_fu_18629_p2   |    or    |      0|  0|   11|          11|           8|
    |or_ln815_49_fu_18827_p2   |    or    |      0|  0|   11|          11|           8|
    |or_ln815_4_fu_9477_p2     |    or    |      0|  0|   11|          11|           5|
    |or_ln815_50_fu_19045_p2   |    or    |      0|  0|   11|          11|           8|
    |or_ln815_51_fu_19243_p2   |    or    |      0|  0|   11|          11|           8|
    |or_ln815_52_fu_19461_p2   |    or    |      0|  0|   11|          11|           8|
    |or_ln815_53_fu_19659_p2   |    or    |      0|  0|   11|          11|           8|
    |or_ln815_54_fu_19877_p2   |    or    |      0|  0|   11|          11|           8|
    |or_ln815_55_fu_20075_p2   |    or    |      0|  0|   11|          11|           8|
    |or_ln815_56_fu_20293_p2   |    or    |      0|  0|   11|          11|           8|
    |or_ln815_57_fu_20491_p2   |    or    |      0|  0|   11|          11|           8|
    |or_ln815_58_fu_20709_p2   |    or    |      0|  0|   11|          11|           8|
    |or_ln815_59_fu_20907_p2   |    or    |      0|  0|   11|          11|           8|
    |or_ln815_5_fu_9675_p2     |    or    |      0|  0|   11|          11|           5|
    |or_ln815_60_fu_21125_p2   |    or    |      0|  0|   11|          11|           8|
    |or_ln815_61_fu_21323_p2   |    or    |      0|  0|   11|          11|           8|
    |or_ln815_62_fu_21541_p2   |    or    |      0|  0|   11|          11|           8|
    |or_ln815_63_fu_21739_p2   |    or    |      0|  0|   11|          11|           8|
    |or_ln815_6_fu_9893_p2     |    or    |      0|  0|   11|          11|           5|
    |or_ln815_7_fu_10091_p2    |    or    |      0|  0|   11|          11|           5|
    |or_ln815_8_fu_10309_p2    |    or    |      0|  0|   11|          11|           6|
    |or_ln815_9_fu_10507_p2    |    or    |      0|  0|   11|          11|           6|
    |or_ln815_fu_8645_p2       |    or    |      0|  0|   11|          11|           2|
    |or_ln820_10_fu_10708_p2   |    or    |      0|  0|    8|           8|           8|
    |or_ln820_11_fu_10916_p2   |    or    |      0|  0|    8|           8|           8|
    |or_ln820_12_fu_11124_p2   |    or    |      0|  0|    8|           8|           8|
    |or_ln820_13_fu_11332_p2   |    or    |      0|  0|    8|           8|           8|
    |or_ln820_14_fu_11540_p2   |    or    |      0|  0|    8|           8|           8|
    |or_ln820_15_fu_11748_p2   |    or    |      0|  0|    8|           8|           8|
    |or_ln820_16_fu_11956_p2   |    or    |      0|  0|    8|           8|           8|
    |or_ln820_17_fu_12164_p2   |    or    |      0|  0|    8|           8|           8|
    |or_ln820_18_fu_12372_p2   |    or    |      0|  0|    8|           8|           8|
    |or_ln820_19_fu_12580_p2   |    or    |      0|  0|    8|           8|           8|
    |or_ln820_1_fu_8836_p2     |    or    |      0|  0|    8|           8|           8|
    |or_ln820_20_fu_12788_p2   |    or    |      0|  0|    8|           8|           8|
    |or_ln820_21_fu_12996_p2   |    or    |      0|  0|    8|           8|           8|
    |or_ln820_22_fu_13204_p2   |    or    |      0|  0|    8|           8|           8|
    |or_ln820_23_fu_13412_p2   |    or    |      0|  0|    8|           8|           8|
    |or_ln820_24_fu_13620_p2   |    or    |      0|  0|    8|           8|           8|
    |or_ln820_25_fu_13828_p2   |    or    |      0|  0|    8|           8|           8|
    |or_ln820_26_fu_14036_p2   |    or    |      0|  0|    8|           8|           8|
    |or_ln820_27_fu_14244_p2   |    or    |      0|  0|    8|           8|           8|
    |or_ln820_28_fu_14452_p2   |    or    |      0|  0|    8|           8|           8|
    |or_ln820_29_fu_14660_p2   |    or    |      0|  0|    8|           8|           8|
    |or_ln820_2_fu_9044_p2     |    or    |      0|  0|    8|           8|           8|
    |or_ln820_30_fu_14868_p2   |    or    |      0|  0|    8|           8|           8|
    |or_ln820_31_fu_15076_p2   |    or    |      0|  0|    8|           8|           8|
    |or_ln820_32_fu_15284_p2   |    or    |      0|  0|    8|           8|           8|
    |or_ln820_33_fu_15492_p2   |    or    |      0|  0|    8|           8|           8|
    |or_ln820_34_fu_15700_p2   |    or    |      0|  0|    8|           8|           8|
    |or_ln820_35_fu_15908_p2   |    or    |      0|  0|    8|           8|           8|
    |or_ln820_36_fu_16116_p2   |    or    |      0|  0|    8|           8|           8|
    |or_ln820_37_fu_16324_p2   |    or    |      0|  0|    8|           8|           8|
    |or_ln820_38_fu_16532_p2   |    or    |      0|  0|    8|           8|           8|
    |or_ln820_39_fu_16740_p2   |    or    |      0|  0|    8|           8|           8|
    |or_ln820_3_fu_9252_p2     |    or    |      0|  0|    8|           8|           8|
    |or_ln820_40_fu_16948_p2   |    or    |      0|  0|    8|           8|           8|
    |or_ln820_41_fu_17156_p2   |    or    |      0|  0|    8|           8|           8|
    |or_ln820_42_fu_17364_p2   |    or    |      0|  0|    8|           8|           8|
    |or_ln820_43_fu_17572_p2   |    or    |      0|  0|    8|           8|           8|
    |or_ln820_44_fu_17780_p2   |    or    |      0|  0|    8|           8|           8|
    |or_ln820_45_fu_17988_p2   |    or    |      0|  0|    8|           8|           8|
    |or_ln820_46_fu_18196_p2   |    or    |      0|  0|    8|           8|           8|
    |or_ln820_47_fu_18404_p2   |    or    |      0|  0|    8|           8|           8|
    |or_ln820_48_fu_18612_p2   |    or    |      0|  0|    8|           8|           8|
    |or_ln820_49_fu_18820_p2   |    or    |      0|  0|    8|           8|           8|
    |or_ln820_4_fu_9460_p2     |    or    |      0|  0|    8|           8|           8|
    |or_ln820_50_fu_19028_p2   |    or    |      0|  0|    8|           8|           8|
    |or_ln820_51_fu_19236_p2   |    or    |      0|  0|    8|           8|           8|
    |or_ln820_52_fu_19444_p2   |    or    |      0|  0|    8|           8|           8|
    |or_ln820_53_fu_19652_p2   |    or    |      0|  0|    8|           8|           8|
    |or_ln820_54_fu_19860_p2   |    or    |      0|  0|    8|           8|           8|
    |or_ln820_55_fu_20068_p2   |    or    |      0|  0|    8|           8|           8|
    |or_ln820_56_fu_20276_p2   |    or    |      0|  0|    8|           8|           8|
    |or_ln820_57_fu_20484_p2   |    or    |      0|  0|    8|           8|           8|
    |or_ln820_58_fu_20692_p2   |    or    |      0|  0|    8|           8|           8|
    |or_ln820_59_fu_20900_p2   |    or    |      0|  0|    8|           8|           8|
    |or_ln820_5_fu_9668_p2     |    or    |      0|  0|    8|           8|           8|
    |or_ln820_60_fu_21108_p2   |    or    |      0|  0|    8|           8|           8|
    |or_ln820_61_fu_21316_p2   |    or    |      0|  0|    8|           8|           8|
    |or_ln820_62_fu_21524_p2   |    or    |      0|  0|    8|           8|           8|
    |or_ln820_63_fu_21732_p2   |    or    |      0|  0|    8|           8|           8|
    |or_ln820_6_fu_9876_p2     |    or    |      0|  0|    8|           8|           8|
    |or_ln820_7_fu_10084_p2    |    or    |      0|  0|    8|           8|           8|
    |or_ln820_8_fu_10292_p2    |    or    |      0|  0|    8|           8|           8|
    |or_ln820_9_fu_10500_p2    |    or    |      0|  0|    8|           8|           8|
    |or_ln820_fu_8628_p2       |    or    |      0|  0|    8|           8|           8|
    |or_ln823_10_fu_10761_p2   |    or    |      0|  0|    8|           8|           8|
    |or_ln823_11_fu_10969_p2   |    or    |      0|  0|    8|           8|           8|
    |or_ln823_12_fu_11177_p2   |    or    |      0|  0|    8|           8|           8|
    |or_ln823_13_fu_11385_p2   |    or    |      0|  0|    8|           8|           8|
    |or_ln823_14_fu_11593_p2   |    or    |      0|  0|    8|           8|           8|
    |or_ln823_15_fu_11801_p2   |    or    |      0|  0|    8|           8|           8|
    |or_ln823_16_fu_12009_p2   |    or    |      0|  0|    8|           8|           8|
    |or_ln823_17_fu_12217_p2   |    or    |      0|  0|    8|           8|           8|
    |or_ln823_18_fu_12425_p2   |    or    |      0|  0|    8|           8|           8|
    |or_ln823_19_fu_12633_p2   |    or    |      0|  0|    8|           8|           8|
    |or_ln823_1_fu_8889_p2     |    or    |      0|  0|    8|           8|           8|
    |or_ln823_20_fu_12841_p2   |    or    |      0|  0|    8|           8|           8|
    |or_ln823_21_fu_13049_p2   |    or    |      0|  0|    8|           8|           8|
    |or_ln823_22_fu_13257_p2   |    or    |      0|  0|    8|           8|           8|
    |or_ln823_23_fu_13465_p2   |    or    |      0|  0|    8|           8|           8|
    |or_ln823_24_fu_13673_p2   |    or    |      0|  0|    8|           8|           8|
    |or_ln823_25_fu_13881_p2   |    or    |      0|  0|    8|           8|           8|
    |or_ln823_26_fu_14089_p2   |    or    |      0|  0|    8|           8|           8|
    |or_ln823_27_fu_14297_p2   |    or    |      0|  0|    8|           8|           8|
    |or_ln823_28_fu_14505_p2   |    or    |      0|  0|    8|           8|           8|
    |or_ln823_29_fu_14713_p2   |    or    |      0|  0|    8|           8|           8|
    |or_ln823_2_fu_9097_p2     |    or    |      0|  0|    8|           8|           8|
    |or_ln823_30_fu_14921_p2   |    or    |      0|  0|    8|           8|           8|
    |or_ln823_31_fu_15129_p2   |    or    |      0|  0|    8|           8|           8|
    |or_ln823_32_fu_15337_p2   |    or    |      0|  0|    8|           8|           8|
    |or_ln823_33_fu_15545_p2   |    or    |      0|  0|    8|           8|           8|
    |or_ln823_34_fu_15753_p2   |    or    |      0|  0|    8|           8|           8|
    |or_ln823_35_fu_15961_p2   |    or    |      0|  0|    8|           8|           8|
    |or_ln823_36_fu_16169_p2   |    or    |      0|  0|    8|           8|           8|
    |or_ln823_37_fu_16377_p2   |    or    |      0|  0|    8|           8|           8|
    |or_ln823_38_fu_16585_p2   |    or    |      0|  0|    8|           8|           8|
    |or_ln823_39_fu_16793_p2   |    or    |      0|  0|    8|           8|           8|
    |or_ln823_3_fu_9305_p2     |    or    |      0|  0|    8|           8|           8|
    |or_ln823_40_fu_17001_p2   |    or    |      0|  0|    8|           8|           8|
    |or_ln823_41_fu_17209_p2   |    or    |      0|  0|    8|           8|           8|
    |or_ln823_42_fu_17417_p2   |    or    |      0|  0|    8|           8|           8|
    |or_ln823_43_fu_17625_p2   |    or    |      0|  0|    8|           8|           8|
    |or_ln823_44_fu_17833_p2   |    or    |      0|  0|    8|           8|           8|
    |or_ln823_45_fu_18041_p2   |    or    |      0|  0|    8|           8|           8|
    |or_ln823_46_fu_18249_p2   |    or    |      0|  0|    8|           8|           8|
    |or_ln823_47_fu_18457_p2   |    or    |      0|  0|    8|           8|           8|
    |or_ln823_48_fu_18665_p2   |    or    |      0|  0|    8|           8|           8|
    |or_ln823_49_fu_18873_p2   |    or    |      0|  0|    8|           8|           8|
    |or_ln823_4_fu_9513_p2     |    or    |      0|  0|    8|           8|           8|
    |or_ln823_50_fu_19081_p2   |    or    |      0|  0|    8|           8|           8|
    |or_ln823_51_fu_19289_p2   |    or    |      0|  0|    8|           8|           8|
    |or_ln823_52_fu_19497_p2   |    or    |      0|  0|    8|           8|           8|
    |or_ln823_53_fu_19705_p2   |    or    |      0|  0|    8|           8|           8|
    |or_ln823_54_fu_19913_p2   |    or    |      0|  0|    8|           8|           8|
    |or_ln823_55_fu_20121_p2   |    or    |      0|  0|    8|           8|           8|
    |or_ln823_56_fu_20329_p2   |    or    |      0|  0|    8|           8|           8|
    |or_ln823_57_fu_20537_p2   |    or    |      0|  0|    8|           8|           8|
    |or_ln823_58_fu_20745_p2   |    or    |      0|  0|    8|           8|           8|
    |or_ln823_59_fu_20953_p2   |    or    |      0|  0|    8|           8|           8|
    |or_ln823_5_fu_9721_p2     |    or    |      0|  0|    8|           8|           8|
    |or_ln823_60_fu_21161_p2   |    or    |      0|  0|    8|           8|           8|
    |or_ln823_61_fu_21369_p2   |    or    |      0|  0|    8|           8|           8|
    |or_ln823_62_fu_21577_p2   |    or    |      0|  0|    8|           8|           8|
    |or_ln823_63_fu_21785_p2   |    or    |      0|  0|    8|           8|           8|
    |or_ln823_6_fu_9929_p2     |    or    |      0|  0|    8|           8|           8|
    |or_ln823_7_fu_10137_p2    |    or    |      0|  0|    8|           8|           8|
    |or_ln823_8_fu_10345_p2    |    or    |      0|  0|    8|           8|           8|
    |or_ln823_9_fu_10553_p2    |    or    |      0|  0|    8|           8|           8|
    |or_ln823_fu_8681_p2       |    or    |      0|  0|    8|           8|           8|
    |or_ln826_10_fu_10814_p2   |    or    |      0|  0|    8|           8|           8|
    |or_ln826_11_fu_11008_p2   |    or    |      0|  0|    8|           8|           8|
    |or_ln826_12_fu_11230_p2   |    or    |      0|  0|    8|           8|           8|
    |or_ln826_13_fu_11424_p2   |    or    |      0|  0|    8|           8|           8|
    |or_ln826_14_fu_11646_p2   |    or    |      0|  0|    8|           8|           8|
    |or_ln826_15_fu_11840_p2   |    or    |      0|  0|    8|           8|           8|
    |or_ln826_16_fu_12062_p2   |    or    |      0|  0|    8|           8|           8|
    |or_ln826_17_fu_12256_p2   |    or    |      0|  0|    8|           8|           8|
    |or_ln826_18_fu_12478_p2   |    or    |      0|  0|    8|           8|           8|
    |or_ln826_19_fu_12672_p2   |    or    |      0|  0|    8|           8|           8|
    |or_ln826_1_fu_8928_p2     |    or    |      0|  0|    8|           8|           8|
    |or_ln826_20_fu_12894_p2   |    or    |      0|  0|    8|           8|           8|
    |or_ln826_21_fu_13088_p2   |    or    |      0|  0|    8|           8|           8|
    |or_ln826_22_fu_13310_p2   |    or    |      0|  0|    8|           8|           8|
    |or_ln826_23_fu_13504_p2   |    or    |      0|  0|    8|           8|           8|
    |or_ln826_24_fu_13726_p2   |    or    |      0|  0|    8|           8|           8|
    |or_ln826_25_fu_13920_p2   |    or    |      0|  0|    8|           8|           8|
    |or_ln826_26_fu_14142_p2   |    or    |      0|  0|    8|           8|           8|
    |or_ln826_27_fu_14336_p2   |    or    |      0|  0|    8|           8|           8|
    |or_ln826_28_fu_14558_p2   |    or    |      0|  0|    8|           8|           8|
    |or_ln826_29_fu_14752_p2   |    or    |      0|  0|    8|           8|           8|
    |or_ln826_2_fu_9150_p2     |    or    |      0|  0|    8|           8|           8|
    |or_ln826_30_fu_14974_p2   |    or    |      0|  0|    8|           8|           8|
    |or_ln826_31_fu_15168_p2   |    or    |      0|  0|    8|           8|           8|
    |or_ln826_32_fu_15390_p2   |    or    |      0|  0|    8|           8|           8|
    |or_ln826_33_fu_15584_p2   |    or    |      0|  0|    8|           8|           8|
    |or_ln826_34_fu_15806_p2   |    or    |      0|  0|    8|           8|           8|
    |or_ln826_35_fu_16000_p2   |    or    |      0|  0|    8|           8|           8|
    |or_ln826_36_fu_16222_p2   |    or    |      0|  0|    8|           8|           8|
    |or_ln826_37_fu_16416_p2   |    or    |      0|  0|    8|           8|           8|
    |or_ln826_38_fu_16638_p2   |    or    |      0|  0|    8|           8|           8|
    |or_ln826_39_fu_16832_p2   |    or    |      0|  0|    8|           8|           8|
    |or_ln826_3_fu_9344_p2     |    or    |      0|  0|    8|           8|           8|
    |or_ln826_40_fu_17054_p2   |    or    |      0|  0|    8|           8|           8|
    |or_ln826_41_fu_17248_p2   |    or    |      0|  0|    8|           8|           8|
    |or_ln826_42_fu_17470_p2   |    or    |      0|  0|    8|           8|           8|
    |or_ln826_43_fu_17664_p2   |    or    |      0|  0|    8|           8|           8|
    |or_ln826_44_fu_17886_p2   |    or    |      0|  0|    8|           8|           8|
    |or_ln826_45_fu_18080_p2   |    or    |      0|  0|    8|           8|           8|
    |or_ln826_46_fu_18302_p2   |    or    |      0|  0|    8|           8|           8|
    |or_ln826_47_fu_18496_p2   |    or    |      0|  0|    8|           8|           8|
    |or_ln826_48_fu_18718_p2   |    or    |      0|  0|    8|           8|           8|
    |or_ln826_49_fu_18912_p2   |    or    |      0|  0|    8|           8|           8|
    |or_ln826_4_fu_9566_p2     |    or    |      0|  0|    8|           8|           8|
    |or_ln826_50_fu_19134_p2   |    or    |      0|  0|    8|           8|           8|
    |or_ln826_51_fu_19328_p2   |    or    |      0|  0|    8|           8|           8|
    |or_ln826_52_fu_19550_p2   |    or    |      0|  0|    8|           8|           8|
    |or_ln826_53_fu_19744_p2   |    or    |      0|  0|    8|           8|           8|
    |or_ln826_54_fu_19966_p2   |    or    |      0|  0|    8|           8|           8|
    |or_ln826_55_fu_20160_p2   |    or    |      0|  0|    8|           8|           8|
    |or_ln826_56_fu_20382_p2   |    or    |      0|  0|    8|           8|           8|
    |or_ln826_57_fu_20576_p2   |    or    |      0|  0|    8|           8|           8|
    |or_ln826_58_fu_20798_p2   |    or    |      0|  0|    8|           8|           8|
    |or_ln826_59_fu_20992_p2   |    or    |      0|  0|    8|           8|           8|
    |or_ln826_5_fu_9760_p2     |    or    |      0|  0|    8|           8|           8|
    |or_ln826_60_fu_21214_p2   |    or    |      0|  0|    8|           8|           8|
    |or_ln826_61_fu_21408_p2   |    or    |      0|  0|    8|           8|           8|
    |or_ln826_62_fu_21630_p2   |    or    |      0|  0|    8|           8|           8|
    |or_ln826_63_fu_21824_p2   |    or    |      0|  0|    8|           8|           8|
    |or_ln826_6_fu_9982_p2     |    or    |      0|  0|    8|           8|           8|
    |or_ln826_7_fu_10176_p2    |    or    |      0|  0|    8|           8|           8|
    |or_ln826_8_fu_10398_p2    |    or    |      0|  0|    8|           8|           8|
    |or_ln826_9_fu_10592_p2    |    or    |      0|  0|    8|           8|           8|
    |or_ln826_fu_8734_p2       |    or    |      0|  0|    8|           8|           8|
    +--------------------------+----------+-------+---+-----+------------+------------+
    |Total                     |          |      0|  0|15305|        9096|       10261|
    +--------------------------+----------+-------+---+-----+------------+------------+

    * Multiplexer: 
    +-------------------+------+-----------+-----+-----------+
    |        Name       |  LUT | Input Size| Bits| Total Bits|
    +-------------------+------+-----------+-----+-----------+
    |a_coeffs_address0  |  1173|        257|   10|       2570|
    |ap_NS_fsm          |  1305|        290|    1|        290|
    |r_address0         |  1301|        289|   13|       3757|
    |r_address1         |  1301|        289|   13|       3757|
    |r_d0               |   601|        134|    8|       1072|
    |r_d1               |   601|        134|    8|       1072|
    +-------------------+------+-----------+-----+-----------+
    |Total              |  6282|       1393|   53|      12518|
    +-------------------+------+-----------+-----+-----------+

    * Register: 
    +----------------------+-----+----+-----+-----------+
    |         Name         |  FF | LUT| Bits| Const Bits|
    +----------------------+-----+----+-----+-----------+
    |ap_CS_fsm             |  289|   0|  289|          0|
    |reg_8502              |    8|   0|    8|          0|
    |reg_8506              |    8|   0|    8|          0|
    |reg_8510              |    8|   0|    8|          0|
    |reg_8514              |    8|   0|    8|          0|
    |reg_8520              |    8|   0|    8|          0|
    |reg_8525              |    8|   0|    8|          0|
    |reg_8530              |    8|   0|    8|          0|
    |reg_8535              |    8|   0|    8|          0|
    |tmp_reg_21851         |    3|   0|   11|          8|
    |zext_ln818_reg_22120  |   11|   0|   12|          1|
    +----------------------+-----+----+-----+-----------+
    |Total                 |  367|   0|  376|          9|
    +----------------------+-----+----+-----+-----------+



================================================================
== Interface
================================================================
* Summary: 
+-------------------+-----+-----+------------+-----------------+--------------+
|     RTL Ports     | Dir | Bits|  Protocol  |  Source Object  |    C Type    |
+-------------------+-----+-----+------------+-----------------+--------------+
|ap_clk             |  in |    1| ap_ctrl_hs |    polyz_pack   | return value |
|ap_rst             |  in |    1| ap_ctrl_hs |    polyz_pack   | return value |
|ap_start           |  in |    1| ap_ctrl_hs |    polyz_pack   | return value |
|ap_done            | out |    1| ap_ctrl_hs |    polyz_pack   | return value |
|ap_idle            | out |    1| ap_ctrl_hs |    polyz_pack   | return value |
|ap_ready           | out |    1| ap_ctrl_hs |    polyz_pack   | return value |
|r_address0         | out |   13|  ap_memory |        r        |     array    |
|r_ce0              | out |    1|  ap_memory |        r        |     array    |
|r_we0              | out |    1|  ap_memory |        r        |     array    |
|r_d0               | out |    8|  ap_memory |        r        |     array    |
|r_address1         | out |   13|  ap_memory |        r        |     array    |
|r_ce1              | out |    1|  ap_memory |        r        |     array    |
|r_we1              | out |    1|  ap_memory |        r        |     array    |
|r_d1               | out |    8|  ap_memory |        r        |     array    |
|r_offset           |  in |   11|   ap_none  |     r_offset    |    scalar    |
|a_coeffs_address0  | out |   10|  ap_memory |     a_coeffs    |     array    |
|a_coeffs_ce0       | out |    1|  ap_memory |     a_coeffs    |     array    |
|a_coeffs_q0        |  in |   32|  ap_memory |     a_coeffs    |     array    |
|a_coeffs_offset    |  in |    3|   ap_none  | a_coeffs_offset |    scalar    |
+-------------------+-----+-----+------------+-----------------+--------------+

