

================================================================
== Vivado HLS Report for 'polyvecl_uniform_gam'
================================================================
* Date:           Tue Apr  4 23:39:18 2023

* Version:        2019.2 (Build 2704478 on Wed Nov 06 22:10:23 MST 2019)
* Project:        crypto_sign
* Solution:       solution1
* Product family: artix7
* Target device:  xc7a200t-fbg676-2


================================================================
== Performance Estimates
================================================================
+ Timing: 
    * Summary: 
    +--------+----------+----------+------------+
    |  Clock |  Target  | Estimated| Uncertainty|
    +--------+----------+----------+------------+
    |ap_clk  | 10.00 us | 7.824 ns |   1.25 us  |
    +--------+----------+----------+------------+

+ Latency: 
    * Summary: 
    +---------+---------+----------+----------+-----+-----+---------+
    |  Latency (cycles) |  Latency (absolute) |  Interval | Pipeline|
    |   min   |   max   |    min   |    max   | min | max |   Type  |
    +---------+---------+----------+----------+-----+-----+---------+
    |        ?|        ?|         ?|         ?|    ?|    ?|   none  |
    +---------+---------+----------+----------+-----+-----+---------+

    + Detail: 
        * Instance: 
        +-----------------------------------+------------------------+---------+---------+-----------+-----------+------+------+---------+
        |                                   |                        |  Latency (cycles) |   Latency (absolute)  |   Interval  | Pipeline|
        |              Instance             |         Module         |   min   |   max   |    min    |    max    |  min |  max |   Type  |
        +-----------------------------------+------------------------+---------+---------+-----------+-----------+------+------+---------+
        |grp_keccak_absorb_fu_395           |keccak_absorb           |        ?|        ?|          ?|          ?|     ?|     ?|   none  |
        |grp_keccak_squeezeblocks_1_fu_408  |keccak_squeezeblocks_1  |     1201|     1201| 12.010 ms | 12.010 ms |  1201|  1201|   none  |
        +-----------------------------------+------------------------+---------+---------+-----------+-----------+------+------+---------+

        * Loop: 
        +-----------------+---------+---------+----------+-----------+-----------+------+----------+
        |                 |  Latency (cycles) | Iteration|  Initiation Interval  | Trip |          |
        |    Loop Name    |   min   |   max   |  Latency |  achieved |   target  | Count| Pipelined|
        +-----------------+---------+---------+----------+-----------+-----------+------+----------+
        |- Loop 1         |        ?|        ?|         ?|          -|          -|     4|    no    |
        | + Loop 1.1      |       25|       25|         1|          -|          -|    25|    no    |
        | + Loop 1.2      |      114|      114|        19|          -|          -|     6|    no    |
        |  ++ Loop 1.2.1  |       16|       16|         2|          -|          -|     8|    no    |
        | + Loop 1.3      |      384|      384|         6|          -|          -|    64|    no    |
        +-----------------+---------+---------+----------+-----------+-----------+------+----------+



================================================================
== Utilization Estimates
================================================================
* Summary: 
+-----------------+---------+-------+--------+--------+-----+
|       Name      | BRAM_18K| DSP48E|   FF   |   LUT  | URAM|
+-----------------+---------+-------+--------+--------+-----+
|DSP              |        -|      -|       -|       -|    -|
|Expression       |        -|      -|       0|    1109|    -|
|FIFO             |        -|      -|       -|       -|    -|
|Instance         |        4|      -|    7650|   36651|    0|
|Memory           |        5|      -|       0|       0|    0|
|Multiplexer      |        -|      -|       -|     488|    -|
|Register         |        -|      -|     237|       -|    -|
+-----------------+---------+-------+--------+--------+-----+
|Total            |        9|      0|    7887|   38248|    0|
+-----------------+---------+-------+--------+--------+-----+
|Available        |      730|    740|  269200|  134600|    0|
+-----------------+---------+-------+--------+--------+-----+
|Utilization (%)  |        1|      0|       2|      28|    0|
+-----------------+---------+-------+--------+--------+-----+

+ Detail: 
    * Instance: 
    +-----------------------------------+------------------------+---------+-------+------+-------+-----+
    |              Instance             |         Module         | BRAM_18K| DSP48E|  FF  |  LUT  | URAM|
    +-----------------------------------+------------------------+---------+-------+------+-------+-----+
    |grp_keccak_absorb_fu_395           |keccak_absorb           |        2|      0|  4437|  19335|    0|
    |grp_keccak_squeezeblocks_1_fu_408  |keccak_squeezeblocks_1  |        2|      0|  3213|  17316|    0|
    +-----------------------------------+------------------------+---------+-------+------+-------+-----+
    |Total                              |                        |        4|      0|  7650|  36651|    0|
    +-----------------------------------+------------------------+---------+-------+------+-------+-----+

    * DSP48E: 
    N/A

    * Memory: 
    +-----------+----------------------+---------+---+----+-----+------+-----+------+-------------+
    |   Memory  |        Module        | BRAM_18K| FF| LUT| URAM| Words| Bits| Banks| W*Bits*Banks|
    +-----------+----------------------+---------+---+----+-----+------+-----+------+-------------+
    |state_s_U  |poly_uniform_statdEe  |        4|  0|   0|    0|    25|   64|     1|         1600|
    |buf_U      |polyvecl_uniform_fYi  |        1|  0|   0|    0|   680|    8|     1|         5440|
    +-----------+----------------------+---------+---+----+-----+------+-----+------+-------------+
    |Total      |                      |        5|  0|   0|    0|   705|   72|     2|         7040|
    +-----------+----------------------+---------+---+----+-----+------+-----+------+-------------+

    * FIFO: 
    N/A

    * Expression: 
    +----------------------+----------+-------+---+-----+------------+------------+
    |     Variable Name    | Operation| DSP48E| FF| LUT | Bitwidth P0| Bitwidth P1|
    +----------------------+----------+-------+---+-----+------------+------------+
    |add_ln31_fu_544_p2    |     +    |      0|  0|   15|           8|           8|
    |add_ln416_fu_506_p2   |     +    |      0|  0|   12|           3|           1|
    |add_ln47_fu_459_p2    |     +    |      0|  0|   23|          16|          16|
    |add_ln862_fu_675_p2   |     +    |      0|  0|   17|          10|          10|
    |add_ln863_fu_686_p2   |     +    |      0|  0|   17|           1|          10|
    |add_ln864_fu_696_p2   |     +    |      0|  0|   17|           2|          10|
    |add_ln868_fu_738_p2   |     +    |      0|  0|   17|           2|          10|
    |add_ln869_fu_748_p2   |     +    |      0|  0|   17|           3|          10|
    |add_ln873_fu_843_p2   |     +    |      0|  0|   17|           3|          10|
    |add_ln874_fu_853_p2   |     +    |      0|  0|   17|           3|          10|
    |add_ln878_fu_940_p2   |     +    |      0|  0|   17|           3|          10|
    |add_ln879_fu_950_p2   |     +    |      0|  0|   17|           4|          10|
    |i_11_fu_485_p2        |     +    |      0|  0|   15|           5|           1|
    |i_12_fu_653_p2        |     +    |      0|  0|   15|           7|           1|
    |i_13_fu_530_p2        |     +    |      0|  0|   13|           4|           1|
    |i_fu_445_p2           |     +    |      0|  0|   12|           3|           1|
    |t_0_fu_464_p2         |     +    |      0|  0|   15|           8|           8|
    |sub_ln882_fu_758_p2   |     -    |      0|  0|   26|          18|          19|
    |sub_ln883_fu_863_p2   |     -    |      0|  0|   26|          18|          19|
    |sub_ln884_fu_960_p2   |     -    |      0|  0|   26|          18|          19|
    |sub_ln885_fu_1033_p2  |     -    |      0|  0|   26|          18|          19|
    |icmp_ln30_fu_524_p2   |   icmp   |      0|  0|   11|           4|           5|
    |icmp_ln362_fu_479_p2  |   icmp   |      0|  0|   11|           5|           4|
    |icmp_ln416_fu_500_p2  |   icmp   |      0|  0|    9|           3|           3|
    |icmp_ln46_fu_439_p2   |   icmp   |      0|  0|    9|           3|           4|
    |icmp_ln861_fu_647_p2  |   icmp   |      0|  0|   11|           7|           8|
    |or_ln867_fu_786_p2    |    or    |      0|  0|    8|           8|           1|
    |or_ln870_fu_825_p2    |    or    |      0|  0|   14|          14|          14|
    |or_ln872_fu_884_p2    |    or    |      0|  0|    8|           8|           2|
    |or_ln875_fu_922_p2    |    or    |      0|  0|   12|          12|          12|
    |or_ln877_fu_981_p2    |    or    |      0|  0|    8|           8|           2|
    |or_ln879_fu_1015_p2   |    or    |      0|  0|   10|          10|          10|
    |r_fu_580_p2           |    or    |      0|  0|   64|          64|          64|
    |shl_ln31_fu_574_p2    |    shl   |      0|  0|  182|          64|          64|
    |shl_ln450_fu_623_p2   |    shl   |      0|  0|  182|           5|          64|
    |xor_ln417_fu_586_p2   |    xor   |      0|  0|   64|          64|          64|
    |xor_ln450_fu_629_p2   |    xor   |      0|  0|   64|          64|          64|
    |xor_ln451_fu_636_p2   |    xor   |      0|  0|   65|          64|          65|
    +----------------------+----------+-------+---+-----+------------+------------+
    |Total                 |          |      0|  0| 1109|         564|         653|
    +----------------------+----------+-------+---+-----+------------+------------+

    * Multiplexer: 
    +-----------------------+-----+-----------+-----+-----------+
    |          Name         | LUT | Input Size| Bits| Total Bits|
    +-----------------------+-----+-----------+-----+-----------+
    |ap_NS_fsm              |  101|         21|    1|         21|
    |buf_address0           |   38|          7|   10|         70|
    |buf_address1           |   27|          5|   10|         50|
    |buf_ce0                |   15|          3|    1|          3|
    |buf_we0                |    9|          2|    1|          2|
    |i_0_i1_i_reg_360       |    9|          2|    4|          8|
    |i_0_i_i_i_i_reg_338    |    9|          2|    5|         10|
    |i_0_i_reg_384          |    9|          2|    7|         14|
    |i_0_reg_326            |    9|          2|    3|          6|
    |i_3_i_reg_349          |    9|          2|    3|          6|
    |r_0_i2_i_reg_372       |    9|          2|   64|        128|
    |reg_416                |    9|          2|    8|         16|
    |state_s_address0       |   41|          8|    5|         40|
    |state_s_address1       |   15|          3|    5|         15|
    |state_s_ce0            |   21|          4|    1|          4|
    |state_s_ce1            |   15|          3|    1|          3|
    |state_s_d0             |   38|          7|   64|        448|
    |state_s_d1             |   15|          3|   64|        192|
    |state_s_we0            |   21|          4|    1|          4|
    |state_s_we1            |   15|          3|    1|          3|
    |v_vec_coeffs_address0  |   27|          5|   10|         50|
    |v_vec_coeffs_d0        |   27|          5|   19|         95|
    +-----------------------+-----+-----------+-----+-----------+
    |Total                  |  488|         97|  288|       1188|
    +-----------------------+-----+-----------+-----+-----------+

    * Register: 
    +------------------------------------------------+----+----+-----+-----------+
    |                      Name                      | FF | LUT| Bits| Const Bits|
    +------------------------------------------------+----+----+-----+-----------+
    |add_ln416_reg_1089                              |   3|   0|    3|          0|
    |add_ln862_reg_1146                              |  10|   0|   10|          0|
    |ap_CS_fsm                                       |  20|   0|   20|          0|
    |grp_keccak_absorb_fu_395_ap_start_reg           |   1|   0|    1|          0|
    |grp_keccak_squeezeblocks_1_fu_408_ap_start_reg  |   1|   0|    1|          0|
    |i_0_i1_i_reg_360                                |   4|   0|    4|          0|
    |i_0_i_i_i_i_reg_338                             |   5|   0|    5|          0|
    |i_0_i_reg_384                                   |   7|   0|    7|          0|
    |i_0_reg_326                                     |   3|   0|    3|          0|
    |i_12_reg_1135                                   |   7|   0|    7|          0|
    |i_13_reg_1102                                   |   4|   0|    4|          0|
    |i_3_i_reg_349                                   |   3|   0|    3|          0|
    |i_reg_1058                                      |   3|   0|    3|          0|
    |r_0_i2_i_reg_372                                |  64|   0|   64|          0|
    |reg_416                                         |   8|   0|    8|          0|
    |shl_ln47_reg_1040                               |  14|   0|   16|          2|
    |shl_ln862_1_reg_1183                            |   6|   0|    8|          2|
    |state_pos_write_assi_reg_1122                   |  32|   0|   32|          0|
    |state_s_addr_2_reg_1127                         |   5|   0|    5|          0|
    |state_s_addr_3_reg_1112                         |   3|   0|    5|          2|
    |t_0_reg_1063                                    |   8|   0|    8|          0|
    |t_1_reg_1068                                    |   8|   0|    8|          0|
    |trunc_ln862_reg_1140                            |   6|   0|    6|          0|
    |trunc_ln_reg_1045                               |   6|   0|    8|          2|
    |zext_ln26_reg_1094                              |   3|   0|    8|          5|
    |zext_ln416_reg_1081                             |   3|   0|   64|         61|
    +------------------------------------------------+----+----+-----+-----------+
    |Total                                           | 237|   0|  311|         74|
    +------------------------------------------------+----+----+-----+-----------+



================================================================
== Interface
================================================================
* Summary: 
+-----------------------+-----+-----+------------+----------------------+--------------+
|       RTL Ports       | Dir | Bits|  Protocol  |     Source Object    |    C Type    |
+-----------------------+-----+-----+------------+----------------------+--------------+
|ap_clk                 |  in |    1| ap_ctrl_hs | polyvecl_uniform_gam | return value |
|ap_rst                 |  in |    1| ap_ctrl_hs | polyvecl_uniform_gam | return value |
|ap_start               |  in |    1| ap_ctrl_hs | polyvecl_uniform_gam | return value |
|ap_done                | out |    1| ap_ctrl_hs | polyvecl_uniform_gam | return value |
|ap_idle                | out |    1| ap_ctrl_hs | polyvecl_uniform_gam | return value |
|ap_ready               | out |    1| ap_ctrl_hs | polyvecl_uniform_gam | return value |
|v_vec_coeffs_address0  | out |   10|  ap_memory |     v_vec_coeffs     |     array    |
|v_vec_coeffs_ce0       | out |    1|  ap_memory |     v_vec_coeffs     |     array    |
|v_vec_coeffs_we0       | out |    1|  ap_memory |     v_vec_coeffs     |     array    |
|v_vec_coeffs_d0        | out |   19|  ap_memory |     v_vec_coeffs     |     array    |
|seed_address0          | out |    8|  ap_memory |         seed         |     array    |
|seed_ce0               | out |    1|  ap_memory |         seed         |     array    |
|seed_q0                |  in |    8|  ap_memory |         seed         |     array    |
|nonce                  |  in |   16|   ap_none  |         nonce        |    scalar    |
+-----------------------+-----+-----+------------+----------------------+--------------+

