

================================================================
== Vivado HLS Report for 'pqcrystals_dilithium'
================================================================
* Date:           Sun Apr  9 23:01:43 2023

* Version:        2019.2 (Build 2704478 on Wed Nov 06 22:10:23 MST 2019)
* Project:        crypto_sign
* Solution:       solution1
* Product family: artix7
* Target device:  xc7a200t-fbg676-2


================================================================
== Performance Estimates
================================================================
+ Timing: 
    * Summary: 
    +--------+----------+----------+------------+
    |  Clock |  Target  | Estimated| Uncertainty|
    +--------+----------+----------+------------+
    |ap_clk  | 10.00 us | 7.354 ns |   1.25 us  |
    +--------+----------+----------+------------+

+ Latency: 
    * Summary: 
    +---------+---------+-----------+-----------+------+------+---------+
    |  Latency (cycles) |   Latency (absolute)  |   Interval  | Pipeline|
    |   min   |   max   |    min    |    max    |  min |  max |   Type  |
    +---------+---------+-----------+-----------+------+------+---------+
    |     1936|     1936| 19.360 ms | 19.360 ms |  1936|  1936|   none  |
    +---------+---------+-----------+-----------+------+------+---------+

    + Detail: 
        * Instance: 
        +------------------------------------+------------------------+---------+---------+----------+----------+-----+-----+---------+
        |                                    |                        |  Latency (cycles) |  Latency (absolute) |  Interval | Pipeline|
        |              Instance              |         Module         |   min   |   max   |    min   |    max   | min | max |   Type  |
        +------------------------------------+------------------------+---------+---------+----------+----------+-----+-----+---------+
        |grp_pqcrystals_dilithium_7_fu_2306  |pqcrystals_dilithium_7  |      208|      208| 2.080 ms | 2.080 ms |  208|  208|   none  |
        |grp_pqcrystals_dilithium_8_fu_2324  |pqcrystals_dilithium_8  |      128|      128| 1.280 ms | 1.280 ms |  128|  128|   none  |
        +------------------------------------+------------------------+---------+---------+----------+----------+-----+-----+---------+

        * Loop: 
        N/A



================================================================
== Utilization Estimates
================================================================
* Summary: 
+-----------------+---------+-------+--------+--------+-----+
|       Name      | BRAM_18K| DSP48E|   FF   |   LUT  | URAM|
+-----------------+---------+-------+--------+--------+-----+
|DSP              |        -|      -|       -|       -|    -|
|Expression       |        -|      -|       -|       -|    -|
|FIFO             |        -|      -|       -|       -|    -|
|Instance         |        -|      -|     453|   34034|    -|
|Memory           |        -|      -|       -|       -|    -|
|Multiplexer      |        -|      -|       -|    1632|    -|
|Register         |        -|      -|      83|       -|    -|
+-----------------+---------+-------+--------+--------+-----+
|Total            |        0|      0|     536|   35666|    0|
+-----------------+---------+-------+--------+--------+-----+
|Available        |      730|    740|  269200|  134600|    0|
+-----------------+---------+-------+--------+--------+-----+
|Utilization (%)  |        0|      0|   ~0   |      26|    0|
+-----------------+---------+-------+--------+--------+-----+

+ Detail: 
    * Instance: 
    +------------------------------------+------------------------+---------+-------+-----+-------+-----+
    |              Instance              |         Module         | BRAM_18K| DSP48E|  FF |  LUT  | URAM|
    +------------------------------------+------------------------+---------+-------+-----+-------+-----+
    |grp_pqcrystals_dilithium_7_fu_2306  |pqcrystals_dilithium_7  |        0|      0|  259|  22705|    0|
    |grp_pqcrystals_dilithium_8_fu_2324  |pqcrystals_dilithium_8  |        0|      0|  194|  11329|    0|
    +------------------------------------+------------------------+---------+-------+-----+-------+-----+
    |Total                               |                        |        0|      0|  453|  34034|    0|
    +------------------------------------+------------------------+---------+-------+-----+-------+-----+

    * DSP48E: 
    N/A

    * Memory: 
    N/A

    * FIFO: 
    N/A

    * Expression: 
    N/A

    * Multiplexer: 
    +----------------------------------------------------+-----+-----------+-----+-----------+
    |                        Name                        | LUT | Input Size| Bits| Total Bits|
    +----------------------------------------------------+-----+-----------+-----+-----------+
    |ap_NS_fsm                                           |  361|         82|    1|         82|
    |grp_pqcrystals_dilithium_7_fu_2306_a_offset         |   27|          5|   13|         65|
    |grp_pqcrystals_dilithium_7_fu_2306_r_coeffs_offset  |   27|          5|    4|         20|
    |grp_pqcrystals_dilithium_8_fu_2324_a_offset         |   44|          9|   11|         99|
    |grp_pqcrystals_dilithium_8_fu_2324_r_coeffs_offset  |   27|          5|    4|         20|
    |rho_address0                                        |  245|         57|    8|        456|
    |rho_address1                                        |  245|         57|    8|        456|
    |s1_vec_coeffs_ce0                                   |    9|          2|    1|          2|
    |s1_vec_coeffs_ce1                                   |    9|          2|    1|          2|
    |s1_vec_coeffs_we0                                   |    9|          2|    1|          2|
    |s1_vec_coeffs_we1                                   |    9|          2|    1|          2|
    |s2_vec_coeffs_ce0                                   |    9|          2|    1|          2|
    |s2_vec_coeffs_ce1                                   |    9|          2|    1|          2|
    |s2_vec_coeffs_we0                                   |    9|          2|    1|          2|
    |s2_vec_coeffs_we1                                   |    9|          2|    1|          2|
    |sk_address0                                         |  253|         59|   12|        708|
    |sk_address1                                         |  253|         59|   12|        708|
    |sk_ce0                                              |   21|          4|    1|          4|
    |sk_ce1                                              |   21|          4|    1|          4|
    |t0_vec_coeffs_ce0                                   |    9|          2|    1|          2|
    |t0_vec_coeffs_ce1                                   |    9|          2|    1|          2|
    |t0_vec_coeffs_we0                                   |    9|          2|    1|          2|
    |t0_vec_coeffs_we1                                   |    9|          2|    1|          2|
    +----------------------------------------------------+-----+-----------+-----+-----------+
    |Total                                               | 1632|        370|   87|       2646|
    +----------------------------------------------------+-----+-----------+-----+-----------+

    * Register: 
    +-------------------------------------------------+----+----+-----+-----------+
    |                       Name                      | FF | LUT| Bits| Const Bits|
    +-------------------------------------------------+----+----+-----+-----------+
    |ap_CS_fsm                                        |  81|   0|   81|          0|
    |grp_pqcrystals_dilithium_7_fu_2306_ap_start_reg  |   1|   0|    1|          0|
    |grp_pqcrystals_dilithium_8_fu_2324_ap_start_reg  |   1|   0|    1|          0|
    +-------------------------------------------------+----+----+-----+-----------+
    |Total                                            |  83|   0|   83|          0|
    +-------------------------------------------------+----+----+-----+-----------+



================================================================
== Interface
================================================================
* Summary: 
+------------------------+-----+-----+------------+----------------------+--------------+
|        RTL Ports       | Dir | Bits|  Protocol  |     Source Object    |    C Type    |
+------------------------+-----+-----+------------+----------------------+--------------+
|ap_clk                  |  in |    1| ap_ctrl_hs | pqcrystals_dilithium | return value |
|ap_rst                  |  in |    1| ap_ctrl_hs | pqcrystals_dilithium | return value |
|ap_start                |  in |    1| ap_ctrl_hs | pqcrystals_dilithium | return value |
|ap_done                 | out |    1| ap_ctrl_hs | pqcrystals_dilithium | return value |
|ap_idle                 | out |    1| ap_ctrl_hs | pqcrystals_dilithium | return value |
|ap_ready                | out |    1| ap_ctrl_hs | pqcrystals_dilithium | return value |
|rho_address0            | out |    8|  ap_memory |          rho         |     array    |
|rho_ce0                 | out |    1|  ap_memory |          rho         |     array    |
|rho_we0                 | out |    1|  ap_memory |          rho         |     array    |
|rho_d0                  | out |    8|  ap_memory |          rho         |     array    |
|rho_address1            | out |    8|  ap_memory |          rho         |     array    |
|rho_ce1                 | out |    1|  ap_memory |          rho         |     array    |
|rho_we1                 | out |    1|  ap_memory |          rho         |     array    |
|rho_d1                  | out |    8|  ap_memory |          rho         |     array    |
|t0_vec_coeffs_address0  | out |   10|  ap_memory |     t0_vec_coeffs    |     array    |
|t0_vec_coeffs_ce0       | out |    1|  ap_memory |     t0_vec_coeffs    |     array    |
|t0_vec_coeffs_we0       | out |    1|  ap_memory |     t0_vec_coeffs    |     array    |
|t0_vec_coeffs_d0        | out |   32|  ap_memory |     t0_vec_coeffs    |     array    |
|t0_vec_coeffs_address1  | out |   10|  ap_memory |     t0_vec_coeffs    |     array    |
|t0_vec_coeffs_ce1       | out |    1|  ap_memory |     t0_vec_coeffs    |     array    |
|t0_vec_coeffs_we1       | out |    1|  ap_memory |     t0_vec_coeffs    |     array    |
|t0_vec_coeffs_d1        | out |   32|  ap_memory |     t0_vec_coeffs    |     array    |
|s1_vec_coeffs_address0  | out |   10|  ap_memory |     s1_vec_coeffs    |     array    |
|s1_vec_coeffs_ce0       | out |    1|  ap_memory |     s1_vec_coeffs    |     array    |
|s1_vec_coeffs_we0       | out |    1|  ap_memory |     s1_vec_coeffs    |     array    |
|s1_vec_coeffs_d0        | out |   32|  ap_memory |     s1_vec_coeffs    |     array    |
|s1_vec_coeffs_address1  | out |   10|  ap_memory |     s1_vec_coeffs    |     array    |
|s1_vec_coeffs_ce1       | out |    1|  ap_memory |     s1_vec_coeffs    |     array    |
|s1_vec_coeffs_we1       | out |    1|  ap_memory |     s1_vec_coeffs    |     array    |
|s1_vec_coeffs_d1        | out |   32|  ap_memory |     s1_vec_coeffs    |     array    |
|s2_vec_coeffs_address0  | out |   10|  ap_memory |     s2_vec_coeffs    |     array    |
|s2_vec_coeffs_ce0       | out |    1|  ap_memory |     s2_vec_coeffs    |     array    |
|s2_vec_coeffs_we0       | out |    1|  ap_memory |     s2_vec_coeffs    |     array    |
|s2_vec_coeffs_d0        | out |   32|  ap_memory |     s2_vec_coeffs    |     array    |
|s2_vec_coeffs_address1  | out |   10|  ap_memory |     s2_vec_coeffs    |     array    |
|s2_vec_coeffs_ce1       | out |    1|  ap_memory |     s2_vec_coeffs    |     array    |
|s2_vec_coeffs_we1       | out |    1|  ap_memory |     s2_vec_coeffs    |     array    |
|s2_vec_coeffs_d1        | out |   32|  ap_memory |     s2_vec_coeffs    |     array    |
|sk_address0             | out |   12|  ap_memory |          sk          |     array    |
|sk_ce0                  | out |    1|  ap_memory |          sk          |     array    |
|sk_q0                   |  in |    8|  ap_memory |          sk          |     array    |
|sk_address1             | out |   12|  ap_memory |          sk          |     array    |
|sk_ce1                  | out |    1|  ap_memory |          sk          |     array    |
|sk_q1                   |  in |    8|  ap_memory |          sk          |     array    |
+------------------------+-----+-----+------------+----------------------+--------------+

