

================================================================
== Vivado HLS Report for 'pqcrystals_dilithium_10'
================================================================
* Date:           Sun Apr  9 19:20:57 2023

* Version:        2019.2 (Build 2704478 on Wed Nov 06 22:10:23 MST 2019)
* Project:        crypto_sign
* Solution:       solution1
* Product family: artix7
* Target device:  xc7a200t-fbg676-2


================================================================
== Performance Estimates
================================================================
+ Timing: 
    * Summary: 
    +--------+----------+-----------+------------+
    |  Clock |  Target  | Estimated | Uncertainty|
    +--------+----------+-----------+------------+
    |ap_clk  | 10.00 us | 83.112 ns |   1.25 us  |
    +--------+----------+-----------+------------+

+ Latency: 
    * Summary: 
    +---------+---------+----------+----------+-----+-----+---------+
    |  Latency (cycles) |  Latency (absolute) |  Interval | Pipeline|
    |   min   |   max   |    min   |    max   | min | max |   Type  |
    +---------+---------+----------+----------+-----+-----+---------+
    |        ?|        ?|         ?|         ?|    ?|    ?|   none  |
    +---------+---------+----------+----------+-----+-----+---------+

    + Detail: 
        * Instance: 
        +-----------------------------------+------------------------+---------+---------+----------+----------+-----+-----+---------+
        |                                   |                        |  Latency (cycles) |  Latency (absolute) |  Interval | Pipeline|
        |              Instance             |         Module         |   min   |   max   |    min   |    max   | min | max |   Type  |
        +-----------------------------------+------------------------+---------+---------+----------+----------+-----+-----+---------+
        |grp_keccak_absorb_fu_335           |keccak_absorb           |        ?|        ?|         ?|         ?|    ?|    ?|   none  |
        |grp_keccak_squeezeblocks_2_fu_346  |keccak_squeezeblocks_2  |      114|      566| 1.140 ms | 5.660 ms |  114|  566|   none  |
        |grp_rej_uniform_fu_357             |rej_uniform             |        ?|        ?|         ?|         ?|    ?|    ?|   none  |
        +-----------------------------------+------------------------+---------+---------+----------+----------+-----+-----+---------+

        * Loop: 
        +-------------+---------+---------+----------+-----------+-----------+-------+----------+
        |             |  Latency (cycles) | Iteration|  Initiation Interval  |  Trip |          |
        |  Loop Name  |   min   |   max   |  Latency |  achieved |   target  | Count | Pipelined|
        +-------------+---------+---------+----------+-----------+-----------+-------+----------+
        |- Loop 1     |       25|       25|         1|          -|          -|     25|    no    |
        |- Loop 2     |       16|       16|         5|          4|          1|      4|    yes   |
        |- Loop 3     |        ?|        ?|         ?|          -|          -|      ?|    no    |
        | + Loop 3.1  |        0|        4|         2|          -|          -| 0 ~ 2 |    no    |
        +-------------+---------+---------+----------+-----------+-----------+-------+----------+



================================================================
== Utilization Estimates
================================================================
* Summary: 
+-----------------+---------+-------+--------+--------+-----+
|       Name      | BRAM_18K| DSP48E|   FF   |   LUT  | URAM|
+-----------------+---------+-------+--------+--------+-----+
|DSP              |        -|      -|       -|       -|    -|
|Expression       |        -|      -|       0|     595|    -|
|FIFO             |        -|      -|       -|       -|    -|
|Instance         |        1|      -|    9024|  390608|    0|
|Memory           |        5|      -|       0|       0|    0|
|Multiplexer      |        -|      -|       -|     693|    -|
|Register         |        -|      -|     313|       -|    -|
+-----------------+---------+-------+--------+--------+-----+
|Total            |        6|      0|    9337|  391896|    0|
+-----------------+---------+-------+--------+--------+-----+
|Available        |      730|    740|  269200|  134600|    0|
+-----------------+---------+-------+--------+--------+-----+
|Utilization (%)  |    ~0   |      0|       3|     291|    0|
+-----------------+---------+-------+--------+--------+-----+

+ Detail: 
    * Instance: 
    +-----------------------------------+------------------------+---------+-------+------+--------+-----+
    |              Instance             |         Module         | BRAM_18K| DSP48E|  FF  |   LUT  | URAM|
    +-----------------------------------+------------------------+---------+-------+------+--------+-----+
    |crypto_sign_urem_dEe_U41           |crypto_sign_urem_dEe    |        0|      0|   118|      60|    0|
    |grp_keccak_absorb_fu_335           |keccak_absorb           |        1|      0|  4765|  195774|    0|
    |grp_keccak_squeezeblocks_2_fu_346  |keccak_squeezeblocks_2  |        0|      0|  3967|  194468|    0|
    |grp_rej_uniform_fu_357             |rej_uniform             |        0|      0|   174|     306|    0|
    +-----------------------------------+------------------------+---------+-------+------+--------+-----+
    |Total                              |                        |        1|      0|  9024|  390608|    0|
    +-----------------------------------+------------------------+---------+-------+------+--------+-----+

    * DSP48E: 
    N/A

    * Memory: 
    +-----------+----------------------+---------+---+----+-----+------+-----+------+-------------+
    |   Memory  |        Module        | BRAM_18K| FF| LUT| URAM| Words| Bits| Banks| W*Bits*Banks|
    +-----------+----------------------+---------+---+----+-----+------+-----+------+-------------+
    |buf_U      |pqcrystals_dilithbkb  |        1|  0|   0|    0|   842|    8|     1|         6736|
    |state_s_U  |pqcrystals_dilithcud  |        4|  0|   0|    0|    25|   64|     1|         1600|
    +-----------+----------------------+---------+---+----+-----+------+-----+------+-------------+
    |Total      |                      |        5|  0|   0|    0|   867|   72|     2|         8336|
    +-----------+----------------------+---------+---+----+-----+------+-----+------+-------------+

    * FIFO: 
    N/A

    * Expression: 
    +----------------------+----------+-------+---+-----+------------+------------+
    |     Variable Name    | Operation| DSP48E| FF| LUT | Bitwidth P0| Bitwidth P1|
    +----------------------+----------+-------+---+-----+------------+------------+
    |add_ln387_fu_651_p2   |     +    |      0|  0|   18|          11|          11|
    |add_ln422_fu_414_p2   |     +    |      0|  0|   12|           3|           1|
    |ctr_2_fu_695_p2       |     +    |      0|  0|   39|          32|          32|
    |i_5_fu_397_p2         |     +    |      0|  0|   15|           5|           1|
    |i_fu_645_p2           |     +    |      0|  0|   10|           2|           1|
    |sub_ln387_fu_631_p2   |     -    |      0|  0|   18|          11|          11|
    |sub_ln391_fu_683_p2   |     -    |      0|  0|   17|           9|          10|
    |icmp_ln364_fu_391_p2  |   icmp   |      0|  0|   11|           5|           4|
    |icmp_ln384_fu_607_p2  |   icmp   |      0|  0|   18|          24|           1|
    |icmp_ln386_fu_640_p2  |   icmp   |      0|  0|    8|           2|           2|
    |icmp_ln422_fu_408_p2  |   icmp   |      0|  0|    9|           3|           4|
    |buflen_fu_670_p2      |    or    |      0|  0|    8|           8|           8|
    |or_ln32_1_fu_453_p2   |    or    |      0|  0|    5|           5|           2|
    |or_ln32_2_fu_463_p2   |    or    |      0|  0|    5|           5|           2|
    |or_ln32_3_fu_473_p2   |    or    |      0|  0|    5|           5|           3|
    |or_ln32_4_fu_483_p2   |    or    |      0|  0|    5|           5|           3|
    |or_ln32_5_fu_493_p2   |    or    |      0|  0|    5|           5|           3|
    |or_ln32_6_fu_503_p2   |    or    |      0|  0|    5|           5|           3|
    |or_ln32_fu_442_p2     |    or    |      0|  0|    5|           5|           1|
    |shl_ln462_fu_569_p2   |    shl   |      0|  0|  182|           5|          64|
    |ap_enable_pp0         |    xor   |      0|  0|    2|           1|           2|
    |xor_ln424_fu_527_p2   |    xor   |      0|  0|   64|          64|          64|
    |xor_ln462_fu_575_p2   |    xor   |      0|  0|   64|          64|          64|
    |xor_ln463_fu_582_p2   |    xor   |      0|  0|   65|          64|          65|
    +----------------------+----------+-------+---+-----+------------+------------+
    |Total                 |          |      0|  0|  595|         348|         362|
    +----------------------+----------+-------+---+-----+------------+------------+

    * Multiplexer: 
    +----------------------------------------------+-----+-----------+-----+-----------+
    |                     Name                     | LUT | Input Size| Bits| Total Bits|
    +----------------------------------------------+-----+-----------+-----+-----------+
    |a_coeffs_ce0                                  |    9|          2|    1|          2|
    |a_coeffs_we0                                  |    9|          2|    1|          2|
    |ap_NS_fsm                                     |  157|         35|    1|         35|
    |ap_enable_reg_pp0_iter1                       |    9|          2|    1|          2|
    |ap_phi_mux_i_3_i_phi_fu_294_p4                |    9|          2|    3|          6|
    |buf_address0                                  |   27|          5|   10|         50|
    |buf_address1                                  |   15|          3|   10|         30|
    |buf_ce0                                       |   21|          4|    1|          4|
    |buf_ce1                                       |   15|          3|    1|          3|
    |buf_d0                                        |   15|          3|    8|         24|
    |buf_we0                                       |   15|          3|    1|          3|
    |buf_we1                                       |    9|          2|    1|          2|
    |buflen_0_reg_311                              |    9|          2|    8|         16|
    |ctr_0_reg_301                                 |    9|          2|   32|         64|
    |grp_keccak_squeezeblocks_2_fu_346_nblocks     |   15|          3|    4|         12|
    |grp_keccak_squeezeblocks_2_fu_346_out_offset  |   15|          3|    2|          6|
    |grp_rej_uniform_fu_357_a_offset2              |   15|          3|   32|         96|
    |grp_rej_uniform_fu_357_buflen                 |   15|          3|   11|         33|
    |grp_rej_uniform_fu_357_len                    |   15|          3|   10|         30|
    |i_0_i_i_i_reg_279                             |    9|          2|    5|         10|
    |i_0_reg_323                                   |    9|          2|    2|          4|
    |i_3_i_reg_290                                 |    9|          2|    3|          6|
    |seed_address0                                 |   27|          5|    8|         40|
    |seed_address1                                 |   27|          5|    8|         40|
    |state_s_address0                              |   38|          7|    5|         35|
    |state_s_address1                              |   33|          6|    5|         30|
    |state_s_ce0                                   |   21|          4|    1|          4|
    |state_s_ce1                                   |   21|          4|    1|          4|
    |state_s_d0                                    |   33|          6|   64|        384|
    |state_s_d1                                    |   21|          4|   64|        256|
    |state_s_we0                                   |   21|          4|    1|          4|
    |state_s_we1                                   |   21|          4|    1|          4|
    +----------------------------------------------+-----+-----------+-----+-----------+
    |Total                                         |  693|        140|  306|       1241|
    +----------------------------------------------+-----+-----------+-----+-----------+

    * Register: 
    +------------------------------------------------+----+----+-----+-----------+
    |                      Name                      | FF | LUT| Bits| Const Bits|
    +------------------------------------------------+----+----+-----+-----------+
    |add_ln422_reg_734                               |   3|   0|    3|          0|
    |ap_CS_fsm                                       |  34|   0|   34|          0|
    |ap_enable_reg_pp0_iter0                         |   1|   0|    1|          0|
    |ap_enable_reg_pp0_iter1                         |   1|   0|    1|          0|
    |buflen_0_reg_311                                |   8|   0|    9|          1|
    |ctr_0_reg_301                                   |  32|   0|   32|          0|
    |grp_keccak_absorb_fu_335_ap_start_reg           |   1|   0|    1|          0|
    |grp_keccak_squeezeblocks_2_fu_346_ap_start_reg  |   1|   0|    1|          0|
    |grp_rej_uniform_fu_357_ap_start_reg             |   1|   0|    1|          0|
    |i_0_i_i_i_reg_279                               |   5|   0|    5|          0|
    |i_0_reg_323                                     |   2|   0|    2|          0|
    |i_3_i_reg_290                                   |   3|   0|    3|          0|
    |i_reg_889                                       |   2|   0|    2|          0|
    |icmp_ln422_reg_730                              |   1|   0|    1|          0|
    |seed_load_10_reg_795                            |   8|   0|    8|          0|
    |seed_load_11_reg_810                            |   8|   0|    8|          0|
    |seed_load_12_reg_815                            |   8|   0|    8|          0|
    |seed_load_8_reg_770                             |   8|   0|    8|          0|
    |seed_load_9_reg_790                             |   8|   0|    8|          0|
    |seed_load_reg_765                               |   8|   0|    8|          0|
    |shl_ln4_reg_739                                 |   2|   0|    5|          3|
    |state_pos_write_assi_reg_840                    |  32|   0|   32|          0|
    |state_s_addr_6_reg_845                          |   5|   0|    5|          0|
    |state_s_addr_8_reg_759                          |   3|   0|    5|          2|
    |state_s_load_5_reg_785                          |  64|   0|   64|          0|
    |sub_ln387_reg_881                               |  11|   0|   11|          0|
    |sub_ln391_reg_904                               |  10|   0|   10|          0|
    |t_0_reg_711                                     |   8|   0|    8|          0|
    |t_1_reg_716                                     |   2|   0|    8|          6|
    |trunc_ln382_1_reg_835                           |   2|   0|    2|          0|
    |trunc_ln382_reg_830                             |   2|   0|    2|          0|
    |trunc_ln385_1_reg_875                           |   2|   0|    2|          0|
    |trunc_ln385_reg_870                             |   8|   0|    8|          0|
    |zext_ln384_reg_862                              |   9|   0|   11|          2|
    |zext_ln390_reg_899                              |   5|   0|    9|          4|
    |zext_ln391_reg_909                              |   5|   0|   11|          6|
    +------------------------------------------------+----+----+-----+-----------+
    |Total                                           | 313|   0|  337|         24|
    +------------------------------------------------+----+----+-----+-----------+



================================================================
== Interface
================================================================
* Summary: 
+-------------------+-----+-----+------------+-------------------------+--------------+
|     RTL Ports     | Dir | Bits|  Protocol  |      Source Object      |    C Type    |
+-------------------+-----+-----+------------+-------------------------+--------------+
|ap_clk             |  in |    1| ap_ctrl_hs | pqcrystals_dilithium.10 | return value |
|ap_rst             |  in |    1| ap_ctrl_hs | pqcrystals_dilithium.10 | return value |
|ap_start           |  in |    1| ap_ctrl_hs | pqcrystals_dilithium.10 | return value |
|ap_done            | out |    1| ap_ctrl_hs | pqcrystals_dilithium.10 | return value |
|ap_idle            | out |    1| ap_ctrl_hs | pqcrystals_dilithium.10 | return value |
|ap_ready           | out |    1| ap_ctrl_hs | pqcrystals_dilithium.10 | return value |
|a_coeffs_address0  | out |   12|  ap_memory |         a_coeffs        |     array    |
|a_coeffs_ce0       | out |    1|  ap_memory |         a_coeffs        |     array    |
|a_coeffs_we0       | out |    1|  ap_memory |         a_coeffs        |     array    |
|a_coeffs_d0        | out |   23|  ap_memory |         a_coeffs        |     array    |
|a_coeffs_offset    |  in |    3|   ap_none  |     a_coeffs_offset     |    scalar    |
|a_coeffs_offset1   |  in |    3|   ap_none  |     a_coeffs_offset1    |    scalar    |
|seed_address0      | out |    8|  ap_memory |           seed          |     array    |
|seed_ce0           | out |    1|  ap_memory |           seed          |     array    |
|seed_q0            |  in |    8|  ap_memory |           seed          |     array    |
|seed_address1      | out |    8|  ap_memory |           seed          |     array    |
|seed_ce1           | out |    1|  ap_memory |           seed          |     array    |
|seed_q1            |  in |    8|  ap_memory |           seed          |     array    |
|nonce              |  in |   10|   ap_none  |          nonce          |    scalar    |
+-------------------+-----+-----+------------+-------------------------+--------------+

