

================================================================
== Vivado HLS Report for 'pqcrystals_dilithium_20'
================================================================
* Date:           Sun Apr  9 23:09:36 2023

* Version:        2019.2 (Build 2704478 on Wed Nov 06 22:10:23 MST 2019)
* Project:        crypto_sign
* Solution:       solution1
* Product family: artix7
* Target device:  xc7a200t-fbg676-2


================================================================
== Performance Estimates
================================================================
+ Timing: 
    * Summary: 
    +--------+----------+----------+------------+
    |  Clock |  Target  | Estimated| Uncertainty|
    +--------+----------+----------+------------+
    |ap_clk  | 10.00 us | 7.935 ns |   1.25 us  |
    +--------+----------+----------+------------+

+ Latency: 
    * Summary: 
    +---------+---------+----------+----------+-----+-----+---------+
    |  Latency (cycles) |  Latency (absolute) |  Interval | Pipeline|
    |   min   |   max   |    min   |    max   | min | max |   Type  |
    +---------+---------+----------+----------+-----+-----+---------+
    |      255|      255| 2.550 ms | 2.550 ms |  255|  255|   none  |
    +---------+---------+----------+----------+-----+-----+---------+

    + Detail: 
        * Instance: 
        +-------------------------------------+-------------------------+---------+---------+----------+----------+-----+-----+---------+
        |                                     |                         |  Latency (cycles) |  Latency (absolute) |  Interval | Pipeline|
        |               Instance              |          Module         |   min   |   max   |    min   |    max   | min | max |   Type  |
        +-------------------------------------+-------------------------+---------+---------+----------+----------+-----+-----+---------+
        |grp_pqcrystals_dilithium_30_fu_2591  |pqcrystals_dilithium_30  |        0|        0|   0 ns   |   0 ns   |    0|    0|   none  |
        |grp_pqcrystals_dilithium_30_fu_2597  |pqcrystals_dilithium_30  |        0|        0|   0 ns   |   0 ns   |    0|    0|   none  |
        +-------------------------------------+-------------------------+---------+---------+----------+----------+-----+-----+---------+

        * Loop: 
        N/A



================================================================
== Utilization Estimates
================================================================
* Summary: 
+-----------------+---------+-------+--------+--------+-----+
|       Name      | BRAM_18K| DSP48E|   FF   |   LUT  | URAM|
+-----------------+---------+-------+--------+--------+-----+
|DSP              |        -|      -|       -|       -|    -|
|Expression       |        -|      -|       0|    3060|    -|
|FIFO             |        -|      -|       -|       -|    -|
|Instance         |        -|      -|       0|     124|    -|
|Memory           |        -|      -|       -|       -|    -|
|Multiplexer      |        -|      -|       -|    4609|    -|
|Register         |        -|      -|    8900|       -|    -|
+-----------------+---------+-------+--------+--------+-----+
|Total            |        0|      0|    8900|    7793|    0|
+-----------------+---------+-------+--------+--------+-----+
|Available        |      730|    740|  269200|  134600|    0|
+-----------------+---------+-------+--------+--------+-----+
|Utilization (%)  |        0|      0|       3|       5|    0|
+-----------------+---------+-------+--------+--------+-----+

+ Detail: 
    * Instance: 
    +-------------------------------------+-------------------------+---------+-------+---+----+-----+
    |               Instance              |          Module         | BRAM_18K| DSP48E| FF| LUT| URAM|
    +-------------------------------------+-------------------------+---------+-------+---+----+-----+
    |grp_pqcrystals_dilithium_30_fu_2591  |pqcrystals_dilithium_30  |        0|      0|  0|  62|    0|
    |grp_pqcrystals_dilithium_30_fu_2597  |pqcrystals_dilithium_30  |        0|      0|  0|  62|    0|
    +-------------------------------------+-------------------------+---------+-------+---+----+-----+
    |Total                                |                         |        0|      0|  0| 124|    0|
    +-------------------------------------+-------------------------+---------+-------+---+----+-----+

    * DSP48E: 
    N/A

    * Memory: 
    N/A

    * FIFO: 
    N/A

    * Expression: 
    +------------------------+----------+-------+---+----+------------+------------+
    |      Variable Name     | Operation| DSP48E| FF| LUT| Bitwidth P0| Bitwidth P1|
    +------------------------+----------+-------+---+----+------------+------------+
    |or_ln53_100_fu_4027_p2  |    or    |      0|  0|  12|          12|           7|
    |or_ln53_101_fu_4041_p2  |    or    |      0|  0|  12|          12|           7|
    |or_ln53_102_fu_4055_p2  |    or    |      0|  0|  12|          12|           7|
    |or_ln53_103_fu_4069_p2  |    or    |      0|  0|  12|          12|           7|
    |or_ln53_104_fu_4083_p2  |    or    |      0|  0|  12|          12|           7|
    |or_ln53_105_fu_4097_p2  |    or    |      0|  0|  12|          12|           7|
    |or_ln53_106_fu_4111_p2  |    or    |      0|  0|  12|          12|           7|
    |or_ln53_107_fu_4125_p2  |    or    |      0|  0|  12|          12|           7|
    |or_ln53_108_fu_4139_p2  |    or    |      0|  0|  12|          12|           7|
    |or_ln53_109_fu_4153_p2  |    or    |      0|  0|  12|          12|           7|
    |or_ln53_10_fu_2767_p2   |    or    |      0|  0|  12|          12|           4|
    |or_ln53_110_fu_4167_p2  |    or    |      0|  0|  12|          12|           7|
    |or_ln53_111_fu_4181_p2  |    or    |      0|  0|  12|          12|           7|
    |or_ln53_112_fu_4195_p2  |    or    |      0|  0|  12|          12|           7|
    |or_ln53_113_fu_4209_p2  |    or    |      0|  0|  12|          12|           7|
    |or_ln53_114_fu_4223_p2  |    or    |      0|  0|  12|          12|           7|
    |or_ln53_115_fu_4237_p2  |    or    |      0|  0|  12|          12|           7|
    |or_ln53_116_fu_4251_p2  |    or    |      0|  0|  12|          12|           7|
    |or_ln53_117_fu_4265_p2  |    or    |      0|  0|  12|          12|           7|
    |or_ln53_118_fu_4279_p2  |    or    |      0|  0|  12|          12|           7|
    |or_ln53_119_fu_4293_p2  |    or    |      0|  0|  12|          12|           7|
    |or_ln53_11_fu_2781_p2   |    or    |      0|  0|  12|          12|           4|
    |or_ln53_120_fu_4307_p2  |    or    |      0|  0|  12|          12|           7|
    |or_ln53_121_fu_4321_p2  |    or    |      0|  0|  12|          12|           7|
    |or_ln53_122_fu_4335_p2  |    or    |      0|  0|  12|          12|           7|
    |or_ln53_123_fu_4349_p2  |    or    |      0|  0|  12|          12|           7|
    |or_ln53_124_fu_4363_p2  |    or    |      0|  0|  12|          12|           7|
    |or_ln53_125_fu_4377_p2  |    or    |      0|  0|  12|          12|           7|
    |or_ln53_126_fu_4391_p2  |    or    |      0|  0|  12|          12|           7|
    |or_ln53_127_fu_4405_p2  |    or    |      0|  0|  12|          12|           8|
    |or_ln53_128_fu_4419_p2  |    or    |      0|  0|  12|          12|           8|
    |or_ln53_129_fu_4433_p2  |    or    |      0|  0|  12|          12|           8|
    |or_ln53_12_fu_2795_p2   |    or    |      0|  0|  12|          12|           4|
    |or_ln53_130_fu_4447_p2  |    or    |      0|  0|  12|          12|           8|
    |or_ln53_131_fu_4461_p2  |    or    |      0|  0|  12|          12|           8|
    |or_ln53_132_fu_4475_p2  |    or    |      0|  0|  12|          12|           8|
    |or_ln53_133_fu_4489_p2  |    or    |      0|  0|  12|          12|           8|
    |or_ln53_134_fu_4503_p2  |    or    |      0|  0|  12|          12|           8|
    |or_ln53_135_fu_4517_p2  |    or    |      0|  0|  12|          12|           8|
    |or_ln53_136_fu_4531_p2  |    or    |      0|  0|  12|          12|           8|
    |or_ln53_137_fu_4545_p2  |    or    |      0|  0|  12|          12|           8|
    |or_ln53_138_fu_4559_p2  |    or    |      0|  0|  12|          12|           8|
    |or_ln53_139_fu_4573_p2  |    or    |      0|  0|  12|          12|           8|
    |or_ln53_13_fu_2809_p2   |    or    |      0|  0|  12|          12|           4|
    |or_ln53_140_fu_4587_p2  |    or    |      0|  0|  12|          12|           8|
    |or_ln53_141_fu_4601_p2  |    or    |      0|  0|  12|          12|           8|
    |or_ln53_142_fu_4615_p2  |    or    |      0|  0|  12|          12|           8|
    |or_ln53_143_fu_4629_p2  |    or    |      0|  0|  12|          12|           8|
    |or_ln53_144_fu_4643_p2  |    or    |      0|  0|  12|          12|           8|
    |or_ln53_145_fu_4657_p2  |    or    |      0|  0|  12|          12|           8|
    |or_ln53_146_fu_4671_p2  |    or    |      0|  0|  12|          12|           8|
    |or_ln53_147_fu_4685_p2  |    or    |      0|  0|  12|          12|           8|
    |or_ln53_148_fu_4699_p2  |    or    |      0|  0|  12|          12|           8|
    |or_ln53_149_fu_4713_p2  |    or    |      0|  0|  12|          12|           8|
    |or_ln53_14_fu_2823_p2   |    or    |      0|  0|  12|          12|           4|
    |or_ln53_150_fu_4727_p2  |    or    |      0|  0|  12|          12|           8|
    |or_ln53_151_fu_4741_p2  |    or    |      0|  0|  12|          12|           8|
    |or_ln53_152_fu_4755_p2  |    or    |      0|  0|  12|          12|           8|
    |or_ln53_153_fu_4769_p2  |    or    |      0|  0|  12|          12|           8|
    |or_ln53_154_fu_4783_p2  |    or    |      0|  0|  12|          12|           8|
    |or_ln53_155_fu_4797_p2  |    or    |      0|  0|  12|          12|           8|
    |or_ln53_156_fu_4811_p2  |    or    |      0|  0|  12|          12|           8|
    |or_ln53_157_fu_4825_p2  |    or    |      0|  0|  12|          12|           8|
    |or_ln53_158_fu_4839_p2  |    or    |      0|  0|  12|          12|           8|
    |or_ln53_159_fu_4853_p2  |    or    |      0|  0|  12|          12|           8|
    |or_ln53_15_fu_2837_p2   |    or    |      0|  0|  12|          12|           5|
    |or_ln53_160_fu_4867_p2  |    or    |      0|  0|  12|          12|           8|
    |or_ln53_161_fu_4881_p2  |    or    |      0|  0|  12|          12|           8|
    |or_ln53_162_fu_4895_p2  |    or    |      0|  0|  12|          12|           8|
    |or_ln53_163_fu_4909_p2  |    or    |      0|  0|  12|          12|           8|
    |or_ln53_164_fu_4923_p2  |    or    |      0|  0|  12|          12|           8|
    |or_ln53_165_fu_4937_p2  |    or    |      0|  0|  12|          12|           8|
    |or_ln53_166_fu_4951_p2  |    or    |      0|  0|  12|          12|           8|
    |or_ln53_167_fu_4965_p2  |    or    |      0|  0|  12|          12|           8|
    |or_ln53_168_fu_4979_p2  |    or    |      0|  0|  12|          12|           8|
    |or_ln53_169_fu_4993_p2  |    or    |      0|  0|  12|          12|           8|
    |or_ln53_16_fu_2851_p2   |    or    |      0|  0|  12|          12|           5|
    |or_ln53_170_fu_5007_p2  |    or    |      0|  0|  12|          12|           8|
    |or_ln53_171_fu_5021_p2  |    or    |      0|  0|  12|          12|           8|
    |or_ln53_172_fu_5035_p2  |    or    |      0|  0|  12|          12|           8|
    |or_ln53_173_fu_5049_p2  |    or    |      0|  0|  12|          12|           8|
    |or_ln53_174_fu_5063_p2  |    or    |      0|  0|  12|          12|           8|
    |or_ln53_175_fu_5077_p2  |    or    |      0|  0|  12|          12|           8|
    |or_ln53_176_fu_5091_p2  |    or    |      0|  0|  12|          12|           8|
    |or_ln53_177_fu_5105_p2  |    or    |      0|  0|  12|          12|           8|
    |or_ln53_178_fu_5119_p2  |    or    |      0|  0|  12|          12|           8|
    |or_ln53_179_fu_5133_p2  |    or    |      0|  0|  12|          12|           8|
    |or_ln53_17_fu_2865_p2   |    or    |      0|  0|  12|          12|           5|
    |or_ln53_180_fu_5147_p2  |    or    |      0|  0|  12|          12|           8|
    |or_ln53_181_fu_5161_p2  |    or    |      0|  0|  12|          12|           8|
    |or_ln53_182_fu_5175_p2  |    or    |      0|  0|  12|          12|           8|
    |or_ln53_183_fu_5189_p2  |    or    |      0|  0|  12|          12|           8|
    |or_ln53_184_fu_5203_p2  |    or    |      0|  0|  12|          12|           8|
    |or_ln53_185_fu_5217_p2  |    or    |      0|  0|  12|          12|           8|
    |or_ln53_186_fu_5231_p2  |    or    |      0|  0|  12|          12|           8|
    |or_ln53_187_fu_5245_p2  |    or    |      0|  0|  12|          12|           8|
    |or_ln53_188_fu_5259_p2  |    or    |      0|  0|  12|          12|           8|
    |or_ln53_189_fu_5273_p2  |    or    |      0|  0|  12|          12|           8|
    |or_ln53_18_fu_2879_p2   |    or    |      0|  0|  12|          12|           5|
    |or_ln53_190_fu_5287_p2  |    or    |      0|  0|  12|          12|           8|
    |or_ln53_191_fu_5301_p2  |    or    |      0|  0|  12|          12|           8|
    |or_ln53_192_fu_5315_p2  |    or    |      0|  0|  12|          12|           8|
    |or_ln53_193_fu_5329_p2  |    or    |      0|  0|  12|          12|           8|
    |or_ln53_194_fu_5343_p2  |    or    |      0|  0|  12|          12|           8|
    |or_ln53_195_fu_5357_p2  |    or    |      0|  0|  12|          12|           8|
    |or_ln53_196_fu_5371_p2  |    or    |      0|  0|  12|          12|           8|
    |or_ln53_197_fu_5385_p2  |    or    |      0|  0|  12|          12|           8|
    |or_ln53_198_fu_5399_p2  |    or    |      0|  0|  12|          12|           8|
    |or_ln53_199_fu_5413_p2  |    or    |      0|  0|  12|          12|           8|
    |or_ln53_19_fu_2893_p2   |    or    |      0|  0|  12|          12|           5|
    |or_ln53_1_fu_2641_p2    |    or    |      0|  0|  12|          12|           2|
    |or_ln53_200_fu_5427_p2  |    or    |      0|  0|  12|          12|           8|
    |or_ln53_201_fu_5441_p2  |    or    |      0|  0|  12|          12|           8|
    |or_ln53_202_fu_5455_p2  |    or    |      0|  0|  12|          12|           8|
    |or_ln53_203_fu_5469_p2  |    or    |      0|  0|  12|          12|           8|
    |or_ln53_204_fu_5483_p2  |    or    |      0|  0|  12|          12|           8|
    |or_ln53_205_fu_5497_p2  |    or    |      0|  0|  12|          12|           8|
    |or_ln53_206_fu_5511_p2  |    or    |      0|  0|  12|          12|           8|
    |or_ln53_207_fu_5525_p2  |    or    |      0|  0|  12|          12|           8|
    |or_ln53_208_fu_5539_p2  |    or    |      0|  0|  12|          12|           8|
    |or_ln53_209_fu_5553_p2  |    or    |      0|  0|  12|          12|           8|
    |or_ln53_20_fu_2907_p2   |    or    |      0|  0|  12|          12|           5|
    |or_ln53_210_fu_5567_p2  |    or    |      0|  0|  12|          12|           8|
    |or_ln53_211_fu_5581_p2  |    or    |      0|  0|  12|          12|           8|
    |or_ln53_212_fu_5595_p2  |    or    |      0|  0|  12|          12|           8|
    |or_ln53_213_fu_5609_p2  |    or    |      0|  0|  12|          12|           8|
    |or_ln53_214_fu_5623_p2  |    or    |      0|  0|  12|          12|           8|
    |or_ln53_215_fu_5637_p2  |    or    |      0|  0|  12|          12|           8|
    |or_ln53_216_fu_5651_p2  |    or    |      0|  0|  12|          12|           8|
    |or_ln53_217_fu_5665_p2  |    or    |      0|  0|  12|          12|           8|
    |or_ln53_218_fu_5679_p2  |    or    |      0|  0|  12|          12|           8|
    |or_ln53_219_fu_5693_p2  |    or    |      0|  0|  12|          12|           8|
    |or_ln53_21_fu_2921_p2   |    or    |      0|  0|  12|          12|           5|
    |or_ln53_220_fu_5707_p2  |    or    |      0|  0|  12|          12|           8|
    |or_ln53_221_fu_5721_p2  |    or    |      0|  0|  12|          12|           8|
    |or_ln53_222_fu_5735_p2  |    or    |      0|  0|  12|          12|           8|
    |or_ln53_223_fu_5749_p2  |    or    |      0|  0|  12|          12|           8|
    |or_ln53_224_fu_5763_p2  |    or    |      0|  0|  12|          12|           8|
    |or_ln53_225_fu_5777_p2  |    or    |      0|  0|  12|          12|           8|
    |or_ln53_226_fu_5791_p2  |    or    |      0|  0|  12|          12|           8|
    |or_ln53_227_fu_5805_p2  |    or    |      0|  0|  12|          12|           8|
    |or_ln53_228_fu_5819_p2  |    or    |      0|  0|  12|          12|           8|
    |or_ln53_229_fu_5833_p2  |    or    |      0|  0|  12|          12|           8|
    |or_ln53_22_fu_2935_p2   |    or    |      0|  0|  12|          12|           5|
    |or_ln53_230_fu_5847_p2  |    or    |      0|  0|  12|          12|           8|
    |or_ln53_231_fu_5861_p2  |    or    |      0|  0|  12|          12|           8|
    |or_ln53_232_fu_5875_p2  |    or    |      0|  0|  12|          12|           8|
    |or_ln53_233_fu_5889_p2  |    or    |      0|  0|  12|          12|           8|
    |or_ln53_234_fu_5903_p2  |    or    |      0|  0|  12|          12|           8|
    |or_ln53_235_fu_5917_p2  |    or    |      0|  0|  12|          12|           8|
    |or_ln53_236_fu_5931_p2  |    or    |      0|  0|  12|          12|           8|
    |or_ln53_237_fu_5945_p2  |    or    |      0|  0|  12|          12|           8|
    |or_ln53_238_fu_5959_p2  |    or    |      0|  0|  12|          12|           8|
    |or_ln53_239_fu_5973_p2  |    or    |      0|  0|  12|          12|           8|
    |or_ln53_23_fu_2949_p2   |    or    |      0|  0|  12|          12|           5|
    |or_ln53_240_fu_5987_p2  |    or    |      0|  0|  12|          12|           8|
    |or_ln53_241_fu_6001_p2  |    or    |      0|  0|  12|          12|           8|
    |or_ln53_242_fu_6015_p2  |    or    |      0|  0|  12|          12|           8|
    |or_ln53_243_fu_6029_p2  |    or    |      0|  0|  12|          12|           8|
    |or_ln53_244_fu_6043_p2  |    or    |      0|  0|  12|          12|           8|
    |or_ln53_245_fu_6057_p2  |    or    |      0|  0|  12|          12|           8|
    |or_ln53_246_fu_6071_p2  |    or    |      0|  0|  12|          12|           8|
    |or_ln53_247_fu_6085_p2  |    or    |      0|  0|  12|          12|           8|
    |or_ln53_248_fu_6099_p2  |    or    |      0|  0|  12|          12|           8|
    |or_ln53_249_fu_6113_p2  |    or    |      0|  0|  12|          12|           8|
    |or_ln53_24_fu_2963_p2   |    or    |      0|  0|  12|          12|           5|
    |or_ln53_250_fu_6127_p2  |    or    |      0|  0|  12|          12|           8|
    |or_ln53_251_fu_6141_p2  |    or    |      0|  0|  12|          12|           8|
    |or_ln53_252_fu_6155_p2  |    or    |      0|  0|  12|          12|           8|
    |or_ln53_253_fu_6169_p2  |    or    |      0|  0|  12|          12|           8|
    |or_ln53_254_fu_6183_p2  |    or    |      0|  0|  12|          12|           8|
    |or_ln53_25_fu_2977_p2   |    or    |      0|  0|  12|          12|           5|
    |or_ln53_26_fu_2991_p2   |    or    |      0|  0|  12|          12|           5|
    |or_ln53_27_fu_3005_p2   |    or    |      0|  0|  12|          12|           5|
    |or_ln53_28_fu_3019_p2   |    or    |      0|  0|  12|          12|           5|
    |or_ln53_29_fu_3033_p2   |    or    |      0|  0|  12|          12|           5|
    |or_ln53_2_fu_2655_p2    |    or    |      0|  0|  12|          12|           2|
    |or_ln53_30_fu_3047_p2   |    or    |      0|  0|  12|          12|           5|
    |or_ln53_31_fu_3061_p2   |    or    |      0|  0|  12|          12|           6|
    |or_ln53_32_fu_3075_p2   |    or    |      0|  0|  12|          12|           6|
    |or_ln53_33_fu_3089_p2   |    or    |      0|  0|  12|          12|           6|
    |or_ln53_34_fu_3103_p2   |    or    |      0|  0|  12|          12|           6|
    |or_ln53_35_fu_3117_p2   |    or    |      0|  0|  12|          12|           6|
    |or_ln53_36_fu_3131_p2   |    or    |      0|  0|  12|          12|           6|
    |or_ln53_37_fu_3145_p2   |    or    |      0|  0|  12|          12|           6|
    |or_ln53_38_fu_3159_p2   |    or    |      0|  0|  12|          12|           6|
    |or_ln53_39_fu_3173_p2   |    or    |      0|  0|  12|          12|           6|
    |or_ln53_3_fu_2669_p2    |    or    |      0|  0|  12|          12|           3|
    |or_ln53_40_fu_3187_p2   |    or    |      0|  0|  12|          12|           6|
    |or_ln53_41_fu_3201_p2   |    or    |      0|  0|  12|          12|           6|
    |or_ln53_42_fu_3215_p2   |    or    |      0|  0|  12|          12|           6|
    |or_ln53_43_fu_3229_p2   |    or    |      0|  0|  12|          12|           6|
    |or_ln53_44_fu_3243_p2   |    or    |      0|  0|  12|          12|           6|
    |or_ln53_45_fu_3257_p2   |    or    |      0|  0|  12|          12|           6|
    |or_ln53_46_fu_3271_p2   |    or    |      0|  0|  12|          12|           6|
    |or_ln53_47_fu_3285_p2   |    or    |      0|  0|  12|          12|           6|
    |or_ln53_48_fu_3299_p2   |    or    |      0|  0|  12|          12|           6|
    |or_ln53_49_fu_3313_p2   |    or    |      0|  0|  12|          12|           6|
    |or_ln53_4_fu_2683_p2    |    or    |      0|  0|  12|          12|           3|
    |or_ln53_50_fu_3327_p2   |    or    |      0|  0|  12|          12|           6|
    |or_ln53_51_fu_3341_p2   |    or    |      0|  0|  12|          12|           6|
    |or_ln53_52_fu_3355_p2   |    or    |      0|  0|  12|          12|           6|
    |or_ln53_53_fu_3369_p2   |    or    |      0|  0|  12|          12|           6|
    |or_ln53_54_fu_3383_p2   |    or    |      0|  0|  12|          12|           6|
    |or_ln53_55_fu_3397_p2   |    or    |      0|  0|  12|          12|           6|
    |or_ln53_56_fu_3411_p2   |    or    |      0|  0|  12|          12|           6|
    |or_ln53_57_fu_3425_p2   |    or    |      0|  0|  12|          12|           6|
    |or_ln53_58_fu_3439_p2   |    or    |      0|  0|  12|          12|           6|
    |or_ln53_59_fu_3453_p2   |    or    |      0|  0|  12|          12|           6|
    |or_ln53_5_fu_2697_p2    |    or    |      0|  0|  12|          12|           3|
    |or_ln53_60_fu_3467_p2   |    or    |      0|  0|  12|          12|           6|
    |or_ln53_61_fu_3481_p2   |    or    |      0|  0|  12|          12|           6|
    |or_ln53_62_fu_3495_p2   |    or    |      0|  0|  12|          12|           6|
    |or_ln53_63_fu_3509_p2   |    or    |      0|  0|  12|          12|           7|
    |or_ln53_64_fu_3523_p2   |    or    |      0|  0|  12|          12|           7|
    |or_ln53_65_fu_3537_p2   |    or    |      0|  0|  12|          12|           7|
    |or_ln53_66_fu_3551_p2   |    or    |      0|  0|  12|          12|           7|
    |or_ln53_67_fu_3565_p2   |    or    |      0|  0|  12|          12|           7|
    |or_ln53_68_fu_3579_p2   |    or    |      0|  0|  12|          12|           7|
    |or_ln53_69_fu_3593_p2   |    or    |      0|  0|  12|          12|           7|
    |or_ln53_6_fu_2711_p2    |    or    |      0|  0|  12|          12|           3|
    |or_ln53_70_fu_3607_p2   |    or    |      0|  0|  12|          12|           7|
    |or_ln53_71_fu_3621_p2   |    or    |      0|  0|  12|          12|           7|
    |or_ln53_72_fu_3635_p2   |    or    |      0|  0|  12|          12|           7|
    |or_ln53_73_fu_3649_p2   |    or    |      0|  0|  12|          12|           7|
    |or_ln53_74_fu_3663_p2   |    or    |      0|  0|  12|          12|           7|
    |or_ln53_75_fu_3677_p2   |    or    |      0|  0|  12|          12|           7|
    |or_ln53_76_fu_3691_p2   |    or    |      0|  0|  12|          12|           7|
    |or_ln53_77_fu_3705_p2   |    or    |      0|  0|  12|          12|           7|
    |or_ln53_78_fu_3719_p2   |    or    |      0|  0|  12|          12|           7|
    |or_ln53_79_fu_3733_p2   |    or    |      0|  0|  12|          12|           7|
    |or_ln53_7_fu_2725_p2    |    or    |      0|  0|  12|          12|           4|
    |or_ln53_80_fu_3747_p2   |    or    |      0|  0|  12|          12|           7|
    |or_ln53_81_fu_3761_p2   |    or    |      0|  0|  12|          12|           7|
    |or_ln53_82_fu_3775_p2   |    or    |      0|  0|  12|          12|           7|
    |or_ln53_83_fu_3789_p2   |    or    |      0|  0|  12|          12|           7|
    |or_ln53_84_fu_3803_p2   |    or    |      0|  0|  12|          12|           7|
    |or_ln53_85_fu_3817_p2   |    or    |      0|  0|  12|          12|           7|
    |or_ln53_86_fu_3831_p2   |    or    |      0|  0|  12|          12|           7|
    |or_ln53_87_fu_3845_p2   |    or    |      0|  0|  12|          12|           7|
    |or_ln53_88_fu_3859_p2   |    or    |      0|  0|  12|          12|           7|
    |or_ln53_89_fu_3873_p2   |    or    |      0|  0|  12|          12|           7|
    |or_ln53_8_fu_2739_p2    |    or    |      0|  0|  12|          12|           4|
    |or_ln53_90_fu_3887_p2   |    or    |      0|  0|  12|          12|           7|
    |or_ln53_91_fu_3901_p2   |    or    |      0|  0|  12|          12|           7|
    |or_ln53_92_fu_3915_p2   |    or    |      0|  0|  12|          12|           7|
    |or_ln53_93_fu_3929_p2   |    or    |      0|  0|  12|          12|           7|
    |or_ln53_94_fu_3943_p2   |    or    |      0|  0|  12|          12|           7|
    |or_ln53_95_fu_3957_p2   |    or    |      0|  0|  12|          12|           7|
    |or_ln53_96_fu_3971_p2   |    or    |      0|  0|  12|          12|           7|
    |or_ln53_97_fu_3985_p2   |    or    |      0|  0|  12|          12|           7|
    |or_ln53_98_fu_3999_p2   |    or    |      0|  0|  12|          12|           7|
    |or_ln53_99_fu_4013_p2   |    or    |      0|  0|  12|          12|           7|
    |or_ln53_9_fu_2753_p2    |    or    |      0|  0|  12|          12|           4|
    |or_ln53_fu_2626_p2      |    or    |      0|  0|  12|          12|           1|
    +------------------------+----------+-------+---+----+------------+------------+
    |Total                   |          |      0|  0|3060|        3060|        1793|
    +------------------------+----------+-------+---+----+------------+------------+

    * Multiplexer: 
    +---------------------------------------+------+-----------+-----+-----------+
    |                  Name                 |  LUT | Input Size| Bits| Total Bits|
    +---------------------------------------+------+-----------+-----+-----------+
    |a_coeffs_address0                      |  1173|        257|   10|       2570|
    |a_coeffs_address1                      |  1173|        257|   10|       2570|
    |ap_NS_fsm                              |  1173|        257|    1|        257|
    |grp_pqcrystals_dilithium_30_fu_2591_a  |   545|        128|   32|       4096|
    |grp_pqcrystals_dilithium_30_fu_2597_a  |   545|        128|   32|       4096|
    +---------------------------------------+------+-----------+-----+-----------+
    |Total                                  |  4609|       1027|   85|      13589|
    +---------------------------------------+------+-----------+-----+-----------+

    * Register: 
    +----------------------------+-----+----+-----+-----------+
    |            Name            |  FF | LUT| Bits| Const Bits|
    +----------------------------+-----+----+-----+-----------+
    |a_coeffs_addr_256_reg_6460  |    2|   0|   10|          8|
    |a_coeffs_addr_257_reg_6465  |    2|   0|   10|          8|
    |a_coeffs_addr_258_reg_6470  |    2|   0|   10|          8|
    |a_coeffs_addr_259_reg_6475  |    2|   0|   10|          8|
    |a_coeffs_addr_260_reg_6480  |    2|   0|   10|          8|
    |a_coeffs_addr_261_reg_6495  |    2|   0|   10|          8|
    |a_coeffs_addr_262_reg_6500  |    2|   0|   10|          8|
    |a_coeffs_addr_263_reg_6515  |    2|   0|   10|          8|
    |a_coeffs_addr_264_reg_6520  |    2|   0|   10|          8|
    |a_coeffs_addr_265_reg_6535  |    2|   0|   10|          8|
    |a_coeffs_addr_266_reg_6540  |    2|   0|   10|          8|
    |a_coeffs_addr_267_reg_6555  |    2|   0|   10|          8|
    |a_coeffs_addr_268_reg_6560  |    2|   0|   10|          8|
    |a_coeffs_addr_269_reg_6575  |    2|   0|   10|          8|
    |a_coeffs_addr_270_reg_6580  |    2|   0|   10|          8|
    |a_coeffs_addr_271_reg_6595  |    2|   0|   10|          8|
    |a_coeffs_addr_272_reg_6600  |    2|   0|   10|          8|
    |a_coeffs_addr_273_reg_6615  |    2|   0|   10|          8|
    |a_coeffs_addr_274_reg_6620  |    2|   0|   10|          8|
    |a_coeffs_addr_275_reg_6635  |    2|   0|   10|          8|
    |a_coeffs_addr_276_reg_6640  |    2|   0|   10|          8|
    |a_coeffs_addr_277_reg_6655  |    2|   0|   10|          8|
    |a_coeffs_addr_278_reg_6660  |    2|   0|   10|          8|
    |a_coeffs_addr_279_reg_6675  |    2|   0|   10|          8|
    |a_coeffs_addr_280_reg_6680  |    2|   0|   10|          8|
    |a_coeffs_addr_281_reg_6695  |    2|   0|   10|          8|
    |a_coeffs_addr_282_reg_6700  |    2|   0|   10|          8|
    |a_coeffs_addr_283_reg_6715  |    2|   0|   10|          8|
    |a_coeffs_addr_284_reg_6720  |    2|   0|   10|          8|
    |a_coeffs_addr_285_reg_6735  |    2|   0|   10|          8|
    |a_coeffs_addr_286_reg_6740  |    2|   0|   10|          8|
    |a_coeffs_addr_287_reg_6755  |    2|   0|   10|          8|
    |a_coeffs_addr_288_reg_6760  |    2|   0|   10|          8|
    |a_coeffs_addr_289_reg_6775  |    2|   0|   10|          8|
    |a_coeffs_addr_290_reg_6780  |    2|   0|   10|          8|
    |a_coeffs_addr_291_reg_6795  |    2|   0|   10|          8|
    |a_coeffs_addr_292_reg_6800  |    2|   0|   10|          8|
    |a_coeffs_addr_293_reg_6815  |    2|   0|   10|          8|
    |a_coeffs_addr_294_reg_6820  |    2|   0|   10|          8|
    |a_coeffs_addr_295_reg_6835  |    2|   0|   10|          8|
    |a_coeffs_addr_296_reg_6840  |    2|   0|   10|          8|
    |a_coeffs_addr_297_reg_6855  |    2|   0|   10|          8|
    |a_coeffs_addr_298_reg_6860  |    2|   0|   10|          8|
    |a_coeffs_addr_299_reg_6875  |    2|   0|   10|          8|
    |a_coeffs_addr_300_reg_6880  |    2|   0|   10|          8|
    |a_coeffs_addr_301_reg_6895  |    2|   0|   10|          8|
    |a_coeffs_addr_302_reg_6900  |    2|   0|   10|          8|
    |a_coeffs_addr_303_reg_6915  |    2|   0|   10|          8|
    |a_coeffs_addr_304_reg_6920  |    2|   0|   10|          8|
    |a_coeffs_addr_305_reg_6935  |    2|   0|   10|          8|
    |a_coeffs_addr_306_reg_6940  |    2|   0|   10|          8|
    |a_coeffs_addr_307_reg_6955  |    2|   0|   10|          8|
    |a_coeffs_addr_308_reg_6960  |    2|   0|   10|          8|
    |a_coeffs_addr_309_reg_6975  |    2|   0|   10|          8|
    |a_coeffs_addr_310_reg_6980  |    2|   0|   10|          8|
    |a_coeffs_addr_311_reg_6995  |    2|   0|   10|          8|
    |a_coeffs_addr_312_reg_7000  |    2|   0|   10|          8|
    |a_coeffs_addr_313_reg_7015  |    2|   0|   10|          8|
    |a_coeffs_addr_314_reg_7020  |    2|   0|   10|          8|
    |a_coeffs_addr_315_reg_7035  |    2|   0|   10|          8|
    |a_coeffs_addr_316_reg_7040  |    2|   0|   10|          8|
    |a_coeffs_addr_317_reg_7055  |    2|   0|   10|          8|
    |a_coeffs_addr_318_reg_7060  |    2|   0|   10|          8|
    |a_coeffs_addr_319_reg_7075  |    2|   0|   10|          8|
    |a_coeffs_addr_320_reg_7080  |    2|   0|   10|          8|
    |a_coeffs_addr_321_reg_7095  |    2|   0|   10|          8|
    |a_coeffs_addr_322_reg_7100  |    2|   0|   10|          8|
    |a_coeffs_addr_323_reg_7115  |    2|   0|   10|          8|
    |a_coeffs_addr_324_reg_7120  |    2|   0|   10|          8|
    |a_coeffs_addr_325_reg_7135  |    2|   0|   10|          8|
    |a_coeffs_addr_326_reg_7140  |    2|   0|   10|          8|
    |a_coeffs_addr_327_reg_7155  |    2|   0|   10|          8|
    |a_coeffs_addr_328_reg_7160  |    2|   0|   10|          8|
    |a_coeffs_addr_329_reg_7175  |    2|   0|   10|          8|
    |a_coeffs_addr_330_reg_7180  |    2|   0|   10|          8|
    |a_coeffs_addr_331_reg_7195  |    2|   0|   10|          8|
    |a_coeffs_addr_332_reg_7200  |    2|   0|   10|          8|
    |a_coeffs_addr_333_reg_7215  |    2|   0|   10|          8|
    |a_coeffs_addr_334_reg_7220  |    2|   0|   10|          8|
    |a_coeffs_addr_335_reg_7235  |    2|   0|   10|          8|
    |a_coeffs_addr_336_reg_7240  |    2|   0|   10|          8|
    |a_coeffs_addr_337_reg_7255  |    2|   0|   10|          8|
    |a_coeffs_addr_338_reg_7260  |    2|   0|   10|          8|
    |a_coeffs_addr_339_reg_7275  |    2|   0|   10|          8|
    |a_coeffs_addr_340_reg_7280  |    2|   0|   10|          8|
    |a_coeffs_addr_341_reg_7295  |    2|   0|   10|          8|
    |a_coeffs_addr_342_reg_7300  |    2|   0|   10|          8|
    |a_coeffs_addr_343_reg_7315  |    2|   0|   10|          8|
    |a_coeffs_addr_344_reg_7320  |    2|   0|   10|          8|
    |a_coeffs_addr_345_reg_7335  |    2|   0|   10|          8|
    |a_coeffs_addr_346_reg_7340  |    2|   0|   10|          8|
    |a_coeffs_addr_347_reg_7355  |    2|   0|   10|          8|
    |a_coeffs_addr_348_reg_7360  |    2|   0|   10|          8|
    |a_coeffs_addr_349_reg_7375  |    2|   0|   10|          8|
    |a_coeffs_addr_350_reg_7380  |    2|   0|   10|          8|
    |a_coeffs_addr_351_reg_7395  |    2|   0|   10|          8|
    |a_coeffs_addr_352_reg_7400  |    2|   0|   10|          8|
    |a_coeffs_addr_353_reg_7415  |    2|   0|   10|          8|
    |a_coeffs_addr_354_reg_7420  |    2|   0|   10|          8|
    |a_coeffs_addr_355_reg_7435  |    2|   0|   10|          8|
    |a_coeffs_addr_356_reg_7440  |    2|   0|   10|          8|
    |a_coeffs_addr_357_reg_7455  |    2|   0|   10|          8|
    |a_coeffs_addr_358_reg_7460  |    2|   0|   10|          8|
    |a_coeffs_addr_359_reg_7475  |    2|   0|   10|          8|
    |a_coeffs_addr_360_reg_7480  |    2|   0|   10|          8|
    |a_coeffs_addr_361_reg_7495  |    2|   0|   10|          8|
    |a_coeffs_addr_362_reg_7500  |    2|   0|   10|          8|
    |a_coeffs_addr_363_reg_7515  |    2|   0|   10|          8|
    |a_coeffs_addr_364_reg_7520  |    2|   0|   10|          8|
    |a_coeffs_addr_365_reg_7535  |    2|   0|   10|          8|
    |a_coeffs_addr_366_reg_7540  |    2|   0|   10|          8|
    |a_coeffs_addr_367_reg_7555  |    2|   0|   10|          8|
    |a_coeffs_addr_368_reg_7560  |    2|   0|   10|          8|
    |a_coeffs_addr_369_reg_7575  |    2|   0|   10|          8|
    |a_coeffs_addr_370_reg_7580  |    2|   0|   10|          8|
    |a_coeffs_addr_371_reg_7595  |    2|   0|   10|          8|
    |a_coeffs_addr_372_reg_7600  |    2|   0|   10|          8|
    |a_coeffs_addr_373_reg_7615  |    2|   0|   10|          8|
    |a_coeffs_addr_374_reg_7620  |    2|   0|   10|          8|
    |a_coeffs_addr_375_reg_7635  |    2|   0|   10|          8|
    |a_coeffs_addr_376_reg_7640  |    2|   0|   10|          8|
    |a_coeffs_addr_377_reg_7655  |    2|   0|   10|          8|
    |a_coeffs_addr_378_reg_7660  |    2|   0|   10|          8|
    |a_coeffs_addr_379_reg_7675  |    2|   0|   10|          8|
    |a_coeffs_addr_380_reg_7680  |    2|   0|   10|          8|
    |a_coeffs_addr_381_reg_7695  |    2|   0|   10|          8|
    |a_coeffs_addr_382_reg_7700  |    2|   0|   10|          8|
    |a_coeffs_addr_383_reg_7715  |    2|   0|   10|          8|
    |a_coeffs_addr_384_reg_7720  |    2|   0|   10|          8|
    |a_coeffs_addr_385_reg_7735  |    2|   0|   10|          8|
    |a_coeffs_addr_386_reg_7740  |    2|   0|   10|          8|
    |a_coeffs_addr_387_reg_7755  |    2|   0|   10|          8|
    |a_coeffs_addr_388_reg_7760  |    2|   0|   10|          8|
    |a_coeffs_addr_389_reg_7775  |    2|   0|   10|          8|
    |a_coeffs_addr_390_reg_7780  |    2|   0|   10|          8|
    |a_coeffs_addr_391_reg_7795  |    2|   0|   10|          8|
    |a_coeffs_addr_392_reg_7800  |    2|   0|   10|          8|
    |a_coeffs_addr_393_reg_7815  |    2|   0|   10|          8|
    |a_coeffs_addr_394_reg_7820  |    2|   0|   10|          8|
    |a_coeffs_addr_395_reg_7835  |    2|   0|   10|          8|
    |a_coeffs_addr_396_reg_7840  |    2|   0|   10|          8|
    |a_coeffs_addr_397_reg_7855  |    2|   0|   10|          8|
    |a_coeffs_addr_398_reg_7860  |    2|   0|   10|          8|
    |a_coeffs_addr_399_reg_7875  |    2|   0|   10|          8|
    |a_coeffs_addr_400_reg_7880  |    2|   0|   10|          8|
    |a_coeffs_addr_401_reg_7895  |    2|   0|   10|          8|
    |a_coeffs_addr_402_reg_7900  |    2|   0|   10|          8|
    |a_coeffs_addr_403_reg_7915  |    2|   0|   10|          8|
    |a_coeffs_addr_404_reg_7920  |    2|   0|   10|          8|
    |a_coeffs_addr_405_reg_7935  |    2|   0|   10|          8|
    |a_coeffs_addr_406_reg_7940  |    2|   0|   10|          8|
    |a_coeffs_addr_407_reg_7955  |    2|   0|   10|          8|
    |a_coeffs_addr_408_reg_7960  |    2|   0|   10|          8|
    |a_coeffs_addr_409_reg_7975  |    2|   0|   10|          8|
    |a_coeffs_addr_410_reg_7980  |    2|   0|   10|          8|
    |a_coeffs_addr_411_reg_7995  |    2|   0|   10|          8|
    |a_coeffs_addr_412_reg_8000  |    2|   0|   10|          8|
    |a_coeffs_addr_413_reg_8015  |    2|   0|   10|          8|
    |a_coeffs_addr_414_reg_8020  |    2|   0|   10|          8|
    |a_coeffs_addr_415_reg_8035  |    2|   0|   10|          8|
    |a_coeffs_addr_416_reg_8040  |    2|   0|   10|          8|
    |a_coeffs_addr_417_reg_8055  |    2|   0|   10|          8|
    |a_coeffs_addr_418_reg_8060  |    2|   0|   10|          8|
    |a_coeffs_addr_419_reg_8075  |    2|   0|   10|          8|
    |a_coeffs_addr_420_reg_8080  |    2|   0|   10|          8|
    |a_coeffs_addr_421_reg_8095  |    2|   0|   10|          8|
    |a_coeffs_addr_422_reg_8100  |    2|   0|   10|          8|
    |a_coeffs_addr_423_reg_8115  |    2|   0|   10|          8|
    |a_coeffs_addr_424_reg_8120  |    2|   0|   10|          8|
    |a_coeffs_addr_425_reg_8135  |    2|   0|   10|          8|
    |a_coeffs_addr_426_reg_8140  |    2|   0|   10|          8|
    |a_coeffs_addr_427_reg_8155  |    2|   0|   10|          8|
    |a_coeffs_addr_428_reg_8160  |    2|   0|   10|          8|
    |a_coeffs_addr_429_reg_8175  |    2|   0|   10|          8|
    |a_coeffs_addr_430_reg_8180  |    2|   0|   10|          8|
    |a_coeffs_addr_431_reg_8195  |    2|   0|   10|          8|
    |a_coeffs_addr_432_reg_8200  |    2|   0|   10|          8|
    |a_coeffs_addr_433_reg_8215  |    2|   0|   10|          8|
    |a_coeffs_addr_434_reg_8220  |    2|   0|   10|          8|
    |a_coeffs_addr_435_reg_8235  |    2|   0|   10|          8|
    |a_coeffs_addr_436_reg_8240  |    2|   0|   10|          8|
    |a_coeffs_addr_437_reg_8255  |    2|   0|   10|          8|
    |a_coeffs_addr_438_reg_8260  |    2|   0|   10|          8|
    |a_coeffs_addr_439_reg_8275  |    2|   0|   10|          8|
    |a_coeffs_addr_440_reg_8280  |    2|   0|   10|          8|
    |a_coeffs_addr_441_reg_8295  |    2|   0|   10|          8|
    |a_coeffs_addr_442_reg_8300  |    2|   0|   10|          8|
    |a_coeffs_addr_443_reg_8315  |    2|   0|   10|          8|
    |a_coeffs_addr_444_reg_8320  |    2|   0|   10|          8|
    |a_coeffs_addr_445_reg_8335  |    2|   0|   10|          8|
    |a_coeffs_addr_446_reg_8340  |    2|   0|   10|          8|
    |a_coeffs_addr_447_reg_8355  |    2|   0|   10|          8|
    |a_coeffs_addr_448_reg_8360  |    2|   0|   10|          8|
    |a_coeffs_addr_449_reg_8375  |    2|   0|   10|          8|
    |a_coeffs_addr_450_reg_8380  |    2|   0|   10|          8|
    |a_coeffs_addr_451_reg_8395  |    2|   0|   10|          8|
    |a_coeffs_addr_452_reg_8400  |    2|   0|   10|          8|
    |a_coeffs_addr_453_reg_8415  |    2|   0|   10|          8|
    |a_coeffs_addr_454_reg_8420  |    2|   0|   10|          8|
    |a_coeffs_addr_455_reg_8435  |    2|   0|   10|          8|
    |a_coeffs_addr_456_reg_8440  |    2|   0|   10|          8|
    |a_coeffs_addr_457_reg_8455  |    2|   0|   10|          8|
    |a_coeffs_addr_458_reg_8460  |    2|   0|   10|          8|
    |a_coeffs_addr_459_reg_8475  |    2|   0|   10|          8|
    |a_coeffs_addr_460_reg_8480  |    2|   0|   10|          8|
    |a_coeffs_addr_461_reg_8495  |    2|   0|   10|          8|
    |a_coeffs_addr_462_reg_8500  |    2|   0|   10|          8|
    |a_coeffs_addr_463_reg_8515  |    2|   0|   10|          8|
    |a_coeffs_addr_464_reg_8520  |    2|   0|   10|          8|
    |a_coeffs_addr_465_reg_8535  |    2|   0|   10|          8|
    |a_coeffs_addr_466_reg_8540  |    2|   0|   10|          8|
    |a_coeffs_addr_467_reg_8555  |    2|   0|   10|          8|
    |a_coeffs_addr_468_reg_8560  |    2|   0|   10|          8|
    |a_coeffs_addr_469_reg_8575  |    2|   0|   10|          8|
    |a_coeffs_addr_470_reg_8580  |    2|   0|   10|          8|
    |a_coeffs_addr_471_reg_8595  |    2|   0|   10|          8|
    |a_coeffs_addr_472_reg_8600  |    2|   0|   10|          8|
    |a_coeffs_addr_473_reg_8615  |    2|   0|   10|          8|
    |a_coeffs_addr_474_reg_8620  |    2|   0|   10|          8|
    |a_coeffs_addr_475_reg_8635  |    2|   0|   10|          8|
    |a_coeffs_addr_476_reg_8640  |    2|   0|   10|          8|
    |a_coeffs_addr_477_reg_8655  |    2|   0|   10|          8|
    |a_coeffs_addr_478_reg_8660  |    2|   0|   10|          8|
    |a_coeffs_addr_479_reg_8675  |    2|   0|   10|          8|
    |a_coeffs_addr_480_reg_8680  |    2|   0|   10|          8|
    |a_coeffs_addr_481_reg_8695  |    2|   0|   10|          8|
    |a_coeffs_addr_482_reg_8700  |    2|   0|   10|          8|
    |a_coeffs_addr_483_reg_8715  |    2|   0|   10|          8|
    |a_coeffs_addr_484_reg_8720  |    2|   0|   10|          8|
    |a_coeffs_addr_485_reg_8735  |    2|   0|   10|          8|
    |a_coeffs_addr_486_reg_8740  |    2|   0|   10|          8|
    |a_coeffs_addr_487_reg_8755  |    2|   0|   10|          8|
    |a_coeffs_addr_488_reg_8760  |    2|   0|   10|          8|
    |a_coeffs_addr_489_reg_8775  |    2|   0|   10|          8|
    |a_coeffs_addr_490_reg_8780  |    2|   0|   10|          8|
    |a_coeffs_addr_491_reg_8795  |    2|   0|   10|          8|
    |a_coeffs_addr_492_reg_8800  |    2|   0|   10|          8|
    |a_coeffs_addr_493_reg_8815  |    2|   0|   10|          8|
    |a_coeffs_addr_494_reg_8820  |    2|   0|   10|          8|
    |a_coeffs_addr_495_reg_8835  |    2|   0|   10|          8|
    |a_coeffs_addr_496_reg_8840  |    2|   0|   10|          8|
    |a_coeffs_addr_497_reg_8855  |    2|   0|   10|          8|
    |a_coeffs_addr_498_reg_8860  |    2|   0|   10|          8|
    |a_coeffs_addr_499_reg_8875  |    2|   0|   10|          8|
    |a_coeffs_addr_500_reg_8880  |    2|   0|   10|          8|
    |a_coeffs_addr_501_reg_8895  |    2|   0|   10|          8|
    |a_coeffs_addr_502_reg_8900  |    2|   0|   10|          8|
    |a_coeffs_addr_503_reg_8915  |    2|   0|   10|          8|
    |a_coeffs_addr_504_reg_8920  |    2|   0|   10|          8|
    |a_coeffs_addr_505_reg_8935  |    2|   0|   10|          8|
    |a_coeffs_addr_506_reg_8940  |    2|   0|   10|          8|
    |a_coeffs_addr_507_reg_8955  |    2|   0|   10|          8|
    |a_coeffs_addr_508_reg_8960  |    2|   0|   10|          8|
    |a_coeffs_addr_509_reg_8975  |    2|   0|   10|          8|
    |a_coeffs_addr_510_reg_8980  |    2|   0|   10|          8|
    |a_coeffs_addr_reg_6455      |    2|   0|   10|          8|
    |a_coeffs_load_100_reg_7465  |   32|   0|   32|          0|
    |a_coeffs_load_101_reg_7470  |   32|   0|   32|          0|
    |a_coeffs_load_102_reg_7485  |   32|   0|   32|          0|
    |a_coeffs_load_103_reg_7490  |   32|   0|   32|          0|
    |a_coeffs_load_104_reg_7505  |   32|   0|   32|          0|
    |a_coeffs_load_105_reg_7510  |   32|   0|   32|          0|
    |a_coeffs_load_106_reg_7525  |   32|   0|   32|          0|
    |a_coeffs_load_107_reg_7530  |   32|   0|   32|          0|
    |a_coeffs_load_108_reg_7545  |   32|   0|   32|          0|
    |a_coeffs_load_109_reg_7550  |   32|   0|   32|          0|
    |a_coeffs_load_10_reg_6565   |   32|   0|   32|          0|
    |a_coeffs_load_110_reg_7565  |   32|   0|   32|          0|
    |a_coeffs_load_111_reg_7570  |   32|   0|   32|          0|
    |a_coeffs_load_112_reg_7585  |   32|   0|   32|          0|
    |a_coeffs_load_113_reg_7590  |   32|   0|   32|          0|
    |a_coeffs_load_114_reg_7605  |   32|   0|   32|          0|
    |a_coeffs_load_115_reg_7610  |   32|   0|   32|          0|
    |a_coeffs_load_116_reg_7625  |   32|   0|   32|          0|
    |a_coeffs_load_117_reg_7630  |   32|   0|   32|          0|
    |a_coeffs_load_118_reg_7645  |   32|   0|   32|          0|
    |a_coeffs_load_119_reg_7650  |   32|   0|   32|          0|
    |a_coeffs_load_11_reg_6570   |   32|   0|   32|          0|
    |a_coeffs_load_120_reg_7665  |   32|   0|   32|          0|
    |a_coeffs_load_121_reg_7670  |   32|   0|   32|          0|
    |a_coeffs_load_122_reg_7685  |   32|   0|   32|          0|
    |a_coeffs_load_123_reg_7690  |   32|   0|   32|          0|
    |a_coeffs_load_124_reg_7705  |   32|   0|   32|          0|
    |a_coeffs_load_125_reg_7710  |   32|   0|   32|          0|
    |a_coeffs_load_126_reg_7725  |   32|   0|   32|          0|
    |a_coeffs_load_127_reg_7730  |   32|   0|   32|          0|
    |a_coeffs_load_128_reg_7745  |   32|   0|   32|          0|
    |a_coeffs_load_129_reg_7750  |   32|   0|   32|          0|
    |a_coeffs_load_12_reg_6585   |   32|   0|   32|          0|
    |a_coeffs_load_130_reg_7765  |   32|   0|   32|          0|
    |a_coeffs_load_131_reg_7770  |   32|   0|   32|          0|
    |a_coeffs_load_132_reg_7785  |   32|   0|   32|          0|
    |a_coeffs_load_133_reg_7790  |   32|   0|   32|          0|
    |a_coeffs_load_134_reg_7805  |   32|   0|   32|          0|
    |a_coeffs_load_135_reg_7810  |   32|   0|   32|          0|
    |a_coeffs_load_136_reg_7825  |   32|   0|   32|          0|
    |a_coeffs_load_137_reg_7830  |   32|   0|   32|          0|
    |a_coeffs_load_138_reg_7845  |   32|   0|   32|          0|
    |a_coeffs_load_139_reg_7850  |   32|   0|   32|          0|
    |a_coeffs_load_13_reg_6590   |   32|   0|   32|          0|
    |a_coeffs_load_140_reg_7865  |   32|   0|   32|          0|
    |a_coeffs_load_141_reg_7870  |   32|   0|   32|          0|
    |a_coeffs_load_142_reg_7885  |   32|   0|   32|          0|
    |a_coeffs_load_143_reg_7890  |   32|   0|   32|          0|
    |a_coeffs_load_144_reg_7905  |   32|   0|   32|          0|
    |a_coeffs_load_145_reg_7910  |   32|   0|   32|          0|
    |a_coeffs_load_146_reg_7925  |   32|   0|   32|          0|
    |a_coeffs_load_147_reg_7930  |   32|   0|   32|          0|
    |a_coeffs_load_148_reg_7945  |   32|   0|   32|          0|
    |a_coeffs_load_149_reg_7950  |   32|   0|   32|          0|
    |a_coeffs_load_14_reg_6605   |   32|   0|   32|          0|
    |a_coeffs_load_150_reg_7965  |   32|   0|   32|          0|
    |a_coeffs_load_151_reg_7970  |   32|   0|   32|          0|
    |a_coeffs_load_152_reg_7985  |   32|   0|   32|          0|
    |a_coeffs_load_153_reg_7990  |   32|   0|   32|          0|
    |a_coeffs_load_154_reg_8005  |   32|   0|   32|          0|
    |a_coeffs_load_155_reg_8010  |   32|   0|   32|          0|
    |a_coeffs_load_156_reg_8025  |   32|   0|   32|          0|
    |a_coeffs_load_157_reg_8030  |   32|   0|   32|          0|
    |a_coeffs_load_158_reg_8045  |   32|   0|   32|          0|
    |a_coeffs_load_159_reg_8050  |   32|   0|   32|          0|
    |a_coeffs_load_15_reg_6610   |   32|   0|   32|          0|
    |a_coeffs_load_160_reg_8065  |   32|   0|   32|          0|
    |a_coeffs_load_161_reg_8070  |   32|   0|   32|          0|
    |a_coeffs_load_162_reg_8085  |   32|   0|   32|          0|
    |a_coeffs_load_163_reg_8090  |   32|   0|   32|          0|
    |a_coeffs_load_164_reg_8105  |   32|   0|   32|          0|
    |a_coeffs_load_165_reg_8110  |   32|   0|   32|          0|
    |a_coeffs_load_166_reg_8125  |   32|   0|   32|          0|
    |a_coeffs_load_167_reg_8130  |   32|   0|   32|          0|
    |a_coeffs_load_168_reg_8145  |   32|   0|   32|          0|
    |a_coeffs_load_169_reg_8150  |   32|   0|   32|          0|
    |a_coeffs_load_16_reg_6625   |   32|   0|   32|          0|
    |a_coeffs_load_170_reg_8165  |   32|   0|   32|          0|
    |a_coeffs_load_171_reg_8170  |   32|   0|   32|          0|
    |a_coeffs_load_172_reg_8185  |   32|   0|   32|          0|
    |a_coeffs_load_173_reg_8190  |   32|   0|   32|          0|
    |a_coeffs_load_174_reg_8205  |   32|   0|   32|          0|
    |a_coeffs_load_175_reg_8210  |   32|   0|   32|          0|
    |a_coeffs_load_176_reg_8225  |   32|   0|   32|          0|
    |a_coeffs_load_177_reg_8230  |   32|   0|   32|          0|
    |a_coeffs_load_178_reg_8245  |   32|   0|   32|          0|
    |a_coeffs_load_179_reg_8250  |   32|   0|   32|          0|
    |a_coeffs_load_17_reg_6630   |   32|   0|   32|          0|
    |a_coeffs_load_180_reg_8265  |   32|   0|   32|          0|
    |a_coeffs_load_181_reg_8270  |   32|   0|   32|          0|
    |a_coeffs_load_182_reg_8285  |   32|   0|   32|          0|
    |a_coeffs_load_183_reg_8290  |   32|   0|   32|          0|
    |a_coeffs_load_184_reg_8305  |   32|   0|   32|          0|
    |a_coeffs_load_185_reg_8310  |   32|   0|   32|          0|
    |a_coeffs_load_186_reg_8325  |   32|   0|   32|          0|
    |a_coeffs_load_187_reg_8330  |   32|   0|   32|          0|
    |a_coeffs_load_188_reg_8345  |   32|   0|   32|          0|
    |a_coeffs_load_189_reg_8350  |   32|   0|   32|          0|
    |a_coeffs_load_18_reg_6645   |   32|   0|   32|          0|
    |a_coeffs_load_190_reg_8365  |   32|   0|   32|          0|
    |a_coeffs_load_191_reg_8370  |   32|   0|   32|          0|
    |a_coeffs_load_192_reg_8385  |   32|   0|   32|          0|
    |a_coeffs_load_193_reg_8390  |   32|   0|   32|          0|
    |a_coeffs_load_194_reg_8405  |   32|   0|   32|          0|
    |a_coeffs_load_195_reg_8410  |   32|   0|   32|          0|
    |a_coeffs_load_196_reg_8425  |   32|   0|   32|          0|
    |a_coeffs_load_197_reg_8430  |   32|   0|   32|          0|
    |a_coeffs_load_198_reg_8445  |   32|   0|   32|          0|
    |a_coeffs_load_199_reg_8450  |   32|   0|   32|          0|
    |a_coeffs_load_19_reg_6650   |   32|   0|   32|          0|
    |a_coeffs_load_200_reg_8465  |   32|   0|   32|          0|
    |a_coeffs_load_201_reg_8470  |   32|   0|   32|          0|
    |a_coeffs_load_202_reg_8485  |   32|   0|   32|          0|
    |a_coeffs_load_203_reg_8490  |   32|   0|   32|          0|
    |a_coeffs_load_204_reg_8505  |   32|   0|   32|          0|
    |a_coeffs_load_205_reg_8510  |   32|   0|   32|          0|
    |a_coeffs_load_206_reg_8525  |   32|   0|   32|          0|
    |a_coeffs_load_207_reg_8530  |   32|   0|   32|          0|
    |a_coeffs_load_208_reg_8545  |   32|   0|   32|          0|
    |a_coeffs_load_209_reg_8550  |   32|   0|   32|          0|
    |a_coeffs_load_20_reg_6665   |   32|   0|   32|          0|
    |a_coeffs_load_210_reg_8565  |   32|   0|   32|          0|
    |a_coeffs_load_211_reg_8570  |   32|   0|   32|          0|
    |a_coeffs_load_212_reg_8585  |   32|   0|   32|          0|
    |a_coeffs_load_213_reg_8590  |   32|   0|   32|          0|
    |a_coeffs_load_214_reg_8605  |   32|   0|   32|          0|
    |a_coeffs_load_215_reg_8610  |   32|   0|   32|          0|
    |a_coeffs_load_216_reg_8625  |   32|   0|   32|          0|
    |a_coeffs_load_217_reg_8630  |   32|   0|   32|          0|
    |a_coeffs_load_218_reg_8645  |   32|   0|   32|          0|
    |a_coeffs_load_219_reg_8650  |   32|   0|   32|          0|
    |a_coeffs_load_21_reg_6670   |   32|   0|   32|          0|
    |a_coeffs_load_220_reg_8665  |   32|   0|   32|          0|
    |a_coeffs_load_221_reg_8670  |   32|   0|   32|          0|
    |a_coeffs_load_222_reg_8685  |   32|   0|   32|          0|
    |a_coeffs_load_223_reg_8690  |   32|   0|   32|          0|
    |a_coeffs_load_224_reg_8705  |   32|   0|   32|          0|
    |a_coeffs_load_225_reg_8710  |   32|   0|   32|          0|
    |a_coeffs_load_226_reg_8725  |   32|   0|   32|          0|
    |a_coeffs_load_227_reg_8730  |   32|   0|   32|          0|
    |a_coeffs_load_228_reg_8745  |   32|   0|   32|          0|
    |a_coeffs_load_229_reg_8750  |   32|   0|   32|          0|
    |a_coeffs_load_22_reg_6685   |   32|   0|   32|          0|
    |a_coeffs_load_230_reg_8765  |   32|   0|   32|          0|
    |a_coeffs_load_231_reg_8770  |   32|   0|   32|          0|
    |a_coeffs_load_232_reg_8785  |   32|   0|   32|          0|
    |a_coeffs_load_233_reg_8790  |   32|   0|   32|          0|
    |a_coeffs_load_234_reg_8805  |   32|   0|   32|          0|
    |a_coeffs_load_235_reg_8810  |   32|   0|   32|          0|
    |a_coeffs_load_236_reg_8825  |   32|   0|   32|          0|
    |a_coeffs_load_237_reg_8830  |   32|   0|   32|          0|
    |a_coeffs_load_238_reg_8845  |   32|   0|   32|          0|
    |a_coeffs_load_239_reg_8850  |   32|   0|   32|          0|
    |a_coeffs_load_23_reg_6690   |   32|   0|   32|          0|
    |a_coeffs_load_240_reg_8865  |   32|   0|   32|          0|
    |a_coeffs_load_241_reg_8870  |   32|   0|   32|          0|
    |a_coeffs_load_242_reg_8885  |   32|   0|   32|          0|
    |a_coeffs_load_243_reg_8890  |   32|   0|   32|          0|
    |a_coeffs_load_244_reg_8905  |   32|   0|   32|          0|
    |a_coeffs_load_245_reg_8910  |   32|   0|   32|          0|
    |a_coeffs_load_246_reg_8925  |   32|   0|   32|          0|
    |a_coeffs_load_247_reg_8930  |   32|   0|   32|          0|
    |a_coeffs_load_248_reg_8945  |   32|   0|   32|          0|
    |a_coeffs_load_249_reg_8950  |   32|   0|   32|          0|
    |a_coeffs_load_24_reg_6705   |   32|   0|   32|          0|
    |a_coeffs_load_250_reg_8965  |   32|   0|   32|          0|
    |a_coeffs_load_251_reg_8970  |   32|   0|   32|          0|
    |a_coeffs_load_252_reg_8985  |   32|   0|   32|          0|
    |a_coeffs_load_253_reg_8990  |   32|   0|   32|          0|
    |a_coeffs_load_25_reg_6710   |   32|   0|   32|          0|
    |a_coeffs_load_26_reg_6725   |   32|   0|   32|          0|
    |a_coeffs_load_27_reg_6730   |   32|   0|   32|          0|
    |a_coeffs_load_28_reg_6745   |   32|   0|   32|          0|
    |a_coeffs_load_29_reg_6750   |   32|   0|   32|          0|
    |a_coeffs_load_2_reg_6485    |   32|   0|   32|          0|
    |a_coeffs_load_30_reg_6765   |   32|   0|   32|          0|
    |a_coeffs_load_31_reg_6770   |   32|   0|   32|          0|
    |a_coeffs_load_32_reg_6785   |   32|   0|   32|          0|
    |a_coeffs_load_33_reg_6790   |   32|   0|   32|          0|
    |a_coeffs_load_34_reg_6805   |   32|   0|   32|          0|
    |a_coeffs_load_35_reg_6810   |   32|   0|   32|          0|
    |a_coeffs_load_36_reg_6825   |   32|   0|   32|          0|
    |a_coeffs_load_37_reg_6830   |   32|   0|   32|          0|
    |a_coeffs_load_38_reg_6845   |   32|   0|   32|          0|
    |a_coeffs_load_39_reg_6850   |   32|   0|   32|          0|
    |a_coeffs_load_3_reg_6490    |   32|   0|   32|          0|
    |a_coeffs_load_40_reg_6865   |   32|   0|   32|          0|
    |a_coeffs_load_41_reg_6870   |   32|   0|   32|          0|
    |a_coeffs_load_42_reg_6885   |   32|   0|   32|          0|
    |a_coeffs_load_43_reg_6890   |   32|   0|   32|          0|
    |a_coeffs_load_44_reg_6905   |   32|   0|   32|          0|
    |a_coeffs_load_45_reg_6910   |   32|   0|   32|          0|
    |a_coeffs_load_46_reg_6925   |   32|   0|   32|          0|
    |a_coeffs_load_47_reg_6930   |   32|   0|   32|          0|
    |a_coeffs_load_48_reg_6945   |   32|   0|   32|          0|
    |a_coeffs_load_49_reg_6950   |   32|   0|   32|          0|
    |a_coeffs_load_4_reg_6505    |   32|   0|   32|          0|
    |a_coeffs_load_50_reg_6965   |   32|   0|   32|          0|
    |a_coeffs_load_51_reg_6970   |   32|   0|   32|          0|
    |a_coeffs_load_52_reg_6985   |   32|   0|   32|          0|
    |a_coeffs_load_53_reg_6990   |   32|   0|   32|          0|
    |a_coeffs_load_54_reg_7005   |   32|   0|   32|          0|
    |a_coeffs_load_55_reg_7010   |   32|   0|   32|          0|
    |a_coeffs_load_56_reg_7025   |   32|   0|   32|          0|
    |a_coeffs_load_57_reg_7030   |   32|   0|   32|          0|
    |a_coeffs_load_58_reg_7045   |   32|   0|   32|          0|
    |a_coeffs_load_59_reg_7050   |   32|   0|   32|          0|
    |a_coeffs_load_5_reg_6510    |   32|   0|   32|          0|
    |a_coeffs_load_60_reg_7065   |   32|   0|   32|          0|
    |a_coeffs_load_61_reg_7070   |   32|   0|   32|          0|
    |a_coeffs_load_62_reg_7085   |   32|   0|   32|          0|
    |a_coeffs_load_63_reg_7090   |   32|   0|   32|          0|
    |a_coeffs_load_64_reg_7105   |   32|   0|   32|          0|
    |a_coeffs_load_65_reg_7110   |   32|   0|   32|          0|
    |a_coeffs_load_66_reg_7125   |   32|   0|   32|          0|
    |a_coeffs_load_67_reg_7130   |   32|   0|   32|          0|
    |a_coeffs_load_68_reg_7145   |   32|   0|   32|          0|
    |a_coeffs_load_69_reg_7150   |   32|   0|   32|          0|
    |a_coeffs_load_6_reg_6525    |   32|   0|   32|          0|
    |a_coeffs_load_70_reg_7165   |   32|   0|   32|          0|
    |a_coeffs_load_71_reg_7170   |   32|   0|   32|          0|
    |a_coeffs_load_72_reg_7185   |   32|   0|   32|          0|
    |a_coeffs_load_73_reg_7190   |   32|   0|   32|          0|
    |a_coeffs_load_74_reg_7205   |   32|   0|   32|          0|
    |a_coeffs_load_75_reg_7210   |   32|   0|   32|          0|
    |a_coeffs_load_76_reg_7225   |   32|   0|   32|          0|
    |a_coeffs_load_77_reg_7230   |   32|   0|   32|          0|
    |a_coeffs_load_78_reg_7245   |   32|   0|   32|          0|
    |a_coeffs_load_79_reg_7250   |   32|   0|   32|          0|
    |a_coeffs_load_7_reg_6530    |   32|   0|   32|          0|
    |a_coeffs_load_80_reg_7265   |   32|   0|   32|          0|
    |a_coeffs_load_81_reg_7270   |   32|   0|   32|          0|
    |a_coeffs_load_82_reg_7285   |   32|   0|   32|          0|
    |a_coeffs_load_83_reg_7290   |   32|   0|   32|          0|
    |a_coeffs_load_84_reg_7305   |   32|   0|   32|          0|
    |a_coeffs_load_85_reg_7310   |   32|   0|   32|          0|
    |a_coeffs_load_86_reg_7325   |   32|   0|   32|          0|
    |a_coeffs_load_87_reg_7330   |   32|   0|   32|          0|
    |a_coeffs_load_88_reg_7345   |   32|   0|   32|          0|
    |a_coeffs_load_89_reg_7350   |   32|   0|   32|          0|
    |a_coeffs_load_8_reg_6545    |   32|   0|   32|          0|
    |a_coeffs_load_90_reg_7365   |   32|   0|   32|          0|
    |a_coeffs_load_91_reg_7370   |   32|   0|   32|          0|
    |a_coeffs_load_92_reg_7385   |   32|   0|   32|          0|
    |a_coeffs_load_93_reg_7390   |   32|   0|   32|          0|
    |a_coeffs_load_94_reg_7405   |   32|   0|   32|          0|
    |a_coeffs_load_95_reg_7410   |   32|   0|   32|          0|
    |a_coeffs_load_96_reg_7425   |   32|   0|   32|          0|
    |a_coeffs_load_97_reg_7430   |   32|   0|   32|          0|
    |a_coeffs_load_98_reg_7445   |   32|   0|   32|          0|
    |a_coeffs_load_99_reg_7450   |   32|   0|   32|          0|
    |a_coeffs_load_9_reg_6550    |   32|   0|   32|          0|
    |ap_CS_fsm                   |  256|   0|  256|          0|
    |reg_2603                    |   32|   0|   32|          0|
    |reg_2608                    |   32|   0|   32|          0|
    |tmp_2900_reg_6197           |    4|   0|   12|          8|
    +----------------------------+-----+----+-----+-----------+
    |Total                       | 8900|   0|10956|       2056|
    +----------------------------+-----+----+-----+-----------+



================================================================
== Interface
================================================================
* Summary: 
+-------------------+-----+-----+------------+-------------------------+--------------+
|     RTL Ports     | Dir | Bits|  Protocol  |      Source Object      |    C Type    |
+-------------------+-----+-----+------------+-------------------------+--------------+
|ap_clk             |  in |    1| ap_ctrl_hs | pqcrystals_dilithium.20 | return value |
|ap_rst             |  in |    1| ap_ctrl_hs | pqcrystals_dilithium.20 | return value |
|ap_start           |  in |    1| ap_ctrl_hs | pqcrystals_dilithium.20 | return value |
|ap_done            | out |    1| ap_ctrl_hs | pqcrystals_dilithium.20 | return value |
|ap_idle            | out |    1| ap_ctrl_hs | pqcrystals_dilithium.20 | return value |
|ap_ready           | out |    1| ap_ctrl_hs | pqcrystals_dilithium.20 | return value |
|a_coeffs_address0  | out |   10|  ap_memory |         a_coeffs        |     array    |
|a_coeffs_ce0       | out |    1|  ap_memory |         a_coeffs        |     array    |
|a_coeffs_we0       | out |    1|  ap_memory |         a_coeffs        |     array    |
|a_coeffs_d0        | out |   32|  ap_memory |         a_coeffs        |     array    |
|a_coeffs_q0        |  in |   32|  ap_memory |         a_coeffs        |     array    |
|a_coeffs_address1  | out |   10|  ap_memory |         a_coeffs        |     array    |
|a_coeffs_ce1       | out |    1|  ap_memory |         a_coeffs        |     array    |
|a_coeffs_we1       | out |    1|  ap_memory |         a_coeffs        |     array    |
|a_coeffs_d1        | out |   32|  ap_memory |         a_coeffs        |     array    |
|a_coeffs_q1        |  in |   32|  ap_memory |         a_coeffs        |     array    |
|a_coeffs_offset    |  in |    4|   ap_none  |     a_coeffs_offset     |    scalar    |
+-------------------+-----+-----+------------+-------------------------+--------------+

