

================================================================
== Vivado HLS Report for 'pqcrystals_dilithium_27'
================================================================
* Date:           Sun Apr  9 23:15:13 2023

* Version:        2019.2 (Build 2704478 on Wed Nov 06 22:10:23 MST 2019)
* Project:        crypto_sign
* Solution:       solution1
* Product family: artix7
* Target device:  xc7a200t-fbg676-2


================================================================
== Performance Estimates
================================================================
+ Timing: 
    * Summary: 
    +--------+----------+----------+------------+
    |  Clock |  Target  | Estimated| Uncertainty|
    +--------+----------+----------+------------+
    |ap_clk  | 10.00 us | 2.911 ns |   1.25 us  |
    +--------+----------+----------+------------+

+ Latency: 
    * Summary: 
    +---------+---------+----------+----------+-----+-----+---------+
    |  Latency (cycles) |  Latency (absolute) |  Interval | Pipeline|
    |   min   |   max   |    min   |    max   | min | max |   Type  |
    +---------+---------+----------+----------+-----+-----+---------+
    |        0|        0|   0 ns   |   0 ns   |    0|    0|   none  |
    +---------+---------+----------+----------+-----+-----+---------+

    + Detail: 
        * Instance: 
        N/A

        * Loop: 
        N/A



================================================================
== Utilization Estimates
================================================================
* Summary: 
+-----------------+---------+-------+--------+--------+-----+
|       Name      | BRAM_18K| DSP48E|   FF   |   LUT  | URAM|
+-----------------+---------+-------+--------+--------+-----+
|DSP              |        -|      -|       -|       -|    -|
|Expression       |        -|      -|       0|      80|    -|
|FIFO             |        -|      -|       -|       -|    -|
|Instance         |        -|      -|       -|       -|    -|
|Memory           |        -|      -|       -|       -|    -|
|Multiplexer      |        -|      -|       -|       -|    -|
|Register         |        -|      -|       -|       -|    -|
+-----------------+---------+-------+--------+--------+-----+
|Total            |        0|      0|       0|      80|    0|
+-----------------+---------+-------+--------+--------+-----+
|Available        |      730|    740|  269200|  134600|    0|
+-----------------+---------+-------+--------+--------+-----+
|Utilization (%)  |        0|      0|       0|   ~0   |    0|
+-----------------+---------+-------+--------+--------+-----+

+ Detail: 
    * Instance: 
    N/A

    * DSP48E: 
    N/A

    * Memory: 
    N/A

    * FIFO: 
    N/A

    * Expression: 
    +----------------------+----------+-------+---+----+------------+------------+
    |     Variable Name    | Operation| DSP48E| FF| LUT| Bitwidth P0| Bitwidth P1|
    +----------------------+----------+-------+---+----+------------+------------+
    |and_ln69_fu_50_p2     |    and   |      0|  0|   2|           1|           1|
    |icmp_ln69_1_fu_32_p2  |   icmp   |      0|  0|  18|          32|          23|
    |icmp_ln69_2_fu_38_p2  |   icmp   |      0|  0|  18|          32|          23|
    |icmp_ln69_3_fu_44_p2  |   icmp   |      0|  0|  18|          32|           1|
    |icmp_ln69_fu_26_p2    |   icmp   |      0|  0|  18|          32|          17|
    |or_ln69_1_fu_62_p2    |    or    |      0|  0|   2|           1|           1|
    |or_ln69_fu_56_p2      |    or    |      0|  0|   2|           1|           1|
    |ap_return             |    xor   |      0|  0|   2|           1|           2|
    +----------------------+----------+-------+---+----+------------+------------+
    |Total                 |          |      0|  0|  80|         132|          69|
    +----------------------+----------+-------+---+----+------------+------------+

    * Multiplexer: 
    N/A

    * Register: 
    N/A



================================================================
== Interface
================================================================
* Summary: 
+-----------+-----+-----+------------+-------------------------+--------------+
| RTL Ports | Dir | Bits|  Protocol  |      Source Object      |    C Type    |
+-----------+-----+-----+------------+-------------------------+--------------+
|ap_ready   | out |    1| ap_ctrl_hs | pqcrystals_dilithium.27 | return value |
|ap_return  | out |    1| ap_ctrl_hs | pqcrystals_dilithium.27 | return value |
|a0         |  in |   32|   ap_none  |            a0           |    scalar    |
|a1         |  in |   32|   ap_none  |            a1           |    scalar    |
+-----------+-----+-----+------------+-------------------------+--------------+

