

================================================================
== Vivado HLS Report for 'pqcrystals_dilithium_19'
================================================================
* Date:           Sun Apr  9 23:10:53 2023

* Version:        2019.2 (Build 2704478 on Wed Nov 06 22:10:23 MST 2019)
* Project:        crypto_sign
* Solution:       solution1
* Product family: artix7
* Target device:  xc7a200t-fbg676-2


================================================================
== Performance Estimates
================================================================
+ Timing: 
    * Summary: 
    +--------+----------+-----------+------------+
    |  Clock |  Target  | Estimated | Uncertainty|
    +--------+----------+-----------+------------+
    |ap_clk  | 10.00 us | 83.112 ns |   1.25 us  |
    +--------+----------+-----------+------------+

+ Latency: 
    * Summary: 
    +---------+---------+----------+----------+-----+-----+---------+
    |  Latency (cycles) |  Latency (absolute) |  Interval | Pipeline|
    |   min   |   max   |    min   |    max   | min | max |   Type  |
    +---------+---------+----------+----------+-----+-----+---------+
    |        ?|        ?|         ?|         ?|    ?|    ?|   none  |
    +---------+---------+----------+----------+-----+-----+---------+

    + Detail: 
        * Instance: 
        +----------------------------------+----------------------+---------+---------+----------+----------+-----+-----+---------+
        |                                  |                      |  Latency (cycles) |  Latency (absolute) |  Interval | Pipeline|
        |             Instance             |        Module        |   min   |   max   |    min   |    max   | min | max |   Type  |
        +----------------------------------+----------------------+---------+---------+----------+----------+-----+-----+---------+
        |grp_keccak_absorb_2_fu_4697       |keccak_absorb_2       |        ?|        ?|         ?|         ?|    ?|    ?|   none  |
        |grp_keccak_squeezeblocks_fu_4710  |keccak_squeezeblocks  |      114|      114| 1.140 ms | 1.140 ms |  114|  114|   none  |
        +----------------------------------+----------------------+---------+---------+----------+----------+-----+-----+---------+

        * Loop: 
        +-----------+---------+---------+----------+-----------+-----------+------+----------+
        |           |  Latency (cycles) | Iteration|  Initiation Interval  | Trip |          |
        | Loop Name |   min   |   max   |  Latency |  achieved |   target  | Count| Pipelined|
        +-----------+---------+---------+----------+-----------+-----------+------+----------+
        |- Loop 1   |        ?|        ?|  4 ~ 118 |          -|          -|     ?|    no    |
        |- Loop 2   |        ?|        ?|  4 ~ 118 |          -|          -|     ?|    no    |
        |- Loop 3   |        ?|        ?|  4 ~ 118 |          -|          -|     ?|    no    |
        |- Loop 4   |        ?|        ?|  4 ~ 118 |          -|          -|     ?|    no    |
        |- Loop 5   |        ?|        ?|  4 ~ 118 |          -|          -|     ?|    no    |
        |- Loop 6   |        ?|        ?|  4 ~ 118 |          -|          -|     ?|    no    |
        |- Loop 7   |        ?|        ?|  4 ~ 118 |          -|          -|     ?|    no    |
        |- Loop 8   |        ?|        ?|  4 ~ 118 |          -|          -|     ?|    no    |
        |- Loop 9   |        ?|        ?|  4 ~ 118 |          -|          -|     ?|    no    |
        |- Loop 10  |        ?|        ?|  4 ~ 118 |          -|          -|     ?|    no    |
        |- Loop 11  |        ?|        ?|  4 ~ 118 |          -|          -|     ?|    no    |
        |- Loop 12  |        ?|        ?|  4 ~ 118 |          -|          -|     ?|    no    |
        |- Loop 13  |        ?|        ?|  4 ~ 118 |          -|          -|     ?|    no    |
        |- Loop 14  |        ?|        ?|  4 ~ 118 |          -|          -|     ?|    no    |
        |- Loop 15  |        ?|        ?|  4 ~ 118 |          -|          -|     ?|    no    |
        |- Loop 16  |        ?|        ?|  4 ~ 118 |          -|          -|     ?|    no    |
        |- Loop 17  |        ?|        ?|  4 ~ 118 |          -|          -|     ?|    no    |
        |- Loop 18  |        ?|        ?|  4 ~ 118 |          -|          -|     ?|    no    |
        |- Loop 19  |        ?|        ?|  4 ~ 118 |          -|          -|     ?|    no    |
        |- Loop 20  |        ?|        ?|  4 ~ 118 |          -|          -|     ?|    no    |
        |- Loop 21  |        ?|        ?|  4 ~ 118 |          -|          -|     ?|    no    |
        |- Loop 22  |        ?|        ?|  4 ~ 118 |          -|          -|     ?|    no    |
        |- Loop 23  |        ?|        ?|  4 ~ 118 |          -|          -|     ?|    no    |
        |- Loop 24  |        ?|        ?|  4 ~ 118 |          -|          -|     ?|    no    |
        |- Loop 25  |        ?|        ?|  4 ~ 118 |          -|          -|     ?|    no    |
        |- Loop 26  |        ?|        ?|  4 ~ 118 |          -|          -|     ?|    no    |
        |- Loop 27  |        ?|        ?|  4 ~ 118 |          -|          -|     ?|    no    |
        |- Loop 28  |        ?|        ?|  4 ~ 118 |          -|          -|     ?|    no    |
        |- Loop 29  |        ?|        ?|  4 ~ 118 |          -|          -|     ?|    no    |
        |- Loop 30  |        ?|        ?|  4 ~ 118 |          -|          -|     ?|    no    |
        |- Loop 31  |        ?|        ?|  4 ~ 118 |          -|          -|     ?|    no    |
        |- Loop 32  |        ?|        ?|  4 ~ 118 |          -|          -|     ?|    no    |
        |- Loop 33  |        ?|        ?|  4 ~ 118 |          -|          -|     ?|    no    |
        |- Loop 34  |        ?|        ?|  4 ~ 118 |          -|          -|     ?|    no    |
        |- Loop 35  |        ?|        ?|  4 ~ 118 |          -|          -|     ?|    no    |
        |- Loop 36  |        ?|        ?|  4 ~ 118 |          -|          -|     ?|    no    |
        |- Loop 37  |        ?|        ?|  4 ~ 118 |          -|          -|     ?|    no    |
        |- Loop 38  |        ?|        ?|  4 ~ 118 |          -|          -|     ?|    no    |
        +-----------+---------+---------+----------+-----------+-----------+------+----------+



================================================================
== Utilization Estimates
================================================================
* Summary: 
+-----------------+---------+-------+--------+--------+-----+
|       Name      | BRAM_18K| DSP48E|   FF   |   LUT  | URAM|
+-----------------+---------+-------+--------+--------+-----+
|DSP              |        -|      -|       -|       -|    -|
|Expression       |        -|      -|       0|    3381|    -|
|FIFO             |        -|      -|       -|       -|    -|
|Instance         |        1|      -|    9487|  391779|    0|
|Memory           |        5|      -|       0|       0|    0|
|Multiplexer      |        -|      -|       -|    4716|    -|
|Register         |        -|      -|    4478|       -|    -|
+-----------------+---------+-------+--------+--------+-----+
|Total            |        6|      0|   13965|  399876|    0|
+-----------------+---------+-------+--------+--------+-----+
|Available        |      730|    740|  269200|  134600|    0|
+-----------------+---------+-------+--------+--------+-----+
|Utilization (%)  |    ~0   |      0|       5|     297|    0|
+-----------------+---------+-------+--------+--------+-----+

+ Detail: 
    * Instance: 
    +----------------------------------+----------------------+---------+-------+------+--------+-----+
    |             Instance             |        Module        | BRAM_18K| DSP48E|  FF  |   LUT  | URAM|
    +----------------------------------+----------------------+---------+-------+------+--------+-----+
    |grp_keccak_absorb_2_fu_4697       |keccak_absorb_2       |        1|      0|  5537|  197422|    0|
    |grp_keccak_squeezeblocks_fu_4710  |keccak_squeezeblocks  |        0|      0|  3950|  194357|    0|
    +----------------------------------+----------------------+---------+-------+------+--------+-----+
    |Total                             |                      |        1|      0|  9487|  391779|    0|
    +----------------------------------+----------------------+---------+-------+------+--------+-----+

    * DSP48E: 
    N/A

    * Memory: 
    +-----------+----------------------+---------+---+----+-----+------+-----+------+-------------+
    |   Memory  |        Module        | BRAM_18K| FF| LUT| URAM| Words| Bits| Banks| W*Bits*Banks|
    +-----------+----------------------+---------+---+----+-----+------+-----+------+-------------+
    |state_s_U  |pqcrystals_dilithcud  |        4|  0|   0|    0|    25|   64|     1|         1600|
    |buf_U      |pqcrystals_dilithlbW  |        1|  0|   0|    0|   136|    8|     1|         1088|
    +-----------+----------------------+---------+---+----+-----+------+-----+------+-------------+
    |Total      |                      |        5|  0|   0|    0|   161|   72|     2|         2688|
    +-----------+----------------------+---------+---+----+-----+------+-----+------+-------------+

    * FIFO: 
    N/A

    * Expression: 
    +-----------------------------------+----------+-------+---+-----+------------+------------+
    |           Variable Name           | Operation| DSP48E| FF| LUT | Bitwidth P0| Bitwidth P1|
    +-----------------------------------+----------+-------+---+-----+------------+------------+
    |add_ln560_10_fu_5316_p2            |     +    |      0|  0|   39|          32|           1|
    |add_ln560_11_fu_5370_p2            |     +    |      0|  0|   39|          32|           1|
    |add_ln560_12_fu_5424_p2            |     +    |      0|  0|   39|          32|           1|
    |add_ln560_13_fu_5478_p2            |     +    |      0|  0|   39|          32|           1|
    |add_ln560_14_fu_5532_p2            |     +    |      0|  0|   39|          32|           1|
    |add_ln560_15_fu_5586_p2            |     +    |      0|  0|   39|          32|           1|
    |add_ln560_16_fu_5639_p2            |     +    |      0|  0|   39|          32|           1|
    |add_ln560_17_fu_5685_p2            |     +    |      0|  0|   39|          32|           1|
    |add_ln560_18_fu_5739_p2            |     +    |      0|  0|   39|          32|           1|
    |add_ln560_19_fu_5793_p2            |     +    |      0|  0|   39|          32|           1|
    |add_ln560_1_fu_4830_p2             |     +    |      0|  0|   39|          32|           1|
    |add_ln560_20_fu_5847_p2            |     +    |      0|  0|   39|          32|           1|
    |add_ln560_21_fu_5901_p2            |     +    |      0|  0|   39|          32|           1|
    |add_ln560_22_fu_5955_p2            |     +    |      0|  0|   39|          32|           1|
    |add_ln560_23_fu_6009_p2            |     +    |      0|  0|   39|          32|           1|
    |add_ln560_24_fu_6057_p2            |     +    |      0|  0|   39|          32|           1|
    |add_ln560_25_fu_6108_p2            |     +    |      0|  0|   39|          32|           1|
    |add_ln560_26_fu_6162_p2            |     +    |      0|  0|   39|          32|           1|
    |add_ln560_27_fu_6216_p2            |     +    |      0|  0|   39|          32|           1|
    |add_ln560_28_fu_6270_p2            |     +    |      0|  0|   39|          32|           1|
    |add_ln560_29_fu_6324_p2            |     +    |      0|  0|   39|          32|           1|
    |add_ln560_2_fu_4889_p2             |     +    |      0|  0|   39|          32|           1|
    |add_ln560_30_fu_6378_p2            |     +    |      0|  0|   39|          32|           1|
    |add_ln560_31_fu_6432_p2            |     +    |      0|  0|   39|          32|           1|
    |add_ln560_32_fu_6485_p2            |     +    |      0|  0|   39|          32|           1|
    |add_ln560_33_fu_6535_p2            |     +    |      0|  0|   39|          32|           1|
    |add_ln560_34_fu_6589_p2            |     +    |      0|  0|   39|          32|           1|
    |add_ln560_35_fu_6643_p2            |     +    |      0|  0|   39|          32|           1|
    |add_ln560_36_fu_6697_p2            |     +    |      0|  0|   39|          32|           1|
    |add_ln560_37_fu_6746_p2            |     +    |      0|  0|   39|          32|           1|
    |add_ln560_3_fu_4943_p2             |     +    |      0|  0|   39|          32|           1|
    |add_ln560_4_fu_4997_p2             |     +    |      0|  0|   39|          32|           1|
    |add_ln560_5_fu_5051_p2             |     +    |      0|  0|   39|          32|           1|
    |add_ln560_6_fu_5105_p2             |     +    |      0|  0|   39|          32|           1|
    |add_ln560_7_fu_5159_p2             |     +    |      0|  0|   39|          32|           1|
    |add_ln560_8_fu_5212_p2             |     +    |      0|  0|   39|          32|           1|
    |add_ln560_9_fu_5262_p2             |     +    |      0|  0|   39|          32|           1|
    |add_ln560_fu_4780_p2               |     +    |      0|  0|   39|          32|           1|
    |sub_ln564_10_fu_5348_p2            |     -    |      0|  0|   10|           1|           2|
    |sub_ln564_11_fu_5402_p2            |     -    |      0|  0|   10|           1|           2|
    |sub_ln564_12_fu_5456_p2            |     -    |      0|  0|   10|           1|           2|
    |sub_ln564_13_fu_5510_p2            |     -    |      0|  0|   10|           1|           2|
    |sub_ln564_14_fu_5564_p2            |     -    |      0|  0|   10|           1|           2|
    |sub_ln564_15_fu_5617_p2            |     -    |      0|  0|   10|           1|           2|
    |sub_ln564_16_fu_5663_p2            |     -    |      0|  0|   10|           1|           2|
    |sub_ln564_17_fu_5717_p2            |     -    |      0|  0|   10|           1|           2|
    |sub_ln564_18_fu_5771_p2            |     -    |      0|  0|   10|           1|           2|
    |sub_ln564_19_fu_5825_p2            |     -    |      0|  0|   10|           1|           2|
    |sub_ln564_1_fu_4867_p2             |     -    |      0|  0|   10|           1|           2|
    |sub_ln564_20_fu_5879_p2            |     -    |      0|  0|   10|           1|           2|
    |sub_ln564_21_fu_5933_p2            |     -    |      0|  0|   10|           1|           2|
    |sub_ln564_22_fu_5987_p2            |     -    |      0|  0|   10|           1|           2|
    |sub_ln564_23_fu_6040_p2            |     -    |      0|  0|   10|           1|           2|
    |sub_ln564_24_fu_6086_p2            |     -    |      0|  0|   10|           1|           2|
    |sub_ln564_25_fu_6140_p2            |     -    |      0|  0|   10|           1|           2|
    |sub_ln564_26_fu_6194_p2            |     -    |      0|  0|   10|           1|           2|
    |sub_ln564_27_fu_6248_p2            |     -    |      0|  0|   10|           1|           2|
    |sub_ln564_28_fu_6302_p2            |     -    |      0|  0|   10|           1|           2|
    |sub_ln564_29_fu_6356_p2            |     -    |      0|  0|   10|           1|           2|
    |sub_ln564_2_fu_4921_p2             |     -    |      0|  0|   10|           1|           2|
    |sub_ln564_30_fu_6410_p2            |     -    |      0|  0|   10|           1|           2|
    |sub_ln564_31_fu_6463_p2            |     -    |      0|  0|   10|           1|           2|
    |sub_ln564_32_fu_6513_p2            |     -    |      0|  0|   10|           1|           2|
    |sub_ln564_33_fu_6567_p2            |     -    |      0|  0|   10|           1|           2|
    |sub_ln564_34_fu_6621_p2            |     -    |      0|  0|   10|           1|           2|
    |sub_ln564_35_fu_6675_p2            |     -    |      0|  0|   10|           1|           2|
    |sub_ln564_36_fu_6729_p2            |     -    |      0|  0|   10|           1|           2|
    |sub_ln564_37_fu_6783_p2            |     -    |      0|  0|   10|           1|           2|
    |sub_ln564_38_fu_6823_p2            |     -    |      0|  0|   10|           1|           2|
    |sub_ln564_3_fu_4975_p2             |     -    |      0|  0|   10|           1|           2|
    |sub_ln564_4_fu_5029_p2             |     -    |      0|  0|   10|           1|           2|
    |sub_ln564_5_fu_5083_p2             |     -    |      0|  0|   10|           1|           2|
    |sub_ln564_6_fu_5137_p2             |     -    |      0|  0|   10|           1|           2|
    |sub_ln564_7_fu_5190_p2             |     -    |      0|  0|   10|           1|           2|
    |sub_ln564_8_fu_5240_p2             |     -    |      0|  0|   10|           1|           2|
    |sub_ln564_9_fu_5294_p2             |     -    |      0|  0|   10|           1|           2|
    |sub_ln564_fu_4813_p2               |     -    |      0|  0|   10|           1|           2|
    |ap_block_state130_on_subcall_done  |    and   |      0|  0|    2|           1|           1|
    |ap_block_state136_on_subcall_done  |    and   |      0|  0|    2|           1|           1|
    |ap_block_state142_on_subcall_done  |    and   |      0|  0|    2|           1|           1|
    |ap_block_state148_on_subcall_done  |    and   |      0|  0|    2|           1|           1|
    |ap_block_state154_on_subcall_done  |    and   |      0|  0|    2|           1|           1|
    |ap_block_state160_on_subcall_done  |    and   |      0|  0|    2|           1|           1|
    |ap_block_state166_on_subcall_done  |    and   |      0|  0|    2|           1|           1|
    |ap_block_state172_on_subcall_done  |    and   |      0|  0|    2|           1|           1|
    |ap_block_state178_on_subcall_done  |    and   |      0|  0|    2|           1|           1|
    |ap_block_state184_on_subcall_done  |    and   |      0|  0|    2|           1|           1|
    |ap_block_state190_on_subcall_done  |    and   |      0|  0|    2|           1|           1|
    |ap_block_state196_on_subcall_done  |    and   |      0|  0|    2|           1|           1|
    |ap_block_state202_on_subcall_done  |    and   |      0|  0|    2|           1|           1|
    |ap_block_state208_on_subcall_done  |    and   |      0|  0|    2|           1|           1|
    |ap_block_state214_on_subcall_done  |    and   |      0|  0|    2|           1|           1|
    |ap_block_state220_on_subcall_done  |    and   |      0|  0|    2|           1|           1|
    |ap_block_state226_on_subcall_done  |    and   |      0|  0|    2|           1|           1|
    |ap_block_state232_on_subcall_done  |    and   |      0|  0|    2|           1|           1|
    |ap_block_state238_on_subcall_done  |    and   |      0|  0|    2|           1|           1|
    |ap_block_state244_on_subcall_done  |    and   |      0|  0|    2|           1|           1|
    |ap_block_state250_on_subcall_done  |    and   |      0|  0|    2|           1|           1|
    |ap_block_state256_on_subcall_done  |    and   |      0|  0|    2|           1|           1|
    |ap_block_state262_on_subcall_done  |    and   |      0|  0|    2|           1|           1|
    |ap_block_state268_on_subcall_done  |    and   |      0|  0|    2|           1|           1|
    |ap_block_state274_on_subcall_done  |    and   |      0|  0|    2|           1|           1|
    |ap_block_state280_on_subcall_done  |    and   |      0|  0|    2|           1|           1|
    |ap_block_state286_on_subcall_done  |    and   |      0|  0|    2|           1|           1|
    |ap_block_state292_on_subcall_done  |    and   |      0|  0|    2|           1|           1|
    |ap_block_state298_on_subcall_done  |    and   |      0|  0|    2|           1|           1|
    |ap_block_state304_on_subcall_done  |    and   |      0|  0|    2|           1|           1|
    |ap_block_state310_on_subcall_done  |    and   |      0|  0|    2|           1|           1|
    |ap_block_state316_on_subcall_done  |    and   |      0|  0|    2|           1|           1|
    |ap_block_state322_on_subcall_done  |    and   |      0|  0|    2|           1|           1|
    |ap_block_state328_on_subcall_done  |    and   |      0|  0|    2|           1|           1|
    |ap_block_state334_on_subcall_done  |    and   |      0|  0|    2|           1|           1|
    |ap_block_state340_on_subcall_done  |    and   |      0|  0|    2|           1|           1|
    |ap_block_state346_on_subcall_done  |    and   |      0|  0|    2|           1|           1|
    |ap_block_state352_on_subcall_done  |    and   |      0|  0|    2|           1|           1|
    |ap_block_state357_on_subcall_done  |    and   |      0|  0|    2|           1|           1|
    |icmp_ln555_10_fu_5305_p2           |   icmp   |      0|  0|   18|          32|           8|
    |icmp_ln555_11_fu_5359_p2           |   icmp   |      0|  0|   18|          32|           8|
    |icmp_ln555_12_fu_5413_p2           |   icmp   |      0|  0|   18|          32|           8|
    |icmp_ln555_13_fu_5467_p2           |   icmp   |      0|  0|   18|          32|           8|
    |icmp_ln555_14_fu_5521_p2           |   icmp   |      0|  0|   18|          32|           8|
    |icmp_ln555_15_fu_5575_p2           |   icmp   |      0|  0|   18|          32|           8|
    |icmp_ln555_16_fu_5628_p2           |   icmp   |      0|  0|   18|          32|           8|
    |icmp_ln555_17_fu_5674_p2           |   icmp   |      0|  0|   18|          32|           8|
    |icmp_ln555_18_fu_5728_p2           |   icmp   |      0|  0|   18|          32|           8|
    |icmp_ln555_19_fu_5782_p2           |   icmp   |      0|  0|   18|          32|           8|
    |icmp_ln555_1_fu_4824_p2            |   icmp   |      0|  0|   18|          32|           8|
    |icmp_ln555_20_fu_5836_p2           |   icmp   |      0|  0|   18|          32|           8|
    |icmp_ln555_21_fu_5890_p2           |   icmp   |      0|  0|   18|          32|           8|
    |icmp_ln555_22_fu_5944_p2           |   icmp   |      0|  0|   18|          32|           8|
    |icmp_ln555_23_fu_5998_p2           |   icmp   |      0|  0|   18|          32|           8|
    |icmp_ln555_24_fu_6051_p2           |   icmp   |      0|  0|   18|          32|           8|
    |icmp_ln555_25_fu_6097_p2           |   icmp   |      0|  0|   18|          32|           8|
    |icmp_ln555_26_fu_6151_p2           |   icmp   |      0|  0|   18|          32|           8|
    |icmp_ln555_27_fu_6205_p2           |   icmp   |      0|  0|   18|          32|           8|
    |icmp_ln555_28_fu_6259_p2           |   icmp   |      0|  0|   18|          32|           8|
    |icmp_ln555_29_fu_6313_p2           |   icmp   |      0|  0|   18|          32|           8|
    |icmp_ln555_2_fu_4878_p2            |   icmp   |      0|  0|   18|          32|           8|
    |icmp_ln555_30_fu_6367_p2           |   icmp   |      0|  0|   18|          32|           8|
    |icmp_ln555_31_fu_6421_p2           |   icmp   |      0|  0|   18|          32|           8|
    |icmp_ln555_32_fu_6474_p2           |   icmp   |      0|  0|   18|          32|           8|
    |icmp_ln555_33_fu_6524_p2           |   icmp   |      0|  0|   18|          32|           8|
    |icmp_ln555_34_fu_6578_p2           |   icmp   |      0|  0|   18|          32|           8|
    |icmp_ln555_35_fu_6632_p2           |   icmp   |      0|  0|   18|          32|           8|
    |icmp_ln555_36_fu_6686_p2           |   icmp   |      0|  0|   18|          32|           8|
    |icmp_ln555_37_fu_6740_p2           |   icmp   |      0|  0|   18|          32|           8|
    |icmp_ln555_38_fu_6794_p2           |   icmp   |      0|  0|   18|          32|           8|
    |icmp_ln555_3_fu_4932_p2            |   icmp   |      0|  0|   18|          32|           8|
    |icmp_ln555_4_fu_4986_p2            |   icmp   |      0|  0|   18|          32|           8|
    |icmp_ln555_5_fu_5040_p2            |   icmp   |      0|  0|   18|          32|           8|
    |icmp_ln555_6_fu_5094_p2            |   icmp   |      0|  0|   18|          32|           8|
    |icmp_ln555_7_fu_5148_p2            |   icmp   |      0|  0|   18|          32|           8|
    |icmp_ln555_8_fu_5201_p2            |   icmp   |      0|  0|   18|          32|           8|
    |icmp_ln555_9_fu_5251_p2            |   icmp   |      0|  0|   18|          32|           8|
    |icmp_ln555_fu_4774_p2              |   icmp   |      0|  0|   18|          32|           8|
    |icmp_ln561_10_fu_5322_p2           |   icmp   |      0|  0|   11|           8|           6|
    |icmp_ln561_11_fu_5376_p2           |   icmp   |      0|  0|   11|           8|           6|
    |icmp_ln561_12_fu_5430_p2           |   icmp   |      0|  0|   11|           8|           6|
    |icmp_ln561_13_fu_5484_p2           |   icmp   |      0|  0|   11|           8|           6|
    |icmp_ln561_14_fu_5538_p2           |   icmp   |      0|  0|   11|           8|           6|
    |icmp_ln561_15_fu_5592_p2           |   icmp   |      0|  0|   11|           8|           6|
    |icmp_ln561_16_fu_5645_p2           |   icmp   |      0|  0|   11|           8|           6|
    |icmp_ln561_17_fu_5691_p2           |   icmp   |      0|  0|   11|           8|           6|
    |icmp_ln561_18_fu_5745_p2           |   icmp   |      0|  0|   11|           8|           6|
    |icmp_ln561_19_fu_5799_p2           |   icmp   |      0|  0|   11|           8|           6|
    |icmp_ln561_1_fu_4841_p2            |   icmp   |      0|  0|   11|           8|           7|
    |icmp_ln561_20_fu_5853_p2           |   icmp   |      0|  0|   11|           8|           6|
    |icmp_ln561_21_fu_5907_p2           |   icmp   |      0|  0|   11|           8|           6|
    |icmp_ln561_22_fu_5961_p2           |   icmp   |      0|  0|   11|           8|           6|
    |icmp_ln561_23_fu_6015_p2           |   icmp   |      0|  0|   11|           8|           6|
    |icmp_ln561_24_fu_6068_p2           |   icmp   |      0|  0|   11|           8|           5|
    |icmp_ln561_25_fu_6114_p2           |   icmp   |      0|  0|   11|           8|           5|
    |icmp_ln561_26_fu_6168_p2           |   icmp   |      0|  0|   11|           8|           5|
    |icmp_ln561_27_fu_6222_p2           |   icmp   |      0|  0|   11|           8|           5|
    |icmp_ln561_28_fu_6276_p2           |   icmp   |      0|  0|   11|           8|           5|
    |icmp_ln561_29_fu_6330_p2           |   icmp   |      0|  0|   11|           8|           5|
    |icmp_ln561_2_fu_4895_p2            |   icmp   |      0|  0|   11|           8|           7|
    |icmp_ln561_30_fu_6384_p2           |   icmp   |      0|  0|   11|           8|           5|
    |icmp_ln561_31_fu_6438_p2           |   icmp   |      0|  0|   11|           8|           5|
    |icmp_ln561_32_fu_6491_p2           |   icmp   |      0|  0|   11|           8|           4|
    |icmp_ln561_33_fu_6541_p2           |   icmp   |      0|  0|   11|           8|           4|
    |icmp_ln561_34_fu_6595_p2           |   icmp   |      0|  0|   11|           8|           4|
    |icmp_ln561_35_fu_6649_p2           |   icmp   |      0|  0|   11|           8|           4|
    |icmp_ln561_36_fu_6703_p2           |   icmp   |      0|  0|   11|           8|           3|
    |icmp_ln561_37_fu_6757_p2           |   icmp   |      0|  0|   11|           8|           2|
    |icmp_ln561_3_fu_4949_p2            |   icmp   |      0|  0|   11|           8|           7|
    |icmp_ln561_4_fu_5003_p2            |   icmp   |      0|  0|   11|           8|           7|
    |icmp_ln561_5_fu_5057_p2            |   icmp   |      0|  0|   11|           8|           7|
    |icmp_ln561_6_fu_5111_p2            |   icmp   |      0|  0|   11|           8|           7|
    |icmp_ln561_7_fu_5165_p2            |   icmp   |      0|  0|   11|           8|           7|
    |icmp_ln561_8_fu_5218_p2            |   icmp   |      0|  0|   11|           8|           6|
    |icmp_ln561_9_fu_5268_p2            |   icmp   |      0|  0|   11|           8|           6|
    |icmp_ln561_fu_4791_p2              |   icmp   |      0|  0|   11|           8|           7|
    |shl_ln463_fu_4746_p2               |    shl   |      0|  0|  182|           5|          64|
    |xor_ln463_fu_4752_p2               |    xor   |      0|  0|   64|          64|          64|
    |xor_ln464_fu_4759_p2               |    xor   |      0|  0|   65|          64|          65|
    +-----------------------------------+----------+-------+---+-----+------------+------------+
    |Total                              |          |      0|  0| 3381|        2979|         873|
    +-----------------------------------+----------+-------+---+-----+------------+------------+

    * Multiplexer: 
    +-------------------+------+-----------+-----+-----------+
    |        Name       |  LUT | Input Size| Bits| Total Bits|
    +-------------------+------+-----------+-----+-----------+
    |ap_NS_fsm          |  1593|        362|    1|        362|
    |buf_address0       |   113|         24|    8|        192|
    |buf_address1       |   113|         24|    8|        192|
    |buf_ce0            |    15|          3|    1|          3|
    |buf_ce1            |    15|          3|    1|          3|
    |buf_we0            |     9|          2|    1|          2|
    |buf_we1            |     9|          2|    1|          2|
    |c_coeffs_address0  |   817|        188|    8|       1504|
    |c_coeffs_address1  |   813|        187|    8|       1496|
    |c_coeffs_d0        |   109|         23|   32|        736|
    |c_coeffs_d1        |   105|         22|   32|        704|
    |pos_1_0_reg_3814   |     9|          2|   32|         64|
    |pos_1_10_reg_4044  |     9|          2|   32|         64|
    |pos_1_11_reg_4067  |     9|          2|   32|         64|
    |pos_1_12_reg_4090  |     9|          2|   32|         64|
    |pos_1_13_reg_4113  |     9|          2|   32|         64|
    |pos_1_14_reg_4136  |     9|          2|   32|         64|
    |pos_1_15_reg_4159  |     9|          2|   32|         64|
    |pos_1_16_reg_4182  |     9|          2|   32|         64|
    |pos_1_17_reg_4205  |     9|          2|   32|         64|
    |pos_1_18_reg_4228  |     9|          2|   32|         64|
    |pos_1_19_reg_4251  |     9|          2|   32|         64|
    |pos_1_1_reg_3838   |     9|          2|   32|         64|
    |pos_1_20_reg_4274  |     9|          2|   32|         64|
    |pos_1_21_reg_4297  |     9|          2|   32|         64|
    |pos_1_22_reg_4320  |     9|          2|   32|         64|
    |pos_1_23_reg_4343  |     9|          2|   32|         64|
    |pos_1_24_reg_4366  |     9|          2|   32|         64|
    |pos_1_25_reg_4388  |     9|          2|   32|         64|
    |pos_1_26_reg_4411  |     9|          2|   32|         64|
    |pos_1_27_reg_4434  |     9|          2|   32|         64|
    |pos_1_28_reg_4457  |     9|          2|   32|         64|
    |pos_1_29_reg_4480  |     9|          2|   32|         64|
    |pos_1_2_reg_3860   |     9|          2|   32|         64|
    |pos_1_30_reg_4503  |     9|          2|   32|         64|
    |pos_1_31_reg_4526  |     9|          2|   32|         64|
    |pos_1_32_reg_4549  |     9|          2|   32|         64|
    |pos_1_33_reg_4572  |     9|          2|   32|         64|
    |pos_1_34_reg_4595  |     9|          2|   32|         64|
    |pos_1_35_reg_4618  |     9|          2|   32|         64|
    |pos_1_36_reg_4641  |     9|          2|   32|         64|
    |pos_1_37_reg_4664  |     9|          2|   32|         64|
    |pos_1_3_reg_3883   |     9|          2|   32|         64|
    |pos_1_4_reg_3906   |     9|          2|   32|         64|
    |pos_1_5_reg_3929   |     9|          2|   32|         64|
    |pos_1_6_reg_3952   |     9|          2|   32|         64|
    |pos_1_7_reg_3975   |     9|          2|   32|         64|
    |pos_1_8_reg_3998   |     9|          2|   32|         64|
    |pos_1_9_reg_4021   |     9|          2|   32|         64|
    |pos_2_0_reg_3826   |     9|          2|   32|         64|
    |pos_2_10_reg_4054  |     9|          2|   32|         64|
    |pos_2_11_reg_4077  |     9|          2|   32|         64|
    |pos_2_12_reg_4100  |     9|          2|   32|         64|
    |pos_2_13_reg_4123  |     9|          2|   32|         64|
    |pos_2_14_reg_4146  |     9|          2|   32|         64|
    |pos_2_15_reg_4169  |     9|          2|   32|         64|
    |pos_2_16_reg_4192  |     9|          2|   32|         64|
    |pos_2_17_reg_4215  |     9|          2|   32|         64|
    |pos_2_18_reg_4238  |     9|          2|   32|         64|
    |pos_2_19_reg_4261  |     9|          2|   32|         64|
    |pos_2_1_reg_3848   |     9|          2|   32|         64|
    |pos_2_20_reg_4284  |     9|          2|   32|         64|
    |pos_2_21_reg_4307  |     9|          2|   32|         64|
    |pos_2_22_reg_4330  |     9|          2|   32|         64|
    |pos_2_23_reg_4353  |     9|          2|   32|         64|
    |pos_2_24_reg_4376  |     9|          2|   32|         64|
    |pos_2_25_reg_4398  |     9|          2|   32|         64|
    |pos_2_26_reg_4421  |     9|          2|   32|         64|
    |pos_2_27_reg_4444  |     9|          2|   32|         64|
    |pos_2_28_reg_4467  |     9|          2|   32|         64|
    |pos_2_29_reg_4490  |     9|          2|   32|         64|
    |pos_2_2_reg_3870   |     9|          2|   32|         64|
    |pos_2_30_reg_4513  |     9|          2|   32|         64|
    |pos_2_31_reg_4536  |     9|          2|   32|         64|
    |pos_2_32_reg_4559  |     9|          2|   32|         64|
    |pos_2_33_reg_4582  |     9|          2|   32|         64|
    |pos_2_34_reg_4605  |     9|          2|   32|         64|
    |pos_2_35_reg_4628  |     9|          2|   32|         64|
    |pos_2_36_reg_4651  |     9|          2|   32|         64|
    |pos_2_37_reg_4674  |     9|          2|   32|         64|
    |pos_2_38_reg_4686  |     9|          2|   32|         64|
    |pos_2_3_reg_3893   |     9|          2|   32|         64|
    |pos_2_4_reg_3916   |     9|          2|   32|         64|
    |pos_2_5_reg_3939   |     9|          2|   32|         64|
    |pos_2_6_reg_3962   |     9|          2|   32|         64|
    |pos_2_7_reg_3985   |     9|          2|   32|         64|
    |pos_2_8_reg_4008   |     9|          2|   32|         64|
    |pos_2_9_reg_4031   |     9|          2|   32|         64|
    |state_s_address0   |    89|         18|    5|         90|
    |state_s_address1   |    85|         17|    5|         85|
    |state_s_ce0        |    21|          4|    1|          4|
    |state_s_ce1        |    21|          4|    1|          4|
    |state_s_d0         |    33|          6|   64|        384|
    |state_s_d1         |    21|          4|   64|        256|
    |state_s_we0        |    21|          4|    1|          4|
    |state_s_we1        |    21|          4|    1|          4|
    +-------------------+------+-----------+-----+-----------+
    |Total              |  4716|       1055| 2707|      10955|
    +-------------------+------+-----------+-----+-----------+

    * Register: 
    +-----------------------------------------------+-----+----+-----+-----------+
    |                      Name                     |  FF | LUT| Bits| Const Bits|
    +-----------------------------------------------+-----+----+-----+-----------+
    |add_ln560_10_reg_7382                          |   32|   0|   32|          0|
    |add_ln560_11_reg_7405                          |   32|   0|   32|          0|
    |add_ln560_12_reg_7428                          |   32|   0|   32|          0|
    |add_ln560_13_reg_7451                          |   32|   0|   32|          0|
    |add_ln560_14_reg_7474                          |   32|   0|   32|          0|
    |add_ln560_15_reg_7497                          |   32|   0|   32|          0|
    |add_ln560_16_reg_7525                          |   32|   0|   32|          0|
    |add_ln560_17_reg_7548                          |   32|   0|   32|          0|
    |add_ln560_18_reg_7571                          |   32|   0|   32|          0|
    |add_ln560_19_reg_7594                          |   32|   0|   32|          0|
    |add_ln560_1_reg_7165                           |   32|   0|   32|          0|
    |add_ln560_20_reg_7617                          |   32|   0|   32|          0|
    |add_ln560_21_reg_7640                          |   32|   0|   32|          0|
    |add_ln560_22_reg_7663                          |   32|   0|   32|          0|
    |add_ln560_23_reg_7686                          |   32|   0|   32|          0|
    |add_ln560_24_reg_7709                          |   32|   0|   32|          0|
    |add_ln560_25_reg_7737                          |   32|   0|   32|          0|
    |add_ln560_26_reg_7760                          |   32|   0|   32|          0|
    |add_ln560_27_reg_7783                          |   32|   0|   32|          0|
    |add_ln560_28_reg_7806                          |   32|   0|   32|          0|
    |add_ln560_29_reg_7829                          |   32|   0|   32|          0|
    |add_ln560_2_reg_7193                           |   32|   0|   32|          0|
    |add_ln560_30_reg_7852                          |   32|   0|   32|          0|
    |add_ln560_31_reg_7875                          |   32|   0|   32|          0|
    |add_ln560_32_reg_7903                          |   32|   0|   32|          0|
    |add_ln560_33_reg_7926                          |   32|   0|   32|          0|
    |add_ln560_34_reg_7949                          |   32|   0|   32|          0|
    |add_ln560_35_reg_7972                          |   32|   0|   32|          0|
    |add_ln560_36_reg_7995                          |   32|   0|   32|          0|
    |add_ln560_37_reg_8013                          |   32|   0|   32|          0|
    |add_ln560_3_reg_7216                           |   32|   0|   32|          0|
    |add_ln560_4_reg_7239                           |   32|   0|   32|          0|
    |add_ln560_5_reg_7262                           |   32|   0|   32|          0|
    |add_ln560_6_reg_7285                           |   32|   0|   32|          0|
    |add_ln560_7_reg_7308                           |   32|   0|   32|          0|
    |add_ln560_8_reg_7336                           |   32|   0|   32|          0|
    |add_ln560_9_reg_7359                           |   32|   0|   32|          0|
    |add_ln560_reg_7142                             |   32|   0|   32|          0|
    |ap_CS_fsm                                      |  361|   0|  361|          0|
    |buf_load_3_reg_7053                            |    8|   0|    8|          0|
    |buf_load_4_reg_7065                            |    8|   0|    8|          0|
    |buf_load_5_reg_7101                            |    8|   0|    8|          0|
    |buf_load_6_reg_7117                            |    8|   0|    8|          0|
    |buf_load_reg_7021                              |    8|   0|    8|          0|
    |c_coeffs_addr_513_reg_7156                     |    8|   0|    8|          0|
    |c_coeffs_addr_514_reg_7179                     |    8|   0|    8|          0|
    |c_coeffs_addr_515_reg_7202                     |    8|   0|    8|          0|
    |c_coeffs_addr_516_reg_7225                     |    8|   0|    8|          0|
    |c_coeffs_addr_517_reg_7248                     |    8|   0|    8|          0|
    |c_coeffs_addr_518_reg_7271                     |    8|   0|    8|          0|
    |c_coeffs_addr_519_reg_7294                     |    8|   0|    8|          0|
    |c_coeffs_addr_520_reg_7317                     |    8|   0|    8|          0|
    |c_coeffs_addr_521_reg_7345                     |    8|   0|    8|          0|
    |c_coeffs_addr_522_reg_7368                     |    8|   0|    8|          0|
    |c_coeffs_addr_523_reg_7391                     |    8|   0|    8|          0|
    |c_coeffs_addr_524_reg_7414                     |    8|   0|    8|          0|
    |c_coeffs_addr_525_reg_7437                     |    8|   0|    8|          0|
    |c_coeffs_addr_526_reg_7460                     |    8|   0|    8|          0|
    |c_coeffs_addr_527_reg_7483                     |    8|   0|    8|          0|
    |c_coeffs_addr_528_reg_7506                     |    8|   0|    8|          0|
    |c_coeffs_addr_529_reg_7534                     |    8|   0|    8|          0|
    |c_coeffs_addr_530_reg_7557                     |    8|   0|    8|          0|
    |c_coeffs_addr_531_reg_7580                     |    8|   0|    8|          0|
    |c_coeffs_addr_532_reg_7603                     |    8|   0|    8|          0|
    |c_coeffs_addr_533_reg_7626                     |    8|   0|    8|          0|
    |c_coeffs_addr_534_reg_7649                     |    8|   0|    8|          0|
    |c_coeffs_addr_535_reg_7672                     |    8|   0|    8|          0|
    |c_coeffs_addr_536_reg_7695                     |    8|   0|    8|          0|
    |c_coeffs_addr_537_reg_7723                     |    8|   0|    8|          0|
    |c_coeffs_addr_538_reg_7746                     |    8|   0|    8|          0|
    |c_coeffs_addr_539_reg_7769                     |    8|   0|    8|          0|
    |c_coeffs_addr_540_reg_7792                     |    8|   0|    8|          0|
    |c_coeffs_addr_541_reg_7815                     |    8|   0|    8|          0|
    |c_coeffs_addr_542_reg_7838                     |    8|   0|    8|          0|
    |c_coeffs_addr_543_reg_7861                     |    8|   0|    8|          0|
    |c_coeffs_addr_544_reg_7884                     |    8|   0|    8|          0|
    |c_coeffs_addr_545_reg_7912                     |    8|   0|    8|          0|
    |c_coeffs_addr_546_reg_7935                     |    8|   0|    8|          0|
    |c_coeffs_addr_547_reg_7958                     |    8|   0|    8|          0|
    |c_coeffs_addr_548_reg_7981                     |    8|   0|    8|          0|
    |c_coeffs_addr_549_reg_8004                     |    8|   0|    8|          0|
    |c_coeffs_addr_550_reg_8028                     |    8|   0|    8|          0|
    |c_coeffs_addr_551_reg_8047                     |    8|   0|    8|          0|
    |grp_keccak_absorb_2_fu_4697_ap_start_reg       |    1|   0|    1|          0|
    |grp_keccak_squeezeblocks_fu_4710_ap_start_reg  |    1|   0|    1|          0|
    |icmp_ln555_10_reg_7373                         |    1|   0|    1|          0|
    |icmp_ln555_11_reg_7396                         |    1|   0|    1|          0|
    |icmp_ln555_12_reg_7419                         |    1|   0|    1|          0|
    |icmp_ln555_13_reg_7442                         |    1|   0|    1|          0|
    |icmp_ln555_14_reg_7465                         |    1|   0|    1|          0|
    |icmp_ln555_15_reg_7488                         |    1|   0|    1|          0|
    |icmp_ln555_16_reg_7516                         |    1|   0|    1|          0|
    |icmp_ln555_17_reg_7539                         |    1|   0|    1|          0|
    |icmp_ln555_18_reg_7562                         |    1|   0|    1|          0|
    |icmp_ln555_19_reg_7585                         |    1|   0|    1|          0|
    |icmp_ln555_1_reg_7161                          |    1|   0|    1|          0|
    |icmp_ln555_20_reg_7608                         |    1|   0|    1|          0|
    |icmp_ln555_21_reg_7631                         |    1|   0|    1|          0|
    |icmp_ln555_22_reg_7654                         |    1|   0|    1|          0|
    |icmp_ln555_23_reg_7677                         |    1|   0|    1|          0|
    |icmp_ln555_24_reg_7705                         |    1|   0|    1|          0|
    |icmp_ln555_25_reg_7728                         |    1|   0|    1|          0|
    |icmp_ln555_26_reg_7751                         |    1|   0|    1|          0|
    |icmp_ln555_27_reg_7774                         |    1|   0|    1|          0|
    |icmp_ln555_28_reg_7797                         |    1|   0|    1|          0|
    |icmp_ln555_29_reg_7820                         |    1|   0|    1|          0|
    |icmp_ln555_2_reg_7184                          |    1|   0|    1|          0|
    |icmp_ln555_30_reg_7843                         |    1|   0|    1|          0|
    |icmp_ln555_31_reg_7866                         |    1|   0|    1|          0|
    |icmp_ln555_32_reg_7894                         |    1|   0|    1|          0|
    |icmp_ln555_33_reg_7917                         |    1|   0|    1|          0|
    |icmp_ln555_34_reg_7940                         |    1|   0|    1|          0|
    |icmp_ln555_35_reg_7963                         |    1|   0|    1|          0|
    |icmp_ln555_36_reg_7986                         |    1|   0|    1|          0|
    |icmp_ln555_37_reg_8009                         |    1|   0|    1|          0|
    |icmp_ln555_38_reg_8033                         |    1|   0|    1|          0|
    |icmp_ln555_3_reg_7207                          |    1|   0|    1|          0|
    |icmp_ln555_4_reg_7230                          |    1|   0|    1|          0|
    |icmp_ln555_5_reg_7253                          |    1|   0|    1|          0|
    |icmp_ln555_6_reg_7276                          |    1|   0|    1|          0|
    |icmp_ln555_7_reg_7299                          |    1|   0|    1|          0|
    |icmp_ln555_8_reg_7327                          |    1|   0|    1|          0|
    |icmp_ln555_9_reg_7350                          |    1|   0|    1|          0|
    |icmp_ln555_reg_7138                            |    1|   0|    1|          0|
    |pos_1_0_reg_3814                               |   32|   0|   32|          0|
    |pos_1_10_reg_4044                              |   32|   0|   32|          0|
    |pos_1_11_reg_4067                              |   32|   0|   32|          0|
    |pos_1_12_reg_4090                              |   32|   0|   32|          0|
    |pos_1_13_reg_4113                              |   32|   0|   32|          0|
    |pos_1_14_reg_4136                              |   32|   0|   32|          0|
    |pos_1_15_reg_4159                              |   32|   0|   32|          0|
    |pos_1_16_reg_4182                              |   32|   0|   32|          0|
    |pos_1_17_reg_4205                              |   32|   0|   32|          0|
    |pos_1_18_reg_4228                              |   32|   0|   32|          0|
    |pos_1_19_reg_4251                              |   32|   0|   32|          0|
    |pos_1_1_reg_3838                               |   32|   0|   32|          0|
    |pos_1_20_reg_4274                              |   32|   0|   32|          0|
    |pos_1_21_reg_4297                              |   32|   0|   32|          0|
    |pos_1_22_reg_4320                              |   32|   0|   32|          0|
    |pos_1_23_reg_4343                              |   32|   0|   32|          0|
    |pos_1_24_reg_4366                              |   32|   0|   32|          0|
    |pos_1_25_reg_4388                              |   32|   0|   32|          0|
    |pos_1_26_reg_4411                              |   32|   0|   32|          0|
    |pos_1_27_reg_4434                              |   32|   0|   32|          0|
    |pos_1_28_reg_4457                              |   32|   0|   32|          0|
    |pos_1_29_reg_4480                              |   32|   0|   32|          0|
    |pos_1_2_reg_3860                               |   32|   0|   32|          0|
    |pos_1_30_reg_4503                              |   32|   0|   32|          0|
    |pos_1_31_reg_4526                              |   32|   0|   32|          0|
    |pos_1_32_reg_4549                              |   32|   0|   32|          0|
    |pos_1_33_reg_4572                              |   32|   0|   32|          0|
    |pos_1_34_reg_4595                              |   32|   0|   32|          0|
    |pos_1_35_reg_4618                              |   32|   0|   32|          0|
    |pos_1_36_reg_4641                              |   32|   0|   32|          0|
    |pos_1_37_reg_4664                              |   32|   0|   32|          0|
    |pos_1_3_reg_3883                               |   32|   0|   32|          0|
    |pos_1_4_reg_3906                               |   32|   0|   32|          0|
    |pos_1_5_reg_3929                               |   32|   0|   32|          0|
    |pos_1_6_reg_3952                               |   32|   0|   32|          0|
    |pos_1_7_reg_3975                               |   32|   0|   32|          0|
    |pos_1_8_reg_3998                               |   32|   0|   32|          0|
    |pos_1_9_reg_4021                               |   32|   0|   32|          0|
    |pos_2_0_reg_3826                               |   32|   0|   32|          0|
    |pos_2_10_reg_4054                              |   32|   0|   32|          0|
    |pos_2_11_reg_4077                              |   32|   0|   32|          0|
    |pos_2_12_reg_4100                              |   32|   0|   32|          0|
    |pos_2_13_reg_4123                              |   32|   0|   32|          0|
    |pos_2_14_reg_4146                              |   32|   0|   32|          0|
    |pos_2_15_reg_4169                              |   32|   0|   32|          0|
    |pos_2_16_reg_4192                              |   32|   0|   32|          0|
    |pos_2_17_reg_4215                              |   32|   0|   32|          0|
    |pos_2_18_reg_4238                              |   32|   0|   32|          0|
    |pos_2_19_reg_4261                              |   32|   0|   32|          0|
    |pos_2_1_reg_3848                               |   32|   0|   32|          0|
    |pos_2_20_reg_4284                              |   32|   0|   32|          0|
    |pos_2_21_reg_4307                              |   32|   0|   32|          0|
    |pos_2_22_reg_4330                              |   32|   0|   32|          0|
    |pos_2_23_reg_4353                              |   32|   0|   32|          0|
    |pos_2_24_reg_4376                              |   32|   0|   32|          0|
    |pos_2_25_reg_4398                              |   32|   0|   32|          0|
    |pos_2_26_reg_4421                              |   32|   0|   32|          0|
    |pos_2_27_reg_4444                              |   32|   0|   32|          0|
    |pos_2_28_reg_4467                              |   32|   0|   32|          0|
    |pos_2_29_reg_4490                              |   32|   0|   32|          0|
    |pos_2_2_reg_3870                               |   32|   0|   32|          0|
    |pos_2_30_reg_4513                              |   32|   0|   32|          0|
    |pos_2_31_reg_4536                              |   32|   0|   32|          0|
    |pos_2_32_reg_4559                              |   32|   0|   32|          0|
    |pos_2_33_reg_4582                              |   32|   0|   32|          0|
    |pos_2_34_reg_4605                              |   32|   0|   32|          0|
    |pos_2_35_reg_4628                              |   32|   0|   32|          0|
    |pos_2_36_reg_4651                              |   32|   0|   32|          0|
    |pos_2_37_reg_4674                              |   32|   0|   32|          0|
    |pos_2_38_reg_4686                              |   32|   0|   32|          0|
    |pos_2_3_reg_3893                               |   32|   0|   32|          0|
    |pos_2_4_reg_3916                               |   32|   0|   32|          0|
    |pos_2_5_reg_3939                               |   32|   0|   32|          0|
    |pos_2_6_reg_3962                               |   32|   0|   32|          0|
    |pos_2_7_reg_3985                               |   32|   0|   32|          0|
    |pos_2_8_reg_4008                               |   32|   0|   32|          0|
    |pos_2_9_reg_4031                               |   32|   0|   32|          0|
    |state_pos_reg_6925                             |   32|   0|   32|          0|
    |state_s_addr_51_reg_6930                       |    5|   0|    5|          0|
    |tmp_652_reg_7322                               |    1|   0|    1|          0|
    |tmp_659_reg_7511                               |    1|   0|    1|          0|
    |tmp_666_reg_7700                               |    1|   0|    1|          0|
    |tmp_673_reg_7889                               |    1|   0|    1|          0|
    |tmp_679_reg_8037                               |    1|   0|    1|          0|
    |trunc_ln544_1_reg_7112                         |    1|   0|    1|          0|
    |trunc_ln544_reg_7076                           |    1|   0|    1|          0|
    +-----------------------------------------------+-----+----+-----+-----------+
    |Total                                          | 4478|   0| 4478|          0|
    +-----------------------------------------------+-----+----+-----+-----------+



================================================================
== Interface
================================================================
* Summary: 
+-------------------+-----+-----+------------+-------------------------+--------------+
|     RTL Ports     | Dir | Bits|  Protocol  |      Source Object      |    C Type    |
+-------------------+-----+-----+------------+-------------------------+--------------+
|ap_clk             |  in |    1| ap_ctrl_hs | pqcrystals_dilithium.19 | return value |
|ap_rst             |  in |    1| ap_ctrl_hs | pqcrystals_dilithium.19 | return value |
|ap_start           |  in |    1| ap_ctrl_hs | pqcrystals_dilithium.19 | return value |
|ap_done            | out |    1| ap_ctrl_hs | pqcrystals_dilithium.19 | return value |
|ap_idle            | out |    1| ap_ctrl_hs | pqcrystals_dilithium.19 | return value |
|ap_ready           | out |    1| ap_ctrl_hs | pqcrystals_dilithium.19 | return value |
|c_coeffs_address0  | out |    8|  ap_memory |         c_coeffs        |     array    |
|c_coeffs_ce0       | out |    1|  ap_memory |         c_coeffs        |     array    |
|c_coeffs_we0       | out |    1|  ap_memory |         c_coeffs        |     array    |
|c_coeffs_d0        | out |   32|  ap_memory |         c_coeffs        |     array    |
|c_coeffs_q0        |  in |   32|  ap_memory |         c_coeffs        |     array    |
|c_coeffs_address1  | out |    8|  ap_memory |         c_coeffs        |     array    |
|c_coeffs_ce1       | out |    1|  ap_memory |         c_coeffs        |     array    |
|c_coeffs_we1       | out |    1|  ap_memory |         c_coeffs        |     array    |
|c_coeffs_d1        | out |   32|  ap_memory |         c_coeffs        |     array    |
|c_coeffs_q1        |  in |   32|  ap_memory |         c_coeffs        |     array    |
|seed_address0      | out |   13|  ap_memory |           seed          |     array    |
|seed_ce0           | out |    1|  ap_memory |           seed          |     array    |
|seed_q0            |  in |    8|  ap_memory |           seed          |     array    |
|seed_address1      | out |   13|  ap_memory |           seed          |     array    |
|seed_ce1           | out |    1|  ap_memory |           seed          |     array    |
|seed_q1            |  in |    8|  ap_memory |           seed          |     array    |
+-------------------+-----+-----+------------+-------------------------+--------------+

