

================================================================
== Vivado HLS Report for 'pqcrystals_dilithium_6'
================================================================
* Date:           Sat Apr  8 18:48:01 2023

* Version:        2019.2 (Build 2704478 on Wed Nov 06 22:10:23 MST 2019)
* Project:        crypto_sign
* Solution:       solution1
* Product family: artix7
* Target device:  xc7a200t-fbg676-2


================================================================
== Performance Estimates
================================================================
+ Timing: 
    * Summary: 
    +--------+----------+----------+------------+
    |  Clock |  Target  | Estimated| Uncertainty|
    +--------+----------+----------+------------+
    |ap_clk  | 10.00 us | 9.763 ns |   1.25 us  |
    +--------+----------+----------+------------+

+ Latency: 
    * Summary: 
    +---------+---------+-----------+-----------+-----+------+---------+
    |  Latency (cycles) |   Latency (absolute)  |  Interval  | Pipeline|
    |   min   |   max   |    min    |    max    | min |  max |   Type  |
    +---------+---------+-----------+-----------+-----+------+---------+
    |        6|     2067| 60.000 us | 20.670 ms |    6|  2067|   none  |
    +---------+---------+-----------+-----------+-----+------+---------+

    + Detail: 
        * Instance: 
        +-----------------------------------+-------------------------+---------+---------+-----------+----------+-----+-----+---------+
        |                                   |                         |  Latency (cycles) |  Latency (absolute)  |  Interval | Pipeline|
        |              Instance             |          Module         |   min   |   max   |    min    |    max   | min | max |   Type  |
        +-----------------------------------+-------------------------+---------+---------+-----------+----------+-----+-----+---------+
        |grp_pqcrystals_dilithium_16_fu_35  |pqcrystals_dilithium_16  |        3|      515| 30.000 us | 5.150 ms |    3|  515|   none  |
        +-----------------------------------+-------------------------+---------+---------+-----------+----------+-----+-----+---------+

        * Loop: 
        N/A



================================================================
== Utilization Estimates
================================================================
* Summary: 
+-----------------+---------+-------+--------+--------+-----+
|       Name      | BRAM_18K| DSP48E|   FF   |   LUT  | URAM|
+-----------------+---------+-------+--------+--------+-----+
|DSP              |        -|      -|       -|       -|    -|
|Expression       |        -|      -|       0|       8|    -|
|FIFO             |        -|      -|       -|       -|    -|
|Instance         |        -|      -|      45|     187|    -|
|Memory           |        -|      -|       -|       -|    -|
|Multiplexer      |        -|      -|       -|     107|    -|
|Register         |        -|      -|      31|       -|    -|
+-----------------+---------+-------+--------+--------+-----+
|Total            |        0|      0|      76|     302|    0|
+-----------------+---------+-------+--------+--------+-----+
|Available        |      730|    740|  269200|  134600|    0|
+-----------------+---------+-------+--------+--------+-----+
|Utilization (%)  |        0|      0|   ~0   |   ~0   |    0|
+-----------------+---------+-------+--------+--------+-----+

+ Detail: 
    * Instance: 
    +-----------------------------------+-------------------------+---------+-------+----+-----+-----+
    |              Instance             |          Module         | BRAM_18K| DSP48E| FF | LUT | URAM|
    +-----------------------------------+-------------------------+---------+-------+----+-----+-----+
    |grp_pqcrystals_dilithium_16_fu_35  |pqcrystals_dilithium_16  |        0|      0|  45|  187|    0|
    +-----------------------------------+-------------------------+---------+-------+----+-----+-----+
    |Total                              |                         |        0|      0|  45|  187|    0|
    +-----------------------------------+-------------------------+---------+-------+----+-----+-----+

    * DSP48E: 
    N/A

    * Memory: 
    N/A

    * FIFO: 
    N/A

    * Expression: 
    +---------------------------------+----------+-------+---+----+------------+------------+
    |          Variable Name          | Operation| DSP48E| FF| LUT| Bitwidth P0| Bitwidth P1|
    +---------------------------------+----------+-------+---+----+------------+------------+
    |ap_block_state6_on_subcall_done  |    and   |      0|  0|   2|           1|           1|
    |ap_block_state8_on_subcall_done  |    and   |      0|  0|   2|           1|           1|
    |ap_predicate_op18_call_state6    |    and   |      0|  0|   2|           1|           1|
    |ap_predicate_op22_call_state8    |    and   |      0|  0|   2|           1|           1|
    +---------------------------------+----------+-------+---+----+------------+------------+
    |Total                            |          |      0|  0|   8|           4|           4|
    +---------------------------------+----------+-------+---+----+------------+------------+

    * Multiplexer: 
    +---------------------------------------------------+----+-----------+-----+-----------+
    |                        Name                       | LUT| Input Size| Bits| Total Bits|
    +---------------------------------------------------+----+-----------+-----+-----------+
    |UnifiedRetVal_reg_24                               |   9|          2|    1|          2|
    |ap_NS_fsm                                          |  44|          9|    1|          9|
    |ap_phi_mux_UnifiedRetVal_phi_fu_28_p4              |   9|          2|    1|          2|
    |ap_return                                          |   9|          2|    1|          2|
    |grp_pqcrystals_dilithium_16_fu_35_a_coeffs_offset  |  27|          5|    4|         20|
    |v_vec_coeffs_ce0                                   |   9|          2|    1|          2|
    +---------------------------------------------------+----+-----------+-----+-----------+
    |Total                                              | 107|         22|    9|         37|
    +---------------------------------------------------+----+-----------+-----+-----------+

    * Register: 
    +------------------------------------------------+----+----+-----+-----------+
    |                      Name                      | FF | LUT| Bits| Const Bits|
    +------------------------------------------------+----+----+-----+-----------+
    |UnifiedRetVal_reg_24                            |   1|   0|    1|          0|
    |ap_CS_fsm                                       |   8|   0|    8|          0|
    |ap_return_preg                                  |   1|   0|    1|          0|
    |grp_pqcrystals_dilithium_16_fu_35_ap_start_reg  |   1|   0|    1|          0|
    |tmp4_reg_58                                     |   1|   0|    1|          0|
    |tmp_3_reg_62                                    |   1|   0|    1|          0|
    |tmp_s_reg_66                                    |   1|   0|    1|          0|
    |trunc_ln333_reg_53                              |  17|   0|   17|          0|
    +------------------------------------------------+----+----+-----+-----------+
    |Total                                           |  31|   0|   31|          0|
    +------------------------------------------------+----+----+-----+-----------+



================================================================
== Interface
================================================================
* Summary: 
+-----------------------+-----+-----+------------+------------------------+--------------+
|       RTL Ports       | Dir | Bits|  Protocol  |      Source Object     |    C Type    |
+-----------------------+-----+-----+------------+------------------------+--------------+
|ap_clk                 |  in |    1| ap_ctrl_hs | pqcrystals_dilithium.6 | return value |
|ap_rst                 |  in |    1| ap_ctrl_hs | pqcrystals_dilithium.6 | return value |
|ap_start               |  in |    1| ap_ctrl_hs | pqcrystals_dilithium.6 | return value |
|ap_done                | out |    1| ap_ctrl_hs | pqcrystals_dilithium.6 | return value |
|ap_idle                | out |    1| ap_ctrl_hs | pqcrystals_dilithium.6 | return value |
|ap_ready               | out |    1| ap_ctrl_hs | pqcrystals_dilithium.6 | return value |
|ap_return              | out |    1| ap_ctrl_hs | pqcrystals_dilithium.6 | return value |
|v_vec_coeffs_address0  | out |   10|  ap_memory |      v_vec_coeffs      |     array    |
|v_vec_coeffs_ce0       | out |    1|  ap_memory |      v_vec_coeffs      |     array    |
|v_vec_coeffs_q0        |  in |   32|  ap_memory |      v_vec_coeffs      |     array    |
|bound                  |  in |   18|   ap_none  |          bound         |    scalar    |
+-----------------------+-----+-----+------------+------------------------+--------------+

