

================================================================
== Vivado HLS Report for 'pqcrystals_dilithium_13'
================================================================
* Date:           Sat Apr  8 18:45:46 2023

* Version:        2019.2 (Build 2704478 on Wed Nov 06 22:10:23 MST 2019)
* Project:        crypto_sign
* Solution:       solution1
* Product family: artix7
* Target device:  xc7a200t-fbg676-2


================================================================
== Performance Estimates
================================================================
+ Timing: 
    * Summary: 
    +--------+----------+-----------+------------+
    |  Clock |  Target  | Estimated | Uncertainty|
    +--------+----------+-----------+------------+
    |ap_clk  | 10.00 us | 32.165 ns |   1.25 us  |
    +--------+----------+-----------+------------+

+ Latency: 
    * Summary: 
    +---------+---------+----------+----------+-----+-----+---------+
    |  Latency (cycles) |  Latency (absolute) |  Interval | Pipeline|
    |   min   |   max   |    min   |    max   | min | max |   Type  |
    +---------+---------+----------+----------+-----+-----+---------+
    |      128|      128| 1.280 ms | 1.280 ms |  128|  128|   none  |
    +---------+---------+----------+----------+-----+-----+---------+

    + Detail: 
        * Instance: 
        +-------------------------------------+-------------------------+---------+---------+----------+----------+-----+-----+---------+
        |                                     |                         |  Latency (cycles) |  Latency (absolute) |  Interval | Pipeline|
        |               Instance              |          Module         |   min   |   max   |    min   |    max   | min | max |   Type  |
        +-------------------------------------+-------------------------+---------+---------+----------+----------+-----+-----+---------+
        |grp_pqcrystals_dilithium_22_fu_7483  |pqcrystals_dilithium_22  |        0|        0|   0 ns   |   0 ns   |    0|    0|   none  |
        |grp_pqcrystals_dilithium_22_fu_7489  |pqcrystals_dilithium_22  |        0|        0|   0 ns   |   0 ns   |    0|    0|   none  |
        +-------------------------------------+-------------------------+---------+---------+----------+----------+-----+-----+---------+

        * Loop: 
        N/A



================================================================
== Utilization Estimates
================================================================
* Summary: 
+-----------------+---------+-------+--------+--------+-----+
|       Name      | BRAM_18K| DSP48E|   FF   |   LUT  | URAM|
+-----------------+---------+-------+--------+--------+-----+
|DSP              |        -|      -|       -|       -|    -|
|Expression       |        -|   1024|       0|   11496|    -|
|FIFO             |        -|      -|       -|       -|    -|
|Instance         |        -|     12|       0|     226|    -|
|Memory           |        -|      -|       -|       -|    -|
|Multiplexer      |        -|      -|       -|    5233|    -|
|Register         |        -|      -|     137|       -|    -|
+-----------------+---------+-------+--------+--------+-----+
|Total            |        0|   1036|     137|   16955|    0|
+-----------------+---------+-------+--------+--------+-----+
|Available        |      730|    740|  269200|  134600|    0|
+-----------------+---------+-------+--------+--------+-----+
|Utilization (%)  |        0|    140|   ~0   |      12|    0|
+-----------------+---------+-------+--------+--------+-----+

+ Detail: 
    * Instance: 
    +-------------------------------------+-------------------------+---------+-------+---+-----+-----+
    |               Instance              |          Module         | BRAM_18K| DSP48E| FF| LUT | URAM|
    +-------------------------------------+-------------------------+---------+-------+---+-----+-----+
    |grp_pqcrystals_dilithium_22_fu_7483  |pqcrystals_dilithium_22  |        0|      6|  0|  113|    0|
    |grp_pqcrystals_dilithium_22_fu_7489  |pqcrystals_dilithium_22  |        0|      6|  0|  113|    0|
    +-------------------------------------+-------------------------+---------+-------+---+-----+-----+
    |Total                                |                         |        0|     12|  0|  226|    0|
    +-------------------------------------+-------------------------+---------+-------+---+-----+-----+

    * DSP48E: 
    N/A

    * Memory: 
    N/A

    * FIFO: 
    N/A

    * Expression: 
    +---------------------------+----------+-------+---+-----+------------+------------+
    |       Variable Name       | Operation| DSP48E| FF| LUT | Bitwidth P0| Bitwidth P1|
    +---------------------------+----------+-------+---+-----+------------+------------+
    |mul_ln184_100_fu_11887_p2  |     *    |      4|  0|   21|          32|          32|
    |mul_ln184_101_fu_11902_p2  |     *    |      4|  0|   21|          32|          32|
    |mul_ln184_102_fu_11973_p2  |     *    |      4|  0|   21|          32|          32|
    |mul_ln184_103_fu_11988_p2  |     *    |      4|  0|   21|          32|          32|
    |mul_ln184_104_fu_12059_p2  |     *    |      4|  0|   21|          32|          32|
    |mul_ln184_105_fu_12074_p2  |     *    |      4|  0|   21|          32|          32|
    |mul_ln184_106_fu_12145_p2  |     *    |      4|  0|   21|          32|          32|
    |mul_ln184_107_fu_12160_p2  |     *    |      4|  0|   21|          32|          32|
    |mul_ln184_108_fu_12231_p2  |     *    |      4|  0|   21|          32|          32|
    |mul_ln184_109_fu_12246_p2  |     *    |      4|  0|   21|          32|          32|
    |mul_ln184_10_fu_8017_p2    |     *    |      4|  0|   21|          32|          32|
    |mul_ln184_110_fu_12317_p2  |     *    |      4|  0|   21|          32|          32|
    |mul_ln184_111_fu_12332_p2  |     *    |      4|  0|   21|          32|          32|
    |mul_ln184_112_fu_12403_p2  |     *    |      4|  0|   21|          32|          32|
    |mul_ln184_113_fu_12418_p2  |     *    |      4|  0|   21|          32|          32|
    |mul_ln184_114_fu_12489_p2  |     *    |      4|  0|   21|          32|          32|
    |mul_ln184_115_fu_12504_p2  |     *    |      4|  0|   21|          32|          32|
    |mul_ln184_116_fu_12575_p2  |     *    |      4|  0|   21|          32|          32|
    |mul_ln184_117_fu_12590_p2  |     *    |      4|  0|   21|          32|          32|
    |mul_ln184_118_fu_12661_p2  |     *    |      4|  0|   21|          32|          32|
    |mul_ln184_119_fu_12676_p2  |     *    |      4|  0|   21|          32|          32|
    |mul_ln184_11_fu_8032_p2    |     *    |      4|  0|   21|          32|          32|
    |mul_ln184_120_fu_12747_p2  |     *    |      4|  0|   21|          32|          32|
    |mul_ln184_121_fu_12762_p2  |     *    |      4|  0|   21|          32|          32|
    |mul_ln184_122_fu_12833_p2  |     *    |      4|  0|   21|          32|          32|
    |mul_ln184_123_fu_12848_p2  |     *    |      4|  0|   21|          32|          32|
    |mul_ln184_124_fu_12919_p2  |     *    |      4|  0|   21|          32|          32|
    |mul_ln184_125_fu_12934_p2  |     *    |      4|  0|   21|          32|          32|
    |mul_ln184_126_fu_13005_p2  |     *    |      4|  0|   21|          32|          32|
    |mul_ln184_127_fu_13020_p2  |     *    |      4|  0|   21|          32|          32|
    |mul_ln184_128_fu_13091_p2  |     *    |      4|  0|   21|          32|          32|
    |mul_ln184_129_fu_13106_p2  |     *    |      4|  0|   21|          32|          32|
    |mul_ln184_12_fu_8103_p2    |     *    |      4|  0|   21|          32|          32|
    |mul_ln184_130_fu_13177_p2  |     *    |      4|  0|   21|          32|          32|
    |mul_ln184_131_fu_13192_p2  |     *    |      4|  0|   21|          32|          32|
    |mul_ln184_132_fu_13263_p2  |     *    |      4|  0|   21|          32|          32|
    |mul_ln184_133_fu_13278_p2  |     *    |      4|  0|   21|          32|          32|
    |mul_ln184_134_fu_13349_p2  |     *    |      4|  0|   21|          32|          32|
    |mul_ln184_135_fu_13364_p2  |     *    |      4|  0|   21|          32|          32|
    |mul_ln184_136_fu_13435_p2  |     *    |      4|  0|   21|          32|          32|
    |mul_ln184_137_fu_13450_p2  |     *    |      4|  0|   21|          32|          32|
    |mul_ln184_138_fu_13521_p2  |     *    |      4|  0|   21|          32|          32|
    |mul_ln184_139_fu_13536_p2  |     *    |      4|  0|   21|          32|          32|
    |mul_ln184_13_fu_8118_p2    |     *    |      4|  0|   21|          32|          32|
    |mul_ln184_140_fu_13607_p2  |     *    |      4|  0|   21|          32|          32|
    |mul_ln184_141_fu_13622_p2  |     *    |      4|  0|   21|          32|          32|
    |mul_ln184_142_fu_13693_p2  |     *    |      4|  0|   21|          32|          32|
    |mul_ln184_143_fu_13708_p2  |     *    |      4|  0|   21|          32|          32|
    |mul_ln184_144_fu_13779_p2  |     *    |      4|  0|   21|          32|          32|
    |mul_ln184_145_fu_13794_p2  |     *    |      4|  0|   21|          32|          32|
    |mul_ln184_146_fu_13865_p2  |     *    |      4|  0|   21|          32|          32|
    |mul_ln184_147_fu_13880_p2  |     *    |      4|  0|   21|          32|          32|
    |mul_ln184_148_fu_13951_p2  |     *    |      4|  0|   21|          32|          32|
    |mul_ln184_149_fu_13966_p2  |     *    |      4|  0|   21|          32|          32|
    |mul_ln184_14_fu_8189_p2    |     *    |      4|  0|   21|          32|          32|
    |mul_ln184_150_fu_14037_p2  |     *    |      4|  0|   21|          32|          32|
    |mul_ln184_151_fu_14052_p2  |     *    |      4|  0|   21|          32|          32|
    |mul_ln184_152_fu_14123_p2  |     *    |      4|  0|   21|          32|          32|
    |mul_ln184_153_fu_14138_p2  |     *    |      4|  0|   21|          32|          32|
    |mul_ln184_154_fu_14209_p2  |     *    |      4|  0|   21|          32|          32|
    |mul_ln184_155_fu_14224_p2  |     *    |      4|  0|   21|          32|          32|
    |mul_ln184_156_fu_14295_p2  |     *    |      4|  0|   21|          32|          32|
    |mul_ln184_157_fu_14310_p2  |     *    |      4|  0|   21|          32|          32|
    |mul_ln184_158_fu_14381_p2  |     *    |      4|  0|   21|          32|          32|
    |mul_ln184_159_fu_14396_p2  |     *    |      4|  0|   21|          32|          32|
    |mul_ln184_15_fu_8204_p2    |     *    |      4|  0|   21|          32|          32|
    |mul_ln184_160_fu_14467_p2  |     *    |      4|  0|   21|          32|          32|
    |mul_ln184_161_fu_14482_p2  |     *    |      4|  0|   21|          32|          32|
    |mul_ln184_162_fu_14553_p2  |     *    |      4|  0|   21|          32|          32|
    |mul_ln184_163_fu_14568_p2  |     *    |      4|  0|   21|          32|          32|
    |mul_ln184_164_fu_14639_p2  |     *    |      4|  0|   21|          32|          32|
    |mul_ln184_165_fu_14654_p2  |     *    |      4|  0|   21|          32|          32|
    |mul_ln184_166_fu_14725_p2  |     *    |      4|  0|   21|          32|          32|
    |mul_ln184_167_fu_14740_p2  |     *    |      4|  0|   21|          32|          32|
    |mul_ln184_168_fu_14811_p2  |     *    |      4|  0|   21|          32|          32|
    |mul_ln184_169_fu_14826_p2  |     *    |      4|  0|   21|          32|          32|
    |mul_ln184_16_fu_8275_p2    |     *    |      4|  0|   21|          32|          32|
    |mul_ln184_170_fu_14897_p2  |     *    |      4|  0|   21|          32|          32|
    |mul_ln184_171_fu_14912_p2  |     *    |      4|  0|   21|          32|          32|
    |mul_ln184_172_fu_14983_p2  |     *    |      4|  0|   21|          32|          32|
    |mul_ln184_173_fu_14998_p2  |     *    |      4|  0|   21|          32|          32|
    |mul_ln184_174_fu_15069_p2  |     *    |      4|  0|   21|          32|          32|
    |mul_ln184_175_fu_15084_p2  |     *    |      4|  0|   21|          32|          32|
    |mul_ln184_176_fu_15155_p2  |     *    |      4|  0|   21|          32|          32|
    |mul_ln184_177_fu_15170_p2  |     *    |      4|  0|   21|          32|          32|
    |mul_ln184_178_fu_15241_p2  |     *    |      4|  0|   21|          32|          32|
    |mul_ln184_179_fu_15256_p2  |     *    |      4|  0|   21|          32|          32|
    |mul_ln184_17_fu_8290_p2    |     *    |      4|  0|   21|          32|          32|
    |mul_ln184_180_fu_15327_p2  |     *    |      4|  0|   21|          32|          32|
    |mul_ln184_181_fu_15342_p2  |     *    |      4|  0|   21|          32|          32|
    |mul_ln184_182_fu_15413_p2  |     *    |      4|  0|   21|          32|          32|
    |mul_ln184_183_fu_15428_p2  |     *    |      4|  0|   21|          32|          32|
    |mul_ln184_184_fu_15499_p2  |     *    |      4|  0|   21|          32|          32|
    |mul_ln184_185_fu_15514_p2  |     *    |      4|  0|   21|          32|          32|
    |mul_ln184_186_fu_15585_p2  |     *    |      4|  0|   21|          32|          32|
    |mul_ln184_187_fu_15600_p2  |     *    |      4|  0|   21|          32|          32|
    |mul_ln184_188_fu_15671_p2  |     *    |      4|  0|   21|          32|          32|
    |mul_ln184_189_fu_15686_p2  |     *    |      4|  0|   21|          32|          32|
    |mul_ln184_18_fu_8361_p2    |     *    |      4|  0|   21|          32|          32|
    |mul_ln184_190_fu_15757_p2  |     *    |      4|  0|   21|          32|          32|
    |mul_ln184_191_fu_15772_p2  |     *    |      4|  0|   21|          32|          32|
    |mul_ln184_192_fu_15843_p2  |     *    |      4|  0|   21|          32|          32|
    |mul_ln184_193_fu_15858_p2  |     *    |      4|  0|   21|          32|          32|
    |mul_ln184_194_fu_15929_p2  |     *    |      4|  0|   21|          32|          32|
    |mul_ln184_195_fu_15944_p2  |     *    |      4|  0|   21|          32|          32|
    |mul_ln184_196_fu_16015_p2  |     *    |      4|  0|   21|          32|          32|
    |mul_ln184_197_fu_16030_p2  |     *    |      4|  0|   21|          32|          32|
    |mul_ln184_198_fu_16101_p2  |     *    |      4|  0|   21|          32|          32|
    |mul_ln184_199_fu_16116_p2  |     *    |      4|  0|   21|          32|          32|
    |mul_ln184_19_fu_8376_p2    |     *    |      4|  0|   21|          32|          32|
    |mul_ln184_1_fu_7602_p2     |     *    |      4|  0|   21|          32|          32|
    |mul_ln184_200_fu_16187_p2  |     *    |      4|  0|   21|          32|          32|
    |mul_ln184_201_fu_16202_p2  |     *    |      4|  0|   21|          32|          32|
    |mul_ln184_202_fu_16273_p2  |     *    |      4|  0|   21|          32|          32|
    |mul_ln184_203_fu_16288_p2  |     *    |      4|  0|   21|          32|          32|
    |mul_ln184_204_fu_16359_p2  |     *    |      4|  0|   21|          32|          32|
    |mul_ln184_205_fu_16374_p2  |     *    |      4|  0|   21|          32|          32|
    |mul_ln184_206_fu_16445_p2  |     *    |      4|  0|   21|          32|          32|
    |mul_ln184_207_fu_16460_p2  |     *    |      4|  0|   21|          32|          32|
    |mul_ln184_208_fu_16531_p2  |     *    |      4|  0|   21|          32|          32|
    |mul_ln184_209_fu_16546_p2  |     *    |      4|  0|   21|          32|          32|
    |mul_ln184_20_fu_8447_p2    |     *    |      4|  0|   21|          32|          32|
    |mul_ln184_210_fu_16617_p2  |     *    |      4|  0|   21|          32|          32|
    |mul_ln184_211_fu_16632_p2  |     *    |      4|  0|   21|          32|          32|
    |mul_ln184_212_fu_16703_p2  |     *    |      4|  0|   21|          32|          32|
    |mul_ln184_213_fu_16718_p2  |     *    |      4|  0|   21|          32|          32|
    |mul_ln184_214_fu_16789_p2  |     *    |      4|  0|   21|          32|          32|
    |mul_ln184_215_fu_16804_p2  |     *    |      4|  0|   21|          32|          32|
    |mul_ln184_216_fu_16875_p2  |     *    |      4|  0|   21|          32|          32|
    |mul_ln184_217_fu_16890_p2  |     *    |      4|  0|   21|          32|          32|
    |mul_ln184_218_fu_16961_p2  |     *    |      4|  0|   21|          32|          32|
    |mul_ln184_219_fu_16976_p2  |     *    |      4|  0|   21|          32|          32|
    |mul_ln184_21_fu_8462_p2    |     *    |      4|  0|   21|          32|          32|
    |mul_ln184_220_fu_17047_p2  |     *    |      4|  0|   21|          32|          32|
    |mul_ln184_221_fu_17062_p2  |     *    |      4|  0|   21|          32|          32|
    |mul_ln184_222_fu_17133_p2  |     *    |      4|  0|   21|          32|          32|
    |mul_ln184_223_fu_17148_p2  |     *    |      4|  0|   21|          32|          32|
    |mul_ln184_224_fu_17219_p2  |     *    |      4|  0|   21|          32|          32|
    |mul_ln184_225_fu_17234_p2  |     *    |      4|  0|   21|          32|          32|
    |mul_ln184_226_fu_17305_p2  |     *    |      4|  0|   21|          32|          32|
    |mul_ln184_227_fu_17320_p2  |     *    |      4|  0|   21|          32|          32|
    |mul_ln184_228_fu_17391_p2  |     *    |      4|  0|   21|          32|          32|
    |mul_ln184_229_fu_17406_p2  |     *    |      4|  0|   21|          32|          32|
    |mul_ln184_22_fu_8533_p2    |     *    |      4|  0|   21|          32|          32|
    |mul_ln184_230_fu_17477_p2  |     *    |      4|  0|   21|          32|          32|
    |mul_ln184_231_fu_17492_p2  |     *    |      4|  0|   21|          32|          32|
    |mul_ln184_232_fu_17563_p2  |     *    |      4|  0|   21|          32|          32|
    |mul_ln184_233_fu_17578_p2  |     *    |      4|  0|   21|          32|          32|
    |mul_ln184_234_fu_17649_p2  |     *    |      4|  0|   21|          32|          32|
    |mul_ln184_235_fu_17664_p2  |     *    |      4|  0|   21|          32|          32|
    |mul_ln184_236_fu_17735_p2  |     *    |      4|  0|   21|          32|          32|
    |mul_ln184_237_fu_17750_p2  |     *    |      4|  0|   21|          32|          32|
    |mul_ln184_238_fu_17821_p2  |     *    |      4|  0|   21|          32|          32|
    |mul_ln184_239_fu_17836_p2  |     *    |      4|  0|   21|          32|          32|
    |mul_ln184_23_fu_8548_p2    |     *    |      4|  0|   21|          32|          32|
    |mul_ln184_240_fu_17907_p2  |     *    |      4|  0|   21|          32|          32|
    |mul_ln184_241_fu_17922_p2  |     *    |      4|  0|   21|          32|          32|
    |mul_ln184_242_fu_17993_p2  |     *    |      4|  0|   21|          32|          32|
    |mul_ln184_243_fu_18008_p2  |     *    |      4|  0|   21|          32|          32|
    |mul_ln184_244_fu_18079_p2  |     *    |      4|  0|   21|          32|          32|
    |mul_ln184_245_fu_18094_p2  |     *    |      4|  0|   21|          32|          32|
    |mul_ln184_246_fu_18165_p2  |     *    |      4|  0|   21|          32|          32|
    |mul_ln184_247_fu_18180_p2  |     *    |      4|  0|   21|          32|          32|
    |mul_ln184_248_fu_18251_p2  |     *    |      4|  0|   21|          32|          32|
    |mul_ln184_249_fu_18266_p2  |     *    |      4|  0|   21|          32|          32|
    |mul_ln184_24_fu_8619_p2    |     *    |      4|  0|   21|          32|          32|
    |mul_ln184_250_fu_18337_p2  |     *    |      4|  0|   21|          32|          32|
    |mul_ln184_251_fu_18352_p2  |     *    |      4|  0|   21|          32|          32|
    |mul_ln184_252_fu_18423_p2  |     *    |      4|  0|   21|          32|          32|
    |mul_ln184_253_fu_18438_p2  |     *    |      4|  0|   21|          32|          32|
    |mul_ln184_254_fu_18481_p2  |     *    |      4|  0|   21|          32|          32|
    |mul_ln184_255_fu_18496_p2  |     *    |      4|  0|   21|          32|          32|
    |mul_ln184_25_fu_8634_p2    |     *    |      4|  0|   21|          32|          32|
    |mul_ln184_26_fu_8705_p2    |     *    |      4|  0|   21|          32|          32|
    |mul_ln184_27_fu_8720_p2    |     *    |      4|  0|   21|          32|          32|
    |mul_ln184_28_fu_8791_p2    |     *    |      4|  0|   21|          32|          32|
    |mul_ln184_29_fu_8806_p2    |     *    |      4|  0|   21|          32|          32|
    |mul_ln184_2_fu_7673_p2     |     *    |      4|  0|   21|          32|          32|
    |mul_ln184_30_fu_8877_p2    |     *    |      4|  0|   21|          32|          32|
    |mul_ln184_31_fu_8892_p2    |     *    |      4|  0|   21|          32|          32|
    |mul_ln184_32_fu_8963_p2    |     *    |      4|  0|   21|          32|          32|
    |mul_ln184_33_fu_8978_p2    |     *    |      4|  0|   21|          32|          32|
    |mul_ln184_34_fu_9049_p2    |     *    |      4|  0|   21|          32|          32|
    |mul_ln184_35_fu_9064_p2    |     *    |      4|  0|   21|          32|          32|
    |mul_ln184_36_fu_9135_p2    |     *    |      4|  0|   21|          32|          32|
    |mul_ln184_37_fu_9150_p2    |     *    |      4|  0|   21|          32|          32|
    |mul_ln184_38_fu_9221_p2    |     *    |      4|  0|   21|          32|          32|
    |mul_ln184_39_fu_9236_p2    |     *    |      4|  0|   21|          32|          32|
    |mul_ln184_3_fu_7688_p2     |     *    |      4|  0|   21|          32|          32|
    |mul_ln184_40_fu_9307_p2    |     *    |      4|  0|   21|          32|          32|
    |mul_ln184_41_fu_9322_p2    |     *    |      4|  0|   21|          32|          32|
    |mul_ln184_42_fu_9393_p2    |     *    |      4|  0|   21|          32|          32|
    |mul_ln184_43_fu_9408_p2    |     *    |      4|  0|   21|          32|          32|
    |mul_ln184_44_fu_9479_p2    |     *    |      4|  0|   21|          32|          32|
    |mul_ln184_45_fu_9494_p2    |     *    |      4|  0|   21|          32|          32|
    |mul_ln184_46_fu_9565_p2    |     *    |      4|  0|   21|          32|          32|
    |mul_ln184_47_fu_9580_p2    |     *    |      4|  0|   21|          32|          32|
    |mul_ln184_48_fu_9651_p2    |     *    |      4|  0|   21|          32|          32|
    |mul_ln184_49_fu_9666_p2    |     *    |      4|  0|   21|          32|          32|
    |mul_ln184_4_fu_7759_p2     |     *    |      4|  0|   21|          32|          32|
    |mul_ln184_50_fu_9737_p2    |     *    |      4|  0|   21|          32|          32|
    |mul_ln184_51_fu_9752_p2    |     *    |      4|  0|   21|          32|          32|
    |mul_ln184_52_fu_9823_p2    |     *    |      4|  0|   21|          32|          32|
    |mul_ln184_53_fu_9838_p2    |     *    |      4|  0|   21|          32|          32|
    |mul_ln184_54_fu_9909_p2    |     *    |      4|  0|   21|          32|          32|
    |mul_ln184_55_fu_9924_p2    |     *    |      4|  0|   21|          32|          32|
    |mul_ln184_56_fu_9995_p2    |     *    |      4|  0|   21|          32|          32|
    |mul_ln184_57_fu_10010_p2   |     *    |      4|  0|   21|          32|          32|
    |mul_ln184_58_fu_10081_p2   |     *    |      4|  0|   21|          32|          32|
    |mul_ln184_59_fu_10096_p2   |     *    |      4|  0|   21|          32|          32|
    |mul_ln184_5_fu_7774_p2     |     *    |      4|  0|   21|          32|          32|
    |mul_ln184_60_fu_10167_p2   |     *    |      4|  0|   21|          32|          32|
    |mul_ln184_61_fu_10182_p2   |     *    |      4|  0|   21|          32|          32|
    |mul_ln184_62_fu_10253_p2   |     *    |      4|  0|   21|          32|          32|
    |mul_ln184_63_fu_10268_p2   |     *    |      4|  0|   21|          32|          32|
    |mul_ln184_64_fu_10339_p2   |     *    |      4|  0|   21|          32|          32|
    |mul_ln184_65_fu_10354_p2   |     *    |      4|  0|   21|          32|          32|
    |mul_ln184_66_fu_10425_p2   |     *    |      4|  0|   21|          32|          32|
    |mul_ln184_67_fu_10440_p2   |     *    |      4|  0|   21|          32|          32|
    |mul_ln184_68_fu_10511_p2   |     *    |      4|  0|   21|          32|          32|
    |mul_ln184_69_fu_10526_p2   |     *    |      4|  0|   21|          32|          32|
    |mul_ln184_6_fu_7845_p2     |     *    |      4|  0|   21|          32|          32|
    |mul_ln184_70_fu_10597_p2   |     *    |      4|  0|   21|          32|          32|
    |mul_ln184_71_fu_10612_p2   |     *    |      4|  0|   21|          32|          32|
    |mul_ln184_72_fu_10683_p2   |     *    |      4|  0|   21|          32|          32|
    |mul_ln184_73_fu_10698_p2   |     *    |      4|  0|   21|          32|          32|
    |mul_ln184_74_fu_10769_p2   |     *    |      4|  0|   21|          32|          32|
    |mul_ln184_75_fu_10784_p2   |     *    |      4|  0|   21|          32|          32|
    |mul_ln184_76_fu_10855_p2   |     *    |      4|  0|   21|          32|          32|
    |mul_ln184_77_fu_10870_p2   |     *    |      4|  0|   21|          32|          32|
    |mul_ln184_78_fu_10941_p2   |     *    |      4|  0|   21|          32|          32|
    |mul_ln184_79_fu_10956_p2   |     *    |      4|  0|   21|          32|          32|
    |mul_ln184_7_fu_7860_p2     |     *    |      4|  0|   21|          32|          32|
    |mul_ln184_80_fu_11027_p2   |     *    |      4|  0|   21|          32|          32|
    |mul_ln184_81_fu_11042_p2   |     *    |      4|  0|   21|          32|          32|
    |mul_ln184_82_fu_11113_p2   |     *    |      4|  0|   21|          32|          32|
    |mul_ln184_83_fu_11128_p2   |     *    |      4|  0|   21|          32|          32|
    |mul_ln184_84_fu_11199_p2   |     *    |      4|  0|   21|          32|          32|
    |mul_ln184_85_fu_11214_p2   |     *    |      4|  0|   21|          32|          32|
    |mul_ln184_86_fu_11285_p2   |     *    |      4|  0|   21|          32|          32|
    |mul_ln184_87_fu_11300_p2   |     *    |      4|  0|   21|          32|          32|
    |mul_ln184_88_fu_11371_p2   |     *    |      4|  0|   21|          32|          32|
    |mul_ln184_89_fu_11386_p2   |     *    |      4|  0|   21|          32|          32|
    |mul_ln184_8_fu_7931_p2     |     *    |      4|  0|   21|          32|          32|
    |mul_ln184_90_fu_11457_p2   |     *    |      4|  0|   21|          32|          32|
    |mul_ln184_91_fu_11472_p2   |     *    |      4|  0|   21|          32|          32|
    |mul_ln184_92_fu_11543_p2   |     *    |      4|  0|   21|          32|          32|
    |mul_ln184_93_fu_11558_p2   |     *    |      4|  0|   21|          32|          32|
    |mul_ln184_94_fu_11629_p2   |     *    |      4|  0|   21|          32|          32|
    |mul_ln184_95_fu_11644_p2   |     *    |      4|  0|   21|          32|          32|
    |mul_ln184_96_fu_11715_p2   |     *    |      4|  0|   21|          32|          32|
    |mul_ln184_97_fu_11730_p2   |     *    |      4|  0|   21|          32|          32|
    |mul_ln184_98_fu_11801_p2   |     *    |      4|  0|   21|          32|          32|
    |mul_ln184_99_fu_11816_p2   |     *    |      4|  0|   21|          32|          32|
    |mul_ln184_9_fu_7946_p2     |     *    |      4|  0|   21|          32|          32|
    |mul_ln184_fu_7587_p2       |     *    |      4|  0|   21|          32|          32|
    |or_ln184_1019_fu_7523_p2   |    or    |      0|  0|   12|          12|           2|
    |or_ln184_1020_fu_7537_p2   |    or    |      0|  0|   12|          12|           2|
    |or_ln184_1021_fu_7609_p2   |    or    |      0|  0|   12|          12|           3|
    |or_ln184_1022_fu_7623_p2   |    or    |      0|  0|   12|          12|           3|
    |or_ln184_1023_fu_7695_p2   |    or    |      0|  0|   12|          12|           3|
    |or_ln184_1024_fu_7709_p2   |    or    |      0|  0|   12|          12|           3|
    |or_ln184_1025_fu_7781_p2   |    or    |      0|  0|   12|          12|           4|
    |or_ln184_1026_fu_7795_p2   |    or    |      0|  0|   12|          12|           4|
    |or_ln184_1027_fu_7867_p2   |    or    |      0|  0|   12|          12|           4|
    |or_ln184_1028_fu_7881_p2   |    or    |      0|  0|   12|          12|           4|
    |or_ln184_1029_fu_7953_p2   |    or    |      0|  0|   12|          12|           4|
    |or_ln184_1030_fu_7967_p2   |    or    |      0|  0|   12|          12|           4|
    |or_ln184_1031_fu_8039_p2   |    or    |      0|  0|   12|          12|           4|
    |or_ln184_1032_fu_8053_p2   |    or    |      0|  0|   12|          12|           4|
    |or_ln184_1033_fu_8125_p2   |    or    |      0|  0|   12|          12|           5|
    |or_ln184_1034_fu_8139_p2   |    or    |      0|  0|   12|          12|           5|
    |or_ln184_1035_fu_8211_p2   |    or    |      0|  0|   12|          12|           5|
    |or_ln184_1036_fu_8225_p2   |    or    |      0|  0|   12|          12|           5|
    |or_ln184_1037_fu_8297_p2   |    or    |      0|  0|   12|          12|           5|
    |or_ln184_1038_fu_8311_p2   |    or    |      0|  0|   12|          12|           5|
    |or_ln184_1039_fu_8383_p2   |    or    |      0|  0|   12|          12|           5|
    |or_ln184_1040_fu_8397_p2   |    or    |      0|  0|   12|          12|           5|
    |or_ln184_1041_fu_8469_p2   |    or    |      0|  0|   12|          12|           5|
    |or_ln184_1042_fu_8483_p2   |    or    |      0|  0|   12|          12|           5|
    |or_ln184_1043_fu_8555_p2   |    or    |      0|  0|   12|          12|           5|
    |or_ln184_1044_fu_8569_p2   |    or    |      0|  0|   12|          12|           5|
    |or_ln184_1045_fu_8641_p2   |    or    |      0|  0|   12|          12|           5|
    |or_ln184_1046_fu_8655_p2   |    or    |      0|  0|   12|          12|           5|
    |or_ln184_1047_fu_8727_p2   |    or    |      0|  0|   12|          12|           5|
    |or_ln184_1048_fu_8741_p2   |    or    |      0|  0|   12|          12|           5|
    |or_ln184_1049_fu_8813_p2   |    or    |      0|  0|   12|          12|           6|
    |or_ln184_1050_fu_8827_p2   |    or    |      0|  0|   12|          12|           6|
    |or_ln184_1051_fu_8899_p2   |    or    |      0|  0|   12|          12|           6|
    |or_ln184_1052_fu_8913_p2   |    or    |      0|  0|   12|          12|           6|
    |or_ln184_1053_fu_8985_p2   |    or    |      0|  0|   12|          12|           6|
    |or_ln184_1054_fu_8999_p2   |    or    |      0|  0|   12|          12|           6|
    |or_ln184_1055_fu_9071_p2   |    or    |      0|  0|   12|          12|           6|
    |or_ln184_1056_fu_9085_p2   |    or    |      0|  0|   12|          12|           6|
    |or_ln184_1057_fu_9157_p2   |    or    |      0|  0|   12|          12|           6|
    |or_ln184_1058_fu_9171_p2   |    or    |      0|  0|   12|          12|           6|
    |or_ln184_1059_fu_9243_p2   |    or    |      0|  0|   12|          12|           6|
    |or_ln184_1060_fu_9257_p2   |    or    |      0|  0|   12|          12|           6|
    |or_ln184_1061_fu_9329_p2   |    or    |      0|  0|   12|          12|           6|
    |or_ln184_1062_fu_9343_p2   |    or    |      0|  0|   12|          12|           6|
    |or_ln184_1063_fu_9415_p2   |    or    |      0|  0|   12|          12|           6|
    |or_ln184_1064_fu_9429_p2   |    or    |      0|  0|   12|          12|           6|
    |or_ln184_1065_fu_9501_p2   |    or    |      0|  0|   12|          12|           6|
    |or_ln184_1066_fu_9515_p2   |    or    |      0|  0|   12|          12|           6|
    |or_ln184_1067_fu_9587_p2   |    or    |      0|  0|   12|          12|           6|
    |or_ln184_1068_fu_9601_p2   |    or    |      0|  0|   12|          12|           6|
    |or_ln184_1069_fu_9673_p2   |    or    |      0|  0|   12|          12|           6|
    |or_ln184_1070_fu_9687_p2   |    or    |      0|  0|   12|          12|           6|
    |or_ln184_1071_fu_9759_p2   |    or    |      0|  0|   12|          12|           6|
    |or_ln184_1072_fu_9773_p2   |    or    |      0|  0|   12|          12|           6|
    |or_ln184_1073_fu_9845_p2   |    or    |      0|  0|   12|          12|           6|
    |or_ln184_1074_fu_9859_p2   |    or    |      0|  0|   12|          12|           6|
    |or_ln184_1075_fu_9931_p2   |    or    |      0|  0|   12|          12|           6|
    |or_ln184_1076_fu_9945_p2   |    or    |      0|  0|   12|          12|           6|
    |or_ln184_1077_fu_10017_p2  |    or    |      0|  0|   12|          12|           6|
    |or_ln184_1078_fu_10031_p2  |    or    |      0|  0|   12|          12|           6|
    |or_ln184_1079_fu_10103_p2  |    or    |      0|  0|   12|          12|           6|
    |or_ln184_1080_fu_10117_p2  |    or    |      0|  0|   12|          12|           6|
    |or_ln184_1081_fu_10189_p2  |    or    |      0|  0|   12|          12|           7|
    |or_ln184_1082_fu_10203_p2  |    or    |      0|  0|   12|          12|           7|
    |or_ln184_1083_fu_10275_p2  |    or    |      0|  0|   12|          12|           7|
    |or_ln184_1084_fu_10289_p2  |    or    |      0|  0|   12|          12|           7|
    |or_ln184_1085_fu_10361_p2  |    or    |      0|  0|   12|          12|           7|
    |or_ln184_1086_fu_10375_p2  |    or    |      0|  0|   12|          12|           7|
    |or_ln184_1087_fu_10447_p2  |    or    |      0|  0|   12|          12|           7|
    |or_ln184_1088_fu_10461_p2  |    or    |      0|  0|   12|          12|           7|
    |or_ln184_1089_fu_10533_p2  |    or    |      0|  0|   12|          12|           7|
    |or_ln184_1090_fu_10547_p2  |    or    |      0|  0|   12|          12|           7|
    |or_ln184_1091_fu_10619_p2  |    or    |      0|  0|   12|          12|           7|
    |or_ln184_1092_fu_10633_p2  |    or    |      0|  0|   12|          12|           7|
    |or_ln184_1093_fu_10705_p2  |    or    |      0|  0|   12|          12|           7|
    |or_ln184_1094_fu_10719_p2  |    or    |      0|  0|   12|          12|           7|
    |or_ln184_1095_fu_10791_p2  |    or    |      0|  0|   12|          12|           7|
    |or_ln184_1096_fu_10805_p2  |    or    |      0|  0|   12|          12|           7|
    |or_ln184_1097_fu_10877_p2  |    or    |      0|  0|   12|          12|           7|
    |or_ln184_1098_fu_10891_p2  |    or    |      0|  0|   12|          12|           7|
    |or_ln184_1099_fu_10963_p2  |    or    |      0|  0|   12|          12|           7|
    |or_ln184_1100_fu_10977_p2  |    or    |      0|  0|   12|          12|           7|
    |or_ln184_1101_fu_11049_p2  |    or    |      0|  0|   12|          12|           7|
    |or_ln184_1102_fu_11063_p2  |    or    |      0|  0|   12|          12|           7|
    |or_ln184_1103_fu_11135_p2  |    or    |      0|  0|   12|          12|           7|
    |or_ln184_1104_fu_11149_p2  |    or    |      0|  0|   12|          12|           7|
    |or_ln184_1105_fu_11221_p2  |    or    |      0|  0|   12|          12|           7|
    |or_ln184_1106_fu_11235_p2  |    or    |      0|  0|   12|          12|           7|
    |or_ln184_1107_fu_11307_p2  |    or    |      0|  0|   12|          12|           7|
    |or_ln184_1108_fu_11321_p2  |    or    |      0|  0|   12|          12|           7|
    |or_ln184_1109_fu_11393_p2  |    or    |      0|  0|   12|          12|           7|
    |or_ln184_1110_fu_11407_p2  |    or    |      0|  0|   12|          12|           7|
    |or_ln184_1111_fu_11479_p2  |    or    |      0|  0|   12|          12|           7|
    |or_ln184_1112_fu_11493_p2  |    or    |      0|  0|   12|          12|           7|
    |or_ln184_1113_fu_11565_p2  |    or    |      0|  0|   12|          12|           7|
    |or_ln184_1114_fu_11579_p2  |    or    |      0|  0|   12|          12|           7|
    |or_ln184_1115_fu_11651_p2  |    or    |      0|  0|   12|          12|           7|
    |or_ln184_1116_fu_11665_p2  |    or    |      0|  0|   12|          12|           7|
    |or_ln184_1117_fu_11737_p2  |    or    |      0|  0|   12|          12|           7|
    |or_ln184_1118_fu_11751_p2  |    or    |      0|  0|   12|          12|           7|
    |or_ln184_1119_fu_11823_p2  |    or    |      0|  0|   12|          12|           7|
    |or_ln184_1120_fu_11837_p2  |    or    |      0|  0|   12|          12|           7|
    |or_ln184_1121_fu_11909_p2  |    or    |      0|  0|   12|          12|           7|
    |or_ln184_1122_fu_11923_p2  |    or    |      0|  0|   12|          12|           7|
    |or_ln184_1123_fu_11995_p2  |    or    |      0|  0|   12|          12|           7|
    |or_ln184_1124_fu_12009_p2  |    or    |      0|  0|   12|          12|           7|
    |or_ln184_1125_fu_12081_p2  |    or    |      0|  0|   12|          12|           7|
    |or_ln184_1126_fu_12095_p2  |    or    |      0|  0|   12|          12|           7|
    |or_ln184_1127_fu_12167_p2  |    or    |      0|  0|   12|          12|           7|
    |or_ln184_1128_fu_12181_p2  |    or    |      0|  0|   12|          12|           7|
    |or_ln184_1129_fu_12253_p2  |    or    |      0|  0|   12|          12|           7|
    |or_ln184_1130_fu_12267_p2  |    or    |      0|  0|   12|          12|           7|
    |or_ln184_1131_fu_12339_p2  |    or    |      0|  0|   12|          12|           7|
    |or_ln184_1132_fu_12353_p2  |    or    |      0|  0|   12|          12|           7|
    |or_ln184_1133_fu_12425_p2  |    or    |      0|  0|   12|          12|           7|
    |or_ln184_1134_fu_12439_p2  |    or    |      0|  0|   12|          12|           7|
    |or_ln184_1135_fu_12511_p2  |    or    |      0|  0|   12|          12|           7|
    |or_ln184_1136_fu_12525_p2  |    or    |      0|  0|   12|          12|           7|
    |or_ln184_1137_fu_12597_p2  |    or    |      0|  0|   12|          12|           7|
    |or_ln184_1138_fu_12611_p2  |    or    |      0|  0|   12|          12|           7|
    |or_ln184_1139_fu_12683_p2  |    or    |      0|  0|   12|          12|           7|
    |or_ln184_1140_fu_12697_p2  |    or    |      0|  0|   12|          12|           7|
    |or_ln184_1141_fu_12769_p2  |    or    |      0|  0|   12|          12|           7|
    |or_ln184_1142_fu_12783_p2  |    or    |      0|  0|   12|          12|           7|
    |or_ln184_1143_fu_12855_p2  |    or    |      0|  0|   12|          12|           7|
    |or_ln184_1144_fu_12869_p2  |    or    |      0|  0|   12|          12|           7|
    |or_ln184_1145_fu_12941_p2  |    or    |      0|  0|   12|          12|           8|
    |or_ln184_1146_fu_12955_p2  |    or    |      0|  0|   12|          12|           8|
    |or_ln184_1147_fu_13027_p2  |    or    |      0|  0|   12|          12|           8|
    |or_ln184_1148_fu_13041_p2  |    or    |      0|  0|   12|          12|           8|
    |or_ln184_1149_fu_13113_p2  |    or    |      0|  0|   12|          12|           8|
    |or_ln184_1150_fu_13127_p2  |    or    |      0|  0|   12|          12|           8|
    |or_ln184_1151_fu_13199_p2  |    or    |      0|  0|   12|          12|           8|
    |or_ln184_1152_fu_13213_p2  |    or    |      0|  0|   12|          12|           8|
    |or_ln184_1153_fu_13285_p2  |    or    |      0|  0|   12|          12|           8|
    |or_ln184_1154_fu_13299_p2  |    or    |      0|  0|   12|          12|           8|
    |or_ln184_1155_fu_13371_p2  |    or    |      0|  0|   12|          12|           8|
    |or_ln184_1156_fu_13385_p2  |    or    |      0|  0|   12|          12|           8|
    |or_ln184_1157_fu_13457_p2  |    or    |      0|  0|   12|          12|           8|
    |or_ln184_1158_fu_13471_p2  |    or    |      0|  0|   12|          12|           8|
    |or_ln184_1159_fu_13543_p2  |    or    |      0|  0|   12|          12|           8|
    |or_ln184_1160_fu_13557_p2  |    or    |      0|  0|   12|          12|           8|
    |or_ln184_1161_fu_13629_p2  |    or    |      0|  0|   12|          12|           8|
    |or_ln184_1162_fu_13643_p2  |    or    |      0|  0|   12|          12|           8|
    |or_ln184_1163_fu_13715_p2  |    or    |      0|  0|   12|          12|           8|
    |or_ln184_1164_fu_13729_p2  |    or    |      0|  0|   12|          12|           8|
    |or_ln184_1165_fu_13801_p2  |    or    |      0|  0|   12|          12|           8|
    |or_ln184_1166_fu_13815_p2  |    or    |      0|  0|   12|          12|           8|
    |or_ln184_1167_fu_13887_p2  |    or    |      0|  0|   12|          12|           8|
    |or_ln184_1168_fu_13901_p2  |    or    |      0|  0|   12|          12|           8|
    |or_ln184_1169_fu_13973_p2  |    or    |      0|  0|   12|          12|           8|
    |or_ln184_1170_fu_13987_p2  |    or    |      0|  0|   12|          12|           8|
    |or_ln184_1171_fu_14059_p2  |    or    |      0|  0|   12|          12|           8|
    |or_ln184_1172_fu_14073_p2  |    or    |      0|  0|   12|          12|           8|
    |or_ln184_1173_fu_14145_p2  |    or    |      0|  0|   12|          12|           8|
    |or_ln184_1174_fu_14159_p2  |    or    |      0|  0|   12|          12|           8|
    |or_ln184_1175_fu_14231_p2  |    or    |      0|  0|   12|          12|           8|
    |or_ln184_1176_fu_14245_p2  |    or    |      0|  0|   12|          12|           8|
    |or_ln184_1177_fu_14317_p2  |    or    |      0|  0|   12|          12|           8|
    |or_ln184_1178_fu_14331_p2  |    or    |      0|  0|   12|          12|           8|
    |or_ln184_1179_fu_14403_p2  |    or    |      0|  0|   12|          12|           8|
    |or_ln184_1180_fu_14417_p2  |    or    |      0|  0|   12|          12|           8|
    |or_ln184_1181_fu_14489_p2  |    or    |      0|  0|   12|          12|           8|
    |or_ln184_1182_fu_14503_p2  |    or    |      0|  0|   12|          12|           8|
    |or_ln184_1183_fu_14575_p2  |    or    |      0|  0|   12|          12|           8|
    |or_ln184_1184_fu_14589_p2  |    or    |      0|  0|   12|          12|           8|
    |or_ln184_1185_fu_14661_p2  |    or    |      0|  0|   12|          12|           8|
    |or_ln184_1186_fu_14675_p2  |    or    |      0|  0|   12|          12|           8|
    |or_ln184_1187_fu_14747_p2  |    or    |      0|  0|   12|          12|           8|
    |or_ln184_1188_fu_14761_p2  |    or    |      0|  0|   12|          12|           8|
    |or_ln184_1189_fu_14833_p2  |    or    |      0|  0|   12|          12|           8|
    |or_ln184_1190_fu_14847_p2  |    or    |      0|  0|   12|          12|           8|
    |or_ln184_1191_fu_14919_p2  |    or    |      0|  0|   12|          12|           8|
    |or_ln184_1192_fu_14933_p2  |    or    |      0|  0|   12|          12|           8|
    |or_ln184_1193_fu_15005_p2  |    or    |      0|  0|   12|          12|           8|
    |or_ln184_1194_fu_15019_p2  |    or    |      0|  0|   12|          12|           8|
    |or_ln184_1195_fu_15091_p2  |    or    |      0|  0|   12|          12|           8|
    |or_ln184_1196_fu_15105_p2  |    or    |      0|  0|   12|          12|           8|
    |or_ln184_1197_fu_15177_p2  |    or    |      0|  0|   12|          12|           8|
    |or_ln184_1198_fu_15191_p2  |    or    |      0|  0|   12|          12|           8|
    |or_ln184_1199_fu_15263_p2  |    or    |      0|  0|   12|          12|           8|
    |or_ln184_1200_fu_15277_p2  |    or    |      0|  0|   12|          12|           8|
    |or_ln184_1201_fu_15349_p2  |    or    |      0|  0|   12|          12|           8|
    |or_ln184_1202_fu_15363_p2  |    or    |      0|  0|   12|          12|           8|
    |or_ln184_1203_fu_15435_p2  |    or    |      0|  0|   12|          12|           8|
    |or_ln184_1204_fu_15449_p2  |    or    |      0|  0|   12|          12|           8|
    |or_ln184_1205_fu_15521_p2  |    or    |      0|  0|   12|          12|           8|
    |or_ln184_1206_fu_15535_p2  |    or    |      0|  0|   12|          12|           8|
    |or_ln184_1207_fu_15607_p2  |    or    |      0|  0|   12|          12|           8|
    |or_ln184_1208_fu_15621_p2  |    or    |      0|  0|   12|          12|           8|
    |or_ln184_1209_fu_15693_p2  |    or    |      0|  0|   12|          12|           8|
    |or_ln184_1210_fu_15707_p2  |    or    |      0|  0|   12|          12|           8|
    |or_ln184_1211_fu_15779_p2  |    or    |      0|  0|   12|          12|           8|
    |or_ln184_1212_fu_15793_p2  |    or    |      0|  0|   12|          12|           8|
    |or_ln184_1213_fu_15865_p2  |    or    |      0|  0|   12|          12|           8|
    |or_ln184_1214_fu_15879_p2  |    or    |      0|  0|   12|          12|           8|
    |or_ln184_1215_fu_15951_p2  |    or    |      0|  0|   12|          12|           8|
    |or_ln184_1216_fu_15965_p2  |    or    |      0|  0|   12|          12|           8|
    |or_ln184_1217_fu_16037_p2  |    or    |      0|  0|   12|          12|           8|
    |or_ln184_1218_fu_16051_p2  |    or    |      0|  0|   12|          12|           8|
    |or_ln184_1219_fu_16123_p2  |    or    |      0|  0|   12|          12|           8|
    |or_ln184_1220_fu_16137_p2  |    or    |      0|  0|   12|          12|           8|
    |or_ln184_1221_fu_16209_p2  |    or    |      0|  0|   12|          12|           8|
    |or_ln184_1222_fu_16223_p2  |    or    |      0|  0|   12|          12|           8|
    |or_ln184_1223_fu_16295_p2  |    or    |      0|  0|   12|          12|           8|
    |or_ln184_1224_fu_16309_p2  |    or    |      0|  0|   12|          12|           8|
    |or_ln184_1225_fu_16381_p2  |    or    |      0|  0|   12|          12|           8|
    |or_ln184_1226_fu_16395_p2  |    or    |      0|  0|   12|          12|           8|
    |or_ln184_1227_fu_16467_p2  |    or    |      0|  0|   12|          12|           8|
    |or_ln184_1228_fu_16481_p2  |    or    |      0|  0|   12|          12|           8|
    |or_ln184_1229_fu_16553_p2  |    or    |      0|  0|   12|          12|           8|
    |or_ln184_1230_fu_16567_p2  |    or    |      0|  0|   12|          12|           8|
    |or_ln184_1231_fu_16639_p2  |    or    |      0|  0|   12|          12|           8|
    |or_ln184_1232_fu_16653_p2  |    or    |      0|  0|   12|          12|           8|
    |or_ln184_1233_fu_16725_p2  |    or    |      0|  0|   12|          12|           8|
    |or_ln184_1234_fu_16739_p2  |    or    |      0|  0|   12|          12|           8|
    |or_ln184_1235_fu_16811_p2  |    or    |      0|  0|   12|          12|           8|
    |or_ln184_1236_fu_16825_p2  |    or    |      0|  0|   12|          12|           8|
    |or_ln184_1237_fu_16897_p2  |    or    |      0|  0|   12|          12|           8|
    |or_ln184_1238_fu_16911_p2  |    or    |      0|  0|   12|          12|           8|
    |or_ln184_1239_fu_16983_p2  |    or    |      0|  0|   12|          12|           8|
    |or_ln184_1240_fu_16997_p2  |    or    |      0|  0|   12|          12|           8|
    |or_ln184_1241_fu_17069_p2  |    or    |      0|  0|   12|          12|           8|
    |or_ln184_1242_fu_17083_p2  |    or    |      0|  0|   12|          12|           8|
    |or_ln184_1243_fu_17155_p2  |    or    |      0|  0|   12|          12|           8|
    |or_ln184_1244_fu_17169_p2  |    or    |      0|  0|   12|          12|           8|
    |or_ln184_1245_fu_17241_p2  |    or    |      0|  0|   12|          12|           8|
    |or_ln184_1246_fu_17255_p2  |    or    |      0|  0|   12|          12|           8|
    |or_ln184_1247_fu_17327_p2  |    or    |      0|  0|   12|          12|           8|
    |or_ln184_1248_fu_17341_p2  |    or    |      0|  0|   12|          12|           8|
    |or_ln184_1249_fu_17413_p2  |    or    |      0|  0|   12|          12|           8|
    |or_ln184_1250_fu_17427_p2  |    or    |      0|  0|   12|          12|           8|
    |or_ln184_1251_fu_17499_p2  |    or    |      0|  0|   12|          12|           8|
    |or_ln184_1252_fu_17513_p2  |    or    |      0|  0|   12|          12|           8|
    |or_ln184_1253_fu_17585_p2  |    or    |      0|  0|   12|          12|           8|
    |or_ln184_1254_fu_17599_p2  |    or    |      0|  0|   12|          12|           8|
    |or_ln184_1255_fu_17671_p2  |    or    |      0|  0|   12|          12|           8|
    |or_ln184_1256_fu_17685_p2  |    or    |      0|  0|   12|          12|           8|
    |or_ln184_1257_fu_17757_p2  |    or    |      0|  0|   12|          12|           8|
    |or_ln184_1258_fu_17771_p2  |    or    |      0|  0|   12|          12|           8|
    |or_ln184_1259_fu_17843_p2  |    or    |      0|  0|   12|          12|           8|
    |or_ln184_1260_fu_17857_p2  |    or    |      0|  0|   12|          12|           8|
    |or_ln184_1261_fu_17929_p2  |    or    |      0|  0|   12|          12|           8|
    |or_ln184_1262_fu_17943_p2  |    or    |      0|  0|   12|          12|           8|
    |or_ln184_1263_fu_18015_p2  |    or    |      0|  0|   12|          12|           8|
    |or_ln184_1264_fu_18029_p2  |    or    |      0|  0|   12|          12|           8|
    |or_ln184_1265_fu_18101_p2  |    or    |      0|  0|   12|          12|           8|
    |or_ln184_1266_fu_18115_p2  |    or    |      0|  0|   12|          12|           8|
    |or_ln184_1267_fu_18187_p2  |    or    |      0|  0|   12|          12|           8|
    |or_ln184_1268_fu_18201_p2  |    or    |      0|  0|   12|          12|           8|
    |or_ln184_1269_fu_18273_p2  |    or    |      0|  0|   12|          12|           8|
    |or_ln184_1270_fu_18287_p2  |    or    |      0|  0|   12|          12|           8|
    |or_ln184_1271_fu_18359_p2  |    or    |      0|  0|   12|          12|           8|
    |or_ln184_1272_fu_18373_p2  |    or    |      0|  0|   12|          12|           8|
    |or_ln184_1273_fu_7564_p2   |    or    |      0|  0|   12|          12|           1|
    |or_ln184_1274_fu_7637_p2   |    or    |      0|  0|   12|          12|           2|
    |or_ln184_1275_fu_7651_p2   |    or    |      0|  0|   12|          12|           2|
    |or_ln184_1276_fu_7723_p2   |    or    |      0|  0|   12|          12|           3|
    |or_ln184_1277_fu_7737_p2   |    or    |      0|  0|   12|          12|           3|
    |or_ln184_1278_fu_7809_p2   |    or    |      0|  0|   12|          12|           3|
    |or_ln184_1279_fu_7823_p2   |    or    |      0|  0|   12|          12|           3|
    |or_ln184_1280_fu_7895_p2   |    or    |      0|  0|   12|          12|           4|
    |or_ln184_1281_fu_7909_p2   |    or    |      0|  0|   12|          12|           4|
    |or_ln184_1282_fu_7981_p2   |    or    |      0|  0|   12|          12|           4|
    |or_ln184_1283_fu_7995_p2   |    or    |      0|  0|   12|          12|           4|
    |or_ln184_1284_fu_8067_p2   |    or    |      0|  0|   12|          12|           4|
    |or_ln184_1285_fu_8081_p2   |    or    |      0|  0|   12|          12|           4|
    |or_ln184_1286_fu_8153_p2   |    or    |      0|  0|   12|          12|           4|
    |or_ln184_1287_fu_8167_p2   |    or    |      0|  0|   12|          12|           4|
    |or_ln184_1288_fu_8239_p2   |    or    |      0|  0|   12|          12|           5|
    |or_ln184_1289_fu_8253_p2   |    or    |      0|  0|   12|          12|           5|
    |or_ln184_1290_fu_8325_p2   |    or    |      0|  0|   12|          12|           5|
    |or_ln184_1291_fu_8339_p2   |    or    |      0|  0|   12|          12|           5|
    |or_ln184_1292_fu_8411_p2   |    or    |      0|  0|   12|          12|           5|
    |or_ln184_1293_fu_8425_p2   |    or    |      0|  0|   12|          12|           5|
    |or_ln184_1294_fu_8497_p2   |    or    |      0|  0|   12|          12|           5|
    |or_ln184_1295_fu_8511_p2   |    or    |      0|  0|   12|          12|           5|
    |or_ln184_1296_fu_8583_p2   |    or    |      0|  0|   12|          12|           5|
    |or_ln184_1297_fu_8597_p2   |    or    |      0|  0|   12|          12|           5|
    |or_ln184_1298_fu_8669_p2   |    or    |      0|  0|   12|          12|           5|
    |or_ln184_1299_fu_8683_p2   |    or    |      0|  0|   12|          12|           5|
    |or_ln184_1300_fu_8755_p2   |    or    |      0|  0|   12|          12|           5|
    |or_ln184_1301_fu_8769_p2   |    or    |      0|  0|   12|          12|           5|
    |or_ln184_1302_fu_8841_p2   |    or    |      0|  0|   12|          12|           5|
    |or_ln184_1303_fu_8855_p2   |    or    |      0|  0|   12|          12|           5|
    |or_ln184_1304_fu_8927_p2   |    or    |      0|  0|   12|          12|           6|
    |or_ln184_1305_fu_8941_p2   |    or    |      0|  0|   12|          12|           6|
    |or_ln184_1306_fu_9013_p2   |    or    |      0|  0|   12|          12|           6|
    |or_ln184_1307_fu_9027_p2   |    or    |      0|  0|   12|          12|           6|
    |or_ln184_1308_fu_9099_p2   |    or    |      0|  0|   12|          12|           6|
    |or_ln184_1309_fu_9113_p2   |    or    |      0|  0|   12|          12|           6|
    |or_ln184_1310_fu_9185_p2   |    or    |      0|  0|   12|          12|           6|
    |or_ln184_1311_fu_9199_p2   |    or    |      0|  0|   12|          12|           6|
    |or_ln184_1312_fu_9271_p2   |    or    |      0|  0|   12|          12|           6|
    |or_ln184_1313_fu_9285_p2   |    or    |      0|  0|   12|          12|           6|
    |or_ln184_1314_fu_9357_p2   |    or    |      0|  0|   12|          12|           6|
    |or_ln184_1315_fu_9371_p2   |    or    |      0|  0|   12|          12|           6|
    |or_ln184_1316_fu_9443_p2   |    or    |      0|  0|   12|          12|           6|
    |or_ln184_1317_fu_9457_p2   |    or    |      0|  0|   12|          12|           6|
    |or_ln184_1318_fu_9529_p2   |    or    |      0|  0|   12|          12|           6|
    |or_ln184_1319_fu_9543_p2   |    or    |      0|  0|   12|          12|           6|
    |or_ln184_1320_fu_9615_p2   |    or    |      0|  0|   12|          12|           6|
    |or_ln184_1321_fu_9629_p2   |    or    |      0|  0|   12|          12|           6|
    |or_ln184_1322_fu_9701_p2   |    or    |      0|  0|   12|          12|           6|
    |or_ln184_1323_fu_9715_p2   |    or    |      0|  0|   12|          12|           6|
    |or_ln184_1324_fu_9787_p2   |    or    |      0|  0|   12|          12|           6|
    |or_ln184_1325_fu_9801_p2   |    or    |      0|  0|   12|          12|           6|
    |or_ln184_1326_fu_9873_p2   |    or    |      0|  0|   12|          12|           6|
    |or_ln184_1327_fu_9887_p2   |    or    |      0|  0|   12|          12|           6|
    |or_ln184_1328_fu_9959_p2   |    or    |      0|  0|   12|          12|           6|
    |or_ln184_1329_fu_9973_p2   |    or    |      0|  0|   12|          12|           6|
    |or_ln184_1330_fu_10045_p2  |    or    |      0|  0|   12|          12|           6|
    |or_ln184_1331_fu_10059_p2  |    or    |      0|  0|   12|          12|           6|
    |or_ln184_1332_fu_10131_p2  |    or    |      0|  0|   12|          12|           6|
    |or_ln184_1333_fu_10145_p2  |    or    |      0|  0|   12|          12|           6|
    |or_ln184_1334_fu_10217_p2  |    or    |      0|  0|   12|          12|           6|
    |or_ln184_1335_fu_10231_p2  |    or    |      0|  0|   12|          12|           6|
    |or_ln184_1336_fu_10303_p2  |    or    |      0|  0|   12|          12|           7|
    |or_ln184_1337_fu_10317_p2  |    or    |      0|  0|   12|          12|           7|
    |or_ln184_1338_fu_10389_p2  |    or    |      0|  0|   12|          12|           7|
    |or_ln184_1339_fu_10403_p2  |    or    |      0|  0|   12|          12|           7|
    |or_ln184_1340_fu_10475_p2  |    or    |      0|  0|   12|          12|           7|
    |or_ln184_1341_fu_10489_p2  |    or    |      0|  0|   12|          12|           7|
    |or_ln184_1342_fu_10561_p2  |    or    |      0|  0|   12|          12|           7|
    |or_ln184_1343_fu_10575_p2  |    or    |      0|  0|   12|          12|           7|
    |or_ln184_1344_fu_10647_p2  |    or    |      0|  0|   12|          12|           7|
    |or_ln184_1345_fu_10661_p2  |    or    |      0|  0|   12|          12|           7|
    |or_ln184_1346_fu_10733_p2  |    or    |      0|  0|   12|          12|           7|
    |or_ln184_1347_fu_10747_p2  |    or    |      0|  0|   12|          12|           7|
    |or_ln184_1348_fu_10819_p2  |    or    |      0|  0|   12|          12|           7|
    |or_ln184_1349_fu_10833_p2  |    or    |      0|  0|   12|          12|           7|
    |or_ln184_1350_fu_10905_p2  |    or    |      0|  0|   12|          12|           7|
    |or_ln184_1351_fu_10919_p2  |    or    |      0|  0|   12|          12|           7|
    |or_ln184_1352_fu_10991_p2  |    or    |      0|  0|   12|          12|           7|
    |or_ln184_1353_fu_11005_p2  |    or    |      0|  0|   12|          12|           7|
    |or_ln184_1354_fu_11077_p2  |    or    |      0|  0|   12|          12|           7|
    |or_ln184_1355_fu_11091_p2  |    or    |      0|  0|   12|          12|           7|
    |or_ln184_1356_fu_11163_p2  |    or    |      0|  0|   12|          12|           7|
    |or_ln184_1357_fu_11177_p2  |    or    |      0|  0|   12|          12|           7|
    |or_ln184_1358_fu_11249_p2  |    or    |      0|  0|   12|          12|           7|
    |or_ln184_1359_fu_11263_p2  |    or    |      0|  0|   12|          12|           7|
    |or_ln184_1360_fu_11335_p2  |    or    |      0|  0|   12|          12|           7|
    |or_ln184_1361_fu_11349_p2  |    or    |      0|  0|   12|          12|           7|
    |or_ln184_1362_fu_11421_p2  |    or    |      0|  0|   12|          12|           7|
    |or_ln184_1363_fu_11435_p2  |    or    |      0|  0|   12|          12|           7|
    |or_ln184_1364_fu_11507_p2  |    or    |      0|  0|   12|          12|           7|
    |or_ln184_1365_fu_11521_p2  |    or    |      0|  0|   12|          12|           7|
    |or_ln184_1366_fu_11593_p2  |    or    |      0|  0|   12|          12|           7|
    |or_ln184_1367_fu_11607_p2  |    or    |      0|  0|   12|          12|           7|
    |or_ln184_1368_fu_11679_p2  |    or    |      0|  0|   12|          12|           7|
    |or_ln184_1369_fu_11693_p2  |    or    |      0|  0|   12|          12|           7|
    |or_ln184_1370_fu_11765_p2  |    or    |      0|  0|   12|          12|           7|
    |or_ln184_1371_fu_11779_p2  |    or    |      0|  0|   12|          12|           7|
    |or_ln184_1372_fu_11851_p2  |    or    |      0|  0|   12|          12|           7|
    |or_ln184_1373_fu_11865_p2  |    or    |      0|  0|   12|          12|           7|
    |or_ln184_1374_fu_11937_p2  |    or    |      0|  0|   12|          12|           7|
    |or_ln184_1375_fu_11951_p2  |    or    |      0|  0|   12|          12|           7|
    |or_ln184_1376_fu_12023_p2  |    or    |      0|  0|   12|          12|           7|
    |or_ln184_1377_fu_12037_p2  |    or    |      0|  0|   12|          12|           7|
    |or_ln184_1378_fu_12109_p2  |    or    |      0|  0|   12|          12|           7|
    |or_ln184_1379_fu_12123_p2  |    or    |      0|  0|   12|          12|           7|
    |or_ln184_1380_fu_12195_p2  |    or    |      0|  0|   12|          12|           7|
    |or_ln184_1381_fu_12209_p2  |    or    |      0|  0|   12|          12|           7|
    |or_ln184_1382_fu_12281_p2  |    or    |      0|  0|   12|          12|           7|
    |or_ln184_1383_fu_12295_p2  |    or    |      0|  0|   12|          12|           7|
    |or_ln184_1384_fu_12367_p2  |    or    |      0|  0|   12|          12|           7|
    |or_ln184_1385_fu_12381_p2  |    or    |      0|  0|   12|          12|           7|
    |or_ln184_1386_fu_12453_p2  |    or    |      0|  0|   12|          12|           7|
    |or_ln184_1387_fu_12467_p2  |    or    |      0|  0|   12|          12|           7|
    |or_ln184_1388_fu_12539_p2  |    or    |      0|  0|   12|          12|           7|
    |or_ln184_1389_fu_12553_p2  |    or    |      0|  0|   12|          12|           7|
    |or_ln184_1390_fu_12625_p2  |    or    |      0|  0|   12|          12|           7|
    |or_ln184_1391_fu_12639_p2  |    or    |      0|  0|   12|          12|           7|
    |or_ln184_1392_fu_12711_p2  |    or    |      0|  0|   12|          12|           7|
    |or_ln184_1393_fu_12725_p2  |    or    |      0|  0|   12|          12|           7|
    |or_ln184_1394_fu_12797_p2  |    or    |      0|  0|   12|          12|           7|
    |or_ln184_1395_fu_12811_p2  |    or    |      0|  0|   12|          12|           7|
    |or_ln184_1396_fu_12883_p2  |    or    |      0|  0|   12|          12|           7|
    |or_ln184_1397_fu_12897_p2  |    or    |      0|  0|   12|          12|           7|
    |or_ln184_1398_fu_12969_p2  |    or    |      0|  0|   12|          12|           7|
    |or_ln184_1399_fu_12983_p2  |    or    |      0|  0|   12|          12|           7|
    |or_ln184_1400_fu_13055_p2  |    or    |      0|  0|   12|          12|           8|
    |or_ln184_1401_fu_13069_p2  |    or    |      0|  0|   12|          12|           8|
    |or_ln184_1402_fu_13141_p2  |    or    |      0|  0|   12|          12|           8|
    |or_ln184_1403_fu_13155_p2  |    or    |      0|  0|   12|          12|           8|
    |or_ln184_1404_fu_13227_p2  |    or    |      0|  0|   12|          12|           8|
    |or_ln184_1405_fu_13241_p2  |    or    |      0|  0|   12|          12|           8|
    |or_ln184_1406_fu_13313_p2  |    or    |      0|  0|   12|          12|           8|
    |or_ln184_1407_fu_13327_p2  |    or    |      0|  0|   12|          12|           8|
    |or_ln184_1408_fu_13399_p2  |    or    |      0|  0|   12|          12|           8|
    |or_ln184_1409_fu_13413_p2  |    or    |      0|  0|   12|          12|           8|
    |or_ln184_1410_fu_13485_p2  |    or    |      0|  0|   12|          12|           8|
    |or_ln184_1411_fu_13499_p2  |    or    |      0|  0|   12|          12|           8|
    |or_ln184_1412_fu_13571_p2  |    or    |      0|  0|   12|          12|           8|
    |or_ln184_1413_fu_13585_p2  |    or    |      0|  0|   12|          12|           8|
    |or_ln184_1414_fu_13657_p2  |    or    |      0|  0|   12|          12|           8|
    |or_ln184_1415_fu_13671_p2  |    or    |      0|  0|   12|          12|           8|
    |or_ln184_1416_fu_13743_p2  |    or    |      0|  0|   12|          12|           8|
    |or_ln184_1417_fu_13757_p2  |    or    |      0|  0|   12|          12|           8|
    |or_ln184_1418_fu_13829_p2  |    or    |      0|  0|   12|          12|           8|
    |or_ln184_1419_fu_13843_p2  |    or    |      0|  0|   12|          12|           8|
    |or_ln184_1420_fu_13915_p2  |    or    |      0|  0|   12|          12|           8|
    |or_ln184_1421_fu_13929_p2  |    or    |      0|  0|   12|          12|           8|
    |or_ln184_1422_fu_14001_p2  |    or    |      0|  0|   12|          12|           8|
    |or_ln184_1423_fu_14015_p2  |    or    |      0|  0|   12|          12|           8|
    |or_ln184_1424_fu_14087_p2  |    or    |      0|  0|   12|          12|           8|
    |or_ln184_1425_fu_14101_p2  |    or    |      0|  0|   12|          12|           8|
    |or_ln184_1426_fu_14173_p2  |    or    |      0|  0|   12|          12|           8|
    |or_ln184_1427_fu_14187_p2  |    or    |      0|  0|   12|          12|           8|
    |or_ln184_1428_fu_14259_p2  |    or    |      0|  0|   12|          12|           8|
    |or_ln184_1429_fu_14273_p2  |    or    |      0|  0|   12|          12|           8|
    |or_ln184_1430_fu_14345_p2  |    or    |      0|  0|   12|          12|           8|
    |or_ln184_1431_fu_14359_p2  |    or    |      0|  0|   12|          12|           8|
    |or_ln184_1432_fu_14431_p2  |    or    |      0|  0|   12|          12|           8|
    |or_ln184_1433_fu_14445_p2  |    or    |      0|  0|   12|          12|           8|
    |or_ln184_1434_fu_14517_p2  |    or    |      0|  0|   12|          12|           8|
    |or_ln184_1435_fu_14531_p2  |    or    |      0|  0|   12|          12|           8|
    |or_ln184_1436_fu_14603_p2  |    or    |      0|  0|   12|          12|           8|
    |or_ln184_1437_fu_14617_p2  |    or    |      0|  0|   12|          12|           8|
    |or_ln184_1438_fu_14689_p2  |    or    |      0|  0|   12|          12|           8|
    |or_ln184_1439_fu_14703_p2  |    or    |      0|  0|   12|          12|           8|
    |or_ln184_1440_fu_14775_p2  |    or    |      0|  0|   12|          12|           8|
    |or_ln184_1441_fu_14789_p2  |    or    |      0|  0|   12|          12|           8|
    |or_ln184_1442_fu_14861_p2  |    or    |      0|  0|   12|          12|           8|
    |or_ln184_1443_fu_14875_p2  |    or    |      0|  0|   12|          12|           8|
    |or_ln184_1444_fu_14947_p2  |    or    |      0|  0|   12|          12|           8|
    |or_ln184_1445_fu_14961_p2  |    or    |      0|  0|   12|          12|           8|
    |or_ln184_1446_fu_15033_p2  |    or    |      0|  0|   12|          12|           8|
    |or_ln184_1447_fu_15047_p2  |    or    |      0|  0|   12|          12|           8|
    |or_ln184_1448_fu_15119_p2  |    or    |      0|  0|   12|          12|           8|
    |or_ln184_1449_fu_15133_p2  |    or    |      0|  0|   12|          12|           8|
    |or_ln184_1450_fu_15205_p2  |    or    |      0|  0|   12|          12|           8|
    |or_ln184_1451_fu_15219_p2  |    or    |      0|  0|   12|          12|           8|
    |or_ln184_1452_fu_15291_p2  |    or    |      0|  0|   12|          12|           8|
    |or_ln184_1453_fu_15305_p2  |    or    |      0|  0|   12|          12|           8|
    |or_ln184_1454_fu_15377_p2  |    or    |      0|  0|   12|          12|           8|
    |or_ln184_1455_fu_15391_p2  |    or    |      0|  0|   12|          12|           8|
    |or_ln184_1456_fu_15463_p2  |    or    |      0|  0|   12|          12|           8|
    |or_ln184_1457_fu_15477_p2  |    or    |      0|  0|   12|          12|           8|
    |or_ln184_1458_fu_15549_p2  |    or    |      0|  0|   12|          12|           8|
    |or_ln184_1459_fu_15563_p2  |    or    |      0|  0|   12|          12|           8|
    |or_ln184_1460_fu_15635_p2  |    or    |      0|  0|   12|          12|           8|
    |or_ln184_1461_fu_15649_p2  |    or    |      0|  0|   12|          12|           8|
    |or_ln184_1462_fu_15721_p2  |    or    |      0|  0|   12|          12|           8|
    |or_ln184_1463_fu_15735_p2  |    or    |      0|  0|   12|          12|           8|
    |or_ln184_1464_fu_15807_p2  |    or    |      0|  0|   12|          12|           8|
    |or_ln184_1465_fu_15821_p2  |    or    |      0|  0|   12|          12|           8|
    |or_ln184_1466_fu_15893_p2  |    or    |      0|  0|   12|          12|           8|
    |or_ln184_1467_fu_15907_p2  |    or    |      0|  0|   12|          12|           8|
    |or_ln184_1468_fu_15979_p2  |    or    |      0|  0|   12|          12|           8|
    |or_ln184_1469_fu_15993_p2  |    or    |      0|  0|   12|          12|           8|
    |or_ln184_1470_fu_16065_p2  |    or    |      0|  0|   12|          12|           8|
    |or_ln184_1471_fu_16079_p2  |    or    |      0|  0|   12|          12|           8|
    |or_ln184_1472_fu_16151_p2  |    or    |      0|  0|   12|          12|           8|
    |or_ln184_1473_fu_16165_p2  |    or    |      0|  0|   12|          12|           8|
    |or_ln184_1474_fu_16237_p2  |    or    |      0|  0|   12|          12|           8|
    |or_ln184_1475_fu_16251_p2  |    or    |      0|  0|   12|          12|           8|
    |or_ln184_1476_fu_16323_p2  |    or    |      0|  0|   12|          12|           8|
    |or_ln184_1477_fu_16337_p2  |    or    |      0|  0|   12|          12|           8|
    |or_ln184_1478_fu_16409_p2  |    or    |      0|  0|   12|          12|           8|
    |or_ln184_1479_fu_16423_p2  |    or    |      0|  0|   12|          12|           8|
    |or_ln184_1480_fu_16495_p2  |    or    |      0|  0|   12|          12|           8|
    |or_ln184_1481_fu_16509_p2  |    or    |      0|  0|   12|          12|           8|
    |or_ln184_1482_fu_16581_p2  |    or    |      0|  0|   12|          12|           8|
    |or_ln184_1483_fu_16595_p2  |    or    |      0|  0|   12|          12|           8|
    |or_ln184_1484_fu_16667_p2  |    or    |      0|  0|   12|          12|           8|
    |or_ln184_1485_fu_16681_p2  |    or    |      0|  0|   12|          12|           8|
    |or_ln184_1486_fu_16753_p2  |    or    |      0|  0|   12|          12|           8|
    |or_ln184_1487_fu_16767_p2  |    or    |      0|  0|   12|          12|           8|
    |or_ln184_1488_fu_16839_p2  |    or    |      0|  0|   12|          12|           8|
    |or_ln184_1489_fu_16853_p2  |    or    |      0|  0|   12|          12|           8|
    |or_ln184_1490_fu_16925_p2  |    or    |      0|  0|   12|          12|           8|
    |or_ln184_1491_fu_16939_p2  |    or    |      0|  0|   12|          12|           8|
    |or_ln184_1492_fu_17011_p2  |    or    |      0|  0|   12|          12|           8|
    |or_ln184_1493_fu_17025_p2  |    or    |      0|  0|   12|          12|           8|
    |or_ln184_1494_fu_17097_p2  |    or    |      0|  0|   12|          12|           8|
    |or_ln184_1495_fu_17111_p2  |    or    |      0|  0|   12|          12|           8|
    |or_ln184_1496_fu_17183_p2  |    or    |      0|  0|   12|          12|           8|
    |or_ln184_1497_fu_17197_p2  |    or    |      0|  0|   12|          12|           8|
    |or_ln184_1498_fu_17269_p2  |    or    |      0|  0|   12|          12|           8|
    |or_ln184_1499_fu_17283_p2  |    or    |      0|  0|   12|          12|           8|
    |or_ln184_1500_fu_17355_p2  |    or    |      0|  0|   12|          12|           8|
    |or_ln184_1501_fu_17369_p2  |    or    |      0|  0|   12|          12|           8|
    |or_ln184_1502_fu_17441_p2  |    or    |      0|  0|   12|          12|           8|
    |or_ln184_1503_fu_17455_p2  |    or    |      0|  0|   12|          12|           8|
    |or_ln184_1504_fu_17527_p2  |    or    |      0|  0|   12|          12|           8|
    |or_ln184_1505_fu_17541_p2  |    or    |      0|  0|   12|          12|           8|
    |or_ln184_1506_fu_17613_p2  |    or    |      0|  0|   12|          12|           8|
    |or_ln184_1507_fu_17627_p2  |    or    |      0|  0|   12|          12|           8|
    |or_ln184_1508_fu_17699_p2  |    or    |      0|  0|   12|          12|           8|
    |or_ln184_1509_fu_17713_p2  |    or    |      0|  0|   12|          12|           8|
    |or_ln184_1510_fu_17785_p2  |    or    |      0|  0|   12|          12|           8|
    |or_ln184_1511_fu_17799_p2  |    or    |      0|  0|   12|          12|           8|
    |or_ln184_1512_fu_17871_p2  |    or    |      0|  0|   12|          12|           8|
    |or_ln184_1513_fu_17885_p2  |    or    |      0|  0|   12|          12|           8|
    |or_ln184_1514_fu_17957_p2  |    or    |      0|  0|   12|          12|           8|
    |or_ln184_1515_fu_17971_p2  |    or    |      0|  0|   12|          12|           8|
    |or_ln184_1516_fu_18043_p2  |    or    |      0|  0|   12|          12|           8|
    |or_ln184_1517_fu_18057_p2  |    or    |      0|  0|   12|          12|           8|
    |or_ln184_1518_fu_18129_p2  |    or    |      0|  0|   12|          12|           8|
    |or_ln184_1519_fu_18143_p2  |    or    |      0|  0|   12|          12|           8|
    |or_ln184_1520_fu_18215_p2  |    or    |      0|  0|   12|          12|           8|
    |or_ln184_1521_fu_18229_p2  |    or    |      0|  0|   12|          12|           8|
    |or_ln184_1522_fu_18301_p2  |    or    |      0|  0|   12|          12|           8|
    |or_ln184_1523_fu_18315_p2  |    or    |      0|  0|   12|          12|           8|
    |or_ln184_1524_fu_18387_p2  |    or    |      0|  0|   12|          12|           8|
    |or_ln184_1525_fu_18401_p2  |    or    |      0|  0|   12|          12|           8|
    |or_ln184_1526_fu_18445_p2  |    or    |      0|  0|   12|          12|           8|
    |or_ln184_1527_fu_18459_p2  |    or    |      0|  0|   12|          12|           8|
    |or_ln184_fu_7508_p2        |    or    |      0|  0|   12|          12|           1|
    +---------------------------+----------+-------+---+-----+------------+------------+
    |Total                      |          |   1024|  0|11496|       14312|       11778|
    +---------------------------+----------+-------+---+-----+------------+------------+

    * Multiplexer: 
    +---------------------------------------+-----+-----------+-----+-----------+
    |                  Name                 | LUT | Input Size| Bits| Total Bits|
    +---------------------------------------+-----+-----------+-----+-----------+
    |a_coeffs_address0                      |  581|        129|    8|       1032|
    |a_coeffs_address1                      |  581|        129|    8|       1032|
    |ap_NS_fsm                              |  585|        130|    1|        130|
    |b_coeffs_address0                      |  581|        129|   10|       1290|
    |b_coeffs_address1                      |  581|        129|   10|       1290|
    |c_coeffs_address0                      |  581|        129|   10|       1290|
    |c_coeffs_address1                      |  581|        129|   10|       1290|
    |grp_pqcrystals_dilithium_22_fu_7483_a  |  581|        129|   64|       8256|
    |grp_pqcrystals_dilithium_22_fu_7489_a  |  581|        129|   64|       8256|
    +---------------------------------------+-----+-----------+-----+-----------+
    |Total                                  | 5233|       1162|  185|      23866|
    +---------------------------------------+-----+-----------+-----+-----------+

    * Register: 
    +--------------------+-----+----+-----+-----------+
    |        Name        |  FF | LUT| Bits| Const Bits|
    +--------------------+-----+----+-----+-----------+
    |ap_CS_fsm           |  129|   0|  129|          0|
    |tmp_2490_reg_18503  |    4|   0|   12|          8|
    |tmp_2746_reg_18791  |    4|   0|   12|          8|
    +--------------------+-----+----+-----+-----------+
    |Total               |  137|   0|  153|         16|
    +--------------------+-----+----+-----+-----------+



================================================================
== Interface
================================================================
* Summary: 
+-------------------+-----+-----+------------+-------------------------+--------------+
|     RTL Ports     | Dir | Bits|  Protocol  |      Source Object      |    C Type    |
+-------------------+-----+-----+------------+-------------------------+--------------+
|ap_clk             |  in |    1| ap_ctrl_hs | pqcrystals_dilithium.13 | return value |
|ap_rst             |  in |    1| ap_ctrl_hs | pqcrystals_dilithium.13 | return value |
|ap_start           |  in |    1| ap_ctrl_hs | pqcrystals_dilithium.13 | return value |
|ap_done            | out |    1| ap_ctrl_hs | pqcrystals_dilithium.13 | return value |
|ap_idle            | out |    1| ap_ctrl_hs | pqcrystals_dilithium.13 | return value |
|ap_ready           | out |    1| ap_ctrl_hs | pqcrystals_dilithium.13 | return value |
|c_coeffs_address0  | out |   10|  ap_memory |         c_coeffs        |     array    |
|c_coeffs_ce0       | out |    1|  ap_memory |         c_coeffs        |     array    |
|c_coeffs_we0       | out |    1|  ap_memory |         c_coeffs        |     array    |
|c_coeffs_d0        | out |   32|  ap_memory |         c_coeffs        |     array    |
|c_coeffs_address1  | out |   10|  ap_memory |         c_coeffs        |     array    |
|c_coeffs_ce1       | out |    1|  ap_memory |         c_coeffs        |     array    |
|c_coeffs_we1       | out |    1|  ap_memory |         c_coeffs        |     array    |
|c_coeffs_d1        | out |   32|  ap_memory |         c_coeffs        |     array    |
|c_coeffs_offset    |  in |    4|   ap_none  |     c_coeffs_offset     |    scalar    |
|a_coeffs_address0  | out |    8|  ap_memory |         a_coeffs        |     array    |
|a_coeffs_ce0       | out |    1|  ap_memory |         a_coeffs        |     array    |
|a_coeffs_q0        |  in |   32|  ap_memory |         a_coeffs        |     array    |
|a_coeffs_address1  | out |    8|  ap_memory |         a_coeffs        |     array    |
|a_coeffs_ce1       | out |    1|  ap_memory |         a_coeffs        |     array    |
|a_coeffs_q1        |  in |   32|  ap_memory |         a_coeffs        |     array    |
|b_coeffs_address0  | out |   10|  ap_memory |         b_coeffs        |     array    |
|b_coeffs_ce0       | out |    1|  ap_memory |         b_coeffs        |     array    |
|b_coeffs_q0        |  in |   32|  ap_memory |         b_coeffs        |     array    |
|b_coeffs_address1  | out |   10|  ap_memory |         b_coeffs        |     array    |
|b_coeffs_ce1       | out |    1|  ap_memory |         b_coeffs        |     array    |
|b_coeffs_q1        |  in |   32|  ap_memory |         b_coeffs        |     array    |
|b_coeffs_offset    |  in |    4|   ap_none  |     b_coeffs_offset     |    scalar    |
+-------------------+-----+-----+------------+-------------------------+--------------+

