

================================================================
== Vivado HLS Report for 'pqcrystals_dilithium_14'
================================================================
* Date:           Sat Apr  8 18:35:14 2023

* Version:        2019.2 (Build 2704478 on Wed Nov 06 22:10:23 MST 2019)
* Project:        crypto_sign
* Solution:       solution1
* Product family: artix7
* Target device:  xc7a200t-fbg676-2


================================================================
== Performance Estimates
================================================================
+ Timing: 
    * Summary: 
    +--------+----------+-----------+------------+
    |  Clock |  Target  | Estimated | Uncertainty|
    +--------+----------+-----------+------------+
    |ap_clk  | 10.00 us | 32.165 ns |   1.25 us  |
    +--------+----------+-----------+------------+

+ Latency: 
    * Summary: 
    +---------+---------+----------+----------+-----+-----+---------+
    |  Latency (cycles) |  Latency (absolute) |  Interval | Pipeline|
    |   min   |   max   |    min   |    max   | min | max |   Type  |
    +---------+---------+----------+----------+-----+-----+---------+
    |      128|      128| 1.280 ms | 1.280 ms |  128|  128|   none  |
    +---------+---------+----------+----------+-----+-----+---------+

    + Detail: 
        * Instance: 
        +-------------------------------------+-------------------------+---------+---------+----------+----------+-----+-----+---------+
        |                                     |                         |  Latency (cycles) |  Latency (absolute) |  Interval | Pipeline|
        |               Instance              |          Module         |   min   |   max   |    min   |    max   | min | max |   Type  |
        +-------------------------------------+-------------------------+---------+---------+----------+----------+-----+-----+---------+
        |grp_pqcrystals_dilithium_22_fu_8001  |pqcrystals_dilithium_22  |        0|        0|   0 ns   |   0 ns   |    0|    0|   none  |
        |grp_pqcrystals_dilithium_22_fu_8007  |pqcrystals_dilithium_22  |        0|        0|   0 ns   |   0 ns   |    0|    0|   none  |
        +-------------------------------------+-------------------------+---------+---------+----------+----------+-----+-----+---------+

        * Loop: 
        N/A



================================================================
== Utilization Estimates
================================================================
* Summary: 
+-----------------+---------+-------+--------+--------+-----+
|       Name      | BRAM_18K| DSP48E|   FF   |   LUT  | URAM|
+-----------------+---------+-------+--------+--------+-----+
|DSP              |        -|      -|       -|       -|    -|
|Expression       |        -|    512|       0|   10986|    -|
|FIFO             |        -|      -|       -|       -|    -|
|Instance         |        -|     12|       0|     226|    -|
|Memory           |        -|      -|       -|       -|    -|
|Multiplexer      |        -|      -|       -|    5233|    -|
|Register         |        -|      -|     133|       -|    -|
+-----------------+---------+-------+--------+--------+-----+
|Total            |        0|    524|     133|   16445|    0|
+-----------------+---------+-------+--------+--------+-----+
|Available        |      730|    740|  269200|  134600|    0|
+-----------------+---------+-------+--------+--------+-----+
|Utilization (%)  |        0|     70|   ~0   |      12|    0|
+-----------------+---------+-------+--------+--------+-----+

+ Detail: 
    * Instance: 
    +-------------------------------------+-------------------------+---------+-------+---+-----+-----+
    |               Instance              |          Module         | BRAM_18K| DSP48E| FF| LUT | URAM|
    +-------------------------------------+-------------------------+---------+-------+---+-----+-----+
    |grp_pqcrystals_dilithium_22_fu_8001  |pqcrystals_dilithium_22  |        0|      6|  0|  113|    0|
    |grp_pqcrystals_dilithium_22_fu_8007  |pqcrystals_dilithium_22  |        0|      6|  0|  113|    0|
    +-------------------------------------+-------------------------+---------+-------+---+-----+-----+
    |Total                                |                         |        0|     12|  0|  226|    0|
    +-------------------------------------+-------------------------+---------+-------+---+-----+-----+

    * DSP48E: 
    N/A

    * Memory: 
    N/A

    * FIFO: 
    N/A

    * Expression: 
    +---------------------------+----------+-------+---+-----+------------+------------+
    |       Variable Name       | Operation| DSP48E| FF| LUT | Bitwidth P0| Bitwidth P1|
    +---------------------------+----------+-------+---+-----+------------+------------+
    |mul_ln184_100_fu_12805_p2  |     *    |      2|  0|   21|          23|          32|
    |mul_ln184_101_fu_12824_p2  |     *    |      2|  0|   21|          23|          32|
    |mul_ln184_102_fu_12899_p2  |     *    |      2|  0|   21|          23|          32|
    |mul_ln184_103_fu_12918_p2  |     *    |      2|  0|   21|          23|          32|
    |mul_ln184_104_fu_12993_p2  |     *    |      2|  0|   21|          23|          32|
    |mul_ln184_105_fu_13012_p2  |     *    |      2|  0|   21|          23|          32|
    |mul_ln184_106_fu_13087_p2  |     *    |      2|  0|   21|          23|          32|
    |mul_ln184_107_fu_13106_p2  |     *    |      2|  0|   21|          23|          32|
    |mul_ln184_108_fu_13181_p2  |     *    |      2|  0|   21|          23|          32|
    |mul_ln184_109_fu_13200_p2  |     *    |      2|  0|   21|          23|          32|
    |mul_ln184_10_fu_8575_p2    |     *    |      2|  0|   21|          23|          32|
    |mul_ln184_110_fu_13275_p2  |     *    |      2|  0|   21|          23|          32|
    |mul_ln184_111_fu_13294_p2  |     *    |      2|  0|   21|          23|          32|
    |mul_ln184_112_fu_13369_p2  |     *    |      2|  0|   21|          23|          32|
    |mul_ln184_113_fu_13388_p2  |     *    |      2|  0|   21|          23|          32|
    |mul_ln184_114_fu_13463_p2  |     *    |      2|  0|   21|          23|          32|
    |mul_ln184_115_fu_13482_p2  |     *    |      2|  0|   21|          23|          32|
    |mul_ln184_116_fu_13557_p2  |     *    |      2|  0|   21|          23|          32|
    |mul_ln184_117_fu_13576_p2  |     *    |      2|  0|   21|          23|          32|
    |mul_ln184_118_fu_13651_p2  |     *    |      2|  0|   21|          23|          32|
    |mul_ln184_119_fu_13670_p2  |     *    |      2|  0|   21|          23|          32|
    |mul_ln184_11_fu_8594_p2    |     *    |      2|  0|   21|          23|          32|
    |mul_ln184_120_fu_13745_p2  |     *    |      2|  0|   21|          23|          32|
    |mul_ln184_121_fu_13764_p2  |     *    |      2|  0|   21|          23|          32|
    |mul_ln184_122_fu_13839_p2  |     *    |      2|  0|   21|          23|          32|
    |mul_ln184_123_fu_13858_p2  |     *    |      2|  0|   21|          23|          32|
    |mul_ln184_124_fu_13933_p2  |     *    |      2|  0|   21|          23|          32|
    |mul_ln184_125_fu_13952_p2  |     *    |      2|  0|   21|          23|          32|
    |mul_ln184_126_fu_14027_p2  |     *    |      2|  0|   21|          23|          32|
    |mul_ln184_127_fu_14046_p2  |     *    |      2|  0|   21|          23|          32|
    |mul_ln184_128_fu_14121_p2  |     *    |      2|  0|   21|          23|          32|
    |mul_ln184_129_fu_14140_p2  |     *    |      2|  0|   21|          23|          32|
    |mul_ln184_12_fu_8669_p2    |     *    |      2|  0|   21|          23|          32|
    |mul_ln184_130_fu_14215_p2  |     *    |      2|  0|   21|          23|          32|
    |mul_ln184_131_fu_14234_p2  |     *    |      2|  0|   21|          23|          32|
    |mul_ln184_132_fu_14309_p2  |     *    |      2|  0|   21|          23|          32|
    |mul_ln184_133_fu_14328_p2  |     *    |      2|  0|   21|          23|          32|
    |mul_ln184_134_fu_14403_p2  |     *    |      2|  0|   21|          23|          32|
    |mul_ln184_135_fu_14422_p2  |     *    |      2|  0|   21|          23|          32|
    |mul_ln184_136_fu_14497_p2  |     *    |      2|  0|   21|          23|          32|
    |mul_ln184_137_fu_14516_p2  |     *    |      2|  0|   21|          23|          32|
    |mul_ln184_138_fu_14591_p2  |     *    |      2|  0|   21|          23|          32|
    |mul_ln184_139_fu_14610_p2  |     *    |      2|  0|   21|          23|          32|
    |mul_ln184_13_fu_8688_p2    |     *    |      2|  0|   21|          23|          32|
    |mul_ln184_140_fu_14685_p2  |     *    |      2|  0|   21|          23|          32|
    |mul_ln184_141_fu_14704_p2  |     *    |      2|  0|   21|          23|          32|
    |mul_ln184_142_fu_14779_p2  |     *    |      2|  0|   21|          23|          32|
    |mul_ln184_143_fu_14798_p2  |     *    |      2|  0|   21|          23|          32|
    |mul_ln184_144_fu_14873_p2  |     *    |      2|  0|   21|          23|          32|
    |mul_ln184_145_fu_14892_p2  |     *    |      2|  0|   21|          23|          32|
    |mul_ln184_146_fu_14967_p2  |     *    |      2|  0|   21|          23|          32|
    |mul_ln184_147_fu_14986_p2  |     *    |      2|  0|   21|          23|          32|
    |mul_ln184_148_fu_15061_p2  |     *    |      2|  0|   21|          23|          32|
    |mul_ln184_149_fu_15080_p2  |     *    |      2|  0|   21|          23|          32|
    |mul_ln184_14_fu_8763_p2    |     *    |      2|  0|   21|          23|          32|
    |mul_ln184_150_fu_15155_p2  |     *    |      2|  0|   21|          23|          32|
    |mul_ln184_151_fu_15174_p2  |     *    |      2|  0|   21|          23|          32|
    |mul_ln184_152_fu_15249_p2  |     *    |      2|  0|   21|          23|          32|
    |mul_ln184_153_fu_15268_p2  |     *    |      2|  0|   21|          23|          32|
    |mul_ln184_154_fu_15343_p2  |     *    |      2|  0|   21|          23|          32|
    |mul_ln184_155_fu_15362_p2  |     *    |      2|  0|   21|          23|          32|
    |mul_ln184_156_fu_15437_p2  |     *    |      2|  0|   21|          23|          32|
    |mul_ln184_157_fu_15456_p2  |     *    |      2|  0|   21|          23|          32|
    |mul_ln184_158_fu_15531_p2  |     *    |      2|  0|   21|          23|          32|
    |mul_ln184_159_fu_15550_p2  |     *    |      2|  0|   21|          23|          32|
    |mul_ln184_15_fu_8782_p2    |     *    |      2|  0|   21|          23|          32|
    |mul_ln184_160_fu_15625_p2  |     *    |      2|  0|   21|          23|          32|
    |mul_ln184_161_fu_15644_p2  |     *    |      2|  0|   21|          23|          32|
    |mul_ln184_162_fu_15719_p2  |     *    |      2|  0|   21|          23|          32|
    |mul_ln184_163_fu_15738_p2  |     *    |      2|  0|   21|          23|          32|
    |mul_ln184_164_fu_15813_p2  |     *    |      2|  0|   21|          23|          32|
    |mul_ln184_165_fu_15832_p2  |     *    |      2|  0|   21|          23|          32|
    |mul_ln184_166_fu_15907_p2  |     *    |      2|  0|   21|          23|          32|
    |mul_ln184_167_fu_15926_p2  |     *    |      2|  0|   21|          23|          32|
    |mul_ln184_168_fu_16001_p2  |     *    |      2|  0|   21|          23|          32|
    |mul_ln184_169_fu_16020_p2  |     *    |      2|  0|   21|          23|          32|
    |mul_ln184_16_fu_8857_p2    |     *    |      2|  0|   21|          23|          32|
    |mul_ln184_170_fu_16095_p2  |     *    |      2|  0|   21|          23|          32|
    |mul_ln184_171_fu_16114_p2  |     *    |      2|  0|   21|          23|          32|
    |mul_ln184_172_fu_16189_p2  |     *    |      2|  0|   21|          23|          32|
    |mul_ln184_173_fu_16208_p2  |     *    |      2|  0|   21|          23|          32|
    |mul_ln184_174_fu_16283_p2  |     *    |      2|  0|   21|          23|          32|
    |mul_ln184_175_fu_16302_p2  |     *    |      2|  0|   21|          23|          32|
    |mul_ln184_176_fu_16377_p2  |     *    |      2|  0|   21|          23|          32|
    |mul_ln184_177_fu_16396_p2  |     *    |      2|  0|   21|          23|          32|
    |mul_ln184_178_fu_16471_p2  |     *    |      2|  0|   21|          23|          32|
    |mul_ln184_179_fu_16490_p2  |     *    |      2|  0|   21|          23|          32|
    |mul_ln184_17_fu_8876_p2    |     *    |      2|  0|   21|          23|          32|
    |mul_ln184_180_fu_16565_p2  |     *    |      2|  0|   21|          23|          32|
    |mul_ln184_181_fu_16584_p2  |     *    |      2|  0|   21|          23|          32|
    |mul_ln184_182_fu_16659_p2  |     *    |      2|  0|   21|          23|          32|
    |mul_ln184_183_fu_16678_p2  |     *    |      2|  0|   21|          23|          32|
    |mul_ln184_184_fu_16753_p2  |     *    |      2|  0|   21|          23|          32|
    |mul_ln184_185_fu_16772_p2  |     *    |      2|  0|   21|          23|          32|
    |mul_ln184_186_fu_16847_p2  |     *    |      2|  0|   21|          23|          32|
    |mul_ln184_187_fu_16866_p2  |     *    |      2|  0|   21|          23|          32|
    |mul_ln184_188_fu_16941_p2  |     *    |      2|  0|   21|          23|          32|
    |mul_ln184_189_fu_16960_p2  |     *    |      2|  0|   21|          23|          32|
    |mul_ln184_18_fu_8951_p2    |     *    |      2|  0|   21|          23|          32|
    |mul_ln184_190_fu_17035_p2  |     *    |      2|  0|   21|          23|          32|
    |mul_ln184_191_fu_17054_p2  |     *    |      2|  0|   21|          23|          32|
    |mul_ln184_192_fu_17129_p2  |     *    |      2|  0|   21|          23|          32|
    |mul_ln184_193_fu_17148_p2  |     *    |      2|  0|   21|          23|          32|
    |mul_ln184_194_fu_17223_p2  |     *    |      2|  0|   21|          23|          32|
    |mul_ln184_195_fu_17242_p2  |     *    |      2|  0|   21|          23|          32|
    |mul_ln184_196_fu_17317_p2  |     *    |      2|  0|   21|          23|          32|
    |mul_ln184_197_fu_17336_p2  |     *    |      2|  0|   21|          23|          32|
    |mul_ln184_198_fu_17411_p2  |     *    |      2|  0|   21|          23|          32|
    |mul_ln184_199_fu_17430_p2  |     *    |      2|  0|   21|          23|          32|
    |mul_ln184_19_fu_8970_p2    |     *    |      2|  0|   21|          23|          32|
    |mul_ln184_1_fu_8124_p2     |     *    |      2|  0|   21|          23|          32|
    |mul_ln184_200_fu_17505_p2  |     *    |      2|  0|   21|          23|          32|
    |mul_ln184_201_fu_17524_p2  |     *    |      2|  0|   21|          23|          32|
    |mul_ln184_202_fu_17599_p2  |     *    |      2|  0|   21|          23|          32|
    |mul_ln184_203_fu_17618_p2  |     *    |      2|  0|   21|          23|          32|
    |mul_ln184_204_fu_17693_p2  |     *    |      2|  0|   21|          23|          32|
    |mul_ln184_205_fu_17712_p2  |     *    |      2|  0|   21|          23|          32|
    |mul_ln184_206_fu_17787_p2  |     *    |      2|  0|   21|          23|          32|
    |mul_ln184_207_fu_17806_p2  |     *    |      2|  0|   21|          23|          32|
    |mul_ln184_208_fu_17881_p2  |     *    |      2|  0|   21|          23|          32|
    |mul_ln184_209_fu_17900_p2  |     *    |      2|  0|   21|          23|          32|
    |mul_ln184_20_fu_9045_p2    |     *    |      2|  0|   21|          23|          32|
    |mul_ln184_210_fu_17975_p2  |     *    |      2|  0|   21|          23|          32|
    |mul_ln184_211_fu_17994_p2  |     *    |      2|  0|   21|          23|          32|
    |mul_ln184_212_fu_18069_p2  |     *    |      2|  0|   21|          23|          32|
    |mul_ln184_213_fu_18088_p2  |     *    |      2|  0|   21|          23|          32|
    |mul_ln184_214_fu_18163_p2  |     *    |      2|  0|   21|          23|          32|
    |mul_ln184_215_fu_18182_p2  |     *    |      2|  0|   21|          23|          32|
    |mul_ln184_216_fu_18257_p2  |     *    |      2|  0|   21|          23|          32|
    |mul_ln184_217_fu_18276_p2  |     *    |      2|  0|   21|          23|          32|
    |mul_ln184_218_fu_18351_p2  |     *    |      2|  0|   21|          23|          32|
    |mul_ln184_219_fu_18370_p2  |     *    |      2|  0|   21|          23|          32|
    |mul_ln184_21_fu_9064_p2    |     *    |      2|  0|   21|          23|          32|
    |mul_ln184_220_fu_18445_p2  |     *    |      2|  0|   21|          23|          32|
    |mul_ln184_221_fu_18464_p2  |     *    |      2|  0|   21|          23|          32|
    |mul_ln184_222_fu_18539_p2  |     *    |      2|  0|   21|          23|          32|
    |mul_ln184_223_fu_18558_p2  |     *    |      2|  0|   21|          23|          32|
    |mul_ln184_224_fu_18633_p2  |     *    |      2|  0|   21|          23|          32|
    |mul_ln184_225_fu_18652_p2  |     *    |      2|  0|   21|          23|          32|
    |mul_ln184_226_fu_18727_p2  |     *    |      2|  0|   21|          23|          32|
    |mul_ln184_227_fu_18746_p2  |     *    |      2|  0|   21|          23|          32|
    |mul_ln184_228_fu_18821_p2  |     *    |      2|  0|   21|          23|          32|
    |mul_ln184_229_fu_18840_p2  |     *    |      2|  0|   21|          23|          32|
    |mul_ln184_22_fu_9139_p2    |     *    |      2|  0|   21|          23|          32|
    |mul_ln184_230_fu_18915_p2  |     *    |      2|  0|   21|          23|          32|
    |mul_ln184_231_fu_18934_p2  |     *    |      2|  0|   21|          23|          32|
    |mul_ln184_232_fu_19009_p2  |     *    |      2|  0|   21|          23|          32|
    |mul_ln184_233_fu_19028_p2  |     *    |      2|  0|   21|          23|          32|
    |mul_ln184_234_fu_19103_p2  |     *    |      2|  0|   21|          23|          32|
    |mul_ln184_235_fu_19122_p2  |     *    |      2|  0|   21|          23|          32|
    |mul_ln184_236_fu_19197_p2  |     *    |      2|  0|   21|          23|          32|
    |mul_ln184_237_fu_19216_p2  |     *    |      2|  0|   21|          23|          32|
    |mul_ln184_238_fu_19291_p2  |     *    |      2|  0|   21|          23|          32|
    |mul_ln184_239_fu_19310_p2  |     *    |      2|  0|   21|          23|          32|
    |mul_ln184_23_fu_9158_p2    |     *    |      2|  0|   21|          23|          32|
    |mul_ln184_240_fu_19385_p2  |     *    |      2|  0|   21|          23|          32|
    |mul_ln184_241_fu_19404_p2  |     *    |      2|  0|   21|          23|          32|
    |mul_ln184_242_fu_19479_p2  |     *    |      2|  0|   21|          23|          32|
    |mul_ln184_243_fu_19498_p2  |     *    |      2|  0|   21|          23|          32|
    |mul_ln184_244_fu_19573_p2  |     *    |      2|  0|   21|          23|          32|
    |mul_ln184_245_fu_19592_p2  |     *    |      2|  0|   21|          23|          32|
    |mul_ln184_246_fu_19667_p2  |     *    |      2|  0|   21|          23|          32|
    |mul_ln184_247_fu_19686_p2  |     *    |      2|  0|   21|          23|          32|
    |mul_ln184_248_fu_19761_p2  |     *    |      2|  0|   21|          23|          32|
    |mul_ln184_249_fu_19780_p2  |     *    |      2|  0|   21|          23|          32|
    |mul_ln184_24_fu_9233_p2    |     *    |      2|  0|   21|          23|          32|
    |mul_ln184_250_fu_19855_p2  |     *    |      2|  0|   21|          23|          32|
    |mul_ln184_251_fu_19874_p2  |     *    |      2|  0|   21|          23|          32|
    |mul_ln184_252_fu_19949_p2  |     *    |      2|  0|   21|          23|          32|
    |mul_ln184_253_fu_19968_p2  |     *    |      2|  0|   21|          23|          32|
    |mul_ln184_254_fu_20015_p2  |     *    |      2|  0|   21|          23|          32|
    |mul_ln184_255_fu_20034_p2  |     *    |      2|  0|   21|          23|          32|
    |mul_ln184_25_fu_9252_p2    |     *    |      2|  0|   21|          23|          32|
    |mul_ln184_26_fu_9327_p2    |     *    |      2|  0|   21|          23|          32|
    |mul_ln184_27_fu_9346_p2    |     *    |      2|  0|   21|          23|          32|
    |mul_ln184_28_fu_9421_p2    |     *    |      2|  0|   21|          23|          32|
    |mul_ln184_29_fu_9440_p2    |     *    |      2|  0|   21|          23|          32|
    |mul_ln184_2_fu_8199_p2     |     *    |      2|  0|   21|          23|          32|
    |mul_ln184_30_fu_9515_p2    |     *    |      2|  0|   21|          23|          32|
    |mul_ln184_31_fu_9534_p2    |     *    |      2|  0|   21|          23|          32|
    |mul_ln184_32_fu_9609_p2    |     *    |      2|  0|   21|          23|          32|
    |mul_ln184_33_fu_9628_p2    |     *    |      2|  0|   21|          23|          32|
    |mul_ln184_34_fu_9703_p2    |     *    |      2|  0|   21|          23|          32|
    |mul_ln184_35_fu_9722_p2    |     *    |      2|  0|   21|          23|          32|
    |mul_ln184_36_fu_9797_p2    |     *    |      2|  0|   21|          23|          32|
    |mul_ln184_37_fu_9816_p2    |     *    |      2|  0|   21|          23|          32|
    |mul_ln184_38_fu_9891_p2    |     *    |      2|  0|   21|          23|          32|
    |mul_ln184_39_fu_9910_p2    |     *    |      2|  0|   21|          23|          32|
    |mul_ln184_3_fu_8218_p2     |     *    |      2|  0|   21|          23|          32|
    |mul_ln184_40_fu_9985_p2    |     *    |      2|  0|   21|          23|          32|
    |mul_ln184_41_fu_10004_p2   |     *    |      2|  0|   21|          23|          32|
    |mul_ln184_42_fu_10079_p2   |     *    |      2|  0|   21|          23|          32|
    |mul_ln184_43_fu_10098_p2   |     *    |      2|  0|   21|          23|          32|
    |mul_ln184_44_fu_10173_p2   |     *    |      2|  0|   21|          23|          32|
    |mul_ln184_45_fu_10192_p2   |     *    |      2|  0|   21|          23|          32|
    |mul_ln184_46_fu_10267_p2   |     *    |      2|  0|   21|          23|          32|
    |mul_ln184_47_fu_10286_p2   |     *    |      2|  0|   21|          23|          32|
    |mul_ln184_48_fu_10361_p2   |     *    |      2|  0|   21|          23|          32|
    |mul_ln184_49_fu_10380_p2   |     *    |      2|  0|   21|          23|          32|
    |mul_ln184_4_fu_8293_p2     |     *    |      2|  0|   21|          23|          32|
    |mul_ln184_50_fu_10455_p2   |     *    |      2|  0|   21|          23|          32|
    |mul_ln184_51_fu_10474_p2   |     *    |      2|  0|   21|          23|          32|
    |mul_ln184_52_fu_10549_p2   |     *    |      2|  0|   21|          23|          32|
    |mul_ln184_53_fu_10568_p2   |     *    |      2|  0|   21|          23|          32|
    |mul_ln184_54_fu_10643_p2   |     *    |      2|  0|   21|          23|          32|
    |mul_ln184_55_fu_10662_p2   |     *    |      2|  0|   21|          23|          32|
    |mul_ln184_56_fu_10737_p2   |     *    |      2|  0|   21|          23|          32|
    |mul_ln184_57_fu_10756_p2   |     *    |      2|  0|   21|          23|          32|
    |mul_ln184_58_fu_10831_p2   |     *    |      2|  0|   21|          23|          32|
    |mul_ln184_59_fu_10850_p2   |     *    |      2|  0|   21|          23|          32|
    |mul_ln184_5_fu_8312_p2     |     *    |      2|  0|   21|          23|          32|
    |mul_ln184_60_fu_10925_p2   |     *    |      2|  0|   21|          23|          32|
    |mul_ln184_61_fu_10944_p2   |     *    |      2|  0|   21|          23|          32|
    |mul_ln184_62_fu_11019_p2   |     *    |      2|  0|   21|          23|          32|
    |mul_ln184_63_fu_11038_p2   |     *    |      2|  0|   21|          23|          32|
    |mul_ln184_64_fu_11113_p2   |     *    |      2|  0|   21|          23|          32|
    |mul_ln184_65_fu_11132_p2   |     *    |      2|  0|   21|          23|          32|
    |mul_ln184_66_fu_11207_p2   |     *    |      2|  0|   21|          23|          32|
    |mul_ln184_67_fu_11226_p2   |     *    |      2|  0|   21|          23|          32|
    |mul_ln184_68_fu_11301_p2   |     *    |      2|  0|   21|          23|          32|
    |mul_ln184_69_fu_11320_p2   |     *    |      2|  0|   21|          23|          32|
    |mul_ln184_6_fu_8387_p2     |     *    |      2|  0|   21|          23|          32|
    |mul_ln184_70_fu_11395_p2   |     *    |      2|  0|   21|          23|          32|
    |mul_ln184_71_fu_11414_p2   |     *    |      2|  0|   21|          23|          32|
    |mul_ln184_72_fu_11489_p2   |     *    |      2|  0|   21|          23|          32|
    |mul_ln184_73_fu_11508_p2   |     *    |      2|  0|   21|          23|          32|
    |mul_ln184_74_fu_11583_p2   |     *    |      2|  0|   21|          23|          32|
    |mul_ln184_75_fu_11602_p2   |     *    |      2|  0|   21|          23|          32|
    |mul_ln184_76_fu_11677_p2   |     *    |      2|  0|   21|          23|          32|
    |mul_ln184_77_fu_11696_p2   |     *    |      2|  0|   21|          23|          32|
    |mul_ln184_78_fu_11771_p2   |     *    |      2|  0|   21|          23|          32|
    |mul_ln184_79_fu_11790_p2   |     *    |      2|  0|   21|          23|          32|
    |mul_ln184_7_fu_8406_p2     |     *    |      2|  0|   21|          23|          32|
    |mul_ln184_80_fu_11865_p2   |     *    |      2|  0|   21|          23|          32|
    |mul_ln184_81_fu_11884_p2   |     *    |      2|  0|   21|          23|          32|
    |mul_ln184_82_fu_11959_p2   |     *    |      2|  0|   21|          23|          32|
    |mul_ln184_83_fu_11978_p2   |     *    |      2|  0|   21|          23|          32|
    |mul_ln184_84_fu_12053_p2   |     *    |      2|  0|   21|          23|          32|
    |mul_ln184_85_fu_12072_p2   |     *    |      2|  0|   21|          23|          32|
    |mul_ln184_86_fu_12147_p2   |     *    |      2|  0|   21|          23|          32|
    |mul_ln184_87_fu_12166_p2   |     *    |      2|  0|   21|          23|          32|
    |mul_ln184_88_fu_12241_p2   |     *    |      2|  0|   21|          23|          32|
    |mul_ln184_89_fu_12260_p2   |     *    |      2|  0|   21|          23|          32|
    |mul_ln184_8_fu_8481_p2     |     *    |      2|  0|   21|          23|          32|
    |mul_ln184_90_fu_12335_p2   |     *    |      2|  0|   21|          23|          32|
    |mul_ln184_91_fu_12354_p2   |     *    |      2|  0|   21|          23|          32|
    |mul_ln184_92_fu_12429_p2   |     *    |      2|  0|   21|          23|          32|
    |mul_ln184_93_fu_12448_p2   |     *    |      2|  0|   21|          23|          32|
    |mul_ln184_94_fu_12523_p2   |     *    |      2|  0|   21|          23|          32|
    |mul_ln184_95_fu_12542_p2   |     *    |      2|  0|   21|          23|          32|
    |mul_ln184_96_fu_12617_p2   |     *    |      2|  0|   21|          23|          32|
    |mul_ln184_97_fu_12636_p2   |     *    |      2|  0|   21|          23|          32|
    |mul_ln184_98_fu_12711_p2   |     *    |      2|  0|   21|          23|          32|
    |mul_ln184_99_fu_12730_p2   |     *    |      2|  0|   21|          23|          32|
    |mul_ln184_9_fu_8500_p2     |     *    |      2|  0|   21|          23|          32|
    |mul_ln184_fu_8105_p2       |     *    |      2|  0|   21|          23|          32|
    |or_ln184_1000_fu_19175_p2  |    or    |      0|  0|   10|          10|           8|
    |or_ln184_1001_fu_19255_p2  |    or    |      0|  0|   10|          10|           8|
    |or_ln184_1002_fu_19269_p2  |    or    |      0|  0|   10|          10|           8|
    |or_ln184_1003_fu_19349_p2  |    or    |      0|  0|   10|          10|           8|
    |or_ln184_1004_fu_19363_p2  |    or    |      0|  0|   10|          10|           8|
    |or_ln184_1005_fu_19443_p2  |    or    |      0|  0|   10|          10|           8|
    |or_ln184_1006_fu_19457_p2  |    or    |      0|  0|   10|          10|           8|
    |or_ln184_1007_fu_19537_p2  |    or    |      0|  0|   10|          10|           8|
    |or_ln184_1008_fu_19551_p2  |    or    |      0|  0|   10|          10|           8|
    |or_ln184_1009_fu_19631_p2  |    or    |      0|  0|   10|          10|           8|
    |or_ln184_1010_fu_19645_p2  |    or    |      0|  0|   10|          10|           8|
    |or_ln184_1011_fu_19725_p2  |    or    |      0|  0|   10|          10|           8|
    |or_ln184_1012_fu_19739_p2  |    or    |      0|  0|   10|          10|           8|
    |or_ln184_1013_fu_19819_p2  |    or    |      0|  0|   10|          10|           8|
    |or_ln184_1014_fu_19833_p2  |    or    |      0|  0|   10|          10|           8|
    |or_ln184_1015_fu_19913_p2  |    or    |      0|  0|   10|          10|           8|
    |or_ln184_1016_fu_19927_p2  |    or    |      0|  0|   10|          10|           8|
    |or_ln184_1017_fu_19979_p2  |    or    |      0|  0|   10|          10|           8|
    |or_ln184_1018_fu_19993_p2  |    or    |      0|  0|   10|          10|           8|
    |or_ln184_510_fu_8041_p2    |    or    |      0|  0|   12|          12|           2|
    |or_ln184_511_fu_8055_p2    |    or    |      0|  0|   12|          12|           2|
    |or_ln184_512_fu_8135_p2    |    or    |      0|  0|   12|          12|           3|
    |or_ln184_513_fu_8149_p2    |    or    |      0|  0|   12|          12|           3|
    |or_ln184_514_fu_8229_p2    |    or    |      0|  0|   12|          12|           3|
    |or_ln184_515_fu_8243_p2    |    or    |      0|  0|   12|          12|           3|
    |or_ln184_516_fu_8323_p2    |    or    |      0|  0|   12|          12|           4|
    |or_ln184_517_fu_8337_p2    |    or    |      0|  0|   12|          12|           4|
    |or_ln184_518_fu_8417_p2    |    or    |      0|  0|   12|          12|           4|
    |or_ln184_519_fu_8431_p2    |    or    |      0|  0|   12|          12|           4|
    |or_ln184_520_fu_8511_p2    |    or    |      0|  0|   12|          12|           4|
    |or_ln184_521_fu_8525_p2    |    or    |      0|  0|   12|          12|           4|
    |or_ln184_522_fu_8605_p2    |    or    |      0|  0|   12|          12|           4|
    |or_ln184_523_fu_8619_p2    |    or    |      0|  0|   12|          12|           4|
    |or_ln184_524_fu_8699_p2    |    or    |      0|  0|   12|          12|           5|
    |or_ln184_525_fu_8713_p2    |    or    |      0|  0|   12|          12|           5|
    |or_ln184_526_fu_8793_p2    |    or    |      0|  0|   12|          12|           5|
    |or_ln184_527_fu_8807_p2    |    or    |      0|  0|   12|          12|           5|
    |or_ln184_528_fu_8887_p2    |    or    |      0|  0|   12|          12|           5|
    |or_ln184_529_fu_8901_p2    |    or    |      0|  0|   12|          12|           5|
    |or_ln184_530_fu_8981_p2    |    or    |      0|  0|   12|          12|           5|
    |or_ln184_531_fu_8995_p2    |    or    |      0|  0|   12|          12|           5|
    |or_ln184_532_fu_9075_p2    |    or    |      0|  0|   12|          12|           5|
    |or_ln184_533_fu_9089_p2    |    or    |      0|  0|   12|          12|           5|
    |or_ln184_534_fu_9169_p2    |    or    |      0|  0|   12|          12|           5|
    |or_ln184_535_fu_9183_p2    |    or    |      0|  0|   12|          12|           5|
    |or_ln184_536_fu_9263_p2    |    or    |      0|  0|   12|          12|           5|
    |or_ln184_537_fu_9277_p2    |    or    |      0|  0|   12|          12|           5|
    |or_ln184_538_fu_9357_p2    |    or    |      0|  0|   12|          12|           5|
    |or_ln184_539_fu_9371_p2    |    or    |      0|  0|   12|          12|           5|
    |or_ln184_540_fu_9451_p2    |    or    |      0|  0|   12|          12|           6|
    |or_ln184_541_fu_9465_p2    |    or    |      0|  0|   12|          12|           6|
    |or_ln184_542_fu_9545_p2    |    or    |      0|  0|   12|          12|           6|
    |or_ln184_543_fu_9559_p2    |    or    |      0|  0|   12|          12|           6|
    |or_ln184_544_fu_9639_p2    |    or    |      0|  0|   12|          12|           6|
    |or_ln184_545_fu_9653_p2    |    or    |      0|  0|   12|          12|           6|
    |or_ln184_546_fu_9733_p2    |    or    |      0|  0|   12|          12|           6|
    |or_ln184_547_fu_9747_p2    |    or    |      0|  0|   12|          12|           6|
    |or_ln184_548_fu_9827_p2    |    or    |      0|  0|   12|          12|           6|
    |or_ln184_549_fu_9841_p2    |    or    |      0|  0|   12|          12|           6|
    |or_ln184_550_fu_9921_p2    |    or    |      0|  0|   12|          12|           6|
    |or_ln184_551_fu_9935_p2    |    or    |      0|  0|   12|          12|           6|
    |or_ln184_552_fu_10015_p2   |    or    |      0|  0|   12|          12|           6|
    |or_ln184_553_fu_10029_p2   |    or    |      0|  0|   12|          12|           6|
    |or_ln184_554_fu_10109_p2   |    or    |      0|  0|   12|          12|           6|
    |or_ln184_555_fu_10123_p2   |    or    |      0|  0|   12|          12|           6|
    |or_ln184_556_fu_10203_p2   |    or    |      0|  0|   12|          12|           6|
    |or_ln184_557_fu_10217_p2   |    or    |      0|  0|   12|          12|           6|
    |or_ln184_558_fu_10297_p2   |    or    |      0|  0|   12|          12|           6|
    |or_ln184_559_fu_10311_p2   |    or    |      0|  0|   12|          12|           6|
    |or_ln184_560_fu_10391_p2   |    or    |      0|  0|   12|          12|           6|
    |or_ln184_561_fu_10405_p2   |    or    |      0|  0|   12|          12|           6|
    |or_ln184_562_fu_10485_p2   |    or    |      0|  0|   12|          12|           6|
    |or_ln184_563_fu_10499_p2   |    or    |      0|  0|   12|          12|           6|
    |or_ln184_564_fu_10579_p2   |    or    |      0|  0|   12|          12|           6|
    |or_ln184_565_fu_10593_p2   |    or    |      0|  0|   12|          12|           6|
    |or_ln184_566_fu_10673_p2   |    or    |      0|  0|   12|          12|           6|
    |or_ln184_567_fu_10687_p2   |    or    |      0|  0|   12|          12|           6|
    |or_ln184_568_fu_10767_p2   |    or    |      0|  0|   12|          12|           6|
    |or_ln184_569_fu_10781_p2   |    or    |      0|  0|   12|          12|           6|
    |or_ln184_570_fu_10861_p2   |    or    |      0|  0|   12|          12|           6|
    |or_ln184_571_fu_10875_p2   |    or    |      0|  0|   12|          12|           6|
    |or_ln184_572_fu_10955_p2   |    or    |      0|  0|   12|          12|           7|
    |or_ln184_573_fu_10969_p2   |    or    |      0|  0|   12|          12|           7|
    |or_ln184_574_fu_11049_p2   |    or    |      0|  0|   12|          12|           7|
    |or_ln184_575_fu_11063_p2   |    or    |      0|  0|   12|          12|           7|
    |or_ln184_576_fu_11143_p2   |    or    |      0|  0|   12|          12|           7|
    |or_ln184_577_fu_11157_p2   |    or    |      0|  0|   12|          12|           7|
    |or_ln184_578_fu_11237_p2   |    or    |      0|  0|   12|          12|           7|
    |or_ln184_579_fu_11251_p2   |    or    |      0|  0|   12|          12|           7|
    |or_ln184_580_fu_11331_p2   |    or    |      0|  0|   12|          12|           7|
    |or_ln184_581_fu_11345_p2   |    or    |      0|  0|   12|          12|           7|
    |or_ln184_582_fu_11425_p2   |    or    |      0|  0|   12|          12|           7|
    |or_ln184_583_fu_11439_p2   |    or    |      0|  0|   12|          12|           7|
    |or_ln184_584_fu_11519_p2   |    or    |      0|  0|   12|          12|           7|
    |or_ln184_585_fu_11533_p2   |    or    |      0|  0|   12|          12|           7|
    |or_ln184_586_fu_11613_p2   |    or    |      0|  0|   12|          12|           7|
    |or_ln184_587_fu_11627_p2   |    or    |      0|  0|   12|          12|           7|
    |or_ln184_588_fu_11707_p2   |    or    |      0|  0|   12|          12|           7|
    |or_ln184_589_fu_11721_p2   |    or    |      0|  0|   12|          12|           7|
    |or_ln184_590_fu_11801_p2   |    or    |      0|  0|   12|          12|           7|
    |or_ln184_591_fu_11815_p2   |    or    |      0|  0|   12|          12|           7|
    |or_ln184_592_fu_11895_p2   |    or    |      0|  0|   12|          12|           7|
    |or_ln184_593_fu_11909_p2   |    or    |      0|  0|   12|          12|           7|
    |or_ln184_594_fu_11989_p2   |    or    |      0|  0|   12|          12|           7|
    |or_ln184_595_fu_12003_p2   |    or    |      0|  0|   12|          12|           7|
    |or_ln184_596_fu_12083_p2   |    or    |      0|  0|   12|          12|           7|
    |or_ln184_597_fu_12097_p2   |    or    |      0|  0|   12|          12|           7|
    |or_ln184_598_fu_12177_p2   |    or    |      0|  0|   12|          12|           7|
    |or_ln184_599_fu_12191_p2   |    or    |      0|  0|   12|          12|           7|
    |or_ln184_600_fu_12271_p2   |    or    |      0|  0|   12|          12|           7|
    |or_ln184_601_fu_12285_p2   |    or    |      0|  0|   12|          12|           7|
    |or_ln184_602_fu_12365_p2   |    or    |      0|  0|   12|          12|           7|
    |or_ln184_603_fu_12379_p2   |    or    |      0|  0|   12|          12|           7|
    |or_ln184_604_fu_12459_p2   |    or    |      0|  0|   12|          12|           7|
    |or_ln184_605_fu_12473_p2   |    or    |      0|  0|   12|          12|           7|
    |or_ln184_606_fu_12553_p2   |    or    |      0|  0|   12|          12|           7|
    |or_ln184_607_fu_12567_p2   |    or    |      0|  0|   12|          12|           7|
    |or_ln184_608_fu_12647_p2   |    or    |      0|  0|   12|          12|           7|
    |or_ln184_609_fu_12661_p2   |    or    |      0|  0|   12|          12|           7|
    |or_ln184_610_fu_12741_p2   |    or    |      0|  0|   12|          12|           7|
    |or_ln184_611_fu_12755_p2   |    or    |      0|  0|   12|          12|           7|
    |or_ln184_612_fu_12835_p2   |    or    |      0|  0|   12|          12|           7|
    |or_ln184_613_fu_12849_p2   |    or    |      0|  0|   12|          12|           7|
    |or_ln184_614_fu_12929_p2   |    or    |      0|  0|   12|          12|           7|
    |or_ln184_615_fu_12943_p2   |    or    |      0|  0|   12|          12|           7|
    |or_ln184_616_fu_13023_p2   |    or    |      0|  0|   12|          12|           7|
    |or_ln184_617_fu_13037_p2   |    or    |      0|  0|   12|          12|           7|
    |or_ln184_618_fu_13117_p2   |    or    |      0|  0|   12|          12|           7|
    |or_ln184_619_fu_13131_p2   |    or    |      0|  0|   12|          12|           7|
    |or_ln184_620_fu_13211_p2   |    or    |      0|  0|   12|          12|           7|
    |or_ln184_621_fu_13225_p2   |    or    |      0|  0|   12|          12|           7|
    |or_ln184_622_fu_13305_p2   |    or    |      0|  0|   12|          12|           7|
    |or_ln184_623_fu_13319_p2   |    or    |      0|  0|   12|          12|           7|
    |or_ln184_624_fu_13399_p2   |    or    |      0|  0|   12|          12|           7|
    |or_ln184_625_fu_13413_p2   |    or    |      0|  0|   12|          12|           7|
    |or_ln184_626_fu_13493_p2   |    or    |      0|  0|   12|          12|           7|
    |or_ln184_627_fu_13507_p2   |    or    |      0|  0|   12|          12|           7|
    |or_ln184_628_fu_13587_p2   |    or    |      0|  0|   12|          12|           7|
    |or_ln184_629_fu_13601_p2   |    or    |      0|  0|   12|          12|           7|
    |or_ln184_630_fu_13681_p2   |    or    |      0|  0|   12|          12|           7|
    |or_ln184_631_fu_13695_p2   |    or    |      0|  0|   12|          12|           7|
    |or_ln184_632_fu_13775_p2   |    or    |      0|  0|   12|          12|           7|
    |or_ln184_633_fu_13789_p2   |    or    |      0|  0|   12|          12|           7|
    |or_ln184_634_fu_13869_p2   |    or    |      0|  0|   12|          12|           7|
    |or_ln184_635_fu_13883_p2   |    or    |      0|  0|   12|          12|           7|
    |or_ln184_636_fu_13963_p2   |    or    |      0|  0|   12|          12|           8|
    |or_ln184_637_fu_13977_p2   |    or    |      0|  0|   12|          12|           8|
    |or_ln184_638_fu_14057_p2   |    or    |      0|  0|   12|          12|           8|
    |or_ln184_639_fu_14071_p2   |    or    |      0|  0|   12|          12|           8|
    |or_ln184_640_fu_14151_p2   |    or    |      0|  0|   12|          12|           8|
    |or_ln184_641_fu_14165_p2   |    or    |      0|  0|   12|          12|           8|
    |or_ln184_642_fu_14245_p2   |    or    |      0|  0|   12|          12|           8|
    |or_ln184_643_fu_14259_p2   |    or    |      0|  0|   12|          12|           8|
    |or_ln184_644_fu_14339_p2   |    or    |      0|  0|   12|          12|           8|
    |or_ln184_645_fu_14353_p2   |    or    |      0|  0|   12|          12|           8|
    |or_ln184_646_fu_14433_p2   |    or    |      0|  0|   12|          12|           8|
    |or_ln184_647_fu_14447_p2   |    or    |      0|  0|   12|          12|           8|
    |or_ln184_648_fu_14527_p2   |    or    |      0|  0|   12|          12|           8|
    |or_ln184_649_fu_14541_p2   |    or    |      0|  0|   12|          12|           8|
    |or_ln184_650_fu_14621_p2   |    or    |      0|  0|   12|          12|           8|
    |or_ln184_651_fu_14635_p2   |    or    |      0|  0|   12|          12|           8|
    |or_ln184_652_fu_14715_p2   |    or    |      0|  0|   12|          12|           8|
    |or_ln184_653_fu_14729_p2   |    or    |      0|  0|   12|          12|           8|
    |or_ln184_654_fu_14809_p2   |    or    |      0|  0|   12|          12|           8|
    |or_ln184_655_fu_14823_p2   |    or    |      0|  0|   12|          12|           8|
    |or_ln184_656_fu_14903_p2   |    or    |      0|  0|   12|          12|           8|
    |or_ln184_657_fu_14917_p2   |    or    |      0|  0|   12|          12|           8|
    |or_ln184_658_fu_14997_p2   |    or    |      0|  0|   12|          12|           8|
    |or_ln184_659_fu_15011_p2   |    or    |      0|  0|   12|          12|           8|
    |or_ln184_660_fu_15091_p2   |    or    |      0|  0|   12|          12|           8|
    |or_ln184_661_fu_15105_p2   |    or    |      0|  0|   12|          12|           8|
    |or_ln184_662_fu_15185_p2   |    or    |      0|  0|   12|          12|           8|
    |or_ln184_663_fu_15199_p2   |    or    |      0|  0|   12|          12|           8|
    |or_ln184_664_fu_15279_p2   |    or    |      0|  0|   12|          12|           8|
    |or_ln184_665_fu_15293_p2   |    or    |      0|  0|   12|          12|           8|
    |or_ln184_666_fu_15373_p2   |    or    |      0|  0|   12|          12|           8|
    |or_ln184_667_fu_15387_p2   |    or    |      0|  0|   12|          12|           8|
    |or_ln184_668_fu_15467_p2   |    or    |      0|  0|   12|          12|           8|
    |or_ln184_669_fu_15481_p2   |    or    |      0|  0|   12|          12|           8|
    |or_ln184_670_fu_15561_p2   |    or    |      0|  0|   12|          12|           8|
    |or_ln184_671_fu_15575_p2   |    or    |      0|  0|   12|          12|           8|
    |or_ln184_672_fu_15655_p2   |    or    |      0|  0|   12|          12|           8|
    |or_ln184_673_fu_15669_p2   |    or    |      0|  0|   12|          12|           8|
    |or_ln184_674_fu_15749_p2   |    or    |      0|  0|   12|          12|           8|
    |or_ln184_675_fu_15763_p2   |    or    |      0|  0|   12|          12|           8|
    |or_ln184_676_fu_15843_p2   |    or    |      0|  0|   12|          12|           8|
    |or_ln184_677_fu_15857_p2   |    or    |      0|  0|   12|          12|           8|
    |or_ln184_678_fu_15937_p2   |    or    |      0|  0|   12|          12|           8|
    |or_ln184_679_fu_15951_p2   |    or    |      0|  0|   12|          12|           8|
    |or_ln184_680_fu_16031_p2   |    or    |      0|  0|   12|          12|           8|
    |or_ln184_681_fu_16045_p2   |    or    |      0|  0|   12|          12|           8|
    |or_ln184_682_fu_16125_p2   |    or    |      0|  0|   12|          12|           8|
    |or_ln184_683_fu_16139_p2   |    or    |      0|  0|   12|          12|           8|
    |or_ln184_684_fu_16219_p2   |    or    |      0|  0|   12|          12|           8|
    |or_ln184_685_fu_16233_p2   |    or    |      0|  0|   12|          12|           8|
    |or_ln184_686_fu_16313_p2   |    or    |      0|  0|   12|          12|           8|
    |or_ln184_687_fu_16327_p2   |    or    |      0|  0|   12|          12|           8|
    |or_ln184_688_fu_16407_p2   |    or    |      0|  0|   12|          12|           8|
    |or_ln184_689_fu_16421_p2   |    or    |      0|  0|   12|          12|           8|
    |or_ln184_690_fu_16501_p2   |    or    |      0|  0|   12|          12|           8|
    |or_ln184_691_fu_16515_p2   |    or    |      0|  0|   12|          12|           8|
    |or_ln184_692_fu_16595_p2   |    or    |      0|  0|   12|          12|           8|
    |or_ln184_693_fu_16609_p2   |    or    |      0|  0|   12|          12|           8|
    |or_ln184_694_fu_16689_p2   |    or    |      0|  0|   12|          12|           8|
    |or_ln184_695_fu_16703_p2   |    or    |      0|  0|   12|          12|           8|
    |or_ln184_696_fu_16783_p2   |    or    |      0|  0|   12|          12|           8|
    |or_ln184_697_fu_16797_p2   |    or    |      0|  0|   12|          12|           8|
    |or_ln184_698_fu_16877_p2   |    or    |      0|  0|   12|          12|           8|
    |or_ln184_699_fu_16891_p2   |    or    |      0|  0|   12|          12|           8|
    |or_ln184_700_fu_16971_p2   |    or    |      0|  0|   12|          12|           8|
    |or_ln184_701_fu_16985_p2   |    or    |      0|  0|   12|          12|           8|
    |or_ln184_702_fu_17065_p2   |    or    |      0|  0|   12|          12|           8|
    |or_ln184_703_fu_17079_p2   |    or    |      0|  0|   12|          12|           8|
    |or_ln184_704_fu_17159_p2   |    or    |      0|  0|   12|          12|           8|
    |or_ln184_705_fu_17173_p2   |    or    |      0|  0|   12|          12|           8|
    |or_ln184_706_fu_17253_p2   |    or    |      0|  0|   12|          12|           8|
    |or_ln184_707_fu_17267_p2   |    or    |      0|  0|   12|          12|           8|
    |or_ln184_708_fu_17347_p2   |    or    |      0|  0|   12|          12|           8|
    |or_ln184_709_fu_17361_p2   |    or    |      0|  0|   12|          12|           8|
    |or_ln184_710_fu_17441_p2   |    or    |      0|  0|   12|          12|           8|
    |or_ln184_711_fu_17455_p2   |    or    |      0|  0|   12|          12|           8|
    |or_ln184_712_fu_17535_p2   |    or    |      0|  0|   12|          12|           8|
    |or_ln184_713_fu_17549_p2   |    or    |      0|  0|   12|          12|           8|
    |or_ln184_714_fu_17629_p2   |    or    |      0|  0|   12|          12|           8|
    |or_ln184_715_fu_17643_p2   |    or    |      0|  0|   12|          12|           8|
    |or_ln184_716_fu_17723_p2   |    or    |      0|  0|   12|          12|           8|
    |or_ln184_717_fu_17737_p2   |    or    |      0|  0|   12|          12|           8|
    |or_ln184_718_fu_17817_p2   |    or    |      0|  0|   12|          12|           8|
    |or_ln184_719_fu_17831_p2   |    or    |      0|  0|   12|          12|           8|
    |or_ln184_720_fu_17911_p2   |    or    |      0|  0|   12|          12|           8|
    |or_ln184_721_fu_17925_p2   |    or    |      0|  0|   12|          12|           8|
    |or_ln184_722_fu_18005_p2   |    or    |      0|  0|   12|          12|           8|
    |or_ln184_723_fu_18019_p2   |    or    |      0|  0|   12|          12|           8|
    |or_ln184_724_fu_18099_p2   |    or    |      0|  0|   12|          12|           8|
    |or_ln184_725_fu_18113_p2   |    or    |      0|  0|   12|          12|           8|
    |or_ln184_726_fu_18193_p2   |    or    |      0|  0|   12|          12|           8|
    |or_ln184_727_fu_18207_p2   |    or    |      0|  0|   12|          12|           8|
    |or_ln184_728_fu_18287_p2   |    or    |      0|  0|   12|          12|           8|
    |or_ln184_729_fu_18301_p2   |    or    |      0|  0|   12|          12|           8|
    |or_ln184_730_fu_18381_p2   |    or    |      0|  0|   12|          12|           8|
    |or_ln184_731_fu_18395_p2   |    or    |      0|  0|   12|          12|           8|
    |or_ln184_732_fu_18475_p2   |    or    |      0|  0|   12|          12|           8|
    |or_ln184_733_fu_18489_p2   |    or    |      0|  0|   12|          12|           8|
    |or_ln184_734_fu_18569_p2   |    or    |      0|  0|   12|          12|           8|
    |or_ln184_735_fu_18583_p2   |    or    |      0|  0|   12|          12|           8|
    |or_ln184_736_fu_18663_p2   |    or    |      0|  0|   12|          12|           8|
    |or_ln184_737_fu_18677_p2   |    or    |      0|  0|   12|          12|           8|
    |or_ln184_738_fu_18757_p2   |    or    |      0|  0|   12|          12|           8|
    |or_ln184_739_fu_18771_p2   |    or    |      0|  0|   12|          12|           8|
    |or_ln184_740_fu_18851_p2   |    or    |      0|  0|   12|          12|           8|
    |or_ln184_741_fu_18865_p2   |    or    |      0|  0|   12|          12|           8|
    |or_ln184_742_fu_18945_p2   |    or    |      0|  0|   12|          12|           8|
    |or_ln184_743_fu_18959_p2   |    or    |      0|  0|   12|          12|           8|
    |or_ln184_744_fu_19039_p2   |    or    |      0|  0|   12|          12|           8|
    |or_ln184_745_fu_19053_p2   |    or    |      0|  0|   12|          12|           8|
    |or_ln184_746_fu_19133_p2   |    or    |      0|  0|   12|          12|           8|
    |or_ln184_747_fu_19147_p2   |    or    |      0|  0|   12|          12|           8|
    |or_ln184_748_fu_19227_p2   |    or    |      0|  0|   12|          12|           8|
    |or_ln184_749_fu_19241_p2   |    or    |      0|  0|   12|          12|           8|
    |or_ln184_750_fu_19321_p2   |    or    |      0|  0|   12|          12|           8|
    |or_ln184_751_fu_19335_p2   |    or    |      0|  0|   12|          12|           8|
    |or_ln184_752_fu_19415_p2   |    or    |      0|  0|   12|          12|           8|
    |or_ln184_753_fu_19429_p2   |    or    |      0|  0|   12|          12|           8|
    |or_ln184_754_fu_19509_p2   |    or    |      0|  0|   12|          12|           8|
    |or_ln184_755_fu_19523_p2   |    or    |      0|  0|   12|          12|           8|
    |or_ln184_756_fu_19603_p2   |    or    |      0|  0|   12|          12|           8|
    |or_ln184_757_fu_19617_p2   |    or    |      0|  0|   12|          12|           8|
    |or_ln184_758_fu_19697_p2   |    or    |      0|  0|   12|          12|           8|
    |or_ln184_759_fu_19711_p2   |    or    |      0|  0|   12|          12|           8|
    |or_ln184_760_fu_19791_p2   |    or    |      0|  0|   12|          12|           8|
    |or_ln184_761_fu_19805_p2   |    or    |      0|  0|   12|          12|           8|
    |or_ln184_762_fu_19885_p2   |    or    |      0|  0|   12|          12|           8|
    |or_ln184_763_fu_19899_p2   |    or    |      0|  0|   12|          12|           8|
    |or_ln184_764_fu_8082_p2    |    or    |      0|  0|   10|          10|           1|
    |or_ln184_765_fu_8163_p2    |    or    |      0|  0|   10|          10|           2|
    |or_ln184_766_fu_8177_p2    |    or    |      0|  0|   10|          10|           2|
    |or_ln184_767_fu_8257_p2    |    or    |      0|  0|   10|          10|           3|
    |or_ln184_768_fu_8271_p2    |    or    |      0|  0|   10|          10|           3|
    |or_ln184_769_fu_8351_p2    |    or    |      0|  0|   10|          10|           3|
    |or_ln184_770_fu_8365_p2    |    or    |      0|  0|   10|          10|           3|
    |or_ln184_771_fu_8445_p2    |    or    |      0|  0|   10|          10|           4|
    |or_ln184_772_fu_8459_p2    |    or    |      0|  0|   10|          10|           4|
    |or_ln184_773_fu_8539_p2    |    or    |      0|  0|   10|          10|           4|
    |or_ln184_774_fu_8553_p2    |    or    |      0|  0|   10|          10|           4|
    |or_ln184_775_fu_8633_p2    |    or    |      0|  0|   10|          10|           4|
    |or_ln184_776_fu_8647_p2    |    or    |      0|  0|   10|          10|           4|
    |or_ln184_777_fu_8727_p2    |    or    |      0|  0|   10|          10|           4|
    |or_ln184_778_fu_8741_p2    |    or    |      0|  0|   10|          10|           4|
    |or_ln184_779_fu_8821_p2    |    or    |      0|  0|   10|          10|           5|
    |or_ln184_780_fu_8835_p2    |    or    |      0|  0|   10|          10|           5|
    |or_ln184_781_fu_8915_p2    |    or    |      0|  0|   10|          10|           5|
    |or_ln184_782_fu_8929_p2    |    or    |      0|  0|   10|          10|           5|
    |or_ln184_783_fu_9009_p2    |    or    |      0|  0|   10|          10|           5|
    |or_ln184_784_fu_9023_p2    |    or    |      0|  0|   10|          10|           5|
    |or_ln184_785_fu_9103_p2    |    or    |      0|  0|   10|          10|           5|
    |or_ln184_786_fu_9117_p2    |    or    |      0|  0|   10|          10|           5|
    |or_ln184_787_fu_9197_p2    |    or    |      0|  0|   10|          10|           5|
    |or_ln184_788_fu_9211_p2    |    or    |      0|  0|   10|          10|           5|
    |or_ln184_789_fu_9291_p2    |    or    |      0|  0|   10|          10|           5|
    |or_ln184_790_fu_9305_p2    |    or    |      0|  0|   10|          10|           5|
    |or_ln184_791_fu_9385_p2    |    or    |      0|  0|   10|          10|           5|
    |or_ln184_792_fu_9399_p2    |    or    |      0|  0|   10|          10|           5|
    |or_ln184_793_fu_9479_p2    |    or    |      0|  0|   10|          10|           5|
    |or_ln184_794_fu_9493_p2    |    or    |      0|  0|   10|          10|           5|
    |or_ln184_795_fu_9573_p2    |    or    |      0|  0|   10|          10|           6|
    |or_ln184_796_fu_9587_p2    |    or    |      0|  0|   10|          10|           6|
    |or_ln184_797_fu_9667_p2    |    or    |      0|  0|   10|          10|           6|
    |or_ln184_798_fu_9681_p2    |    or    |      0|  0|   10|          10|           6|
    |or_ln184_799_fu_9761_p2    |    or    |      0|  0|   10|          10|           6|
    |or_ln184_800_fu_9775_p2    |    or    |      0|  0|   10|          10|           6|
    |or_ln184_801_fu_9855_p2    |    or    |      0|  0|   10|          10|           6|
    |or_ln184_802_fu_9869_p2    |    or    |      0|  0|   10|          10|           6|
    |or_ln184_803_fu_9949_p2    |    or    |      0|  0|   10|          10|           6|
    |or_ln184_804_fu_9963_p2    |    or    |      0|  0|   10|          10|           6|
    |or_ln184_805_fu_10043_p2   |    or    |      0|  0|   10|          10|           6|
    |or_ln184_806_fu_10057_p2   |    or    |      0|  0|   10|          10|           6|
    |or_ln184_807_fu_10137_p2   |    or    |      0|  0|   10|          10|           6|
    |or_ln184_808_fu_10151_p2   |    or    |      0|  0|   10|          10|           6|
    |or_ln184_809_fu_10231_p2   |    or    |      0|  0|   10|          10|           6|
    |or_ln184_810_fu_10245_p2   |    or    |      0|  0|   10|          10|           6|
    |or_ln184_811_fu_10325_p2   |    or    |      0|  0|   10|          10|           6|
    |or_ln184_812_fu_10339_p2   |    or    |      0|  0|   10|          10|           6|
    |or_ln184_813_fu_10419_p2   |    or    |      0|  0|   10|          10|           6|
    |or_ln184_814_fu_10433_p2   |    or    |      0|  0|   10|          10|           6|
    |or_ln184_815_fu_10513_p2   |    or    |      0|  0|   10|          10|           6|
    |or_ln184_816_fu_10527_p2   |    or    |      0|  0|   10|          10|           6|
    |or_ln184_817_fu_10607_p2   |    or    |      0|  0|   10|          10|           6|
    |or_ln184_818_fu_10621_p2   |    or    |      0|  0|   10|          10|           6|
    |or_ln184_819_fu_10701_p2   |    or    |      0|  0|   10|          10|           6|
    |or_ln184_820_fu_10715_p2   |    or    |      0|  0|   10|          10|           6|
    |or_ln184_821_fu_10795_p2   |    or    |      0|  0|   10|          10|           6|
    |or_ln184_822_fu_10809_p2   |    or    |      0|  0|   10|          10|           6|
    |or_ln184_823_fu_10889_p2   |    or    |      0|  0|   10|          10|           6|
    |or_ln184_824_fu_10903_p2   |    or    |      0|  0|   10|          10|           6|
    |or_ln184_825_fu_10983_p2   |    or    |      0|  0|   10|          10|           6|
    |or_ln184_826_fu_10997_p2   |    or    |      0|  0|   10|          10|           6|
    |or_ln184_827_fu_11077_p2   |    or    |      0|  0|   10|          10|           7|
    |or_ln184_828_fu_11091_p2   |    or    |      0|  0|   10|          10|           7|
    |or_ln184_829_fu_11171_p2   |    or    |      0|  0|   10|          10|           7|
    |or_ln184_830_fu_11185_p2   |    or    |      0|  0|   10|          10|           7|
    |or_ln184_831_fu_11265_p2   |    or    |      0|  0|   10|          10|           7|
    |or_ln184_832_fu_11279_p2   |    or    |      0|  0|   10|          10|           7|
    |or_ln184_833_fu_11359_p2   |    or    |      0|  0|   10|          10|           7|
    |or_ln184_834_fu_11373_p2   |    or    |      0|  0|   10|          10|           7|
    |or_ln184_835_fu_11453_p2   |    or    |      0|  0|   10|          10|           7|
    |or_ln184_836_fu_11467_p2   |    or    |      0|  0|   10|          10|           7|
    |or_ln184_837_fu_11547_p2   |    or    |      0|  0|   10|          10|           7|
    |or_ln184_838_fu_11561_p2   |    or    |      0|  0|   10|          10|           7|
    |or_ln184_839_fu_11641_p2   |    or    |      0|  0|   10|          10|           7|
    |or_ln184_840_fu_11655_p2   |    or    |      0|  0|   10|          10|           7|
    |or_ln184_841_fu_11735_p2   |    or    |      0|  0|   10|          10|           7|
    |or_ln184_842_fu_11749_p2   |    or    |      0|  0|   10|          10|           7|
    |or_ln184_843_fu_11829_p2   |    or    |      0|  0|   10|          10|           7|
    |or_ln184_844_fu_11843_p2   |    or    |      0|  0|   10|          10|           7|
    |or_ln184_845_fu_11923_p2   |    or    |      0|  0|   10|          10|           7|
    |or_ln184_846_fu_11937_p2   |    or    |      0|  0|   10|          10|           7|
    |or_ln184_847_fu_12017_p2   |    or    |      0|  0|   10|          10|           7|
    |or_ln184_848_fu_12031_p2   |    or    |      0|  0|   10|          10|           7|
    |or_ln184_849_fu_12111_p2   |    or    |      0|  0|   10|          10|           7|
    |or_ln184_850_fu_12125_p2   |    or    |      0|  0|   10|          10|           7|
    |or_ln184_851_fu_12205_p2   |    or    |      0|  0|   10|          10|           7|
    |or_ln184_852_fu_12219_p2   |    or    |      0|  0|   10|          10|           7|
    |or_ln184_853_fu_12299_p2   |    or    |      0|  0|   10|          10|           7|
    |or_ln184_854_fu_12313_p2   |    or    |      0|  0|   10|          10|           7|
    |or_ln184_855_fu_12393_p2   |    or    |      0|  0|   10|          10|           7|
    |or_ln184_856_fu_12407_p2   |    or    |      0|  0|   10|          10|           7|
    |or_ln184_857_fu_12487_p2   |    or    |      0|  0|   10|          10|           7|
    |or_ln184_858_fu_12501_p2   |    or    |      0|  0|   10|          10|           7|
    |or_ln184_859_fu_12581_p2   |    or    |      0|  0|   10|          10|           7|
    |or_ln184_860_fu_12595_p2   |    or    |      0|  0|   10|          10|           7|
    |or_ln184_861_fu_12675_p2   |    or    |      0|  0|   10|          10|           7|
    |or_ln184_862_fu_12689_p2   |    or    |      0|  0|   10|          10|           7|
    |or_ln184_863_fu_12769_p2   |    or    |      0|  0|   10|          10|           7|
    |or_ln184_864_fu_12783_p2   |    or    |      0|  0|   10|          10|           7|
    |or_ln184_865_fu_12863_p2   |    or    |      0|  0|   10|          10|           7|
    |or_ln184_866_fu_12877_p2   |    or    |      0|  0|   10|          10|           7|
    |or_ln184_867_fu_12957_p2   |    or    |      0|  0|   10|          10|           7|
    |or_ln184_868_fu_12971_p2   |    or    |      0|  0|   10|          10|           7|
    |or_ln184_869_fu_13051_p2   |    or    |      0|  0|   10|          10|           7|
    |or_ln184_870_fu_13065_p2   |    or    |      0|  0|   10|          10|           7|
    |or_ln184_871_fu_13145_p2   |    or    |      0|  0|   10|          10|           7|
    |or_ln184_872_fu_13159_p2   |    or    |      0|  0|   10|          10|           7|
    |or_ln184_873_fu_13239_p2   |    or    |      0|  0|   10|          10|           7|
    |or_ln184_874_fu_13253_p2   |    or    |      0|  0|   10|          10|           7|
    |or_ln184_875_fu_13333_p2   |    or    |      0|  0|   10|          10|           7|
    |or_ln184_876_fu_13347_p2   |    or    |      0|  0|   10|          10|           7|
    |or_ln184_877_fu_13427_p2   |    or    |      0|  0|   10|          10|           7|
    |or_ln184_878_fu_13441_p2   |    or    |      0|  0|   10|          10|           7|
    |or_ln184_879_fu_13521_p2   |    or    |      0|  0|   10|          10|           7|
    |or_ln184_880_fu_13535_p2   |    or    |      0|  0|   10|          10|           7|
    |or_ln184_881_fu_13615_p2   |    or    |      0|  0|   10|          10|           7|
    |or_ln184_882_fu_13629_p2   |    or    |      0|  0|   10|          10|           7|
    |or_ln184_883_fu_13709_p2   |    or    |      0|  0|   10|          10|           7|
    |or_ln184_884_fu_13723_p2   |    or    |      0|  0|   10|          10|           7|
    |or_ln184_885_fu_13803_p2   |    or    |      0|  0|   10|          10|           7|
    |or_ln184_886_fu_13817_p2   |    or    |      0|  0|   10|          10|           7|
    |or_ln184_887_fu_13897_p2   |    or    |      0|  0|   10|          10|           7|
    |or_ln184_888_fu_13911_p2   |    or    |      0|  0|   10|          10|           7|
    |or_ln184_889_fu_13991_p2   |    or    |      0|  0|   10|          10|           7|
    |or_ln184_890_fu_14005_p2   |    or    |      0|  0|   10|          10|           7|
    |or_ln184_891_fu_14085_p2   |    or    |      0|  0|   10|          10|           8|
    |or_ln184_892_fu_14099_p2   |    or    |      0|  0|   10|          10|           8|
    |or_ln184_893_fu_14179_p2   |    or    |      0|  0|   10|          10|           8|
    |or_ln184_894_fu_14193_p2   |    or    |      0|  0|   10|          10|           8|
    |or_ln184_895_fu_14273_p2   |    or    |      0|  0|   10|          10|           8|
    |or_ln184_896_fu_14287_p2   |    or    |      0|  0|   10|          10|           8|
    |or_ln184_897_fu_14367_p2   |    or    |      0|  0|   10|          10|           8|
    |or_ln184_898_fu_14381_p2   |    or    |      0|  0|   10|          10|           8|
    |or_ln184_899_fu_14461_p2   |    or    |      0|  0|   10|          10|           8|
    |or_ln184_900_fu_14475_p2   |    or    |      0|  0|   10|          10|           8|
    |or_ln184_901_fu_14555_p2   |    or    |      0|  0|   10|          10|           8|
    |or_ln184_902_fu_14569_p2   |    or    |      0|  0|   10|          10|           8|
    |or_ln184_903_fu_14649_p2   |    or    |      0|  0|   10|          10|           8|
    |or_ln184_904_fu_14663_p2   |    or    |      0|  0|   10|          10|           8|
    |or_ln184_905_fu_14743_p2   |    or    |      0|  0|   10|          10|           8|
    |or_ln184_906_fu_14757_p2   |    or    |      0|  0|   10|          10|           8|
    |or_ln184_907_fu_14837_p2   |    or    |      0|  0|   10|          10|           8|
    |or_ln184_908_fu_14851_p2   |    or    |      0|  0|   10|          10|           8|
    |or_ln184_909_fu_14931_p2   |    or    |      0|  0|   10|          10|           8|
    |or_ln184_910_fu_14945_p2   |    or    |      0|  0|   10|          10|           8|
    |or_ln184_911_fu_15025_p2   |    or    |      0|  0|   10|          10|           8|
    |or_ln184_912_fu_15039_p2   |    or    |      0|  0|   10|          10|           8|
    |or_ln184_913_fu_15119_p2   |    or    |      0|  0|   10|          10|           8|
    |or_ln184_914_fu_15133_p2   |    or    |      0|  0|   10|          10|           8|
    |or_ln184_915_fu_15213_p2   |    or    |      0|  0|   10|          10|           8|
    |or_ln184_916_fu_15227_p2   |    or    |      0|  0|   10|          10|           8|
    |or_ln184_917_fu_15307_p2   |    or    |      0|  0|   10|          10|           8|
    |or_ln184_918_fu_15321_p2   |    or    |      0|  0|   10|          10|           8|
    |or_ln184_919_fu_15401_p2   |    or    |      0|  0|   10|          10|           8|
    |or_ln184_920_fu_15415_p2   |    or    |      0|  0|   10|          10|           8|
    |or_ln184_921_fu_15495_p2   |    or    |      0|  0|   10|          10|           8|
    |or_ln184_922_fu_15509_p2   |    or    |      0|  0|   10|          10|           8|
    |or_ln184_923_fu_15589_p2   |    or    |      0|  0|   10|          10|           8|
    |or_ln184_924_fu_15603_p2   |    or    |      0|  0|   10|          10|           8|
    |or_ln184_925_fu_15683_p2   |    or    |      0|  0|   10|          10|           8|
    |or_ln184_926_fu_15697_p2   |    or    |      0|  0|   10|          10|           8|
    |or_ln184_927_fu_15777_p2   |    or    |      0|  0|   10|          10|           8|
    |or_ln184_928_fu_15791_p2   |    or    |      0|  0|   10|          10|           8|
    |or_ln184_929_fu_15871_p2   |    or    |      0|  0|   10|          10|           8|
    |or_ln184_930_fu_15885_p2   |    or    |      0|  0|   10|          10|           8|
    |or_ln184_931_fu_15965_p2   |    or    |      0|  0|   10|          10|           8|
    |or_ln184_932_fu_15979_p2   |    or    |      0|  0|   10|          10|           8|
    |or_ln184_933_fu_16059_p2   |    or    |      0|  0|   10|          10|           8|
    |or_ln184_934_fu_16073_p2   |    or    |      0|  0|   10|          10|           8|
    |or_ln184_935_fu_16153_p2   |    or    |      0|  0|   10|          10|           8|
    |or_ln184_936_fu_16167_p2   |    or    |      0|  0|   10|          10|           8|
    |or_ln184_937_fu_16247_p2   |    or    |      0|  0|   10|          10|           8|
    |or_ln184_938_fu_16261_p2   |    or    |      0|  0|   10|          10|           8|
    |or_ln184_939_fu_16341_p2   |    or    |      0|  0|   10|          10|           8|
    |or_ln184_940_fu_16355_p2   |    or    |      0|  0|   10|          10|           8|
    |or_ln184_941_fu_16435_p2   |    or    |      0|  0|   10|          10|           8|
    |or_ln184_942_fu_16449_p2   |    or    |      0|  0|   10|          10|           8|
    |or_ln184_943_fu_16529_p2   |    or    |      0|  0|   10|          10|           8|
    |or_ln184_944_fu_16543_p2   |    or    |      0|  0|   10|          10|           8|
    |or_ln184_945_fu_16623_p2   |    or    |      0|  0|   10|          10|           8|
    |or_ln184_946_fu_16637_p2   |    or    |      0|  0|   10|          10|           8|
    |or_ln184_947_fu_16717_p2   |    or    |      0|  0|   10|          10|           8|
    |or_ln184_948_fu_16731_p2   |    or    |      0|  0|   10|          10|           8|
    |or_ln184_949_fu_16811_p2   |    or    |      0|  0|   10|          10|           8|
    |or_ln184_950_fu_16825_p2   |    or    |      0|  0|   10|          10|           8|
    |or_ln184_951_fu_16905_p2   |    or    |      0|  0|   10|          10|           8|
    |or_ln184_952_fu_16919_p2   |    or    |      0|  0|   10|          10|           8|
    |or_ln184_953_fu_16999_p2   |    or    |      0|  0|   10|          10|           8|
    |or_ln184_954_fu_17013_p2   |    or    |      0|  0|   10|          10|           8|
    |or_ln184_955_fu_17093_p2   |    or    |      0|  0|   10|          10|           8|
    |or_ln184_956_fu_17107_p2   |    or    |      0|  0|   10|          10|           8|
    |or_ln184_957_fu_17187_p2   |    or    |      0|  0|   10|          10|           8|
    |or_ln184_958_fu_17201_p2   |    or    |      0|  0|   10|          10|           8|
    |or_ln184_959_fu_17281_p2   |    or    |      0|  0|   10|          10|           8|
    |or_ln184_960_fu_17295_p2   |    or    |      0|  0|   10|          10|           8|
    |or_ln184_961_fu_17375_p2   |    or    |      0|  0|   10|          10|           8|
    |or_ln184_962_fu_17389_p2   |    or    |      0|  0|   10|          10|           8|
    |or_ln184_963_fu_17469_p2   |    or    |      0|  0|   10|          10|           8|
    |or_ln184_964_fu_17483_p2   |    or    |      0|  0|   10|          10|           8|
    |or_ln184_965_fu_17563_p2   |    or    |      0|  0|   10|          10|           8|
    |or_ln184_966_fu_17577_p2   |    or    |      0|  0|   10|          10|           8|
    |or_ln184_967_fu_17657_p2   |    or    |      0|  0|   10|          10|           8|
    |or_ln184_968_fu_17671_p2   |    or    |      0|  0|   10|          10|           8|
    |or_ln184_969_fu_17751_p2   |    or    |      0|  0|   10|          10|           8|
    |or_ln184_970_fu_17765_p2   |    or    |      0|  0|   10|          10|           8|
    |or_ln184_971_fu_17845_p2   |    or    |      0|  0|   10|          10|           8|
    |or_ln184_972_fu_17859_p2   |    or    |      0|  0|   10|          10|           8|
    |or_ln184_973_fu_17939_p2   |    or    |      0|  0|   10|          10|           8|
    |or_ln184_974_fu_17953_p2   |    or    |      0|  0|   10|          10|           8|
    |or_ln184_975_fu_18033_p2   |    or    |      0|  0|   10|          10|           8|
    |or_ln184_976_fu_18047_p2   |    or    |      0|  0|   10|          10|           8|
    |or_ln184_977_fu_18127_p2   |    or    |      0|  0|   10|          10|           8|
    |or_ln184_978_fu_18141_p2   |    or    |      0|  0|   10|          10|           8|
    |or_ln184_979_fu_18221_p2   |    or    |      0|  0|   10|          10|           8|
    |or_ln184_980_fu_18235_p2   |    or    |      0|  0|   10|          10|           8|
    |or_ln184_981_fu_18315_p2   |    or    |      0|  0|   10|          10|           8|
    |or_ln184_982_fu_18329_p2   |    or    |      0|  0|   10|          10|           8|
    |or_ln184_983_fu_18409_p2   |    or    |      0|  0|   10|          10|           8|
    |or_ln184_984_fu_18423_p2   |    or    |      0|  0|   10|          10|           8|
    |or_ln184_985_fu_18503_p2   |    or    |      0|  0|   10|          10|           8|
    |or_ln184_986_fu_18517_p2   |    or    |      0|  0|   10|          10|           8|
    |or_ln184_987_fu_18597_p2   |    or    |      0|  0|   10|          10|           8|
    |or_ln184_988_fu_18611_p2   |    or    |      0|  0|   10|          10|           8|
    |or_ln184_989_fu_18691_p2   |    or    |      0|  0|   10|          10|           8|
    |or_ln184_990_fu_18705_p2   |    or    |      0|  0|   10|          10|           8|
    |or_ln184_991_fu_18785_p2   |    or    |      0|  0|   10|          10|           8|
    |or_ln184_992_fu_18799_p2   |    or    |      0|  0|   10|          10|           8|
    |or_ln184_993_fu_18879_p2   |    or    |      0|  0|   10|          10|           8|
    |or_ln184_994_fu_18893_p2   |    or    |      0|  0|   10|          10|           8|
    |or_ln184_995_fu_18973_p2   |    or    |      0|  0|   10|          10|           8|
    |or_ln184_996_fu_18987_p2   |    or    |      0|  0|   10|          10|           8|
    |or_ln184_997_fu_19067_p2   |    or    |      0|  0|   10|          10|           8|
    |or_ln184_998_fu_19081_p2   |    or    |      0|  0|   10|          10|           8|
    |or_ln184_999_fu_19161_p2   |    or    |      0|  0|   10|          10|           8|
    |or_ln184_fu_8026_p2        |    or    |      0|  0|   12|          12|           1|
    +---------------------------+----------+-------+---+-----+------------+------------+
    |Total                      |          |    512|  0|10986|       11498|       11778|
    +---------------------------+----------+-------+---+-----+------------+------------+

    * Multiplexer: 
    +---------------------------------------+-----+-----------+-----+-----------+
    |                  Name                 | LUT | Input Size| Bits| Total Bits|
    +---------------------------------------+-----+-----------+-----+-----------+
    |a_coeffs_address0                      |  581|        129|   12|       1548|
    |a_coeffs_address1                      |  581|        129|   12|       1548|
    |ap_NS_fsm                              |  585|        130|    1|        130|
    |b_coeffs_address0                      |  581|        129|   10|       1290|
    |b_coeffs_address1                      |  581|        129|   10|       1290|
    |c_coeffs_address0                      |  581|        129|   10|       1290|
    |c_coeffs_address1                      |  581|        129|   10|       1290|
    |grp_pqcrystals_dilithium_22_fu_8001_a  |  581|        129|   64|       8256|
    |grp_pqcrystals_dilithium_22_fu_8007_a  |  581|        129|   64|       8256|
    +---------------------------------------+-----+-----------+-----+-----------+
    |Total                                  | 5233|       1162|  193|      24898|
    +---------------------------------------+-----+-----------+-----+-----------+

    * Register: 
    +--------------------+-----+----+-----+-----------+
    |        Name        |  FF | LUT| Bits| Const Bits|
    +--------------------+-----+----+-----+-----------+
    |ap_CS_fsm           |  129|   0|  129|          0|
    |tmp_1978_reg_20055  |    2|   0|   12|         10|
    |tmp_2234_reg_20343  |    2|   0|   10|          8|
    +--------------------+-----+----+-----+-----------+
    |Total               |  133|   0|  151|         18|
    +--------------------+-----+----+-----+-----------+



================================================================
== Interface
================================================================
* Summary: 
+-------------------+-----+-----+------------+-------------------------+--------------+
|     RTL Ports     | Dir | Bits|  Protocol  |      Source Object      |    C Type    |
+-------------------+-----+-----+------------+-------------------------+--------------+
|ap_clk             |  in |    1| ap_ctrl_hs | pqcrystals_dilithium.14 | return value |
|ap_rst             |  in |    1| ap_ctrl_hs | pqcrystals_dilithium.14 | return value |
|ap_start           |  in |    1| ap_ctrl_hs | pqcrystals_dilithium.14 | return value |
|ap_done            | out |    1| ap_ctrl_hs | pqcrystals_dilithium.14 | return value |
|ap_idle            | out |    1| ap_ctrl_hs | pqcrystals_dilithium.14 | return value |
|ap_ready           | out |    1| ap_ctrl_hs | pqcrystals_dilithium.14 | return value |
|c_coeffs_address0  | out |   10|  ap_memory |         c_coeffs        |     array    |
|c_coeffs_ce0       | out |    1|  ap_memory |         c_coeffs        |     array    |
|c_coeffs_we0       | out |    1|  ap_memory |         c_coeffs        |     array    |
|c_coeffs_d0        | out |   32|  ap_memory |         c_coeffs        |     array    |
|c_coeffs_address1  | out |   10|  ap_memory |         c_coeffs        |     array    |
|c_coeffs_ce1       | out |    1|  ap_memory |         c_coeffs        |     array    |
|c_coeffs_we1       | out |    1|  ap_memory |         c_coeffs        |     array    |
|c_coeffs_d1        | out |   32|  ap_memory |         c_coeffs        |     array    |
|c_coeffs_offset    |  in |    2|   ap_none  |     c_coeffs_offset     |    scalar    |
|a_coeffs_address0  | out |   12|  ap_memory |         a_coeffs        |     array    |
|a_coeffs_ce0       | out |    1|  ap_memory |         a_coeffs        |     array    |
|a_coeffs_q0        |  in |   23|  ap_memory |         a_coeffs        |     array    |
|a_coeffs_address1  | out |   12|  ap_memory |         a_coeffs        |     array    |
|a_coeffs_ce1       | out |    1|  ap_memory |         a_coeffs        |     array    |
|a_coeffs_q1        |  in |   23|  ap_memory |         a_coeffs        |     array    |
|a_coeffs_offset    |  in |    2|   ap_none  |     a_coeffs_offset     |    scalar    |
|b_coeffs_address0  | out |   10|  ap_memory |         b_coeffs        |     array    |
|b_coeffs_ce0       | out |    1|  ap_memory |         b_coeffs        |     array    |
|b_coeffs_q0        |  in |   32|  ap_memory |         b_coeffs        |     array    |
|b_coeffs_address1  | out |   10|  ap_memory |         b_coeffs        |     array    |
|b_coeffs_ce1       | out |    1|  ap_memory |         b_coeffs        |     array    |
|b_coeffs_q1        |  in |   32|  ap_memory |         b_coeffs        |     array    |
+-------------------+-----+-----+------------+-------------------------+--------------+

