

================================================================
== Vivado HLS Report for 'pqcrystals_dilithium_11'
================================================================
* Date:           Sat Apr  8 18:47:03 2023

* Version:        2019.2 (Build 2704478 on Wed Nov 06 22:10:23 MST 2019)
* Project:        crypto_sign
* Solution:       solution1
* Product family: artix7
* Target device:  xc7a200t-fbg676-2


================================================================
== Performance Estimates
================================================================
+ Timing: 
    * Summary: 
    +--------+----------+----------+------------+
    |  Clock |  Target  | Estimated| Uncertainty|
    +--------+----------+----------+------------+
    |ap_clk  | 10.00 us | 4.952 ns |   1.25 us  |
    +--------+----------+----------+------------+

+ Latency: 
    * Summary: 
    +---------+---------+----------+----------+-----+-----+---------+
    |  Latency (cycles) |  Latency (absolute) |  Interval | Pipeline|
    |   min   |   max   |    min   |    max   | min | max |   Type  |
    +---------+---------+----------+----------+-----+-----+---------+
    |      255|      255| 2.550 ms | 2.550 ms |  255|  255|   none  |
    +---------+---------+----------+----------+-----+-----+---------+

    + Detail: 
        * Instance: 
        N/A

        * Loop: 
        N/A



================================================================
== Utilization Estimates
================================================================
* Summary: 
+-----------------+---------+-------+--------+--------+-----+
|       Name      | BRAM_18K| DSP48E|   FF   |   LUT  | URAM|
+-----------------+---------+-------+--------+--------+-----+
|DSP              |        -|      -|       -|       -|    -|
|Expression       |        -|      -|       0|    2883|    -|
|FIFO             |        -|      -|       -|       -|    -|
|Instance         |        -|      -|       -|       -|    -|
|Memory           |        -|      -|       -|       -|    -|
|Multiplexer      |        -|      -|       -|    5771|    -|
|Register         |        -|      -|    8899|       -|    -|
+-----------------+---------+-------+--------+--------+-----+
|Total            |        0|      0|    8899|    8654|    0|
+-----------------+---------+-------+--------+--------+-----+
|Available        |      730|    740|  269200|  134600|    0|
+-----------------+---------+-------+--------+--------+-----+
|Utilization (%)  |        0|      0|       3|       6|    0|
+-----------------+---------+-------+--------+--------+-----+

+ Detail: 
    * Instance: 
    N/A

    * DSP48E: 
    N/A

    * Memory: 
    N/A

    * FIFO: 
    N/A

    * Expression: 
    +-------------------------+----------+-------+---+----+------------+------------+
    |      Variable Name      | Operation| DSP48E| FF| LUT| Bitwidth P0| Bitwidth P1|
    +-------------------------+----------+-------+---+----+------------+------------+
    |grp_fu_4648_p2           |     -    |      0|  0|  39|          32|          32|
    |grp_fu_4654_p2           |     -    |      0|  0|  39|          32|          32|
    |or_ln110_100_fu_6185_p2  |    or    |      0|  0|  11|          11|           7|
    |or_ln110_101_fu_6200_p2  |    or    |      0|  0|  11|          11|           7|
    |or_ln110_102_fu_6215_p2  |    or    |      0|  0|  11|          11|           7|
    |or_ln110_103_fu_6230_p2  |    or    |      0|  0|  11|          11|           7|
    |or_ln110_104_fu_6245_p2  |    or    |      0|  0|  11|          11|           7|
    |or_ln110_105_fu_6260_p2  |    or    |      0|  0|  11|          11|           7|
    |or_ln110_106_fu_6275_p2  |    or    |      0|  0|  11|          11|           7|
    |or_ln110_107_fu_6290_p2  |    or    |      0|  0|  11|          11|           7|
    |or_ln110_108_fu_6305_p2  |    or    |      0|  0|  11|          11|           7|
    |or_ln110_109_fu_6320_p2  |    or    |      0|  0|  11|          11|           7|
    |or_ln110_10_fu_4835_p2   |    or    |      0|  0|  11|          11|           4|
    |or_ln110_110_fu_6335_p2  |    or    |      0|  0|  11|          11|           7|
    |or_ln110_111_fu_6350_p2  |    or    |      0|  0|  11|          11|           7|
    |or_ln110_112_fu_6365_p2  |    or    |      0|  0|  11|          11|           7|
    |or_ln110_113_fu_6380_p2  |    or    |      0|  0|  11|          11|           7|
    |or_ln110_114_fu_6395_p2  |    or    |      0|  0|  11|          11|           7|
    |or_ln110_115_fu_6410_p2  |    or    |      0|  0|  11|          11|           7|
    |or_ln110_116_fu_6425_p2  |    or    |      0|  0|  11|          11|           7|
    |or_ln110_117_fu_6440_p2  |    or    |      0|  0|  11|          11|           7|
    |or_ln110_118_fu_6455_p2  |    or    |      0|  0|  11|          11|           7|
    |or_ln110_119_fu_6470_p2  |    or    |      0|  0|  11|          11|           7|
    |or_ln110_11_fu_4850_p2   |    or    |      0|  0|  11|          11|           4|
    |or_ln110_120_fu_6485_p2  |    or    |      0|  0|  11|          11|           7|
    |or_ln110_121_fu_6500_p2  |    or    |      0|  0|  11|          11|           7|
    |or_ln110_122_fu_6515_p2  |    or    |      0|  0|  11|          11|           7|
    |or_ln110_123_fu_6530_p2  |    or    |      0|  0|  11|          11|           7|
    |or_ln110_124_fu_6545_p2  |    or    |      0|  0|  11|          11|           7|
    |or_ln110_125_fu_6560_p2  |    or    |      0|  0|  11|          11|           7|
    |or_ln110_126_fu_6575_p2  |    or    |      0|  0|  11|          11|           7|
    |or_ln110_127_fu_6590_p2  |    or    |      0|  0|  11|          11|           8|
    |or_ln110_128_fu_6605_p2  |    or    |      0|  0|  11|          11|           8|
    |or_ln110_129_fu_6620_p2  |    or    |      0|  0|  11|          11|           8|
    |or_ln110_12_fu_4865_p2   |    or    |      0|  0|  11|          11|           4|
    |or_ln110_130_fu_6635_p2  |    or    |      0|  0|  11|          11|           8|
    |or_ln110_131_fu_6650_p2  |    or    |      0|  0|  11|          11|           8|
    |or_ln110_132_fu_6665_p2  |    or    |      0|  0|  11|          11|           8|
    |or_ln110_133_fu_6680_p2  |    or    |      0|  0|  11|          11|           8|
    |or_ln110_134_fu_6695_p2  |    or    |      0|  0|  11|          11|           8|
    |or_ln110_135_fu_6710_p2  |    or    |      0|  0|  11|          11|           8|
    |or_ln110_136_fu_6725_p2  |    or    |      0|  0|  11|          11|           8|
    |or_ln110_137_fu_6740_p2  |    or    |      0|  0|  11|          11|           8|
    |or_ln110_138_fu_6755_p2  |    or    |      0|  0|  11|          11|           8|
    |or_ln110_139_fu_6770_p2  |    or    |      0|  0|  11|          11|           8|
    |or_ln110_13_fu_4880_p2   |    or    |      0|  0|  11|          11|           4|
    |or_ln110_140_fu_6785_p2  |    or    |      0|  0|  11|          11|           8|
    |or_ln110_141_fu_6800_p2  |    or    |      0|  0|  11|          11|           8|
    |or_ln110_142_fu_6815_p2  |    or    |      0|  0|  11|          11|           8|
    |or_ln110_143_fu_6830_p2  |    or    |      0|  0|  11|          11|           8|
    |or_ln110_144_fu_6845_p2  |    or    |      0|  0|  11|          11|           8|
    |or_ln110_145_fu_6860_p2  |    or    |      0|  0|  11|          11|           8|
    |or_ln110_146_fu_6875_p2  |    or    |      0|  0|  11|          11|           8|
    |or_ln110_147_fu_6890_p2  |    or    |      0|  0|  11|          11|           8|
    |or_ln110_148_fu_6905_p2  |    or    |      0|  0|  11|          11|           8|
    |or_ln110_149_fu_6920_p2  |    or    |      0|  0|  11|          11|           8|
    |or_ln110_14_fu_4895_p2   |    or    |      0|  0|  11|          11|           4|
    |or_ln110_150_fu_6935_p2  |    or    |      0|  0|  11|          11|           8|
    |or_ln110_151_fu_6950_p2  |    or    |      0|  0|  11|          11|           8|
    |or_ln110_152_fu_6965_p2  |    or    |      0|  0|  11|          11|           8|
    |or_ln110_153_fu_6980_p2  |    or    |      0|  0|  11|          11|           8|
    |or_ln110_154_fu_6995_p2  |    or    |      0|  0|  11|          11|           8|
    |or_ln110_155_fu_7010_p2  |    or    |      0|  0|  11|          11|           8|
    |or_ln110_156_fu_7025_p2  |    or    |      0|  0|  11|          11|           8|
    |or_ln110_157_fu_7040_p2  |    or    |      0|  0|  11|          11|           8|
    |or_ln110_158_fu_7055_p2  |    or    |      0|  0|  11|          11|           8|
    |or_ln110_159_fu_7070_p2  |    or    |      0|  0|  11|          11|           8|
    |or_ln110_15_fu_4910_p2   |    or    |      0|  0|  11|          11|           5|
    |or_ln110_160_fu_7085_p2  |    or    |      0|  0|  11|          11|           8|
    |or_ln110_161_fu_7100_p2  |    or    |      0|  0|  11|          11|           8|
    |or_ln110_162_fu_7115_p2  |    or    |      0|  0|  11|          11|           8|
    |or_ln110_163_fu_7130_p2  |    or    |      0|  0|  11|          11|           8|
    |or_ln110_164_fu_7145_p2  |    or    |      0|  0|  11|          11|           8|
    |or_ln110_165_fu_7160_p2  |    or    |      0|  0|  11|          11|           8|
    |or_ln110_166_fu_7175_p2  |    or    |      0|  0|  11|          11|           8|
    |or_ln110_167_fu_7190_p2  |    or    |      0|  0|  11|          11|           8|
    |or_ln110_168_fu_7205_p2  |    or    |      0|  0|  11|          11|           8|
    |or_ln110_169_fu_7220_p2  |    or    |      0|  0|  11|          11|           8|
    |or_ln110_16_fu_4925_p2   |    or    |      0|  0|  11|          11|           5|
    |or_ln110_170_fu_7235_p2  |    or    |      0|  0|  11|          11|           8|
    |or_ln110_171_fu_7250_p2  |    or    |      0|  0|  11|          11|           8|
    |or_ln110_172_fu_7265_p2  |    or    |      0|  0|  11|          11|           8|
    |or_ln110_173_fu_7280_p2  |    or    |      0|  0|  11|          11|           8|
    |or_ln110_174_fu_7295_p2  |    or    |      0|  0|  11|          11|           8|
    |or_ln110_175_fu_7310_p2  |    or    |      0|  0|  11|          11|           8|
    |or_ln110_176_fu_7325_p2  |    or    |      0|  0|  11|          11|           8|
    |or_ln110_177_fu_7340_p2  |    or    |      0|  0|  11|          11|           8|
    |or_ln110_178_fu_7355_p2  |    or    |      0|  0|  11|          11|           8|
    |or_ln110_179_fu_7370_p2  |    or    |      0|  0|  11|          11|           8|
    |or_ln110_17_fu_4940_p2   |    or    |      0|  0|  11|          11|           5|
    |or_ln110_180_fu_7385_p2  |    or    |      0|  0|  11|          11|           8|
    |or_ln110_181_fu_7400_p2  |    or    |      0|  0|  11|          11|           8|
    |or_ln110_182_fu_7415_p2  |    or    |      0|  0|  11|          11|           8|
    |or_ln110_183_fu_7430_p2  |    or    |      0|  0|  11|          11|           8|
    |or_ln110_184_fu_7445_p2  |    or    |      0|  0|  11|          11|           8|
    |or_ln110_185_fu_7460_p2  |    or    |      0|  0|  11|          11|           8|
    |or_ln110_186_fu_7475_p2  |    or    |      0|  0|  11|          11|           8|
    |or_ln110_187_fu_7490_p2  |    or    |      0|  0|  11|          11|           8|
    |or_ln110_188_fu_7505_p2  |    or    |      0|  0|  11|          11|           8|
    |or_ln110_189_fu_7520_p2  |    or    |      0|  0|  11|          11|           8|
    |or_ln110_18_fu_4955_p2   |    or    |      0|  0|  11|          11|           5|
    |or_ln110_190_fu_7535_p2  |    or    |      0|  0|  11|          11|           8|
    |or_ln110_191_fu_7550_p2  |    or    |      0|  0|  11|          11|           8|
    |or_ln110_192_fu_7565_p2  |    or    |      0|  0|  11|          11|           8|
    |or_ln110_193_fu_7580_p2  |    or    |      0|  0|  11|          11|           8|
    |or_ln110_194_fu_7595_p2  |    or    |      0|  0|  11|          11|           8|
    |or_ln110_195_fu_7610_p2  |    or    |      0|  0|  11|          11|           8|
    |or_ln110_196_fu_7625_p2  |    or    |      0|  0|  11|          11|           8|
    |or_ln110_197_fu_7640_p2  |    or    |      0|  0|  11|          11|           8|
    |or_ln110_198_fu_7655_p2  |    or    |      0|  0|  11|          11|           8|
    |or_ln110_199_fu_7670_p2  |    or    |      0|  0|  11|          11|           8|
    |or_ln110_19_fu_4970_p2   |    or    |      0|  0|  11|          11|           5|
    |or_ln110_1_fu_4700_p2    |    or    |      0|  0|  11|          11|           2|
    |or_ln110_200_fu_7685_p2  |    or    |      0|  0|  11|          11|           8|
    |or_ln110_201_fu_7700_p2  |    or    |      0|  0|  11|          11|           8|
    |or_ln110_202_fu_7715_p2  |    or    |      0|  0|  11|          11|           8|
    |or_ln110_203_fu_7730_p2  |    or    |      0|  0|  11|          11|           8|
    |or_ln110_204_fu_7745_p2  |    or    |      0|  0|  11|          11|           8|
    |or_ln110_205_fu_7760_p2  |    or    |      0|  0|  11|          11|           8|
    |or_ln110_206_fu_7775_p2  |    or    |      0|  0|  11|          11|           8|
    |or_ln110_207_fu_7790_p2  |    or    |      0|  0|  11|          11|           8|
    |or_ln110_208_fu_7805_p2  |    or    |      0|  0|  11|          11|           8|
    |or_ln110_209_fu_7820_p2  |    or    |      0|  0|  11|          11|           8|
    |or_ln110_20_fu_4985_p2   |    or    |      0|  0|  11|          11|           5|
    |or_ln110_210_fu_7835_p2  |    or    |      0|  0|  11|          11|           8|
    |or_ln110_211_fu_7850_p2  |    or    |      0|  0|  11|          11|           8|
    |or_ln110_212_fu_7865_p2  |    or    |      0|  0|  11|          11|           8|
    |or_ln110_213_fu_7880_p2  |    or    |      0|  0|  11|          11|           8|
    |or_ln110_214_fu_7895_p2  |    or    |      0|  0|  11|          11|           8|
    |or_ln110_215_fu_7910_p2  |    or    |      0|  0|  11|          11|           8|
    |or_ln110_216_fu_7925_p2  |    or    |      0|  0|  11|          11|           8|
    |or_ln110_217_fu_7940_p2  |    or    |      0|  0|  11|          11|           8|
    |or_ln110_218_fu_7955_p2  |    or    |      0|  0|  11|          11|           8|
    |or_ln110_219_fu_7970_p2  |    or    |      0|  0|  11|          11|           8|
    |or_ln110_21_fu_5000_p2   |    or    |      0|  0|  11|          11|           5|
    |or_ln110_220_fu_7985_p2  |    or    |      0|  0|  11|          11|           8|
    |or_ln110_221_fu_8000_p2  |    or    |      0|  0|  11|          11|           8|
    |or_ln110_222_fu_8015_p2  |    or    |      0|  0|  11|          11|           8|
    |or_ln110_223_fu_8030_p2  |    or    |      0|  0|  11|          11|           8|
    |or_ln110_224_fu_8045_p2  |    or    |      0|  0|  11|          11|           8|
    |or_ln110_225_fu_8060_p2  |    or    |      0|  0|  11|          11|           8|
    |or_ln110_226_fu_8075_p2  |    or    |      0|  0|  11|          11|           8|
    |or_ln110_227_fu_8090_p2  |    or    |      0|  0|  11|          11|           8|
    |or_ln110_228_fu_8105_p2  |    or    |      0|  0|  11|          11|           8|
    |or_ln110_229_fu_8120_p2  |    or    |      0|  0|  11|          11|           8|
    |or_ln110_22_fu_5015_p2   |    or    |      0|  0|  11|          11|           5|
    |or_ln110_230_fu_8135_p2  |    or    |      0|  0|  11|          11|           8|
    |or_ln110_231_fu_8150_p2  |    or    |      0|  0|  11|          11|           8|
    |or_ln110_232_fu_8165_p2  |    or    |      0|  0|  11|          11|           8|
    |or_ln110_233_fu_8180_p2  |    or    |      0|  0|  11|          11|           8|
    |or_ln110_234_fu_8195_p2  |    or    |      0|  0|  11|          11|           8|
    |or_ln110_235_fu_8210_p2  |    or    |      0|  0|  11|          11|           8|
    |or_ln110_236_fu_8225_p2  |    or    |      0|  0|  11|          11|           8|
    |or_ln110_237_fu_8240_p2  |    or    |      0|  0|  11|          11|           8|
    |or_ln110_238_fu_8255_p2  |    or    |      0|  0|  11|          11|           8|
    |or_ln110_239_fu_8270_p2  |    or    |      0|  0|  11|          11|           8|
    |or_ln110_23_fu_5030_p2   |    or    |      0|  0|  11|          11|           5|
    |or_ln110_240_fu_8285_p2  |    or    |      0|  0|  11|          11|           8|
    |or_ln110_241_fu_8300_p2  |    or    |      0|  0|  11|          11|           8|
    |or_ln110_242_fu_8315_p2  |    or    |      0|  0|  11|          11|           8|
    |or_ln110_243_fu_8330_p2  |    or    |      0|  0|  11|          11|           8|
    |or_ln110_244_fu_8345_p2  |    or    |      0|  0|  11|          11|           8|
    |or_ln110_245_fu_8360_p2  |    or    |      0|  0|  11|          11|           8|
    |or_ln110_246_fu_8375_p2  |    or    |      0|  0|  11|          11|           8|
    |or_ln110_247_fu_8390_p2  |    or    |      0|  0|  11|          11|           8|
    |or_ln110_248_fu_8405_p2  |    or    |      0|  0|  11|          11|           8|
    |or_ln110_249_fu_8420_p2  |    or    |      0|  0|  11|          11|           8|
    |or_ln110_24_fu_5045_p2   |    or    |      0|  0|  11|          11|           5|
    |or_ln110_250_fu_8435_p2  |    or    |      0|  0|  11|          11|           8|
    |or_ln110_251_fu_8450_p2  |    or    |      0|  0|  11|          11|           8|
    |or_ln110_252_fu_8465_p2  |    or    |      0|  0|  11|          11|           8|
    |or_ln110_253_fu_8480_p2  |    or    |      0|  0|  11|          11|           8|
    |or_ln110_254_fu_8495_p2  |    or    |      0|  0|  11|          11|           8|
    |or_ln110_25_fu_5060_p2   |    or    |      0|  0|  11|          11|           5|
    |or_ln110_26_fu_5075_p2   |    or    |      0|  0|  11|          11|           5|
    |or_ln110_27_fu_5090_p2   |    or    |      0|  0|  11|          11|           5|
    |or_ln110_28_fu_5105_p2   |    or    |      0|  0|  11|          11|           5|
    |or_ln110_29_fu_5120_p2   |    or    |      0|  0|  11|          11|           5|
    |or_ln110_2_fu_4715_p2    |    or    |      0|  0|  11|          11|           2|
    |or_ln110_30_fu_5135_p2   |    or    |      0|  0|  11|          11|           5|
    |or_ln110_31_fu_5150_p2   |    or    |      0|  0|  11|          11|           6|
    |or_ln110_32_fu_5165_p2   |    or    |      0|  0|  11|          11|           6|
    |or_ln110_33_fu_5180_p2   |    or    |      0|  0|  11|          11|           6|
    |or_ln110_34_fu_5195_p2   |    or    |      0|  0|  11|          11|           6|
    |or_ln110_35_fu_5210_p2   |    or    |      0|  0|  11|          11|           6|
    |or_ln110_36_fu_5225_p2   |    or    |      0|  0|  11|          11|           6|
    |or_ln110_37_fu_5240_p2   |    or    |      0|  0|  11|          11|           6|
    |or_ln110_38_fu_5255_p2   |    or    |      0|  0|  11|          11|           6|
    |or_ln110_39_fu_5270_p2   |    or    |      0|  0|  11|          11|           6|
    |or_ln110_3_fu_4730_p2    |    or    |      0|  0|  11|          11|           3|
    |or_ln110_40_fu_5285_p2   |    or    |      0|  0|  11|          11|           6|
    |or_ln110_41_fu_5300_p2   |    or    |      0|  0|  11|          11|           6|
    |or_ln110_42_fu_5315_p2   |    or    |      0|  0|  11|          11|           6|
    |or_ln110_43_fu_5330_p2   |    or    |      0|  0|  11|          11|           6|
    |or_ln110_44_fu_5345_p2   |    or    |      0|  0|  11|          11|           6|
    |or_ln110_45_fu_5360_p2   |    or    |      0|  0|  11|          11|           6|
    |or_ln110_46_fu_5375_p2   |    or    |      0|  0|  11|          11|           6|
    |or_ln110_47_fu_5390_p2   |    or    |      0|  0|  11|          11|           6|
    |or_ln110_48_fu_5405_p2   |    or    |      0|  0|  11|          11|           6|
    |or_ln110_49_fu_5420_p2   |    or    |      0|  0|  11|          11|           6|
    |or_ln110_4_fu_4745_p2    |    or    |      0|  0|  11|          11|           3|
    |or_ln110_50_fu_5435_p2   |    or    |      0|  0|  11|          11|           6|
    |or_ln110_51_fu_5450_p2   |    or    |      0|  0|  11|          11|           6|
    |or_ln110_52_fu_5465_p2   |    or    |      0|  0|  11|          11|           6|
    |or_ln110_53_fu_5480_p2   |    or    |      0|  0|  11|          11|           6|
    |or_ln110_54_fu_5495_p2   |    or    |      0|  0|  11|          11|           6|
    |or_ln110_55_fu_5510_p2   |    or    |      0|  0|  11|          11|           6|
    |or_ln110_56_fu_5525_p2   |    or    |      0|  0|  11|          11|           6|
    |or_ln110_57_fu_5540_p2   |    or    |      0|  0|  11|          11|           6|
    |or_ln110_58_fu_5555_p2   |    or    |      0|  0|  11|          11|           6|
    |or_ln110_59_fu_5570_p2   |    or    |      0|  0|  11|          11|           6|
    |or_ln110_5_fu_4760_p2    |    or    |      0|  0|  11|          11|           3|
    |or_ln110_60_fu_5585_p2   |    or    |      0|  0|  11|          11|           6|
    |or_ln110_61_fu_5600_p2   |    or    |      0|  0|  11|          11|           6|
    |or_ln110_62_fu_5615_p2   |    or    |      0|  0|  11|          11|           6|
    |or_ln110_63_fu_5630_p2   |    or    |      0|  0|  11|          11|           7|
    |or_ln110_64_fu_5645_p2   |    or    |      0|  0|  11|          11|           7|
    |or_ln110_65_fu_5660_p2   |    or    |      0|  0|  11|          11|           7|
    |or_ln110_66_fu_5675_p2   |    or    |      0|  0|  11|          11|           7|
    |or_ln110_67_fu_5690_p2   |    or    |      0|  0|  11|          11|           7|
    |or_ln110_68_fu_5705_p2   |    or    |      0|  0|  11|          11|           7|
    |or_ln110_69_fu_5720_p2   |    or    |      0|  0|  11|          11|           7|
    |or_ln110_6_fu_4775_p2    |    or    |      0|  0|  11|          11|           3|
    |or_ln110_70_fu_5735_p2   |    or    |      0|  0|  11|          11|           7|
    |or_ln110_71_fu_5750_p2   |    or    |      0|  0|  11|          11|           7|
    |or_ln110_72_fu_5765_p2   |    or    |      0|  0|  11|          11|           7|
    |or_ln110_73_fu_5780_p2   |    or    |      0|  0|  11|          11|           7|
    |or_ln110_74_fu_5795_p2   |    or    |      0|  0|  11|          11|           7|
    |or_ln110_75_fu_5810_p2   |    or    |      0|  0|  11|          11|           7|
    |or_ln110_76_fu_5825_p2   |    or    |      0|  0|  11|          11|           7|
    |or_ln110_77_fu_5840_p2   |    or    |      0|  0|  11|          11|           7|
    |or_ln110_78_fu_5855_p2   |    or    |      0|  0|  11|          11|           7|
    |or_ln110_79_fu_5870_p2   |    or    |      0|  0|  11|          11|           7|
    |or_ln110_7_fu_4790_p2    |    or    |      0|  0|  11|          11|           4|
    |or_ln110_80_fu_5885_p2   |    or    |      0|  0|  11|          11|           7|
    |or_ln110_81_fu_5900_p2   |    or    |      0|  0|  11|          11|           7|
    |or_ln110_82_fu_5915_p2   |    or    |      0|  0|  11|          11|           7|
    |or_ln110_83_fu_5930_p2   |    or    |      0|  0|  11|          11|           7|
    |or_ln110_84_fu_5945_p2   |    or    |      0|  0|  11|          11|           7|
    |or_ln110_85_fu_5960_p2   |    or    |      0|  0|  11|          11|           7|
    |or_ln110_86_fu_5975_p2   |    or    |      0|  0|  11|          11|           7|
    |or_ln110_87_fu_5990_p2   |    or    |      0|  0|  11|          11|           7|
    |or_ln110_88_fu_6005_p2   |    or    |      0|  0|  11|          11|           7|
    |or_ln110_89_fu_6020_p2   |    or    |      0|  0|  11|          11|           7|
    |or_ln110_8_fu_4805_p2    |    or    |      0|  0|  11|          11|           4|
    |or_ln110_90_fu_6035_p2   |    or    |      0|  0|  11|          11|           7|
    |or_ln110_91_fu_6050_p2   |    or    |      0|  0|  11|          11|           7|
    |or_ln110_92_fu_6065_p2   |    or    |      0|  0|  11|          11|           7|
    |or_ln110_93_fu_6080_p2   |    or    |      0|  0|  11|          11|           7|
    |or_ln110_94_fu_6095_p2   |    or    |      0|  0|  11|          11|           7|
    |or_ln110_95_fu_6110_p2   |    or    |      0|  0|  11|          11|           7|
    |or_ln110_96_fu_6125_p2   |    or    |      0|  0|  11|          11|           7|
    |or_ln110_97_fu_6140_p2   |    or    |      0|  0|  11|          11|           7|
    |or_ln110_98_fu_6155_p2   |    or    |      0|  0|  11|          11|           7|
    |or_ln110_99_fu_6170_p2   |    or    |      0|  0|  11|          11|           7|
    |or_ln110_9_fu_4820_p2    |    or    |      0|  0|  11|          11|           4|
    |or_ln110_fu_4684_p2      |    or    |      0|  0|  11|          11|           1|
    +-------------------------+----------+-------+---+----+------------+------------+
    |Total                    |          |      0|  0|2883|        2869|        1857|
    +-------------------------+----------+-------+---+----+------------+------------+

    * Multiplexer: 
    +-------------------+------+-----------+-----+-----------+
    |        Name       |  LUT | Input Size| Bits| Total Bits|
    +-------------------+------+-----------+-----+-----------+
    |ap_NS_fsm          |  1173|        257|    1|        257|
    |b_coeffs_address0  |   581|        129|   10|       1290|
    |b_coeffs_address1  |   581|        129|   10|       1290|
    |c_coeffs_address0  |  1173|        257|   10|       2570|
    |c_coeffs_address1  |  1173|        257|   10|       2570|
    |c_coeffs_d0        |   545|        128|   32|       4096|
    |c_coeffs_d1        |   545|        128|   32|       4096|
    +-------------------+------+-----------+-----+-----------+
    |Total              |  5771|       1285|  105|      16169|
    +-------------------+------+-----------+-----+-----------+

    * Register: 
    +-----------------------------+-----+----+-----+-----------+
    |             Name            |  FF | LUT| Bits| Const Bits|
    +-----------------------------+-----+----+-----+-----------+
    |ap_CS_fsm                    |  256|   0|  256|          0|
    |c_coeffs_addr_511_reg_8773   |    2|   0|   10|          8|
    |c_coeffs_addr_512_reg_8788   |    2|   0|   10|          8|
    |c_coeffs_addr_513_reg_8793   |    2|   0|   10|          8|
    |c_coeffs_addr_514_reg_8808   |    2|   0|   10|          8|
    |c_coeffs_addr_515_reg_8813   |    2|   0|   10|          8|
    |c_coeffs_addr_516_reg_8838   |    2|   0|   10|          8|
    |c_coeffs_addr_517_reg_8843   |    2|   0|   10|          8|
    |c_coeffs_addr_518_reg_8868   |    2|   0|   10|          8|
    |c_coeffs_addr_519_reg_8873   |    2|   0|   10|          8|
    |c_coeffs_addr_520_reg_8898   |    2|   0|   10|          8|
    |c_coeffs_addr_521_reg_8903   |    2|   0|   10|          8|
    |c_coeffs_addr_522_reg_8928   |    2|   0|   10|          8|
    |c_coeffs_addr_523_reg_8933   |    2|   0|   10|          8|
    |c_coeffs_addr_524_reg_8958   |    2|   0|   10|          8|
    |c_coeffs_addr_525_reg_8963   |    2|   0|   10|          8|
    |c_coeffs_addr_526_reg_8988   |    2|   0|   10|          8|
    |c_coeffs_addr_527_reg_8993   |    2|   0|   10|          8|
    |c_coeffs_addr_528_reg_9018   |    2|   0|   10|          8|
    |c_coeffs_addr_529_reg_9023   |    2|   0|   10|          8|
    |c_coeffs_addr_530_reg_9048   |    2|   0|   10|          8|
    |c_coeffs_addr_531_reg_9053   |    2|   0|   10|          8|
    |c_coeffs_addr_532_reg_9078   |    2|   0|   10|          8|
    |c_coeffs_addr_533_reg_9083   |    2|   0|   10|          8|
    |c_coeffs_addr_534_reg_9108   |    2|   0|   10|          8|
    |c_coeffs_addr_535_reg_9113   |    2|   0|   10|          8|
    |c_coeffs_addr_536_reg_9138   |    2|   0|   10|          8|
    |c_coeffs_addr_537_reg_9143   |    2|   0|   10|          8|
    |c_coeffs_addr_538_reg_9168   |    2|   0|   10|          8|
    |c_coeffs_addr_539_reg_9173   |    2|   0|   10|          8|
    |c_coeffs_addr_540_reg_9198   |    2|   0|   10|          8|
    |c_coeffs_addr_541_reg_9203   |    2|   0|   10|          8|
    |c_coeffs_addr_542_reg_9228   |    2|   0|   10|          8|
    |c_coeffs_addr_543_reg_9233   |    2|   0|   10|          8|
    |c_coeffs_addr_544_reg_9258   |    2|   0|   10|          8|
    |c_coeffs_addr_545_reg_9263   |    2|   0|   10|          8|
    |c_coeffs_addr_546_reg_9288   |    2|   0|   10|          8|
    |c_coeffs_addr_547_reg_9293   |    2|   0|   10|          8|
    |c_coeffs_addr_548_reg_9318   |    2|   0|   10|          8|
    |c_coeffs_addr_549_reg_9323   |    2|   0|   10|          8|
    |c_coeffs_addr_550_reg_9348   |    2|   0|   10|          8|
    |c_coeffs_addr_551_reg_9353   |    2|   0|   10|          8|
    |c_coeffs_addr_552_reg_9378   |    2|   0|   10|          8|
    |c_coeffs_addr_553_reg_9383   |    2|   0|   10|          8|
    |c_coeffs_addr_554_reg_9408   |    2|   0|   10|          8|
    |c_coeffs_addr_555_reg_9413   |    2|   0|   10|          8|
    |c_coeffs_addr_556_reg_9438   |    2|   0|   10|          8|
    |c_coeffs_addr_557_reg_9443   |    2|   0|   10|          8|
    |c_coeffs_addr_558_reg_9468   |    2|   0|   10|          8|
    |c_coeffs_addr_559_reg_9473   |    2|   0|   10|          8|
    |c_coeffs_addr_560_reg_9498   |    2|   0|   10|          8|
    |c_coeffs_addr_561_reg_9503   |    2|   0|   10|          8|
    |c_coeffs_addr_562_reg_9528   |    2|   0|   10|          8|
    |c_coeffs_addr_563_reg_9533   |    2|   0|   10|          8|
    |c_coeffs_addr_564_reg_9558   |    2|   0|   10|          8|
    |c_coeffs_addr_565_reg_9563   |    2|   0|   10|          8|
    |c_coeffs_addr_566_reg_9588   |    2|   0|   10|          8|
    |c_coeffs_addr_567_reg_9593   |    2|   0|   10|          8|
    |c_coeffs_addr_568_reg_9618   |    2|   0|   10|          8|
    |c_coeffs_addr_569_reg_9623   |    2|   0|   10|          8|
    |c_coeffs_addr_570_reg_9648   |    2|   0|   10|          8|
    |c_coeffs_addr_571_reg_9653   |    2|   0|   10|          8|
    |c_coeffs_addr_572_reg_9678   |    2|   0|   10|          8|
    |c_coeffs_addr_573_reg_9683   |    2|   0|   10|          8|
    |c_coeffs_addr_574_reg_9708   |    2|   0|   10|          8|
    |c_coeffs_addr_575_reg_9713   |    2|   0|   10|          8|
    |c_coeffs_addr_576_reg_9738   |    2|   0|   10|          8|
    |c_coeffs_addr_577_reg_9743   |    2|   0|   10|          8|
    |c_coeffs_addr_578_reg_9768   |    2|   0|   10|          8|
    |c_coeffs_addr_579_reg_9773   |    2|   0|   10|          8|
    |c_coeffs_addr_580_reg_9798   |    2|   0|   10|          8|
    |c_coeffs_addr_581_reg_9803   |    2|   0|   10|          8|
    |c_coeffs_addr_582_reg_9828   |    2|   0|   10|          8|
    |c_coeffs_addr_583_reg_9833   |    2|   0|   10|          8|
    |c_coeffs_addr_584_reg_9858   |    2|   0|   10|          8|
    |c_coeffs_addr_585_reg_9863   |    2|   0|   10|          8|
    |c_coeffs_addr_586_reg_9888   |    2|   0|   10|          8|
    |c_coeffs_addr_587_reg_9893   |    2|   0|   10|          8|
    |c_coeffs_addr_588_reg_9918   |    2|   0|   10|          8|
    |c_coeffs_addr_589_reg_9923   |    2|   0|   10|          8|
    |c_coeffs_addr_590_reg_9948   |    2|   0|   10|          8|
    |c_coeffs_addr_591_reg_9953   |    2|   0|   10|          8|
    |c_coeffs_addr_592_reg_9978   |    2|   0|   10|          8|
    |c_coeffs_addr_593_reg_9983   |    2|   0|   10|          8|
    |c_coeffs_addr_594_reg_10008  |    2|   0|   10|          8|
    |c_coeffs_addr_595_reg_10013  |    2|   0|   10|          8|
    |c_coeffs_addr_596_reg_10038  |    2|   0|   10|          8|
    |c_coeffs_addr_597_reg_10043  |    2|   0|   10|          8|
    |c_coeffs_addr_598_reg_10068  |    2|   0|   10|          8|
    |c_coeffs_addr_599_reg_10073  |    2|   0|   10|          8|
    |c_coeffs_addr_600_reg_10098  |    2|   0|   10|          8|
    |c_coeffs_addr_601_reg_10103  |    2|   0|   10|          8|
    |c_coeffs_addr_602_reg_10128  |    2|   0|   10|          8|
    |c_coeffs_addr_603_reg_10133  |    2|   0|   10|          8|
    |c_coeffs_addr_604_reg_10158  |    2|   0|   10|          8|
    |c_coeffs_addr_605_reg_10163  |    2|   0|   10|          8|
    |c_coeffs_addr_606_reg_10188  |    2|   0|   10|          8|
    |c_coeffs_addr_607_reg_10193  |    2|   0|   10|          8|
    |c_coeffs_addr_608_reg_10218  |    2|   0|   10|          8|
    |c_coeffs_addr_609_reg_10223  |    2|   0|   10|          8|
    |c_coeffs_addr_610_reg_10248  |    2|   0|   10|          8|
    |c_coeffs_addr_611_reg_10253  |    2|   0|   10|          8|
    |c_coeffs_addr_612_reg_10278  |    2|   0|   10|          8|
    |c_coeffs_addr_613_reg_10283  |    2|   0|   10|          8|
    |c_coeffs_addr_614_reg_10308  |    2|   0|   10|          8|
    |c_coeffs_addr_615_reg_10313  |    2|   0|   10|          8|
    |c_coeffs_addr_616_reg_10338  |    2|   0|   10|          8|
    |c_coeffs_addr_617_reg_10343  |    2|   0|   10|          8|
    |c_coeffs_addr_618_reg_10368  |    2|   0|   10|          8|
    |c_coeffs_addr_619_reg_10373  |    2|   0|   10|          8|
    |c_coeffs_addr_620_reg_10398  |    2|   0|   10|          8|
    |c_coeffs_addr_621_reg_10403  |    2|   0|   10|          8|
    |c_coeffs_addr_622_reg_10428  |    2|   0|   10|          8|
    |c_coeffs_addr_623_reg_10433  |    2|   0|   10|          8|
    |c_coeffs_addr_624_reg_10458  |    2|   0|   10|          8|
    |c_coeffs_addr_625_reg_10463  |    2|   0|   10|          8|
    |c_coeffs_addr_626_reg_10488  |    2|   0|   10|          8|
    |c_coeffs_addr_627_reg_10493  |    2|   0|   10|          8|
    |c_coeffs_addr_628_reg_10518  |    2|   0|   10|          8|
    |c_coeffs_addr_629_reg_10523  |    2|   0|   10|          8|
    |c_coeffs_addr_630_reg_10548  |    2|   0|   10|          8|
    |c_coeffs_addr_631_reg_10553  |    2|   0|   10|          8|
    |c_coeffs_addr_632_reg_10578  |    2|   0|   10|          8|
    |c_coeffs_addr_633_reg_10583  |    2|   0|   10|          8|
    |c_coeffs_addr_634_reg_10608  |    2|   0|   10|          8|
    |c_coeffs_addr_635_reg_10613  |    2|   0|   10|          8|
    |c_coeffs_addr_636_reg_10638  |    2|   0|   10|          8|
    |c_coeffs_addr_637_reg_10643  |    2|   0|   10|          8|
    |c_coeffs_addr_638_reg_10668  |    2|   0|   10|          8|
    |c_coeffs_addr_639_reg_10673  |    2|   0|   10|          8|
    |c_coeffs_addr_640_reg_10698  |    2|   0|   10|          8|
    |c_coeffs_addr_641_reg_10703  |    2|   0|   10|          8|
    |c_coeffs_addr_642_reg_10728  |    2|   0|   10|          8|
    |c_coeffs_addr_643_reg_10733  |    2|   0|   10|          8|
    |c_coeffs_addr_644_reg_10758  |    2|   0|   10|          8|
    |c_coeffs_addr_645_reg_10763  |    2|   0|   10|          8|
    |c_coeffs_addr_646_reg_10788  |    2|   0|   10|          8|
    |c_coeffs_addr_647_reg_10793  |    2|   0|   10|          8|
    |c_coeffs_addr_648_reg_10818  |    2|   0|   10|          8|
    |c_coeffs_addr_649_reg_10823  |    2|   0|   10|          8|
    |c_coeffs_addr_650_reg_10848  |    2|   0|   10|          8|
    |c_coeffs_addr_651_reg_10853  |    2|   0|   10|          8|
    |c_coeffs_addr_652_reg_10878  |    2|   0|   10|          8|
    |c_coeffs_addr_653_reg_10883  |    2|   0|   10|          8|
    |c_coeffs_addr_654_reg_10908  |    2|   0|   10|          8|
    |c_coeffs_addr_655_reg_10913  |    2|   0|   10|          8|
    |c_coeffs_addr_656_reg_10938  |    2|   0|   10|          8|
    |c_coeffs_addr_657_reg_10943  |    2|   0|   10|          8|
    |c_coeffs_addr_658_reg_10968  |    2|   0|   10|          8|
    |c_coeffs_addr_659_reg_10973  |    2|   0|   10|          8|
    |c_coeffs_addr_660_reg_10998  |    2|   0|   10|          8|
    |c_coeffs_addr_661_reg_11003  |    2|   0|   10|          8|
    |c_coeffs_addr_662_reg_11028  |    2|   0|   10|          8|
    |c_coeffs_addr_663_reg_11033  |    2|   0|   10|          8|
    |c_coeffs_addr_664_reg_11058  |    2|   0|   10|          8|
    |c_coeffs_addr_665_reg_11063  |    2|   0|   10|          8|
    |c_coeffs_addr_666_reg_11088  |    2|   0|   10|          8|
    |c_coeffs_addr_667_reg_11093  |    2|   0|   10|          8|
    |c_coeffs_addr_668_reg_11118  |    2|   0|   10|          8|
    |c_coeffs_addr_669_reg_11123  |    2|   0|   10|          8|
    |c_coeffs_addr_670_reg_11148  |    2|   0|   10|          8|
    |c_coeffs_addr_671_reg_11153  |    2|   0|   10|          8|
    |c_coeffs_addr_672_reg_11178  |    2|   0|   10|          8|
    |c_coeffs_addr_673_reg_11183  |    2|   0|   10|          8|
    |c_coeffs_addr_674_reg_11208  |    2|   0|   10|          8|
    |c_coeffs_addr_675_reg_11213  |    2|   0|   10|          8|
    |c_coeffs_addr_676_reg_11238  |    2|   0|   10|          8|
    |c_coeffs_addr_677_reg_11243  |    2|   0|   10|          8|
    |c_coeffs_addr_678_reg_11268  |    2|   0|   10|          8|
    |c_coeffs_addr_679_reg_11273  |    2|   0|   10|          8|
    |c_coeffs_addr_680_reg_11298  |    2|   0|   10|          8|
    |c_coeffs_addr_681_reg_11303  |    2|   0|   10|          8|
    |c_coeffs_addr_682_reg_11328  |    2|   0|   10|          8|
    |c_coeffs_addr_683_reg_11333  |    2|   0|   10|          8|
    |c_coeffs_addr_684_reg_11358  |    2|   0|   10|          8|
    |c_coeffs_addr_685_reg_11363  |    2|   0|   10|          8|
    |c_coeffs_addr_686_reg_11388  |    2|   0|   10|          8|
    |c_coeffs_addr_687_reg_11393  |    2|   0|   10|          8|
    |c_coeffs_addr_688_reg_11418  |    2|   0|   10|          8|
    |c_coeffs_addr_689_reg_11423  |    2|   0|   10|          8|
    |c_coeffs_addr_690_reg_11448  |    2|   0|   10|          8|
    |c_coeffs_addr_691_reg_11453  |    2|   0|   10|          8|
    |c_coeffs_addr_692_reg_11478  |    2|   0|   10|          8|
    |c_coeffs_addr_693_reg_11483  |    2|   0|   10|          8|
    |c_coeffs_addr_694_reg_11508  |    2|   0|   10|          8|
    |c_coeffs_addr_695_reg_11513  |    2|   0|   10|          8|
    |c_coeffs_addr_696_reg_11538  |    2|   0|   10|          8|
    |c_coeffs_addr_697_reg_11543  |    2|   0|   10|          8|
    |c_coeffs_addr_698_reg_11568  |    2|   0|   10|          8|
    |c_coeffs_addr_699_reg_11573  |    2|   0|   10|          8|
    |c_coeffs_addr_700_reg_11598  |    2|   0|   10|          8|
    |c_coeffs_addr_701_reg_11603  |    2|   0|   10|          8|
    |c_coeffs_addr_702_reg_11628  |    2|   0|   10|          8|
    |c_coeffs_addr_703_reg_11633  |    2|   0|   10|          8|
    |c_coeffs_addr_704_reg_11658  |    2|   0|   10|          8|
    |c_coeffs_addr_705_reg_11663  |    2|   0|   10|          8|
    |c_coeffs_addr_706_reg_11688  |    2|   0|   10|          8|
    |c_coeffs_addr_707_reg_11693  |    2|   0|   10|          8|
    |c_coeffs_addr_708_reg_11718  |    2|   0|   10|          8|
    |c_coeffs_addr_709_reg_11723  |    2|   0|   10|          8|
    |c_coeffs_addr_710_reg_11748  |    2|   0|   10|          8|
    |c_coeffs_addr_711_reg_11753  |    2|   0|   10|          8|
    |c_coeffs_addr_712_reg_11778  |    2|   0|   10|          8|
    |c_coeffs_addr_713_reg_11783  |    2|   0|   10|          8|
    |c_coeffs_addr_714_reg_11808  |    2|   0|   10|          8|
    |c_coeffs_addr_715_reg_11813  |    2|   0|   10|          8|
    |c_coeffs_addr_716_reg_11838  |    2|   0|   10|          8|
    |c_coeffs_addr_717_reg_11843  |    2|   0|   10|          8|
    |c_coeffs_addr_718_reg_11868  |    2|   0|   10|          8|
    |c_coeffs_addr_719_reg_11873  |    2|   0|   10|          8|
    |c_coeffs_addr_720_reg_11898  |    2|   0|   10|          8|
    |c_coeffs_addr_721_reg_11903  |    2|   0|   10|          8|
    |c_coeffs_addr_722_reg_11928  |    2|   0|   10|          8|
    |c_coeffs_addr_723_reg_11933  |    2|   0|   10|          8|
    |c_coeffs_addr_724_reg_11958  |    2|   0|   10|          8|
    |c_coeffs_addr_725_reg_11963  |    2|   0|   10|          8|
    |c_coeffs_addr_726_reg_11988  |    2|   0|   10|          8|
    |c_coeffs_addr_727_reg_11993  |    2|   0|   10|          8|
    |c_coeffs_addr_728_reg_12018  |    2|   0|   10|          8|
    |c_coeffs_addr_729_reg_12023  |    2|   0|   10|          8|
    |c_coeffs_addr_730_reg_12048  |    2|   0|   10|          8|
    |c_coeffs_addr_731_reg_12053  |    2|   0|   10|          8|
    |c_coeffs_addr_732_reg_12078  |    2|   0|   10|          8|
    |c_coeffs_addr_733_reg_12083  |    2|   0|   10|          8|
    |c_coeffs_addr_734_reg_12108  |    2|   0|   10|          8|
    |c_coeffs_addr_735_reg_12113  |    2|   0|   10|          8|
    |c_coeffs_addr_736_reg_12138  |    2|   0|   10|          8|
    |c_coeffs_addr_737_reg_12143  |    2|   0|   10|          8|
    |c_coeffs_addr_738_reg_12168  |    2|   0|   10|          8|
    |c_coeffs_addr_739_reg_12173  |    2|   0|   10|          8|
    |c_coeffs_addr_740_reg_12198  |    2|   0|   10|          8|
    |c_coeffs_addr_741_reg_12203  |    2|   0|   10|          8|
    |c_coeffs_addr_742_reg_12228  |    2|   0|   10|          8|
    |c_coeffs_addr_743_reg_12233  |    2|   0|   10|          8|
    |c_coeffs_addr_744_reg_12258  |    2|   0|   10|          8|
    |c_coeffs_addr_745_reg_12263  |    2|   0|   10|          8|
    |c_coeffs_addr_746_reg_12288  |    2|   0|   10|          8|
    |c_coeffs_addr_747_reg_12293  |    2|   0|   10|          8|
    |c_coeffs_addr_748_reg_12318  |    2|   0|   10|          8|
    |c_coeffs_addr_749_reg_12323  |    2|   0|   10|          8|
    |c_coeffs_addr_750_reg_12348  |    2|   0|   10|          8|
    |c_coeffs_addr_751_reg_12353  |    2|   0|   10|          8|
    |c_coeffs_addr_752_reg_12378  |    2|   0|   10|          8|
    |c_coeffs_addr_753_reg_12383  |    2|   0|   10|          8|
    |c_coeffs_addr_754_reg_12408  |    2|   0|   10|          8|
    |c_coeffs_addr_755_reg_12413  |    2|   0|   10|          8|
    |c_coeffs_addr_756_reg_12438  |    2|   0|   10|          8|
    |c_coeffs_addr_757_reg_12443  |    2|   0|   10|          8|
    |c_coeffs_addr_758_reg_12468  |    2|   0|   10|          8|
    |c_coeffs_addr_759_reg_12473  |    2|   0|   10|          8|
    |c_coeffs_addr_760_reg_12498  |    2|   0|   10|          8|
    |c_coeffs_addr_761_reg_12503  |    2|   0|   10|          8|
    |c_coeffs_addr_762_reg_12528  |    2|   0|   10|          8|
    |c_coeffs_addr_763_reg_12533  |    2|   0|   10|          8|
    |c_coeffs_addr_764_reg_12558  |    2|   0|   10|          8|
    |c_coeffs_addr_765_reg_12563  |    2|   0|   10|          8|
    |c_coeffs_addr_reg_8768       |    2|   0|   10|          8|
    |reg_4660                     |   32|   0|   32|          0|
    |reg_4665                     |   32|   0|   32|          0|
    |sub_ln110_100_reg_10298      |   32|   0|   32|          0|
    |sub_ln110_101_reg_10303      |   32|   0|   32|          0|
    |sub_ln110_102_reg_10328      |   32|   0|   32|          0|
    |sub_ln110_103_reg_10333      |   32|   0|   32|          0|
    |sub_ln110_104_reg_10358      |   32|   0|   32|          0|
    |sub_ln110_105_reg_10363      |   32|   0|   32|          0|
    |sub_ln110_106_reg_10388      |   32|   0|   32|          0|
    |sub_ln110_107_reg_10393      |   32|   0|   32|          0|
    |sub_ln110_108_reg_10418      |   32|   0|   32|          0|
    |sub_ln110_109_reg_10423      |   32|   0|   32|          0|
    |sub_ln110_10_reg_8948        |   32|   0|   32|          0|
    |sub_ln110_110_reg_10448      |   32|   0|   32|          0|
    |sub_ln110_111_reg_10453      |   32|   0|   32|          0|
    |sub_ln110_112_reg_10478      |   32|   0|   32|          0|
    |sub_ln110_113_reg_10483      |   32|   0|   32|          0|
    |sub_ln110_114_reg_10508      |   32|   0|   32|          0|
    |sub_ln110_115_reg_10513      |   32|   0|   32|          0|
    |sub_ln110_116_reg_10538      |   32|   0|   32|          0|
    |sub_ln110_117_reg_10543      |   32|   0|   32|          0|
    |sub_ln110_118_reg_10568      |   32|   0|   32|          0|
    |sub_ln110_119_reg_10573      |   32|   0|   32|          0|
    |sub_ln110_11_reg_8953        |   32|   0|   32|          0|
    |sub_ln110_120_reg_10598      |   32|   0|   32|          0|
    |sub_ln110_121_reg_10603      |   32|   0|   32|          0|
    |sub_ln110_122_reg_10628      |   32|   0|   32|          0|
    |sub_ln110_123_reg_10633      |   32|   0|   32|          0|
    |sub_ln110_124_reg_10658      |   32|   0|   32|          0|
    |sub_ln110_125_reg_10663      |   32|   0|   32|          0|
    |sub_ln110_126_reg_10688      |   32|   0|   32|          0|
    |sub_ln110_127_reg_10693      |   32|   0|   32|          0|
    |sub_ln110_128_reg_10718      |   32|   0|   32|          0|
    |sub_ln110_129_reg_10723      |   32|   0|   32|          0|
    |sub_ln110_12_reg_8978        |   32|   0|   32|          0|
    |sub_ln110_130_reg_10748      |   32|   0|   32|          0|
    |sub_ln110_131_reg_10753      |   32|   0|   32|          0|
    |sub_ln110_132_reg_10778      |   32|   0|   32|          0|
    |sub_ln110_133_reg_10783      |   32|   0|   32|          0|
    |sub_ln110_134_reg_10808      |   32|   0|   32|          0|
    |sub_ln110_135_reg_10813      |   32|   0|   32|          0|
    |sub_ln110_136_reg_10838      |   32|   0|   32|          0|
    |sub_ln110_137_reg_10843      |   32|   0|   32|          0|
    |sub_ln110_138_reg_10868      |   32|   0|   32|          0|
    |sub_ln110_139_reg_10873      |   32|   0|   32|          0|
    |sub_ln110_13_reg_8983        |   32|   0|   32|          0|
    |sub_ln110_140_reg_10898      |   32|   0|   32|          0|
    |sub_ln110_141_reg_10903      |   32|   0|   32|          0|
    |sub_ln110_142_reg_10928      |   32|   0|   32|          0|
    |sub_ln110_143_reg_10933      |   32|   0|   32|          0|
    |sub_ln110_144_reg_10958      |   32|   0|   32|          0|
    |sub_ln110_145_reg_10963      |   32|   0|   32|          0|
    |sub_ln110_146_reg_10988      |   32|   0|   32|          0|
    |sub_ln110_147_reg_10993      |   32|   0|   32|          0|
    |sub_ln110_148_reg_11018      |   32|   0|   32|          0|
    |sub_ln110_149_reg_11023      |   32|   0|   32|          0|
    |sub_ln110_14_reg_9008        |   32|   0|   32|          0|
    |sub_ln110_150_reg_11048      |   32|   0|   32|          0|
    |sub_ln110_151_reg_11053      |   32|   0|   32|          0|
    |sub_ln110_152_reg_11078      |   32|   0|   32|          0|
    |sub_ln110_153_reg_11083      |   32|   0|   32|          0|
    |sub_ln110_154_reg_11108      |   32|   0|   32|          0|
    |sub_ln110_155_reg_11113      |   32|   0|   32|          0|
    |sub_ln110_156_reg_11138      |   32|   0|   32|          0|
    |sub_ln110_157_reg_11143      |   32|   0|   32|          0|
    |sub_ln110_158_reg_11168      |   32|   0|   32|          0|
    |sub_ln110_159_reg_11173      |   32|   0|   32|          0|
    |sub_ln110_15_reg_9013        |   32|   0|   32|          0|
    |sub_ln110_160_reg_11198      |   32|   0|   32|          0|
    |sub_ln110_161_reg_11203      |   32|   0|   32|          0|
    |sub_ln110_162_reg_11228      |   32|   0|   32|          0|
    |sub_ln110_163_reg_11233      |   32|   0|   32|          0|
    |sub_ln110_164_reg_11258      |   32|   0|   32|          0|
    |sub_ln110_165_reg_11263      |   32|   0|   32|          0|
    |sub_ln110_166_reg_11288      |   32|   0|   32|          0|
    |sub_ln110_167_reg_11293      |   32|   0|   32|          0|
    |sub_ln110_168_reg_11318      |   32|   0|   32|          0|
    |sub_ln110_169_reg_11323      |   32|   0|   32|          0|
    |sub_ln110_16_reg_9038        |   32|   0|   32|          0|
    |sub_ln110_170_reg_11348      |   32|   0|   32|          0|
    |sub_ln110_171_reg_11353      |   32|   0|   32|          0|
    |sub_ln110_172_reg_11378      |   32|   0|   32|          0|
    |sub_ln110_173_reg_11383      |   32|   0|   32|          0|
    |sub_ln110_174_reg_11408      |   32|   0|   32|          0|
    |sub_ln110_175_reg_11413      |   32|   0|   32|          0|
    |sub_ln110_176_reg_11438      |   32|   0|   32|          0|
    |sub_ln110_177_reg_11443      |   32|   0|   32|          0|
    |sub_ln110_178_reg_11468      |   32|   0|   32|          0|
    |sub_ln110_179_reg_11473      |   32|   0|   32|          0|
    |sub_ln110_17_reg_9043        |   32|   0|   32|          0|
    |sub_ln110_180_reg_11498      |   32|   0|   32|          0|
    |sub_ln110_181_reg_11503      |   32|   0|   32|          0|
    |sub_ln110_182_reg_11528      |   32|   0|   32|          0|
    |sub_ln110_183_reg_11533      |   32|   0|   32|          0|
    |sub_ln110_184_reg_11558      |   32|   0|   32|          0|
    |sub_ln110_185_reg_11563      |   32|   0|   32|          0|
    |sub_ln110_186_reg_11588      |   32|   0|   32|          0|
    |sub_ln110_187_reg_11593      |   32|   0|   32|          0|
    |sub_ln110_188_reg_11618      |   32|   0|   32|          0|
    |sub_ln110_189_reg_11623      |   32|   0|   32|          0|
    |sub_ln110_18_reg_9068        |   32|   0|   32|          0|
    |sub_ln110_190_reg_11648      |   32|   0|   32|          0|
    |sub_ln110_191_reg_11653      |   32|   0|   32|          0|
    |sub_ln110_192_reg_11678      |   32|   0|   32|          0|
    |sub_ln110_193_reg_11683      |   32|   0|   32|          0|
    |sub_ln110_194_reg_11708      |   32|   0|   32|          0|
    |sub_ln110_195_reg_11713      |   32|   0|   32|          0|
    |sub_ln110_196_reg_11738      |   32|   0|   32|          0|
    |sub_ln110_197_reg_11743      |   32|   0|   32|          0|
    |sub_ln110_198_reg_11768      |   32|   0|   32|          0|
    |sub_ln110_199_reg_11773      |   32|   0|   32|          0|
    |sub_ln110_19_reg_9073        |   32|   0|   32|          0|
    |sub_ln110_200_reg_11798      |   32|   0|   32|          0|
    |sub_ln110_201_reg_11803      |   32|   0|   32|          0|
    |sub_ln110_202_reg_11828      |   32|   0|   32|          0|
    |sub_ln110_203_reg_11833      |   32|   0|   32|          0|
    |sub_ln110_204_reg_11858      |   32|   0|   32|          0|
    |sub_ln110_205_reg_11863      |   32|   0|   32|          0|
    |sub_ln110_206_reg_11888      |   32|   0|   32|          0|
    |sub_ln110_207_reg_11893      |   32|   0|   32|          0|
    |sub_ln110_208_reg_11918      |   32|   0|   32|          0|
    |sub_ln110_209_reg_11923      |   32|   0|   32|          0|
    |sub_ln110_20_reg_9098        |   32|   0|   32|          0|
    |sub_ln110_210_reg_11948      |   32|   0|   32|          0|
    |sub_ln110_211_reg_11953      |   32|   0|   32|          0|
    |sub_ln110_212_reg_11978      |   32|   0|   32|          0|
    |sub_ln110_213_reg_11983      |   32|   0|   32|          0|
    |sub_ln110_214_reg_12008      |   32|   0|   32|          0|
    |sub_ln110_215_reg_12013      |   32|   0|   32|          0|
    |sub_ln110_216_reg_12038      |   32|   0|   32|          0|
    |sub_ln110_217_reg_12043      |   32|   0|   32|          0|
    |sub_ln110_218_reg_12068      |   32|   0|   32|          0|
    |sub_ln110_219_reg_12073      |   32|   0|   32|          0|
    |sub_ln110_21_reg_9103        |   32|   0|   32|          0|
    |sub_ln110_220_reg_12098      |   32|   0|   32|          0|
    |sub_ln110_221_reg_12103      |   32|   0|   32|          0|
    |sub_ln110_222_reg_12128      |   32|   0|   32|          0|
    |sub_ln110_223_reg_12133      |   32|   0|   32|          0|
    |sub_ln110_224_reg_12158      |   32|   0|   32|          0|
    |sub_ln110_225_reg_12163      |   32|   0|   32|          0|
    |sub_ln110_226_reg_12188      |   32|   0|   32|          0|
    |sub_ln110_227_reg_12193      |   32|   0|   32|          0|
    |sub_ln110_228_reg_12218      |   32|   0|   32|          0|
    |sub_ln110_229_reg_12223      |   32|   0|   32|          0|
    |sub_ln110_22_reg_9128        |   32|   0|   32|          0|
    |sub_ln110_230_reg_12248      |   32|   0|   32|          0|
    |sub_ln110_231_reg_12253      |   32|   0|   32|          0|
    |sub_ln110_232_reg_12278      |   32|   0|   32|          0|
    |sub_ln110_233_reg_12283      |   32|   0|   32|          0|
    |sub_ln110_234_reg_12308      |   32|   0|   32|          0|
    |sub_ln110_235_reg_12313      |   32|   0|   32|          0|
    |sub_ln110_236_reg_12338      |   32|   0|   32|          0|
    |sub_ln110_237_reg_12343      |   32|   0|   32|          0|
    |sub_ln110_238_reg_12368      |   32|   0|   32|          0|
    |sub_ln110_239_reg_12373      |   32|   0|   32|          0|
    |sub_ln110_23_reg_9133        |   32|   0|   32|          0|
    |sub_ln110_240_reg_12398      |   32|   0|   32|          0|
    |sub_ln110_241_reg_12403      |   32|   0|   32|          0|
    |sub_ln110_242_reg_12428      |   32|   0|   32|          0|
    |sub_ln110_243_reg_12433      |   32|   0|   32|          0|
    |sub_ln110_244_reg_12458      |   32|   0|   32|          0|
    |sub_ln110_245_reg_12463      |   32|   0|   32|          0|
    |sub_ln110_246_reg_12488      |   32|   0|   32|          0|
    |sub_ln110_247_reg_12493      |   32|   0|   32|          0|
    |sub_ln110_248_reg_12518      |   32|   0|   32|          0|
    |sub_ln110_249_reg_12523      |   32|   0|   32|          0|
    |sub_ln110_24_reg_9158        |   32|   0|   32|          0|
    |sub_ln110_250_reg_12548      |   32|   0|   32|          0|
    |sub_ln110_251_reg_12553      |   32|   0|   32|          0|
    |sub_ln110_252_reg_12578      |   32|   0|   32|          0|
    |sub_ln110_253_reg_12583      |   32|   0|   32|          0|
    |sub_ln110_25_reg_9163        |   32|   0|   32|          0|
    |sub_ln110_26_reg_9188        |   32|   0|   32|          0|
    |sub_ln110_27_reg_9193        |   32|   0|   32|          0|
    |sub_ln110_28_reg_9218        |   32|   0|   32|          0|
    |sub_ln110_29_reg_9223        |   32|   0|   32|          0|
    |sub_ln110_2_reg_8828         |   32|   0|   32|          0|
    |sub_ln110_30_reg_9248        |   32|   0|   32|          0|
    |sub_ln110_31_reg_9253        |   32|   0|   32|          0|
    |sub_ln110_32_reg_9278        |   32|   0|   32|          0|
    |sub_ln110_33_reg_9283        |   32|   0|   32|          0|
    |sub_ln110_34_reg_9308        |   32|   0|   32|          0|
    |sub_ln110_35_reg_9313        |   32|   0|   32|          0|
    |sub_ln110_36_reg_9338        |   32|   0|   32|          0|
    |sub_ln110_37_reg_9343        |   32|   0|   32|          0|
    |sub_ln110_38_reg_9368        |   32|   0|   32|          0|
    |sub_ln110_39_reg_9373        |   32|   0|   32|          0|
    |sub_ln110_3_reg_8833         |   32|   0|   32|          0|
    |sub_ln110_40_reg_9398        |   32|   0|   32|          0|
    |sub_ln110_41_reg_9403        |   32|   0|   32|          0|
    |sub_ln110_42_reg_9428        |   32|   0|   32|          0|
    |sub_ln110_43_reg_9433        |   32|   0|   32|          0|
    |sub_ln110_44_reg_9458        |   32|   0|   32|          0|
    |sub_ln110_45_reg_9463        |   32|   0|   32|          0|
    |sub_ln110_46_reg_9488        |   32|   0|   32|          0|
    |sub_ln110_47_reg_9493        |   32|   0|   32|          0|
    |sub_ln110_48_reg_9518        |   32|   0|   32|          0|
    |sub_ln110_49_reg_9523        |   32|   0|   32|          0|
    |sub_ln110_4_reg_8858         |   32|   0|   32|          0|
    |sub_ln110_50_reg_9548        |   32|   0|   32|          0|
    |sub_ln110_51_reg_9553        |   32|   0|   32|          0|
    |sub_ln110_52_reg_9578        |   32|   0|   32|          0|
    |sub_ln110_53_reg_9583        |   32|   0|   32|          0|
    |sub_ln110_54_reg_9608        |   32|   0|   32|          0|
    |sub_ln110_55_reg_9613        |   32|   0|   32|          0|
    |sub_ln110_56_reg_9638        |   32|   0|   32|          0|
    |sub_ln110_57_reg_9643        |   32|   0|   32|          0|
    |sub_ln110_58_reg_9668        |   32|   0|   32|          0|
    |sub_ln110_59_reg_9673        |   32|   0|   32|          0|
    |sub_ln110_5_reg_8863         |   32|   0|   32|          0|
    |sub_ln110_60_reg_9698        |   32|   0|   32|          0|
    |sub_ln110_61_reg_9703        |   32|   0|   32|          0|
    |sub_ln110_62_reg_9728        |   32|   0|   32|          0|
    |sub_ln110_63_reg_9733        |   32|   0|   32|          0|
    |sub_ln110_64_reg_9758        |   32|   0|   32|          0|
    |sub_ln110_65_reg_9763        |   32|   0|   32|          0|
    |sub_ln110_66_reg_9788        |   32|   0|   32|          0|
    |sub_ln110_67_reg_9793        |   32|   0|   32|          0|
    |sub_ln110_68_reg_9818        |   32|   0|   32|          0|
    |sub_ln110_69_reg_9823        |   32|   0|   32|          0|
    |sub_ln110_6_reg_8888         |   32|   0|   32|          0|
    |sub_ln110_70_reg_9848        |   32|   0|   32|          0|
    |sub_ln110_71_reg_9853        |   32|   0|   32|          0|
    |sub_ln110_72_reg_9878        |   32|   0|   32|          0|
    |sub_ln110_73_reg_9883        |   32|   0|   32|          0|
    |sub_ln110_74_reg_9908        |   32|   0|   32|          0|
    |sub_ln110_75_reg_9913        |   32|   0|   32|          0|
    |sub_ln110_76_reg_9938        |   32|   0|   32|          0|
    |sub_ln110_77_reg_9943        |   32|   0|   32|          0|
    |sub_ln110_78_reg_9968        |   32|   0|   32|          0|
    |sub_ln110_79_reg_9973        |   32|   0|   32|          0|
    |sub_ln110_7_reg_8893         |   32|   0|   32|          0|
    |sub_ln110_80_reg_9998        |   32|   0|   32|          0|
    |sub_ln110_81_reg_10003       |   32|   0|   32|          0|
    |sub_ln110_82_reg_10028       |   32|   0|   32|          0|
    |sub_ln110_83_reg_10033       |   32|   0|   32|          0|
    |sub_ln110_84_reg_10058       |   32|   0|   32|          0|
    |sub_ln110_85_reg_10063       |   32|   0|   32|          0|
    |sub_ln110_86_reg_10088       |   32|   0|   32|          0|
    |sub_ln110_87_reg_10093       |   32|   0|   32|          0|
    |sub_ln110_88_reg_10118       |   32|   0|   32|          0|
    |sub_ln110_89_reg_10123       |   32|   0|   32|          0|
    |sub_ln110_8_reg_8918         |   32|   0|   32|          0|
    |sub_ln110_90_reg_10148       |   32|   0|   32|          0|
    |sub_ln110_91_reg_10153       |   32|   0|   32|          0|
    |sub_ln110_92_reg_10178       |   32|   0|   32|          0|
    |sub_ln110_93_reg_10183       |   32|   0|   32|          0|
    |sub_ln110_94_reg_10208       |   32|   0|   32|          0|
    |sub_ln110_95_reg_10213       |   32|   0|   32|          0|
    |sub_ln110_96_reg_10238       |   32|   0|   32|          0|
    |sub_ln110_97_reg_10243       |   32|   0|   32|          0|
    |sub_ln110_98_reg_10268       |   32|   0|   32|          0|
    |sub_ln110_99_reg_10273       |   32|   0|   32|          0|
    |sub_ln110_9_reg_8923         |   32|   0|   32|          0|
    |tmp_reg_8510                 |    3|   0|   11|          8|
    +-----------------------------+-----+----+-----+-----------+
    |Total                        | 8899|   0|10955|       2056|
    +-----------------------------+-----+----+-----+-----------+



================================================================
== Interface
================================================================
* Summary: 
+-------------------+-----+-----+------------+-------------------------+--------------+
|     RTL Ports     | Dir | Bits|  Protocol  |      Source Object      |    C Type    |
+-------------------+-----+-----+------------+-------------------------+--------------+
|ap_clk             |  in |    1| ap_ctrl_hs | pqcrystals_dilithium.11 | return value |
|ap_rst             |  in |    1| ap_ctrl_hs | pqcrystals_dilithium.11 | return value |
|ap_start           |  in |    1| ap_ctrl_hs | pqcrystals_dilithium.11 | return value |
|ap_done            | out |    1| ap_ctrl_hs | pqcrystals_dilithium.11 | return value |
|ap_idle            | out |    1| ap_ctrl_hs | pqcrystals_dilithium.11 | return value |
|ap_ready           | out |    1| ap_ctrl_hs | pqcrystals_dilithium.11 | return value |
|c_coeffs_address0  | out |   10|  ap_memory |         c_coeffs        |     array    |
|c_coeffs_ce0       | out |    1|  ap_memory |         c_coeffs        |     array    |
|c_coeffs_we0       | out |    1|  ap_memory |         c_coeffs        |     array    |
|c_coeffs_d0        | out |   32|  ap_memory |         c_coeffs        |     array    |
|c_coeffs_q0        |  in |   32|  ap_memory |         c_coeffs        |     array    |
|c_coeffs_address1  | out |   10|  ap_memory |         c_coeffs        |     array    |
|c_coeffs_ce1       | out |    1|  ap_memory |         c_coeffs        |     array    |
|c_coeffs_we1       | out |    1|  ap_memory |         c_coeffs        |     array    |
|c_coeffs_d1        | out |   32|  ap_memory |         c_coeffs        |     array    |
|c_coeffs_q1        |  in |   32|  ap_memory |         c_coeffs        |     array    |
|c_coeffs_offset    |  in |    3|   ap_none  |     c_coeffs_offset     |    scalar    |
|b_coeffs_address0  | out |   10|  ap_memory |         b_coeffs        |     array    |
|b_coeffs_ce0       | out |    1|  ap_memory |         b_coeffs        |     array    |
|b_coeffs_q0        |  in |   32|  ap_memory |         b_coeffs        |     array    |
|b_coeffs_address1  | out |   10|  ap_memory |         b_coeffs        |     array    |
|b_coeffs_ce1       | out |    1|  ap_memory |         b_coeffs        |     array    |
|b_coeffs_q1        |  in |   32|  ap_memory |         b_coeffs        |     array    |
+-------------------+-----+-----+------------+-------------------------+--------------+

