

================================================================
== Vivado HLS Report for 'pqcrystals_dilithium_4'
================================================================
* Date:           Sun Apr  9 23:16:01 2023

* Version:        2019.2 (Build 2704478 on Wed Nov 06 22:10:23 MST 2019)
* Project:        crypto_sign
* Solution:       solution1
* Product family: artix7
* Target device:  xc7a200t-fbg676-2


================================================================
== Performance Estimates
================================================================
+ Timing: 
    * Summary: 
    +--------+----------+----------+------------+
    |  Clock |  Target  | Estimated| Uncertainty|
    +--------+----------+----------+------------+
    |ap_clk  | 10.00 us | 8.524 ns |   1.25 us  |
    +--------+----------+----------+------------+

+ Latency: 
    * Summary: 
    +---------+---------+----------+----------+-----+-----+---------+
    |  Latency (cycles) |  Latency (absolute) |  Interval | Pipeline|
    |   min   |   max   |    min   |    max   | min | max |   Type  |
    +---------+---------+----------+----------+-----+-----+---------+
    |      288|      288| 2.880 ms | 2.880 ms |  288|  288|   none  |
    +---------+---------+----------+----------+-----+-----+---------+

    + Detail: 
        * Instance: 
        N/A

        * Loop: 
        N/A



================================================================
== Utilization Estimates
================================================================
* Summary: 
+-----------------+---------+-------+--------+--------+-----+
|       Name      | BRAM_18K| DSP48E|   FF   |   LUT  | URAM|
+-----------------+---------+-------+--------+--------+-----+
|DSP              |        -|      -|       -|       -|    -|
|Expression       |        -|      -|       0|   15018|    -|
|FIFO             |        -|      -|       -|       -|    -|
|Instance         |        -|      -|       -|       -|    -|
|Memory           |        -|      -|       -|       -|    -|
|Multiplexer      |        -|      -|       -|    6282|    -|
|Register         |        -|      -|     367|       -|    -|
+-----------------+---------+-------+--------+--------+-----+
|Total            |        0|      0|     367|   21300|    0|
+-----------------+---------+-------+--------+--------+-----+
|Available        |      730|    740|  269200|  134600|    0|
+-----------------+---------+-------+--------+--------+-----+
|Utilization (%)  |        0|      0|   ~0   |      15|    0|
+-----------------+---------+-------+--------+--------+-----+

+ Detail: 
    * Instance: 
    N/A

    * DSP48E: 
    N/A

    * Memory: 
    N/A

    * FIFO: 
    N/A

    * Expression: 
    +--------------------------+----------+-------+---+-----+------------+------------+
    |       Variable Name      | Operation| DSP48E| FF| LUT | Bitwidth P0| Bitwidth P1|
    +--------------------------+----------+-------+---+-----+------------+------------+
    |add_ln840_10_fu_10350_p2  |     +    |      0|  0|   18|           7|          11|
    |add_ln840_11_fu_10558_p2  |     +    |      0|  0|   18|           7|          11|
    |add_ln840_12_fu_10766_p2  |     +    |      0|  0|   18|           7|          11|
    |add_ln840_13_fu_10974_p2  |     +    |      0|  0|   18|           7|          11|
    |add_ln840_14_fu_11182_p2  |     +    |      0|  0|   18|           8|          11|
    |add_ln840_15_fu_11390_p2  |     +    |      0|  0|   18|           8|          11|
    |add_ln840_16_fu_11598_p2  |     +    |      0|  0|   18|           8|          11|
    |add_ln840_17_fu_11806_p2  |     +    |      0|  0|   18|           8|          11|
    |add_ln840_18_fu_12014_p2  |     +    |      0|  0|   18|           8|          11|
    |add_ln840_19_fu_12222_p2  |     +    |      0|  0|   18|           8|          11|
    |add_ln840_1_fu_8478_p2    |     +    |      0|  0|   18|           5|          11|
    |add_ln840_20_fu_12430_p2  |     +    |      0|  0|   18|           8|          11|
    |add_ln840_21_fu_12638_p2  |     +    |      0|  0|   18|           8|          11|
    |add_ln840_22_fu_12846_p2  |     +    |      0|  0|   18|           8|          11|
    |add_ln840_23_fu_13054_p2  |     +    |      0|  0|   18|           8|          11|
    |add_ln840_24_fu_13262_p2  |     +    |      0|  0|   18|           8|          11|
    |add_ln840_25_fu_13470_p2  |     +    |      0|  0|   18|           8|          11|
    |add_ln840_26_fu_13678_p2  |     +    |      0|  0|   18|           8|          11|
    |add_ln840_27_fu_13886_p2  |     +    |      0|  0|   18|           8|          11|
    |add_ln840_28_fu_14094_p2  |     +    |      0|  0|   18|           9|          11|
    |add_ln840_29_fu_14302_p2  |     +    |      0|  0|   18|           9|          11|
    |add_ln840_2_fu_8686_p2    |     +    |      0|  0|   18|           5|          11|
    |add_ln840_30_fu_14510_p2  |     +    |      0|  0|   18|           9|          11|
    |add_ln840_31_fu_14718_p2  |     +    |      0|  0|   19|           9|          12|
    |add_ln840_32_fu_14926_p2  |     +    |      0|  0|   19|           9|          12|
    |add_ln840_33_fu_15134_p2  |     +    |      0|  0|   19|           9|          12|
    |add_ln840_34_fu_15342_p2  |     +    |      0|  0|   19|           9|          12|
    |add_ln840_35_fu_15550_p2  |     +    |      0|  0|   19|           9|          12|
    |add_ln840_36_fu_15758_p2  |     +    |      0|  0|   19|           9|          12|
    |add_ln840_37_fu_15966_p2  |     +    |      0|  0|   19|           9|          12|
    |add_ln840_38_fu_16174_p2  |     +    |      0|  0|   19|           9|          12|
    |add_ln840_39_fu_16382_p2  |     +    |      0|  0|   19|           9|          12|
    |add_ln840_3_fu_8894_p2    |     +    |      0|  0|   18|           6|          11|
    |add_ln840_40_fu_16590_p2  |     +    |      0|  0|   19|           9|          12|
    |add_ln840_41_fu_16798_p2  |     +    |      0|  0|   19|           9|          12|
    |add_ln840_42_fu_17006_p2  |     +    |      0|  0|   19|           9|          12|
    |add_ln840_43_fu_17214_p2  |     +    |      0|  0|   19|           9|          12|
    |add_ln840_44_fu_17422_p2  |     +    |      0|  0|   19|           9|          12|
    |add_ln840_45_fu_17630_p2  |     +    |      0|  0|   19|           9|          12|
    |add_ln840_46_fu_17838_p2  |     +    |      0|  0|   19|           9|          12|
    |add_ln840_47_fu_18046_p2  |     +    |      0|  0|   19|           9|          12|
    |add_ln840_48_fu_18254_p2  |     +    |      0|  0|   19|           9|          12|
    |add_ln840_49_fu_18462_p2  |     +    |      0|  0|   19|           9|          12|
    |add_ln840_4_fu_9102_p2    |     +    |      0|  0|   18|           6|          11|
    |add_ln840_50_fu_18670_p2  |     +    |      0|  0|   19|           9|          12|
    |add_ln840_51_fu_18878_p2  |     +    |      0|  0|   19|           9|          12|
    |add_ln840_52_fu_19086_p2  |     +    |      0|  0|   19|           9|          12|
    |add_ln840_53_fu_19294_p2  |     +    |      0|  0|   19|           9|          12|
    |add_ln840_54_fu_19502_p2  |     +    |      0|  0|   19|           9|          12|
    |add_ln840_55_fu_19710_p2  |     +    |      0|  0|   19|           9|          12|
    |add_ln840_56_fu_19918_p2  |     +    |      0|  0|   19|          10|          12|
    |add_ln840_57_fu_20126_p2  |     +    |      0|  0|   19|          10|          12|
    |add_ln840_58_fu_20334_p2  |     +    |      0|  0|   19|          10|          12|
    |add_ln840_59_fu_20542_p2  |     +    |      0|  0|   19|          10|          12|
    |add_ln840_5_fu_9310_p2    |     +    |      0|  0|   18|           6|          11|
    |add_ln840_60_fu_20750_p2  |     +    |      0|  0|   19|          10|          12|
    |add_ln840_61_fu_20958_p2  |     +    |      0|  0|   19|          10|          12|
    |add_ln840_62_fu_21166_p2  |     +    |      0|  0|   19|          10|          12|
    |add_ln840_6_fu_9518_p2    |     +    |      0|  0|   18|           6|          11|
    |add_ln840_7_fu_9726_p2    |     +    |      0|  0|   18|           7|          11|
    |add_ln840_8_fu_9934_p2    |     +    |      0|  0|   18|           7|          11|
    |add_ln840_9_fu_10142_p2   |     +    |      0|  0|   18|           7|          11|
    |add_ln840_fu_8270_p2      |     +    |      0|  0|   18|           4|          11|
    |add_ln841_10_fu_10152_p2  |     +    |      0|  0|   18|           7|          11|
    |add_ln841_11_fu_10374_p2  |     +    |      0|  0|   18|           7|          11|
    |add_ln841_12_fu_10568_p2  |     +    |      0|  0|   18|           7|          11|
    |add_ln841_13_fu_10790_p2  |     +    |      0|  0|   18|           7|          11|
    |add_ln841_14_fu_10984_p2  |     +    |      0|  0|   18|           7|          11|
    |add_ln841_15_fu_11206_p2  |     +    |      0|  0|   18|           8|          11|
    |add_ln841_16_fu_11400_p2  |     +    |      0|  0|   18|           8|          11|
    |add_ln841_17_fu_11622_p2  |     +    |      0|  0|   18|           8|          11|
    |add_ln841_18_fu_11816_p2  |     +    |      0|  0|   18|           8|          11|
    |add_ln841_19_fu_12038_p2  |     +    |      0|  0|   18|           8|          11|
    |add_ln841_1_fu_8294_p2    |     +    |      0|  0|   18|           4|          11|
    |add_ln841_20_fu_12232_p2  |     +    |      0|  0|   18|           8|          11|
    |add_ln841_21_fu_12454_p2  |     +    |      0|  0|   18|           8|          11|
    |add_ln841_22_fu_12648_p2  |     +    |      0|  0|   18|           8|          11|
    |add_ln841_23_fu_12870_p2  |     +    |      0|  0|   18|           8|          11|
    |add_ln841_24_fu_13064_p2  |     +    |      0|  0|   18|           8|          11|
    |add_ln841_25_fu_13286_p2  |     +    |      0|  0|   18|           8|          11|
    |add_ln841_26_fu_13480_p2  |     +    |      0|  0|   18|           8|          11|
    |add_ln841_27_fu_13702_p2  |     +    |      0|  0|   18|           8|          11|
    |add_ln841_28_fu_13896_p2  |     +    |      0|  0|   18|           8|          11|
    |add_ln841_29_fu_14118_p2  |     +    |      0|  0|   18|           9|          11|
    |add_ln841_2_fu_8488_p2    |     +    |      0|  0|   18|           5|          11|
    |add_ln841_30_fu_14312_p2  |     +    |      0|  0|   18|           9|          11|
    |add_ln841_31_fu_14534_p2  |     +    |      0|  0|   18|           9|          11|
    |add_ln841_32_fu_14728_p2  |     +    |      0|  0|   19|           9|          12|
    |add_ln841_33_fu_14950_p2  |     +    |      0|  0|   19|           9|          12|
    |add_ln841_34_fu_15144_p2  |     +    |      0|  0|   19|           9|          12|
    |add_ln841_35_fu_15366_p2  |     +    |      0|  0|   19|           9|          12|
    |add_ln841_36_fu_15560_p2  |     +    |      0|  0|   19|           9|          12|
    |add_ln841_37_fu_15782_p2  |     +    |      0|  0|   19|           9|          12|
    |add_ln841_38_fu_15976_p2  |     +    |      0|  0|   19|           9|          12|
    |add_ln841_39_fu_16198_p2  |     +    |      0|  0|   19|           9|          12|
    |add_ln841_3_fu_8710_p2    |     +    |      0|  0|   18|           5|          11|
    |add_ln841_40_fu_16392_p2  |     +    |      0|  0|   19|           9|          12|
    |add_ln841_41_fu_16614_p2  |     +    |      0|  0|   19|           9|          12|
    |add_ln841_42_fu_16808_p2  |     +    |      0|  0|   19|           9|          12|
    |add_ln841_43_fu_17030_p2  |     +    |      0|  0|   19|           9|          12|
    |add_ln841_44_fu_17224_p2  |     +    |      0|  0|   19|           9|          12|
    |add_ln841_45_fu_17446_p2  |     +    |      0|  0|   19|           9|          12|
    |add_ln841_46_fu_17640_p2  |     +    |      0|  0|   19|           9|          12|
    |add_ln841_47_fu_17862_p2  |     +    |      0|  0|   19|           9|          12|
    |add_ln841_48_fu_18056_p2  |     +    |      0|  0|   19|           9|          12|
    |add_ln841_49_fu_18278_p2  |     +    |      0|  0|   19|           9|          12|
    |add_ln841_4_fu_8904_p2    |     +    |      0|  0|   18|           6|          11|
    |add_ln841_50_fu_18472_p2  |     +    |      0|  0|   19|           9|          12|
    |add_ln841_51_fu_18694_p2  |     +    |      0|  0|   19|           9|          12|
    |add_ln841_52_fu_18888_p2  |     +    |      0|  0|   19|           9|          12|
    |add_ln841_53_fu_19110_p2  |     +    |      0|  0|   19|           9|          12|
    |add_ln841_54_fu_19304_p2  |     +    |      0|  0|   19|           9|          12|
    |add_ln841_55_fu_19526_p2  |     +    |      0|  0|   19|           9|          12|
    |add_ln841_56_fu_19720_p2  |     +    |      0|  0|   19|           9|          12|
    |add_ln841_57_fu_19942_p2  |     +    |      0|  0|   19|          10|          12|
    |add_ln841_58_fu_20136_p2  |     +    |      0|  0|   19|          10|          12|
    |add_ln841_59_fu_20358_p2  |     +    |      0|  0|   19|          10|          12|
    |add_ln841_5_fu_9126_p2    |     +    |      0|  0|   18|           6|          11|
    |add_ln841_60_fu_20552_p2  |     +    |      0|  0|   19|          10|          12|
    |add_ln841_61_fu_20774_p2  |     +    |      0|  0|   19|          10|          12|
    |add_ln841_62_fu_20968_p2  |     +    |      0|  0|   19|          10|          12|
    |add_ln841_63_fu_21190_p2  |     +    |      0|  0|   19|          10|          12|
    |add_ln841_6_fu_9320_p2    |     +    |      0|  0|   18|           6|          11|
    |add_ln841_7_fu_9542_p2    |     +    |      0|  0|   18|           7|          11|
    |add_ln841_8_fu_9736_p2    |     +    |      0|  0|   18|           7|          11|
    |add_ln841_9_fu_9958_p2    |     +    |      0|  0|   18|           7|          11|
    |add_ln841_fu_8071_p2      |     +    |      0|  0|   18|           1|          11|
    |add_ln842_10_fu_10176_p2  |     +    |      0|  0|   18|           7|          11|
    |add_ln842_11_fu_10384_p2  |     +    |      0|  0|   18|           7|          11|
    |add_ln842_12_fu_10592_p2  |     +    |      0|  0|   18|           7|          11|
    |add_ln842_13_fu_10800_p2  |     +    |      0|  0|   18|           7|          11|
    |add_ln842_14_fu_11008_p2  |     +    |      0|  0|   18|           8|          11|
    |add_ln842_15_fu_11216_p2  |     +    |      0|  0|   18|           8|          11|
    |add_ln842_16_fu_11424_p2  |     +    |      0|  0|   18|           8|          11|
    |add_ln842_17_fu_11632_p2  |     +    |      0|  0|   18|           8|          11|
    |add_ln842_18_fu_11840_p2  |     +    |      0|  0|   18|           8|          11|
    |add_ln842_19_fu_12048_p2  |     +    |      0|  0|   18|           8|          11|
    |add_ln842_1_fu_8304_p2    |     +    |      0|  0|   18|           4|          11|
    |add_ln842_20_fu_12256_p2  |     +    |      0|  0|   18|           8|          11|
    |add_ln842_21_fu_12464_p2  |     +    |      0|  0|   18|           8|          11|
    |add_ln842_22_fu_12672_p2  |     +    |      0|  0|   18|           8|          11|
    |add_ln842_23_fu_12880_p2  |     +    |      0|  0|   18|           8|          11|
    |add_ln842_24_fu_13088_p2  |     +    |      0|  0|   18|           8|          11|
    |add_ln842_25_fu_13296_p2  |     +    |      0|  0|   18|           8|          11|
    |add_ln842_26_fu_13504_p2  |     +    |      0|  0|   18|           8|          11|
    |add_ln842_27_fu_13712_p2  |     +    |      0|  0|   18|           8|          11|
    |add_ln842_28_fu_13920_p2  |     +    |      0|  0|   18|           8|          11|
    |add_ln842_29_fu_14128_p2  |     +    |      0|  0|   18|           9|          11|
    |add_ln842_2_fu_8512_p2    |     +    |      0|  0|   18|           5|          11|
    |add_ln842_30_fu_14336_p2  |     +    |      0|  0|   18|           9|          11|
    |add_ln842_31_fu_14544_p2  |     +    |      0|  0|   18|           9|          11|
    |add_ln842_32_fu_14752_p2  |     +    |      0|  0|   19|           9|          12|
    |add_ln842_33_fu_14960_p2  |     +    |      0|  0|   19|           9|          12|
    |add_ln842_34_fu_15168_p2  |     +    |      0|  0|   19|           9|          12|
    |add_ln842_35_fu_15376_p2  |     +    |      0|  0|   19|           9|          12|
    |add_ln842_36_fu_15584_p2  |     +    |      0|  0|   19|           9|          12|
    |add_ln842_37_fu_15792_p2  |     +    |      0|  0|   19|           9|          12|
    |add_ln842_38_fu_16000_p2  |     +    |      0|  0|   19|           9|          12|
    |add_ln842_39_fu_16208_p2  |     +    |      0|  0|   19|           9|          12|
    |add_ln842_3_fu_8720_p2    |     +    |      0|  0|   18|           5|          11|
    |add_ln842_40_fu_16416_p2  |     +    |      0|  0|   19|           9|          12|
    |add_ln842_41_fu_16624_p2  |     +    |      0|  0|   19|           9|          12|
    |add_ln842_42_fu_16832_p2  |     +    |      0|  0|   19|           9|          12|
    |add_ln842_43_fu_17040_p2  |     +    |      0|  0|   19|           9|          12|
    |add_ln842_44_fu_17248_p2  |     +    |      0|  0|   19|           9|          12|
    |add_ln842_45_fu_17456_p2  |     +    |      0|  0|   19|           9|          12|
    |add_ln842_46_fu_17664_p2  |     +    |      0|  0|   19|           9|          12|
    |add_ln842_47_fu_17872_p2  |     +    |      0|  0|   19|           9|          12|
    |add_ln842_48_fu_18080_p2  |     +    |      0|  0|   19|           9|          12|
    |add_ln842_49_fu_18288_p2  |     +    |      0|  0|   19|           9|          12|
    |add_ln842_4_fu_8928_p2    |     +    |      0|  0|   18|           6|          11|
    |add_ln842_50_fu_18496_p2  |     +    |      0|  0|   19|           9|          12|
    |add_ln842_51_fu_18704_p2  |     +    |      0|  0|   19|           9|          12|
    |add_ln842_52_fu_18912_p2  |     +    |      0|  0|   19|           9|          12|
    |add_ln842_53_fu_19120_p2  |     +    |      0|  0|   19|           9|          12|
    |add_ln842_54_fu_19328_p2  |     +    |      0|  0|   19|           9|          12|
    |add_ln842_55_fu_19536_p2  |     +    |      0|  0|   19|           9|          12|
    |add_ln842_56_fu_19744_p2  |     +    |      0|  0|   19|           9|          12|
    |add_ln842_57_fu_19952_p2  |     +    |      0|  0|   19|          10|          12|
    |add_ln842_58_fu_20160_p2  |     +    |      0|  0|   19|          10|          12|
    |add_ln842_59_fu_20368_p2  |     +    |      0|  0|   19|          10|          12|
    |add_ln842_5_fu_9136_p2    |     +    |      0|  0|   18|           6|          11|
    |add_ln842_60_fu_20576_p2  |     +    |      0|  0|   19|          10|          12|
    |add_ln842_61_fu_20784_p2  |     +    |      0|  0|   19|          10|          12|
    |add_ln842_62_fu_20992_p2  |     +    |      0|  0|   19|          10|          12|
    |add_ln842_63_fu_21200_p2  |     +    |      0|  0|   19|          10|          12|
    |add_ln842_6_fu_9344_p2    |     +    |      0|  0|   18|           6|          11|
    |add_ln842_7_fu_9552_p2    |     +    |      0|  0|   18|           7|          11|
    |add_ln842_8_fu_9760_p2    |     +    |      0|  0|   18|           7|          11|
    |add_ln842_9_fu_9968_p2    |     +    |      0|  0|   18|           7|          11|
    |add_ln842_fu_8096_p2      |     +    |      0|  0|   18|           2|          11|
    |add_ln844_10_fu_10205_p2  |     +    |      0|  0|   18|           7|          11|
    |add_ln844_11_fu_10427_p2  |     +    |      0|  0|   18|           7|          11|
    |add_ln844_12_fu_10621_p2  |     +    |      0|  0|   18|           7|          11|
    |add_ln844_13_fu_10843_p2  |     +    |      0|  0|   18|           7|          11|
    |add_ln844_14_fu_11037_p2  |     +    |      0|  0|   18|           8|          11|
    |add_ln844_15_fu_11259_p2  |     +    |      0|  0|   18|           8|          11|
    |add_ln844_16_fu_11453_p2  |     +    |      0|  0|   18|           8|          11|
    |add_ln844_17_fu_11675_p2  |     +    |      0|  0|   18|           8|          11|
    |add_ln844_18_fu_11869_p2  |     +    |      0|  0|   18|           8|          11|
    |add_ln844_19_fu_12091_p2  |     +    |      0|  0|   18|           8|          11|
    |add_ln844_1_fu_8347_p2    |     +    |      0|  0|   18|           4|          11|
    |add_ln844_20_fu_12285_p2  |     +    |      0|  0|   18|           8|          11|
    |add_ln844_21_fu_12507_p2  |     +    |      0|  0|   18|           8|          11|
    |add_ln844_22_fu_12701_p2  |     +    |      0|  0|   18|           8|          11|
    |add_ln844_23_fu_12923_p2  |     +    |      0|  0|   18|           8|          11|
    |add_ln844_24_fu_13117_p2  |     +    |      0|  0|   18|           8|          11|
    |add_ln844_25_fu_13339_p2  |     +    |      0|  0|   18|           8|          11|
    |add_ln844_26_fu_13533_p2  |     +    |      0|  0|   18|           8|          11|
    |add_ln844_27_fu_13755_p2  |     +    |      0|  0|   18|           8|          11|
    |add_ln844_28_fu_13949_p2  |     +    |      0|  0|   18|           8|          11|
    |add_ln844_29_fu_14171_p2  |     +    |      0|  0|   18|           9|          11|
    |add_ln844_2_fu_8541_p2    |     +    |      0|  0|   18|           5|          11|
    |add_ln844_30_fu_14365_p2  |     +    |      0|  0|   18|           9|          11|
    |add_ln844_31_fu_14587_p2  |     +    |      0|  0|   18|           9|          11|
    |add_ln844_32_fu_14781_p2  |     +    |      0|  0|   19|           9|          12|
    |add_ln844_33_fu_15003_p2  |     +    |      0|  0|   19|           9|          12|
    |add_ln844_34_fu_15197_p2  |     +    |      0|  0|   19|           9|          12|
    |add_ln844_35_fu_15419_p2  |     +    |      0|  0|   19|           9|          12|
    |add_ln844_36_fu_15613_p2  |     +    |      0|  0|   19|           9|          12|
    |add_ln844_37_fu_15835_p2  |     +    |      0|  0|   19|           9|          12|
    |add_ln844_38_fu_16029_p2  |     +    |      0|  0|   19|           9|          12|
    |add_ln844_39_fu_16251_p2  |     +    |      0|  0|   19|           9|          12|
    |add_ln844_3_fu_8763_p2    |     +    |      0|  0|   18|           5|          11|
    |add_ln844_40_fu_16445_p2  |     +    |      0|  0|   19|           9|          12|
    |add_ln844_41_fu_16667_p2  |     +    |      0|  0|   19|           9|          12|
    |add_ln844_42_fu_16861_p2  |     +    |      0|  0|   19|           9|          12|
    |add_ln844_43_fu_17083_p2  |     +    |      0|  0|   19|           9|          12|
    |add_ln844_44_fu_17277_p2  |     +    |      0|  0|   19|           9|          12|
    |add_ln844_45_fu_17499_p2  |     +    |      0|  0|   19|           9|          12|
    |add_ln844_46_fu_17693_p2  |     +    |      0|  0|   19|           9|          12|
    |add_ln844_47_fu_17915_p2  |     +    |      0|  0|   19|           9|          12|
    |add_ln844_48_fu_18109_p2  |     +    |      0|  0|   19|           9|          12|
    |add_ln844_49_fu_18331_p2  |     +    |      0|  0|   19|           9|          12|
    |add_ln844_4_fu_8957_p2    |     +    |      0|  0|   18|           6|          11|
    |add_ln844_50_fu_18525_p2  |     +    |      0|  0|   19|           9|          12|
    |add_ln844_51_fu_18747_p2  |     +    |      0|  0|   19|           9|          12|
    |add_ln844_52_fu_18941_p2  |     +    |      0|  0|   19|           9|          12|
    |add_ln844_53_fu_19163_p2  |     +    |      0|  0|   19|           9|          12|
    |add_ln844_54_fu_19357_p2  |     +    |      0|  0|   19|           9|          12|
    |add_ln844_55_fu_19579_p2  |     +    |      0|  0|   19|           9|          12|
    |add_ln844_56_fu_19773_p2  |     +    |      0|  0|   19|           9|          12|
    |add_ln844_57_fu_19995_p2  |     +    |      0|  0|   19|          10|          12|
    |add_ln844_58_fu_20189_p2  |     +    |      0|  0|   19|          10|          12|
    |add_ln844_59_fu_20411_p2  |     +    |      0|  0|   19|          10|          12|
    |add_ln844_5_fu_9179_p2    |     +    |      0|  0|   18|           6|          11|
    |add_ln844_60_fu_20605_p2  |     +    |      0|  0|   19|          10|          12|
    |add_ln844_61_fu_20827_p2  |     +    |      0|  0|   19|          10|          12|
    |add_ln844_62_fu_21021_p2  |     +    |      0|  0|   19|          10|          12|
    |add_ln844_63_fu_21243_p2  |     +    |      0|  0|   19|          10|          12|
    |add_ln844_6_fu_9373_p2    |     +    |      0|  0|   18|           6|          11|
    |add_ln844_7_fu_9595_p2    |     +    |      0|  0|   18|           7|          11|
    |add_ln844_8_fu_9789_p2    |     +    |      0|  0|   18|           7|          11|
    |add_ln844_9_fu_10011_p2   |     +    |      0|  0|   18|           7|          11|
    |add_ln844_fu_8125_p2      |     +    |      0|  0|   18|           2|          11|
    |add_ln845_10_fu_10229_p2  |     +    |      0|  0|   18|           7|          11|
    |add_ln845_11_fu_10437_p2  |     +    |      0|  0|   18|           7|          11|
    |add_ln845_12_fu_10645_p2  |     +    |      0|  0|   18|           7|          11|
    |add_ln845_13_fu_10853_p2  |     +    |      0|  0|   18|           7|          11|
    |add_ln845_14_fu_11061_p2  |     +    |      0|  0|   18|           8|          11|
    |add_ln845_15_fu_11269_p2  |     +    |      0|  0|   18|           8|          11|
    |add_ln845_16_fu_11477_p2  |     +    |      0|  0|   18|           8|          11|
    |add_ln845_17_fu_11685_p2  |     +    |      0|  0|   18|           8|          11|
    |add_ln845_18_fu_11893_p2  |     +    |      0|  0|   18|           8|          11|
    |add_ln845_19_fu_12101_p2  |     +    |      0|  0|   18|           8|          11|
    |add_ln845_1_fu_8357_p2    |     +    |      0|  0|   18|           4|          11|
    |add_ln845_20_fu_12309_p2  |     +    |      0|  0|   18|           8|          11|
    |add_ln845_21_fu_12517_p2  |     +    |      0|  0|   18|           8|          11|
    |add_ln845_22_fu_12725_p2  |     +    |      0|  0|   18|           8|          11|
    |add_ln845_23_fu_12933_p2  |     +    |      0|  0|   18|           8|          11|
    |add_ln845_24_fu_13141_p2  |     +    |      0|  0|   18|           8|          11|
    |add_ln845_25_fu_13349_p2  |     +    |      0|  0|   18|           8|          11|
    |add_ln845_26_fu_13557_p2  |     +    |      0|  0|   18|           8|          11|
    |add_ln845_27_fu_13765_p2  |     +    |      0|  0|   18|           8|          11|
    |add_ln845_28_fu_13973_p2  |     +    |      0|  0|   18|           9|          11|
    |add_ln845_29_fu_14181_p2  |     +    |      0|  0|   18|           9|          11|
    |add_ln845_2_fu_8565_p2    |     +    |      0|  0|   18|           5|          11|
    |add_ln845_30_fu_14389_p2  |     +    |      0|  0|   18|           9|          11|
    |add_ln845_31_fu_14597_p2  |     +    |      0|  0|   18|           9|          11|
    |add_ln845_32_fu_14805_p2  |     +    |      0|  0|   19|           9|          12|
    |add_ln845_33_fu_15013_p2  |     +    |      0|  0|   19|           9|          12|
    |add_ln845_34_fu_15221_p2  |     +    |      0|  0|   19|           9|          12|
    |add_ln845_35_fu_15429_p2  |     +    |      0|  0|   19|           9|          12|
    |add_ln845_36_fu_15637_p2  |     +    |      0|  0|   19|           9|          12|
    |add_ln845_37_fu_15845_p2  |     +    |      0|  0|   19|           9|          12|
    |add_ln845_38_fu_16053_p2  |     +    |      0|  0|   19|           9|          12|
    |add_ln845_39_fu_16261_p2  |     +    |      0|  0|   19|           9|          12|
    |add_ln845_3_fu_8773_p2    |     +    |      0|  0|   18|           5|          11|
    |add_ln845_40_fu_16469_p2  |     +    |      0|  0|   19|           9|          12|
    |add_ln845_41_fu_16677_p2  |     +    |      0|  0|   19|           9|          12|
    |add_ln845_42_fu_16885_p2  |     +    |      0|  0|   19|           9|          12|
    |add_ln845_43_fu_17093_p2  |     +    |      0|  0|   19|           9|          12|
    |add_ln845_44_fu_17301_p2  |     +    |      0|  0|   19|           9|          12|
    |add_ln845_45_fu_17509_p2  |     +    |      0|  0|   19|           9|          12|
    |add_ln845_46_fu_17717_p2  |     +    |      0|  0|   19|           9|          12|
    |add_ln845_47_fu_17925_p2  |     +    |      0|  0|   19|           9|          12|
    |add_ln845_48_fu_18133_p2  |     +    |      0|  0|   19|           9|          12|
    |add_ln845_49_fu_18341_p2  |     +    |      0|  0|   19|           9|          12|
    |add_ln845_4_fu_8981_p2    |     +    |      0|  0|   18|           6|          11|
    |add_ln845_50_fu_18549_p2  |     +    |      0|  0|   19|           9|          12|
    |add_ln845_51_fu_18757_p2  |     +    |      0|  0|   19|           9|          12|
    |add_ln845_52_fu_18965_p2  |     +    |      0|  0|   19|           9|          12|
    |add_ln845_53_fu_19173_p2  |     +    |      0|  0|   19|           9|          12|
    |add_ln845_54_fu_19381_p2  |     +    |      0|  0|   19|           9|          12|
    |add_ln845_55_fu_19589_p2  |     +    |      0|  0|   19|           9|          12|
    |add_ln845_56_fu_19797_p2  |     +    |      0|  0|   19|           9|          12|
    |add_ln845_57_fu_20005_p2  |     +    |      0|  0|   19|          10|          12|
    |add_ln845_58_fu_20213_p2  |     +    |      0|  0|   19|          10|          12|
    |add_ln845_59_fu_20421_p2  |     +    |      0|  0|   19|          10|          12|
    |add_ln845_5_fu_9189_p2    |     +    |      0|  0|   18|           6|          11|
    |add_ln845_60_fu_20629_p2  |     +    |      0|  0|   19|          10|          12|
    |add_ln845_61_fu_20837_p2  |     +    |      0|  0|   19|          10|          12|
    |add_ln845_62_fu_21045_p2  |     +    |      0|  0|   19|          10|          12|
    |add_ln845_63_fu_21253_p2  |     +    |      0|  0|   19|          10|          12|
    |add_ln845_6_fu_9397_p2    |     +    |      0|  0|   18|           6|          11|
    |add_ln845_7_fu_9605_p2    |     +    |      0|  0|   18|           7|          11|
    |add_ln845_8_fu_9813_p2    |     +    |      0|  0|   18|           7|          11|
    |add_ln845_9_fu_10021_p2   |     +    |      0|  0|   18|           7|          11|
    |add_ln845_fu_8149_p2      |     +    |      0|  0|   18|           3|          11|
    |add_ln847_10_fu_10258_p2  |     +    |      0|  0|   18|           7|          11|
    |add_ln847_11_fu_10466_p2  |     +    |      0|  0|   18|           7|          11|
    |add_ln847_12_fu_10674_p2  |     +    |      0|  0|   18|           7|          11|
    |add_ln847_13_fu_10882_p2  |     +    |      0|  0|   18|           7|          11|
    |add_ln847_14_fu_11090_p2  |     +    |      0|  0|   18|           8|          11|
    |add_ln847_15_fu_11298_p2  |     +    |      0|  0|   18|           8|          11|
    |add_ln847_16_fu_11506_p2  |     +    |      0|  0|   18|           8|          11|
    |add_ln847_17_fu_11714_p2  |     +    |      0|  0|   18|           8|          11|
    |add_ln847_18_fu_11922_p2  |     +    |      0|  0|   18|           8|          11|
    |add_ln847_19_fu_12130_p2  |     +    |      0|  0|   18|           8|          11|
    |add_ln847_1_fu_8386_p2    |     +    |      0|  0|   18|           4|          11|
    |add_ln847_20_fu_12338_p2  |     +    |      0|  0|   18|           8|          11|
    |add_ln847_21_fu_12546_p2  |     +    |      0|  0|   18|           8|          11|
    |add_ln847_22_fu_12754_p2  |     +    |      0|  0|   18|           8|          11|
    |add_ln847_23_fu_12962_p2  |     +    |      0|  0|   18|           8|          11|
    |add_ln847_24_fu_13170_p2  |     +    |      0|  0|   18|           8|          11|
    |add_ln847_25_fu_13378_p2  |     +    |      0|  0|   18|           8|          11|
    |add_ln847_26_fu_13586_p2  |     +    |      0|  0|   18|           8|          11|
    |add_ln847_27_fu_13794_p2  |     +    |      0|  0|   18|           8|          11|
    |add_ln847_28_fu_14002_p2  |     +    |      0|  0|   18|           9|          11|
    |add_ln847_29_fu_14210_p2  |     +    |      0|  0|   18|           9|          11|
    |add_ln847_2_fu_8594_p2    |     +    |      0|  0|   18|           5|          11|
    |add_ln847_30_fu_14418_p2  |     +    |      0|  0|   18|           9|          11|
    |add_ln847_31_fu_14626_p2  |     +    |      0|  0|   18|           9|          11|
    |add_ln847_32_fu_14834_p2  |     +    |      0|  0|   19|           9|          12|
    |add_ln847_33_fu_15042_p2  |     +    |      0|  0|   19|           9|          12|
    |add_ln847_34_fu_15250_p2  |     +    |      0|  0|   19|           9|          12|
    |add_ln847_35_fu_15458_p2  |     +    |      0|  0|   19|           9|          12|
    |add_ln847_36_fu_15666_p2  |     +    |      0|  0|   19|           9|          12|
    |add_ln847_37_fu_15874_p2  |     +    |      0|  0|   19|           9|          12|
    |add_ln847_38_fu_16082_p2  |     +    |      0|  0|   19|           9|          12|
    |add_ln847_39_fu_16290_p2  |     +    |      0|  0|   19|           9|          12|
    |add_ln847_3_fu_8802_p2    |     +    |      0|  0|   18|           6|          11|
    |add_ln847_40_fu_16498_p2  |     +    |      0|  0|   19|           9|          12|
    |add_ln847_41_fu_16706_p2  |     +    |      0|  0|   19|           9|          12|
    |add_ln847_42_fu_16914_p2  |     +    |      0|  0|   19|           9|          12|
    |add_ln847_43_fu_17122_p2  |     +    |      0|  0|   19|           9|          12|
    |add_ln847_44_fu_17330_p2  |     +    |      0|  0|   19|           9|          12|
    |add_ln847_45_fu_17538_p2  |     +    |      0|  0|   19|           9|          12|
    |add_ln847_46_fu_17746_p2  |     +    |      0|  0|   19|           9|          12|
    |add_ln847_47_fu_17954_p2  |     +    |      0|  0|   19|           9|          12|
    |add_ln847_48_fu_18162_p2  |     +    |      0|  0|   19|           9|          12|
    |add_ln847_49_fu_18370_p2  |     +    |      0|  0|   19|           9|          12|
    |add_ln847_4_fu_9010_p2    |     +    |      0|  0|   18|           6|          11|
    |add_ln847_50_fu_18578_p2  |     +    |      0|  0|   19|           9|          12|
    |add_ln847_51_fu_18786_p2  |     +    |      0|  0|   19|           9|          12|
    |add_ln847_52_fu_18994_p2  |     +    |      0|  0|   19|           9|          12|
    |add_ln847_53_fu_19202_p2  |     +    |      0|  0|   19|           9|          12|
    |add_ln847_54_fu_19410_p2  |     +    |      0|  0|   19|           9|          12|
    |add_ln847_55_fu_19618_p2  |     +    |      0|  0|   19|           9|          12|
    |add_ln847_56_fu_19826_p2  |     +    |      0|  0|   19|           9|          12|
    |add_ln847_57_fu_20034_p2  |     +    |      0|  0|   19|          10|          12|
    |add_ln847_58_fu_20242_p2  |     +    |      0|  0|   19|          10|          12|
    |add_ln847_59_fu_20450_p2  |     +    |      0|  0|   19|          10|          12|
    |add_ln847_5_fu_9218_p2    |     +    |      0|  0|   18|           6|          11|
    |add_ln847_60_fu_20658_p2  |     +    |      0|  0|   19|          10|          12|
    |add_ln847_61_fu_20866_p2  |     +    |      0|  0|   19|          10|          12|
    |add_ln847_62_fu_21074_p2  |     +    |      0|  0|   19|          10|          12|
    |add_ln847_63_fu_21282_p2  |     +    |      0|  0|   19|          10|          12|
    |add_ln847_6_fu_9426_p2    |     +    |      0|  0|   18|           6|          11|
    |add_ln847_7_fu_9634_p2    |     +    |      0|  0|   18|           7|          11|
    |add_ln847_8_fu_9842_p2    |     +    |      0|  0|   18|           7|          11|
    |add_ln847_9_fu_10050_p2   |     +    |      0|  0|   18|           7|          11|
    |add_ln847_fu_8178_p2      |     +    |      0|  0|   18|           3|          11|
    |add_ln848_10_fu_10282_p2  |     +    |      0|  0|   18|           7|          11|
    |add_ln848_11_fu_10476_p2  |     +    |      0|  0|   18|           7|          11|
    |add_ln848_12_fu_10698_p2  |     +    |      0|  0|   18|           7|          11|
    |add_ln848_13_fu_10892_p2  |     +    |      0|  0|   18|           7|          11|
    |add_ln848_14_fu_11114_p2  |     +    |      0|  0|   18|           8|          11|
    |add_ln848_15_fu_11308_p2  |     +    |      0|  0|   18|           8|          11|
    |add_ln848_16_fu_11530_p2  |     +    |      0|  0|   18|           8|          11|
    |add_ln848_17_fu_11724_p2  |     +    |      0|  0|   18|           8|          11|
    |add_ln848_18_fu_11946_p2  |     +    |      0|  0|   18|           8|          11|
    |add_ln848_19_fu_12140_p2  |     +    |      0|  0|   18|           8|          11|
    |add_ln848_1_fu_8396_p2    |     +    |      0|  0|   18|           4|          11|
    |add_ln848_20_fu_12362_p2  |     +    |      0|  0|   18|           8|          11|
    |add_ln848_21_fu_12556_p2  |     +    |      0|  0|   18|           8|          11|
    |add_ln848_22_fu_12778_p2  |     +    |      0|  0|   18|           8|          11|
    |add_ln848_23_fu_12972_p2  |     +    |      0|  0|   18|           8|          11|
    |add_ln848_24_fu_13194_p2  |     +    |      0|  0|   18|           8|          11|
    |add_ln848_25_fu_13388_p2  |     +    |      0|  0|   18|           8|          11|
    |add_ln848_26_fu_13610_p2  |     +    |      0|  0|   18|           8|          11|
    |add_ln848_27_fu_13804_p2  |     +    |      0|  0|   18|           8|          11|
    |add_ln848_28_fu_14026_p2  |     +    |      0|  0|   18|           9|          11|
    |add_ln848_29_fu_14220_p2  |     +    |      0|  0|   18|           9|          11|
    |add_ln848_2_fu_8618_p2    |     +    |      0|  0|   18|           5|          11|
    |add_ln848_30_fu_14442_p2  |     +    |      0|  0|   18|           9|          11|
    |add_ln848_31_fu_14636_p2  |     +    |      0|  0|   18|           9|          11|
    |add_ln848_32_fu_14858_p2  |     +    |      0|  0|   19|           9|          12|
    |add_ln848_33_fu_15052_p2  |     +    |      0|  0|   19|           9|          12|
    |add_ln848_34_fu_15274_p2  |     +    |      0|  0|   19|           9|          12|
    |add_ln848_35_fu_15468_p2  |     +    |      0|  0|   19|           9|          12|
    |add_ln848_36_fu_15690_p2  |     +    |      0|  0|   19|           9|          12|
    |add_ln848_37_fu_15884_p2  |     +    |      0|  0|   19|           9|          12|
    |add_ln848_38_fu_16106_p2  |     +    |      0|  0|   19|           9|          12|
    |add_ln848_39_fu_16300_p2  |     +    |      0|  0|   19|           9|          12|
    |add_ln848_3_fu_8812_p2    |     +    |      0|  0|   18|           6|          11|
    |add_ln848_40_fu_16522_p2  |     +    |      0|  0|   19|           9|          12|
    |add_ln848_41_fu_16716_p2  |     +    |      0|  0|   19|           9|          12|
    |add_ln848_42_fu_16938_p2  |     +    |      0|  0|   19|           9|          12|
    |add_ln848_43_fu_17132_p2  |     +    |      0|  0|   19|           9|          12|
    |add_ln848_44_fu_17354_p2  |     +    |      0|  0|   19|           9|          12|
    |add_ln848_45_fu_17548_p2  |     +    |      0|  0|   19|           9|          12|
    |add_ln848_46_fu_17770_p2  |     +    |      0|  0|   19|           9|          12|
    |add_ln848_47_fu_17964_p2  |     +    |      0|  0|   19|           9|          12|
    |add_ln848_48_fu_18186_p2  |     +    |      0|  0|   19|           9|          12|
    |add_ln848_49_fu_18380_p2  |     +    |      0|  0|   19|           9|          12|
    |add_ln848_4_fu_9034_p2    |     +    |      0|  0|   18|           6|          11|
    |add_ln848_50_fu_18602_p2  |     +    |      0|  0|   19|           9|          12|
    |add_ln848_51_fu_18796_p2  |     +    |      0|  0|   19|           9|          12|
    |add_ln848_52_fu_19018_p2  |     +    |      0|  0|   19|           9|          12|
    |add_ln848_53_fu_19212_p2  |     +    |      0|  0|   19|           9|          12|
    |add_ln848_54_fu_19434_p2  |     +    |      0|  0|   19|           9|          12|
    |add_ln848_55_fu_19628_p2  |     +    |      0|  0|   19|           9|          12|
    |add_ln848_56_fu_19850_p2  |     +    |      0|  0|   19|           9|          12|
    |add_ln848_57_fu_20044_p2  |     +    |      0|  0|   19|          10|          12|
    |add_ln848_58_fu_20266_p2  |     +    |      0|  0|   19|          10|          12|
    |add_ln848_59_fu_20460_p2  |     +    |      0|  0|   19|          10|          12|
    |add_ln848_5_fu_9228_p2    |     +    |      0|  0|   18|           6|          11|
    |add_ln848_60_fu_20682_p2  |     +    |      0|  0|   19|          10|          12|
    |add_ln848_61_fu_20876_p2  |     +    |      0|  0|   19|          10|          12|
    |add_ln848_62_fu_21098_p2  |     +    |      0|  0|   19|          10|          12|
    |add_ln848_63_fu_21292_p2  |     +    |      0|  0|   19|          10|          12|
    |add_ln848_6_fu_9450_p2    |     +    |      0|  0|   18|           6|          11|
    |add_ln848_7_fu_9644_p2    |     +    |      0|  0|   18|           7|          11|
    |add_ln848_8_fu_9866_p2    |     +    |      0|  0|   18|           7|          11|
    |add_ln848_9_fu_10060_p2   |     +    |      0|  0|   18|           7|          11|
    |add_ln848_fu_8202_p2      |     +    |      0|  0|   18|           3|          11|
    |add_ln850_10_fu_10311_p2  |     +    |      0|  0|   18|           7|          11|
    |add_ln850_11_fu_10519_p2  |     +    |      0|  0|   18|           7|          11|
    |add_ln850_12_fu_10727_p2  |     +    |      0|  0|   18|           7|          11|
    |add_ln850_13_fu_10935_p2  |     +    |      0|  0|   18|           7|          11|
    |add_ln850_14_fu_11143_p2  |     +    |      0|  0|   18|           8|          11|
    |add_ln850_15_fu_11351_p2  |     +    |      0|  0|   18|           8|          11|
    |add_ln850_16_fu_11559_p2  |     +    |      0|  0|   18|           8|          11|
    |add_ln850_17_fu_11767_p2  |     +    |      0|  0|   18|           8|          11|
    |add_ln850_18_fu_11975_p2  |     +    |      0|  0|   18|           8|          11|
    |add_ln850_19_fu_12183_p2  |     +    |      0|  0|   18|           8|          11|
    |add_ln850_1_fu_8439_p2    |     +    |      0|  0|   18|           5|          11|
    |add_ln850_20_fu_12391_p2  |     +    |      0|  0|   18|           8|          11|
    |add_ln850_21_fu_12599_p2  |     +    |      0|  0|   18|           8|          11|
    |add_ln850_22_fu_12807_p2  |     +    |      0|  0|   18|           8|          11|
    |add_ln850_23_fu_13015_p2  |     +    |      0|  0|   18|           8|          11|
    |add_ln850_24_fu_13223_p2  |     +    |      0|  0|   18|           8|          11|
    |add_ln850_25_fu_13431_p2  |     +    |      0|  0|   18|           8|          11|
    |add_ln850_26_fu_13639_p2  |     +    |      0|  0|   18|           8|          11|
    |add_ln850_27_fu_13847_p2  |     +    |      0|  0|   18|           8|          11|
    |add_ln850_28_fu_14055_p2  |     +    |      0|  0|   18|           9|          11|
    |add_ln850_29_fu_14263_p2  |     +    |      0|  0|   18|           9|          11|
    |add_ln850_2_fu_8647_p2    |     +    |      0|  0|   18|           5|          11|
    |add_ln850_30_fu_14471_p2  |     +    |      0|  0|   18|           9|          11|
    |add_ln850_31_fu_14679_p2  |     +    |      0|  0|   18|           9|          11|
    |add_ln850_32_fu_14887_p2  |     +    |      0|  0|   19|           9|          12|
    |add_ln850_33_fu_15095_p2  |     +    |      0|  0|   19|           9|          12|
    |add_ln850_34_fu_15303_p2  |     +    |      0|  0|   19|           9|          12|
    |add_ln850_35_fu_15511_p2  |     +    |      0|  0|   19|           9|          12|
    |add_ln850_36_fu_15719_p2  |     +    |      0|  0|   19|           9|          12|
    |add_ln850_37_fu_15927_p2  |     +    |      0|  0|   19|           9|          12|
    |add_ln850_38_fu_16135_p2  |     +    |      0|  0|   19|           9|          12|
    |add_ln850_39_fu_16343_p2  |     +    |      0|  0|   19|           9|          12|
    |add_ln850_3_fu_8855_p2    |     +    |      0|  0|   18|           6|          11|
    |add_ln850_40_fu_16551_p2  |     +    |      0|  0|   19|           9|          12|
    |add_ln850_41_fu_16759_p2  |     +    |      0|  0|   19|           9|          12|
    |add_ln850_42_fu_16967_p2  |     +    |      0|  0|   19|           9|          12|
    |add_ln850_43_fu_17175_p2  |     +    |      0|  0|   19|           9|          12|
    |add_ln850_44_fu_17383_p2  |     +    |      0|  0|   19|           9|          12|
    |add_ln850_45_fu_17591_p2  |     +    |      0|  0|   19|           9|          12|
    |add_ln850_46_fu_17799_p2  |     +    |      0|  0|   19|           9|          12|
    |add_ln850_47_fu_18007_p2  |     +    |      0|  0|   19|           9|          12|
    |add_ln850_48_fu_18215_p2  |     +    |      0|  0|   19|           9|          12|
    |add_ln850_49_fu_18423_p2  |     +    |      0|  0|   19|           9|          12|
    |add_ln850_4_fu_9063_p2    |     +    |      0|  0|   18|           6|          11|
    |add_ln850_50_fu_18631_p2  |     +    |      0|  0|   19|           9|          12|
    |add_ln850_51_fu_18839_p2  |     +    |      0|  0|   19|           9|          12|
    |add_ln850_52_fu_19047_p2  |     +    |      0|  0|   19|           9|          12|
    |add_ln850_53_fu_19255_p2  |     +    |      0|  0|   19|           9|          12|
    |add_ln850_54_fu_19463_p2  |     +    |      0|  0|   19|           9|          12|
    |add_ln850_55_fu_19671_p2  |     +    |      0|  0|   19|           9|          12|
    |add_ln850_56_fu_19879_p2  |     +    |      0|  0|   19|           9|          12|
    |add_ln850_57_fu_20087_p2  |     +    |      0|  0|   19|          10|          12|
    |add_ln850_58_fu_20295_p2  |     +    |      0|  0|   19|          10|          12|
    |add_ln850_59_fu_20503_p2  |     +    |      0|  0|   19|          10|          12|
    |add_ln850_5_fu_9271_p2    |     +    |      0|  0|   18|           6|          11|
    |add_ln850_60_fu_20711_p2  |     +    |      0|  0|   19|          10|          12|
    |add_ln850_61_fu_20919_p2  |     +    |      0|  0|   19|          10|          12|
    |add_ln850_62_fu_21127_p2  |     +    |      0|  0|   19|          10|          12|
    |add_ln850_63_fu_21321_p2  |     +    |      0|  0|   19|          10|          12|
    |add_ln850_6_fu_9479_p2    |     +    |      0|  0|   18|           6|          11|
    |add_ln850_7_fu_9687_p2    |     +    |      0|  0|   18|           7|          11|
    |add_ln850_8_fu_9895_p2    |     +    |      0|  0|   18|           7|          11|
    |add_ln850_9_fu_10103_p2   |     +    |      0|  0|   18|           7|          11|
    |add_ln850_fu_8231_p2      |     +    |      0|  0|   18|           3|          11|
    |add_ln851_10_fu_10335_p2  |     +    |      0|  0|   18|           7|          11|
    |add_ln851_11_fu_10529_p2  |     +    |      0|  0|   18|           7|          11|
    |add_ln851_12_fu_10751_p2  |     +    |      0|  0|   18|           7|          11|
    |add_ln851_13_fu_10945_p2  |     +    |      0|  0|   18|           7|          11|
    |add_ln851_14_fu_11167_p2  |     +    |      0|  0|   18|           8|          11|
    |add_ln851_15_fu_11361_p2  |     +    |      0|  0|   18|           8|          11|
    |add_ln851_16_fu_11583_p2  |     +    |      0|  0|   18|           8|          11|
    |add_ln851_17_fu_11777_p2  |     +    |      0|  0|   18|           8|          11|
    |add_ln851_18_fu_11999_p2  |     +    |      0|  0|   18|           8|          11|
    |add_ln851_19_fu_12193_p2  |     +    |      0|  0|   18|           8|          11|
    |add_ln851_1_fu_8449_p2    |     +    |      0|  0|   18|           5|          11|
    |add_ln851_20_fu_12415_p2  |     +    |      0|  0|   18|           8|          11|
    |add_ln851_21_fu_12609_p2  |     +    |      0|  0|   18|           8|          11|
    |add_ln851_22_fu_12831_p2  |     +    |      0|  0|   18|           8|          11|
    |add_ln851_23_fu_13025_p2  |     +    |      0|  0|   18|           8|          11|
    |add_ln851_24_fu_13247_p2  |     +    |      0|  0|   18|           8|          11|
    |add_ln851_25_fu_13441_p2  |     +    |      0|  0|   18|           8|          11|
    |add_ln851_26_fu_13663_p2  |     +    |      0|  0|   18|           8|          11|
    |add_ln851_27_fu_13857_p2  |     +    |      0|  0|   18|           8|          11|
    |add_ln851_28_fu_14079_p2  |     +    |      0|  0|   18|           9|          11|
    |add_ln851_29_fu_14273_p2  |     +    |      0|  0|   18|           9|          11|
    |add_ln851_2_fu_8671_p2    |     +    |      0|  0|   18|           5|          11|
    |add_ln851_30_fu_14495_p2  |     +    |      0|  0|   18|           9|          11|
    |add_ln851_31_fu_14689_p2  |     +    |      0|  0|   18|           9|          11|
    |add_ln851_32_fu_14911_p2  |     +    |      0|  0|   19|           9|          12|
    |add_ln851_33_fu_15105_p2  |     +    |      0|  0|   19|           9|          12|
    |add_ln851_34_fu_15327_p2  |     +    |      0|  0|   19|           9|          12|
    |add_ln851_35_fu_15521_p2  |     +    |      0|  0|   19|           9|          12|
    |add_ln851_36_fu_15743_p2  |     +    |      0|  0|   19|           9|          12|
    |add_ln851_37_fu_15937_p2  |     +    |      0|  0|   19|           9|          12|
    |add_ln851_38_fu_16159_p2  |     +    |      0|  0|   19|           9|          12|
    |add_ln851_39_fu_16353_p2  |     +    |      0|  0|   19|           9|          12|
    |add_ln851_3_fu_8865_p2    |     +    |      0|  0|   18|           6|          11|
    |add_ln851_40_fu_16575_p2  |     +    |      0|  0|   19|           9|          12|
    |add_ln851_41_fu_16769_p2  |     +    |      0|  0|   19|           9|          12|
    |add_ln851_42_fu_16991_p2  |     +    |      0|  0|   19|           9|          12|
    |add_ln851_43_fu_17185_p2  |     +    |      0|  0|   19|           9|          12|
    |add_ln851_44_fu_17407_p2  |     +    |      0|  0|   19|           9|          12|
    |add_ln851_45_fu_17601_p2  |     +    |      0|  0|   19|           9|          12|
    |add_ln851_46_fu_17823_p2  |     +    |      0|  0|   19|           9|          12|
    |add_ln851_47_fu_18017_p2  |     +    |      0|  0|   19|           9|          12|
    |add_ln851_48_fu_18239_p2  |     +    |      0|  0|   19|           9|          12|
    |add_ln851_49_fu_18433_p2  |     +    |      0|  0|   19|           9|          12|
    |add_ln851_4_fu_9087_p2    |     +    |      0|  0|   18|           6|          11|
    |add_ln851_50_fu_18655_p2  |     +    |      0|  0|   19|           9|          12|
    |add_ln851_51_fu_18849_p2  |     +    |      0|  0|   19|           9|          12|
    |add_ln851_52_fu_19071_p2  |     +    |      0|  0|   19|           9|          12|
    |add_ln851_53_fu_19265_p2  |     +    |      0|  0|   19|           9|          12|
    |add_ln851_54_fu_19487_p2  |     +    |      0|  0|   19|           9|          12|
    |add_ln851_55_fu_19681_p2  |     +    |      0|  0|   19|           9|          12|
    |add_ln851_56_fu_19903_p2  |     +    |      0|  0|   19|          10|          12|
    |add_ln851_57_fu_20097_p2  |     +    |      0|  0|   19|          10|          12|
    |add_ln851_58_fu_20319_p2  |     +    |      0|  0|   19|          10|          12|
    |add_ln851_59_fu_20513_p2  |     +    |      0|  0|   19|          10|          12|
    |add_ln851_5_fu_9281_p2    |     +    |      0|  0|   18|           6|          11|
    |add_ln851_60_fu_20735_p2  |     +    |      0|  0|   19|          10|          12|
    |add_ln851_61_fu_20929_p2  |     +    |      0|  0|   19|          10|          12|
    |add_ln851_62_fu_21151_p2  |     +    |      0|  0|   19|          10|          12|
    |add_ln851_63_fu_21331_p2  |     +    |      0|  0|   19|          10|          12|
    |add_ln851_6_fu_9503_p2    |     +    |      0|  0|   18|           6|          11|
    |add_ln851_7_fu_9697_p2    |     +    |      0|  0|   18|           7|          11|
    |add_ln851_8_fu_9919_p2    |     +    |      0|  0|   18|           7|          11|
    |add_ln851_9_fu_10113_p2   |     +    |      0|  0|   18|           7|          11|
    |add_ln851_fu_8255_p2      |     +    |      0|  0|   18|           4|          11|
    |grp_fu_7902_p2            |     -    |      0|  0|   39|          18|          32|
    |or_ln835_10_fu_10268_p2   |    or    |      0|  0|   11|          11|           6|
    |or_ln835_11_fu_10505_p2   |    or    |      0|  0|   11|          11|           6|
    |or_ln835_12_fu_10684_p2   |    or    |      0|  0|   11|          11|           6|
    |or_ln835_13_fu_10921_p2   |    or    |      0|  0|   11|          11|           6|
    |or_ln835_14_fu_11100_p2   |    or    |      0|  0|   11|          11|           6|
    |or_ln835_15_fu_11337_p2   |    or    |      0|  0|   11|          11|           7|
    |or_ln835_16_fu_11516_p2   |    or    |      0|  0|   11|          11|           7|
    |or_ln835_17_fu_11753_p2   |    or    |      0|  0|   11|          11|           7|
    |or_ln835_18_fu_11932_p2   |    or    |      0|  0|   11|          11|           7|
    |or_ln835_19_fu_12169_p2   |    or    |      0|  0|   11|          11|           7|
    |or_ln835_1_fu_8425_p2     |    or    |      0|  0|   11|          11|           4|
    |or_ln835_20_fu_12348_p2   |    or    |      0|  0|   11|          11|           7|
    |or_ln835_21_fu_12585_p2   |    or    |      0|  0|   11|          11|           7|
    |or_ln835_22_fu_12764_p2   |    or    |      0|  0|   11|          11|           7|
    |or_ln835_23_fu_13001_p2   |    or    |      0|  0|   11|          11|           7|
    |or_ln835_24_fu_13180_p2   |    or    |      0|  0|   11|          11|           7|
    |or_ln835_25_fu_13417_p2   |    or    |      0|  0|   11|          11|           7|
    |or_ln835_26_fu_13596_p2   |    or    |      0|  0|   11|          11|           7|
    |or_ln835_27_fu_13833_p2   |    or    |      0|  0|   11|          11|           7|
    |or_ln835_28_fu_14012_p2   |    or    |      0|  0|   11|          11|           7|
    |or_ln835_29_fu_14249_p2   |    or    |      0|  0|   11|          11|           7|
    |or_ln835_2_fu_8604_p2     |    or    |      0|  0|   11|          11|           4|
    |or_ln835_30_fu_14428_p2   |    or    |      0|  0|   11|          11|           7|
    |or_ln835_31_fu_14665_p2   |    or    |      0|  0|   11|          11|           8|
    |or_ln835_32_fu_14844_p2   |    or    |      0|  0|   11|          11|           8|
    |or_ln835_33_fu_15081_p2   |    or    |      0|  0|   11|          11|           8|
    |or_ln835_34_fu_15260_p2   |    or    |      0|  0|   11|          11|           8|
    |or_ln835_35_fu_15497_p2   |    or    |      0|  0|   11|          11|           8|
    |or_ln835_36_fu_15676_p2   |    or    |      0|  0|   11|          11|           8|
    |or_ln835_37_fu_15913_p2   |    or    |      0|  0|   11|          11|           8|
    |or_ln835_38_fu_16092_p2   |    or    |      0|  0|   11|          11|           8|
    |or_ln835_39_fu_16329_p2   |    or    |      0|  0|   11|          11|           8|
    |or_ln835_3_fu_8841_p2     |    or    |      0|  0|   11|          11|           5|
    |or_ln835_40_fu_16508_p2   |    or    |      0|  0|   11|          11|           8|
    |or_ln835_41_fu_16745_p2   |    or    |      0|  0|   11|          11|           8|
    |or_ln835_42_fu_16924_p2   |    or    |      0|  0|   11|          11|           8|
    |or_ln835_43_fu_17161_p2   |    or    |      0|  0|   11|          11|           8|
    |or_ln835_44_fu_17340_p2   |    or    |      0|  0|   11|          11|           8|
    |or_ln835_45_fu_17577_p2   |    or    |      0|  0|   11|          11|           8|
    |or_ln835_46_fu_17756_p2   |    or    |      0|  0|   11|          11|           8|
    |or_ln835_47_fu_17993_p2   |    or    |      0|  0|   11|          11|           8|
    |or_ln835_48_fu_18172_p2   |    or    |      0|  0|   11|          11|           8|
    |or_ln835_49_fu_18409_p2   |    or    |      0|  0|   11|          11|           8|
    |or_ln835_4_fu_9020_p2     |    or    |      0|  0|   11|          11|           5|
    |or_ln835_50_fu_18588_p2   |    or    |      0|  0|   11|          11|           8|
    |or_ln835_51_fu_18825_p2   |    or    |      0|  0|   11|          11|           8|
    |or_ln835_52_fu_19004_p2   |    or    |      0|  0|   11|          11|           8|
    |or_ln835_53_fu_19241_p2   |    or    |      0|  0|   11|          11|           8|
    |or_ln835_54_fu_19420_p2   |    or    |      0|  0|   11|          11|           8|
    |or_ln835_55_fu_19657_p2   |    or    |      0|  0|   11|          11|           8|
    |or_ln835_56_fu_19836_p2   |    or    |      0|  0|   11|          11|           8|
    |or_ln835_57_fu_20073_p2   |    or    |      0|  0|   11|          11|           8|
    |or_ln835_58_fu_20252_p2   |    or    |      0|  0|   11|          11|           8|
    |or_ln835_59_fu_20489_p2   |    or    |      0|  0|   11|          11|           8|
    |or_ln835_5_fu_9257_p2     |    or    |      0|  0|   11|          11|           5|
    |or_ln835_60_fu_20668_p2   |    or    |      0|  0|   11|          11|           8|
    |or_ln835_61_fu_20905_p2   |    or    |      0|  0|   11|          11|           8|
    |or_ln835_62_fu_21084_p2   |    or    |      0|  0|   11|          11|           8|
    |or_ln835_6_fu_9436_p2     |    or    |      0|  0|   11|          11|           5|
    |or_ln835_7_fu_9673_p2     |    or    |      0|  0|   11|          11|           6|
    |or_ln835_8_fu_9852_p2     |    or    |      0|  0|   11|          11|           6|
    |or_ln835_9_fu_10089_p2    |    or    |      0|  0|   11|          11|           6|
    |or_ln835_fu_8188_p2       |    or    |      0|  0|   11|          11|           3|
    |or_ln836_10_fu_10123_p2   |    or    |      0|  0|   11|          11|           6|
    |or_ln836_11_fu_10321_p2   |    or    |      0|  0|   11|          11|           6|
    |or_ln836_12_fu_10539_p2   |    or    |      0|  0|   11|          11|           6|
    |or_ln836_13_fu_10737_p2   |    or    |      0|  0|   11|          11|           6|
    |or_ln836_14_fu_10955_p2   |    or    |      0|  0|   11|          11|           6|
    |or_ln836_15_fu_11153_p2   |    or    |      0|  0|   11|          11|           6|
    |or_ln836_16_fu_11371_p2   |    or    |      0|  0|   11|          11|           7|
    |or_ln836_17_fu_11569_p2   |    or    |      0|  0|   11|          11|           7|
    |or_ln836_18_fu_11787_p2   |    or    |      0|  0|   11|          11|           7|
    |or_ln836_19_fu_11985_p2   |    or    |      0|  0|   11|          11|           7|
    |or_ln836_1_fu_8241_p2     |    or    |      0|  0|   11|          11|           3|
    |or_ln836_20_fu_12203_p2   |    or    |      0|  0|   11|          11|           7|
    |or_ln836_21_fu_12401_p2   |    or    |      0|  0|   11|          11|           7|
    |or_ln836_22_fu_12619_p2   |    or    |      0|  0|   11|          11|           7|
    |or_ln836_23_fu_12817_p2   |    or    |      0|  0|   11|          11|           7|
    |or_ln836_24_fu_13035_p2   |    or    |      0|  0|   11|          11|           7|
    |or_ln836_25_fu_13233_p2   |    or    |      0|  0|   11|          11|           7|
    |or_ln836_26_fu_13451_p2   |    or    |      0|  0|   11|          11|           7|
    |or_ln836_27_fu_13649_p2   |    or    |      0|  0|   11|          11|           7|
    |or_ln836_28_fu_13867_p2   |    or    |      0|  0|   11|          11|           7|
    |or_ln836_29_fu_14065_p2   |    or    |      0|  0|   11|          11|           7|
    |or_ln836_2_fu_8459_p2     |    or    |      0|  0|   11|          11|           4|
    |or_ln836_30_fu_14283_p2   |    or    |      0|  0|   11|          11|           7|
    |or_ln836_31_fu_14481_p2   |    or    |      0|  0|   11|          11|           7|
    |or_ln836_32_fu_14699_p2   |    or    |      0|  0|   11|          11|           8|
    |or_ln836_33_fu_14897_p2   |    or    |      0|  0|   11|          11|           8|
    |or_ln836_34_fu_15115_p2   |    or    |      0|  0|   11|          11|           8|
    |or_ln836_35_fu_15313_p2   |    or    |      0|  0|   11|          11|           8|
    |or_ln836_36_fu_15531_p2   |    or    |      0|  0|   11|          11|           8|
    |or_ln836_37_fu_15729_p2   |    or    |      0|  0|   11|          11|           8|
    |or_ln836_38_fu_15947_p2   |    or    |      0|  0|   11|          11|           8|
    |or_ln836_39_fu_16145_p2   |    or    |      0|  0|   11|          11|           8|
    |or_ln836_3_fu_8657_p2     |    or    |      0|  0|   11|          11|           4|
    |or_ln836_40_fu_16363_p2   |    or    |      0|  0|   11|          11|           8|
    |or_ln836_41_fu_16561_p2   |    or    |      0|  0|   11|          11|           8|
    |or_ln836_42_fu_16779_p2   |    or    |      0|  0|   11|          11|           8|
    |or_ln836_43_fu_16977_p2   |    or    |      0|  0|   11|          11|           8|
    |or_ln836_44_fu_17195_p2   |    or    |      0|  0|   11|          11|           8|
    |or_ln836_45_fu_17393_p2   |    or    |      0|  0|   11|          11|           8|
    |or_ln836_46_fu_17611_p2   |    or    |      0|  0|   11|          11|           8|
    |or_ln836_47_fu_17809_p2   |    or    |      0|  0|   11|          11|           8|
    |or_ln836_48_fu_18027_p2   |    or    |      0|  0|   11|          11|           8|
    |or_ln836_49_fu_18225_p2   |    or    |      0|  0|   11|          11|           8|
    |or_ln836_4_fu_8875_p2     |    or    |      0|  0|   11|          11|           5|
    |or_ln836_50_fu_18443_p2   |    or    |      0|  0|   11|          11|           8|
    |or_ln836_51_fu_18641_p2   |    or    |      0|  0|   11|          11|           8|
    |or_ln836_52_fu_18859_p2   |    or    |      0|  0|   11|          11|           8|
    |or_ln836_53_fu_19057_p2   |    or    |      0|  0|   11|          11|           8|
    |or_ln836_54_fu_19275_p2   |    or    |      0|  0|   11|          11|           8|
    |or_ln836_55_fu_19473_p2   |    or    |      0|  0|   11|          11|           8|
    |or_ln836_56_fu_19691_p2   |    or    |      0|  0|   11|          11|           8|
    |or_ln836_57_fu_19889_p2   |    or    |      0|  0|   11|          11|           8|
    |or_ln836_58_fu_20107_p2   |    or    |      0|  0|   11|          11|           8|
    |or_ln836_59_fu_20305_p2   |    or    |      0|  0|   11|          11|           8|
    |or_ln836_5_fu_9073_p2     |    or    |      0|  0|   11|          11|           5|
    |or_ln836_60_fu_20523_p2   |    or    |      0|  0|   11|          11|           8|
    |or_ln836_61_fu_20721_p2   |    or    |      0|  0|   11|          11|           8|
    |or_ln836_62_fu_20939_p2   |    or    |      0|  0|   11|          11|           8|
    |or_ln836_63_fu_21137_p2   |    or    |      0|  0|   11|          11|           8|
    |or_ln836_6_fu_9291_p2     |    or    |      0|  0|   11|          11|           5|
    |or_ln836_7_fu_9489_p2     |    or    |      0|  0|   11|          11|           5|
    |or_ln836_8_fu_9707_p2     |    or    |      0|  0|   11|          11|           6|
    |or_ln836_9_fu_9905_p2     |    or    |      0|  0|   11|          11|           6|
    |or_ln836_fu_8043_p2       |    or    |      0|  0|   11|          11|           1|
    |or_ln837_10_fu_10162_p2   |    or    |      0|  0|   11|          11|           6|
    |or_ln837_11_fu_10360_p2   |    or    |      0|  0|   11|          11|           6|
    |or_ln837_12_fu_10578_p2   |    or    |      0|  0|   11|          11|           6|
    |or_ln837_13_fu_10776_p2   |    or    |      0|  0|   11|          11|           6|
    |or_ln837_14_fu_10994_p2   |    or    |      0|  0|   11|          11|           6|
    |or_ln837_15_fu_11192_p2   |    or    |      0|  0|   11|          11|           6|
    |or_ln837_16_fu_11410_p2   |    or    |      0|  0|   11|          11|           7|
    |or_ln837_17_fu_11608_p2   |    or    |      0|  0|   11|          11|           7|
    |or_ln837_18_fu_11826_p2   |    or    |      0|  0|   11|          11|           7|
    |or_ln837_19_fu_12024_p2   |    or    |      0|  0|   11|          11|           7|
    |or_ln837_1_fu_8280_p2     |    or    |      0|  0|   11|          11|           3|
    |or_ln837_20_fu_12242_p2   |    or    |      0|  0|   11|          11|           7|
    |or_ln837_21_fu_12440_p2   |    or    |      0|  0|   11|          11|           7|
    |or_ln837_22_fu_12658_p2   |    or    |      0|  0|   11|          11|           7|
    |or_ln837_23_fu_12856_p2   |    or    |      0|  0|   11|          11|           7|
    |or_ln837_24_fu_13074_p2   |    or    |      0|  0|   11|          11|           7|
    |or_ln837_25_fu_13272_p2   |    or    |      0|  0|   11|          11|           7|
    |or_ln837_26_fu_13490_p2   |    or    |      0|  0|   11|          11|           7|
    |or_ln837_27_fu_13688_p2   |    or    |      0|  0|   11|          11|           7|
    |or_ln837_28_fu_13906_p2   |    or    |      0|  0|   11|          11|           7|
    |or_ln837_29_fu_14104_p2   |    or    |      0|  0|   11|          11|           7|
    |or_ln837_2_fu_8498_p2     |    or    |      0|  0|   11|          11|           4|
    |or_ln837_30_fu_14322_p2   |    or    |      0|  0|   11|          11|           7|
    |or_ln837_31_fu_14520_p2   |    or    |      0|  0|   11|          11|           7|
    |or_ln837_32_fu_14738_p2   |    or    |      0|  0|   11|          11|           8|
    |or_ln837_33_fu_14936_p2   |    or    |      0|  0|   11|          11|           8|
    |or_ln837_34_fu_15154_p2   |    or    |      0|  0|   11|          11|           8|
    |or_ln837_35_fu_15352_p2   |    or    |      0|  0|   11|          11|           8|
    |or_ln837_36_fu_15570_p2   |    or    |      0|  0|   11|          11|           8|
    |or_ln837_37_fu_15768_p2   |    or    |      0|  0|   11|          11|           8|
    |or_ln837_38_fu_15986_p2   |    or    |      0|  0|   11|          11|           8|
    |or_ln837_39_fu_16184_p2   |    or    |      0|  0|   11|          11|           8|
    |or_ln837_3_fu_8696_p2     |    or    |      0|  0|   11|          11|           4|
    |or_ln837_40_fu_16402_p2   |    or    |      0|  0|   11|          11|           8|
    |or_ln837_41_fu_16600_p2   |    or    |      0|  0|   11|          11|           8|
    |or_ln837_42_fu_16818_p2   |    or    |      0|  0|   11|          11|           8|
    |or_ln837_43_fu_17016_p2   |    or    |      0|  0|   11|          11|           8|
    |or_ln837_44_fu_17234_p2   |    or    |      0|  0|   11|          11|           8|
    |or_ln837_45_fu_17432_p2   |    or    |      0|  0|   11|          11|           8|
    |or_ln837_46_fu_17650_p2   |    or    |      0|  0|   11|          11|           8|
    |or_ln837_47_fu_17848_p2   |    or    |      0|  0|   11|          11|           8|
    |or_ln837_48_fu_18066_p2   |    or    |      0|  0|   11|          11|           8|
    |or_ln837_49_fu_18264_p2   |    or    |      0|  0|   11|          11|           8|
    |or_ln837_4_fu_8914_p2     |    or    |      0|  0|   11|          11|           5|
    |or_ln837_50_fu_18482_p2   |    or    |      0|  0|   11|          11|           8|
    |or_ln837_51_fu_18680_p2   |    or    |      0|  0|   11|          11|           8|
    |or_ln837_52_fu_18898_p2   |    or    |      0|  0|   11|          11|           8|
    |or_ln837_53_fu_19096_p2   |    or    |      0|  0|   11|          11|           8|
    |or_ln837_54_fu_19314_p2   |    or    |      0|  0|   11|          11|           8|
    |or_ln837_55_fu_19512_p2   |    or    |      0|  0|   11|          11|           8|
    |or_ln837_56_fu_19730_p2   |    or    |      0|  0|   11|          11|           8|
    |or_ln837_57_fu_19928_p2   |    or    |      0|  0|   11|          11|           8|
    |or_ln837_58_fu_20146_p2   |    or    |      0|  0|   11|          11|           8|
    |or_ln837_59_fu_20344_p2   |    or    |      0|  0|   11|          11|           8|
    |or_ln837_5_fu_9112_p2     |    or    |      0|  0|   11|          11|           5|
    |or_ln837_60_fu_20562_p2   |    or    |      0|  0|   11|          11|           8|
    |or_ln837_61_fu_20760_p2   |    or    |      0|  0|   11|          11|           8|
    |or_ln837_62_fu_20978_p2   |    or    |      0|  0|   11|          11|           8|
    |or_ln837_63_fu_21176_p2   |    or    |      0|  0|   11|          11|           8|
    |or_ln837_6_fu_9330_p2     |    or    |      0|  0|   11|          11|           5|
    |or_ln837_7_fu_9528_p2     |    or    |      0|  0|   11|          11|           5|
    |or_ln837_8_fu_9746_p2     |    or    |      0|  0|   11|          11|           6|
    |or_ln837_9_fu_9944_p2     |    or    |      0|  0|   11|          11|           6|
    |or_ln837_fu_8082_p2       |    or    |      0|  0|   11|          11|           2|
    |or_ln838_10_fu_10215_p2   |    or    |      0|  0|   11|          11|           6|
    |or_ln838_11_fu_10413_p2   |    or    |      0|  0|   11|          11|           6|
    |or_ln838_12_fu_10631_p2   |    or    |      0|  0|   11|          11|           6|
    |or_ln838_13_fu_10829_p2   |    or    |      0|  0|   11|          11|           6|
    |or_ln838_14_fu_11047_p2   |    or    |      0|  0|   11|          11|           6|
    |or_ln838_15_fu_11245_p2   |    or    |      0|  0|   11|          11|           6|
    |or_ln838_16_fu_11463_p2   |    or    |      0|  0|   11|          11|           7|
    |or_ln838_17_fu_11661_p2   |    or    |      0|  0|   11|          11|           7|
    |or_ln838_18_fu_11879_p2   |    or    |      0|  0|   11|          11|           7|
    |or_ln838_19_fu_12077_p2   |    or    |      0|  0|   11|          11|           7|
    |or_ln838_1_fu_8333_p2     |    or    |      0|  0|   11|          11|           3|
    |or_ln838_20_fu_12295_p2   |    or    |      0|  0|   11|          11|           7|
    |or_ln838_21_fu_12493_p2   |    or    |      0|  0|   11|          11|           7|
    |or_ln838_22_fu_12711_p2   |    or    |      0|  0|   11|          11|           7|
    |or_ln838_23_fu_12909_p2   |    or    |      0|  0|   11|          11|           7|
    |or_ln838_24_fu_13127_p2   |    or    |      0|  0|   11|          11|           7|
    |or_ln838_25_fu_13325_p2   |    or    |      0|  0|   11|          11|           7|
    |or_ln838_26_fu_13543_p2   |    or    |      0|  0|   11|          11|           7|
    |or_ln838_27_fu_13741_p2   |    or    |      0|  0|   11|          11|           7|
    |or_ln838_28_fu_13959_p2   |    or    |      0|  0|   11|          11|           7|
    |or_ln838_29_fu_14157_p2   |    or    |      0|  0|   11|          11|           7|
    |or_ln838_2_fu_8551_p2     |    or    |      0|  0|   11|          11|           4|
    |or_ln838_30_fu_14375_p2   |    or    |      0|  0|   11|          11|           7|
    |or_ln838_31_fu_14573_p2   |    or    |      0|  0|   11|          11|           7|
    |or_ln838_32_fu_14791_p2   |    or    |      0|  0|   11|          11|           8|
    |or_ln838_33_fu_14989_p2   |    or    |      0|  0|   11|          11|           8|
    |or_ln838_34_fu_15207_p2   |    or    |      0|  0|   11|          11|           8|
    |or_ln838_35_fu_15405_p2   |    or    |      0|  0|   11|          11|           8|
    |or_ln838_36_fu_15623_p2   |    or    |      0|  0|   11|          11|           8|
    |or_ln838_37_fu_15821_p2   |    or    |      0|  0|   11|          11|           8|
    |or_ln838_38_fu_16039_p2   |    or    |      0|  0|   11|          11|           8|
    |or_ln838_39_fu_16237_p2   |    or    |      0|  0|   11|          11|           8|
    |or_ln838_3_fu_8749_p2     |    or    |      0|  0|   11|          11|           4|
    |or_ln838_40_fu_16455_p2   |    or    |      0|  0|   11|          11|           8|
    |or_ln838_41_fu_16653_p2   |    or    |      0|  0|   11|          11|           8|
    |or_ln838_42_fu_16871_p2   |    or    |      0|  0|   11|          11|           8|
    |or_ln838_43_fu_17069_p2   |    or    |      0|  0|   11|          11|           8|
    |or_ln838_44_fu_17287_p2   |    or    |      0|  0|   11|          11|           8|
    |or_ln838_45_fu_17485_p2   |    or    |      0|  0|   11|          11|           8|
    |or_ln838_46_fu_17703_p2   |    or    |      0|  0|   11|          11|           8|
    |or_ln838_47_fu_17901_p2   |    or    |      0|  0|   11|          11|           8|
    |or_ln838_48_fu_18119_p2   |    or    |      0|  0|   11|          11|           8|
    |or_ln838_49_fu_18317_p2   |    or    |      0|  0|   11|          11|           8|
    |or_ln838_4_fu_8967_p2     |    or    |      0|  0|   11|          11|           5|
    |or_ln838_50_fu_18535_p2   |    or    |      0|  0|   11|          11|           8|
    |or_ln838_51_fu_18733_p2   |    or    |      0|  0|   11|          11|           8|
    |or_ln838_52_fu_18951_p2   |    or    |      0|  0|   11|          11|           8|
    |or_ln838_53_fu_19149_p2   |    or    |      0|  0|   11|          11|           8|
    |or_ln838_54_fu_19367_p2   |    or    |      0|  0|   11|          11|           8|
    |or_ln838_55_fu_19565_p2   |    or    |      0|  0|   11|          11|           8|
    |or_ln838_56_fu_19783_p2   |    or    |      0|  0|   11|          11|           8|
    |or_ln838_57_fu_19981_p2   |    or    |      0|  0|   11|          11|           8|
    |or_ln838_58_fu_20199_p2   |    or    |      0|  0|   11|          11|           8|
    |or_ln838_59_fu_20397_p2   |    or    |      0|  0|   11|          11|           8|
    |or_ln838_5_fu_9165_p2     |    or    |      0|  0|   11|          11|           5|
    |or_ln838_60_fu_20615_p2   |    or    |      0|  0|   11|          11|           8|
    |or_ln838_61_fu_20813_p2   |    or    |      0|  0|   11|          11|           8|
    |or_ln838_62_fu_21031_p2   |    or    |      0|  0|   11|          11|           8|
    |or_ln838_63_fu_21229_p2   |    or    |      0|  0|   11|          11|           8|
    |or_ln838_6_fu_9383_p2     |    or    |      0|  0|   11|          11|           5|
    |or_ln838_7_fu_9581_p2     |    or    |      0|  0|   11|          11|           5|
    |or_ln838_8_fu_9799_p2     |    or    |      0|  0|   11|          11|           6|
    |or_ln838_9_fu_9997_p2     |    or    |      0|  0|   11|          11|           6|
    |or_ln838_fu_8135_p2       |    or    |      0|  0|   11|          11|           2|
    |or_ln843_10_fu_10198_p2   |    or    |      0|  0|    8|           8|           8|
    |or_ln843_11_fu_10406_p2   |    or    |      0|  0|    8|           8|           8|
    |or_ln843_12_fu_10614_p2   |    or    |      0|  0|    8|           8|           8|
    |or_ln843_13_fu_10822_p2   |    or    |      0|  0|    8|           8|           8|
    |or_ln843_14_fu_11030_p2   |    or    |      0|  0|    8|           8|           8|
    |or_ln843_15_fu_11238_p2   |    or    |      0|  0|    8|           8|           8|
    |or_ln843_16_fu_11446_p2   |    or    |      0|  0|    8|           8|           8|
    |or_ln843_17_fu_11654_p2   |    or    |      0|  0|    8|           8|           8|
    |or_ln843_18_fu_11862_p2   |    or    |      0|  0|    8|           8|           8|
    |or_ln843_19_fu_12070_p2   |    or    |      0|  0|    8|           8|           8|
    |or_ln843_1_fu_8326_p2     |    or    |      0|  0|    8|           8|           8|
    |or_ln843_20_fu_12278_p2   |    or    |      0|  0|    8|           8|           8|
    |or_ln843_21_fu_12486_p2   |    or    |      0|  0|    8|           8|           8|
    |or_ln843_22_fu_12694_p2   |    or    |      0|  0|    8|           8|           8|
    |or_ln843_23_fu_12902_p2   |    or    |      0|  0|    8|           8|           8|
    |or_ln843_24_fu_13110_p2   |    or    |      0|  0|    8|           8|           8|
    |or_ln843_25_fu_13318_p2   |    or    |      0|  0|    8|           8|           8|
    |or_ln843_26_fu_13526_p2   |    or    |      0|  0|    8|           8|           8|
    |or_ln843_27_fu_13734_p2   |    or    |      0|  0|    8|           8|           8|
    |or_ln843_28_fu_13942_p2   |    or    |      0|  0|    8|           8|           8|
    |or_ln843_29_fu_14150_p2   |    or    |      0|  0|    8|           8|           8|
    |or_ln843_2_fu_8534_p2     |    or    |      0|  0|    8|           8|           8|
    |or_ln843_30_fu_14358_p2   |    or    |      0|  0|    8|           8|           8|
    |or_ln843_31_fu_14566_p2   |    or    |      0|  0|    8|           8|           8|
    |or_ln843_32_fu_14774_p2   |    or    |      0|  0|    8|           8|           8|
    |or_ln843_33_fu_14982_p2   |    or    |      0|  0|    8|           8|           8|
    |or_ln843_34_fu_15190_p2   |    or    |      0|  0|    8|           8|           8|
    |or_ln843_35_fu_15398_p2   |    or    |      0|  0|    8|           8|           8|
    |or_ln843_36_fu_15606_p2   |    or    |      0|  0|    8|           8|           8|
    |or_ln843_37_fu_15814_p2   |    or    |      0|  0|    8|           8|           8|
    |or_ln843_38_fu_16022_p2   |    or    |      0|  0|    8|           8|           8|
    |or_ln843_39_fu_16230_p2   |    or    |      0|  0|    8|           8|           8|
    |or_ln843_3_fu_8742_p2     |    or    |      0|  0|    8|           8|           8|
    |or_ln843_40_fu_16438_p2   |    or    |      0|  0|    8|           8|           8|
    |or_ln843_41_fu_16646_p2   |    or    |      0|  0|    8|           8|           8|
    |or_ln843_42_fu_16854_p2   |    or    |      0|  0|    8|           8|           8|
    |or_ln843_43_fu_17062_p2   |    or    |      0|  0|    8|           8|           8|
    |or_ln843_44_fu_17270_p2   |    or    |      0|  0|    8|           8|           8|
    |or_ln843_45_fu_17478_p2   |    or    |      0|  0|    8|           8|           8|
    |or_ln843_46_fu_17686_p2   |    or    |      0|  0|    8|           8|           8|
    |or_ln843_47_fu_17894_p2   |    or    |      0|  0|    8|           8|           8|
    |or_ln843_48_fu_18102_p2   |    or    |      0|  0|    8|           8|           8|
    |or_ln843_49_fu_18310_p2   |    or    |      0|  0|    8|           8|           8|
    |or_ln843_4_fu_8950_p2     |    or    |      0|  0|    8|           8|           8|
    |or_ln843_50_fu_18518_p2   |    or    |      0|  0|    8|           8|           8|
    |or_ln843_51_fu_18726_p2   |    or    |      0|  0|    8|           8|           8|
    |or_ln843_52_fu_18934_p2   |    or    |      0|  0|    8|           8|           8|
    |or_ln843_53_fu_19142_p2   |    or    |      0|  0|    8|           8|           8|
    |or_ln843_54_fu_19350_p2   |    or    |      0|  0|    8|           8|           8|
    |or_ln843_55_fu_19558_p2   |    or    |      0|  0|    8|           8|           8|
    |or_ln843_56_fu_19766_p2   |    or    |      0|  0|    8|           8|           8|
    |or_ln843_57_fu_19974_p2   |    or    |      0|  0|    8|           8|           8|
    |or_ln843_58_fu_20182_p2   |    or    |      0|  0|    8|           8|           8|
    |or_ln843_59_fu_20390_p2   |    or    |      0|  0|    8|           8|           8|
    |or_ln843_5_fu_9158_p2     |    or    |      0|  0|    8|           8|           8|
    |or_ln843_60_fu_20598_p2   |    or    |      0|  0|    8|           8|           8|
    |or_ln843_61_fu_20806_p2   |    or    |      0|  0|    8|           8|           8|
    |or_ln843_62_fu_21014_p2   |    or    |      0|  0|    8|           8|           8|
    |or_ln843_63_fu_21222_p2   |    or    |      0|  0|    8|           8|           8|
    |or_ln843_6_fu_9366_p2     |    or    |      0|  0|    8|           8|           8|
    |or_ln843_7_fu_9574_p2     |    or    |      0|  0|    8|           8|           8|
    |or_ln843_8_fu_9782_p2     |    or    |      0|  0|    8|           8|           8|
    |or_ln843_9_fu_9990_p2     |    or    |      0|  0|    8|           8|           8|
    |or_ln843_fu_8118_p2       |    or    |      0|  0|    8|           8|           8|
    |or_ln846_10_fu_10251_p2   |    or    |      0|  0|    8|           8|           8|
    |or_ln846_11_fu_10459_p2   |    or    |      0|  0|    8|           8|           8|
    |or_ln846_12_fu_10667_p2   |    or    |      0|  0|    8|           8|           8|
    |or_ln846_13_fu_10875_p2   |    or    |      0|  0|    8|           8|           8|
    |or_ln846_14_fu_11083_p2   |    or    |      0|  0|    8|           8|           8|
    |or_ln846_15_fu_11291_p2   |    or    |      0|  0|    8|           8|           8|
    |or_ln846_16_fu_11499_p2   |    or    |      0|  0|    8|           8|           8|
    |or_ln846_17_fu_11707_p2   |    or    |      0|  0|    8|           8|           8|
    |or_ln846_18_fu_11915_p2   |    or    |      0|  0|    8|           8|           8|
    |or_ln846_19_fu_12123_p2   |    or    |      0|  0|    8|           8|           8|
    |or_ln846_1_fu_8379_p2     |    or    |      0|  0|    8|           8|           8|
    |or_ln846_20_fu_12331_p2   |    or    |      0|  0|    8|           8|           8|
    |or_ln846_21_fu_12539_p2   |    or    |      0|  0|    8|           8|           8|
    |or_ln846_22_fu_12747_p2   |    or    |      0|  0|    8|           8|           8|
    |or_ln846_23_fu_12955_p2   |    or    |      0|  0|    8|           8|           8|
    |or_ln846_24_fu_13163_p2   |    or    |      0|  0|    8|           8|           8|
    |or_ln846_25_fu_13371_p2   |    or    |      0|  0|    8|           8|           8|
    |or_ln846_26_fu_13579_p2   |    or    |      0|  0|    8|           8|           8|
    |or_ln846_27_fu_13787_p2   |    or    |      0|  0|    8|           8|           8|
    |or_ln846_28_fu_13995_p2   |    or    |      0|  0|    8|           8|           8|
    |or_ln846_29_fu_14203_p2   |    or    |      0|  0|    8|           8|           8|
    |or_ln846_2_fu_8587_p2     |    or    |      0|  0|    8|           8|           8|
    |or_ln846_30_fu_14411_p2   |    or    |      0|  0|    8|           8|           8|
    |or_ln846_31_fu_14619_p2   |    or    |      0|  0|    8|           8|           8|
    |or_ln846_32_fu_14827_p2   |    or    |      0|  0|    8|           8|           8|
    |or_ln846_33_fu_15035_p2   |    or    |      0|  0|    8|           8|           8|
    |or_ln846_34_fu_15243_p2   |    or    |      0|  0|    8|           8|           8|
    |or_ln846_35_fu_15451_p2   |    or    |      0|  0|    8|           8|           8|
    |or_ln846_36_fu_15659_p2   |    or    |      0|  0|    8|           8|           8|
    |or_ln846_37_fu_15867_p2   |    or    |      0|  0|    8|           8|           8|
    |or_ln846_38_fu_16075_p2   |    or    |      0|  0|    8|           8|           8|
    |or_ln846_39_fu_16283_p2   |    or    |      0|  0|    8|           8|           8|
    |or_ln846_3_fu_8795_p2     |    or    |      0|  0|    8|           8|           8|
    |or_ln846_40_fu_16491_p2   |    or    |      0|  0|    8|           8|           8|
    |or_ln846_41_fu_16699_p2   |    or    |      0|  0|    8|           8|           8|
    |or_ln846_42_fu_16907_p2   |    or    |      0|  0|    8|           8|           8|
    |or_ln846_43_fu_17115_p2   |    or    |      0|  0|    8|           8|           8|
    |or_ln846_44_fu_17323_p2   |    or    |      0|  0|    8|           8|           8|
    |or_ln846_45_fu_17531_p2   |    or    |      0|  0|    8|           8|           8|
    |or_ln846_46_fu_17739_p2   |    or    |      0|  0|    8|           8|           8|
    |or_ln846_47_fu_17947_p2   |    or    |      0|  0|    8|           8|           8|
    |or_ln846_48_fu_18155_p2   |    or    |      0|  0|    8|           8|           8|
    |or_ln846_49_fu_18363_p2   |    or    |      0|  0|    8|           8|           8|
    |or_ln846_4_fu_9003_p2     |    or    |      0|  0|    8|           8|           8|
    |or_ln846_50_fu_18571_p2   |    or    |      0|  0|    8|           8|           8|
    |or_ln846_51_fu_18779_p2   |    or    |      0|  0|    8|           8|           8|
    |or_ln846_52_fu_18987_p2   |    or    |      0|  0|    8|           8|           8|
    |or_ln846_53_fu_19195_p2   |    or    |      0|  0|    8|           8|           8|
    |or_ln846_54_fu_19403_p2   |    or    |      0|  0|    8|           8|           8|
    |or_ln846_55_fu_19611_p2   |    or    |      0|  0|    8|           8|           8|
    |or_ln846_56_fu_19819_p2   |    or    |      0|  0|    8|           8|           8|
    |or_ln846_57_fu_20027_p2   |    or    |      0|  0|    8|           8|           8|
    |or_ln846_58_fu_20235_p2   |    or    |      0|  0|    8|           8|           8|
    |or_ln846_59_fu_20443_p2   |    or    |      0|  0|    8|           8|           8|
    |or_ln846_5_fu_9211_p2     |    or    |      0|  0|    8|           8|           8|
    |or_ln846_60_fu_20651_p2   |    or    |      0|  0|    8|           8|           8|
    |or_ln846_61_fu_20859_p2   |    or    |      0|  0|    8|           8|           8|
    |or_ln846_62_fu_21067_p2   |    or    |      0|  0|    8|           8|           8|
    |or_ln846_63_fu_21275_p2   |    or    |      0|  0|    8|           8|           8|
    |or_ln846_6_fu_9419_p2     |    or    |      0|  0|    8|           8|           8|
    |or_ln846_7_fu_9627_p2     |    or    |      0|  0|    8|           8|           8|
    |or_ln846_8_fu_9835_p2     |    or    |      0|  0|    8|           8|           8|
    |or_ln846_9_fu_10043_p2    |    or    |      0|  0|    8|           8|           8|
    |or_ln846_fu_8171_p2       |    or    |      0|  0|    8|           8|           8|
    |or_ln849_10_fu_10304_p2   |    or    |      0|  0|    8|           8|           8|
    |or_ln849_11_fu_10498_p2   |    or    |      0|  0|    8|           8|           8|
    |or_ln849_12_fu_10720_p2   |    or    |      0|  0|    8|           8|           8|
    |or_ln849_13_fu_10914_p2   |    or    |      0|  0|    8|           8|           8|
    |or_ln849_14_fu_11136_p2   |    or    |      0|  0|    8|           8|           8|
    |or_ln849_15_fu_11330_p2   |    or    |      0|  0|    8|           8|           8|
    |or_ln849_16_fu_11552_p2   |    or    |      0|  0|    8|           8|           8|
    |or_ln849_17_fu_11746_p2   |    or    |      0|  0|    8|           8|           8|
    |or_ln849_18_fu_11968_p2   |    or    |      0|  0|    8|           8|           8|
    |or_ln849_19_fu_12162_p2   |    or    |      0|  0|    8|           8|           8|
    |or_ln849_1_fu_8418_p2     |    or    |      0|  0|    8|           8|           8|
    |or_ln849_20_fu_12384_p2   |    or    |      0|  0|    8|           8|           8|
    |or_ln849_21_fu_12578_p2   |    or    |      0|  0|    8|           8|           8|
    |or_ln849_22_fu_12800_p2   |    or    |      0|  0|    8|           8|           8|
    |or_ln849_23_fu_12994_p2   |    or    |      0|  0|    8|           8|           8|
    |or_ln849_24_fu_13216_p2   |    or    |      0|  0|    8|           8|           8|
    |or_ln849_25_fu_13410_p2   |    or    |      0|  0|    8|           8|           8|
    |or_ln849_26_fu_13632_p2   |    or    |      0|  0|    8|           8|           8|
    |or_ln849_27_fu_13826_p2   |    or    |      0|  0|    8|           8|           8|
    |or_ln849_28_fu_14048_p2   |    or    |      0|  0|    8|           8|           8|
    |or_ln849_29_fu_14242_p2   |    or    |      0|  0|    8|           8|           8|
    |or_ln849_2_fu_8640_p2     |    or    |      0|  0|    8|           8|           8|
    |or_ln849_30_fu_14464_p2   |    or    |      0|  0|    8|           8|           8|
    |or_ln849_31_fu_14658_p2   |    or    |      0|  0|    8|           8|           8|
    |or_ln849_32_fu_14880_p2   |    or    |      0|  0|    8|           8|           8|
    |or_ln849_33_fu_15074_p2   |    or    |      0|  0|    8|           8|           8|
    |or_ln849_34_fu_15296_p2   |    or    |      0|  0|    8|           8|           8|
    |or_ln849_35_fu_15490_p2   |    or    |      0|  0|    8|           8|           8|
    |or_ln849_36_fu_15712_p2   |    or    |      0|  0|    8|           8|           8|
    |or_ln849_37_fu_15906_p2   |    or    |      0|  0|    8|           8|           8|
    |or_ln849_38_fu_16128_p2   |    or    |      0|  0|    8|           8|           8|
    |or_ln849_39_fu_16322_p2   |    or    |      0|  0|    8|           8|           8|
    |or_ln849_3_fu_8834_p2     |    or    |      0|  0|    8|           8|           8|
    |or_ln849_40_fu_16544_p2   |    or    |      0|  0|    8|           8|           8|
    |or_ln849_41_fu_16738_p2   |    or    |      0|  0|    8|           8|           8|
    |or_ln849_42_fu_16960_p2   |    or    |      0|  0|    8|           8|           8|
    |or_ln849_43_fu_17154_p2   |    or    |      0|  0|    8|           8|           8|
    |or_ln849_44_fu_17376_p2   |    or    |      0|  0|    8|           8|           8|
    |or_ln849_45_fu_17570_p2   |    or    |      0|  0|    8|           8|           8|
    |or_ln849_46_fu_17792_p2   |    or    |      0|  0|    8|           8|           8|
    |or_ln849_47_fu_17986_p2   |    or    |      0|  0|    8|           8|           8|
    |or_ln849_48_fu_18208_p2   |    or    |      0|  0|    8|           8|           8|
    |or_ln849_49_fu_18402_p2   |    or    |      0|  0|    8|           8|           8|
    |or_ln849_4_fu_9056_p2     |    or    |      0|  0|    8|           8|           8|
    |or_ln849_50_fu_18624_p2   |    or    |      0|  0|    8|           8|           8|
    |or_ln849_51_fu_18818_p2   |    or    |      0|  0|    8|           8|           8|
    |or_ln849_52_fu_19040_p2   |    or    |      0|  0|    8|           8|           8|
    |or_ln849_53_fu_19234_p2   |    or    |      0|  0|    8|           8|           8|
    |or_ln849_54_fu_19456_p2   |    or    |      0|  0|    8|           8|           8|
    |or_ln849_55_fu_19650_p2   |    or    |      0|  0|    8|           8|           8|
    |or_ln849_56_fu_19872_p2   |    or    |      0|  0|    8|           8|           8|
    |or_ln849_57_fu_20066_p2   |    or    |      0|  0|    8|           8|           8|
    |or_ln849_58_fu_20288_p2   |    or    |      0|  0|    8|           8|           8|
    |or_ln849_59_fu_20482_p2   |    or    |      0|  0|    8|           8|           8|
    |or_ln849_5_fu_9250_p2     |    or    |      0|  0|    8|           8|           8|
    |or_ln849_60_fu_20704_p2   |    or    |      0|  0|    8|           8|           8|
    |or_ln849_61_fu_20898_p2   |    or    |      0|  0|    8|           8|           8|
    |or_ln849_62_fu_21120_p2   |    or    |      0|  0|    8|           8|           8|
    |or_ln849_63_fu_21314_p2   |    or    |      0|  0|    8|           8|           8|
    |or_ln849_6_fu_9472_p2     |    or    |      0|  0|    8|           8|           8|
    |or_ln849_7_fu_9666_p2     |    or    |      0|  0|    8|           8|           8|
    |or_ln849_8_fu_9888_p2     |    or    |      0|  0|    8|           8|           8|
    |or_ln849_9_fu_10082_p2    |    or    |      0|  0|    8|           8|           8|
    |or_ln849_fu_8224_p2       |    or    |      0|  0|    8|           8|           8|
    +--------------------------+----------+-------+---+-----+------------+------------+
    |Total                     |          |      0|  0|15018|        9096|        9974|
    +--------------------------+----------+-------+---+-----+------------+------------+

    * Multiplexer: 
    +-------------------+------+-----------+-----+-----------+
    |        Name       |  LUT | Input Size| Bits| Total Bits|
    +-------------------+------+-----------+-----+-----------+
    |a_coeffs_address0  |  1173|        257|   10|       2570|
    |ap_NS_fsm          |  1305|        290|    1|        290|
    |r_address0         |  1301|        289|   13|       3757|
    |r_address1         |  1301|        289|   13|       3757|
    |r_d0               |   601|        134|    8|       1072|
    |r_d1               |   601|        134|    8|       1072|
    +-------------------+------+-----------+-----+-----------+
    |Total              |  6282|       1393|   53|      12518|
    +-------------------+------+-----------+-----+-----------+

    * Register: 
    +-----------------------+-----+----+-----+-----------+
    |          Name         |  FF | LUT| Bits| Const Bits|
    +-----------------------+-----+----+-----+-----------+
    |ap_CS_fsm              |  289|   0|  289|          0|
    |reg_7992               |    8|   0|    8|          0|
    |reg_7996               |    8|   0|    8|          0|
    |reg_8000               |    8|   0|    8|          0|
    |reg_8004               |    8|   0|    8|          0|
    |reg_8010               |    8|   0|    8|          0|
    |reg_8015               |    8|   0|    8|          0|
    |reg_8020               |    8|   0|    8|          0|
    |reg_8025               |    8|   0|    8|          0|
    |tmp_reg_21341          |    3|   0|   11|          8|
    |trunc_ln841_reg_21902  |   11|   0|   11|          0|
    +-----------------------+-----+----+-----+-----------+
    |Total                  |  367|   0|  375|          8|
    +-----------------------+-----+----+-----+-----------+



================================================================
== Interface
================================================================
* Summary: 
+-------------------+-----+-----+------------+------------------------+--------------+
|     RTL Ports     | Dir | Bits|  Protocol  |      Source Object     |    C Type    |
+-------------------+-----+-----+------------+------------------------+--------------+
|ap_clk             |  in |    1| ap_ctrl_hs | pqcrystals_dilithium.4 | return value |
|ap_rst             |  in |    1| ap_ctrl_hs | pqcrystals_dilithium.4 | return value |
|ap_start           |  in |    1| ap_ctrl_hs | pqcrystals_dilithium.4 | return value |
|ap_done            | out |    1| ap_ctrl_hs | pqcrystals_dilithium.4 | return value |
|ap_idle            | out |    1| ap_ctrl_hs | pqcrystals_dilithium.4 | return value |
|ap_ready           | out |    1| ap_ctrl_hs | pqcrystals_dilithium.4 | return value |
|r_address0         | out |   13|  ap_memory |            r           |     array    |
|r_ce0              | out |    1|  ap_memory |            r           |     array    |
|r_we0              | out |    1|  ap_memory |            r           |     array    |
|r_d0               | out |    8|  ap_memory |            r           |     array    |
|r_address1         | out |   13|  ap_memory |            r           |     array    |
|r_ce1              | out |    1|  ap_memory |            r           |     array    |
|r_we1              | out |    1|  ap_memory |            r           |     array    |
|r_d1               | out |    8|  ap_memory |            r           |     array    |
|r_offset           |  in |   12|   ap_none  |        r_offset        |    scalar    |
|a_coeffs_address0  | out |   10|  ap_memory |        a_coeffs        |     array    |
|a_coeffs_ce0       | out |    1|  ap_memory |        a_coeffs        |     array    |
|a_coeffs_q0        |  in |   32|  ap_memory |        a_coeffs        |     array    |
|a_coeffs_offset    |  in |    3|   ap_none  |     a_coeffs_offset    |    scalar    |
+-------------------+-----+-----+------------+------------------------+--------------+

