

================================================================
== Vivado HLS Report for 'pqcrystals_dilithium_2'
================================================================
* Date:           Sun Apr  9 19:22:04 2023

* Version:        2019.2 (Build 2704478 on Wed Nov 06 22:10:23 MST 2019)
* Project:        crypto_sign
* Solution:       solution1
* Product family: artix7
* Target device:  xc7a200t-fbg676-2


================================================================
== Performance Estimates
================================================================
+ Timing: 
    * Summary: 
    +--------+----------+----------+------------+
    |  Clock |  Target  | Estimated| Uncertainty|
    +--------+----------+----------+------------+
    |ap_clk  | 10.00 us | 7.448 ns |   1.25 us  |
    +--------+----------+----------+------------+

+ Latency: 
    * Summary: 
    +---------+---------+----------+----------+-----+-----+---------+
    |  Latency (cycles) |  Latency (absolute) |  Interval | Pipeline|
    |   min   |   max   |    min   |    max   | min | max |   Type  |
    +---------+---------+----------+----------+-----+-----+---------+
    |      288|      288| 2.880 ms | 2.880 ms |  288|  288|   none  |
    +---------+---------+----------+----------+-----+-----+---------+

    + Detail: 
        * Instance: 
        N/A

        * Loop: 
        N/A



================================================================
== Utilization Estimates
================================================================
* Summary: 
+-----------------+---------+-------+--------+--------+-----+
|       Name      | BRAM_18K| DSP48E|   FF   |   LUT  | URAM|
+-----------------+---------+-------+--------+--------+-----+
|DSP              |        -|      -|       -|       -|    -|
|Expression       |        -|      -|       0|   11510|    -|
|FIFO             |        -|      -|       -|       -|    -|
|Instance         |        -|      -|       -|       -|    -|
|Memory           |        -|      -|       -|       -|    -|
|Multiplexer      |        -|      -|       -|    6262|    -|
|Register         |        -|      -|     307|       -|    -|
+-----------------+---------+-------+--------+--------+-----+
|Total            |        0|      0|     307|   17772|    0|
+-----------------+---------+-------+--------+--------+-----+
|Available        |      730|    740|  269200|  134600|    0|
+-----------------+---------+-------+--------+--------+-----+
|Utilization (%)  |        0|      0|   ~0   |      13|    0|
+-----------------+---------+-------+--------+--------+-----+

+ Detail: 
    * Instance: 
    N/A

    * DSP48E: 
    N/A

    * Memory: 
    N/A

    * FIFO: 
    N/A

    * Expression: 
    +--------------------------+----------+-------+---+-----+------------+------------+
    |       Variable Name      | Operation| DSP48E| FF| LUT | Bitwidth P0| Bitwidth P1|
    +--------------------------+----------+-------+---+-----+------------+------------+
    |sub_ln891_10_fu_11550_p2  |     -    |      0|  0|   26|          18|          19|
    |sub_ln891_11_fu_11804_p2  |     -    |      0|  0|   26|          18|          19|
    |sub_ln891_12_fu_12058_p2  |     -    |      0|  0|   26|          18|          19|
    |sub_ln891_13_fu_12312_p2  |     -    |      0|  0|   26|          18|          19|
    |sub_ln891_14_fu_12566_p2  |     -    |      0|  0|   26|          18|          19|
    |sub_ln891_15_fu_12820_p2  |     -    |      0|  0|   26|          18|          19|
    |sub_ln891_16_fu_13074_p2  |     -    |      0|  0|   26|          18|          19|
    |sub_ln891_17_fu_13328_p2  |     -    |      0|  0|   26|          18|          19|
    |sub_ln891_18_fu_13582_p2  |     -    |      0|  0|   26|          18|          19|
    |sub_ln891_19_fu_13836_p2  |     -    |      0|  0|   26|          18|          19|
    |sub_ln891_1_fu_9264_p2    |     -    |      0|  0|   26|          18|          19|
    |sub_ln891_20_fu_14090_p2  |     -    |      0|  0|   26|          18|          19|
    |sub_ln891_21_fu_14344_p2  |     -    |      0|  0|   26|          18|          19|
    |sub_ln891_22_fu_14598_p2  |     -    |      0|  0|   26|          18|          19|
    |sub_ln891_23_fu_14852_p2  |     -    |      0|  0|   26|          18|          19|
    |sub_ln891_24_fu_15106_p2  |     -    |      0|  0|   26|          18|          19|
    |sub_ln891_25_fu_15360_p2  |     -    |      0|  0|   26|          18|          19|
    |sub_ln891_26_fu_15614_p2  |     -    |      0|  0|   26|          18|          19|
    |sub_ln891_27_fu_15868_p2  |     -    |      0|  0|   26|          18|          19|
    |sub_ln891_28_fu_16122_p2  |     -    |      0|  0|   26|          18|          19|
    |sub_ln891_29_fu_16376_p2  |     -    |      0|  0|   26|          18|          19|
    |sub_ln891_2_fu_9518_p2    |     -    |      0|  0|   26|          18|          19|
    |sub_ln891_30_fu_16630_p2  |     -    |      0|  0|   26|          18|          19|
    |sub_ln891_31_fu_16884_p2  |     -    |      0|  0|   26|          18|          19|
    |sub_ln891_32_fu_17138_p2  |     -    |      0|  0|   26|          18|          19|
    |sub_ln891_33_fu_17392_p2  |     -    |      0|  0|   26|          18|          19|
    |sub_ln891_34_fu_17646_p2  |     -    |      0|  0|   26|          18|          19|
    |sub_ln891_35_fu_17900_p2  |     -    |      0|  0|   26|          18|          19|
    |sub_ln891_36_fu_18154_p2  |     -    |      0|  0|   26|          18|          19|
    |sub_ln891_37_fu_18408_p2  |     -    |      0|  0|   26|          18|          19|
    |sub_ln891_38_fu_18662_p2  |     -    |      0|  0|   26|          18|          19|
    |sub_ln891_39_fu_18916_p2  |     -    |      0|  0|   26|          18|          19|
    |sub_ln891_3_fu_9772_p2    |     -    |      0|  0|   26|          18|          19|
    |sub_ln891_40_fu_19170_p2  |     -    |      0|  0|   26|          18|          19|
    |sub_ln891_41_fu_19424_p2  |     -    |      0|  0|   26|          18|          19|
    |sub_ln891_42_fu_19678_p2  |     -    |      0|  0|   26|          18|          19|
    |sub_ln891_43_fu_19932_p2  |     -    |      0|  0|   26|          18|          19|
    |sub_ln891_44_fu_20186_p2  |     -    |      0|  0|   26|          18|          19|
    |sub_ln891_45_fu_20440_p2  |     -    |      0|  0|   26|          18|          19|
    |sub_ln891_46_fu_20694_p2  |     -    |      0|  0|   26|          18|          19|
    |sub_ln891_47_fu_20948_p2  |     -    |      0|  0|   26|          18|          19|
    |sub_ln891_48_fu_21202_p2  |     -    |      0|  0|   26|          18|          19|
    |sub_ln891_49_fu_21456_p2  |     -    |      0|  0|   26|          18|          19|
    |sub_ln891_4_fu_10026_p2   |     -    |      0|  0|   26|          18|          19|
    |sub_ln891_50_fu_21710_p2  |     -    |      0|  0|   26|          18|          19|
    |sub_ln891_51_fu_21964_p2  |     -    |      0|  0|   26|          18|          19|
    |sub_ln891_52_fu_22218_p2  |     -    |      0|  0|   26|          18|          19|
    |sub_ln891_53_fu_22472_p2  |     -    |      0|  0|   26|          18|          19|
    |sub_ln891_54_fu_22726_p2  |     -    |      0|  0|   26|          18|          19|
    |sub_ln891_55_fu_22980_p2  |     -    |      0|  0|   26|          18|          19|
    |sub_ln891_56_fu_23234_p2  |     -    |      0|  0|   26|          18|          19|
    |sub_ln891_57_fu_23488_p2  |     -    |      0|  0|   26|          18|          19|
    |sub_ln891_58_fu_23742_p2  |     -    |      0|  0|   26|          18|          19|
    |sub_ln891_59_fu_23996_p2  |     -    |      0|  0|   26|          18|          19|
    |sub_ln891_5_fu_10280_p2   |     -    |      0|  0|   26|          18|          19|
    |sub_ln891_60_fu_24250_p2  |     -    |      0|  0|   26|          18|          19|
    |sub_ln891_61_fu_24504_p2  |     -    |      0|  0|   26|          18|          19|
    |sub_ln891_62_fu_24758_p2  |     -    |      0|  0|   26|          18|          19|
    |sub_ln891_63_fu_25012_p2  |     -    |      0|  0|   26|          18|          19|
    |sub_ln891_6_fu_10534_p2   |     -    |      0|  0|   26|          18|          19|
    |sub_ln891_7_fu_10788_p2   |     -    |      0|  0|   26|          18|          19|
    |sub_ln891_8_fu_11042_p2   |     -    |      0|  0|   26|          18|          19|
    |sub_ln891_9_fu_11296_p2   |     -    |      0|  0|   26|          18|          19|
    |sub_ln891_fu_9010_p2      |     -    |      0|  0|   26|          18|          19|
    |sub_ln892_10_fu_11623_p2  |     -    |      0|  0|   26|          18|          19|
    |sub_ln892_11_fu_11877_p2  |     -    |      0|  0|   26|          18|          19|
    |sub_ln892_12_fu_12131_p2  |     -    |      0|  0|   26|          18|          19|
    |sub_ln892_13_fu_12385_p2  |     -    |      0|  0|   26|          18|          19|
    |sub_ln892_14_fu_12639_p2  |     -    |      0|  0|   26|          18|          19|
    |sub_ln892_15_fu_12893_p2  |     -    |      0|  0|   26|          18|          19|
    |sub_ln892_16_fu_13147_p2  |     -    |      0|  0|   26|          18|          19|
    |sub_ln892_17_fu_13401_p2  |     -    |      0|  0|   26|          18|          19|
    |sub_ln892_18_fu_13655_p2  |     -    |      0|  0|   26|          18|          19|
    |sub_ln892_19_fu_13909_p2  |     -    |      0|  0|   26|          18|          19|
    |sub_ln892_1_fu_9337_p2    |     -    |      0|  0|   26|          18|          19|
    |sub_ln892_20_fu_14163_p2  |     -    |      0|  0|   26|          18|          19|
    |sub_ln892_21_fu_14417_p2  |     -    |      0|  0|   26|          18|          19|
    |sub_ln892_22_fu_14671_p2  |     -    |      0|  0|   26|          18|          19|
    |sub_ln892_23_fu_14925_p2  |     -    |      0|  0|   26|          18|          19|
    |sub_ln892_24_fu_15179_p2  |     -    |      0|  0|   26|          18|          19|
    |sub_ln892_25_fu_15433_p2  |     -    |      0|  0|   26|          18|          19|
    |sub_ln892_26_fu_15687_p2  |     -    |      0|  0|   26|          18|          19|
    |sub_ln892_27_fu_15941_p2  |     -    |      0|  0|   26|          18|          19|
    |sub_ln892_28_fu_16195_p2  |     -    |      0|  0|   26|          18|          19|
    |sub_ln892_29_fu_16449_p2  |     -    |      0|  0|   26|          18|          19|
    |sub_ln892_2_fu_9591_p2    |     -    |      0|  0|   26|          18|          19|
    |sub_ln892_30_fu_16703_p2  |     -    |      0|  0|   26|          18|          19|
    |sub_ln892_31_fu_16957_p2  |     -    |      0|  0|   26|          18|          19|
    |sub_ln892_32_fu_17211_p2  |     -    |      0|  0|   26|          18|          19|
    |sub_ln892_33_fu_17465_p2  |     -    |      0|  0|   26|          18|          19|
    |sub_ln892_34_fu_17719_p2  |     -    |      0|  0|   26|          18|          19|
    |sub_ln892_35_fu_17973_p2  |     -    |      0|  0|   26|          18|          19|
    |sub_ln892_36_fu_18227_p2  |     -    |      0|  0|   26|          18|          19|
    |sub_ln892_37_fu_18481_p2  |     -    |      0|  0|   26|          18|          19|
    |sub_ln892_38_fu_18735_p2  |     -    |      0|  0|   26|          18|          19|
    |sub_ln892_39_fu_18989_p2  |     -    |      0|  0|   26|          18|          19|
    |sub_ln892_3_fu_9845_p2    |     -    |      0|  0|   26|          18|          19|
    |sub_ln892_40_fu_19243_p2  |     -    |      0|  0|   26|          18|          19|
    |sub_ln892_41_fu_19497_p2  |     -    |      0|  0|   26|          18|          19|
    |sub_ln892_42_fu_19751_p2  |     -    |      0|  0|   26|          18|          19|
    |sub_ln892_43_fu_20005_p2  |     -    |      0|  0|   26|          18|          19|
    |sub_ln892_44_fu_20259_p2  |     -    |      0|  0|   26|          18|          19|
    |sub_ln892_45_fu_20513_p2  |     -    |      0|  0|   26|          18|          19|
    |sub_ln892_46_fu_20767_p2  |     -    |      0|  0|   26|          18|          19|
    |sub_ln892_47_fu_21021_p2  |     -    |      0|  0|   26|          18|          19|
    |sub_ln892_48_fu_21275_p2  |     -    |      0|  0|   26|          18|          19|
    |sub_ln892_49_fu_21529_p2  |     -    |      0|  0|   26|          18|          19|
    |sub_ln892_4_fu_10099_p2   |     -    |      0|  0|   26|          18|          19|
    |sub_ln892_50_fu_21783_p2  |     -    |      0|  0|   26|          18|          19|
    |sub_ln892_51_fu_22037_p2  |     -    |      0|  0|   26|          18|          19|
    |sub_ln892_52_fu_22291_p2  |     -    |      0|  0|   26|          18|          19|
    |sub_ln892_53_fu_22545_p2  |     -    |      0|  0|   26|          18|          19|
    |sub_ln892_54_fu_22799_p2  |     -    |      0|  0|   26|          18|          19|
    |sub_ln892_55_fu_23053_p2  |     -    |      0|  0|   26|          18|          19|
    |sub_ln892_56_fu_23307_p2  |     -    |      0|  0|   26|          18|          19|
    |sub_ln892_57_fu_23561_p2  |     -    |      0|  0|   26|          18|          19|
    |sub_ln892_58_fu_23815_p2  |     -    |      0|  0|   26|          18|          19|
    |sub_ln892_59_fu_24069_p2  |     -    |      0|  0|   26|          18|          19|
    |sub_ln892_5_fu_10353_p2   |     -    |      0|  0|   26|          18|          19|
    |sub_ln892_60_fu_24323_p2  |     -    |      0|  0|   26|          18|          19|
    |sub_ln892_61_fu_24577_p2  |     -    |      0|  0|   26|          18|          19|
    |sub_ln892_62_fu_24831_p2  |     -    |      0|  0|   26|          18|          19|
    |sub_ln892_63_fu_25085_p2  |     -    |      0|  0|   26|          18|          19|
    |sub_ln892_6_fu_10607_p2   |     -    |      0|  0|   26|          18|          19|
    |sub_ln892_7_fu_10861_p2   |     -    |      0|  0|   26|          18|          19|
    |sub_ln892_8_fu_11115_p2   |     -    |      0|  0|   26|          18|          19|
    |sub_ln892_9_fu_11369_p2   |     -    |      0|  0|   26|          18|          19|
    |sub_ln892_fu_9083_p2      |     -    |      0|  0|   26|          18|          19|
    |sub_ln893_10_fu_11696_p2  |     -    |      0|  0|   26|          18|          19|
    |sub_ln893_11_fu_11950_p2  |     -    |      0|  0|   26|          18|          19|
    |sub_ln893_12_fu_12204_p2  |     -    |      0|  0|   26|          18|          19|
    |sub_ln893_13_fu_12458_p2  |     -    |      0|  0|   26|          18|          19|
    |sub_ln893_14_fu_12712_p2  |     -    |      0|  0|   26|          18|          19|
    |sub_ln893_15_fu_12966_p2  |     -    |      0|  0|   26|          18|          19|
    |sub_ln893_16_fu_13220_p2  |     -    |      0|  0|   26|          18|          19|
    |sub_ln893_17_fu_13474_p2  |     -    |      0|  0|   26|          18|          19|
    |sub_ln893_18_fu_13728_p2  |     -    |      0|  0|   26|          18|          19|
    |sub_ln893_19_fu_13982_p2  |     -    |      0|  0|   26|          18|          19|
    |sub_ln893_1_fu_9410_p2    |     -    |      0|  0|   26|          18|          19|
    |sub_ln893_20_fu_14236_p2  |     -    |      0|  0|   26|          18|          19|
    |sub_ln893_21_fu_14490_p2  |     -    |      0|  0|   26|          18|          19|
    |sub_ln893_22_fu_14744_p2  |     -    |      0|  0|   26|          18|          19|
    |sub_ln893_23_fu_14998_p2  |     -    |      0|  0|   26|          18|          19|
    |sub_ln893_24_fu_15252_p2  |     -    |      0|  0|   26|          18|          19|
    |sub_ln893_25_fu_15506_p2  |     -    |      0|  0|   26|          18|          19|
    |sub_ln893_26_fu_15760_p2  |     -    |      0|  0|   26|          18|          19|
    |sub_ln893_27_fu_16014_p2  |     -    |      0|  0|   26|          18|          19|
    |sub_ln893_28_fu_16268_p2  |     -    |      0|  0|   26|          18|          19|
    |sub_ln893_29_fu_16522_p2  |     -    |      0|  0|   26|          18|          19|
    |sub_ln893_2_fu_9664_p2    |     -    |      0|  0|   26|          18|          19|
    |sub_ln893_30_fu_16776_p2  |     -    |      0|  0|   26|          18|          19|
    |sub_ln893_31_fu_17030_p2  |     -    |      0|  0|   26|          18|          19|
    |sub_ln893_32_fu_17284_p2  |     -    |      0|  0|   26|          18|          19|
    |sub_ln893_33_fu_17538_p2  |     -    |      0|  0|   26|          18|          19|
    |sub_ln893_34_fu_17792_p2  |     -    |      0|  0|   26|          18|          19|
    |sub_ln893_35_fu_18046_p2  |     -    |      0|  0|   26|          18|          19|
    |sub_ln893_36_fu_18300_p2  |     -    |      0|  0|   26|          18|          19|
    |sub_ln893_37_fu_18554_p2  |     -    |      0|  0|   26|          18|          19|
    |sub_ln893_38_fu_18808_p2  |     -    |      0|  0|   26|          18|          19|
    |sub_ln893_39_fu_19062_p2  |     -    |      0|  0|   26|          18|          19|
    |sub_ln893_3_fu_9918_p2    |     -    |      0|  0|   26|          18|          19|
    |sub_ln893_40_fu_19316_p2  |     -    |      0|  0|   26|          18|          19|
    |sub_ln893_41_fu_19570_p2  |     -    |      0|  0|   26|          18|          19|
    |sub_ln893_42_fu_19824_p2  |     -    |      0|  0|   26|          18|          19|
    |sub_ln893_43_fu_20078_p2  |     -    |      0|  0|   26|          18|          19|
    |sub_ln893_44_fu_20332_p2  |     -    |      0|  0|   26|          18|          19|
    |sub_ln893_45_fu_20586_p2  |     -    |      0|  0|   26|          18|          19|
    |sub_ln893_46_fu_20840_p2  |     -    |      0|  0|   26|          18|          19|
    |sub_ln893_47_fu_21094_p2  |     -    |      0|  0|   26|          18|          19|
    |sub_ln893_48_fu_21348_p2  |     -    |      0|  0|   26|          18|          19|
    |sub_ln893_49_fu_21602_p2  |     -    |      0|  0|   26|          18|          19|
    |sub_ln893_4_fu_10172_p2   |     -    |      0|  0|   26|          18|          19|
    |sub_ln893_50_fu_21856_p2  |     -    |      0|  0|   26|          18|          19|
    |sub_ln893_51_fu_22110_p2  |     -    |      0|  0|   26|          18|          19|
    |sub_ln893_52_fu_22364_p2  |     -    |      0|  0|   26|          18|          19|
    |sub_ln893_53_fu_22618_p2  |     -    |      0|  0|   26|          18|          19|
    |sub_ln893_54_fu_22872_p2  |     -    |      0|  0|   26|          18|          19|
    |sub_ln893_55_fu_23126_p2  |     -    |      0|  0|   26|          18|          19|
    |sub_ln893_56_fu_23380_p2  |     -    |      0|  0|   26|          18|          19|
    |sub_ln893_57_fu_23634_p2  |     -    |      0|  0|   26|          18|          19|
    |sub_ln893_58_fu_23888_p2  |     -    |      0|  0|   26|          18|          19|
    |sub_ln893_59_fu_24142_p2  |     -    |      0|  0|   26|          18|          19|
    |sub_ln893_5_fu_10426_p2   |     -    |      0|  0|   26|          18|          19|
    |sub_ln893_60_fu_24396_p2  |     -    |      0|  0|   26|          18|          19|
    |sub_ln893_61_fu_24650_p2  |     -    |      0|  0|   26|          18|          19|
    |sub_ln893_62_fu_24904_p2  |     -    |      0|  0|   26|          18|          19|
    |sub_ln893_63_fu_25158_p2  |     -    |      0|  0|   26|          18|          19|
    |sub_ln893_6_fu_10680_p2   |     -    |      0|  0|   26|          18|          19|
    |sub_ln893_7_fu_10934_p2   |     -    |      0|  0|   26|          18|          19|
    |sub_ln893_8_fu_11188_p2   |     -    |      0|  0|   26|          18|          19|
    |sub_ln893_9_fu_11442_p2   |     -    |      0|  0|   26|          18|          19|
    |sub_ln893_fu_9156_p2      |     -    |      0|  0|   26|          18|          19|
    |sub_ln894_10_fu_11765_p2  |     -    |      0|  0|   26|          18|          19|
    |sub_ln894_11_fu_12019_p2  |     -    |      0|  0|   26|          18|          19|
    |sub_ln894_12_fu_12273_p2  |     -    |      0|  0|   26|          18|          19|
    |sub_ln894_13_fu_12527_p2  |     -    |      0|  0|   26|          18|          19|
    |sub_ln894_14_fu_12781_p2  |     -    |      0|  0|   26|          18|          19|
    |sub_ln894_15_fu_13035_p2  |     -    |      0|  0|   26|          18|          19|
    |sub_ln894_16_fu_13289_p2  |     -    |      0|  0|   26|          18|          19|
    |sub_ln894_17_fu_13543_p2  |     -    |      0|  0|   26|          18|          19|
    |sub_ln894_18_fu_13797_p2  |     -    |      0|  0|   26|          18|          19|
    |sub_ln894_19_fu_14051_p2  |     -    |      0|  0|   26|          18|          19|
    |sub_ln894_1_fu_9479_p2    |     -    |      0|  0|   26|          18|          19|
    |sub_ln894_20_fu_14305_p2  |     -    |      0|  0|   26|          18|          19|
    |sub_ln894_21_fu_14559_p2  |     -    |      0|  0|   26|          18|          19|
    |sub_ln894_22_fu_14813_p2  |     -    |      0|  0|   26|          18|          19|
    |sub_ln894_23_fu_15067_p2  |     -    |      0|  0|   26|          18|          19|
    |sub_ln894_24_fu_15321_p2  |     -    |      0|  0|   26|          18|          19|
    |sub_ln894_25_fu_15575_p2  |     -    |      0|  0|   26|          18|          19|
    |sub_ln894_26_fu_15829_p2  |     -    |      0|  0|   26|          18|          19|
    |sub_ln894_27_fu_16083_p2  |     -    |      0|  0|   26|          18|          19|
    |sub_ln894_28_fu_16337_p2  |     -    |      0|  0|   26|          18|          19|
    |sub_ln894_29_fu_16591_p2  |     -    |      0|  0|   26|          18|          19|
    |sub_ln894_2_fu_9733_p2    |     -    |      0|  0|   26|          18|          19|
    |sub_ln894_30_fu_16845_p2  |     -    |      0|  0|   26|          18|          19|
    |sub_ln894_31_fu_17099_p2  |     -    |      0|  0|   26|          18|          19|
    |sub_ln894_32_fu_17353_p2  |     -    |      0|  0|   26|          18|          19|
    |sub_ln894_33_fu_17607_p2  |     -    |      0|  0|   26|          18|          19|
    |sub_ln894_34_fu_17861_p2  |     -    |      0|  0|   26|          18|          19|
    |sub_ln894_35_fu_18115_p2  |     -    |      0|  0|   26|          18|          19|
    |sub_ln894_36_fu_18369_p2  |     -    |      0|  0|   26|          18|          19|
    |sub_ln894_37_fu_18623_p2  |     -    |      0|  0|   26|          18|          19|
    |sub_ln894_38_fu_18877_p2  |     -    |      0|  0|   26|          18|          19|
    |sub_ln894_39_fu_19131_p2  |     -    |      0|  0|   26|          18|          19|
    |sub_ln894_3_fu_9987_p2    |     -    |      0|  0|   26|          18|          19|
    |sub_ln894_40_fu_19385_p2  |     -    |      0|  0|   26|          18|          19|
    |sub_ln894_41_fu_19639_p2  |     -    |      0|  0|   26|          18|          19|
    |sub_ln894_42_fu_19893_p2  |     -    |      0|  0|   26|          18|          19|
    |sub_ln894_43_fu_20147_p2  |     -    |      0|  0|   26|          18|          19|
    |sub_ln894_44_fu_20401_p2  |     -    |      0|  0|   26|          18|          19|
    |sub_ln894_45_fu_20655_p2  |     -    |      0|  0|   26|          18|          19|
    |sub_ln894_46_fu_20909_p2  |     -    |      0|  0|   26|          18|          19|
    |sub_ln894_47_fu_21163_p2  |     -    |      0|  0|   26|          18|          19|
    |sub_ln894_48_fu_21417_p2  |     -    |      0|  0|   26|          18|          19|
    |sub_ln894_49_fu_21671_p2  |     -    |      0|  0|   26|          18|          19|
    |sub_ln894_4_fu_10241_p2   |     -    |      0|  0|   26|          18|          19|
    |sub_ln894_50_fu_21925_p2  |     -    |      0|  0|   26|          18|          19|
    |sub_ln894_51_fu_22179_p2  |     -    |      0|  0|   26|          18|          19|
    |sub_ln894_52_fu_22433_p2  |     -    |      0|  0|   26|          18|          19|
    |sub_ln894_53_fu_22687_p2  |     -    |      0|  0|   26|          18|          19|
    |sub_ln894_54_fu_22941_p2  |     -    |      0|  0|   26|          18|          19|
    |sub_ln894_55_fu_23195_p2  |     -    |      0|  0|   26|          18|          19|
    |sub_ln894_56_fu_23449_p2  |     -    |      0|  0|   26|          18|          19|
    |sub_ln894_57_fu_23703_p2  |     -    |      0|  0|   26|          18|          19|
    |sub_ln894_58_fu_23957_p2  |     -    |      0|  0|   26|          18|          19|
    |sub_ln894_59_fu_24211_p2  |     -    |      0|  0|   26|          18|          19|
    |sub_ln894_5_fu_10495_p2   |     -    |      0|  0|   26|          18|          19|
    |sub_ln894_60_fu_24465_p2  |     -    |      0|  0|   26|          18|          19|
    |sub_ln894_61_fu_24719_p2  |     -    |      0|  0|   26|          18|          19|
    |sub_ln894_62_fu_24973_p2  |     -    |      0|  0|   26|          18|          19|
    |sub_ln894_63_fu_25227_p2  |     -    |      0|  0|   26|          18|          19|
    |sub_ln894_6_fu_10749_p2   |     -    |      0|  0|   26|          18|          19|
    |sub_ln894_7_fu_11003_p2   |     -    |      0|  0|   26|          18|          19|
    |sub_ln894_8_fu_11257_p2   |     -    |      0|  0|   26|          18|          19|
    |sub_ln894_9_fu_11511_p2   |     -    |      0|  0|   26|          18|          19|
    |sub_ln894_fu_9225_p2      |     -    |      0|  0|   26|          18|          19|
    |or_ln871_10_fu_11772_p2   |    or    |      0|  0|   10|          10|           6|
    |or_ln871_11_fu_12026_p2   |    or    |      0|  0|   10|          10|           6|
    |or_ln871_12_fu_12280_p2   |    or    |      0|  0|   10|          10|           6|
    |or_ln871_13_fu_12534_p2   |    or    |      0|  0|   10|          10|           6|
    |or_ln871_14_fu_12788_p2   |    or    |      0|  0|   10|          10|           6|
    |or_ln871_15_fu_13042_p2   |    or    |      0|  0|   10|          10|           7|
    |or_ln871_16_fu_13296_p2   |    or    |      0|  0|   10|          10|           7|
    |or_ln871_17_fu_13550_p2   |    or    |      0|  0|   10|          10|           7|
    |or_ln871_18_fu_13804_p2   |    or    |      0|  0|   10|          10|           7|
    |or_ln871_19_fu_14058_p2   |    or    |      0|  0|   10|          10|           7|
    |or_ln871_1_fu_9486_p2     |    or    |      0|  0|   10|          10|           4|
    |or_ln871_20_fu_14312_p2   |    or    |      0|  0|   10|          10|           7|
    |or_ln871_21_fu_14566_p2   |    or    |      0|  0|   10|          10|           7|
    |or_ln871_22_fu_14820_p2   |    or    |      0|  0|   10|          10|           7|
    |or_ln871_23_fu_15074_p2   |    or    |      0|  0|   10|          10|           7|
    |or_ln871_24_fu_15328_p2   |    or    |      0|  0|   10|          10|           7|
    |or_ln871_25_fu_15582_p2   |    or    |      0|  0|   10|          10|           7|
    |or_ln871_26_fu_15836_p2   |    or    |      0|  0|   10|          10|           7|
    |or_ln871_27_fu_16090_p2   |    or    |      0|  0|   10|          10|           7|
    |or_ln871_28_fu_16344_p2   |    or    |      0|  0|   10|          10|           7|
    |or_ln871_29_fu_16598_p2   |    or    |      0|  0|   10|          10|           7|
    |or_ln871_2_fu_9740_p2     |    or    |      0|  0|   10|          10|           4|
    |or_ln871_30_fu_16852_p2   |    or    |      0|  0|   10|          10|           7|
    |or_ln871_31_fu_17106_p2   |    or    |      0|  0|   10|          10|           8|
    |or_ln871_32_fu_17360_p2   |    or    |      0|  0|   10|          10|           8|
    |or_ln871_33_fu_17614_p2   |    or    |      0|  0|   10|          10|           8|
    |or_ln871_34_fu_17868_p2   |    or    |      0|  0|   10|          10|           8|
    |or_ln871_35_fu_18122_p2   |    or    |      0|  0|   10|          10|           8|
    |or_ln871_36_fu_18376_p2   |    or    |      0|  0|   10|          10|           8|
    |or_ln871_37_fu_18630_p2   |    or    |      0|  0|   10|          10|           8|
    |or_ln871_38_fu_18884_p2   |    or    |      0|  0|   10|          10|           8|
    |or_ln871_39_fu_19138_p2   |    or    |      0|  0|   10|          10|           8|
    |or_ln871_3_fu_9994_p2     |    or    |      0|  0|   10|          10|           5|
    |or_ln871_40_fu_19392_p2   |    or    |      0|  0|   10|          10|           8|
    |or_ln871_41_fu_19646_p2   |    or    |      0|  0|   10|          10|           8|
    |or_ln871_42_fu_19900_p2   |    or    |      0|  0|   10|          10|           8|
    |or_ln871_43_fu_20154_p2   |    or    |      0|  0|   10|          10|           8|
    |or_ln871_44_fu_20408_p2   |    or    |      0|  0|   10|          10|           8|
    |or_ln871_45_fu_20662_p2   |    or    |      0|  0|   10|          10|           8|
    |or_ln871_46_fu_20916_p2   |    or    |      0|  0|   10|          10|           8|
    |or_ln871_47_fu_21170_p2   |    or    |      0|  0|   10|          10|           8|
    |or_ln871_48_fu_21424_p2   |    or    |      0|  0|   10|          10|           8|
    |or_ln871_49_fu_21678_p2   |    or    |      0|  0|   10|          10|           8|
    |or_ln871_4_fu_10248_p2    |    or    |      0|  0|   10|          10|           5|
    |or_ln871_50_fu_21932_p2   |    or    |      0|  0|   10|          10|           8|
    |or_ln871_51_fu_22186_p2   |    or    |      0|  0|   10|          10|           8|
    |or_ln871_52_fu_22440_p2   |    or    |      0|  0|   10|          10|           8|
    |or_ln871_53_fu_22694_p2   |    or    |      0|  0|   10|          10|           8|
    |or_ln871_54_fu_22948_p2   |    or    |      0|  0|   10|          10|           8|
    |or_ln871_55_fu_23202_p2   |    or    |      0|  0|   10|          10|           8|
    |or_ln871_56_fu_23456_p2   |    or    |      0|  0|   10|          10|           8|
    |or_ln871_57_fu_23710_p2   |    or    |      0|  0|   10|          10|           8|
    |or_ln871_58_fu_23964_p2   |    or    |      0|  0|   10|          10|           8|
    |or_ln871_59_fu_24218_p2   |    or    |      0|  0|   10|          10|           8|
    |or_ln871_5_fu_10502_p2    |    or    |      0|  0|   10|          10|           5|
    |or_ln871_60_fu_24472_p2   |    or    |      0|  0|   10|          10|           8|
    |or_ln871_61_fu_24726_p2   |    or    |      0|  0|   10|          10|           8|
    |or_ln871_62_fu_24980_p2   |    or    |      0|  0|   10|          10|           8|
    |or_ln871_6_fu_10756_p2    |    or    |      0|  0|   10|          10|           5|
    |or_ln871_7_fu_11010_p2    |    or    |      0|  0|   10|          10|           6|
    |or_ln871_8_fu_11264_p2    |    or    |      0|  0|   10|          10|           6|
    |or_ln871_9_fu_11518_p2    |    or    |      0|  0|   10|          10|           6|
    |or_ln871_fu_9232_p2       |    or    |      0|  0|   10|          10|           3|
    |or_ln876_10_fu_11557_p2   |    or    |      0|  0|   10|          10|           6|
    |or_ln876_11_fu_11811_p2   |    or    |      0|  0|   10|          10|           6|
    |or_ln876_12_fu_12065_p2   |    or    |      0|  0|   10|          10|           6|
    |or_ln876_13_fu_12319_p2   |    or    |      0|  0|   10|          10|           6|
    |or_ln876_14_fu_12573_p2   |    or    |      0|  0|   10|          10|           6|
    |or_ln876_15_fu_12827_p2   |    or    |      0|  0|   10|          10|           6|
    |or_ln876_16_fu_13081_p2   |    or    |      0|  0|   10|          10|           7|
    |or_ln876_17_fu_13335_p2   |    or    |      0|  0|   10|          10|           7|
    |or_ln876_18_fu_13589_p2   |    or    |      0|  0|   10|          10|           7|
    |or_ln876_19_fu_13843_p2   |    or    |      0|  0|   10|          10|           7|
    |or_ln876_1_fu_9271_p2     |    or    |      0|  0|   10|          10|           3|
    |or_ln876_20_fu_14097_p2   |    or    |      0|  0|   10|          10|           7|
    |or_ln876_21_fu_14351_p2   |    or    |      0|  0|   10|          10|           7|
    |or_ln876_22_fu_14605_p2   |    or    |      0|  0|   10|          10|           7|
    |or_ln876_23_fu_14859_p2   |    or    |      0|  0|   10|          10|           7|
    |or_ln876_24_fu_15113_p2   |    or    |      0|  0|   10|          10|           7|
    |or_ln876_25_fu_15367_p2   |    or    |      0|  0|   10|          10|           7|
    |or_ln876_26_fu_15621_p2   |    or    |      0|  0|   10|          10|           7|
    |or_ln876_27_fu_15875_p2   |    or    |      0|  0|   10|          10|           7|
    |or_ln876_28_fu_16129_p2   |    or    |      0|  0|   10|          10|           7|
    |or_ln876_29_fu_16383_p2   |    or    |      0|  0|   10|          10|           7|
    |or_ln876_2_fu_9525_p2     |    or    |      0|  0|   10|          10|           4|
    |or_ln876_30_fu_16637_p2   |    or    |      0|  0|   10|          10|           7|
    |or_ln876_31_fu_16891_p2   |    or    |      0|  0|   10|          10|           7|
    |or_ln876_32_fu_17145_p2   |    or    |      0|  0|   10|          10|           8|
    |or_ln876_33_fu_17399_p2   |    or    |      0|  0|   10|          10|           8|
    |or_ln876_34_fu_17653_p2   |    or    |      0|  0|   10|          10|           8|
    |or_ln876_35_fu_17907_p2   |    or    |      0|  0|   10|          10|           8|
    |or_ln876_36_fu_18161_p2   |    or    |      0|  0|   10|          10|           8|
    |or_ln876_37_fu_18415_p2   |    or    |      0|  0|   10|          10|           8|
    |or_ln876_38_fu_18669_p2   |    or    |      0|  0|   10|          10|           8|
    |or_ln876_39_fu_18923_p2   |    or    |      0|  0|   10|          10|           8|
    |or_ln876_3_fu_9779_p2     |    or    |      0|  0|   10|          10|           4|
    |or_ln876_40_fu_19177_p2   |    or    |      0|  0|   10|          10|           8|
    |or_ln876_41_fu_19431_p2   |    or    |      0|  0|   10|          10|           8|
    |or_ln876_42_fu_19685_p2   |    or    |      0|  0|   10|          10|           8|
    |or_ln876_43_fu_19939_p2   |    or    |      0|  0|   10|          10|           8|
    |or_ln876_44_fu_20193_p2   |    or    |      0|  0|   10|          10|           8|
    |or_ln876_45_fu_20447_p2   |    or    |      0|  0|   10|          10|           8|
    |or_ln876_46_fu_20701_p2   |    or    |      0|  0|   10|          10|           8|
    |or_ln876_47_fu_20955_p2   |    or    |      0|  0|   10|          10|           8|
    |or_ln876_48_fu_21209_p2   |    or    |      0|  0|   10|          10|           8|
    |or_ln876_49_fu_21463_p2   |    or    |      0|  0|   10|          10|           8|
    |or_ln876_4_fu_10033_p2    |    or    |      0|  0|   10|          10|           5|
    |or_ln876_50_fu_21717_p2   |    or    |      0|  0|   10|          10|           8|
    |or_ln876_51_fu_21971_p2   |    or    |      0|  0|   10|          10|           8|
    |or_ln876_52_fu_22225_p2   |    or    |      0|  0|   10|          10|           8|
    |or_ln876_53_fu_22479_p2   |    or    |      0|  0|   10|          10|           8|
    |or_ln876_54_fu_22733_p2   |    or    |      0|  0|   10|          10|           8|
    |or_ln876_55_fu_22987_p2   |    or    |      0|  0|   10|          10|           8|
    |or_ln876_56_fu_23241_p2   |    or    |      0|  0|   10|          10|           8|
    |or_ln876_57_fu_23495_p2   |    or    |      0|  0|   10|          10|           8|
    |or_ln876_58_fu_23749_p2   |    or    |      0|  0|   10|          10|           8|
    |or_ln876_59_fu_24003_p2   |    or    |      0|  0|   10|          10|           8|
    |or_ln876_5_fu_10287_p2    |    or    |      0|  0|   10|          10|           5|
    |or_ln876_60_fu_24257_p2   |    or    |      0|  0|   10|          10|           8|
    |or_ln876_61_fu_24511_p2   |    or    |      0|  0|   10|          10|           8|
    |or_ln876_62_fu_24765_p2   |    or    |      0|  0|   10|          10|           8|
    |or_ln876_63_fu_25019_p2   |    or    |      0|  0|   10|          10|           8|
    |or_ln876_6_fu_10541_p2    |    or    |      0|  0|   10|          10|           5|
    |or_ln876_7_fu_10795_p2    |    or    |      0|  0|   10|          10|           5|
    |or_ln876_8_fu_11049_p2    |    or    |      0|  0|   10|          10|           6|
    |or_ln876_9_fu_11303_p2    |    or    |      0|  0|   10|          10|           6|
    |or_ln876_fu_9017_p2       |    or    |      0|  0|   10|          10|           1|
    |or_ln879_100_fu_18717_p2  |    or    |      0|  0|   14|          14|          14|
    |or_ln879_101_fu_18971_p2  |    or    |      0|  0|   14|          14|          14|
    |or_ln879_102_fu_19225_p2  |    or    |      0|  0|   14|          14|          14|
    |or_ln879_103_fu_19479_p2  |    or    |      0|  0|   14|          14|          14|
    |or_ln879_104_fu_19733_p2  |    or    |      0|  0|   14|          14|          14|
    |or_ln879_105_fu_19987_p2  |    or    |      0|  0|   14|          14|          14|
    |or_ln879_106_fu_20241_p2  |    or    |      0|  0|   14|          14|          14|
    |or_ln879_107_fu_20495_p2  |    or    |      0|  0|   14|          14|          14|
    |or_ln879_108_fu_20749_p2  |    or    |      0|  0|   14|          14|          14|
    |or_ln879_109_fu_21003_p2  |    or    |      0|  0|   14|          14|          14|
    |or_ln879_110_fu_21257_p2  |    or    |      0|  0|   14|          14|          14|
    |or_ln879_111_fu_21511_p2  |    or    |      0|  0|   14|          14|          14|
    |or_ln879_112_fu_21765_p2  |    or    |      0|  0|   14|          14|          14|
    |or_ln879_113_fu_22019_p2  |    or    |      0|  0|   14|          14|          14|
    |or_ln879_114_fu_22273_p2  |    or    |      0|  0|   14|          14|          14|
    |or_ln879_115_fu_22527_p2  |    or    |      0|  0|   14|          14|          14|
    |or_ln879_116_fu_22781_p2  |    or    |      0|  0|   14|          14|          14|
    |or_ln879_117_fu_23035_p2  |    or    |      0|  0|   14|          14|          14|
    |or_ln879_118_fu_23289_p2  |    or    |      0|  0|   14|          14|          14|
    |or_ln879_119_fu_23543_p2  |    or    |      0|  0|   14|          14|          14|
    |or_ln879_120_fu_23797_p2  |    or    |      0|  0|   14|          14|          14|
    |or_ln879_121_fu_24051_p2  |    or    |      0|  0|   14|          14|          14|
    |or_ln879_122_fu_24305_p2  |    or    |      0|  0|   14|          14|          14|
    |or_ln879_123_fu_24559_p2  |    or    |      0|  0|   14|          14|          14|
    |or_ln879_124_fu_24813_p2  |    or    |      0|  0|   14|          14|          14|
    |or_ln879_125_fu_25067_p2  |    or    |      0|  0|   14|          14|          14|
    |or_ln879_63_fu_9065_p2    |    or    |      0|  0|   14|          14|          14|
    |or_ln879_64_fu_9573_p2    |    or    |      0|  0|   14|          14|          14|
    |or_ln879_65_fu_9827_p2    |    or    |      0|  0|   14|          14|          14|
    |or_ln879_66_fu_10081_p2   |    or    |      0|  0|   14|          14|          14|
    |or_ln879_67_fu_10335_p2   |    or    |      0|  0|   14|          14|          14|
    |or_ln879_68_fu_10589_p2   |    or    |      0|  0|   14|          14|          14|
    |or_ln879_69_fu_10843_p2   |    or    |      0|  0|   14|          14|          14|
    |or_ln879_70_fu_11097_p2   |    or    |      0|  0|   14|          14|          14|
    |or_ln879_71_fu_11351_p2   |    or    |      0|  0|   14|          14|          14|
    |or_ln879_72_fu_11605_p2   |    or    |      0|  0|   14|          14|          14|
    |or_ln879_73_fu_11859_p2   |    or    |      0|  0|   14|          14|          14|
    |or_ln879_74_fu_12113_p2   |    or    |      0|  0|   14|          14|          14|
    |or_ln879_75_fu_12367_p2   |    or    |      0|  0|   14|          14|          14|
    |or_ln879_76_fu_12621_p2   |    or    |      0|  0|   14|          14|          14|
    |or_ln879_77_fu_12875_p2   |    or    |      0|  0|   14|          14|          14|
    |or_ln879_78_fu_13129_p2   |    or    |      0|  0|   14|          14|          14|
    |or_ln879_79_fu_13383_p2   |    or    |      0|  0|   14|          14|          14|
    |or_ln879_80_fu_13637_p2   |    or    |      0|  0|   14|          14|          14|
    |or_ln879_81_fu_13891_p2   |    or    |      0|  0|   14|          14|          14|
    |or_ln879_82_fu_14145_p2   |    or    |      0|  0|   14|          14|          14|
    |or_ln879_83_fu_14399_p2   |    or    |      0|  0|   14|          14|          14|
    |or_ln879_84_fu_14653_p2   |    or    |      0|  0|   14|          14|          14|
    |or_ln879_85_fu_14907_p2   |    or    |      0|  0|   14|          14|          14|
    |or_ln879_86_fu_15161_p2   |    or    |      0|  0|   14|          14|          14|
    |or_ln879_87_fu_15415_p2   |    or    |      0|  0|   14|          14|          14|
    |or_ln879_88_fu_15669_p2   |    or    |      0|  0|   14|          14|          14|
    |or_ln879_89_fu_15923_p2   |    or    |      0|  0|   14|          14|          14|
    |or_ln879_90_fu_16177_p2   |    or    |      0|  0|   14|          14|          14|
    |or_ln879_91_fu_16431_p2   |    or    |      0|  0|   14|          14|          14|
    |or_ln879_92_fu_16685_p2   |    or    |      0|  0|   14|          14|          14|
    |or_ln879_93_fu_16939_p2   |    or    |      0|  0|   14|          14|          14|
    |or_ln879_94_fu_17193_p2   |    or    |      0|  0|   14|          14|          14|
    |or_ln879_95_fu_17447_p2   |    or    |      0|  0|   14|          14|          14|
    |or_ln879_96_fu_17701_p2   |    or    |      0|  0|   14|          14|          14|
    |or_ln879_97_fu_17955_p2   |    or    |      0|  0|   14|          14|          14|
    |or_ln879_98_fu_18209_p2   |    or    |      0|  0|   14|          14|          14|
    |or_ln879_99_fu_18463_p2   |    or    |      0|  0|   14|          14|          14|
    |or_ln879_fu_9319_p2       |    or    |      0|  0|   14|          14|          14|
    |or_ln881_10_fu_11630_p2   |    or    |      0|  0|   10|          10|           6|
    |or_ln881_11_fu_11884_p2   |    or    |      0|  0|   10|          10|           6|
    |or_ln881_12_fu_12138_p2   |    or    |      0|  0|   10|          10|           6|
    |or_ln881_13_fu_12392_p2   |    or    |      0|  0|   10|          10|           6|
    |or_ln881_14_fu_12646_p2   |    or    |      0|  0|   10|          10|           6|
    |or_ln881_15_fu_12900_p2   |    or    |      0|  0|   10|          10|           6|
    |or_ln881_16_fu_13154_p2   |    or    |      0|  0|   10|          10|           7|
    |or_ln881_17_fu_13408_p2   |    or    |      0|  0|   10|          10|           7|
    |or_ln881_18_fu_13662_p2   |    or    |      0|  0|   10|          10|           7|
    |or_ln881_19_fu_13916_p2   |    or    |      0|  0|   10|          10|           7|
    |or_ln881_1_fu_9344_p2     |    or    |      0|  0|   10|          10|           3|
    |or_ln881_20_fu_14170_p2   |    or    |      0|  0|   10|          10|           7|
    |or_ln881_21_fu_14424_p2   |    or    |      0|  0|   10|          10|           7|
    |or_ln881_22_fu_14678_p2   |    or    |      0|  0|   10|          10|           7|
    |or_ln881_23_fu_14932_p2   |    or    |      0|  0|   10|          10|           7|
    |or_ln881_24_fu_15186_p2   |    or    |      0|  0|   10|          10|           7|
    |or_ln881_25_fu_15440_p2   |    or    |      0|  0|   10|          10|           7|
    |or_ln881_26_fu_15694_p2   |    or    |      0|  0|   10|          10|           7|
    |or_ln881_27_fu_15948_p2   |    or    |      0|  0|   10|          10|           7|
    |or_ln881_28_fu_16202_p2   |    or    |      0|  0|   10|          10|           7|
    |or_ln881_29_fu_16456_p2   |    or    |      0|  0|   10|          10|           7|
    |or_ln881_2_fu_9598_p2     |    or    |      0|  0|   10|          10|           4|
    |or_ln881_30_fu_16710_p2   |    or    |      0|  0|   10|          10|           7|
    |or_ln881_31_fu_16964_p2   |    or    |      0|  0|   10|          10|           7|
    |or_ln881_32_fu_17218_p2   |    or    |      0|  0|   10|          10|           8|
    |or_ln881_33_fu_17472_p2   |    or    |      0|  0|   10|          10|           8|
    |or_ln881_34_fu_17726_p2   |    or    |      0|  0|   10|          10|           8|
    |or_ln881_35_fu_17980_p2   |    or    |      0|  0|   10|          10|           8|
    |or_ln881_36_fu_18234_p2   |    or    |      0|  0|   10|          10|           8|
    |or_ln881_37_fu_18488_p2   |    or    |      0|  0|   10|          10|           8|
    |or_ln881_38_fu_18742_p2   |    or    |      0|  0|   10|          10|           8|
    |or_ln881_39_fu_18996_p2   |    or    |      0|  0|   10|          10|           8|
    |or_ln881_3_fu_9852_p2     |    or    |      0|  0|   10|          10|           4|
    |or_ln881_40_fu_19250_p2   |    or    |      0|  0|   10|          10|           8|
    |or_ln881_41_fu_19504_p2   |    or    |      0|  0|   10|          10|           8|
    |or_ln881_42_fu_19758_p2   |    or    |      0|  0|   10|          10|           8|
    |or_ln881_43_fu_20012_p2   |    or    |      0|  0|   10|          10|           8|
    |or_ln881_44_fu_20266_p2   |    or    |      0|  0|   10|          10|           8|
    |or_ln881_45_fu_20520_p2   |    or    |      0|  0|   10|          10|           8|
    |or_ln881_46_fu_20774_p2   |    or    |      0|  0|   10|          10|           8|
    |or_ln881_47_fu_21028_p2   |    or    |      0|  0|   10|          10|           8|
    |or_ln881_48_fu_21282_p2   |    or    |      0|  0|   10|          10|           8|
    |or_ln881_49_fu_21536_p2   |    or    |      0|  0|   10|          10|           8|
    |or_ln881_4_fu_10106_p2    |    or    |      0|  0|   10|          10|           5|
    |or_ln881_50_fu_21790_p2   |    or    |      0|  0|   10|          10|           8|
    |or_ln881_51_fu_22044_p2   |    or    |      0|  0|   10|          10|           8|
    |or_ln881_52_fu_22298_p2   |    or    |      0|  0|   10|          10|           8|
    |or_ln881_53_fu_22552_p2   |    or    |      0|  0|   10|          10|           8|
    |or_ln881_54_fu_22806_p2   |    or    |      0|  0|   10|          10|           8|
    |or_ln881_55_fu_23060_p2   |    or    |      0|  0|   10|          10|           8|
    |or_ln881_56_fu_23314_p2   |    or    |      0|  0|   10|          10|           8|
    |or_ln881_57_fu_23568_p2   |    or    |      0|  0|   10|          10|           8|
    |or_ln881_58_fu_23822_p2   |    or    |      0|  0|   10|          10|           8|
    |or_ln881_59_fu_24076_p2   |    or    |      0|  0|   10|          10|           8|
    |or_ln881_5_fu_10360_p2    |    or    |      0|  0|   10|          10|           5|
    |or_ln881_60_fu_24330_p2   |    or    |      0|  0|   10|          10|           8|
    |or_ln881_61_fu_24584_p2   |    or    |      0|  0|   10|          10|           8|
    |or_ln881_62_fu_24838_p2   |    or    |      0|  0|   10|          10|           8|
    |or_ln881_63_fu_25092_p2   |    or    |      0|  0|   10|          10|           8|
    |or_ln881_6_fu_10614_p2    |    or    |      0|  0|   10|          10|           5|
    |or_ln881_7_fu_10868_p2    |    or    |      0|  0|   10|          10|           5|
    |or_ln881_8_fu_11122_p2    |    or    |      0|  0|   10|          10|           6|
    |or_ln881_9_fu_11376_p2    |    or    |      0|  0|   10|          10|           6|
    |or_ln881_fu_9090_p2       |    or    |      0|  0|   10|          10|           2|
    |or_ln884_100_fu_18790_p2  |    or    |      0|  0|   12|          12|          12|
    |or_ln884_101_fu_19044_p2  |    or    |      0|  0|   12|          12|          12|
    |or_ln884_102_fu_19298_p2  |    or    |      0|  0|   12|          12|          12|
    |or_ln884_103_fu_19552_p2  |    or    |      0|  0|   12|          12|          12|
    |or_ln884_104_fu_19806_p2  |    or    |      0|  0|   12|          12|          12|
    |or_ln884_105_fu_20060_p2  |    or    |      0|  0|   12|          12|          12|
    |or_ln884_106_fu_20314_p2  |    or    |      0|  0|   12|          12|          12|
    |or_ln884_107_fu_20568_p2  |    or    |      0|  0|   12|          12|          12|
    |or_ln884_108_fu_20822_p2  |    or    |      0|  0|   12|          12|          12|
    |or_ln884_109_fu_21076_p2  |    or    |      0|  0|   12|          12|          12|
    |or_ln884_110_fu_21330_p2  |    or    |      0|  0|   12|          12|          12|
    |or_ln884_111_fu_21584_p2  |    or    |      0|  0|   12|          12|          12|
    |or_ln884_112_fu_21838_p2  |    or    |      0|  0|   12|          12|          12|
    |or_ln884_113_fu_22092_p2  |    or    |      0|  0|   12|          12|          12|
    |or_ln884_114_fu_22346_p2  |    or    |      0|  0|   12|          12|          12|
    |or_ln884_115_fu_22600_p2  |    or    |      0|  0|   12|          12|          12|
    |or_ln884_116_fu_22854_p2  |    or    |      0|  0|   12|          12|          12|
    |or_ln884_117_fu_23108_p2  |    or    |      0|  0|   12|          12|          12|
    |or_ln884_118_fu_23362_p2  |    or    |      0|  0|   12|          12|          12|
    |or_ln884_119_fu_23616_p2  |    or    |      0|  0|   12|          12|          12|
    |or_ln884_120_fu_23870_p2  |    or    |      0|  0|   12|          12|          12|
    |or_ln884_121_fu_24124_p2  |    or    |      0|  0|   12|          12|          12|
    |or_ln884_122_fu_24378_p2  |    or    |      0|  0|   12|          12|          12|
    |or_ln884_123_fu_24632_p2  |    or    |      0|  0|   12|          12|          12|
    |or_ln884_124_fu_24886_p2  |    or    |      0|  0|   12|          12|          12|
    |or_ln884_125_fu_25140_p2  |    or    |      0|  0|   12|          12|          12|
    |or_ln884_63_fu_9138_p2    |    or    |      0|  0|   12|          12|          12|
    |or_ln884_64_fu_9646_p2    |    or    |      0|  0|   12|          12|          12|
    |or_ln884_65_fu_9900_p2    |    or    |      0|  0|   12|          12|          12|
    |or_ln884_66_fu_10154_p2   |    or    |      0|  0|   12|          12|          12|
    |or_ln884_67_fu_10408_p2   |    or    |      0|  0|   12|          12|          12|
    |or_ln884_68_fu_10662_p2   |    or    |      0|  0|   12|          12|          12|
    |or_ln884_69_fu_10916_p2   |    or    |      0|  0|   12|          12|          12|
    |or_ln884_70_fu_11170_p2   |    or    |      0|  0|   12|          12|          12|
    |or_ln884_71_fu_11424_p2   |    or    |      0|  0|   12|          12|          12|
    |or_ln884_72_fu_11678_p2   |    or    |      0|  0|   12|          12|          12|
    |or_ln884_73_fu_11932_p2   |    or    |      0|  0|   12|          12|          12|
    |or_ln884_74_fu_12186_p2   |    or    |      0|  0|   12|          12|          12|
    |or_ln884_75_fu_12440_p2   |    or    |      0|  0|   12|          12|          12|
    |or_ln884_76_fu_12694_p2   |    or    |      0|  0|   12|          12|          12|
    |or_ln884_77_fu_12948_p2   |    or    |      0|  0|   12|          12|          12|
    |or_ln884_78_fu_13202_p2   |    or    |      0|  0|   12|          12|          12|
    |or_ln884_79_fu_13456_p2   |    or    |      0|  0|   12|          12|          12|
    |or_ln884_80_fu_13710_p2   |    or    |      0|  0|   12|          12|          12|
    |or_ln884_81_fu_13964_p2   |    or    |      0|  0|   12|          12|          12|
    |or_ln884_82_fu_14218_p2   |    or    |      0|  0|   12|          12|          12|
    |or_ln884_83_fu_14472_p2   |    or    |      0|  0|   12|          12|          12|
    |or_ln884_84_fu_14726_p2   |    or    |      0|  0|   12|          12|          12|
    |or_ln884_85_fu_14980_p2   |    or    |      0|  0|   12|          12|          12|
    |or_ln884_86_fu_15234_p2   |    or    |      0|  0|   12|          12|          12|
    |or_ln884_87_fu_15488_p2   |    or    |      0|  0|   12|          12|          12|
    |or_ln884_88_fu_15742_p2   |    or    |      0|  0|   12|          12|          12|
    |or_ln884_89_fu_15996_p2   |    or    |      0|  0|   12|          12|          12|
    |or_ln884_90_fu_16250_p2   |    or    |      0|  0|   12|          12|          12|
    |or_ln884_91_fu_16504_p2   |    or    |      0|  0|   12|          12|          12|
    |or_ln884_92_fu_16758_p2   |    or    |      0|  0|   12|          12|          12|
    |or_ln884_93_fu_17012_p2   |    or    |      0|  0|   12|          12|          12|
    |or_ln884_94_fu_17266_p2   |    or    |      0|  0|   12|          12|          12|
    |or_ln884_95_fu_17520_p2   |    or    |      0|  0|   12|          12|          12|
    |or_ln884_96_fu_17774_p2   |    or    |      0|  0|   12|          12|          12|
    |or_ln884_97_fu_18028_p2   |    or    |      0|  0|   12|          12|          12|
    |or_ln884_98_fu_18282_p2   |    or    |      0|  0|   12|          12|          12|
    |or_ln884_99_fu_18536_p2   |    or    |      0|  0|   12|          12|          12|
    |or_ln884_fu_9392_p2       |    or    |      0|  0|   12|          12|          12|
    |or_ln886_10_fu_11703_p2   |    or    |      0|  0|   10|          10|           6|
    |or_ln886_11_fu_11957_p2   |    or    |      0|  0|   10|          10|           6|
    |or_ln886_12_fu_12211_p2   |    or    |      0|  0|   10|          10|           6|
    |or_ln886_13_fu_12465_p2   |    or    |      0|  0|   10|          10|           6|
    |or_ln886_14_fu_12719_p2   |    or    |      0|  0|   10|          10|           6|
    |or_ln886_15_fu_12973_p2   |    or    |      0|  0|   10|          10|           6|
    |or_ln886_16_fu_13227_p2   |    or    |      0|  0|   10|          10|           7|
    |or_ln886_17_fu_13481_p2   |    or    |      0|  0|   10|          10|           7|
    |or_ln886_18_fu_13735_p2   |    or    |      0|  0|   10|          10|           7|
    |or_ln886_19_fu_13989_p2   |    or    |      0|  0|   10|          10|           7|
    |or_ln886_1_fu_9417_p2     |    or    |      0|  0|   10|          10|           3|
    |or_ln886_20_fu_14243_p2   |    or    |      0|  0|   10|          10|           7|
    |or_ln886_21_fu_14497_p2   |    or    |      0|  0|   10|          10|           7|
    |or_ln886_22_fu_14751_p2   |    or    |      0|  0|   10|          10|           7|
    |or_ln886_23_fu_15005_p2   |    or    |      0|  0|   10|          10|           7|
    |or_ln886_24_fu_15259_p2   |    or    |      0|  0|   10|          10|           7|
    |or_ln886_25_fu_15513_p2   |    or    |      0|  0|   10|          10|           7|
    |or_ln886_26_fu_15767_p2   |    or    |      0|  0|   10|          10|           7|
    |or_ln886_27_fu_16021_p2   |    or    |      0|  0|   10|          10|           7|
    |or_ln886_28_fu_16275_p2   |    or    |      0|  0|   10|          10|           7|
    |or_ln886_29_fu_16529_p2   |    or    |      0|  0|   10|          10|           7|
    |or_ln886_2_fu_9671_p2     |    or    |      0|  0|   10|          10|           4|
    |or_ln886_30_fu_16783_p2   |    or    |      0|  0|   10|          10|           7|
    |or_ln886_31_fu_17037_p2   |    or    |      0|  0|   10|          10|           7|
    |or_ln886_32_fu_17291_p2   |    or    |      0|  0|   10|          10|           8|
    |or_ln886_33_fu_17545_p2   |    or    |      0|  0|   10|          10|           8|
    |or_ln886_34_fu_17799_p2   |    or    |      0|  0|   10|          10|           8|
    |or_ln886_35_fu_18053_p2   |    or    |      0|  0|   10|          10|           8|
    |or_ln886_36_fu_18307_p2   |    or    |      0|  0|   10|          10|           8|
    |or_ln886_37_fu_18561_p2   |    or    |      0|  0|   10|          10|           8|
    |or_ln886_38_fu_18815_p2   |    or    |      0|  0|   10|          10|           8|
    |or_ln886_39_fu_19069_p2   |    or    |      0|  0|   10|          10|           8|
    |or_ln886_3_fu_9925_p2     |    or    |      0|  0|   10|          10|           4|
    |or_ln886_40_fu_19323_p2   |    or    |      0|  0|   10|          10|           8|
    |or_ln886_41_fu_19577_p2   |    or    |      0|  0|   10|          10|           8|
    |or_ln886_42_fu_19831_p2   |    or    |      0|  0|   10|          10|           8|
    |or_ln886_43_fu_20085_p2   |    or    |      0|  0|   10|          10|           8|
    |or_ln886_44_fu_20339_p2   |    or    |      0|  0|   10|          10|           8|
    |or_ln886_45_fu_20593_p2   |    or    |      0|  0|   10|          10|           8|
    |or_ln886_46_fu_20847_p2   |    or    |      0|  0|   10|          10|           8|
    |or_ln886_47_fu_21101_p2   |    or    |      0|  0|   10|          10|           8|
    |or_ln886_48_fu_21355_p2   |    or    |      0|  0|   10|          10|           8|
    |or_ln886_49_fu_21609_p2   |    or    |      0|  0|   10|          10|           8|
    |or_ln886_4_fu_10179_p2    |    or    |      0|  0|   10|          10|           5|
    |or_ln886_50_fu_21863_p2   |    or    |      0|  0|   10|          10|           8|
    |or_ln886_51_fu_22117_p2   |    or    |      0|  0|   10|          10|           8|
    |or_ln886_52_fu_22371_p2   |    or    |      0|  0|   10|          10|           8|
    |or_ln886_53_fu_22625_p2   |    or    |      0|  0|   10|          10|           8|
    |or_ln886_54_fu_22879_p2   |    or    |      0|  0|   10|          10|           8|
    |or_ln886_55_fu_23133_p2   |    or    |      0|  0|   10|          10|           8|
    |or_ln886_56_fu_23387_p2   |    or    |      0|  0|   10|          10|           8|
    |or_ln886_57_fu_23641_p2   |    or    |      0|  0|   10|          10|           8|
    |or_ln886_58_fu_23895_p2   |    or    |      0|  0|   10|          10|           8|
    |or_ln886_59_fu_24149_p2   |    or    |      0|  0|   10|          10|           8|
    |or_ln886_5_fu_10433_p2    |    or    |      0|  0|   10|          10|           5|
    |or_ln886_60_fu_24403_p2   |    or    |      0|  0|   10|          10|           8|
    |or_ln886_61_fu_24657_p2   |    or    |      0|  0|   10|          10|           8|
    |or_ln886_62_fu_24911_p2   |    or    |      0|  0|   10|          10|           8|
    |or_ln886_63_fu_25165_p2   |    or    |      0|  0|   10|          10|           8|
    |or_ln886_6_fu_10687_p2    |    or    |      0|  0|   10|          10|           5|
    |or_ln886_7_fu_10941_p2    |    or    |      0|  0|   10|          10|           5|
    |or_ln886_8_fu_11195_p2    |    or    |      0|  0|   10|          10|           6|
    |or_ln886_9_fu_11449_p2    |    or    |      0|  0|   10|          10|           6|
    |or_ln886_fu_9163_p2       |    or    |      0|  0|   10|          10|           2|
    |or_ln888_100_fu_18859_p2  |    or    |      0|  0|   10|          10|          10|
    |or_ln888_101_fu_19113_p2  |    or    |      0|  0|   10|          10|          10|
    |or_ln888_102_fu_19367_p2  |    or    |      0|  0|   10|          10|          10|
    |or_ln888_103_fu_19621_p2  |    or    |      0|  0|   10|          10|          10|
    |or_ln888_104_fu_19875_p2  |    or    |      0|  0|   10|          10|          10|
    |or_ln888_105_fu_20129_p2  |    or    |      0|  0|   10|          10|          10|
    |or_ln888_106_fu_20383_p2  |    or    |      0|  0|   10|          10|          10|
    |or_ln888_107_fu_20637_p2  |    or    |      0|  0|   10|          10|          10|
    |or_ln888_108_fu_20891_p2  |    or    |      0|  0|   10|          10|          10|
    |or_ln888_109_fu_21145_p2  |    or    |      0|  0|   10|          10|          10|
    |or_ln888_110_fu_21399_p2  |    or    |      0|  0|   10|          10|          10|
    |or_ln888_111_fu_21653_p2  |    or    |      0|  0|   10|          10|          10|
    |or_ln888_112_fu_21907_p2  |    or    |      0|  0|   10|          10|          10|
    |or_ln888_113_fu_22161_p2  |    or    |      0|  0|   10|          10|          10|
    |or_ln888_114_fu_22415_p2  |    or    |      0|  0|   10|          10|          10|
    |or_ln888_115_fu_22669_p2  |    or    |      0|  0|   10|          10|          10|
    |or_ln888_116_fu_22923_p2  |    or    |      0|  0|   10|          10|          10|
    |or_ln888_117_fu_23177_p2  |    or    |      0|  0|   10|          10|          10|
    |or_ln888_118_fu_23431_p2  |    or    |      0|  0|   10|          10|          10|
    |or_ln888_119_fu_23685_p2  |    or    |      0|  0|   10|          10|          10|
    |or_ln888_120_fu_23939_p2  |    or    |      0|  0|   10|          10|          10|
    |or_ln888_121_fu_24193_p2  |    or    |      0|  0|   10|          10|          10|
    |or_ln888_122_fu_24447_p2  |    or    |      0|  0|   10|          10|          10|
    |or_ln888_123_fu_24701_p2  |    or    |      0|  0|   10|          10|          10|
    |or_ln888_124_fu_24955_p2  |    or    |      0|  0|   10|          10|          10|
    |or_ln888_125_fu_25209_p2  |    or    |      0|  0|   10|          10|          10|
    |or_ln888_63_fu_9207_p2    |    or    |      0|  0|   10|          10|          10|
    |or_ln888_64_fu_9715_p2    |    or    |      0|  0|   10|          10|          10|
    |or_ln888_65_fu_9969_p2    |    or    |      0|  0|   10|          10|          10|
    |or_ln888_66_fu_10223_p2   |    or    |      0|  0|   10|          10|          10|
    |or_ln888_67_fu_10477_p2   |    or    |      0|  0|   10|          10|          10|
    |or_ln888_68_fu_10731_p2   |    or    |      0|  0|   10|          10|          10|
    |or_ln888_69_fu_10985_p2   |    or    |      0|  0|   10|          10|          10|
    |or_ln888_70_fu_11239_p2   |    or    |      0|  0|   10|          10|          10|
    |or_ln888_71_fu_11493_p2   |    or    |      0|  0|   10|          10|          10|
    |or_ln888_72_fu_11747_p2   |    or    |      0|  0|   10|          10|          10|
    |or_ln888_73_fu_12001_p2   |    or    |      0|  0|   10|          10|          10|
    |or_ln888_74_fu_12255_p2   |    or    |      0|  0|   10|          10|          10|
    |or_ln888_75_fu_12509_p2   |    or    |      0|  0|   10|          10|          10|
    |or_ln888_76_fu_12763_p2   |    or    |      0|  0|   10|          10|          10|
    |or_ln888_77_fu_13017_p2   |    or    |      0|  0|   10|          10|          10|
    |or_ln888_78_fu_13271_p2   |    or    |      0|  0|   10|          10|          10|
    |or_ln888_79_fu_13525_p2   |    or    |      0|  0|   10|          10|          10|
    |or_ln888_80_fu_13779_p2   |    or    |      0|  0|   10|          10|          10|
    |or_ln888_81_fu_14033_p2   |    or    |      0|  0|   10|          10|          10|
    |or_ln888_82_fu_14287_p2   |    or    |      0|  0|   10|          10|          10|
    |or_ln888_83_fu_14541_p2   |    or    |      0|  0|   10|          10|          10|
    |or_ln888_84_fu_14795_p2   |    or    |      0|  0|   10|          10|          10|
    |or_ln888_85_fu_15049_p2   |    or    |      0|  0|   10|          10|          10|
    |or_ln888_86_fu_15303_p2   |    or    |      0|  0|   10|          10|          10|
    |or_ln888_87_fu_15557_p2   |    or    |      0|  0|   10|          10|          10|
    |or_ln888_88_fu_15811_p2   |    or    |      0|  0|   10|          10|          10|
    |or_ln888_89_fu_16065_p2   |    or    |      0|  0|   10|          10|          10|
    |or_ln888_90_fu_16319_p2   |    or    |      0|  0|   10|          10|          10|
    |or_ln888_91_fu_16573_p2   |    or    |      0|  0|   10|          10|          10|
    |or_ln888_92_fu_16827_p2   |    or    |      0|  0|   10|          10|          10|
    |or_ln888_93_fu_17081_p2   |    or    |      0|  0|   10|          10|          10|
    |or_ln888_94_fu_17335_p2   |    or    |      0|  0|   10|          10|          10|
    |or_ln888_95_fu_17589_p2   |    or    |      0|  0|   10|          10|          10|
    |or_ln888_96_fu_17843_p2   |    or    |      0|  0|   10|          10|          10|
    |or_ln888_97_fu_18097_p2   |    or    |      0|  0|   10|          10|          10|
    |or_ln888_98_fu_18351_p2   |    or    |      0|  0|   10|          10|          10|
    |or_ln888_99_fu_18605_p2   |    or    |      0|  0|   10|          10|          10|
    |or_ln888_fu_9461_p2       |    or    |      0|  0|   10|          10|          10|
    +--------------------------+----------+-------+---+-----+------------+------------+
    |Total                     |          |      0|  0|11510|        9462|        8961|
    +--------------------------+----------+-------+---+-----+------------+------------+

    * Multiplexer: 
    +-------------------+------+-----------+-----+-----------+
    |        Name       |  LUT | Input Size| Bits| Total Bits|
    +-------------------+------+-----------+-----+-----------+
    |a_address0         |  1301|        289|   10|       2890|
    |a_address1         |  1301|        289|   10|       2890|
    |ap_NS_fsm          |  1305|        290|    1|        290|
    |r_coeffs_address0  |  1173|        257|   10|       2570|
    |r_coeffs_d0        |  1173|        257|   19|       4883|
    |reg_8970           |     9|          2|    8|         16|
    +-------------------+------+-----------+-----+-----------+
    |Total              |  6262|       1384|   58|      13539|
    +-------------------+------+-----------+-----+-----------+

    * Register: 
    +-----------------+-----+----+-----+-----------+
    |       Name      |  FF | LUT| Bits| Const Bits|
    +-----------------+-----+----+-----+-----------+
    |ap_CS_fsm        |  289|   0|  289|          0|
    |reg_8970         |    8|   0|    8|          0|
    |reg_8975         |    8|   0|    8|          0|
    |tmp_s_reg_25254  |    2|   0|   10|          8|
    +-----------------+-----+----+-----+-----------+
    |Total            |  307|   0|  315|          8|
    +-----------------+-----+----+-----+-----------+



================================================================
== Interface
================================================================
* Summary: 
+-------------------+-----+-----+------------+------------------------+--------------+
|     RTL Ports     | Dir | Bits|  Protocol  |      Source Object     |    C Type    |
+-------------------+-----+-----+------------+------------------------+--------------+
|ap_clk             |  in |    1| ap_ctrl_hs | pqcrystals_dilithium.2 | return value |
|ap_rst             |  in |    1| ap_ctrl_hs | pqcrystals_dilithium.2 | return value |
|ap_start           |  in |    1| ap_ctrl_hs | pqcrystals_dilithium.2 | return value |
|ap_done            | out |    1| ap_ctrl_hs | pqcrystals_dilithium.2 | return value |
|ap_idle            | out |    1| ap_ctrl_hs | pqcrystals_dilithium.2 | return value |
|ap_ready           | out |    1| ap_ctrl_hs | pqcrystals_dilithium.2 | return value |
|r_coeffs_address0  | out |   10|  ap_memory |        r_coeffs        |     array    |
|r_coeffs_ce0       | out |    1|  ap_memory |        r_coeffs        |     array    |
|r_coeffs_we0       | out |    1|  ap_memory |        r_coeffs        |     array    |
|r_coeffs_d0        | out |   19|  ap_memory |        r_coeffs        |     array    |
|r_coeffs_offset    |  in |    2|   ap_none  |     r_coeffs_offset    |    scalar    |
|a_address0         | out |   10|  ap_memory |            a           |     array    |
|a_ce0              | out |    1|  ap_memory |            a           |     array    |
|a_q0               |  in |    8|  ap_memory |            a           |     array    |
|a_address1         | out |   10|  ap_memory |            a           |     array    |
|a_ce1              | out |    1|  ap_memory |            a           |     array    |
|a_q1               |  in |    8|  ap_memory |            a           |     array    |
+-------------------+-----+-----+------------+------------------------+--------------+

