

================================================================
== Vivado HLS Report for 'pqcrystals_dilithium_18'
================================================================
* Date:           Sat Apr  8 18:39:17 2023

* Version:        2019.2 (Build 2704478 on Wed Nov 06 22:10:23 MST 2019)
* Project:        crypto_sign
* Solution:       solution1
* Product family: artix7
* Target device:  xc7a200t-fbg676-2


================================================================
== Performance Estimates
================================================================
+ Timing: 
    * Summary: 
    +--------+----------+----------+------------+
    |  Clock |  Target  | Estimated| Uncertainty|
    +--------+----------+----------+------------+
    |ap_clk  | 10.00 us | 7.724 ns |   1.25 us  |
    +--------+----------+----------+------------+

+ Latency: 
    * Summary: 
    +---------+---------+----------+----------+-----+-----+---------+
    |  Latency (cycles) |  Latency (absolute) |  Interval | Pipeline|
    |   min   |   max   |    min   |    max   | min | max |   Type  |
    +---------+---------+----------+----------+-----+-----+---------+
    |      513|      513| 5.130 ms | 5.130 ms |  513|  513|   none  |
    +---------+---------+----------+----------+-----+-----+---------+

    + Detail: 
        * Instance: 
        N/A

        * Loop: 
        +----------+---------+---------+----------+-----------+-----------+------+----------+
        |          |  Latency (cycles) | Iteration|  Initiation Interval  | Trip |          |
        | Loop Name|   min   |   max   |  Latency |  achieved |   target  | Count| Pipelined|
        +----------+---------+---------+----------+-----------+-----------+------+----------+
        |- Loop 1  |      512|      512|         2|          -|          -|   256|    no    |
        +----------+---------+---------+----------+-----------+-----------+------+----------+



================================================================
== Utilization Estimates
================================================================
* Summary: 
+-----------------+---------+-------+--------+--------+-----+
|       Name      | BRAM_18K| DSP48E|   FF   |   LUT  | URAM|
+-----------------+---------+-------+--------+--------+-----+
|DSP              |        -|      -|       -|       -|    -|
|Expression       |        -|      -|       0|     110|    -|
|FIFO             |        -|      -|       -|       -|    -|
|Instance         |        -|      -|       -|       -|    -|
|Memory           |        -|      -|       -|       -|    -|
|Multiplexer      |        -|      -|       -|      45|    -|
|Register         |        -|      -|      35|       -|    -|
+-----------------+---------+-------+--------+--------+-----+
|Total            |        0|      0|      35|     155|    0|
+-----------------+---------+-------+--------+--------+-----+
|Available        |      730|    740|  269200|  134600|    0|
+-----------------+---------+-------+--------+--------+-----+
|Utilization (%)  |        0|      0|   ~0   |   ~0   |    0|
+-----------------+---------+-------+--------+--------+-----+

+ Detail: 
    * Instance: 
    N/A

    * DSP48E: 
    N/A

    * Memory: 
    N/A

    * FIFO: 
    N/A

    * Expression: 
    +-----------------------+----------+-------+---+----+------------+------------+
    |     Variable Name     | Operation| DSP48E| FF| LUT| Bitwidth P0| Bitwidth P1|
    +-----------------------+----------+-------+---+----+------------+------------+
    |a_coeffs_d0            |     +    |      0|  0|  39|          32|          32|
    |add_ln51_fu_84_p2      |     +    |      0|  0|  19|          12|          12|
    |i_fu_74_p2             |     +    |      0|  0|  16|           9|           1|
    |icmp_ln50_fu_68_p2     |   icmp   |      0|  0|  13|           9|          10|
    |select_ln51_fu_102_p3  |  select  |      0|  0|  23|           1|          23|
    +-----------------------+----------+-------+---+----+------------+------------+
    |Total                  |          |      0|  0| 110|          63|          78|
    +-----------------------+----------+-------+---+----+------------+------------+

    * Multiplexer: 
    +-------------------+----+-----------+-----+-----------+
    |        Name       | LUT| Input Size| Bits| Total Bits|
    +-------------------+----+-----------+-----+-----------+
    |a_coeffs_address0  |  15|          3|   10|         30|
    |ap_NS_fsm          |  21|          4|    1|          4|
    |i_0_reg_49         |   9|          2|    9|         18|
    +-------------------+----+-----------+-----+-----------+
    |Total              |  45|          9|   20|         52|
    +-------------------+----+-----------+-----+-----------+

    * Register: 
    +-----------------------+----+----+-----+-----------+
    |          Name         | FF | LUT| Bits| Const Bits|
    +-----------------------+----+----+-----+-----------+
    |a_coeffs_addr_reg_130  |  10|   0|   10|          0|
    |ap_CS_fsm              |   3|   0|    3|          0|
    |i_0_reg_49             |   9|   0|    9|          0|
    |i_reg_125              |   9|   0|    9|          0|
    |tmp_reg_117            |   4|   0|   12|          8|
    +-----------------------+----+----+-----+-----------+
    |Total                  |  35|   0|   43|          8|
    +-----------------------+----+----+-----+-----------+



================================================================
== Interface
================================================================
* Summary: 
+-------------------+-----+-----+------------+-------------------------+--------------+
|     RTL Ports     | Dir | Bits|  Protocol  |      Source Object      |    C Type    |
+-------------------+-----+-----+------------+-------------------------+--------------+
|ap_clk             |  in |    1| ap_ctrl_hs | pqcrystals_dilithium.18 | return value |
|ap_rst             |  in |    1| ap_ctrl_hs | pqcrystals_dilithium.18 | return value |
|ap_start           |  in |    1| ap_ctrl_hs | pqcrystals_dilithium.18 | return value |
|ap_done            | out |    1| ap_ctrl_hs | pqcrystals_dilithium.18 | return value |
|ap_idle            | out |    1| ap_ctrl_hs | pqcrystals_dilithium.18 | return value |
|ap_ready           | out |    1| ap_ctrl_hs | pqcrystals_dilithium.18 | return value |
|a_coeffs_address0  | out |   10|  ap_memory |         a_coeffs        |     array    |
|a_coeffs_ce0       | out |    1|  ap_memory |         a_coeffs        |     array    |
|a_coeffs_we0       | out |    1|  ap_memory |         a_coeffs        |     array    |
|a_coeffs_d0        | out |   32|  ap_memory |         a_coeffs        |     array    |
|a_coeffs_q0        |  in |   32|  ap_memory |         a_coeffs        |     array    |
|a_coeffs_offset    |  in |    4|   ap_none  |     a_coeffs_offset     |    scalar    |
+-------------------+-----+-----+------------+-------------------------+--------------+

