

================================================================
== Vivado HLS Report for 'pqcrystals_dilithium_29'
================================================================
* Date:           Sun Apr  9 23:09:53 2023

* Version:        2019.2 (Build 2704478 on Wed Nov 06 22:10:23 MST 2019)
* Project:        crypto_sign
* Solution:       solution1
* Product family: artix7
* Target device:  xc7a200t-fbg676-2


================================================================
== Performance Estimates
================================================================
+ Timing: 
    * Summary: 
    +--------+----------+-----------+------------+
    |  Clock |  Target  | Estimated | Uncertainty|
    +--------+----------+-----------+------------+
    |ap_clk  | 10.00 us | 21.772 ns |   1.25 us  |
    +--------+----------+-----------+------------+

+ Latency: 
    * Summary: 
    +---------+---------+----------+----------+-----+-----+---------+
    |  Latency (cycles) |  Latency (absolute) |  Interval | Pipeline|
    |   min   |   max   |    min   |    max   | min | max |   Type  |
    +---------+---------+----------+----------+-----+-----+---------+
    |        0|        0|   0 ns   |   0 ns   |    0|    0|   none  |
    +---------+---------+----------+----------+-----+-----+---------+

    + Detail: 
        * Instance: 
        N/A

        * Loop: 
        N/A



================================================================
== Utilization Estimates
================================================================
* Summary: 
+-----------------+---------+-------+--------+--------+-----+
|       Name      | BRAM_18K| DSP48E|   FF   |   LUT  | URAM|
+-----------------+---------+-------+--------+--------+-----+
|DSP              |        -|      2|       -|       -|    -|
|Expression       |        -|      -|       0|     168|    -|
|FIFO             |        -|      -|       -|       -|    -|
|Instance         |        -|      -|       -|       -|    -|
|Memory           |        -|      -|       -|       -|    -|
|Multiplexer      |        -|      -|       -|       -|    -|
|Register         |        -|      -|       -|       -|    -|
+-----------------+---------+-------+--------+--------+-----+
|Total            |        0|      2|       0|     168|    0|
+-----------------+---------+-------+--------+--------+-----+
|Available        |      730|    740|  269200|  134600|    0|
+-----------------+---------+-------+--------+--------+-----+
|Utilization (%)  |        0|   ~0  |       0|   ~0   |    0|
+-----------------+---------+-------+--------+--------+-----+

+ Detail: 
    * Instance: 
    N/A

    * DSP48E: 
    +--------------------------+----------------------+--------------+
    |         Instance         |        Module        |  Expression  |
    +--------------------------+----------------------+--------------+
    |crypto_sign_mac_mjbC_U88  |crypto_sign_mac_mjbC  | i0 + i1 * i2 |
    |crypto_sign_mac_mkbM_U89  |crypto_sign_mac_mkbM  | i0 * i1 + i2 |
    +--------------------------+----------------------+--------------+

    * Memory: 
    N/A

    * FIFO: 
    N/A

    * Expression: 
    +-----------------------+----------+-------+---+----+------------+------------+
    |     Variable Name     | Operation| DSP48E| FF| LUT| Bitwidth P0| Bitwidth P1|
    +-----------------------+----------+-------+---+----+------------+------------+
    |add_ln42_fu_50_p2      |     +    |      0|  0|  39|           7|          32|
    |sub_ln48_fu_83_p2      |     -    |      0|  0|  16|           6|           9|
    |sub_ln52_1_fu_146_p2   |     -    |      0|  0|  39|          32|          32|
    |sub_ln52_fu_125_p2     |     -    |      0|  0|  39|          22|          32|
    |a1_1_fu_111_p2         |    and   |      0|  0|   8|           8|           8|
    |select_ln48_fu_103_p3  |  select  |      0|  0|   2|           1|           2|
    |select_ln52_fu_138_p3  |  select  |      0|  0|  23|           1|          23|
    |xor_ln48_fu_97_p2      |    xor   |      0|  0|   2|           1|           2|
    +-----------------------+----------+-------+---+----+------------+------------+
    |Total                  |          |      0|  0| 168|          78|         140|
    +-----------------------+----------+-------+---+----+------------+------------+

    * Multiplexer: 
    N/A

    * Register: 
    N/A



================================================================
== Interface
================================================================
* Summary: 
+-------------+-----+-----+------------+-------------------------+--------------+
|  RTL Ports  | Dir | Bits|  Protocol  |      Source Object      |    C Type    |
+-------------+-----+-----+------------+-------------------------+--------------+
|ap_ready     | out |    1| ap_ctrl_hs | pqcrystals_dilithium.29 | return value |
|ap_return_0  | out |   32| ap_ctrl_hs | pqcrystals_dilithium.29 | return value |
|ap_return_1  | out |   32| ap_ctrl_hs | pqcrystals_dilithium.29 | return value |
|a            |  in |   32|   ap_none  |            a            |    scalar    |
+-------------+-----+-----+------------+-------------------------+--------------+

