

================================================================
== Vivado HLS Report for 'pqcrystals_dilithium_17'
================================================================
* Date:           Sun Apr  9 23:09:57 2023

* Version:        2019.2 (Build 2704478 on Wed Nov 06 22:10:23 MST 2019)
* Project:        crypto_sign
* Solution:       solution1
* Product family: artix7
* Target device:  xc7a200t-fbg676-2


================================================================
== Performance Estimates
================================================================
+ Timing: 
    * Summary: 
    +--------+----------+-----------+------------+
    |  Clock |  Target  | Estimated | Uncertainty|
    +--------+----------+-----------+------------+
    |ap_clk  | 10.00 us | 30.299 ns |   1.25 us  |
    +--------+----------+-----------+------------+

+ Latency: 
    * Summary: 
    +---------+---------+----------+----------+-----+-----+---------+
    |  Latency (cycles) |  Latency (absolute) |  Interval | Pipeline|
    |   min   |   max   |    min   |    max   | min | max |   Type  |
    +---------+---------+----------+----------+-----+-----+---------+
    |      255|      255| 2.550 ms | 2.550 ms |  255|  255|   none  |
    +---------+---------+----------+----------+-----+-----+---------+

    + Detail: 
        * Instance: 
        +-------------------------------------+-------------------------+---------+---------+----------+----------+-----+-----+---------+
        |                                     |                         |  Latency (cycles) |  Latency (absolute) |  Interval | Pipeline|
        |               Instance              |          Module         |   min   |   max   |    min   |    max   | min | max |   Type  |
        +-------------------------------------+-------------------------+---------+---------+----------+----------+-----+-----+---------+
        |grp_pqcrystals_dilithium_29_fu_4650  |pqcrystals_dilithium_29  |        0|        0|   0 ns   |   0 ns   |    0|    0|   none  |
        |grp_pqcrystals_dilithium_29_fu_4656  |pqcrystals_dilithium_29  |        0|        0|   0 ns   |   0 ns   |    0|    0|   none  |
        +-------------------------------------+-------------------------+---------+---------+----------+----------+-----+-----+---------+

        * Loop: 
        N/A



================================================================
== Utilization Estimates
================================================================
* Summary: 
+-----------------+---------+-------+--------+--------+-----+
|       Name      | BRAM_18K| DSP48E|   FF   |   LUT  | URAM|
+-----------------+---------+-------+--------+--------+-----+
|DSP              |        -|      -|       -|       -|    -|
|Expression       |        -|      -|       0|    2805|    -|
|FIFO             |        -|      -|       -|       -|    -|
|Instance         |        -|      4|       0|     336|    -|
|Memory           |        -|      -|       -|       -|    -|
|Multiplexer      |        -|      -|       -|    5771|    -|
|Register         |        -|      -|    9667|       -|    -|
+-----------------+---------+-------+--------+--------+-----+
|Total            |        0|      4|    9667|    8912|    0|
+-----------------+---------+-------+--------+--------+-----+
|Available        |      730|    740|  269200|  134600|    0|
+-----------------+---------+-------+--------+--------+-----+
|Utilization (%)  |        0|   ~0  |       3|       6|    0|
+-----------------+---------+-------+--------+--------+-----+

+ Detail: 
    * Instance: 
    +-------------------------------------+-------------------------+---------+-------+---+-----+-----+
    |               Instance              |          Module         | BRAM_18K| DSP48E| FF| LUT | URAM|
    +-------------------------------------+-------------------------+---------+-------+---+-----+-----+
    |grp_pqcrystals_dilithium_29_fu_4650  |pqcrystals_dilithium_29  |        0|      2|  0|  168|    0|
    |grp_pqcrystals_dilithium_29_fu_4656  |pqcrystals_dilithium_29  |        0|      2|  0|  168|    0|
    +-------------------------------------+-------------------------+---------+-------+---+-----+-----+
    |Total                                |                         |        0|      4|  0|  336|    0|
    +-------------------------------------+-------------------------+---------+-------+---+-----+-----+

    * DSP48E: 
    N/A

    * Memory: 
    N/A

    * FIFO: 
    N/A

    * Expression: 
    +-------------------------+----------+-------+---+----+------------+------------+
    |      Variable Name      | Operation| DSP48E| FF| LUT| Bitwidth P0| Bitwidth P1|
    +-------------------------+----------+-------+---+----+------------+------------+
    |or_ln238_100_fu_6104_p2  |    or    |      0|  0|  11|          11|           7|
    |or_ln238_101_fu_6118_p2  |    or    |      0|  0|  11|          11|           7|
    |or_ln238_102_fu_6132_p2  |    or    |      0|  0|  11|          11|           7|
    |or_ln238_103_fu_6146_p2  |    or    |      0|  0|  11|          11|           7|
    |or_ln238_104_fu_6160_p2  |    or    |      0|  0|  11|          11|           7|
    |or_ln238_105_fu_6174_p2  |    or    |      0|  0|  11|          11|           7|
    |or_ln238_106_fu_6188_p2  |    or    |      0|  0|  11|          11|           7|
    |or_ln238_107_fu_6202_p2  |    or    |      0|  0|  11|          11|           7|
    |or_ln238_108_fu_6216_p2  |    or    |      0|  0|  11|          11|           7|
    |or_ln238_109_fu_6230_p2  |    or    |      0|  0|  11|          11|           7|
    |or_ln238_10_fu_4844_p2   |    or    |      0|  0|  11|          11|           4|
    |or_ln238_110_fu_6244_p2  |    or    |      0|  0|  11|          11|           7|
    |or_ln238_111_fu_6258_p2  |    or    |      0|  0|  11|          11|           7|
    |or_ln238_112_fu_6272_p2  |    or    |      0|  0|  11|          11|           7|
    |or_ln238_113_fu_6286_p2  |    or    |      0|  0|  11|          11|           7|
    |or_ln238_114_fu_6300_p2  |    or    |      0|  0|  11|          11|           7|
    |or_ln238_115_fu_6314_p2  |    or    |      0|  0|  11|          11|           7|
    |or_ln238_116_fu_6328_p2  |    or    |      0|  0|  11|          11|           7|
    |or_ln238_117_fu_6342_p2  |    or    |      0|  0|  11|          11|           7|
    |or_ln238_118_fu_6356_p2  |    or    |      0|  0|  11|          11|           7|
    |or_ln238_119_fu_6370_p2  |    or    |      0|  0|  11|          11|           7|
    |or_ln238_11_fu_4858_p2   |    or    |      0|  0|  11|          11|           4|
    |or_ln238_120_fu_6384_p2  |    or    |      0|  0|  11|          11|           7|
    |or_ln238_121_fu_6398_p2  |    or    |      0|  0|  11|          11|           7|
    |or_ln238_122_fu_6412_p2  |    or    |      0|  0|  11|          11|           7|
    |or_ln238_123_fu_6426_p2  |    or    |      0|  0|  11|          11|           7|
    |or_ln238_124_fu_6440_p2  |    or    |      0|  0|  11|          11|           7|
    |or_ln238_125_fu_6454_p2  |    or    |      0|  0|  11|          11|           7|
    |or_ln238_126_fu_6468_p2  |    or    |      0|  0|  11|          11|           7|
    |or_ln238_127_fu_6482_p2  |    or    |      0|  0|  11|          11|           8|
    |or_ln238_128_fu_6496_p2  |    or    |      0|  0|  11|          11|           8|
    |or_ln238_129_fu_6510_p2  |    or    |      0|  0|  11|          11|           8|
    |or_ln238_12_fu_4872_p2   |    or    |      0|  0|  11|          11|           4|
    |or_ln238_130_fu_6524_p2  |    or    |      0|  0|  11|          11|           8|
    |or_ln238_131_fu_6538_p2  |    or    |      0|  0|  11|          11|           8|
    |or_ln238_132_fu_6552_p2  |    or    |      0|  0|  11|          11|           8|
    |or_ln238_133_fu_6566_p2  |    or    |      0|  0|  11|          11|           8|
    |or_ln238_134_fu_6580_p2  |    or    |      0|  0|  11|          11|           8|
    |or_ln238_135_fu_6594_p2  |    or    |      0|  0|  11|          11|           8|
    |or_ln238_136_fu_6608_p2  |    or    |      0|  0|  11|          11|           8|
    |or_ln238_137_fu_6622_p2  |    or    |      0|  0|  11|          11|           8|
    |or_ln238_138_fu_6636_p2  |    or    |      0|  0|  11|          11|           8|
    |or_ln238_139_fu_6650_p2  |    or    |      0|  0|  11|          11|           8|
    |or_ln238_13_fu_4886_p2   |    or    |      0|  0|  11|          11|           4|
    |or_ln238_140_fu_6664_p2  |    or    |      0|  0|  11|          11|           8|
    |or_ln238_141_fu_6678_p2  |    or    |      0|  0|  11|          11|           8|
    |or_ln238_142_fu_6692_p2  |    or    |      0|  0|  11|          11|           8|
    |or_ln238_143_fu_6706_p2  |    or    |      0|  0|  11|          11|           8|
    |or_ln238_144_fu_6720_p2  |    or    |      0|  0|  11|          11|           8|
    |or_ln238_145_fu_6734_p2  |    or    |      0|  0|  11|          11|           8|
    |or_ln238_146_fu_6748_p2  |    or    |      0|  0|  11|          11|           8|
    |or_ln238_147_fu_6762_p2  |    or    |      0|  0|  11|          11|           8|
    |or_ln238_148_fu_6776_p2  |    or    |      0|  0|  11|          11|           8|
    |or_ln238_149_fu_6790_p2  |    or    |      0|  0|  11|          11|           8|
    |or_ln238_14_fu_4900_p2   |    or    |      0|  0|  11|          11|           4|
    |or_ln238_150_fu_6804_p2  |    or    |      0|  0|  11|          11|           8|
    |or_ln238_151_fu_6818_p2  |    or    |      0|  0|  11|          11|           8|
    |or_ln238_152_fu_6832_p2  |    or    |      0|  0|  11|          11|           8|
    |or_ln238_153_fu_6846_p2  |    or    |      0|  0|  11|          11|           8|
    |or_ln238_154_fu_6860_p2  |    or    |      0|  0|  11|          11|           8|
    |or_ln238_155_fu_6874_p2  |    or    |      0|  0|  11|          11|           8|
    |or_ln238_156_fu_6888_p2  |    or    |      0|  0|  11|          11|           8|
    |or_ln238_157_fu_6902_p2  |    or    |      0|  0|  11|          11|           8|
    |or_ln238_158_fu_6916_p2  |    or    |      0|  0|  11|          11|           8|
    |or_ln238_159_fu_6930_p2  |    or    |      0|  0|  11|          11|           8|
    |or_ln238_15_fu_4914_p2   |    or    |      0|  0|  11|          11|           5|
    |or_ln238_160_fu_6944_p2  |    or    |      0|  0|  11|          11|           8|
    |or_ln238_161_fu_6958_p2  |    or    |      0|  0|  11|          11|           8|
    |or_ln238_162_fu_6972_p2  |    or    |      0|  0|  11|          11|           8|
    |or_ln238_163_fu_6986_p2  |    or    |      0|  0|  11|          11|           8|
    |or_ln238_164_fu_7000_p2  |    or    |      0|  0|  11|          11|           8|
    |or_ln238_165_fu_7014_p2  |    or    |      0|  0|  11|          11|           8|
    |or_ln238_166_fu_7028_p2  |    or    |      0|  0|  11|          11|           8|
    |or_ln238_167_fu_7042_p2  |    or    |      0|  0|  11|          11|           8|
    |or_ln238_168_fu_7056_p2  |    or    |      0|  0|  11|          11|           8|
    |or_ln238_169_fu_7070_p2  |    or    |      0|  0|  11|          11|           8|
    |or_ln238_16_fu_4928_p2   |    or    |      0|  0|  11|          11|           5|
    |or_ln238_170_fu_7084_p2  |    or    |      0|  0|  11|          11|           8|
    |or_ln238_171_fu_7098_p2  |    or    |      0|  0|  11|          11|           8|
    |or_ln238_172_fu_7112_p2  |    or    |      0|  0|  11|          11|           8|
    |or_ln238_173_fu_7126_p2  |    or    |      0|  0|  11|          11|           8|
    |or_ln238_174_fu_7140_p2  |    or    |      0|  0|  11|          11|           8|
    |or_ln238_175_fu_7154_p2  |    or    |      0|  0|  11|          11|           8|
    |or_ln238_176_fu_7168_p2  |    or    |      0|  0|  11|          11|           8|
    |or_ln238_177_fu_7182_p2  |    or    |      0|  0|  11|          11|           8|
    |or_ln238_178_fu_7196_p2  |    or    |      0|  0|  11|          11|           8|
    |or_ln238_179_fu_7210_p2  |    or    |      0|  0|  11|          11|           8|
    |or_ln238_17_fu_4942_p2   |    or    |      0|  0|  11|          11|           5|
    |or_ln238_180_fu_7224_p2  |    or    |      0|  0|  11|          11|           8|
    |or_ln238_181_fu_7238_p2  |    or    |      0|  0|  11|          11|           8|
    |or_ln238_182_fu_7252_p2  |    or    |      0|  0|  11|          11|           8|
    |or_ln238_183_fu_7266_p2  |    or    |      0|  0|  11|          11|           8|
    |or_ln238_184_fu_7280_p2  |    or    |      0|  0|  11|          11|           8|
    |or_ln238_185_fu_7294_p2  |    or    |      0|  0|  11|          11|           8|
    |or_ln238_186_fu_7308_p2  |    or    |      0|  0|  11|          11|           8|
    |or_ln238_187_fu_7322_p2  |    or    |      0|  0|  11|          11|           8|
    |or_ln238_188_fu_7336_p2  |    or    |      0|  0|  11|          11|           8|
    |or_ln238_189_fu_7350_p2  |    or    |      0|  0|  11|          11|           8|
    |or_ln238_18_fu_4956_p2   |    or    |      0|  0|  11|          11|           5|
    |or_ln238_190_fu_7364_p2  |    or    |      0|  0|  11|          11|           8|
    |or_ln238_191_fu_7378_p2  |    or    |      0|  0|  11|          11|           8|
    |or_ln238_192_fu_7392_p2  |    or    |      0|  0|  11|          11|           8|
    |or_ln238_193_fu_7406_p2  |    or    |      0|  0|  11|          11|           8|
    |or_ln238_194_fu_7420_p2  |    or    |      0|  0|  11|          11|           8|
    |or_ln238_195_fu_7434_p2  |    or    |      0|  0|  11|          11|           8|
    |or_ln238_196_fu_7448_p2  |    or    |      0|  0|  11|          11|           8|
    |or_ln238_197_fu_7462_p2  |    or    |      0|  0|  11|          11|           8|
    |or_ln238_198_fu_7476_p2  |    or    |      0|  0|  11|          11|           8|
    |or_ln238_199_fu_7490_p2  |    or    |      0|  0|  11|          11|           8|
    |or_ln238_19_fu_4970_p2   |    or    |      0|  0|  11|          11|           5|
    |or_ln238_1_fu_4718_p2    |    or    |      0|  0|  11|          11|           2|
    |or_ln238_200_fu_7504_p2  |    or    |      0|  0|  11|          11|           8|
    |or_ln238_201_fu_7518_p2  |    or    |      0|  0|  11|          11|           8|
    |or_ln238_202_fu_7532_p2  |    or    |      0|  0|  11|          11|           8|
    |or_ln238_203_fu_7546_p2  |    or    |      0|  0|  11|          11|           8|
    |or_ln238_204_fu_7560_p2  |    or    |      0|  0|  11|          11|           8|
    |or_ln238_205_fu_7574_p2  |    or    |      0|  0|  11|          11|           8|
    |or_ln238_206_fu_7588_p2  |    or    |      0|  0|  11|          11|           8|
    |or_ln238_207_fu_7602_p2  |    or    |      0|  0|  11|          11|           8|
    |or_ln238_208_fu_7616_p2  |    or    |      0|  0|  11|          11|           8|
    |or_ln238_209_fu_7630_p2  |    or    |      0|  0|  11|          11|           8|
    |or_ln238_20_fu_4984_p2   |    or    |      0|  0|  11|          11|           5|
    |or_ln238_210_fu_7644_p2  |    or    |      0|  0|  11|          11|           8|
    |or_ln238_211_fu_7658_p2  |    or    |      0|  0|  11|          11|           8|
    |or_ln238_212_fu_7672_p2  |    or    |      0|  0|  11|          11|           8|
    |or_ln238_213_fu_7686_p2  |    or    |      0|  0|  11|          11|           8|
    |or_ln238_214_fu_7700_p2  |    or    |      0|  0|  11|          11|           8|
    |or_ln238_215_fu_7714_p2  |    or    |      0|  0|  11|          11|           8|
    |or_ln238_216_fu_7728_p2  |    or    |      0|  0|  11|          11|           8|
    |or_ln238_217_fu_7742_p2  |    or    |      0|  0|  11|          11|           8|
    |or_ln238_218_fu_7756_p2  |    or    |      0|  0|  11|          11|           8|
    |or_ln238_219_fu_7770_p2  |    or    |      0|  0|  11|          11|           8|
    |or_ln238_21_fu_4998_p2   |    or    |      0|  0|  11|          11|           5|
    |or_ln238_220_fu_7784_p2  |    or    |      0|  0|  11|          11|           8|
    |or_ln238_221_fu_7798_p2  |    or    |      0|  0|  11|          11|           8|
    |or_ln238_222_fu_7812_p2  |    or    |      0|  0|  11|          11|           8|
    |or_ln238_223_fu_7826_p2  |    or    |      0|  0|  11|          11|           8|
    |or_ln238_224_fu_7840_p2  |    or    |      0|  0|  11|          11|           8|
    |or_ln238_225_fu_7854_p2  |    or    |      0|  0|  11|          11|           8|
    |or_ln238_226_fu_7868_p2  |    or    |      0|  0|  11|          11|           8|
    |or_ln238_227_fu_7882_p2  |    or    |      0|  0|  11|          11|           8|
    |or_ln238_228_fu_7896_p2  |    or    |      0|  0|  11|          11|           8|
    |or_ln238_229_fu_7910_p2  |    or    |      0|  0|  11|          11|           8|
    |or_ln238_22_fu_5012_p2   |    or    |      0|  0|  11|          11|           5|
    |or_ln238_230_fu_7924_p2  |    or    |      0|  0|  11|          11|           8|
    |or_ln238_231_fu_7938_p2  |    or    |      0|  0|  11|          11|           8|
    |or_ln238_232_fu_7952_p2  |    or    |      0|  0|  11|          11|           8|
    |or_ln238_233_fu_7966_p2  |    or    |      0|  0|  11|          11|           8|
    |or_ln238_234_fu_7980_p2  |    or    |      0|  0|  11|          11|           8|
    |or_ln238_235_fu_7994_p2  |    or    |      0|  0|  11|          11|           8|
    |or_ln238_236_fu_8008_p2  |    or    |      0|  0|  11|          11|           8|
    |or_ln238_237_fu_8022_p2  |    or    |      0|  0|  11|          11|           8|
    |or_ln238_238_fu_8036_p2  |    or    |      0|  0|  11|          11|           8|
    |or_ln238_239_fu_8050_p2  |    or    |      0|  0|  11|          11|           8|
    |or_ln238_23_fu_5026_p2   |    or    |      0|  0|  11|          11|           5|
    |or_ln238_240_fu_8064_p2  |    or    |      0|  0|  11|          11|           8|
    |or_ln238_241_fu_8078_p2  |    or    |      0|  0|  11|          11|           8|
    |or_ln238_242_fu_8092_p2  |    or    |      0|  0|  11|          11|           8|
    |or_ln238_243_fu_8106_p2  |    or    |      0|  0|  11|          11|           8|
    |or_ln238_244_fu_8120_p2  |    or    |      0|  0|  11|          11|           8|
    |or_ln238_245_fu_8134_p2  |    or    |      0|  0|  11|          11|           8|
    |or_ln238_246_fu_8148_p2  |    or    |      0|  0|  11|          11|           8|
    |or_ln238_247_fu_8162_p2  |    or    |      0|  0|  11|          11|           8|
    |or_ln238_248_fu_8176_p2  |    or    |      0|  0|  11|          11|           8|
    |or_ln238_249_fu_8190_p2  |    or    |      0|  0|  11|          11|           8|
    |or_ln238_24_fu_5040_p2   |    or    |      0|  0|  11|          11|           5|
    |or_ln238_250_fu_8204_p2  |    or    |      0|  0|  11|          11|           8|
    |or_ln238_251_fu_8218_p2  |    or    |      0|  0|  11|          11|           8|
    |or_ln238_252_fu_8232_p2  |    or    |      0|  0|  11|          11|           8|
    |or_ln238_253_fu_8246_p2  |    or    |      0|  0|  11|          11|           8|
    |or_ln238_254_fu_8260_p2  |    or    |      0|  0|  11|          11|           8|
    |or_ln238_25_fu_5054_p2   |    or    |      0|  0|  11|          11|           5|
    |or_ln238_26_fu_5068_p2   |    or    |      0|  0|  11|          11|           5|
    |or_ln238_27_fu_5082_p2   |    or    |      0|  0|  11|          11|           5|
    |or_ln238_28_fu_5096_p2   |    or    |      0|  0|  11|          11|           5|
    |or_ln238_29_fu_5110_p2   |    or    |      0|  0|  11|          11|           5|
    |or_ln238_2_fu_4732_p2    |    or    |      0|  0|  11|          11|           2|
    |or_ln238_30_fu_5124_p2   |    or    |      0|  0|  11|          11|           5|
    |or_ln238_31_fu_5138_p2   |    or    |      0|  0|  11|          11|           6|
    |or_ln238_32_fu_5152_p2   |    or    |      0|  0|  11|          11|           6|
    |or_ln238_33_fu_5166_p2   |    or    |      0|  0|  11|          11|           6|
    |or_ln238_34_fu_5180_p2   |    or    |      0|  0|  11|          11|           6|
    |or_ln238_35_fu_5194_p2   |    or    |      0|  0|  11|          11|           6|
    |or_ln238_36_fu_5208_p2   |    or    |      0|  0|  11|          11|           6|
    |or_ln238_37_fu_5222_p2   |    or    |      0|  0|  11|          11|           6|
    |or_ln238_38_fu_5236_p2   |    or    |      0|  0|  11|          11|           6|
    |or_ln238_39_fu_5250_p2   |    or    |      0|  0|  11|          11|           6|
    |or_ln238_3_fu_4746_p2    |    or    |      0|  0|  11|          11|           3|
    |or_ln238_40_fu_5264_p2   |    or    |      0|  0|  11|          11|           6|
    |or_ln238_41_fu_5278_p2   |    or    |      0|  0|  11|          11|           6|
    |or_ln238_42_fu_5292_p2   |    or    |      0|  0|  11|          11|           6|
    |or_ln238_43_fu_5306_p2   |    or    |      0|  0|  11|          11|           6|
    |or_ln238_44_fu_5320_p2   |    or    |      0|  0|  11|          11|           6|
    |or_ln238_45_fu_5334_p2   |    or    |      0|  0|  11|          11|           6|
    |or_ln238_46_fu_5348_p2   |    or    |      0|  0|  11|          11|           6|
    |or_ln238_47_fu_5362_p2   |    or    |      0|  0|  11|          11|           6|
    |or_ln238_48_fu_5376_p2   |    or    |      0|  0|  11|          11|           6|
    |or_ln238_49_fu_5390_p2   |    or    |      0|  0|  11|          11|           6|
    |or_ln238_4_fu_4760_p2    |    or    |      0|  0|  11|          11|           3|
    |or_ln238_50_fu_5404_p2   |    or    |      0|  0|  11|          11|           6|
    |or_ln238_51_fu_5418_p2   |    or    |      0|  0|  11|          11|           6|
    |or_ln238_52_fu_5432_p2   |    or    |      0|  0|  11|          11|           6|
    |or_ln238_53_fu_5446_p2   |    or    |      0|  0|  11|          11|           6|
    |or_ln238_54_fu_5460_p2   |    or    |      0|  0|  11|          11|           6|
    |or_ln238_55_fu_5474_p2   |    or    |      0|  0|  11|          11|           6|
    |or_ln238_56_fu_5488_p2   |    or    |      0|  0|  11|          11|           6|
    |or_ln238_57_fu_5502_p2   |    or    |      0|  0|  11|          11|           6|
    |or_ln238_58_fu_5516_p2   |    or    |      0|  0|  11|          11|           6|
    |or_ln238_59_fu_5530_p2   |    or    |      0|  0|  11|          11|           6|
    |or_ln238_5_fu_4774_p2    |    or    |      0|  0|  11|          11|           3|
    |or_ln238_60_fu_5544_p2   |    or    |      0|  0|  11|          11|           6|
    |or_ln238_61_fu_5558_p2   |    or    |      0|  0|  11|          11|           6|
    |or_ln238_62_fu_5572_p2   |    or    |      0|  0|  11|          11|           6|
    |or_ln238_63_fu_5586_p2   |    or    |      0|  0|  11|          11|           7|
    |or_ln238_64_fu_5600_p2   |    or    |      0|  0|  11|          11|           7|
    |or_ln238_65_fu_5614_p2   |    or    |      0|  0|  11|          11|           7|
    |or_ln238_66_fu_5628_p2   |    or    |      0|  0|  11|          11|           7|
    |or_ln238_67_fu_5642_p2   |    or    |      0|  0|  11|          11|           7|
    |or_ln238_68_fu_5656_p2   |    or    |      0|  0|  11|          11|           7|
    |or_ln238_69_fu_5670_p2   |    or    |      0|  0|  11|          11|           7|
    |or_ln238_6_fu_4788_p2    |    or    |      0|  0|  11|          11|           3|
    |or_ln238_70_fu_5684_p2   |    or    |      0|  0|  11|          11|           7|
    |or_ln238_71_fu_5698_p2   |    or    |      0|  0|  11|          11|           7|
    |or_ln238_72_fu_5712_p2   |    or    |      0|  0|  11|          11|           7|
    |or_ln238_73_fu_5726_p2   |    or    |      0|  0|  11|          11|           7|
    |or_ln238_74_fu_5740_p2   |    or    |      0|  0|  11|          11|           7|
    |or_ln238_75_fu_5754_p2   |    or    |      0|  0|  11|          11|           7|
    |or_ln238_76_fu_5768_p2   |    or    |      0|  0|  11|          11|           7|
    |or_ln238_77_fu_5782_p2   |    or    |      0|  0|  11|          11|           7|
    |or_ln238_78_fu_5796_p2   |    or    |      0|  0|  11|          11|           7|
    |or_ln238_79_fu_5810_p2   |    or    |      0|  0|  11|          11|           7|
    |or_ln238_7_fu_4802_p2    |    or    |      0|  0|  11|          11|           4|
    |or_ln238_80_fu_5824_p2   |    or    |      0|  0|  11|          11|           7|
    |or_ln238_81_fu_5838_p2   |    or    |      0|  0|  11|          11|           7|
    |or_ln238_82_fu_5852_p2   |    or    |      0|  0|  11|          11|           7|
    |or_ln238_83_fu_5866_p2   |    or    |      0|  0|  11|          11|           7|
    |or_ln238_84_fu_5880_p2   |    or    |      0|  0|  11|          11|           7|
    |or_ln238_85_fu_5894_p2   |    or    |      0|  0|  11|          11|           7|
    |or_ln238_86_fu_5908_p2   |    or    |      0|  0|  11|          11|           7|
    |or_ln238_87_fu_5922_p2   |    or    |      0|  0|  11|          11|           7|
    |or_ln238_88_fu_5936_p2   |    or    |      0|  0|  11|          11|           7|
    |or_ln238_89_fu_5950_p2   |    or    |      0|  0|  11|          11|           7|
    |or_ln238_8_fu_4816_p2    |    or    |      0|  0|  11|          11|           4|
    |or_ln238_90_fu_5964_p2   |    or    |      0|  0|  11|          11|           7|
    |or_ln238_91_fu_5978_p2   |    or    |      0|  0|  11|          11|           7|
    |or_ln238_92_fu_5992_p2   |    or    |      0|  0|  11|          11|           7|
    |or_ln238_93_fu_6006_p2   |    or    |      0|  0|  11|          11|           7|
    |or_ln238_94_fu_6020_p2   |    or    |      0|  0|  11|          11|           7|
    |or_ln238_95_fu_6034_p2   |    or    |      0|  0|  11|          11|           7|
    |or_ln238_96_fu_6048_p2   |    or    |      0|  0|  11|          11|           7|
    |or_ln238_97_fu_6062_p2   |    or    |      0|  0|  11|          11|           7|
    |or_ln238_98_fu_6076_p2   |    or    |      0|  0|  11|          11|           7|
    |or_ln238_99_fu_6090_p2   |    or    |      0|  0|  11|          11|           7|
    |or_ln238_9_fu_4830_p2    |    or    |      0|  0|  11|          11|           4|
    |or_ln238_fu_4703_p2      |    or    |      0|  0|  11|          11|           1|
    +-------------------------+----------+-------+---+----+------------+------------+
    |Total                    |          |      0|  0|2805|        2805|        1793|
    +-------------------------+----------+-------+---+----+------------+------------+

    * Multiplexer: 
    +--------------------+------+-----------+-----+-----------+
    |        Name        |  LUT | Input Size| Bits| Total Bits|
    +--------------------+------+-----------+-----+-----------+
    |a0_coeffs_address0  |   581|        129|   10|       1290|
    |a0_coeffs_address1  |   581|        129|   10|       1290|
    |a1_coeffs_address0  |  1173|        257|   10|       2570|
    |a1_coeffs_address1  |  1173|        257|   10|       2570|
    |a1_coeffs_d0        |   545|        128|   32|       4096|
    |a1_coeffs_d1        |   545|        128|   32|       4096|
    |ap_NS_fsm           |  1173|        257|    1|        257|
    +--------------------+------+-----------+-----+-----------+
    |Total               |  5771|       1285|  105|      16169|
    +--------------------+------+-----------+-----+-----------+

    * Register: 
    +------------------------------+-----+----+-----+-----------+
    |             Name             |  FF | LUT| Bits| Const Bits|
    +------------------------------+-----+----+-----+-----------+
    |a1_coeffs_addr_100_reg_10017  |    2|   0|   10|          8|
    |a1_coeffs_addr_101_reg_10027  |    2|   0|   10|          8|
    |a1_coeffs_addr_102_reg_10047  |    2|   0|   10|          8|
    |a1_coeffs_addr_103_reg_10057  |    2|   0|   10|          8|
    |a1_coeffs_addr_104_reg_10077  |    2|   0|   10|          8|
    |a1_coeffs_addr_105_reg_10087  |    2|   0|   10|          8|
    |a1_coeffs_addr_106_reg_10107  |    2|   0|   10|          8|
    |a1_coeffs_addr_107_reg_10117  |    2|   0|   10|          8|
    |a1_coeffs_addr_108_reg_10137  |    2|   0|   10|          8|
    |a1_coeffs_addr_109_reg_10147  |    2|   0|   10|          8|
    |a1_coeffs_addr_10_reg_8667    |    2|   0|   10|          8|
    |a1_coeffs_addr_110_reg_10167  |    2|   0|   10|          8|
    |a1_coeffs_addr_111_reg_10177  |    2|   0|   10|          8|
    |a1_coeffs_addr_112_reg_10197  |    2|   0|   10|          8|
    |a1_coeffs_addr_113_reg_10207  |    2|   0|   10|          8|
    |a1_coeffs_addr_114_reg_10227  |    2|   0|   10|          8|
    |a1_coeffs_addr_115_reg_10237  |    2|   0|   10|          8|
    |a1_coeffs_addr_116_reg_10257  |    2|   0|   10|          8|
    |a1_coeffs_addr_117_reg_10267  |    2|   0|   10|          8|
    |a1_coeffs_addr_118_reg_10287  |    2|   0|   10|          8|
    |a1_coeffs_addr_119_reg_10297  |    2|   0|   10|          8|
    |a1_coeffs_addr_11_reg_8677    |    2|   0|   10|          8|
    |a1_coeffs_addr_120_reg_10317  |    2|   0|   10|          8|
    |a1_coeffs_addr_121_reg_10327  |    2|   0|   10|          8|
    |a1_coeffs_addr_122_reg_10347  |    2|   0|   10|          8|
    |a1_coeffs_addr_123_reg_10357  |    2|   0|   10|          8|
    |a1_coeffs_addr_124_reg_10377  |    2|   0|   10|          8|
    |a1_coeffs_addr_125_reg_10387  |    2|   0|   10|          8|
    |a1_coeffs_addr_126_reg_10407  |    2|   0|   10|          8|
    |a1_coeffs_addr_127_reg_10417  |    2|   0|   10|          8|
    |a1_coeffs_addr_128_reg_10437  |    2|   0|   10|          8|
    |a1_coeffs_addr_129_reg_10447  |    2|   0|   10|          8|
    |a1_coeffs_addr_12_reg_8697    |    2|   0|   10|          8|
    |a1_coeffs_addr_130_reg_10467  |    2|   0|   10|          8|
    |a1_coeffs_addr_131_reg_10477  |    2|   0|   10|          8|
    |a1_coeffs_addr_132_reg_10497  |    2|   0|   10|          8|
    |a1_coeffs_addr_133_reg_10507  |    2|   0|   10|          8|
    |a1_coeffs_addr_134_reg_10527  |    2|   0|   10|          8|
    |a1_coeffs_addr_135_reg_10537  |    2|   0|   10|          8|
    |a1_coeffs_addr_136_reg_10557  |    2|   0|   10|          8|
    |a1_coeffs_addr_137_reg_10567  |    2|   0|   10|          8|
    |a1_coeffs_addr_138_reg_10587  |    2|   0|   10|          8|
    |a1_coeffs_addr_139_reg_10597  |    2|   0|   10|          8|
    |a1_coeffs_addr_13_reg_8707    |    2|   0|   10|          8|
    |a1_coeffs_addr_140_reg_10617  |    2|   0|   10|          8|
    |a1_coeffs_addr_141_reg_10627  |    2|   0|   10|          8|
    |a1_coeffs_addr_142_reg_10647  |    2|   0|   10|          8|
    |a1_coeffs_addr_143_reg_10657  |    2|   0|   10|          8|
    |a1_coeffs_addr_144_reg_10677  |    2|   0|   10|          8|
    |a1_coeffs_addr_145_reg_10687  |    2|   0|   10|          8|
    |a1_coeffs_addr_146_reg_10707  |    2|   0|   10|          8|
    |a1_coeffs_addr_147_reg_10717  |    2|   0|   10|          8|
    |a1_coeffs_addr_148_reg_10737  |    2|   0|   10|          8|
    |a1_coeffs_addr_149_reg_10747  |    2|   0|   10|          8|
    |a1_coeffs_addr_14_reg_8727    |    2|   0|   10|          8|
    |a1_coeffs_addr_150_reg_10767  |    2|   0|   10|          8|
    |a1_coeffs_addr_151_reg_10777  |    2|   0|   10|          8|
    |a1_coeffs_addr_152_reg_10797  |    2|   0|   10|          8|
    |a1_coeffs_addr_153_reg_10807  |    2|   0|   10|          8|
    |a1_coeffs_addr_154_reg_10827  |    2|   0|   10|          8|
    |a1_coeffs_addr_155_reg_10837  |    2|   0|   10|          8|
    |a1_coeffs_addr_156_reg_10857  |    2|   0|   10|          8|
    |a1_coeffs_addr_157_reg_10867  |    2|   0|   10|          8|
    |a1_coeffs_addr_158_reg_10887  |    2|   0|   10|          8|
    |a1_coeffs_addr_159_reg_10897  |    2|   0|   10|          8|
    |a1_coeffs_addr_15_reg_8737    |    2|   0|   10|          8|
    |a1_coeffs_addr_160_reg_10917  |    2|   0|   10|          8|
    |a1_coeffs_addr_161_reg_10927  |    2|   0|   10|          8|
    |a1_coeffs_addr_162_reg_10947  |    2|   0|   10|          8|
    |a1_coeffs_addr_163_reg_10957  |    2|   0|   10|          8|
    |a1_coeffs_addr_164_reg_10977  |    2|   0|   10|          8|
    |a1_coeffs_addr_165_reg_10987  |    2|   0|   10|          8|
    |a1_coeffs_addr_166_reg_11007  |    2|   0|   10|          8|
    |a1_coeffs_addr_167_reg_11017  |    2|   0|   10|          8|
    |a1_coeffs_addr_168_reg_11037  |    2|   0|   10|          8|
    |a1_coeffs_addr_169_reg_11047  |    2|   0|   10|          8|
    |a1_coeffs_addr_16_reg_8757    |    2|   0|   10|          8|
    |a1_coeffs_addr_170_reg_11067  |    2|   0|   10|          8|
    |a1_coeffs_addr_171_reg_11077  |    2|   0|   10|          8|
    |a1_coeffs_addr_172_reg_11097  |    2|   0|   10|          8|
    |a1_coeffs_addr_173_reg_11107  |    2|   0|   10|          8|
    |a1_coeffs_addr_174_reg_11127  |    2|   0|   10|          8|
    |a1_coeffs_addr_175_reg_11137  |    2|   0|   10|          8|
    |a1_coeffs_addr_176_reg_11157  |    2|   0|   10|          8|
    |a1_coeffs_addr_177_reg_11167  |    2|   0|   10|          8|
    |a1_coeffs_addr_178_reg_11187  |    2|   0|   10|          8|
    |a1_coeffs_addr_179_reg_11197  |    2|   0|   10|          8|
    |a1_coeffs_addr_17_reg_8767    |    2|   0|   10|          8|
    |a1_coeffs_addr_180_reg_11217  |    2|   0|   10|          8|
    |a1_coeffs_addr_181_reg_11227  |    2|   0|   10|          8|
    |a1_coeffs_addr_182_reg_11247  |    2|   0|   10|          8|
    |a1_coeffs_addr_183_reg_11257  |    2|   0|   10|          8|
    |a1_coeffs_addr_184_reg_11277  |    2|   0|   10|          8|
    |a1_coeffs_addr_185_reg_11287  |    2|   0|   10|          8|
    |a1_coeffs_addr_186_reg_11307  |    2|   0|   10|          8|
    |a1_coeffs_addr_187_reg_11317  |    2|   0|   10|          8|
    |a1_coeffs_addr_188_reg_11337  |    2|   0|   10|          8|
    |a1_coeffs_addr_189_reg_11347  |    2|   0|   10|          8|
    |a1_coeffs_addr_18_reg_8787    |    2|   0|   10|          8|
    |a1_coeffs_addr_190_reg_11367  |    2|   0|   10|          8|
    |a1_coeffs_addr_191_reg_11377  |    2|   0|   10|          8|
    |a1_coeffs_addr_192_reg_11397  |    2|   0|   10|          8|
    |a1_coeffs_addr_193_reg_11407  |    2|   0|   10|          8|
    |a1_coeffs_addr_194_reg_11427  |    2|   0|   10|          8|
    |a1_coeffs_addr_195_reg_11437  |    2|   0|   10|          8|
    |a1_coeffs_addr_196_reg_11457  |    2|   0|   10|          8|
    |a1_coeffs_addr_197_reg_11467  |    2|   0|   10|          8|
    |a1_coeffs_addr_198_reg_11487  |    2|   0|   10|          8|
    |a1_coeffs_addr_199_reg_11497  |    2|   0|   10|          8|
    |a1_coeffs_addr_19_reg_8797    |    2|   0|   10|          8|
    |a1_coeffs_addr_1_reg_8547     |    2|   0|   10|          8|
    |a1_coeffs_addr_200_reg_11517  |    2|   0|   10|          8|
    |a1_coeffs_addr_201_reg_11527  |    2|   0|   10|          8|
    |a1_coeffs_addr_202_reg_11547  |    2|   0|   10|          8|
    |a1_coeffs_addr_203_reg_11557  |    2|   0|   10|          8|
    |a1_coeffs_addr_204_reg_11577  |    2|   0|   10|          8|
    |a1_coeffs_addr_205_reg_11587  |    2|   0|   10|          8|
    |a1_coeffs_addr_206_reg_11607  |    2|   0|   10|          8|
    |a1_coeffs_addr_207_reg_11617  |    2|   0|   10|          8|
    |a1_coeffs_addr_208_reg_11637  |    2|   0|   10|          8|
    |a1_coeffs_addr_209_reg_11647  |    2|   0|   10|          8|
    |a1_coeffs_addr_20_reg_8817    |    2|   0|   10|          8|
    |a1_coeffs_addr_210_reg_11667  |    2|   0|   10|          8|
    |a1_coeffs_addr_211_reg_11677  |    2|   0|   10|          8|
    |a1_coeffs_addr_212_reg_11697  |    2|   0|   10|          8|
    |a1_coeffs_addr_213_reg_11707  |    2|   0|   10|          8|
    |a1_coeffs_addr_214_reg_11727  |    2|   0|   10|          8|
    |a1_coeffs_addr_215_reg_11737  |    2|   0|   10|          8|
    |a1_coeffs_addr_216_reg_11757  |    2|   0|   10|          8|
    |a1_coeffs_addr_217_reg_11767  |    2|   0|   10|          8|
    |a1_coeffs_addr_218_reg_11787  |    2|   0|   10|          8|
    |a1_coeffs_addr_219_reg_11797  |    2|   0|   10|          8|
    |a1_coeffs_addr_21_reg_8827    |    2|   0|   10|          8|
    |a1_coeffs_addr_220_reg_11817  |    2|   0|   10|          8|
    |a1_coeffs_addr_221_reg_11827  |    2|   0|   10|          8|
    |a1_coeffs_addr_222_reg_11847  |    2|   0|   10|          8|
    |a1_coeffs_addr_223_reg_11857  |    2|   0|   10|          8|
    |a1_coeffs_addr_224_reg_11877  |    2|   0|   10|          8|
    |a1_coeffs_addr_225_reg_11887  |    2|   0|   10|          8|
    |a1_coeffs_addr_226_reg_11907  |    2|   0|   10|          8|
    |a1_coeffs_addr_227_reg_11917  |    2|   0|   10|          8|
    |a1_coeffs_addr_228_reg_11937  |    2|   0|   10|          8|
    |a1_coeffs_addr_229_reg_11947  |    2|   0|   10|          8|
    |a1_coeffs_addr_22_reg_8847    |    2|   0|   10|          8|
    |a1_coeffs_addr_230_reg_11967  |    2|   0|   10|          8|
    |a1_coeffs_addr_231_reg_11977  |    2|   0|   10|          8|
    |a1_coeffs_addr_232_reg_11997  |    2|   0|   10|          8|
    |a1_coeffs_addr_233_reg_12007  |    2|   0|   10|          8|
    |a1_coeffs_addr_234_reg_12027  |    2|   0|   10|          8|
    |a1_coeffs_addr_235_reg_12037  |    2|   0|   10|          8|
    |a1_coeffs_addr_236_reg_12057  |    2|   0|   10|          8|
    |a1_coeffs_addr_237_reg_12067  |    2|   0|   10|          8|
    |a1_coeffs_addr_238_reg_12087  |    2|   0|   10|          8|
    |a1_coeffs_addr_239_reg_12097  |    2|   0|   10|          8|
    |a1_coeffs_addr_23_reg_8857    |    2|   0|   10|          8|
    |a1_coeffs_addr_240_reg_12117  |    2|   0|   10|          8|
    |a1_coeffs_addr_241_reg_12127  |    2|   0|   10|          8|
    |a1_coeffs_addr_242_reg_12147  |    2|   0|   10|          8|
    |a1_coeffs_addr_243_reg_12157  |    2|   0|   10|          8|
    |a1_coeffs_addr_244_reg_12177  |    2|   0|   10|          8|
    |a1_coeffs_addr_245_reg_12187  |    2|   0|   10|          8|
    |a1_coeffs_addr_246_reg_12207  |    2|   0|   10|          8|
    |a1_coeffs_addr_247_reg_12217  |    2|   0|   10|          8|
    |a1_coeffs_addr_248_reg_12237  |    2|   0|   10|          8|
    |a1_coeffs_addr_249_reg_12247  |    2|   0|   10|          8|
    |a1_coeffs_addr_24_reg_8877    |    2|   0|   10|          8|
    |a1_coeffs_addr_250_reg_12267  |    2|   0|   10|          8|
    |a1_coeffs_addr_251_reg_12277  |    2|   0|   10|          8|
    |a1_coeffs_addr_252_reg_12297  |    2|   0|   10|          8|
    |a1_coeffs_addr_253_reg_12307  |    2|   0|   10|          8|
    |a1_coeffs_addr_254_reg_12327  |    2|   0|   10|          8|
    |a1_coeffs_addr_255_reg_12337  |    2|   0|   10|          8|
    |a1_coeffs_addr_25_reg_8887    |    2|   0|   10|          8|
    |a1_coeffs_addr_26_reg_8907    |    2|   0|   10|          8|
    |a1_coeffs_addr_27_reg_8917    |    2|   0|   10|          8|
    |a1_coeffs_addr_28_reg_8937    |    2|   0|   10|          8|
    |a1_coeffs_addr_29_reg_8947    |    2|   0|   10|          8|
    |a1_coeffs_addr_2_reg_8557     |    2|   0|   10|          8|
    |a1_coeffs_addr_30_reg_8967    |    2|   0|   10|          8|
    |a1_coeffs_addr_31_reg_8977    |    2|   0|   10|          8|
    |a1_coeffs_addr_32_reg_8997    |    2|   0|   10|          8|
    |a1_coeffs_addr_33_reg_9007    |    2|   0|   10|          8|
    |a1_coeffs_addr_34_reg_9027    |    2|   0|   10|          8|
    |a1_coeffs_addr_35_reg_9037    |    2|   0|   10|          8|
    |a1_coeffs_addr_36_reg_9057    |    2|   0|   10|          8|
    |a1_coeffs_addr_37_reg_9067    |    2|   0|   10|          8|
    |a1_coeffs_addr_38_reg_9087    |    2|   0|   10|          8|
    |a1_coeffs_addr_39_reg_9097    |    2|   0|   10|          8|
    |a1_coeffs_addr_3_reg_8567     |    2|   0|   10|          8|
    |a1_coeffs_addr_40_reg_9117    |    2|   0|   10|          8|
    |a1_coeffs_addr_41_reg_9127    |    2|   0|   10|          8|
    |a1_coeffs_addr_42_reg_9147    |    2|   0|   10|          8|
    |a1_coeffs_addr_43_reg_9157    |    2|   0|   10|          8|
    |a1_coeffs_addr_44_reg_9177    |    2|   0|   10|          8|
    |a1_coeffs_addr_45_reg_9187    |    2|   0|   10|          8|
    |a1_coeffs_addr_46_reg_9207    |    2|   0|   10|          8|
    |a1_coeffs_addr_47_reg_9217    |    2|   0|   10|          8|
    |a1_coeffs_addr_48_reg_9237    |    2|   0|   10|          8|
    |a1_coeffs_addr_49_reg_9247    |    2|   0|   10|          8|
    |a1_coeffs_addr_4_reg_8577     |    2|   0|   10|          8|
    |a1_coeffs_addr_50_reg_9267    |    2|   0|   10|          8|
    |a1_coeffs_addr_51_reg_9277    |    2|   0|   10|          8|
    |a1_coeffs_addr_52_reg_9297    |    2|   0|   10|          8|
    |a1_coeffs_addr_53_reg_9307    |    2|   0|   10|          8|
    |a1_coeffs_addr_54_reg_9327    |    2|   0|   10|          8|
    |a1_coeffs_addr_55_reg_9337    |    2|   0|   10|          8|
    |a1_coeffs_addr_56_reg_9357    |    2|   0|   10|          8|
    |a1_coeffs_addr_57_reg_9367    |    2|   0|   10|          8|
    |a1_coeffs_addr_58_reg_9387    |    2|   0|   10|          8|
    |a1_coeffs_addr_59_reg_9397    |    2|   0|   10|          8|
    |a1_coeffs_addr_5_reg_8587     |    2|   0|   10|          8|
    |a1_coeffs_addr_60_reg_9417    |    2|   0|   10|          8|
    |a1_coeffs_addr_61_reg_9427    |    2|   0|   10|          8|
    |a1_coeffs_addr_62_reg_9447    |    2|   0|   10|          8|
    |a1_coeffs_addr_63_reg_9457    |    2|   0|   10|          8|
    |a1_coeffs_addr_64_reg_9477    |    2|   0|   10|          8|
    |a1_coeffs_addr_65_reg_9487    |    2|   0|   10|          8|
    |a1_coeffs_addr_66_reg_9507    |    2|   0|   10|          8|
    |a1_coeffs_addr_67_reg_9517    |    2|   0|   10|          8|
    |a1_coeffs_addr_68_reg_9537    |    2|   0|   10|          8|
    |a1_coeffs_addr_69_reg_9547    |    2|   0|   10|          8|
    |a1_coeffs_addr_6_reg_8607     |    2|   0|   10|          8|
    |a1_coeffs_addr_70_reg_9567    |    2|   0|   10|          8|
    |a1_coeffs_addr_71_reg_9577    |    2|   0|   10|          8|
    |a1_coeffs_addr_72_reg_9597    |    2|   0|   10|          8|
    |a1_coeffs_addr_73_reg_9607    |    2|   0|   10|          8|
    |a1_coeffs_addr_74_reg_9627    |    2|   0|   10|          8|
    |a1_coeffs_addr_75_reg_9637    |    2|   0|   10|          8|
    |a1_coeffs_addr_76_reg_9657    |    2|   0|   10|          8|
    |a1_coeffs_addr_77_reg_9667    |    2|   0|   10|          8|
    |a1_coeffs_addr_78_reg_9687    |    2|   0|   10|          8|
    |a1_coeffs_addr_79_reg_9697    |    2|   0|   10|          8|
    |a1_coeffs_addr_7_reg_8617     |    2|   0|   10|          8|
    |a1_coeffs_addr_80_reg_9717    |    2|   0|   10|          8|
    |a1_coeffs_addr_81_reg_9727    |    2|   0|   10|          8|
    |a1_coeffs_addr_82_reg_9747    |    2|   0|   10|          8|
    |a1_coeffs_addr_83_reg_9757    |    2|   0|   10|          8|
    |a1_coeffs_addr_84_reg_9777    |    2|   0|   10|          8|
    |a1_coeffs_addr_85_reg_9787    |    2|   0|   10|          8|
    |a1_coeffs_addr_86_reg_9807    |    2|   0|   10|          8|
    |a1_coeffs_addr_87_reg_9817    |    2|   0|   10|          8|
    |a1_coeffs_addr_88_reg_9837    |    2|   0|   10|          8|
    |a1_coeffs_addr_89_reg_9847    |    2|   0|   10|          8|
    |a1_coeffs_addr_8_reg_8637     |    2|   0|   10|          8|
    |a1_coeffs_addr_90_reg_9867    |    2|   0|   10|          8|
    |a1_coeffs_addr_91_reg_9877    |    2|   0|   10|          8|
    |a1_coeffs_addr_92_reg_9897    |    2|   0|   10|          8|
    |a1_coeffs_addr_93_reg_9907    |    2|   0|   10|          8|
    |a1_coeffs_addr_94_reg_9927    |    2|   0|   10|          8|
    |a1_coeffs_addr_95_reg_9937    |    2|   0|   10|          8|
    |a1_coeffs_addr_96_reg_9957    |    2|   0|   10|          8|
    |a1_coeffs_addr_97_reg_9967    |    2|   0|   10|          8|
    |a1_coeffs_addr_98_reg_9987    |    2|   0|   10|          8|
    |a1_coeffs_addr_99_reg_9997    |    2|   0|   10|          8|
    |a1_coeffs_addr_9_reg_8647     |    2|   0|   10|          8|
    |a1_coeffs_addr_reg_8537       |    2|   0|   10|          8|
    |ap_CS_fsm                     |  256|   0|  256|          0|
    |reg_4680                      |   32|   0|   32|          0|
    |reg_4685                      |   32|   0|   32|          0|
    |tmp_100_reg_10062             |   32|   0|   32|          0|
    |tmp_101_reg_10067             |   32|   0|   32|          0|
    |tmp_102_reg_10092             |   32|   0|   32|          0|
    |tmp_103_reg_10097             |   32|   0|   32|          0|
    |tmp_104_reg_10122             |   32|   0|   32|          0|
    |tmp_105_reg_10127             |   32|   0|   32|          0|
    |tmp_106_reg_10152             |   32|   0|   32|          0|
    |tmp_107_reg_10157             |   32|   0|   32|          0|
    |tmp_108_reg_10182             |   32|   0|   32|          0|
    |tmp_109_reg_10187             |   32|   0|   32|          0|
    |tmp_10_reg_8712               |   32|   0|   32|          0|
    |tmp_110_reg_10212             |   32|   0|   32|          0|
    |tmp_111_reg_10217             |   32|   0|   32|          0|
    |tmp_112_reg_10242             |   32|   0|   32|          0|
    |tmp_113_reg_10247             |   32|   0|   32|          0|
    |tmp_114_reg_10272             |   32|   0|   32|          0|
    |tmp_115_reg_10277             |   32|   0|   32|          0|
    |tmp_116_reg_10302             |   32|   0|   32|          0|
    |tmp_117_reg_10307             |   32|   0|   32|          0|
    |tmp_118_reg_10332             |   32|   0|   32|          0|
    |tmp_119_reg_10337             |   32|   0|   32|          0|
    |tmp_11_reg_8717               |   32|   0|   32|          0|
    |tmp_120_reg_10362             |   32|   0|   32|          0|
    |tmp_121_reg_10367             |   32|   0|   32|          0|
    |tmp_122_reg_10392             |   32|   0|   32|          0|
    |tmp_123_reg_10397             |   32|   0|   32|          0|
    |tmp_124_reg_10422             |   32|   0|   32|          0|
    |tmp_125_reg_10427             |   32|   0|   32|          0|
    |tmp_126_reg_10452             |   32|   0|   32|          0|
    |tmp_127_reg_10457             |   32|   0|   32|          0|
    |tmp_128_reg_10482             |   32|   0|   32|          0|
    |tmp_129_reg_10487             |   32|   0|   32|          0|
    |tmp_12_reg_8742               |   32|   0|   32|          0|
    |tmp_130_reg_10512             |   32|   0|   32|          0|
    |tmp_131_reg_10517             |   32|   0|   32|          0|
    |tmp_132_reg_10542             |   32|   0|   32|          0|
    |tmp_133_reg_10547             |   32|   0|   32|          0|
    |tmp_134_reg_10572             |   32|   0|   32|          0|
    |tmp_135_reg_10577             |   32|   0|   32|          0|
    |tmp_136_reg_10602             |   32|   0|   32|          0|
    |tmp_137_reg_10607             |   32|   0|   32|          0|
    |tmp_138_reg_10632             |   32|   0|   32|          0|
    |tmp_139_reg_10637             |   32|   0|   32|          0|
    |tmp_13_reg_8747               |   32|   0|   32|          0|
    |tmp_140_reg_10662             |   32|   0|   32|          0|
    |tmp_141_reg_10667             |   32|   0|   32|          0|
    |tmp_142_reg_10692             |   32|   0|   32|          0|
    |tmp_143_reg_10697             |   32|   0|   32|          0|
    |tmp_144_reg_10722             |   32|   0|   32|          0|
    |tmp_145_reg_10727             |   32|   0|   32|          0|
    |tmp_146_reg_10752             |   32|   0|   32|          0|
    |tmp_147_reg_10757             |   32|   0|   32|          0|
    |tmp_148_reg_10782             |   32|   0|   32|          0|
    |tmp_149_reg_10787             |   32|   0|   32|          0|
    |tmp_14_reg_8772               |   32|   0|   32|          0|
    |tmp_150_reg_10812             |   32|   0|   32|          0|
    |tmp_151_reg_10817             |   32|   0|   32|          0|
    |tmp_152_reg_10842             |   32|   0|   32|          0|
    |tmp_153_reg_10847             |   32|   0|   32|          0|
    |tmp_154_reg_10872             |   32|   0|   32|          0|
    |tmp_155_reg_10877             |   32|   0|   32|          0|
    |tmp_156_reg_10902             |   32|   0|   32|          0|
    |tmp_157_reg_10907             |   32|   0|   32|          0|
    |tmp_158_reg_10932             |   32|   0|   32|          0|
    |tmp_159_reg_10937             |   32|   0|   32|          0|
    |tmp_15_reg_8777               |   32|   0|   32|          0|
    |tmp_160_reg_10962             |   32|   0|   32|          0|
    |tmp_161_reg_10967             |   32|   0|   32|          0|
    |tmp_162_reg_10992             |   32|   0|   32|          0|
    |tmp_163_reg_10997             |   32|   0|   32|          0|
    |tmp_164_reg_11022             |   32|   0|   32|          0|
    |tmp_165_reg_11027             |   32|   0|   32|          0|
    |tmp_166_reg_11052             |   32|   0|   32|          0|
    |tmp_167_reg_11057             |   32|   0|   32|          0|
    |tmp_168_reg_11082             |   32|   0|   32|          0|
    |tmp_169_reg_11087             |   32|   0|   32|          0|
    |tmp_16_reg_8802               |   32|   0|   32|          0|
    |tmp_170_reg_11112             |   32|   0|   32|          0|
    |tmp_171_reg_11117             |   32|   0|   32|          0|
    |tmp_172_reg_11142             |   32|   0|   32|          0|
    |tmp_173_reg_11147             |   32|   0|   32|          0|
    |tmp_174_reg_11172             |   32|   0|   32|          0|
    |tmp_175_reg_11177             |   32|   0|   32|          0|
    |tmp_176_reg_11202             |   32|   0|   32|          0|
    |tmp_177_reg_11207             |   32|   0|   32|          0|
    |tmp_178_reg_11232             |   32|   0|   32|          0|
    |tmp_179_reg_11237             |   32|   0|   32|          0|
    |tmp_17_reg_8807               |   32|   0|   32|          0|
    |tmp_180_reg_11262             |   32|   0|   32|          0|
    |tmp_181_reg_11267             |   32|   0|   32|          0|
    |tmp_182_reg_11292             |   32|   0|   32|          0|
    |tmp_183_reg_11297             |   32|   0|   32|          0|
    |tmp_184_reg_11322             |   32|   0|   32|          0|
    |tmp_185_reg_11327             |   32|   0|   32|          0|
    |tmp_186_reg_11352             |   32|   0|   32|          0|
    |tmp_187_reg_11357             |   32|   0|   32|          0|
    |tmp_188_reg_11382             |   32|   0|   32|          0|
    |tmp_189_reg_11387             |   32|   0|   32|          0|
    |tmp_18_reg_8832               |   32|   0|   32|          0|
    |tmp_190_reg_11412             |   32|   0|   32|          0|
    |tmp_191_reg_11417             |   32|   0|   32|          0|
    |tmp_192_reg_11442             |   32|   0|   32|          0|
    |tmp_193_reg_11447             |   32|   0|   32|          0|
    |tmp_194_reg_11472             |   32|   0|   32|          0|
    |tmp_195_reg_11477             |   32|   0|   32|          0|
    |tmp_196_reg_11502             |   32|   0|   32|          0|
    |tmp_197_reg_11507             |   32|   0|   32|          0|
    |tmp_198_reg_11532             |   32|   0|   32|          0|
    |tmp_199_reg_11537             |   32|   0|   32|          0|
    |tmp_19_reg_8837               |   32|   0|   32|          0|
    |tmp_200_reg_11562             |   32|   0|   32|          0|
    |tmp_201_reg_11567             |   32|   0|   32|          0|
    |tmp_202_reg_11592             |   32|   0|   32|          0|
    |tmp_203_reg_11597             |   32|   0|   32|          0|
    |tmp_204_reg_11622             |   32|   0|   32|          0|
    |tmp_205_reg_11627             |   32|   0|   32|          0|
    |tmp_206_reg_11652             |   32|   0|   32|          0|
    |tmp_207_reg_11657             |   32|   0|   32|          0|
    |tmp_208_reg_11682             |   32|   0|   32|          0|
    |tmp_209_reg_11687             |   32|   0|   32|          0|
    |tmp_20_reg_8862               |   32|   0|   32|          0|
    |tmp_210_reg_11712             |   32|   0|   32|          0|
    |tmp_211_reg_11717             |   32|   0|   32|          0|
    |tmp_212_reg_11742             |   32|   0|   32|          0|
    |tmp_213_reg_11747             |   32|   0|   32|          0|
    |tmp_214_reg_11772             |   32|   0|   32|          0|
    |tmp_215_reg_11777             |   32|   0|   32|          0|
    |tmp_216_reg_11802             |   32|   0|   32|          0|
    |tmp_217_reg_11807             |   32|   0|   32|          0|
    |tmp_218_reg_11832             |   32|   0|   32|          0|
    |tmp_219_reg_11837             |   32|   0|   32|          0|
    |tmp_21_reg_8867               |   32|   0|   32|          0|
    |tmp_220_reg_11862             |   32|   0|   32|          0|
    |tmp_221_reg_11867             |   32|   0|   32|          0|
    |tmp_222_reg_11892             |   32|   0|   32|          0|
    |tmp_223_reg_11897             |   32|   0|   32|          0|
    |tmp_224_reg_11922             |   32|   0|   32|          0|
    |tmp_225_reg_11927             |   32|   0|   32|          0|
    |tmp_226_reg_11952             |   32|   0|   32|          0|
    |tmp_227_reg_11957             |   32|   0|   32|          0|
    |tmp_228_reg_11982             |   32|   0|   32|          0|
    |tmp_229_reg_11987             |   32|   0|   32|          0|
    |tmp_22_reg_8892               |   32|   0|   32|          0|
    |tmp_230_reg_12012             |   32|   0|   32|          0|
    |tmp_231_reg_12017             |   32|   0|   32|          0|
    |tmp_232_reg_12042             |   32|   0|   32|          0|
    |tmp_233_reg_12047             |   32|   0|   32|          0|
    |tmp_234_reg_12072             |   32|   0|   32|          0|
    |tmp_235_reg_12077             |   32|   0|   32|          0|
    |tmp_236_reg_12102             |   32|   0|   32|          0|
    |tmp_237_reg_12107             |   32|   0|   32|          0|
    |tmp_238_reg_12132             |   32|   0|   32|          0|
    |tmp_239_reg_12137             |   32|   0|   32|          0|
    |tmp_23_reg_8897               |   32|   0|   32|          0|
    |tmp_240_reg_12162             |   32|   0|   32|          0|
    |tmp_241_reg_12167             |   32|   0|   32|          0|
    |tmp_242_reg_12192             |   32|   0|   32|          0|
    |tmp_243_reg_12197             |   32|   0|   32|          0|
    |tmp_244_reg_12222             |   32|   0|   32|          0|
    |tmp_245_reg_12227             |   32|   0|   32|          0|
    |tmp_246_reg_12252             |   32|   0|   32|          0|
    |tmp_247_reg_12257             |   32|   0|   32|          0|
    |tmp_248_reg_12282             |   32|   0|   32|          0|
    |tmp_249_reg_12287             |   32|   0|   32|          0|
    |tmp_24_reg_8922               |   32|   0|   32|          0|
    |tmp_250_reg_12312             |   32|   0|   32|          0|
    |tmp_251_reg_12317             |   32|   0|   32|          0|
    |tmp_252_reg_12342             |   32|   0|   32|          0|
    |tmp_253_reg_12347             |   32|   0|   32|          0|
    |tmp_25_reg_8927               |   32|   0|   32|          0|
    |tmp_26_reg_8952               |   32|   0|   32|          0|
    |tmp_27_reg_8957               |   32|   0|   32|          0|
    |tmp_28_reg_8982               |   32|   0|   32|          0|
    |tmp_29_reg_8987               |   32|   0|   32|          0|
    |tmp_2_reg_8592                |   32|   0|   32|          0|
    |tmp_30_reg_9012               |   32|   0|   32|          0|
    |tmp_31_reg_9017               |   32|   0|   32|          0|
    |tmp_32_reg_9042               |   32|   0|   32|          0|
    |tmp_33_reg_9047               |   32|   0|   32|          0|
    |tmp_3410_reg_8542             |    3|   0|   64|         61|
    |tmp_3411_reg_8552             |    3|   0|   64|         61|
    |tmp_3412_reg_8562             |    3|   0|   64|         61|
    |tmp_3413_reg_8572             |    3|   0|   64|         61|
    |tmp_3414_reg_8582             |    3|   0|   64|         61|
    |tmp_3415_reg_8602             |    3|   0|   64|         61|
    |tmp_3416_reg_8612             |    3|   0|   64|         61|
    |tmp_3417_reg_8632             |    3|   0|   64|         61|
    |tmp_3418_reg_8642             |    3|   0|   64|         61|
    |tmp_3419_reg_8662             |    3|   0|   64|         61|
    |tmp_3420_reg_8672             |    3|   0|   64|         61|
    |tmp_3421_reg_8692             |    3|   0|   64|         61|
    |tmp_3422_reg_8702             |    3|   0|   64|         61|
    |tmp_3423_reg_8722             |    3|   0|   64|         61|
    |tmp_3424_reg_8732             |    3|   0|   64|         61|
    |tmp_3425_reg_8752             |    3|   0|   64|         61|
    |tmp_3426_reg_8762             |    3|   0|   64|         61|
    |tmp_3427_reg_8782             |    3|   0|   64|         61|
    |tmp_3428_reg_8792             |    3|   0|   64|         61|
    |tmp_3429_reg_8812             |    3|   0|   64|         61|
    |tmp_3430_reg_8822             |    3|   0|   64|         61|
    |tmp_3431_reg_8842             |    3|   0|   64|         61|
    |tmp_3432_reg_8852             |    3|   0|   64|         61|
    |tmp_3433_reg_8872             |    3|   0|   64|         61|
    |tmp_3434_reg_8882             |    3|   0|   64|         61|
    |tmp_3435_reg_8902             |    3|   0|   64|         61|
    |tmp_3436_reg_8912             |    3|   0|   64|         61|
    |tmp_3437_reg_8932             |    3|   0|   64|         61|
    |tmp_3438_reg_8942             |    3|   0|   64|         61|
    |tmp_3439_reg_8962             |    3|   0|   64|         61|
    |tmp_3440_reg_8972             |    3|   0|   64|         61|
    |tmp_3441_reg_8992             |    3|   0|   64|         61|
    |tmp_3442_reg_9002             |    3|   0|   64|         61|
    |tmp_3443_reg_9022             |    3|   0|   64|         61|
    |tmp_3444_reg_9032             |    3|   0|   64|         61|
    |tmp_3445_reg_9052             |    3|   0|   64|         61|
    |tmp_3446_reg_9062             |    3|   0|   64|         61|
    |tmp_3447_reg_9082             |    3|   0|   64|         61|
    |tmp_3448_reg_9092             |    3|   0|   64|         61|
    |tmp_3449_reg_9112             |    3|   0|   64|         61|
    |tmp_3450_reg_9122             |    3|   0|   64|         61|
    |tmp_3451_reg_9142             |    3|   0|   64|         61|
    |tmp_3452_reg_9152             |    3|   0|   64|         61|
    |tmp_3453_reg_9172             |    3|   0|   64|         61|
    |tmp_3454_reg_9182             |    3|   0|   64|         61|
    |tmp_3455_reg_9202             |    3|   0|   64|         61|
    |tmp_3456_reg_9212             |    3|   0|   64|         61|
    |tmp_3457_reg_9232             |    3|   0|   64|         61|
    |tmp_3458_reg_9242             |    3|   0|   64|         61|
    |tmp_3459_reg_9262             |    3|   0|   64|         61|
    |tmp_3460_reg_9272             |    3|   0|   64|         61|
    |tmp_3461_reg_9292             |    3|   0|   64|         61|
    |tmp_3462_reg_9302             |    3|   0|   64|         61|
    |tmp_3463_reg_9322             |    3|   0|   64|         61|
    |tmp_3464_reg_9332             |    3|   0|   64|         61|
    |tmp_3465_reg_9352             |    3|   0|   64|         61|
    |tmp_3466_reg_9362             |    3|   0|   64|         61|
    |tmp_3467_reg_9382             |    3|   0|   64|         61|
    |tmp_3468_reg_9392             |    3|   0|   64|         61|
    |tmp_3469_reg_9412             |    3|   0|   64|         61|
    |tmp_3470_reg_9422             |    3|   0|   64|         61|
    |tmp_3471_reg_9442             |    3|   0|   64|         61|
    |tmp_3472_reg_9452             |    3|   0|   64|         61|
    |tmp_3473_reg_9472             |    3|   0|   64|         61|
    |tmp_3474_reg_9482             |    3|   0|   64|         61|
    |tmp_3475_reg_9502             |    3|   0|   64|         61|
    |tmp_3476_reg_9512             |    3|   0|   64|         61|
    |tmp_3477_reg_9532             |    3|   0|   64|         61|
    |tmp_3478_reg_9542             |    3|   0|   64|         61|
    |tmp_3479_reg_9562             |    3|   0|   64|         61|
    |tmp_3480_reg_9572             |    3|   0|   64|         61|
    |tmp_3481_reg_9592             |    3|   0|   64|         61|
    |tmp_3482_reg_9602             |    3|   0|   64|         61|
    |tmp_3483_reg_9622             |    3|   0|   64|         61|
    |tmp_3484_reg_9632             |    3|   0|   64|         61|
    |tmp_3485_reg_9652             |    3|   0|   64|         61|
    |tmp_3486_reg_9662             |    3|   0|   64|         61|
    |tmp_3487_reg_9682             |    3|   0|   64|         61|
    |tmp_3488_reg_9692             |    3|   0|   64|         61|
    |tmp_3489_reg_9712             |    3|   0|   64|         61|
    |tmp_3490_reg_9722             |    3|   0|   64|         61|
    |tmp_3491_reg_9742             |    3|   0|   64|         61|
    |tmp_3492_reg_9752             |    3|   0|   64|         61|
    |tmp_3493_reg_9772             |    3|   0|   64|         61|
    |tmp_3494_reg_9782             |    3|   0|   64|         61|
    |tmp_3495_reg_9802             |    3|   0|   64|         61|
    |tmp_3496_reg_9812             |    3|   0|   64|         61|
    |tmp_3497_reg_9832             |    3|   0|   64|         61|
    |tmp_3498_reg_9842             |    3|   0|   64|         61|
    |tmp_3499_reg_9862             |    3|   0|   64|         61|
    |tmp_34_reg_9072               |   32|   0|   32|          0|
    |tmp_3500_reg_9872             |    3|   0|   64|         61|
    |tmp_3501_reg_9892             |    3|   0|   64|         61|
    |tmp_3502_reg_9902             |    3|   0|   64|         61|
    |tmp_3503_reg_9922             |    3|   0|   64|         61|
    |tmp_3504_reg_9932             |    3|   0|   64|         61|
    |tmp_3505_reg_9952             |    3|   0|   64|         61|
    |tmp_3506_reg_9962             |    3|   0|   64|         61|
    |tmp_3507_reg_9982             |    3|   0|   64|         61|
    |tmp_3508_reg_9992             |    3|   0|   64|         61|
    |tmp_3509_reg_10012            |    3|   0|   64|         61|
    |tmp_3510_reg_10022            |    3|   0|   64|         61|
    |tmp_3511_reg_10042            |    3|   0|   64|         61|
    |tmp_3512_reg_10052            |    3|   0|   64|         61|
    |tmp_3513_reg_10072            |    3|   0|   64|         61|
    |tmp_3514_reg_10082            |    3|   0|   64|         61|
    |tmp_3515_reg_10102            |    3|   0|   64|         61|
    |tmp_3516_reg_10112            |    3|   0|   64|         61|
    |tmp_3517_reg_10132            |    3|   0|   64|         61|
    |tmp_3518_reg_10142            |    3|   0|   64|         61|
    |tmp_3519_reg_10162            |    3|   0|   64|         61|
    |tmp_3520_reg_10172            |    3|   0|   64|         61|
    |tmp_3521_reg_10192            |    3|   0|   64|         61|
    |tmp_3522_reg_10202            |    3|   0|   64|         61|
    |tmp_3523_reg_10222            |    3|   0|   64|         61|
    |tmp_3524_reg_10232            |    3|   0|   64|         61|
    |tmp_3525_reg_10252            |    3|   0|   64|         61|
    |tmp_3526_reg_10262            |    3|   0|   64|         61|
    |tmp_3527_reg_10282            |    3|   0|   64|         61|
    |tmp_3528_reg_10292            |    3|   0|   64|         61|
    |tmp_3529_reg_10312            |    3|   0|   64|         61|
    |tmp_3530_reg_10322            |    3|   0|   64|         61|
    |tmp_3531_reg_10342            |    3|   0|   64|         61|
    |tmp_3532_reg_10352            |    3|   0|   64|         61|
    |tmp_3533_reg_10372            |    3|   0|   64|         61|
    |tmp_3534_reg_10382            |    3|   0|   64|         61|
    |tmp_3535_reg_10402            |    3|   0|   64|         61|
    |tmp_3536_reg_10412            |    3|   0|   64|         61|
    |tmp_3537_reg_10432            |    3|   0|   64|         61|
    |tmp_3538_reg_10442            |    3|   0|   64|         61|
    |tmp_3539_reg_10462            |    3|   0|   64|         61|
    |tmp_3540_reg_10472            |    3|   0|   64|         61|
    |tmp_3541_reg_10492            |    3|   0|   64|         61|
    |tmp_3542_reg_10502            |    3|   0|   64|         61|
    |tmp_3543_reg_10522            |    3|   0|   64|         61|
    |tmp_3544_reg_10532            |    3|   0|   64|         61|
    |tmp_3545_reg_10552            |    3|   0|   64|         61|
    |tmp_3546_reg_10562            |    3|   0|   64|         61|
    |tmp_3547_reg_10582            |    3|   0|   64|         61|
    |tmp_3548_reg_10592            |    3|   0|   64|         61|
    |tmp_3549_reg_10612            |    3|   0|   64|         61|
    |tmp_3550_reg_10622            |    3|   0|   64|         61|
    |tmp_3551_reg_10642            |    3|   0|   64|         61|
    |tmp_3552_reg_10652            |    3|   0|   64|         61|
    |tmp_3553_reg_10672            |    3|   0|   64|         61|
    |tmp_3554_reg_10682            |    3|   0|   64|         61|
    |tmp_3555_reg_10702            |    3|   0|   64|         61|
    |tmp_3556_reg_10712            |    3|   0|   64|         61|
    |tmp_3557_reg_10732            |    3|   0|   64|         61|
    |tmp_3558_reg_10742            |    3|   0|   64|         61|
    |tmp_3559_reg_10762            |    3|   0|   64|         61|
    |tmp_3560_reg_10772            |    3|   0|   64|         61|
    |tmp_3561_reg_10792            |    3|   0|   64|         61|
    |tmp_3562_reg_10802            |    3|   0|   64|         61|
    |tmp_3563_reg_10822            |    3|   0|   64|         61|
    |tmp_3564_reg_10832            |    3|   0|   64|         61|
    |tmp_3565_reg_10852            |    3|   0|   64|         61|
    |tmp_3566_reg_10862            |    3|   0|   64|         61|
    |tmp_3567_reg_10882            |    3|   0|   64|         61|
    |tmp_3568_reg_10892            |    3|   0|   64|         61|
    |tmp_3569_reg_10912            |    3|   0|   64|         61|
    |tmp_3570_reg_10922            |    3|   0|   64|         61|
    |tmp_3571_reg_10942            |    3|   0|   64|         61|
    |tmp_3572_reg_10952            |    3|   0|   64|         61|
    |tmp_3573_reg_10972            |    3|   0|   64|         61|
    |tmp_3574_reg_10982            |    3|   0|   64|         61|
    |tmp_3575_reg_11002            |    3|   0|   64|         61|
    |tmp_3576_reg_11012            |    3|   0|   64|         61|
    |tmp_3577_reg_11032            |    3|   0|   64|         61|
    |tmp_3578_reg_11042            |    3|   0|   64|         61|
    |tmp_3579_reg_11062            |    3|   0|   64|         61|
    |tmp_3580_reg_11072            |    3|   0|   64|         61|
    |tmp_3581_reg_11092            |    3|   0|   64|         61|
    |tmp_3582_reg_11102            |    3|   0|   64|         61|
    |tmp_3583_reg_11122            |    3|   0|   64|         61|
    |tmp_3584_reg_11132            |    3|   0|   64|         61|
    |tmp_3585_reg_11152            |    3|   0|   64|         61|
    |tmp_3586_reg_11162            |    3|   0|   64|         61|
    |tmp_3587_reg_11182            |    3|   0|   64|         61|
    |tmp_3588_reg_11192            |    3|   0|   64|         61|
    |tmp_3589_reg_11212            |    3|   0|   64|         61|
    |tmp_3590_reg_11222            |    3|   0|   64|         61|
    |tmp_3591_reg_11242            |    3|   0|   64|         61|
    |tmp_3592_reg_11252            |    3|   0|   64|         61|
    |tmp_3593_reg_11272            |    3|   0|   64|         61|
    |tmp_3594_reg_11282            |    3|   0|   64|         61|
    |tmp_3595_reg_11302            |    3|   0|   64|         61|
    |tmp_3596_reg_11312            |    3|   0|   64|         61|
    |tmp_3597_reg_11332            |    3|   0|   64|         61|
    |tmp_3598_reg_11342            |    3|   0|   64|         61|
    |tmp_3599_reg_11362            |    3|   0|   64|         61|
    |tmp_35_reg_9077               |   32|   0|   32|          0|
    |tmp_3600_reg_11372            |    3|   0|   64|         61|
    |tmp_3601_reg_11392            |    3|   0|   64|         61|
    |tmp_3602_reg_11402            |    3|   0|   64|         61|
    |tmp_3603_reg_11422            |    3|   0|   64|         61|
    |tmp_3604_reg_11432            |    3|   0|   64|         61|
    |tmp_3605_reg_11452            |    3|   0|   64|         61|
    |tmp_3606_reg_11462            |    3|   0|   64|         61|
    |tmp_3607_reg_11482            |    3|   0|   64|         61|
    |tmp_3608_reg_11492            |    3|   0|   64|         61|
    |tmp_3609_reg_11512            |    3|   0|   64|         61|
    |tmp_3610_reg_11522            |    3|   0|   64|         61|
    |tmp_3611_reg_11542            |    3|   0|   64|         61|
    |tmp_3612_reg_11552            |    3|   0|   64|         61|
    |tmp_3613_reg_11572            |    3|   0|   64|         61|
    |tmp_3614_reg_11582            |    3|   0|   64|         61|
    |tmp_3615_reg_11602            |    3|   0|   64|         61|
    |tmp_3616_reg_11612            |    3|   0|   64|         61|
    |tmp_3617_reg_11632            |    3|   0|   64|         61|
    |tmp_3618_reg_11642            |    3|   0|   64|         61|
    |tmp_3619_reg_11662            |    3|   0|   64|         61|
    |tmp_3620_reg_11672            |    3|   0|   64|         61|
    |tmp_3621_reg_11692            |    3|   0|   64|         61|
    |tmp_3622_reg_11702            |    3|   0|   64|         61|
    |tmp_3623_reg_11722            |    3|   0|   64|         61|
    |tmp_3624_reg_11732            |    3|   0|   64|         61|
    |tmp_3625_reg_11752            |    3|   0|   64|         61|
    |tmp_3626_reg_11762            |    3|   0|   64|         61|
    |tmp_3627_reg_11782            |    3|   0|   64|         61|
    |tmp_3628_reg_11792            |    3|   0|   64|         61|
    |tmp_3629_reg_11812            |    3|   0|   64|         61|
    |tmp_3630_reg_11822            |    3|   0|   64|         61|
    |tmp_3631_reg_11842            |    3|   0|   64|         61|
    |tmp_3632_reg_11852            |    3|   0|   64|         61|
    |tmp_3633_reg_11872            |    3|   0|   64|         61|
    |tmp_3634_reg_11882            |    3|   0|   64|         61|
    |tmp_3635_reg_11902            |    3|   0|   64|         61|
    |tmp_3636_reg_11912            |    3|   0|   64|         61|
    |tmp_3637_reg_11932            |    3|   0|   64|         61|
    |tmp_3638_reg_11942            |    3|   0|   64|         61|
    |tmp_3639_reg_11962            |    3|   0|   64|         61|
    |tmp_3640_reg_11972            |    3|   0|   64|         61|
    |tmp_3641_reg_11992            |    3|   0|   64|         61|
    |tmp_3642_reg_12002            |    3|   0|   64|         61|
    |tmp_3643_reg_12022            |    3|   0|   64|         61|
    |tmp_3644_reg_12032            |    3|   0|   64|         61|
    |tmp_3645_reg_12052            |    3|   0|   64|         61|
    |tmp_3646_reg_12062            |    3|   0|   64|         61|
    |tmp_3647_reg_12082            |    3|   0|   64|         61|
    |tmp_3648_reg_12092            |    3|   0|   64|         61|
    |tmp_3649_reg_12112            |    3|   0|   64|         61|
    |tmp_3650_reg_12122            |    3|   0|   64|         61|
    |tmp_3651_reg_12142            |    3|   0|   64|         61|
    |tmp_3652_reg_12152            |    3|   0|   64|         61|
    |tmp_3653_reg_12172            |    3|   0|   64|         61|
    |tmp_3654_reg_12182            |    3|   0|   64|         61|
    |tmp_3655_reg_12202            |    3|   0|   64|         61|
    |tmp_3656_reg_12212            |    3|   0|   64|         61|
    |tmp_3657_reg_12232            |    3|   0|   64|         61|
    |tmp_3658_reg_12242            |    3|   0|   64|         61|
    |tmp_3659_reg_12262            |    3|   0|   64|         61|
    |tmp_3660_reg_12272            |    3|   0|   64|         61|
    |tmp_3661_reg_12292            |    3|   0|   64|         61|
    |tmp_3662_reg_12302            |    3|   0|   64|         61|
    |tmp_3663_reg_12322            |    3|   0|   64|         61|
    |tmp_3664_reg_12332            |    3|   0|   64|         61|
    |tmp_36_reg_9102               |   32|   0|   32|          0|
    |tmp_37_reg_9107               |   32|   0|   32|          0|
    |tmp_38_reg_9132               |   32|   0|   32|          0|
    |tmp_39_reg_9137               |   32|   0|   32|          0|
    |tmp_3_reg_8597                |   32|   0|   32|          0|
    |tmp_40_reg_9162               |   32|   0|   32|          0|
    |tmp_41_reg_9167               |   32|   0|   32|          0|
    |tmp_42_reg_9192               |   32|   0|   32|          0|
    |tmp_43_reg_9197               |   32|   0|   32|          0|
    |tmp_44_reg_9222               |   32|   0|   32|          0|
    |tmp_45_reg_9227               |   32|   0|   32|          0|
    |tmp_46_reg_9252               |   32|   0|   32|          0|
    |tmp_47_reg_9257               |   32|   0|   32|          0|
    |tmp_48_reg_9282               |   32|   0|   32|          0|
    |tmp_49_reg_9287               |   32|   0|   32|          0|
    |tmp_4_reg_8622                |   32|   0|   32|          0|
    |tmp_50_reg_9312               |   32|   0|   32|          0|
    |tmp_51_reg_9317               |   32|   0|   32|          0|
    |tmp_52_reg_9342               |   32|   0|   32|          0|
    |tmp_53_reg_9347               |   32|   0|   32|          0|
    |tmp_54_reg_9372               |   32|   0|   32|          0|
    |tmp_55_reg_9377               |   32|   0|   32|          0|
    |tmp_56_reg_9402               |   32|   0|   32|          0|
    |tmp_57_reg_9407               |   32|   0|   32|          0|
    |tmp_58_reg_9432               |   32|   0|   32|          0|
    |tmp_59_reg_9437               |   32|   0|   32|          0|
    |tmp_5_reg_8627                |   32|   0|   32|          0|
    |tmp_60_reg_9462               |   32|   0|   32|          0|
    |tmp_61_reg_9467               |   32|   0|   32|          0|
    |tmp_62_reg_9492               |   32|   0|   32|          0|
    |tmp_63_reg_9497               |   32|   0|   32|          0|
    |tmp_64_reg_9522               |   32|   0|   32|          0|
    |tmp_65_reg_9527               |   32|   0|   32|          0|
    |tmp_66_reg_9552               |   32|   0|   32|          0|
    |tmp_67_reg_9557               |   32|   0|   32|          0|
    |tmp_68_reg_9582               |   32|   0|   32|          0|
    |tmp_69_reg_9587               |   32|   0|   32|          0|
    |tmp_6_reg_8652                |   32|   0|   32|          0|
    |tmp_70_reg_9612               |   32|   0|   32|          0|
    |tmp_71_reg_9617               |   32|   0|   32|          0|
    |tmp_72_reg_9642               |   32|   0|   32|          0|
    |tmp_73_reg_9647               |   32|   0|   32|          0|
    |tmp_74_reg_9672               |   32|   0|   32|          0|
    |tmp_75_reg_9677               |   32|   0|   32|          0|
    |tmp_76_reg_9702               |   32|   0|   32|          0|
    |tmp_77_reg_9707               |   32|   0|   32|          0|
    |tmp_78_reg_9732               |   32|   0|   32|          0|
    |tmp_79_reg_9737               |   32|   0|   32|          0|
    |tmp_7_reg_8657                |   32|   0|   32|          0|
    |tmp_80_reg_9762               |   32|   0|   32|          0|
    |tmp_81_reg_9767               |   32|   0|   32|          0|
    |tmp_82_reg_9792               |   32|   0|   32|          0|
    |tmp_83_reg_9797               |   32|   0|   32|          0|
    |tmp_84_reg_9822               |   32|   0|   32|          0|
    |tmp_85_reg_9827               |   32|   0|   32|          0|
    |tmp_86_reg_9852               |   32|   0|   32|          0|
    |tmp_87_reg_9857               |   32|   0|   32|          0|
    |tmp_88_reg_9882               |   32|   0|   32|          0|
    |tmp_89_reg_9887               |   32|   0|   32|          0|
    |tmp_8_reg_8682                |   32|   0|   32|          0|
    |tmp_90_reg_9912               |   32|   0|   32|          0|
    |tmp_91_reg_9917               |   32|   0|   32|          0|
    |tmp_92_reg_9942               |   32|   0|   32|          0|
    |tmp_936_reg_8274              |    3|   0|   11|          8|
    |tmp_93_reg_9947               |   32|   0|   32|          0|
    |tmp_94_reg_9972               |   32|   0|   32|          0|
    |tmp_95_reg_9977               |   32|   0|   32|          0|
    |tmp_96_reg_10002              |   32|   0|   32|          0|
    |tmp_97_reg_10007              |   32|   0|   32|          0|
    |tmp_98_reg_10032              |   32|   0|   32|          0|
    |tmp_99_reg_10037              |   32|   0|   32|          0|
    |tmp_9_reg_8687                |   32|   0|   32|          0|
    |zext_ln238_reg_8532           |    3|   0|   64|         61|
    +------------------------------+-----+----+-----+-----------+
    |Total                         | 9667|   0|27339|      17672|
    +------------------------------+-----+----+-----+-----------+



================================================================
== Interface
================================================================
* Summary: 
+--------------------+-----+-----+------------+-------------------------+--------------+
|      RTL Ports     | Dir | Bits|  Protocol  |      Source Object      |    C Type    |
+--------------------+-----+-----+------------+-------------------------+--------------+
|ap_clk              |  in |    1| ap_ctrl_hs | pqcrystals_dilithium.17 | return value |
|ap_rst              |  in |    1| ap_ctrl_hs | pqcrystals_dilithium.17 | return value |
|ap_start            |  in |    1| ap_ctrl_hs | pqcrystals_dilithium.17 | return value |
|ap_done             | out |    1| ap_ctrl_hs | pqcrystals_dilithium.17 | return value |
|ap_idle             | out |    1| ap_ctrl_hs | pqcrystals_dilithium.17 | return value |
|ap_ready            | out |    1| ap_ctrl_hs | pqcrystals_dilithium.17 | return value |
|a1_coeffs_address0  | out |   10|  ap_memory |        a1_coeffs        |     array    |
|a1_coeffs_ce0       | out |    1|  ap_memory |        a1_coeffs        |     array    |
|a1_coeffs_we0       | out |    1|  ap_memory |        a1_coeffs        |     array    |
|a1_coeffs_d0        | out |   32|  ap_memory |        a1_coeffs        |     array    |
|a1_coeffs_q0        |  in |   32|  ap_memory |        a1_coeffs        |     array    |
|a1_coeffs_address1  | out |   10|  ap_memory |        a1_coeffs        |     array    |
|a1_coeffs_ce1       | out |    1|  ap_memory |        a1_coeffs        |     array    |
|a1_coeffs_we1       | out |    1|  ap_memory |        a1_coeffs        |     array    |
|a1_coeffs_d1        | out |   32|  ap_memory |        a1_coeffs        |     array    |
|a1_coeffs_q1        |  in |   32|  ap_memory |        a1_coeffs        |     array    |
|a1_coeffs_offset    |  in |    3|   ap_none  |     a1_coeffs_offset    |    scalar    |
|a0_coeffs_address0  | out |   10|  ap_memory |        a0_coeffs        |     array    |
|a0_coeffs_ce0       | out |    1|  ap_memory |        a0_coeffs        |     array    |
|a0_coeffs_we0       | out |    1|  ap_memory |        a0_coeffs        |     array    |
|a0_coeffs_d0        | out |   32|  ap_memory |        a0_coeffs        |     array    |
|a0_coeffs_address1  | out |   10|  ap_memory |        a0_coeffs        |     array    |
|a0_coeffs_ce1       | out |    1|  ap_memory |        a0_coeffs        |     array    |
|a0_coeffs_we1       | out |    1|  ap_memory |        a0_coeffs        |     array    |
|a0_coeffs_d1        | out |   32|  ap_memory |        a0_coeffs        |     array    |
+--------------------+-----+-----+------------+-------------------------+--------------+

