

================================================================
== Vivado HLS Report for 'pqcrystals_dilithium_8'
================================================================
* Date:           Sun Apr  9 23:00:25 2023

* Version:        2019.2 (Build 2704478 on Wed Nov 06 22:10:23 MST 2019)
* Project:        crypto_sign
* Solution:       solution1
* Product family: artix7
* Target device:  xc7a200t-fbg676-2


================================================================
== Performance Estimates
================================================================
+ Timing: 
    * Summary: 
    +--------+----------+----------+------------+
    |  Clock |  Target  | Estimated| Uncertainty|
    +--------+----------+----------+------------+
    |ap_clk  | 10.00 us | 6.890 ns |   1.25 us  |
    +--------+----------+----------+------------+

+ Latency: 
    * Summary: 
    +---------+---------+----------+----------+-----+-----+---------+
    |  Latency (cycles) |  Latency (absolute) |  Interval | Pipeline|
    |   min   |   max   |    min   |    max   | min | max |   Type  |
    +---------+---------+----------+----------+-----+-----+---------+
    |      128|      128| 1.280 ms | 1.280 ms |  128|  128|   none  |
    +---------+---------+----------+----------+-----+-----+---------+

    + Detail: 
        * Instance: 
        N/A

        * Loop: 
        N/A



================================================================
== Utilization Estimates
================================================================
* Summary: 
+-----------------+---------+-------+--------+--------+-----+
|       Name      | BRAM_18K| DSP48E|   FF   |   LUT  | URAM|
+-----------------+---------+-------+--------+--------+-----+
|DSP              |        -|      -|       -|       -|    -|
|Expression       |        -|      -|       0|    8003|    -|
|FIFO             |        -|      -|       -|       -|    -|
|Instance         |        -|      -|       -|       -|    -|
|Memory           |        -|      -|       -|       -|    -|
|Multiplexer      |        -|      -|       -|    3326|    -|
|Register         |        -|      -|     194|       -|    -|
+-----------------+---------+-------+--------+--------+-----+
|Total            |        0|      0|     194|   11329|    0|
+-----------------+---------+-------+--------+--------+-----+
|Available        |      730|    740|  269200|  134600|    0|
+-----------------+---------+-------+--------+--------+-----+
|Utilization (%)  |        0|      0|   ~0   |       8|    0|
+-----------------+---------+-------+--------+--------+-----+

+ Detail: 
    * Instance: 
    N/A

    * DSP48E: 
    N/A

    * Memory: 
    N/A

    * FIFO: 
    N/A

    * Expression: 
    +--------------------------+----------+-------+---+----+------------+------------+
    |       Variable Name      | Operation| DSP48E| FF| LUT| Bitwidth P0| Bitwidth P1|
    +--------------------------+----------+-------+---+----+------------+------------+
    |add_ln624_10_fu_6856_p2   |     +    |      0|  0|  17|           6|          10|
    |add_ln624_11_fu_7145_p2   |     +    |      0|  0|  17|           6|          10|
    |add_ln624_12_fu_7434_p2   |     +    |      0|  0|  17|           6|          10|
    |add_ln624_13_fu_7723_p2   |     +    |      0|  0|  17|           6|          10|
    |add_ln624_14_fu_8012_p2   |     +    |      0|  0|  17|           6|          10|
    |add_ln624_15_fu_8301_p2   |     +    |      0|  0|  17|           6|          10|
    |add_ln624_16_fu_8590_p2   |     +    |      0|  0|  17|           6|          10|
    |add_ln624_17_fu_8879_p2   |     +    |      0|  0|  17|           6|          10|
    |add_ln624_18_fu_9168_p2   |     +    |      0|  0|  17|           6|          10|
    |add_ln624_19_fu_9457_p2   |     +    |      0|  0|  17|           6|          10|
    |add_ln624_1_fu_4255_p2    |     +    |      0|  0|  17|           3|          10|
    |add_ln624_20_fu_9746_p2   |     +    |      0|  0|  17|           6|          10|
    |add_ln624_21_fu_10035_p2  |     +    |      0|  0|  17|           7|          10|
    |add_ln624_22_fu_10324_p2  |     +    |      0|  0|  17|           7|          10|
    |add_ln624_23_fu_10613_p2  |     +    |      0|  0|  17|           7|          10|
    |add_ln624_24_fu_10902_p2  |     +    |      0|  0|  17|           7|          10|
    |add_ln624_25_fu_11191_p2  |     +    |      0|  0|  17|           7|          10|
    |add_ln624_26_fu_11480_p2  |     +    |      0|  0|  17|           7|          10|
    |add_ln624_27_fu_11769_p2  |     +    |      0|  0|  17|           7|          10|
    |add_ln624_28_fu_12058_p2  |     +    |      0|  0|  17|           7|          10|
    |add_ln624_29_fu_12347_p2  |     +    |      0|  0|  17|           7|          10|
    |add_ln624_2_fu_4544_p2    |     +    |      0|  0|  17|           4|          10|
    |add_ln624_30_fu_12636_p2  |     +    |      0|  0|  17|           7|          10|
    |add_ln624_3_fu_4833_p2    |     +    |      0|  0|  17|           4|          10|
    |add_ln624_4_fu_5122_p2    |     +    |      0|  0|  17|           4|          10|
    |add_ln624_5_fu_5411_p2    |     +    |      0|  0|  17|           5|          10|
    |add_ln624_6_fu_5700_p2    |     +    |      0|  0|  17|           5|          10|
    |add_ln624_7_fu_5989_p2    |     +    |      0|  0|  17|           5|          10|
    |add_ln624_8_fu_6278_p2    |     +    |      0|  0|  17|           5|          10|
    |add_ln624_9_fu_6567_p2    |     +    |      0|  0|  17|           5|          10|
    |add_ln624_fu_3966_p2      |     +    |      0|  0|  17|           2|          10|
    |add_ln626_10_fu_6617_p2   |     +    |      0|  0|  17|           5|          10|
    |add_ln626_11_fu_6906_p2   |     +    |      0|  0|  17|           6|          10|
    |add_ln626_12_fu_7195_p2   |     +    |      0|  0|  17|           6|          10|
    |add_ln626_13_fu_7484_p2   |     +    |      0|  0|  17|           6|          10|
    |add_ln626_14_fu_7773_p2   |     +    |      0|  0|  17|           6|          10|
    |add_ln626_15_fu_8062_p2   |     +    |      0|  0|  17|           6|          10|
    |add_ln626_16_fu_8351_p2   |     +    |      0|  0|  17|           6|          10|
    |add_ln626_17_fu_8640_p2   |     +    |      0|  0|  17|           6|          10|
    |add_ln626_18_fu_8929_p2   |     +    |      0|  0|  17|           6|          10|
    |add_ln626_19_fu_9218_p2   |     +    |      0|  0|  17|           6|          10|
    |add_ln626_1_fu_4016_p2    |     +    |      0|  0|  17|           3|          10|
    |add_ln626_20_fu_9507_p2   |     +    |      0|  0|  17|           6|          10|
    |add_ln626_21_fu_9796_p2   |     +    |      0|  0|  17|           7|          10|
    |add_ln626_22_fu_10085_p2  |     +    |      0|  0|  17|           7|          10|
    |add_ln626_23_fu_10374_p2  |     +    |      0|  0|  17|           7|          10|
    |add_ln626_24_fu_10663_p2  |     +    |      0|  0|  17|           7|          10|
    |add_ln626_25_fu_10952_p2  |     +    |      0|  0|  17|           7|          10|
    |add_ln626_26_fu_11241_p2  |     +    |      0|  0|  17|           7|          10|
    |add_ln626_27_fu_11530_p2  |     +    |      0|  0|  17|           7|          10|
    |add_ln626_28_fu_11819_p2  |     +    |      0|  0|  17|           7|          10|
    |add_ln626_29_fu_12108_p2  |     +    |      0|  0|  17|           7|          10|
    |add_ln626_2_fu_4305_p2    |     +    |      0|  0|  17|           3|          10|
    |add_ln626_30_fu_12397_p2  |     +    |      0|  0|  17|           7|          10|
    |add_ln626_31_fu_12686_p2  |     +    |      0|  0|  17|           7|          10|
    |add_ln626_3_fu_4594_p2    |     +    |      0|  0|  17|           4|          10|
    |add_ln626_4_fu_4883_p2    |     +    |      0|  0|  17|           4|          10|
    |add_ln626_5_fu_5172_p2    |     +    |      0|  0|  17|           5|          10|
    |add_ln626_6_fu_5461_p2    |     +    |      0|  0|  17|           5|          10|
    |add_ln626_7_fu_5750_p2    |     +    |      0|  0|  17|           5|          10|
    |add_ln626_8_fu_6039_p2    |     +    |      0|  0|  17|           5|          10|
    |add_ln626_9_fu_6328_p2    |     +    |      0|  0|  17|           5|          10|
    |add_ln626_fu_3727_p2      |     +    |      0|  0|  17|           1|          10|
    |add_ln629_10_fu_6697_p2   |     +    |      0|  0|  17|           6|          10|
    |add_ln629_11_fu_6986_p2   |     +    |      0|  0|  17|           6|          10|
    |add_ln629_12_fu_7275_p2   |     +    |      0|  0|  17|           6|          10|
    |add_ln629_13_fu_7564_p2   |     +    |      0|  0|  17|           6|          10|
    |add_ln629_14_fu_7853_p2   |     +    |      0|  0|  17|           6|          10|
    |add_ln629_15_fu_8142_p2   |     +    |      0|  0|  17|           6|          10|
    |add_ln629_16_fu_8431_p2   |     +    |      0|  0|  17|           6|          10|
    |add_ln629_17_fu_8720_p2   |     +    |      0|  0|  17|           6|          10|
    |add_ln629_18_fu_9009_p2   |     +    |      0|  0|  17|           6|          10|
    |add_ln629_19_fu_9298_p2   |     +    |      0|  0|  17|           6|          10|
    |add_ln629_1_fu_4096_p2    |     +    |      0|  0|  17|           3|          10|
    |add_ln629_20_fu_9587_p2   |     +    |      0|  0|  17|           6|          10|
    |add_ln629_21_fu_9876_p2   |     +    |      0|  0|  17|           7|          10|
    |add_ln629_22_fu_10165_p2  |     +    |      0|  0|  17|           7|          10|
    |add_ln629_23_fu_10454_p2  |     +    |      0|  0|  17|           7|          10|
    |add_ln629_24_fu_10743_p2  |     +    |      0|  0|  17|           7|          10|
    |add_ln629_25_fu_11032_p2  |     +    |      0|  0|  17|           7|          10|
    |add_ln629_26_fu_11321_p2  |     +    |      0|  0|  17|           7|          10|
    |add_ln629_27_fu_11610_p2  |     +    |      0|  0|  17|           7|          10|
    |add_ln629_28_fu_11899_p2  |     +    |      0|  0|  17|           7|          10|
    |add_ln629_29_fu_12188_p2  |     +    |      0|  0|  17|           7|          10|
    |add_ln629_2_fu_4385_p2    |     +    |      0|  0|  17|           4|          10|
    |add_ln629_30_fu_12477_p2  |     +    |      0|  0|  17|           7|          10|
    |add_ln629_31_fu_12696_p2  |     +    |      0|  0|  17|           7|          10|
    |add_ln629_3_fu_4674_p2    |     +    |      0|  0|  17|           4|          10|
    |add_ln629_4_fu_4963_p2    |     +    |      0|  0|  17|           4|          10|
    |add_ln629_5_fu_5252_p2    |     +    |      0|  0|  17|           5|          10|
    |add_ln629_6_fu_5541_p2    |     +    |      0|  0|  17|           5|          10|
    |add_ln629_7_fu_5830_p2    |     +    |      0|  0|  17|           5|          10|
    |add_ln629_8_fu_6119_p2    |     +    |      0|  0|  17|           5|          10|
    |add_ln629_9_fu_6408_p2    |     +    |      0|  0|  17|           5|          10|
    |add_ln629_fu_3807_p2      |     +    |      0|  0|  17|           2|          10|
    |sub_ln633_10_fu_6627_p2   |     -    |      0|  0|  13|           2|           4|
    |sub_ln633_11_fu_6916_p2   |     -    |      0|  0|  13|           2|           4|
    |sub_ln633_12_fu_7205_p2   |     -    |      0|  0|  13|           2|           4|
    |sub_ln633_13_fu_7494_p2   |     -    |      0|  0|  13|           2|           4|
    |sub_ln633_14_fu_7783_p2   |     -    |      0|  0|  13|           2|           4|
    |sub_ln633_15_fu_8072_p2   |     -    |      0|  0|  13|           2|           4|
    |sub_ln633_16_fu_8361_p2   |     -    |      0|  0|  13|           2|           4|
    |sub_ln633_17_fu_8650_p2   |     -    |      0|  0|  13|           2|           4|
    |sub_ln633_18_fu_8939_p2   |     -    |      0|  0|  13|           2|           4|
    |sub_ln633_19_fu_9228_p2   |     -    |      0|  0|  13|           2|           4|
    |sub_ln633_1_fu_4026_p2    |     -    |      0|  0|  13|           2|           4|
    |sub_ln633_20_fu_9517_p2   |     -    |      0|  0|  13|           2|           4|
    |sub_ln633_21_fu_9806_p2   |     -    |      0|  0|  13|           2|           4|
    |sub_ln633_22_fu_10095_p2  |     -    |      0|  0|  13|           2|           4|
    |sub_ln633_23_fu_10384_p2  |     -    |      0|  0|  13|           2|           4|
    |sub_ln633_24_fu_10673_p2  |     -    |      0|  0|  13|           2|           4|
    |sub_ln633_25_fu_10962_p2  |     -    |      0|  0|  13|           2|           4|
    |sub_ln633_26_fu_11251_p2  |     -    |      0|  0|  13|           2|           4|
    |sub_ln633_27_fu_11540_p2  |     -    |      0|  0|  13|           2|           4|
    |sub_ln633_28_fu_11829_p2  |     -    |      0|  0|  13|           2|           4|
    |sub_ln633_29_fu_12118_p2  |     -    |      0|  0|  13|           2|           4|
    |sub_ln633_2_fu_4315_p2    |     -    |      0|  0|  13|           2|           4|
    |sub_ln633_30_fu_12407_p2  |     -    |      0|  0|  13|           2|           4|
    |sub_ln633_31_fu_12706_p2  |     -    |      0|  0|  13|           2|           4|
    |sub_ln633_3_fu_4604_p2    |     -    |      0|  0|  13|           2|           4|
    |sub_ln633_4_fu_4893_p2    |     -    |      0|  0|  13|           2|           4|
    |sub_ln633_5_fu_5182_p2    |     -    |      0|  0|  13|           2|           4|
    |sub_ln633_6_fu_5471_p2    |     -    |      0|  0|  13|           2|           4|
    |sub_ln633_7_fu_5760_p2    |     -    |      0|  0|  13|           2|           4|
    |sub_ln633_8_fu_6049_p2    |     -    |      0|  0|  13|           2|           4|
    |sub_ln633_9_fu_6338_p2    |     -    |      0|  0|  13|           2|           4|
    |sub_ln633_fu_3737_p2      |     -    |      0|  0|  13|           2|           4|
    |sub_ln634_10_fu_6638_p2   |     -    |      0|  0|  13|           2|           4|
    |sub_ln634_11_fu_6927_p2   |     -    |      0|  0|  13|           2|           4|
    |sub_ln634_12_fu_7216_p2   |     -    |      0|  0|  13|           2|           4|
    |sub_ln634_13_fu_7505_p2   |     -    |      0|  0|  13|           2|           4|
    |sub_ln634_14_fu_7794_p2   |     -    |      0|  0|  13|           2|           4|
    |sub_ln634_15_fu_8083_p2   |     -    |      0|  0|  13|           2|           4|
    |sub_ln634_16_fu_8372_p2   |     -    |      0|  0|  13|           2|           4|
    |sub_ln634_17_fu_8661_p2   |     -    |      0|  0|  13|           2|           4|
    |sub_ln634_18_fu_8950_p2   |     -    |      0|  0|  13|           2|           4|
    |sub_ln634_19_fu_9239_p2   |     -    |      0|  0|  13|           2|           4|
    |sub_ln634_1_fu_4037_p2    |     -    |      0|  0|  13|           2|           4|
    |sub_ln634_20_fu_9528_p2   |     -    |      0|  0|  13|           2|           4|
    |sub_ln634_21_fu_9817_p2   |     -    |      0|  0|  13|           2|           4|
    |sub_ln634_22_fu_10106_p2  |     -    |      0|  0|  13|           2|           4|
    |sub_ln634_23_fu_10395_p2  |     -    |      0|  0|  13|           2|           4|
    |sub_ln634_24_fu_10684_p2  |     -    |      0|  0|  13|           2|           4|
    |sub_ln634_25_fu_10973_p2  |     -    |      0|  0|  13|           2|           4|
    |sub_ln634_26_fu_11262_p2  |     -    |      0|  0|  13|           2|           4|
    |sub_ln634_27_fu_11551_p2  |     -    |      0|  0|  13|           2|           4|
    |sub_ln634_28_fu_11840_p2  |     -    |      0|  0|  13|           2|           4|
    |sub_ln634_29_fu_12129_p2  |     -    |      0|  0|  13|           2|           4|
    |sub_ln634_2_fu_4326_p2    |     -    |      0|  0|  13|           2|           4|
    |sub_ln634_30_fu_12418_p2  |     -    |      0|  0|  13|           2|           4|
    |sub_ln634_31_fu_12717_p2  |     -    |      0|  0|  13|           2|           4|
    |sub_ln634_3_fu_4615_p2    |     -    |      0|  0|  13|           2|           4|
    |sub_ln634_4_fu_4904_p2    |     -    |      0|  0|  13|           2|           4|
    |sub_ln634_5_fu_5193_p2    |     -    |      0|  0|  13|           2|           4|
    |sub_ln634_6_fu_5482_p2    |     -    |      0|  0|  13|           2|           4|
    |sub_ln634_7_fu_5771_p2    |     -    |      0|  0|  13|           2|           4|
    |sub_ln634_8_fu_6060_p2    |     -    |      0|  0|  13|           2|           4|
    |sub_ln634_9_fu_6349_p2    |     -    |      0|  0|  13|           2|           4|
    |sub_ln634_fu_3748_p2      |     -    |      0|  0|  13|           2|           4|
    |sub_ln635_10_fu_6707_p2   |     -    |      0|  0|  13|           2|           4|
    |sub_ln635_11_fu_6996_p2   |     -    |      0|  0|  13|           2|           4|
    |sub_ln635_12_fu_7285_p2   |     -    |      0|  0|  13|           2|           4|
    |sub_ln635_13_fu_7574_p2   |     -    |      0|  0|  13|           2|           4|
    |sub_ln635_14_fu_7863_p2   |     -    |      0|  0|  13|           2|           4|
    |sub_ln635_15_fu_8152_p2   |     -    |      0|  0|  13|           2|           4|
    |sub_ln635_16_fu_8441_p2   |     -    |      0|  0|  13|           2|           4|
    |sub_ln635_17_fu_8730_p2   |     -    |      0|  0|  13|           2|           4|
    |sub_ln635_18_fu_9019_p2   |     -    |      0|  0|  13|           2|           4|
    |sub_ln635_19_fu_9308_p2   |     -    |      0|  0|  13|           2|           4|
    |sub_ln635_1_fu_4106_p2    |     -    |      0|  0|  13|           2|           4|
    |sub_ln635_20_fu_9597_p2   |     -    |      0|  0|  13|           2|           4|
    |sub_ln635_21_fu_9886_p2   |     -    |      0|  0|  13|           2|           4|
    |sub_ln635_22_fu_10175_p2  |     -    |      0|  0|  13|           2|           4|
    |sub_ln635_23_fu_10464_p2  |     -    |      0|  0|  13|           2|           4|
    |sub_ln635_24_fu_10753_p2  |     -    |      0|  0|  13|           2|           4|
    |sub_ln635_25_fu_11042_p2  |     -    |      0|  0|  13|           2|           4|
    |sub_ln635_26_fu_11331_p2  |     -    |      0|  0|  13|           2|           4|
    |sub_ln635_27_fu_11620_p2  |     -    |      0|  0|  13|           2|           4|
    |sub_ln635_28_fu_11909_p2  |     -    |      0|  0|  13|           2|           4|
    |sub_ln635_29_fu_12198_p2  |     -    |      0|  0|  13|           2|           4|
    |sub_ln635_2_fu_4395_p2    |     -    |      0|  0|  13|           2|           4|
    |sub_ln635_30_fu_12487_p2  |     -    |      0|  0|  13|           2|           4|
    |sub_ln635_31_fu_12800_p2  |     -    |      0|  0|  13|           2|           4|
    |sub_ln635_3_fu_4684_p2    |     -    |      0|  0|  13|           2|           4|
    |sub_ln635_4_fu_4973_p2    |     -    |      0|  0|  13|           2|           4|
    |sub_ln635_5_fu_5262_p2    |     -    |      0|  0|  13|           2|           4|
    |sub_ln635_6_fu_5551_p2    |     -    |      0|  0|  13|           2|           4|
    |sub_ln635_7_fu_5840_p2    |     -    |      0|  0|  13|           2|           4|
    |sub_ln635_8_fu_6129_p2    |     -    |      0|  0|  13|           2|           4|
    |sub_ln635_9_fu_6418_p2    |     -    |      0|  0|  13|           2|           4|
    |sub_ln635_fu_3817_p2      |     -    |      0|  0|  13|           2|           4|
    |sub_ln636_10_fu_6718_p2   |     -    |      0|  0|  13|           2|           4|
    |sub_ln636_11_fu_7007_p2   |     -    |      0|  0|  13|           2|           4|
    |sub_ln636_12_fu_7296_p2   |     -    |      0|  0|  13|           2|           4|
    |sub_ln636_13_fu_7585_p2   |     -    |      0|  0|  13|           2|           4|
    |sub_ln636_14_fu_7874_p2   |     -    |      0|  0|  13|           2|           4|
    |sub_ln636_15_fu_8163_p2   |     -    |      0|  0|  13|           2|           4|
    |sub_ln636_16_fu_8452_p2   |     -    |      0|  0|  13|           2|           4|
    |sub_ln636_17_fu_8741_p2   |     -    |      0|  0|  13|           2|           4|
    |sub_ln636_18_fu_9030_p2   |     -    |      0|  0|  13|           2|           4|
    |sub_ln636_19_fu_9319_p2   |     -    |      0|  0|  13|           2|           4|
    |sub_ln636_1_fu_4117_p2    |     -    |      0|  0|  13|           2|           4|
    |sub_ln636_20_fu_9608_p2   |     -    |      0|  0|  13|           2|           4|
    |sub_ln636_21_fu_9897_p2   |     -    |      0|  0|  13|           2|           4|
    |sub_ln636_22_fu_10186_p2  |     -    |      0|  0|  13|           2|           4|
    |sub_ln636_23_fu_10475_p2  |     -    |      0|  0|  13|           2|           4|
    |sub_ln636_24_fu_10764_p2  |     -    |      0|  0|  13|           2|           4|
    |sub_ln636_25_fu_11053_p2  |     -    |      0|  0|  13|           2|           4|
    |sub_ln636_26_fu_11342_p2  |     -    |      0|  0|  13|           2|           4|
    |sub_ln636_27_fu_11631_p2  |     -    |      0|  0|  13|           2|           4|
    |sub_ln636_28_fu_11920_p2  |     -    |      0|  0|  13|           2|           4|
    |sub_ln636_29_fu_12209_p2  |     -    |      0|  0|  13|           2|           4|
    |sub_ln636_2_fu_4406_p2    |     -    |      0|  0|  13|           2|           4|
    |sub_ln636_30_fu_12498_p2  |     -    |      0|  0|  13|           2|           4|
    |sub_ln636_31_fu_12811_p2  |     -    |      0|  0|  13|           2|           4|
    |sub_ln636_3_fu_4695_p2    |     -    |      0|  0|  13|           2|           4|
    |sub_ln636_4_fu_4984_p2    |     -    |      0|  0|  13|           2|           4|
    |sub_ln636_5_fu_5273_p2    |     -    |      0|  0|  13|           2|           4|
    |sub_ln636_6_fu_5562_p2    |     -    |      0|  0|  13|           2|           4|
    |sub_ln636_7_fu_5851_p2    |     -    |      0|  0|  13|           2|           4|
    |sub_ln636_8_fu_6140_p2    |     -    |      0|  0|  13|           2|           4|
    |sub_ln636_9_fu_6429_p2    |     -    |      0|  0|  13|           2|           4|
    |sub_ln636_fu_3828_p2      |     -    |      0|  0|  13|           2|           4|
    |sub_ln637_10_fu_6776_p2   |     -    |      0|  0|  13|           2|           4|
    |sub_ln637_11_fu_7065_p2   |     -    |      0|  0|  13|           2|           4|
    |sub_ln637_12_fu_7354_p2   |     -    |      0|  0|  13|           2|           4|
    |sub_ln637_13_fu_7643_p2   |     -    |      0|  0|  13|           2|           4|
    |sub_ln637_14_fu_7932_p2   |     -    |      0|  0|  13|           2|           4|
    |sub_ln637_15_fu_8221_p2   |     -    |      0|  0|  13|           2|           4|
    |sub_ln637_16_fu_8510_p2   |     -    |      0|  0|  13|           2|           4|
    |sub_ln637_17_fu_8799_p2   |     -    |      0|  0|  13|           2|           4|
    |sub_ln637_18_fu_9088_p2   |     -    |      0|  0|  13|           2|           4|
    |sub_ln637_19_fu_9377_p2   |     -    |      0|  0|  13|           2|           4|
    |sub_ln637_1_fu_4175_p2    |     -    |      0|  0|  13|           2|           4|
    |sub_ln637_20_fu_9666_p2   |     -    |      0|  0|  13|           2|           4|
    |sub_ln637_21_fu_9955_p2   |     -    |      0|  0|  13|           2|           4|
    |sub_ln637_22_fu_10244_p2  |     -    |      0|  0|  13|           2|           4|
    |sub_ln637_23_fu_10533_p2  |     -    |      0|  0|  13|           2|           4|
    |sub_ln637_24_fu_10822_p2  |     -    |      0|  0|  13|           2|           4|
    |sub_ln637_25_fu_11111_p2  |     -    |      0|  0|  13|           2|           4|
    |sub_ln637_26_fu_11400_p2  |     -    |      0|  0|  13|           2|           4|
    |sub_ln637_27_fu_11689_p2  |     -    |      0|  0|  13|           2|           4|
    |sub_ln637_28_fu_11978_p2  |     -    |      0|  0|  13|           2|           4|
    |sub_ln637_29_fu_12267_p2  |     -    |      0|  0|  13|           2|           4|
    |sub_ln637_2_fu_4464_p2    |     -    |      0|  0|  13|           2|           4|
    |sub_ln637_30_fu_12556_p2  |     -    |      0|  0|  13|           2|           4|
    |sub_ln637_31_fu_12864_p2  |     -    |      0|  0|  13|           2|           4|
    |sub_ln637_3_fu_4753_p2    |     -    |      0|  0|  13|           2|           4|
    |sub_ln637_4_fu_5042_p2    |     -    |      0|  0|  13|           2|           4|
    |sub_ln637_5_fu_5331_p2    |     -    |      0|  0|  13|           2|           4|
    |sub_ln637_6_fu_5620_p2    |     -    |      0|  0|  13|           2|           4|
    |sub_ln637_7_fu_5909_p2    |     -    |      0|  0|  13|           2|           4|
    |sub_ln637_8_fu_6198_p2    |     -    |      0|  0|  13|           2|           4|
    |sub_ln637_9_fu_6487_p2    |     -    |      0|  0|  13|           2|           4|
    |sub_ln637_fu_3886_p2      |     -    |      0|  0|  13|           2|           4|
    |sub_ln638_10_fu_6787_p2   |     -    |      0|  0|  13|           2|           4|
    |sub_ln638_11_fu_7076_p2   |     -    |      0|  0|  13|           2|           4|
    |sub_ln638_12_fu_7365_p2   |     -    |      0|  0|  13|           2|           4|
    |sub_ln638_13_fu_7654_p2   |     -    |      0|  0|  13|           2|           4|
    |sub_ln638_14_fu_7943_p2   |     -    |      0|  0|  13|           2|           4|
    |sub_ln638_15_fu_8232_p2   |     -    |      0|  0|  13|           2|           4|
    |sub_ln638_16_fu_8521_p2   |     -    |      0|  0|  13|           2|           4|
    |sub_ln638_17_fu_8810_p2   |     -    |      0|  0|  13|           2|           4|
    |sub_ln638_18_fu_9099_p2   |     -    |      0|  0|  13|           2|           4|
    |sub_ln638_19_fu_9388_p2   |     -    |      0|  0|  13|           2|           4|
    |sub_ln638_1_fu_4186_p2    |     -    |      0|  0|  13|           2|           4|
    |sub_ln638_20_fu_9677_p2   |     -    |      0|  0|  13|           2|           4|
    |sub_ln638_21_fu_9966_p2   |     -    |      0|  0|  13|           2|           4|
    |sub_ln638_22_fu_10255_p2  |     -    |      0|  0|  13|           2|           4|
    |sub_ln638_23_fu_10544_p2  |     -    |      0|  0|  13|           2|           4|
    |sub_ln638_24_fu_10833_p2  |     -    |      0|  0|  13|           2|           4|
    |sub_ln638_25_fu_11122_p2  |     -    |      0|  0|  13|           2|           4|
    |sub_ln638_26_fu_11411_p2  |     -    |      0|  0|  13|           2|           4|
    |sub_ln638_27_fu_11700_p2  |     -    |      0|  0|  13|           2|           4|
    |sub_ln638_28_fu_11989_p2  |     -    |      0|  0|  13|           2|           4|
    |sub_ln638_29_fu_12278_p2  |     -    |      0|  0|  13|           2|           4|
    |sub_ln638_2_fu_4475_p2    |     -    |      0|  0|  13|           2|           4|
    |sub_ln638_30_fu_12567_p2  |     -    |      0|  0|  13|           2|           4|
    |sub_ln638_31_fu_12875_p2  |     -    |      0|  0|  13|           2|           4|
    |sub_ln638_3_fu_4764_p2    |     -    |      0|  0|  13|           2|           4|
    |sub_ln638_4_fu_5053_p2    |     -    |      0|  0|  13|           2|           4|
    |sub_ln638_5_fu_5342_p2    |     -    |      0|  0|  13|           2|           4|
    |sub_ln638_6_fu_5631_p2    |     -    |      0|  0|  13|           2|           4|
    |sub_ln638_7_fu_5920_p2    |     -    |      0|  0|  13|           2|           4|
    |sub_ln638_8_fu_6209_p2    |     -    |      0|  0|  13|           2|           4|
    |sub_ln638_9_fu_6498_p2    |     -    |      0|  0|  13|           2|           4|
    |sub_ln638_fu_3897_p2      |     -    |      0|  0|  13|           2|           4|
    |sub_ln639_10_fu_6834_p2   |     -    |      0|  0|  13|           2|           4|
    |sub_ln639_11_fu_7123_p2   |     -    |      0|  0|  13|           2|           4|
    |sub_ln639_12_fu_7412_p2   |     -    |      0|  0|  13|           2|           4|
    |sub_ln639_13_fu_7701_p2   |     -    |      0|  0|  13|           2|           4|
    |sub_ln639_14_fu_7990_p2   |     -    |      0|  0|  13|           2|           4|
    |sub_ln639_15_fu_8279_p2   |     -    |      0|  0|  13|           2|           4|
    |sub_ln639_16_fu_8568_p2   |     -    |      0|  0|  13|           2|           4|
    |sub_ln639_17_fu_8857_p2   |     -    |      0|  0|  13|           2|           4|
    |sub_ln639_18_fu_9146_p2   |     -    |      0|  0|  13|           2|           4|
    |sub_ln639_19_fu_9435_p2   |     -    |      0|  0|  13|           2|           4|
    |sub_ln639_1_fu_4233_p2    |     -    |      0|  0|  13|           2|           4|
    |sub_ln639_20_fu_9724_p2   |     -    |      0|  0|  13|           2|           4|
    |sub_ln639_21_fu_10013_p2  |     -    |      0|  0|  13|           2|           4|
    |sub_ln639_22_fu_10302_p2  |     -    |      0|  0|  13|           2|           4|
    |sub_ln639_23_fu_10591_p2  |     -    |      0|  0|  13|           2|           4|
    |sub_ln639_24_fu_10880_p2  |     -    |      0|  0|  13|           2|           4|
    |sub_ln639_25_fu_11169_p2  |     -    |      0|  0|  13|           2|           4|
    |sub_ln639_26_fu_11458_p2  |     -    |      0|  0|  13|           2|           4|
    |sub_ln639_27_fu_11747_p2  |     -    |      0|  0|  13|           2|           4|
    |sub_ln639_28_fu_12036_p2  |     -    |      0|  0|  13|           2|           4|
    |sub_ln639_29_fu_12325_p2  |     -    |      0|  0|  13|           2|           4|
    |sub_ln639_2_fu_4522_p2    |     -    |      0|  0|  13|           2|           4|
    |sub_ln639_30_fu_12614_p2  |     -    |      0|  0|  13|           2|           4|
    |sub_ln639_31_fu_12920_p2  |     -    |      0|  0|  13|           2|           4|
    |sub_ln639_3_fu_4811_p2    |     -    |      0|  0|  13|           2|           4|
    |sub_ln639_4_fu_5100_p2    |     -    |      0|  0|  13|           2|           4|
    |sub_ln639_5_fu_5389_p2    |     -    |      0|  0|  13|           2|           4|
    |sub_ln639_6_fu_5678_p2    |     -    |      0|  0|  13|           2|           4|
    |sub_ln639_7_fu_5967_p2    |     -    |      0|  0|  13|           2|           4|
    |sub_ln639_8_fu_6256_p2    |     -    |      0|  0|  13|           2|           4|
    |sub_ln639_9_fu_6545_p2    |     -    |      0|  0|  13|           2|           4|
    |sub_ln639_fu_3944_p2      |     -    |      0|  0|  13|           2|           4|
    |sub_ln640_10_fu_6845_p2   |     -    |      0|  0|  13|           2|           4|
    |sub_ln640_11_fu_7134_p2   |     -    |      0|  0|  13|           2|           4|
    |sub_ln640_12_fu_7423_p2   |     -    |      0|  0|  13|           2|           4|
    |sub_ln640_13_fu_7712_p2   |     -    |      0|  0|  13|           2|           4|
    |sub_ln640_14_fu_8001_p2   |     -    |      0|  0|  13|           2|           4|
    |sub_ln640_15_fu_8290_p2   |     -    |      0|  0|  13|           2|           4|
    |sub_ln640_16_fu_8579_p2   |     -    |      0|  0|  13|           2|           4|
    |sub_ln640_17_fu_8868_p2   |     -    |      0|  0|  13|           2|           4|
    |sub_ln640_18_fu_9157_p2   |     -    |      0|  0|  13|           2|           4|
    |sub_ln640_19_fu_9446_p2   |     -    |      0|  0|  13|           2|           4|
    |sub_ln640_1_fu_4244_p2    |     -    |      0|  0|  13|           2|           4|
    |sub_ln640_20_fu_9735_p2   |     -    |      0|  0|  13|           2|           4|
    |sub_ln640_21_fu_10024_p2  |     -    |      0|  0|  13|           2|           4|
    |sub_ln640_22_fu_10313_p2  |     -    |      0|  0|  13|           2|           4|
    |sub_ln640_23_fu_10602_p2  |     -    |      0|  0|  13|           2|           4|
    |sub_ln640_24_fu_10891_p2  |     -    |      0|  0|  13|           2|           4|
    |sub_ln640_25_fu_11180_p2  |     -    |      0|  0|  13|           2|           4|
    |sub_ln640_26_fu_11469_p2  |     -    |      0|  0|  13|           2|           4|
    |sub_ln640_27_fu_11758_p2  |     -    |      0|  0|  13|           2|           4|
    |sub_ln640_28_fu_12047_p2  |     -    |      0|  0|  13|           2|           4|
    |sub_ln640_29_fu_12336_p2  |     -    |      0|  0|  13|           2|           4|
    |sub_ln640_2_fu_4533_p2    |     -    |      0|  0|  13|           2|           4|
    |sub_ln640_30_fu_12625_p2  |     -    |      0|  0|  13|           2|           4|
    |sub_ln640_31_fu_12931_p2  |     -    |      0|  0|  13|           2|           4|
    |sub_ln640_3_fu_4822_p2    |     -    |      0|  0|  13|           2|           4|
    |sub_ln640_4_fu_5111_p2    |     -    |      0|  0|  13|           2|           4|
    |sub_ln640_5_fu_5400_p2    |     -    |      0|  0|  13|           2|           4|
    |sub_ln640_6_fu_5689_p2    |     -    |      0|  0|  13|           2|           4|
    |sub_ln640_7_fu_5978_p2    |     -    |      0|  0|  13|           2|           4|
    |sub_ln640_8_fu_6267_p2    |     -    |      0|  0|  13|           2|           4|
    |sub_ln640_9_fu_6556_p2    |     -    |      0|  0|  13|           2|           4|
    |sub_ln640_fu_3955_p2      |     -    |      0|  0|  13|           2|           4|
    |or_ln624_10_fu_6866_p2    |    or    |      0|  0|  12|          12|           7|
    |or_ln624_11_fu_7155_p2    |    or    |      0|  0|  12|          12|           7|
    |or_ln624_12_fu_7444_p2    |    or    |      0|  0|  12|          12|           7|
    |or_ln624_13_fu_7733_p2    |    or    |      0|  0|  12|          12|           7|
    |or_ln624_14_fu_8022_p2    |    or    |      0|  0|  12|          12|           7|
    |or_ln624_15_fu_8311_p2    |    or    |      0|  0|  12|          12|           8|
    |or_ln624_16_fu_8600_p2    |    or    |      0|  0|  12|          12|           8|
    |or_ln624_17_fu_8889_p2    |    or    |      0|  0|  12|          12|           8|
    |or_ln624_18_fu_9178_p2    |    or    |      0|  0|  12|          12|           8|
    |or_ln624_19_fu_9467_p2    |    or    |      0|  0|  12|          12|           8|
    |or_ln624_1_fu_4265_p2     |    or    |      0|  0|  12|          12|           5|
    |or_ln624_20_fu_9756_p2    |    or    |      0|  0|  12|          12|           8|
    |or_ln624_21_fu_10045_p2   |    or    |      0|  0|  12|          12|           8|
    |or_ln624_22_fu_10334_p2   |    or    |      0|  0|  12|          12|           8|
    |or_ln624_23_fu_10623_p2   |    or    |      0|  0|  12|          12|           8|
    |or_ln624_24_fu_10912_p2   |    or    |      0|  0|  12|          12|           8|
    |or_ln624_25_fu_11201_p2   |    or    |      0|  0|  12|          12|           8|
    |or_ln624_26_fu_11490_p2   |    or    |      0|  0|  12|          12|           8|
    |or_ln624_27_fu_11779_p2   |    or    |      0|  0|  12|          12|           8|
    |or_ln624_28_fu_12068_p2   |    or    |      0|  0|  12|          12|           8|
    |or_ln624_29_fu_12357_p2   |    or    |      0|  0|  12|          12|           8|
    |or_ln624_2_fu_4554_p2     |    or    |      0|  0|  12|          12|           5|
    |or_ln624_30_fu_12646_p2   |    or    |      0|  0|  12|          12|           8|
    |or_ln624_3_fu_4843_p2     |    or    |      0|  0|  12|          12|           6|
    |or_ln624_4_fu_5132_p2     |    or    |      0|  0|  12|          12|           6|
    |or_ln624_5_fu_5421_p2     |    or    |      0|  0|  12|          12|           6|
    |or_ln624_6_fu_5710_p2     |    or    |      0|  0|  12|          12|           6|
    |or_ln624_7_fu_5999_p2     |    or    |      0|  0|  12|          12|           7|
    |or_ln624_8_fu_6288_p2     |    or    |      0|  0|  12|          12|           7|
    |or_ln624_9_fu_6577_p2     |    or    |      0|  0|  12|          12|           7|
    |or_ln624_fu_3976_p2       |    or    |      0|  0|  12|          12|           4|
    |or_ln625_10_fu_6591_p2    |    or    |      0|  0|  12|          12|           7|
    |or_ln625_11_fu_6880_p2    |    or    |      0|  0|  12|          12|           7|
    |or_ln625_12_fu_7169_p2    |    or    |      0|  0|  12|          12|           7|
    |or_ln625_13_fu_7458_p2    |    or    |      0|  0|  12|          12|           7|
    |or_ln625_14_fu_7747_p2    |    or    |      0|  0|  12|          12|           7|
    |or_ln625_15_fu_8036_p2    |    or    |      0|  0|  12|          12|           7|
    |or_ln625_16_fu_8325_p2    |    or    |      0|  0|  12|          12|           8|
    |or_ln625_17_fu_8614_p2    |    or    |      0|  0|  12|          12|           8|
    |or_ln625_18_fu_8903_p2    |    or    |      0|  0|  12|          12|           8|
    |or_ln625_19_fu_9192_p2    |    or    |      0|  0|  12|          12|           8|
    |or_ln625_1_fu_3990_p2     |    or    |      0|  0|  12|          12|           4|
    |or_ln625_20_fu_9481_p2    |    or    |      0|  0|  12|          12|           8|
    |or_ln625_21_fu_9770_p2    |    or    |      0|  0|  12|          12|           8|
    |or_ln625_22_fu_10059_p2   |    or    |      0|  0|  12|          12|           8|
    |or_ln625_23_fu_10348_p2   |    or    |      0|  0|  12|          12|           8|
    |or_ln625_24_fu_10637_p2   |    or    |      0|  0|  12|          12|           8|
    |or_ln625_25_fu_10926_p2   |    or    |      0|  0|  12|          12|           8|
    |or_ln625_26_fu_11215_p2   |    or    |      0|  0|  12|          12|           8|
    |or_ln625_27_fu_11504_p2   |    or    |      0|  0|  12|          12|           8|
    |or_ln625_28_fu_11793_p2   |    or    |      0|  0|  12|          12|           8|
    |or_ln625_29_fu_12082_p2   |    or    |      0|  0|  12|          12|           8|
    |or_ln625_2_fu_4279_p2     |    or    |      0|  0|  12|          12|           5|
    |or_ln625_30_fu_12371_p2   |    or    |      0|  0|  12|          12|           8|
    |or_ln625_31_fu_12660_p2   |    or    |      0|  0|  12|          12|           8|
    |or_ln625_3_fu_4568_p2     |    or    |      0|  0|  12|          12|           5|
    |or_ln625_4_fu_4857_p2     |    or    |      0|  0|  12|          12|           6|
    |or_ln625_5_fu_5146_p2     |    or    |      0|  0|  12|          12|           6|
    |or_ln625_6_fu_5435_p2     |    or    |      0|  0|  12|          12|           6|
    |or_ln625_7_fu_5724_p2     |    or    |      0|  0|  12|          12|           6|
    |or_ln625_8_fu_6013_p2     |    or    |      0|  0|  12|          12|           7|
    |or_ln625_9_fu_6302_p2     |    or    |      0|  0|  12|          12|           7|
    |or_ln625_fu_3700_p2       |    or    |      0|  0|  12|          12|           1|
    |or_ln626_31_fu_4048_p2    |    or    |      0|  0|  12|          12|           4|
    |or_ln626_32_fu_4337_p2    |    or    |      0|  0|  12|          12|           5|
    |or_ln626_33_fu_4626_p2    |    or    |      0|  0|  12|          12|           5|
    |or_ln626_34_fu_4915_p2    |    or    |      0|  0|  12|          12|           6|
    |or_ln626_35_fu_5204_p2    |    or    |      0|  0|  12|          12|           6|
    |or_ln626_36_fu_5493_p2    |    or    |      0|  0|  12|          12|           6|
    |or_ln626_37_fu_5782_p2    |    or    |      0|  0|  12|          12|           6|
    |or_ln626_38_fu_6071_p2    |    or    |      0|  0|  12|          12|           7|
    |or_ln626_39_fu_6360_p2    |    or    |      0|  0|  12|          12|           7|
    |or_ln626_40_fu_6649_p2    |    or    |      0|  0|  12|          12|           7|
    |or_ln626_41_fu_6938_p2    |    or    |      0|  0|  12|          12|           7|
    |or_ln626_42_fu_7227_p2    |    or    |      0|  0|  12|          12|           7|
    |or_ln626_43_fu_7516_p2    |    or    |      0|  0|  12|          12|           7|
    |or_ln626_44_fu_7805_p2    |    or    |      0|  0|  12|          12|           7|
    |or_ln626_45_fu_8094_p2    |    or    |      0|  0|  12|          12|           7|
    |or_ln626_46_fu_8383_p2    |    or    |      0|  0|  12|          12|           8|
    |or_ln626_47_fu_8672_p2    |    or    |      0|  0|  12|          12|           8|
    |or_ln626_48_fu_8961_p2    |    or    |      0|  0|  12|          12|           8|
    |or_ln626_49_fu_9250_p2    |    or    |      0|  0|  12|          12|           8|
    |or_ln626_50_fu_9539_p2    |    or    |      0|  0|  12|          12|           8|
    |or_ln626_51_fu_9828_p2    |    or    |      0|  0|  12|          12|           8|
    |or_ln626_52_fu_10117_p2   |    or    |      0|  0|  12|          12|           8|
    |or_ln626_53_fu_10406_p2   |    or    |      0|  0|  12|          12|           8|
    |or_ln626_54_fu_10695_p2   |    or    |      0|  0|  12|          12|           8|
    |or_ln626_55_fu_10984_p2   |    or    |      0|  0|  12|          12|           8|
    |or_ln626_56_fu_11273_p2   |    or    |      0|  0|  12|          12|           8|
    |or_ln626_57_fu_11562_p2   |    or    |      0|  0|  12|          12|           8|
    |or_ln626_58_fu_11851_p2   |    or    |      0|  0|  12|          12|           8|
    |or_ln626_59_fu_12140_p2   |    or    |      0|  0|  12|          12|           8|
    |or_ln626_60_fu_12429_p2   |    or    |      0|  0|  12|          12|           8|
    |or_ln626_61_fu_12728_p2   |    or    |      0|  0|  12|          12|           8|
    |or_ln626_fu_3759_p2       |    or    |      0|  0|  12|          12|           2|
    |or_ln627_10_fu_6663_p2    |    or    |      0|  0|  12|          12|           7|
    |or_ln627_11_fu_6952_p2    |    or    |      0|  0|  12|          12|           7|
    |or_ln627_12_fu_7241_p2    |    or    |      0|  0|  12|          12|           7|
    |or_ln627_13_fu_7530_p2    |    or    |      0|  0|  12|          12|           7|
    |or_ln627_14_fu_7819_p2    |    or    |      0|  0|  12|          12|           7|
    |or_ln627_15_fu_8108_p2    |    or    |      0|  0|  12|          12|           7|
    |or_ln627_16_fu_8397_p2    |    or    |      0|  0|  12|          12|           8|
    |or_ln627_17_fu_8686_p2    |    or    |      0|  0|  12|          12|           8|
    |or_ln627_18_fu_8975_p2    |    or    |      0|  0|  12|          12|           8|
    |or_ln627_19_fu_9264_p2    |    or    |      0|  0|  12|          12|           8|
    |or_ln627_1_fu_4062_p2     |    or    |      0|  0|  12|          12|           4|
    |or_ln627_20_fu_9553_p2    |    or    |      0|  0|  12|          12|           8|
    |or_ln627_21_fu_9842_p2    |    or    |      0|  0|  12|          12|           8|
    |or_ln627_22_fu_10131_p2   |    or    |      0|  0|  12|          12|           8|
    |or_ln627_23_fu_10420_p2   |    or    |      0|  0|  12|          12|           8|
    |or_ln627_24_fu_10709_p2   |    or    |      0|  0|  12|          12|           8|
    |or_ln627_25_fu_10998_p2   |    or    |      0|  0|  12|          12|           8|
    |or_ln627_26_fu_11287_p2   |    or    |      0|  0|  12|          12|           8|
    |or_ln627_27_fu_11576_p2   |    or    |      0|  0|  12|          12|           8|
    |or_ln627_28_fu_11865_p2   |    or    |      0|  0|  12|          12|           8|
    |or_ln627_29_fu_12154_p2   |    or    |      0|  0|  12|          12|           8|
    |or_ln627_2_fu_4351_p2     |    or    |      0|  0|  12|          12|           5|
    |or_ln627_30_fu_12443_p2   |    or    |      0|  0|  12|          12|           8|
    |or_ln627_31_fu_12742_p2   |    or    |      0|  0|  12|          12|           8|
    |or_ln627_3_fu_4640_p2     |    or    |      0|  0|  12|          12|           5|
    |or_ln627_4_fu_4929_p2     |    or    |      0|  0|  12|          12|           6|
    |or_ln627_5_fu_5218_p2     |    or    |      0|  0|  12|          12|           6|
    |or_ln627_6_fu_5507_p2     |    or    |      0|  0|  12|          12|           6|
    |or_ln627_7_fu_5796_p2     |    or    |      0|  0|  12|          12|           6|
    |or_ln627_8_fu_6085_p2     |    or    |      0|  0|  12|          12|           7|
    |or_ln627_9_fu_6374_p2     |    or    |      0|  0|  12|          12|           7|
    |or_ln627_fu_3773_p2       |    or    |      0|  0|  12|          12|           2|
    |or_ln628_10_fu_6729_p2    |    or    |      0|  0|  12|          12|           7|
    |or_ln628_11_fu_7018_p2    |    or    |      0|  0|  12|          12|           7|
    |or_ln628_12_fu_7307_p2    |    or    |      0|  0|  12|          12|           7|
    |or_ln628_13_fu_7596_p2    |    or    |      0|  0|  12|          12|           7|
    |or_ln628_14_fu_7885_p2    |    or    |      0|  0|  12|          12|           7|
    |or_ln628_15_fu_8174_p2    |    or    |      0|  0|  12|          12|           7|
    |or_ln628_16_fu_8463_p2    |    or    |      0|  0|  12|          12|           8|
    |or_ln628_17_fu_8752_p2    |    or    |      0|  0|  12|          12|           8|
    |or_ln628_18_fu_9041_p2    |    or    |      0|  0|  12|          12|           8|
    |or_ln628_19_fu_9330_p2    |    or    |      0|  0|  12|          12|           8|
    |or_ln628_1_fu_4128_p2     |    or    |      0|  0|  12|          12|           4|
    |or_ln628_20_fu_9619_p2    |    or    |      0|  0|  12|          12|           8|
    |or_ln628_21_fu_9908_p2    |    or    |      0|  0|  12|          12|           8|
    |or_ln628_22_fu_10197_p2   |    or    |      0|  0|  12|          12|           8|
    |or_ln628_23_fu_10486_p2   |    or    |      0|  0|  12|          12|           8|
    |or_ln628_24_fu_10775_p2   |    or    |      0|  0|  12|          12|           8|
    |or_ln628_25_fu_11064_p2   |    or    |      0|  0|  12|          12|           8|
    |or_ln628_26_fu_11353_p2   |    or    |      0|  0|  12|          12|           8|
    |or_ln628_27_fu_11642_p2   |    or    |      0|  0|  12|          12|           8|
    |or_ln628_28_fu_11931_p2   |    or    |      0|  0|  12|          12|           8|
    |or_ln628_29_fu_12220_p2   |    or    |      0|  0|  12|          12|           8|
    |or_ln628_2_fu_4417_p2     |    or    |      0|  0|  12|          12|           5|
    |or_ln628_30_fu_12509_p2   |    or    |      0|  0|  12|          12|           8|
    |or_ln628_31_fu_12822_p2   |    or    |      0|  0|  12|          12|           8|
    |or_ln628_3_fu_4706_p2     |    or    |      0|  0|  12|          12|           5|
    |or_ln628_4_fu_4995_p2     |    or    |      0|  0|  12|          12|           6|
    |or_ln628_5_fu_5284_p2     |    or    |      0|  0|  12|          12|           6|
    |or_ln628_6_fu_5573_p2     |    or    |      0|  0|  12|          12|           6|
    |or_ln628_7_fu_5862_p2     |    or    |      0|  0|  12|          12|           6|
    |or_ln628_8_fu_6151_p2     |    or    |      0|  0|  12|          12|           7|
    |or_ln628_9_fu_6440_p2     |    or    |      0|  0|  12|          12|           7|
    |or_ln628_fu_3839_p2       |    or    |      0|  0|  12|          12|           3|
    |or_ln629_31_fu_4142_p2    |    or    |      0|  0|  12|          12|           4|
    |or_ln629_32_fu_4431_p2    |    or    |      0|  0|  12|          12|           5|
    |or_ln629_33_fu_4720_p2    |    or    |      0|  0|  12|          12|           5|
    |or_ln629_34_fu_5009_p2    |    or    |      0|  0|  12|          12|           6|
    |or_ln629_35_fu_5298_p2    |    or    |      0|  0|  12|          12|           6|
    |or_ln629_36_fu_5587_p2    |    or    |      0|  0|  12|          12|           6|
    |or_ln629_37_fu_5876_p2    |    or    |      0|  0|  12|          12|           6|
    |or_ln629_38_fu_6165_p2    |    or    |      0|  0|  12|          12|           7|
    |or_ln629_39_fu_6454_p2    |    or    |      0|  0|  12|          12|           7|
    |or_ln629_40_fu_6743_p2    |    or    |      0|  0|  12|          12|           7|
    |or_ln629_41_fu_7032_p2    |    or    |      0|  0|  12|          12|           7|
    |or_ln629_42_fu_7321_p2    |    or    |      0|  0|  12|          12|           7|
    |or_ln629_43_fu_7610_p2    |    or    |      0|  0|  12|          12|           7|
    |or_ln629_44_fu_7899_p2    |    or    |      0|  0|  12|          12|           7|
    |or_ln629_45_fu_8188_p2    |    or    |      0|  0|  12|          12|           7|
    |or_ln629_46_fu_8477_p2    |    or    |      0|  0|  12|          12|           8|
    |or_ln629_47_fu_8766_p2    |    or    |      0|  0|  12|          12|           8|
    |or_ln629_48_fu_9055_p2    |    or    |      0|  0|  12|          12|           8|
    |or_ln629_49_fu_9344_p2    |    or    |      0|  0|  12|          12|           8|
    |or_ln629_50_fu_9633_p2    |    or    |      0|  0|  12|          12|           8|
    |or_ln629_51_fu_9922_p2    |    or    |      0|  0|  12|          12|           8|
    |or_ln629_52_fu_10211_p2   |    or    |      0|  0|  12|          12|           8|
    |or_ln629_53_fu_10500_p2   |    or    |      0|  0|  12|          12|           8|
    |or_ln629_54_fu_10789_p2   |    or    |      0|  0|  12|          12|           8|
    |or_ln629_55_fu_11078_p2   |    or    |      0|  0|  12|          12|           8|
    |or_ln629_56_fu_11367_p2   |    or    |      0|  0|  12|          12|           8|
    |or_ln629_57_fu_11656_p2   |    or    |      0|  0|  12|          12|           8|
    |or_ln629_58_fu_11945_p2   |    or    |      0|  0|  12|          12|           8|
    |or_ln629_59_fu_12234_p2   |    or    |      0|  0|  12|          12|           8|
    |or_ln629_60_fu_12523_p2   |    or    |      0|  0|  12|          12|           8|
    |or_ln629_61_fu_12836_p2   |    or    |      0|  0|  12|          12|           8|
    |or_ln629_fu_3853_p2       |    or    |      0|  0|  12|          12|           3|
    |or_ln630_10_fu_6798_p2    |    or    |      0|  0|  12|          12|           7|
    |or_ln630_11_fu_7087_p2    |    or    |      0|  0|  12|          12|           7|
    |or_ln630_12_fu_7376_p2    |    or    |      0|  0|  12|          12|           7|
    |or_ln630_13_fu_7665_p2    |    or    |      0|  0|  12|          12|           7|
    |or_ln630_14_fu_7954_p2    |    or    |      0|  0|  12|          12|           7|
    |or_ln630_15_fu_8243_p2    |    or    |      0|  0|  12|          12|           7|
    |or_ln630_16_fu_8532_p2    |    or    |      0|  0|  12|          12|           8|
    |or_ln630_17_fu_8821_p2    |    or    |      0|  0|  12|          12|           8|
    |or_ln630_18_fu_9110_p2    |    or    |      0|  0|  12|          12|           8|
    |or_ln630_19_fu_9399_p2    |    or    |      0|  0|  12|          12|           8|
    |or_ln630_1_fu_4197_p2     |    or    |      0|  0|  12|          12|           4|
    |or_ln630_20_fu_9688_p2    |    or    |      0|  0|  12|          12|           8|
    |or_ln630_21_fu_9977_p2    |    or    |      0|  0|  12|          12|           8|
    |or_ln630_22_fu_10266_p2   |    or    |      0|  0|  12|          12|           8|
    |or_ln630_23_fu_10555_p2   |    or    |      0|  0|  12|          12|           8|
    |or_ln630_24_fu_10844_p2   |    or    |      0|  0|  12|          12|           8|
    |or_ln630_25_fu_11133_p2   |    or    |      0|  0|  12|          12|           8|
    |or_ln630_26_fu_11422_p2   |    or    |      0|  0|  12|          12|           8|
    |or_ln630_27_fu_11711_p2   |    or    |      0|  0|  12|          12|           8|
    |or_ln630_28_fu_12000_p2   |    or    |      0|  0|  12|          12|           8|
    |or_ln630_29_fu_12289_p2   |    or    |      0|  0|  12|          12|           8|
    |or_ln630_2_fu_4486_p2     |    or    |      0|  0|  12|          12|           5|
    |or_ln630_30_fu_12578_p2   |    or    |      0|  0|  12|          12|           8|
    |or_ln630_31_fu_12886_p2   |    or    |      0|  0|  12|          12|           8|
    |or_ln630_3_fu_4775_p2     |    or    |      0|  0|  12|          12|           5|
    |or_ln630_4_fu_5064_p2     |    or    |      0|  0|  12|          12|           6|
    |or_ln630_5_fu_5353_p2     |    or    |      0|  0|  12|          12|           6|
    |or_ln630_6_fu_5642_p2     |    or    |      0|  0|  12|          12|           6|
    |or_ln630_7_fu_5931_p2     |    or    |      0|  0|  12|          12|           6|
    |or_ln630_8_fu_6220_p2     |    or    |      0|  0|  12|          12|           7|
    |or_ln630_9_fu_6509_p2     |    or    |      0|  0|  12|          12|           7|
    |or_ln630_fu_3908_p2       |    or    |      0|  0|  12|          12|           3|
    |or_ln631_10_fu_6812_p2    |    or    |      0|  0|  12|          12|           7|
    |or_ln631_11_fu_7101_p2    |    or    |      0|  0|  12|          12|           7|
    |or_ln631_12_fu_7390_p2    |    or    |      0|  0|  12|          12|           7|
    |or_ln631_13_fu_7679_p2    |    or    |      0|  0|  12|          12|           7|
    |or_ln631_14_fu_7968_p2    |    or    |      0|  0|  12|          12|           7|
    |or_ln631_15_fu_8257_p2    |    or    |      0|  0|  12|          12|           7|
    |or_ln631_16_fu_8546_p2    |    or    |      0|  0|  12|          12|           8|
    |or_ln631_17_fu_8835_p2    |    or    |      0|  0|  12|          12|           8|
    |or_ln631_18_fu_9124_p2    |    or    |      0|  0|  12|          12|           8|
    |or_ln631_19_fu_9413_p2    |    or    |      0|  0|  12|          12|           8|
    |or_ln631_1_fu_4211_p2     |    or    |      0|  0|  12|          12|           4|
    |or_ln631_20_fu_9702_p2    |    or    |      0|  0|  12|          12|           8|
    |or_ln631_21_fu_9991_p2    |    or    |      0|  0|  12|          12|           8|
    |or_ln631_22_fu_10280_p2   |    or    |      0|  0|  12|          12|           8|
    |or_ln631_23_fu_10569_p2   |    or    |      0|  0|  12|          12|           8|
    |or_ln631_24_fu_10858_p2   |    or    |      0|  0|  12|          12|           8|
    |or_ln631_25_fu_11147_p2   |    or    |      0|  0|  12|          12|           8|
    |or_ln631_26_fu_11436_p2   |    or    |      0|  0|  12|          12|           8|
    |or_ln631_27_fu_11725_p2   |    or    |      0|  0|  12|          12|           8|
    |or_ln631_28_fu_12014_p2   |    or    |      0|  0|  12|          12|           8|
    |or_ln631_29_fu_12303_p2   |    or    |      0|  0|  12|          12|           8|
    |or_ln631_2_fu_4500_p2     |    or    |      0|  0|  12|          12|           5|
    |or_ln631_30_fu_12592_p2   |    or    |      0|  0|  12|          12|           8|
    |or_ln631_31_fu_12900_p2   |    or    |      0|  0|  12|          12|           8|
    |or_ln631_3_fu_4789_p2     |    or    |      0|  0|  12|          12|           5|
    |or_ln631_4_fu_5078_p2     |    or    |      0|  0|  12|          12|           6|
    |or_ln631_5_fu_5367_p2     |    or    |      0|  0|  12|          12|           6|
    |or_ln631_6_fu_5656_p2     |    or    |      0|  0|  12|          12|           6|
    |or_ln631_7_fu_5945_p2     |    or    |      0|  0|  12|          12|           6|
    |or_ln631_8_fu_6234_p2     |    or    |      0|  0|  12|          12|           7|
    |or_ln631_9_fu_6523_p2     |    or    |      0|  0|  12|          12|           7|
    |or_ln631_fu_3922_p2       |    or    |      0|  0|  12|          12|           3|
    +--------------------------+----------+-------+---+----+------------+------------+
    |Total                     |          |      0|  0|8003|        4117|        3767|
    +--------------------------+----------+-------+---+----+------------+------------+

    * Multiplexer: 
    +-------------------+-----+-----------+-----+-----------+
    |        Name       | LUT | Input Size| Bits| Total Bits|
    +-------------------+-----+-----------+-----+-----------+
    |a_address0         |  417|         96|   12|       1152|
    |ap_NS_fsm          |  585|        130|    1|        130|
    |r_coeffs_address0  |  581|        129|   10|       1290|
    |r_coeffs_address1  |  581|        129|   10|       1290|
    |r_coeffs_d0        |  581|        129|   32|       4128|
    |r_coeffs_d1        |  581|        129|   32|       4128|
    +-------------------+-----+-----------+-----+-----------+
    |Total              | 3326|        742|   97|      12118|
    +-------------------+-----+-----------+-----+-----------+

    * Register: 
    +--------------------------+-----+----+-----+-----------+
    |           Name           |  FF | LUT| Bits| Const Bits|
    +--------------------------+-----+----+-----+-----------+
    |ap_CS_fsm                 |  129|   0|  129|          0|
    |reg_3662                  |    2|   0|    2|          0|
    |reg_3666                  |    3|   0|    3|          0|
    |reg_3670                  |    3|   0|    3|          0|
    |reg_3674                  |    3|   0|    3|          0|
    |tmp_256_reg_13309         |    1|   0|    1|          0|
    |tmp_259_reg_13329         |    1|   0|    1|          0|
    |tmp_262_reg_13349         |    1|   0|    1|          0|
    |tmp_265_reg_13369         |    1|   0|    1|          0|
    |tmp_268_reg_13389         |    1|   0|    1|          0|
    |tmp_271_reg_13409         |    1|   0|    1|          0|
    |tmp_274_reg_13429         |    1|   0|    1|          0|
    |tmp_277_reg_13449         |    1|   0|    1|          0|
    |tmp_280_reg_13469         |    1|   0|    1|          0|
    |tmp_283_reg_13489         |    1|   0|    1|          0|
    |tmp_286_reg_13509         |    1|   0|    1|          0|
    |tmp_289_reg_13529         |    1|   0|    1|          0|
    |tmp_292_reg_13549         |    1|   0|    1|          0|
    |tmp_295_reg_13569         |    1|   0|    1|          0|
    |tmp_298_reg_13589         |    1|   0|    1|          0|
    |tmp_301_reg_13609         |    1|   0|    1|          0|
    |tmp_304_reg_13629         |    1|   0|    1|          0|
    |tmp_307_reg_13649         |    1|   0|    1|          0|
    |tmp_310_reg_13669         |    1|   0|    1|          0|
    |tmp_313_reg_13689         |    1|   0|    1|          0|
    |tmp_316_reg_13709         |    1|   0|    1|          0|
    |tmp_319_reg_13729         |    1|   0|    1|          0|
    |tmp_322_reg_13749         |    1|   0|    1|          0|
    |tmp_325_reg_13769         |    1|   0|    1|          0|
    |tmp_328_reg_13789         |    1|   0|    1|          0|
    |tmp_331_reg_13809         |    1|   0|    1|          0|
    |tmp_334_reg_13829         |    1|   0|    1|          0|
    |tmp_337_reg_13849         |    1|   0|    1|          0|
    |tmp_340_reg_13869         |    1|   0|    1|          0|
    |tmp_343_reg_13889         |    1|   0|    1|          0|
    |tmp_346_reg_13909         |    1|   0|    1|          0|
    |tmp_349_reg_13934         |    1|   0|    1|          0|
    |tmp_350_reg_13949         |    3|   0|    3|          0|
    |tmp_reg_13046             |    4|   0|   12|          8|
    |trunc_ln626_reg_12947     |   10|   0|   10|          0|
    |trunc_ln629_31_reg_13939  |    2|   0|    2|          0|
    |trunc_ln630_30_reg_13944  |    3|   0|    3|          0|
    +--------------------------+-----+----+-----+-----------+
    |Total                     |  194|   0|  202|          8|
    +--------------------------+-----+----+-----+-----------+



================================================================
== Interface
================================================================
* Summary: 
+-------------------+-----+-----+------------+------------------------+--------------+
|     RTL Ports     | Dir | Bits|  Protocol  |      Source Object     |    C Type    |
+-------------------+-----+-----+------------+------------------------+--------------+
|ap_clk             |  in |    1| ap_ctrl_hs | pqcrystals_dilithium.8 | return value |
|ap_rst             |  in |    1| ap_ctrl_hs | pqcrystals_dilithium.8 | return value |
|ap_start           |  in |    1| ap_ctrl_hs | pqcrystals_dilithium.8 | return value |
|ap_done            | out |    1| ap_ctrl_hs | pqcrystals_dilithium.8 | return value |
|ap_idle            | out |    1| ap_ctrl_hs | pqcrystals_dilithium.8 | return value |
|ap_ready           | out |    1| ap_ctrl_hs | pqcrystals_dilithium.8 | return value |
|r_coeffs_address0  | out |   10|  ap_memory |        r_coeffs        |     array    |
|r_coeffs_ce0       | out |    1|  ap_memory |        r_coeffs        |     array    |
|r_coeffs_we0       | out |    1|  ap_memory |        r_coeffs        |     array    |
|r_coeffs_d0        | out |   32|  ap_memory |        r_coeffs        |     array    |
|r_coeffs_address1  | out |   10|  ap_memory |        r_coeffs        |     array    |
|r_coeffs_ce1       | out |    1|  ap_memory |        r_coeffs        |     array    |
|r_coeffs_we1       | out |    1|  ap_memory |        r_coeffs        |     array    |
|r_coeffs_d1        | out |   32|  ap_memory |        r_coeffs        |     array    |
|r_coeffs_offset    |  in |    4|   ap_none  |     r_coeffs_offset    |    scalar    |
|a_address0         | out |   12|  ap_memory |            a           |     array    |
|a_ce0              | out |    1|  ap_memory |            a           |     array    |
|a_q0               |  in |    8|  ap_memory |            a           |     array    |
|a_address1         | out |   12|  ap_memory |            a           |     array    |
|a_ce1              | out |    1|  ap_memory |            a           |     array    |
|a_q1               |  in |    8|  ap_memory |            a           |     array    |
|a_offset           |  in |   11|   ap_none  |        a_offset        |    scalar    |
+-------------------+-----+-----+------------+------------------------+--------------+

