

================================================================
== Vivado HLS Report for 'pqcrystals_dilithium_15'
================================================================
* Date:           Sun Apr  9 23:07:45 2023

* Version:        2019.2 (Build 2704478 on Wed Nov 06 22:10:23 MST 2019)
* Project:        crypto_sign
* Solution:       solution1
* Product family: artix7
* Target device:  xc7a200t-fbg676-2


================================================================
== Performance Estimates
================================================================
+ Timing: 
    * Summary: 
    +--------+----------+-----------+------------+
    |  Clock |  Target  | Estimated | Uncertainty|
    +--------+----------+-----------+------------+
    |ap_clk  | 10.00 us | 32.165 ns |   1.25 us  |
    +--------+----------+-----------+------------+

+ Latency: 
    * Summary: 
    +---------+---------+----------+----------+-----+-----+---------+
    |  Latency (cycles) |  Latency (absolute) |  Interval | Pipeline|
    |   min   |   max   |    min   |    max   | min | max |   Type  |
    +---------+---------+----------+----------+-----+-----+---------+
    |      128|      128| 1.280 ms | 1.280 ms |  128|  128|   none  |
    +---------+---------+----------+----------+-----+-----+---------+

    + Detail: 
        * Instance: 
        +-------------------------------------+-------------------------+---------+---------+----------+----------+-----+-----+---------+
        |                                     |                         |  Latency (cycles) |  Latency (absolute) |  Interval | Pipeline|
        |               Instance              |          Module         |   min   |   max   |    min   |    max   | min | max |   Type  |
        +-------------------------------------+-------------------------+---------+---------+----------+----------+-----+-----+---------+
        |grp_pqcrystals_dilithium_26_fu_8009  |pqcrystals_dilithium_26  |        0|        0|   0 ns   |   0 ns   |    0|    0|   none  |
        |grp_pqcrystals_dilithium_26_fu_8015  |pqcrystals_dilithium_26  |        0|        0|   0 ns   |   0 ns   |    0|    0|   none  |
        +-------------------------------------+-------------------------+---------+---------+----------+----------+-----+-----+---------+

        * Loop: 
        N/A



================================================================
== Utilization Estimates
================================================================
* Summary: 
+-----------------+---------+-------+--------+--------+-----+
|       Name      | BRAM_18K| DSP48E|   FF   |   LUT  | URAM|
+-----------------+---------+-------+--------+--------+-----+
|DSP              |        -|      -|       -|       -|    -|
|Expression       |        -|    512|       0|   12021|    -|
|FIFO             |        -|      -|       -|       -|    -|
|Instance         |        -|     12|       0|     226|    -|
|Memory           |        -|      -|       -|       -|    -|
|Multiplexer      |        -|      -|       -|    5233|    -|
|Register         |        -|      -|     139|       -|    -|
+-----------------+---------+-------+--------+--------+-----+
|Total            |        0|    524|     139|   17480|    0|
+-----------------+---------+-------+--------+--------+-----+
|Available        |      730|    740|  269200|  134600|    0|
+-----------------+---------+-------+--------+--------+-----+
|Utilization (%)  |        0|     70|   ~0   |      12|    0|
+-----------------+---------+-------+--------+--------+-----+

+ Detail: 
    * Instance: 
    +-------------------------------------+-------------------------+---------+-------+---+-----+-----+
    |               Instance              |          Module         | BRAM_18K| DSP48E| FF| LUT | URAM|
    +-------------------------------------+-------------------------+---------+-------+---+-----+-----+
    |grp_pqcrystals_dilithium_26_fu_8009  |pqcrystals_dilithium_26  |        0|      6|  0|  113|    0|
    |grp_pqcrystals_dilithium_26_fu_8015  |pqcrystals_dilithium_26  |        0|      6|  0|  113|    0|
    +-------------------------------------+-------------------------+---------+-------+---+-----+-----+
    |Total                                |                         |        0|     12|  0|  226|    0|
    +-------------------------------------+-------------------------+---------+-------+---+-----+-----+

    * DSP48E: 
    N/A

    * Memory: 
    N/A

    * FIFO: 
    N/A

    * Expression: 
    +---------------------------+----------+-------+---+-----+------------+------------+
    |       Variable Name       | Operation| DSP48E| FF| LUT | Bitwidth P0| Bitwidth P1|
    +---------------------------+----------+-------+---+-----+------------+------------+
    |mul_ln190_100_fu_12463_p2  |     *    |      2|  0|   21|          32|          23|
    |mul_ln190_101_fu_12482_p2  |     *    |      2|  0|   21|          32|          23|
    |mul_ln190_102_fu_12549_p2  |     *    |      2|  0|   21|          32|          23|
    |mul_ln190_103_fu_12568_p2  |     *    |      2|  0|   21|          32|          23|
    |mul_ln190_104_fu_12635_p2  |     *    |      2|  0|   21|          32|          23|
    |mul_ln190_105_fu_12654_p2  |     *    |      2|  0|   21|          32|          23|
    |mul_ln190_106_fu_12721_p2  |     *    |      2|  0|   21|          32|          23|
    |mul_ln190_107_fu_12740_p2  |     *    |      2|  0|   21|          32|          23|
    |mul_ln190_108_fu_12807_p2  |     *    |      2|  0|   21|          32|          23|
    |mul_ln190_109_fu_12826_p2  |     *    |      2|  0|   21|          32|          23|
    |mul_ln190_10_fu_8593_p2    |     *    |      2|  0|   21|          32|          23|
    |mul_ln190_110_fu_12893_p2  |     *    |      2|  0|   21|          32|          23|
    |mul_ln190_111_fu_12912_p2  |     *    |      2|  0|   21|          32|          23|
    |mul_ln190_112_fu_12979_p2  |     *    |      2|  0|   21|          32|          23|
    |mul_ln190_113_fu_12998_p2  |     *    |      2|  0|   21|          32|          23|
    |mul_ln190_114_fu_13065_p2  |     *    |      2|  0|   21|          32|          23|
    |mul_ln190_115_fu_13084_p2  |     *    |      2|  0|   21|          32|          23|
    |mul_ln190_116_fu_13151_p2  |     *    |      2|  0|   21|          32|          23|
    |mul_ln190_117_fu_13170_p2  |     *    |      2|  0|   21|          32|          23|
    |mul_ln190_118_fu_13237_p2  |     *    |      2|  0|   21|          32|          23|
    |mul_ln190_119_fu_13256_p2  |     *    |      2|  0|   21|          32|          23|
    |mul_ln190_11_fu_8612_p2    |     *    |      2|  0|   21|          32|          23|
    |mul_ln190_120_fu_13323_p2  |     *    |      2|  0|   21|          32|          23|
    |mul_ln190_121_fu_13342_p2  |     *    |      2|  0|   21|          32|          23|
    |mul_ln190_122_fu_13409_p2  |     *    |      2|  0|   21|          32|          23|
    |mul_ln190_123_fu_13428_p2  |     *    |      2|  0|   21|          32|          23|
    |mul_ln190_124_fu_13495_p2  |     *    |      2|  0|   21|          32|          23|
    |mul_ln190_125_fu_13514_p2  |     *    |      2|  0|   21|          32|          23|
    |mul_ln190_126_fu_13581_p2  |     *    |      2|  0|   21|          32|          23|
    |mul_ln190_127_fu_13600_p2  |     *    |      2|  0|   21|          32|          23|
    |mul_ln190_128_fu_13667_p2  |     *    |      2|  0|   21|          32|          23|
    |mul_ln190_129_fu_13686_p2  |     *    |      2|  0|   21|          32|          23|
    |mul_ln190_12_fu_8679_p2    |     *    |      2|  0|   21|          32|          23|
    |mul_ln190_130_fu_13753_p2  |     *    |      2|  0|   21|          32|          23|
    |mul_ln190_131_fu_13772_p2  |     *    |      2|  0|   21|          32|          23|
    |mul_ln190_132_fu_13839_p2  |     *    |      2|  0|   21|          32|          23|
    |mul_ln190_133_fu_13858_p2  |     *    |      2|  0|   21|          32|          23|
    |mul_ln190_134_fu_13925_p2  |     *    |      2|  0|   21|          32|          23|
    |mul_ln190_135_fu_13944_p2  |     *    |      2|  0|   21|          32|          23|
    |mul_ln190_136_fu_14011_p2  |     *    |      2|  0|   21|          32|          23|
    |mul_ln190_137_fu_14030_p2  |     *    |      2|  0|   21|          32|          23|
    |mul_ln190_138_fu_14097_p2  |     *    |      2|  0|   21|          32|          23|
    |mul_ln190_139_fu_14116_p2  |     *    |      2|  0|   21|          32|          23|
    |mul_ln190_13_fu_8698_p2    |     *    |      2|  0|   21|          32|          23|
    |mul_ln190_140_fu_14183_p2  |     *    |      2|  0|   21|          32|          23|
    |mul_ln190_141_fu_14202_p2  |     *    |      2|  0|   21|          32|          23|
    |mul_ln190_142_fu_14269_p2  |     *    |      2|  0|   21|          32|          23|
    |mul_ln190_143_fu_14288_p2  |     *    |      2|  0|   21|          32|          23|
    |mul_ln190_144_fu_14355_p2  |     *    |      2|  0|   21|          32|          23|
    |mul_ln190_145_fu_14374_p2  |     *    |      2|  0|   21|          32|          23|
    |mul_ln190_146_fu_14441_p2  |     *    |      2|  0|   21|          32|          23|
    |mul_ln190_147_fu_14460_p2  |     *    |      2|  0|   21|          32|          23|
    |mul_ln190_148_fu_14527_p2  |     *    |      2|  0|   21|          32|          23|
    |mul_ln190_149_fu_14546_p2  |     *    |      2|  0|   21|          32|          23|
    |mul_ln190_14_fu_8765_p2    |     *    |      2|  0|   21|          32|          23|
    |mul_ln190_150_fu_14613_p2  |     *    |      2|  0|   21|          32|          23|
    |mul_ln190_151_fu_14632_p2  |     *    |      2|  0|   21|          32|          23|
    |mul_ln190_152_fu_14699_p2  |     *    |      2|  0|   21|          32|          23|
    |mul_ln190_153_fu_14718_p2  |     *    |      2|  0|   21|          32|          23|
    |mul_ln190_154_fu_14785_p2  |     *    |      2|  0|   21|          32|          23|
    |mul_ln190_155_fu_14804_p2  |     *    |      2|  0|   21|          32|          23|
    |mul_ln190_156_fu_14871_p2  |     *    |      2|  0|   21|          32|          23|
    |mul_ln190_157_fu_14890_p2  |     *    |      2|  0|   21|          32|          23|
    |mul_ln190_158_fu_14957_p2  |     *    |      2|  0|   21|          32|          23|
    |mul_ln190_159_fu_14976_p2  |     *    |      2|  0|   21|          32|          23|
    |mul_ln190_15_fu_8784_p2    |     *    |      2|  0|   21|          32|          23|
    |mul_ln190_160_fu_15043_p2  |     *    |      2|  0|   21|          32|          23|
    |mul_ln190_161_fu_15062_p2  |     *    |      2|  0|   21|          32|          23|
    |mul_ln190_162_fu_15129_p2  |     *    |      2|  0|   21|          32|          23|
    |mul_ln190_163_fu_15148_p2  |     *    |      2|  0|   21|          32|          23|
    |mul_ln190_164_fu_15215_p2  |     *    |      2|  0|   21|          32|          23|
    |mul_ln190_165_fu_15234_p2  |     *    |      2|  0|   21|          32|          23|
    |mul_ln190_166_fu_15301_p2  |     *    |      2|  0|   21|          32|          23|
    |mul_ln190_167_fu_15320_p2  |     *    |      2|  0|   21|          32|          23|
    |mul_ln190_168_fu_15387_p2  |     *    |      2|  0|   21|          32|          23|
    |mul_ln190_169_fu_15406_p2  |     *    |      2|  0|   21|          32|          23|
    |mul_ln190_16_fu_8851_p2    |     *    |      2|  0|   21|          32|          23|
    |mul_ln190_170_fu_15473_p2  |     *    |      2|  0|   21|          32|          23|
    |mul_ln190_171_fu_15492_p2  |     *    |      2|  0|   21|          32|          23|
    |mul_ln190_172_fu_15559_p2  |     *    |      2|  0|   21|          32|          23|
    |mul_ln190_173_fu_15578_p2  |     *    |      2|  0|   21|          32|          23|
    |mul_ln190_174_fu_15645_p2  |     *    |      2|  0|   21|          32|          23|
    |mul_ln190_175_fu_15664_p2  |     *    |      2|  0|   21|          32|          23|
    |mul_ln190_176_fu_15731_p2  |     *    |      2|  0|   21|          32|          23|
    |mul_ln190_177_fu_15750_p2  |     *    |      2|  0|   21|          32|          23|
    |mul_ln190_178_fu_15817_p2  |     *    |      2|  0|   21|          32|          23|
    |mul_ln190_179_fu_15836_p2  |     *    |      2|  0|   21|          32|          23|
    |mul_ln190_17_fu_8870_p2    |     *    |      2|  0|   21|          32|          23|
    |mul_ln190_180_fu_15903_p2  |     *    |      2|  0|   21|          32|          23|
    |mul_ln190_181_fu_15922_p2  |     *    |      2|  0|   21|          32|          23|
    |mul_ln190_182_fu_15989_p2  |     *    |      2|  0|   21|          32|          23|
    |mul_ln190_183_fu_16008_p2  |     *    |      2|  0|   21|          32|          23|
    |mul_ln190_184_fu_16075_p2  |     *    |      2|  0|   21|          32|          23|
    |mul_ln190_185_fu_16094_p2  |     *    |      2|  0|   21|          32|          23|
    |mul_ln190_186_fu_16161_p2  |     *    |      2|  0|   21|          32|          23|
    |mul_ln190_187_fu_16180_p2  |     *    |      2|  0|   21|          32|          23|
    |mul_ln190_188_fu_16247_p2  |     *    |      2|  0|   21|          32|          23|
    |mul_ln190_189_fu_16266_p2  |     *    |      2|  0|   21|          32|          23|
    |mul_ln190_18_fu_8937_p2    |     *    |      2|  0|   21|          32|          23|
    |mul_ln190_190_fu_16333_p2  |     *    |      2|  0|   21|          32|          23|
    |mul_ln190_191_fu_16352_p2  |     *    |      2|  0|   21|          32|          23|
    |mul_ln190_192_fu_16419_p2  |     *    |      2|  0|   21|          32|          23|
    |mul_ln190_193_fu_16438_p2  |     *    |      2|  0|   21|          32|          23|
    |mul_ln190_194_fu_16505_p2  |     *    |      2|  0|   21|          32|          23|
    |mul_ln190_195_fu_16524_p2  |     *    |      2|  0|   21|          32|          23|
    |mul_ln190_196_fu_16591_p2  |     *    |      2|  0|   21|          32|          23|
    |mul_ln190_197_fu_16610_p2  |     *    |      2|  0|   21|          32|          23|
    |mul_ln190_198_fu_16677_p2  |     *    |      2|  0|   21|          32|          23|
    |mul_ln190_199_fu_16696_p2  |     *    |      2|  0|   21|          32|          23|
    |mul_ln190_19_fu_8956_p2    |     *    |      2|  0|   21|          32|          23|
    |mul_ln190_1_fu_8182_p2     |     *    |      2|  0|   21|          32|          23|
    |mul_ln190_200_fu_16763_p2  |     *    |      2|  0|   21|          32|          23|
    |mul_ln190_201_fu_16782_p2  |     *    |      2|  0|   21|          32|          23|
    |mul_ln190_202_fu_16849_p2  |     *    |      2|  0|   21|          32|          23|
    |mul_ln190_203_fu_16868_p2  |     *    |      2|  0|   21|          32|          23|
    |mul_ln190_204_fu_16935_p2  |     *    |      2|  0|   21|          32|          23|
    |mul_ln190_205_fu_16954_p2  |     *    |      2|  0|   21|          32|          23|
    |mul_ln190_206_fu_17021_p2  |     *    |      2|  0|   21|          32|          23|
    |mul_ln190_207_fu_17040_p2  |     *    |      2|  0|   21|          32|          23|
    |mul_ln190_208_fu_17107_p2  |     *    |      2|  0|   21|          32|          23|
    |mul_ln190_209_fu_17126_p2  |     *    |      2|  0|   21|          32|          23|
    |mul_ln190_20_fu_9023_p2    |     *    |      2|  0|   21|          32|          23|
    |mul_ln190_210_fu_17193_p2  |     *    |      2|  0|   21|          32|          23|
    |mul_ln190_211_fu_17212_p2  |     *    |      2|  0|   21|          32|          23|
    |mul_ln190_212_fu_17279_p2  |     *    |      2|  0|   21|          32|          23|
    |mul_ln190_213_fu_17298_p2  |     *    |      2|  0|   21|          32|          23|
    |mul_ln190_214_fu_17365_p2  |     *    |      2|  0|   21|          32|          23|
    |mul_ln190_215_fu_17384_p2  |     *    |      2|  0|   21|          32|          23|
    |mul_ln190_216_fu_17451_p2  |     *    |      2|  0|   21|          32|          23|
    |mul_ln190_217_fu_17470_p2  |     *    |      2|  0|   21|          32|          23|
    |mul_ln190_218_fu_17537_p2  |     *    |      2|  0|   21|          32|          23|
    |mul_ln190_219_fu_17556_p2  |     *    |      2|  0|   21|          32|          23|
    |mul_ln190_21_fu_9042_p2    |     *    |      2|  0|   21|          32|          23|
    |mul_ln190_220_fu_17623_p2  |     *    |      2|  0|   21|          32|          23|
    |mul_ln190_221_fu_17642_p2  |     *    |      2|  0|   21|          32|          23|
    |mul_ln190_222_fu_17709_p2  |     *    |      2|  0|   21|          32|          23|
    |mul_ln190_223_fu_17728_p2  |     *    |      2|  0|   21|          32|          23|
    |mul_ln190_224_fu_17795_p2  |     *    |      2|  0|   21|          32|          23|
    |mul_ln190_225_fu_17814_p2  |     *    |      2|  0|   21|          32|          23|
    |mul_ln190_226_fu_17881_p2  |     *    |      2|  0|   21|          32|          23|
    |mul_ln190_227_fu_17900_p2  |     *    |      2|  0|   21|          32|          23|
    |mul_ln190_228_fu_17967_p2  |     *    |      2|  0|   21|          32|          23|
    |mul_ln190_229_fu_17986_p2  |     *    |      2|  0|   21|          32|          23|
    |mul_ln190_22_fu_9109_p2    |     *    |      2|  0|   21|          32|          23|
    |mul_ln190_230_fu_18053_p2  |     *    |      2|  0|   21|          32|          23|
    |mul_ln190_231_fu_18072_p2  |     *    |      2|  0|   21|          32|          23|
    |mul_ln190_232_fu_18139_p2  |     *    |      2|  0|   21|          32|          23|
    |mul_ln190_233_fu_18158_p2  |     *    |      2|  0|   21|          32|          23|
    |mul_ln190_234_fu_18225_p2  |     *    |      2|  0|   21|          32|          23|
    |mul_ln190_235_fu_18244_p2  |     *    |      2|  0|   21|          32|          23|
    |mul_ln190_236_fu_18311_p2  |     *    |      2|  0|   21|          32|          23|
    |mul_ln190_237_fu_18330_p2  |     *    |      2|  0|   21|          32|          23|
    |mul_ln190_238_fu_18397_p2  |     *    |      2|  0|   21|          32|          23|
    |mul_ln190_239_fu_18416_p2  |     *    |      2|  0|   21|          32|          23|
    |mul_ln190_23_fu_9128_p2    |     *    |      2|  0|   21|          32|          23|
    |mul_ln190_240_fu_18483_p2  |     *    |      2|  0|   21|          32|          23|
    |mul_ln190_241_fu_18502_p2  |     *    |      2|  0|   21|          32|          23|
    |mul_ln190_242_fu_18569_p2  |     *    |      2|  0|   21|          32|          23|
    |mul_ln190_243_fu_18588_p2  |     *    |      2|  0|   21|          32|          23|
    |mul_ln190_244_fu_18655_p2  |     *    |      2|  0|   21|          32|          23|
    |mul_ln190_245_fu_18674_p2  |     *    |      2|  0|   21|          32|          23|
    |mul_ln190_246_fu_18741_p2  |     *    |      2|  0|   21|          32|          23|
    |mul_ln190_247_fu_18760_p2  |     *    |      2|  0|   21|          32|          23|
    |mul_ln190_248_fu_18827_p2  |     *    |      2|  0|   21|          32|          23|
    |mul_ln190_249_fu_18846_p2  |     *    |      2|  0|   21|          32|          23|
    |mul_ln190_24_fu_9195_p2    |     *    |      2|  0|   21|          32|          23|
    |mul_ln190_250_fu_18913_p2  |     *    |      2|  0|   21|          32|          23|
    |mul_ln190_251_fu_18932_p2  |     *    |      2|  0|   21|          32|          23|
    |mul_ln190_252_fu_18999_p2  |     *    |      2|  0|   21|          32|          23|
    |mul_ln190_253_fu_19018_p2  |     *    |      2|  0|   21|          32|          23|
    |mul_ln190_254_fu_19037_p2  |     *    |      2|  0|   21|          32|          23|
    |mul_ln190_255_fu_19056_p2  |     *    |      2|  0|   21|          32|          23|
    |mul_ln190_25_fu_9214_p2    |     *    |      2|  0|   21|          32|          23|
    |mul_ln190_26_fu_9281_p2    |     *    |      2|  0|   21|          32|          23|
    |mul_ln190_27_fu_9300_p2    |     *    |      2|  0|   21|          32|          23|
    |mul_ln190_28_fu_9367_p2    |     *    |      2|  0|   21|          32|          23|
    |mul_ln190_29_fu_9386_p2    |     *    |      2|  0|   21|          32|          23|
    |mul_ln190_2_fu_8249_p2     |     *    |      2|  0|   21|          32|          23|
    |mul_ln190_30_fu_9453_p2    |     *    |      2|  0|   21|          32|          23|
    |mul_ln190_31_fu_9472_p2    |     *    |      2|  0|   21|          32|          23|
    |mul_ln190_32_fu_9539_p2    |     *    |      2|  0|   21|          32|          23|
    |mul_ln190_33_fu_9558_p2    |     *    |      2|  0|   21|          32|          23|
    |mul_ln190_34_fu_9625_p2    |     *    |      2|  0|   21|          32|          23|
    |mul_ln190_35_fu_9644_p2    |     *    |      2|  0|   21|          32|          23|
    |mul_ln190_36_fu_9711_p2    |     *    |      2|  0|   21|          32|          23|
    |mul_ln190_37_fu_9730_p2    |     *    |      2|  0|   21|          32|          23|
    |mul_ln190_38_fu_9797_p2    |     *    |      2|  0|   21|          32|          23|
    |mul_ln190_39_fu_9816_p2    |     *    |      2|  0|   21|          32|          23|
    |mul_ln190_3_fu_8268_p2     |     *    |      2|  0|   21|          32|          23|
    |mul_ln190_40_fu_9883_p2    |     *    |      2|  0|   21|          32|          23|
    |mul_ln190_41_fu_9902_p2    |     *    |      2|  0|   21|          32|          23|
    |mul_ln190_42_fu_9969_p2    |     *    |      2|  0|   21|          32|          23|
    |mul_ln190_43_fu_9988_p2    |     *    |      2|  0|   21|          32|          23|
    |mul_ln190_44_fu_10055_p2   |     *    |      2|  0|   21|          32|          23|
    |mul_ln190_45_fu_10074_p2   |     *    |      2|  0|   21|          32|          23|
    |mul_ln190_46_fu_10141_p2   |     *    |      2|  0|   21|          32|          23|
    |mul_ln190_47_fu_10160_p2   |     *    |      2|  0|   21|          32|          23|
    |mul_ln190_48_fu_10227_p2   |     *    |      2|  0|   21|          32|          23|
    |mul_ln190_49_fu_10246_p2   |     *    |      2|  0|   21|          32|          23|
    |mul_ln190_4_fu_8335_p2     |     *    |      2|  0|   21|          32|          23|
    |mul_ln190_50_fu_10313_p2   |     *    |      2|  0|   21|          32|          23|
    |mul_ln190_51_fu_10332_p2   |     *    |      2|  0|   21|          32|          23|
    |mul_ln190_52_fu_10399_p2   |     *    |      2|  0|   21|          32|          23|
    |mul_ln190_53_fu_10418_p2   |     *    |      2|  0|   21|          32|          23|
    |mul_ln190_54_fu_10485_p2   |     *    |      2|  0|   21|          32|          23|
    |mul_ln190_55_fu_10504_p2   |     *    |      2|  0|   21|          32|          23|
    |mul_ln190_56_fu_10571_p2   |     *    |      2|  0|   21|          32|          23|
    |mul_ln190_57_fu_10590_p2   |     *    |      2|  0|   21|          32|          23|
    |mul_ln190_58_fu_10657_p2   |     *    |      2|  0|   21|          32|          23|
    |mul_ln190_59_fu_10676_p2   |     *    |      2|  0|   21|          32|          23|
    |mul_ln190_5_fu_8354_p2     |     *    |      2|  0|   21|          32|          23|
    |mul_ln190_60_fu_10743_p2   |     *    |      2|  0|   21|          32|          23|
    |mul_ln190_61_fu_10762_p2   |     *    |      2|  0|   21|          32|          23|
    |mul_ln190_62_fu_10829_p2   |     *    |      2|  0|   21|          32|          23|
    |mul_ln190_63_fu_10848_p2   |     *    |      2|  0|   21|          32|          23|
    |mul_ln190_64_fu_10915_p2   |     *    |      2|  0|   21|          32|          23|
    |mul_ln190_65_fu_10934_p2   |     *    |      2|  0|   21|          32|          23|
    |mul_ln190_66_fu_11001_p2   |     *    |      2|  0|   21|          32|          23|
    |mul_ln190_67_fu_11020_p2   |     *    |      2|  0|   21|          32|          23|
    |mul_ln190_68_fu_11087_p2   |     *    |      2|  0|   21|          32|          23|
    |mul_ln190_69_fu_11106_p2   |     *    |      2|  0|   21|          32|          23|
    |mul_ln190_6_fu_8421_p2     |     *    |      2|  0|   21|          32|          23|
    |mul_ln190_70_fu_11173_p2   |     *    |      2|  0|   21|          32|          23|
    |mul_ln190_71_fu_11192_p2   |     *    |      2|  0|   21|          32|          23|
    |mul_ln190_72_fu_11259_p2   |     *    |      2|  0|   21|          32|          23|
    |mul_ln190_73_fu_11278_p2   |     *    |      2|  0|   21|          32|          23|
    |mul_ln190_74_fu_11345_p2   |     *    |      2|  0|   21|          32|          23|
    |mul_ln190_75_fu_11364_p2   |     *    |      2|  0|   21|          32|          23|
    |mul_ln190_76_fu_11431_p2   |     *    |      2|  0|   21|          32|          23|
    |mul_ln190_77_fu_11450_p2   |     *    |      2|  0|   21|          32|          23|
    |mul_ln190_78_fu_11517_p2   |     *    |      2|  0|   21|          32|          23|
    |mul_ln190_79_fu_11536_p2   |     *    |      2|  0|   21|          32|          23|
    |mul_ln190_7_fu_8440_p2     |     *    |      2|  0|   21|          32|          23|
    |mul_ln190_80_fu_11603_p2   |     *    |      2|  0|   21|          32|          23|
    |mul_ln190_81_fu_11622_p2   |     *    |      2|  0|   21|          32|          23|
    |mul_ln190_82_fu_11689_p2   |     *    |      2|  0|   21|          32|          23|
    |mul_ln190_83_fu_11708_p2   |     *    |      2|  0|   21|          32|          23|
    |mul_ln190_84_fu_11775_p2   |     *    |      2|  0|   21|          32|          23|
    |mul_ln190_85_fu_11794_p2   |     *    |      2|  0|   21|          32|          23|
    |mul_ln190_86_fu_11861_p2   |     *    |      2|  0|   21|          32|          23|
    |mul_ln190_87_fu_11880_p2   |     *    |      2|  0|   21|          32|          23|
    |mul_ln190_88_fu_11947_p2   |     *    |      2|  0|   21|          32|          23|
    |mul_ln190_89_fu_11966_p2   |     *    |      2|  0|   21|          32|          23|
    |mul_ln190_8_fu_8507_p2     |     *    |      2|  0|   21|          32|          23|
    |mul_ln190_90_fu_12033_p2   |     *    |      2|  0|   21|          32|          23|
    |mul_ln190_91_fu_12052_p2   |     *    |      2|  0|   21|          32|          23|
    |mul_ln190_92_fu_12119_p2   |     *    |      2|  0|   21|          32|          23|
    |mul_ln190_93_fu_12138_p2   |     *    |      2|  0|   21|          32|          23|
    |mul_ln190_94_fu_12205_p2   |     *    |      2|  0|   21|          32|          23|
    |mul_ln190_95_fu_12224_p2   |     *    |      2|  0|   21|          32|          23|
    |mul_ln190_96_fu_12291_p2   |     *    |      2|  0|   21|          32|          23|
    |mul_ln190_97_fu_12310_p2   |     *    |      2|  0|   21|          32|          23|
    |mul_ln190_98_fu_12377_p2   |     *    |      2|  0|   21|          32|          23|
    |mul_ln190_99_fu_12396_p2   |     *    |      2|  0|   21|          32|          23|
    |mul_ln190_9_fu_8526_p2     |     *    |      2|  0|   21|          32|          23|
    |mul_ln190_fu_8163_p2       |     *    |      2|  0|   21|          32|          23|
    |add_ln190_fu_8065_p2       |     +    |      0|  0|   15|           7|           7|
    |or_ln190_100_fu_12335_p2   |    or    |      0|  0|   12|          12|           7|
    |or_ln190_101_fu_12407_p2   |    or    |      0|  0|   12|          12|           7|
    |or_ln190_102_fu_12421_p2   |    or    |      0|  0|   12|          12|           7|
    |or_ln190_103_fu_12493_p2   |    or    |      0|  0|   12|          12|           7|
    |or_ln190_104_fu_12507_p2   |    or    |      0|  0|   12|          12|           7|
    |or_ln190_105_fu_12579_p2   |    or    |      0|  0|   12|          12|           7|
    |or_ln190_106_fu_12593_p2   |    or    |      0|  0|   12|          12|           7|
    |or_ln190_107_fu_12665_p2   |    or    |      0|  0|   12|          12|           7|
    |or_ln190_108_fu_12679_p2   |    or    |      0|  0|   12|          12|           7|
    |or_ln190_109_fu_12751_p2   |    or    |      0|  0|   12|          12|           7|
    |or_ln190_10_fu_8465_p2     |    or    |      0|  0|   12|          12|           4|
    |or_ln190_110_fu_12765_p2   |    or    |      0|  0|   12|          12|           7|
    |or_ln190_111_fu_12837_p2   |    or    |      0|  0|   12|          12|           7|
    |or_ln190_112_fu_12851_p2   |    or    |      0|  0|   12|          12|           7|
    |or_ln190_113_fu_12923_p2   |    or    |      0|  0|   12|          12|           7|
    |or_ln190_114_fu_12937_p2   |    or    |      0|  0|   12|          12|           7|
    |or_ln190_115_fu_13009_p2   |    or    |      0|  0|   12|          12|           7|
    |or_ln190_116_fu_13023_p2   |    or    |      0|  0|   12|          12|           7|
    |or_ln190_117_fu_13095_p2   |    or    |      0|  0|   12|          12|           7|
    |or_ln190_118_fu_13109_p2   |    or    |      0|  0|   12|          12|           7|
    |or_ln190_119_fu_13181_p2   |    or    |      0|  0|   12|          12|           7|
    |or_ln190_11_fu_8537_p2     |    or    |      0|  0|   12|          12|           4|
    |or_ln190_120_fu_13195_p2   |    or    |      0|  0|   12|          12|           7|
    |or_ln190_121_fu_13267_p2   |    or    |      0|  0|   12|          12|           7|
    |or_ln190_122_fu_13281_p2   |    or    |      0|  0|   12|          12|           7|
    |or_ln190_123_fu_13353_p2   |    or    |      0|  0|   12|          12|           7|
    |or_ln190_124_fu_13367_p2   |    or    |      0|  0|   12|          12|           7|
    |or_ln190_125_fu_13439_p2   |    or    |      0|  0|   12|          12|           7|
    |or_ln190_126_fu_13453_p2   |    or    |      0|  0|   12|          12|           7|
    |or_ln190_127_fu_13525_p2   |    or    |      0|  0|   12|          12|           8|
    |or_ln190_128_fu_13539_p2   |    or    |      0|  0|   12|          12|           8|
    |or_ln190_129_fu_13611_p2   |    or    |      0|  0|   12|          12|           8|
    |or_ln190_12_fu_8551_p2     |    or    |      0|  0|   12|          12|           4|
    |or_ln190_130_fu_13625_p2   |    or    |      0|  0|   12|          12|           8|
    |or_ln190_131_fu_13697_p2   |    or    |      0|  0|   12|          12|           8|
    |or_ln190_132_fu_13711_p2   |    or    |      0|  0|   12|          12|           8|
    |or_ln190_133_fu_13783_p2   |    or    |      0|  0|   12|          12|           8|
    |or_ln190_134_fu_13797_p2   |    or    |      0|  0|   12|          12|           8|
    |or_ln190_135_fu_13869_p2   |    or    |      0|  0|   12|          12|           8|
    |or_ln190_136_fu_13883_p2   |    or    |      0|  0|   12|          12|           8|
    |or_ln190_137_fu_13955_p2   |    or    |      0|  0|   12|          12|           8|
    |or_ln190_138_fu_13969_p2   |    or    |      0|  0|   12|          12|           8|
    |or_ln190_139_fu_14041_p2   |    or    |      0|  0|   12|          12|           8|
    |or_ln190_13_fu_8623_p2     |    or    |      0|  0|   12|          12|           4|
    |or_ln190_140_fu_14055_p2   |    or    |      0|  0|   12|          12|           8|
    |or_ln190_141_fu_14127_p2   |    or    |      0|  0|   12|          12|           8|
    |or_ln190_142_fu_14141_p2   |    or    |      0|  0|   12|          12|           8|
    |or_ln190_143_fu_14213_p2   |    or    |      0|  0|   12|          12|           8|
    |or_ln190_144_fu_14227_p2   |    or    |      0|  0|   12|          12|           8|
    |or_ln190_145_fu_14299_p2   |    or    |      0|  0|   12|          12|           8|
    |or_ln190_146_fu_14313_p2   |    or    |      0|  0|   12|          12|           8|
    |or_ln190_147_fu_14385_p2   |    or    |      0|  0|   12|          12|           8|
    |or_ln190_148_fu_14399_p2   |    or    |      0|  0|   12|          12|           8|
    |or_ln190_149_fu_14471_p2   |    or    |      0|  0|   12|          12|           8|
    |or_ln190_14_fu_8637_p2     |    or    |      0|  0|   12|          12|           4|
    |or_ln190_150_fu_14485_p2   |    or    |      0|  0|   12|          12|           8|
    |or_ln190_151_fu_14557_p2   |    or    |      0|  0|   12|          12|           8|
    |or_ln190_152_fu_14571_p2   |    or    |      0|  0|   12|          12|           8|
    |or_ln190_153_fu_14643_p2   |    or    |      0|  0|   12|          12|           8|
    |or_ln190_154_fu_14657_p2   |    or    |      0|  0|   12|          12|           8|
    |or_ln190_155_fu_14729_p2   |    or    |      0|  0|   12|          12|           8|
    |or_ln190_156_fu_14743_p2   |    or    |      0|  0|   12|          12|           8|
    |or_ln190_157_fu_14815_p2   |    or    |      0|  0|   12|          12|           8|
    |or_ln190_158_fu_14829_p2   |    or    |      0|  0|   12|          12|           8|
    |or_ln190_159_fu_14901_p2   |    or    |      0|  0|   12|          12|           8|
    |or_ln190_15_fu_8709_p2     |    or    |      0|  0|   12|          12|           5|
    |or_ln190_160_fu_14915_p2   |    or    |      0|  0|   12|          12|           8|
    |or_ln190_161_fu_14987_p2   |    or    |      0|  0|   12|          12|           8|
    |or_ln190_162_fu_15001_p2   |    or    |      0|  0|   12|          12|           8|
    |or_ln190_163_fu_15073_p2   |    or    |      0|  0|   12|          12|           8|
    |or_ln190_164_fu_15087_p2   |    or    |      0|  0|   12|          12|           8|
    |or_ln190_165_fu_15159_p2   |    or    |      0|  0|   12|          12|           8|
    |or_ln190_166_fu_15173_p2   |    or    |      0|  0|   12|          12|           8|
    |or_ln190_167_fu_15245_p2   |    or    |      0|  0|   12|          12|           8|
    |or_ln190_168_fu_15259_p2   |    or    |      0|  0|   12|          12|           8|
    |or_ln190_169_fu_15331_p2   |    or    |      0|  0|   12|          12|           8|
    |or_ln190_16_fu_8723_p2     |    or    |      0|  0|   12|          12|           5|
    |or_ln190_170_fu_15345_p2   |    or    |      0|  0|   12|          12|           8|
    |or_ln190_171_fu_15417_p2   |    or    |      0|  0|   12|          12|           8|
    |or_ln190_172_fu_15431_p2   |    or    |      0|  0|   12|          12|           8|
    |or_ln190_173_fu_15503_p2   |    or    |      0|  0|   12|          12|           8|
    |or_ln190_174_fu_15517_p2   |    or    |      0|  0|   12|          12|           8|
    |or_ln190_175_fu_15589_p2   |    or    |      0|  0|   12|          12|           8|
    |or_ln190_176_fu_15603_p2   |    or    |      0|  0|   12|          12|           8|
    |or_ln190_177_fu_15675_p2   |    or    |      0|  0|   12|          12|           8|
    |or_ln190_178_fu_15689_p2   |    or    |      0|  0|   12|          12|           8|
    |or_ln190_179_fu_15761_p2   |    or    |      0|  0|   12|          12|           8|
    |or_ln190_17_fu_8795_p2     |    or    |      0|  0|   12|          12|           5|
    |or_ln190_180_fu_15775_p2   |    or    |      0|  0|   12|          12|           8|
    |or_ln190_181_fu_15847_p2   |    or    |      0|  0|   12|          12|           8|
    |or_ln190_182_fu_15861_p2   |    or    |      0|  0|   12|          12|           8|
    |or_ln190_183_fu_15933_p2   |    or    |      0|  0|   12|          12|           8|
    |or_ln190_184_fu_15947_p2   |    or    |      0|  0|   12|          12|           8|
    |or_ln190_185_fu_16019_p2   |    or    |      0|  0|   12|          12|           8|
    |or_ln190_186_fu_16033_p2   |    or    |      0|  0|   12|          12|           8|
    |or_ln190_187_fu_16105_p2   |    or    |      0|  0|   12|          12|           8|
    |or_ln190_188_fu_16119_p2   |    or    |      0|  0|   12|          12|           8|
    |or_ln190_189_fu_16191_p2   |    or    |      0|  0|   12|          12|           8|
    |or_ln190_18_fu_8809_p2     |    or    |      0|  0|   12|          12|           5|
    |or_ln190_190_fu_16205_p2   |    or    |      0|  0|   12|          12|           8|
    |or_ln190_191_fu_16277_p2   |    or    |      0|  0|   12|          12|           8|
    |or_ln190_192_fu_16291_p2   |    or    |      0|  0|   12|          12|           8|
    |or_ln190_193_fu_16363_p2   |    or    |      0|  0|   12|          12|           8|
    |or_ln190_194_fu_16377_p2   |    or    |      0|  0|   12|          12|           8|
    |or_ln190_195_fu_16449_p2   |    or    |      0|  0|   12|          12|           8|
    |or_ln190_196_fu_16463_p2   |    or    |      0|  0|   12|          12|           8|
    |or_ln190_197_fu_16535_p2   |    or    |      0|  0|   12|          12|           8|
    |or_ln190_198_fu_16549_p2   |    or    |      0|  0|   12|          12|           8|
    |or_ln190_199_fu_16621_p2   |    or    |      0|  0|   12|          12|           8|
    |or_ln190_19_fu_8881_p2     |    or    |      0|  0|   12|          12|           5|
    |or_ln190_1_fu_8107_p2      |    or    |      0|  0|   12|          12|           2|
    |or_ln190_200_fu_16635_p2   |    or    |      0|  0|   12|          12|           8|
    |or_ln190_201_fu_16707_p2   |    or    |      0|  0|   12|          12|           8|
    |or_ln190_202_fu_16721_p2   |    or    |      0|  0|   12|          12|           8|
    |or_ln190_203_fu_16793_p2   |    or    |      0|  0|   12|          12|           8|
    |or_ln190_204_fu_16807_p2   |    or    |      0|  0|   12|          12|           8|
    |or_ln190_205_fu_16879_p2   |    or    |      0|  0|   12|          12|           8|
    |or_ln190_206_fu_16893_p2   |    or    |      0|  0|   12|          12|           8|
    |or_ln190_207_fu_16965_p2   |    or    |      0|  0|   12|          12|           8|
    |or_ln190_208_fu_16979_p2   |    or    |      0|  0|   12|          12|           8|
    |or_ln190_209_fu_17051_p2   |    or    |      0|  0|   12|          12|           8|
    |or_ln190_20_fu_8895_p2     |    or    |      0|  0|   12|          12|           5|
    |or_ln190_210_fu_17065_p2   |    or    |      0|  0|   12|          12|           8|
    |or_ln190_211_fu_17137_p2   |    or    |      0|  0|   12|          12|           8|
    |or_ln190_212_fu_17151_p2   |    or    |      0|  0|   12|          12|           8|
    |or_ln190_213_fu_17223_p2   |    or    |      0|  0|   12|          12|           8|
    |or_ln190_214_fu_17237_p2   |    or    |      0|  0|   12|          12|           8|
    |or_ln190_215_fu_17309_p2   |    or    |      0|  0|   12|          12|           8|
    |or_ln190_216_fu_17323_p2   |    or    |      0|  0|   12|          12|           8|
    |or_ln190_217_fu_17395_p2   |    or    |      0|  0|   12|          12|           8|
    |or_ln190_218_fu_17409_p2   |    or    |      0|  0|   12|          12|           8|
    |or_ln190_219_fu_17481_p2   |    or    |      0|  0|   12|          12|           8|
    |or_ln190_21_fu_8967_p2     |    or    |      0|  0|   12|          12|           5|
    |or_ln190_220_fu_17495_p2   |    or    |      0|  0|   12|          12|           8|
    |or_ln190_221_fu_17567_p2   |    or    |      0|  0|   12|          12|           8|
    |or_ln190_222_fu_17581_p2   |    or    |      0|  0|   12|          12|           8|
    |or_ln190_223_fu_17653_p2   |    or    |      0|  0|   12|          12|           8|
    |or_ln190_224_fu_17667_p2   |    or    |      0|  0|   12|          12|           8|
    |or_ln190_225_fu_17739_p2   |    or    |      0|  0|   12|          12|           8|
    |or_ln190_226_fu_17753_p2   |    or    |      0|  0|   12|          12|           8|
    |or_ln190_227_fu_17825_p2   |    or    |      0|  0|   12|          12|           8|
    |or_ln190_228_fu_17839_p2   |    or    |      0|  0|   12|          12|           8|
    |or_ln190_229_fu_17911_p2   |    or    |      0|  0|   12|          12|           8|
    |or_ln190_22_fu_8981_p2     |    or    |      0|  0|   12|          12|           5|
    |or_ln190_230_fu_17925_p2   |    or    |      0|  0|   12|          12|           8|
    |or_ln190_231_fu_17997_p2   |    or    |      0|  0|   12|          12|           8|
    |or_ln190_232_fu_18011_p2   |    or    |      0|  0|   12|          12|           8|
    |or_ln190_233_fu_18083_p2   |    or    |      0|  0|   12|          12|           8|
    |or_ln190_234_fu_18097_p2   |    or    |      0|  0|   12|          12|           8|
    |or_ln190_235_fu_18169_p2   |    or    |      0|  0|   12|          12|           8|
    |or_ln190_236_fu_18183_p2   |    or    |      0|  0|   12|          12|           8|
    |or_ln190_237_fu_18255_p2   |    or    |      0|  0|   12|          12|           8|
    |or_ln190_238_fu_18269_p2   |    or    |      0|  0|   12|          12|           8|
    |or_ln190_239_fu_18341_p2   |    or    |      0|  0|   12|          12|           8|
    |or_ln190_23_fu_9053_p2     |    or    |      0|  0|   12|          12|           5|
    |or_ln190_240_fu_18355_p2   |    or    |      0|  0|   12|          12|           8|
    |or_ln190_241_fu_18427_p2   |    or    |      0|  0|   12|          12|           8|
    |or_ln190_242_fu_18441_p2   |    or    |      0|  0|   12|          12|           8|
    |or_ln190_243_fu_18513_p2   |    or    |      0|  0|   12|          12|           8|
    |or_ln190_244_fu_18527_p2   |    or    |      0|  0|   12|          12|           8|
    |or_ln190_245_fu_18599_p2   |    or    |      0|  0|   12|          12|           8|
    |or_ln190_246_fu_18613_p2   |    or    |      0|  0|   12|          12|           8|
    |or_ln190_247_fu_18685_p2   |    or    |      0|  0|   12|          12|           8|
    |or_ln190_248_fu_18699_p2   |    or    |      0|  0|   12|          12|           8|
    |or_ln190_249_fu_18771_p2   |    or    |      0|  0|   12|          12|           8|
    |or_ln190_24_fu_9067_p2     |    or    |      0|  0|   12|          12|           5|
    |or_ln190_250_fu_18785_p2   |    or    |      0|  0|   12|          12|           8|
    |or_ln190_251_fu_18857_p2   |    or    |      0|  0|   12|          12|           8|
    |or_ln190_252_fu_18871_p2   |    or    |      0|  0|   12|          12|           8|
    |or_ln190_253_fu_18943_p2   |    or    |      0|  0|   12|          12|           8|
    |or_ln190_254_fu_18957_p2   |    or    |      0|  0|   12|          12|           8|
    |or_ln190_255_fu_8096_p2    |    or    |      0|  0|   14|          14|           1|
    |or_ln190_256_fu_8135_p2    |    or    |      0|  0|   14|          14|           2|
    |or_ln190_257_fu_8145_p2    |    or    |      0|  0|   14|          14|           2|
    |or_ln190_258_fu_8221_p2    |    or    |      0|  0|   14|          14|           3|
    |or_ln190_259_fu_8231_p2    |    or    |      0|  0|   14|          14|           3|
    |or_ln190_25_fu_9139_p2     |    or    |      0|  0|   12|          12|           5|
    |or_ln190_260_fu_8307_p2    |    or    |      0|  0|   14|          14|           3|
    |or_ln190_261_fu_8317_p2    |    or    |      0|  0|   14|          14|           3|
    |or_ln190_262_fu_8393_p2    |    or    |      0|  0|   14|          14|           4|
    |or_ln190_263_fu_8403_p2    |    or    |      0|  0|   14|          14|           4|
    |or_ln190_264_fu_8479_p2    |    or    |      0|  0|   14|          14|           4|
    |or_ln190_265_fu_8489_p2    |    or    |      0|  0|   14|          14|           4|
    |or_ln190_266_fu_8565_p2    |    or    |      0|  0|   14|          14|           4|
    |or_ln190_267_fu_8575_p2    |    or    |      0|  0|   14|          14|           4|
    |or_ln190_268_fu_8651_p2    |    or    |      0|  0|   14|          14|           4|
    |or_ln190_269_fu_8661_p2    |    or    |      0|  0|   14|          14|           4|
    |or_ln190_26_fu_9153_p2     |    or    |      0|  0|   12|          12|           5|
    |or_ln190_270_fu_8737_p2    |    or    |      0|  0|   14|          14|           5|
    |or_ln190_271_fu_8747_p2    |    or    |      0|  0|   14|          14|           5|
    |or_ln190_272_fu_8823_p2    |    or    |      0|  0|   14|          14|           5|
    |or_ln190_273_fu_8833_p2    |    or    |      0|  0|   14|          14|           5|
    |or_ln190_274_fu_8909_p2    |    or    |      0|  0|   14|          14|           5|
    |or_ln190_275_fu_8919_p2    |    or    |      0|  0|   14|          14|           5|
    |or_ln190_276_fu_8995_p2    |    or    |      0|  0|   14|          14|           5|
    |or_ln190_277_fu_9005_p2    |    or    |      0|  0|   14|          14|           5|
    |or_ln190_278_fu_9081_p2    |    or    |      0|  0|   14|          14|           5|
    |or_ln190_279_fu_9091_p2    |    or    |      0|  0|   14|          14|           5|
    |or_ln190_27_fu_9225_p2     |    or    |      0|  0|   12|          12|           5|
    |or_ln190_280_fu_9167_p2    |    or    |      0|  0|   14|          14|           5|
    |or_ln190_281_fu_9177_p2    |    or    |      0|  0|   14|          14|           5|
    |or_ln190_282_fu_9253_p2    |    or    |      0|  0|   14|          14|           5|
    |or_ln190_283_fu_9263_p2    |    or    |      0|  0|   14|          14|           5|
    |or_ln190_284_fu_9339_p2    |    or    |      0|  0|   14|          14|           5|
    |or_ln190_285_fu_9349_p2    |    or    |      0|  0|   14|          14|           5|
    |or_ln190_286_fu_9425_p2    |    or    |      0|  0|   14|          14|           6|
    |or_ln190_287_fu_9435_p2    |    or    |      0|  0|   14|          14|           6|
    |or_ln190_288_fu_9511_p2    |    or    |      0|  0|   14|          14|           6|
    |or_ln190_289_fu_9521_p2    |    or    |      0|  0|   14|          14|           6|
    |or_ln190_28_fu_9239_p2     |    or    |      0|  0|   12|          12|           5|
    |or_ln190_290_fu_9597_p2    |    or    |      0|  0|   14|          14|           6|
    |or_ln190_291_fu_9607_p2    |    or    |      0|  0|   14|          14|           6|
    |or_ln190_292_fu_9683_p2    |    or    |      0|  0|   14|          14|           6|
    |or_ln190_293_fu_9693_p2    |    or    |      0|  0|   14|          14|           6|
    |or_ln190_294_fu_9769_p2    |    or    |      0|  0|   14|          14|           6|
    |or_ln190_295_fu_9779_p2    |    or    |      0|  0|   14|          14|           6|
    |or_ln190_296_fu_9855_p2    |    or    |      0|  0|   14|          14|           6|
    |or_ln190_297_fu_9865_p2    |    or    |      0|  0|   14|          14|           6|
    |or_ln190_298_fu_9941_p2    |    or    |      0|  0|   14|          14|           6|
    |or_ln190_299_fu_9951_p2    |    or    |      0|  0|   14|          14|           6|
    |or_ln190_29_fu_9311_p2     |    or    |      0|  0|   12|          12|           5|
    |or_ln190_2_fu_8121_p2      |    or    |      0|  0|   12|          12|           2|
    |or_ln190_300_fu_10027_p2   |    or    |      0|  0|   14|          14|           6|
    |or_ln190_301_fu_10037_p2   |    or    |      0|  0|   14|          14|           6|
    |or_ln190_302_fu_10113_p2   |    or    |      0|  0|   14|          14|           6|
    |or_ln190_303_fu_10123_p2   |    or    |      0|  0|   14|          14|           6|
    |or_ln190_304_fu_10199_p2   |    or    |      0|  0|   14|          14|           6|
    |or_ln190_305_fu_10209_p2   |    or    |      0|  0|   14|          14|           6|
    |or_ln190_306_fu_10285_p2   |    or    |      0|  0|   14|          14|           6|
    |or_ln190_307_fu_10295_p2   |    or    |      0|  0|   14|          14|           6|
    |or_ln190_308_fu_10371_p2   |    or    |      0|  0|   14|          14|           6|
    |or_ln190_309_fu_10381_p2   |    or    |      0|  0|   14|          14|           6|
    |or_ln190_30_fu_9325_p2     |    or    |      0|  0|   12|          12|           5|
    |or_ln190_310_fu_10457_p2   |    or    |      0|  0|   14|          14|           6|
    |or_ln190_311_fu_10467_p2   |    or    |      0|  0|   14|          14|           6|
    |or_ln190_312_fu_10543_p2   |    or    |      0|  0|   14|          14|           6|
    |or_ln190_313_fu_10553_p2   |    or    |      0|  0|   14|          14|           6|
    |or_ln190_314_fu_10629_p2   |    or    |      0|  0|   14|          14|           6|
    |or_ln190_315_fu_10639_p2   |    or    |      0|  0|   14|          14|           6|
    |or_ln190_316_fu_10715_p2   |    or    |      0|  0|   14|          14|           6|
    |or_ln190_317_fu_10725_p2   |    or    |      0|  0|   14|          14|           6|
    |or_ln190_318_fu_10801_p2   |    or    |      0|  0|   14|          14|           7|
    |or_ln190_319_fu_10811_p2   |    or    |      0|  0|   14|          14|           7|
    |or_ln190_31_fu_9397_p2     |    or    |      0|  0|   12|          12|           6|
    |or_ln190_320_fu_10887_p2   |    or    |      0|  0|   14|          14|           7|
    |or_ln190_321_fu_10897_p2   |    or    |      0|  0|   14|          14|           7|
    |or_ln190_322_fu_10973_p2   |    or    |      0|  0|   14|          14|           7|
    |or_ln190_323_fu_10983_p2   |    or    |      0|  0|   14|          14|           7|
    |or_ln190_324_fu_11059_p2   |    or    |      0|  0|   14|          14|           7|
    |or_ln190_325_fu_11069_p2   |    or    |      0|  0|   14|          14|           7|
    |or_ln190_326_fu_11145_p2   |    or    |      0|  0|   14|          14|           7|
    |or_ln190_327_fu_11155_p2   |    or    |      0|  0|   14|          14|           7|
    |or_ln190_328_fu_11231_p2   |    or    |      0|  0|   14|          14|           7|
    |or_ln190_329_fu_11241_p2   |    or    |      0|  0|   14|          14|           7|
    |or_ln190_32_fu_9411_p2     |    or    |      0|  0|   12|          12|           6|
    |or_ln190_330_fu_11317_p2   |    or    |      0|  0|   14|          14|           7|
    |or_ln190_331_fu_11327_p2   |    or    |      0|  0|   14|          14|           7|
    |or_ln190_332_fu_11403_p2   |    or    |      0|  0|   14|          14|           7|
    |or_ln190_333_fu_11413_p2   |    or    |      0|  0|   14|          14|           7|
    |or_ln190_334_fu_11489_p2   |    or    |      0|  0|   14|          14|           7|
    |or_ln190_335_fu_11499_p2   |    or    |      0|  0|   14|          14|           7|
    |or_ln190_336_fu_11575_p2   |    or    |      0|  0|   14|          14|           7|
    |or_ln190_337_fu_11585_p2   |    or    |      0|  0|   14|          14|           7|
    |or_ln190_338_fu_11661_p2   |    or    |      0|  0|   14|          14|           7|
    |or_ln190_339_fu_11671_p2   |    or    |      0|  0|   14|          14|           7|
    |or_ln190_33_fu_9483_p2     |    or    |      0|  0|   12|          12|           6|
    |or_ln190_340_fu_11747_p2   |    or    |      0|  0|   14|          14|           7|
    |or_ln190_341_fu_11757_p2   |    or    |      0|  0|   14|          14|           7|
    |or_ln190_342_fu_11833_p2   |    or    |      0|  0|   14|          14|           7|
    |or_ln190_343_fu_11843_p2   |    or    |      0|  0|   14|          14|           7|
    |or_ln190_344_fu_11919_p2   |    or    |      0|  0|   14|          14|           7|
    |or_ln190_345_fu_11929_p2   |    or    |      0|  0|   14|          14|           7|
    |or_ln190_346_fu_12005_p2   |    or    |      0|  0|   14|          14|           7|
    |or_ln190_347_fu_12015_p2   |    or    |      0|  0|   14|          14|           7|
    |or_ln190_348_fu_12091_p2   |    or    |      0|  0|   14|          14|           7|
    |or_ln190_349_fu_12101_p2   |    or    |      0|  0|   14|          14|           7|
    |or_ln190_34_fu_9497_p2     |    or    |      0|  0|   12|          12|           6|
    |or_ln190_350_fu_12177_p2   |    or    |      0|  0|   14|          14|           7|
    |or_ln190_351_fu_12187_p2   |    or    |      0|  0|   14|          14|           7|
    |or_ln190_352_fu_12263_p2   |    or    |      0|  0|   14|          14|           7|
    |or_ln190_353_fu_12273_p2   |    or    |      0|  0|   14|          14|           7|
    |or_ln190_354_fu_12349_p2   |    or    |      0|  0|   14|          14|           7|
    |or_ln190_355_fu_12359_p2   |    or    |      0|  0|   14|          14|           7|
    |or_ln190_356_fu_12435_p2   |    or    |      0|  0|   14|          14|           7|
    |or_ln190_357_fu_12445_p2   |    or    |      0|  0|   14|          14|           7|
    |or_ln190_358_fu_12521_p2   |    or    |      0|  0|   14|          14|           7|
    |or_ln190_359_fu_12531_p2   |    or    |      0|  0|   14|          14|           7|
    |or_ln190_35_fu_9569_p2     |    or    |      0|  0|   12|          12|           6|
    |or_ln190_360_fu_12607_p2   |    or    |      0|  0|   14|          14|           7|
    |or_ln190_361_fu_12617_p2   |    or    |      0|  0|   14|          14|           7|
    |or_ln190_362_fu_12693_p2   |    or    |      0|  0|   14|          14|           7|
    |or_ln190_363_fu_12703_p2   |    or    |      0|  0|   14|          14|           7|
    |or_ln190_364_fu_12779_p2   |    or    |      0|  0|   14|          14|           7|
    |or_ln190_365_fu_12789_p2   |    or    |      0|  0|   14|          14|           7|
    |or_ln190_366_fu_12865_p2   |    or    |      0|  0|   14|          14|           7|
    |or_ln190_367_fu_12875_p2   |    or    |      0|  0|   14|          14|           7|
    |or_ln190_368_fu_12951_p2   |    or    |      0|  0|   14|          14|           7|
    |or_ln190_369_fu_12961_p2   |    or    |      0|  0|   14|          14|           7|
    |or_ln190_36_fu_9583_p2     |    or    |      0|  0|   12|          12|           6|
    |or_ln190_370_fu_13037_p2   |    or    |      0|  0|   14|          14|           7|
    |or_ln190_371_fu_13047_p2   |    or    |      0|  0|   14|          14|           7|
    |or_ln190_372_fu_13123_p2   |    or    |      0|  0|   14|          14|           7|
    |or_ln190_373_fu_13133_p2   |    or    |      0|  0|   14|          14|           7|
    |or_ln190_374_fu_13209_p2   |    or    |      0|  0|   14|          14|           7|
    |or_ln190_375_fu_13219_p2   |    or    |      0|  0|   14|          14|           7|
    |or_ln190_376_fu_13295_p2   |    or    |      0|  0|   14|          14|           7|
    |or_ln190_377_fu_13305_p2   |    or    |      0|  0|   14|          14|           7|
    |or_ln190_378_fu_13381_p2   |    or    |      0|  0|   14|          14|           7|
    |or_ln190_379_fu_13391_p2   |    or    |      0|  0|   14|          14|           7|
    |or_ln190_37_fu_9655_p2     |    or    |      0|  0|   12|          12|           6|
    |or_ln190_380_fu_13467_p2   |    or    |      0|  0|   14|          14|           7|
    |or_ln190_381_fu_13477_p2   |    or    |      0|  0|   14|          14|           7|
    |or_ln190_382_fu_13553_p2   |    or    |      0|  0|   14|          14|           8|
    |or_ln190_383_fu_13563_p2   |    or    |      0|  0|   14|          14|           8|
    |or_ln190_384_fu_13639_p2   |    or    |      0|  0|   14|          14|           8|
    |or_ln190_385_fu_13649_p2   |    or    |      0|  0|   14|          14|           8|
    |or_ln190_386_fu_13725_p2   |    or    |      0|  0|   14|          14|           8|
    |or_ln190_387_fu_13735_p2   |    or    |      0|  0|   14|          14|           8|
    |or_ln190_388_fu_13811_p2   |    or    |      0|  0|   14|          14|           8|
    |or_ln190_389_fu_13821_p2   |    or    |      0|  0|   14|          14|           8|
    |or_ln190_38_fu_9669_p2     |    or    |      0|  0|   12|          12|           6|
    |or_ln190_390_fu_13897_p2   |    or    |      0|  0|   14|          14|           8|
    |or_ln190_391_fu_13907_p2   |    or    |      0|  0|   14|          14|           8|
    |or_ln190_392_fu_13983_p2   |    or    |      0|  0|   14|          14|           8|
    |or_ln190_393_fu_13993_p2   |    or    |      0|  0|   14|          14|           8|
    |or_ln190_394_fu_14069_p2   |    or    |      0|  0|   14|          14|           8|
    |or_ln190_395_fu_14079_p2   |    or    |      0|  0|   14|          14|           8|
    |or_ln190_396_fu_14155_p2   |    or    |      0|  0|   14|          14|           8|
    |or_ln190_397_fu_14165_p2   |    or    |      0|  0|   14|          14|           8|
    |or_ln190_398_fu_14241_p2   |    or    |      0|  0|   14|          14|           8|
    |or_ln190_399_fu_14251_p2   |    or    |      0|  0|   14|          14|           8|
    |or_ln190_39_fu_9741_p2     |    or    |      0|  0|   12|          12|           6|
    |or_ln190_3_fu_8193_p2      |    or    |      0|  0|   12|          12|           3|
    |or_ln190_400_fu_14327_p2   |    or    |      0|  0|   14|          14|           8|
    |or_ln190_401_fu_14337_p2   |    or    |      0|  0|   14|          14|           8|
    |or_ln190_402_fu_14413_p2   |    or    |      0|  0|   14|          14|           8|
    |or_ln190_403_fu_14423_p2   |    or    |      0|  0|   14|          14|           8|
    |or_ln190_404_fu_14499_p2   |    or    |      0|  0|   14|          14|           8|
    |or_ln190_405_fu_14509_p2   |    or    |      0|  0|   14|          14|           8|
    |or_ln190_406_fu_14585_p2   |    or    |      0|  0|   14|          14|           8|
    |or_ln190_407_fu_14595_p2   |    or    |      0|  0|   14|          14|           8|
    |or_ln190_408_fu_14671_p2   |    or    |      0|  0|   14|          14|           8|
    |or_ln190_409_fu_14681_p2   |    or    |      0|  0|   14|          14|           8|
    |or_ln190_40_fu_9755_p2     |    or    |      0|  0|   12|          12|           6|
    |or_ln190_410_fu_14757_p2   |    or    |      0|  0|   14|          14|           8|
    |or_ln190_411_fu_14767_p2   |    or    |      0|  0|   14|          14|           8|
    |or_ln190_412_fu_14843_p2   |    or    |      0|  0|   14|          14|           8|
    |or_ln190_413_fu_14853_p2   |    or    |      0|  0|   14|          14|           8|
    |or_ln190_414_fu_14929_p2   |    or    |      0|  0|   14|          14|           8|
    |or_ln190_415_fu_14939_p2   |    or    |      0|  0|   14|          14|           8|
    |or_ln190_416_fu_15015_p2   |    or    |      0|  0|   14|          14|           8|
    |or_ln190_417_fu_15025_p2   |    or    |      0|  0|   14|          14|           8|
    |or_ln190_418_fu_15101_p2   |    or    |      0|  0|   14|          14|           8|
    |or_ln190_419_fu_15111_p2   |    or    |      0|  0|   14|          14|           8|
    |or_ln190_41_fu_9827_p2     |    or    |      0|  0|   12|          12|           6|
    |or_ln190_420_fu_15187_p2   |    or    |      0|  0|   14|          14|           8|
    |or_ln190_421_fu_15197_p2   |    or    |      0|  0|   14|          14|           8|
    |or_ln190_422_fu_15273_p2   |    or    |      0|  0|   14|          14|           8|
    |or_ln190_423_fu_15283_p2   |    or    |      0|  0|   14|          14|           8|
    |or_ln190_424_fu_15359_p2   |    or    |      0|  0|   14|          14|           8|
    |or_ln190_425_fu_15369_p2   |    or    |      0|  0|   14|          14|           8|
    |or_ln190_426_fu_15445_p2   |    or    |      0|  0|   14|          14|           8|
    |or_ln190_427_fu_15455_p2   |    or    |      0|  0|   14|          14|           8|
    |or_ln190_428_fu_15531_p2   |    or    |      0|  0|   14|          14|           8|
    |or_ln190_429_fu_15541_p2   |    or    |      0|  0|   14|          14|           8|
    |or_ln190_42_fu_9841_p2     |    or    |      0|  0|   12|          12|           6|
    |or_ln190_430_fu_15617_p2   |    or    |      0|  0|   14|          14|           8|
    |or_ln190_431_fu_15627_p2   |    or    |      0|  0|   14|          14|           8|
    |or_ln190_432_fu_15703_p2   |    or    |      0|  0|   14|          14|           8|
    |or_ln190_433_fu_15713_p2   |    or    |      0|  0|   14|          14|           8|
    |or_ln190_434_fu_15789_p2   |    or    |      0|  0|   14|          14|           8|
    |or_ln190_435_fu_15799_p2   |    or    |      0|  0|   14|          14|           8|
    |or_ln190_436_fu_15875_p2   |    or    |      0|  0|   14|          14|           8|
    |or_ln190_437_fu_15885_p2   |    or    |      0|  0|   14|          14|           8|
    |or_ln190_438_fu_15961_p2   |    or    |      0|  0|   14|          14|           8|
    |or_ln190_439_fu_15971_p2   |    or    |      0|  0|   14|          14|           8|
    |or_ln190_43_fu_9913_p2     |    or    |      0|  0|   12|          12|           6|
    |or_ln190_440_fu_16047_p2   |    or    |      0|  0|   14|          14|           8|
    |or_ln190_441_fu_16057_p2   |    or    |      0|  0|   14|          14|           8|
    |or_ln190_442_fu_16133_p2   |    or    |      0|  0|   14|          14|           8|
    |or_ln190_443_fu_16143_p2   |    or    |      0|  0|   14|          14|           8|
    |or_ln190_444_fu_16219_p2   |    or    |      0|  0|   14|          14|           8|
    |or_ln190_445_fu_16229_p2   |    or    |      0|  0|   14|          14|           8|
    |or_ln190_446_fu_16305_p2   |    or    |      0|  0|   14|          14|           8|
    |or_ln190_447_fu_16315_p2   |    or    |      0|  0|   14|          14|           8|
    |or_ln190_448_fu_16391_p2   |    or    |      0|  0|   14|          14|           8|
    |or_ln190_449_fu_16401_p2   |    or    |      0|  0|   14|          14|           8|
    |or_ln190_44_fu_9927_p2     |    or    |      0|  0|   12|          12|           6|
    |or_ln190_450_fu_16477_p2   |    or    |      0|  0|   14|          14|           8|
    |or_ln190_451_fu_16487_p2   |    or    |      0|  0|   14|          14|           8|
    |or_ln190_452_fu_16563_p2   |    or    |      0|  0|   14|          14|           8|
    |or_ln190_453_fu_16573_p2   |    or    |      0|  0|   14|          14|           8|
    |or_ln190_454_fu_16649_p2   |    or    |      0|  0|   14|          14|           8|
    |or_ln190_455_fu_16659_p2   |    or    |      0|  0|   14|          14|           8|
    |or_ln190_456_fu_16735_p2   |    or    |      0|  0|   14|          14|           8|
    |or_ln190_457_fu_16745_p2   |    or    |      0|  0|   14|          14|           8|
    |or_ln190_458_fu_16821_p2   |    or    |      0|  0|   14|          14|           8|
    |or_ln190_459_fu_16831_p2   |    or    |      0|  0|   14|          14|           8|
    |or_ln190_45_fu_9999_p2     |    or    |      0|  0|   12|          12|           6|
    |or_ln190_460_fu_16907_p2   |    or    |      0|  0|   14|          14|           8|
    |or_ln190_461_fu_16917_p2   |    or    |      0|  0|   14|          14|           8|
    |or_ln190_462_fu_16993_p2   |    or    |      0|  0|   14|          14|           8|
    |or_ln190_463_fu_17003_p2   |    or    |      0|  0|   14|          14|           8|
    |or_ln190_464_fu_17079_p2   |    or    |      0|  0|   14|          14|           8|
    |or_ln190_465_fu_17089_p2   |    or    |      0|  0|   14|          14|           8|
    |or_ln190_466_fu_17165_p2   |    or    |      0|  0|   14|          14|           8|
    |or_ln190_467_fu_17175_p2   |    or    |      0|  0|   14|          14|           8|
    |or_ln190_468_fu_17251_p2   |    or    |      0|  0|   14|          14|           8|
    |or_ln190_469_fu_17261_p2   |    or    |      0|  0|   14|          14|           8|
    |or_ln190_46_fu_10013_p2    |    or    |      0|  0|   12|          12|           6|
    |or_ln190_470_fu_17337_p2   |    or    |      0|  0|   14|          14|           8|
    |or_ln190_471_fu_17347_p2   |    or    |      0|  0|   14|          14|           8|
    |or_ln190_472_fu_17423_p2   |    or    |      0|  0|   14|          14|           8|
    |or_ln190_473_fu_17433_p2   |    or    |      0|  0|   14|          14|           8|
    |or_ln190_474_fu_17509_p2   |    or    |      0|  0|   14|          14|           8|
    |or_ln190_475_fu_17519_p2   |    or    |      0|  0|   14|          14|           8|
    |or_ln190_476_fu_17595_p2   |    or    |      0|  0|   14|          14|           8|
    |or_ln190_477_fu_17605_p2   |    or    |      0|  0|   14|          14|           8|
    |or_ln190_478_fu_17681_p2   |    or    |      0|  0|   14|          14|           8|
    |or_ln190_479_fu_17691_p2   |    or    |      0|  0|   14|          14|           8|
    |or_ln190_47_fu_10085_p2    |    or    |      0|  0|   12|          12|           6|
    |or_ln190_480_fu_17767_p2   |    or    |      0|  0|   14|          14|           8|
    |or_ln190_481_fu_17777_p2   |    or    |      0|  0|   14|          14|           8|
    |or_ln190_482_fu_17853_p2   |    or    |      0|  0|   14|          14|           8|
    |or_ln190_483_fu_17863_p2   |    or    |      0|  0|   14|          14|           8|
    |or_ln190_484_fu_17939_p2   |    or    |      0|  0|   14|          14|           8|
    |or_ln190_485_fu_17949_p2   |    or    |      0|  0|   14|          14|           8|
    |or_ln190_486_fu_18025_p2   |    or    |      0|  0|   14|          14|           8|
    |or_ln190_487_fu_18035_p2   |    or    |      0|  0|   14|          14|           8|
    |or_ln190_488_fu_18111_p2   |    or    |      0|  0|   14|          14|           8|
    |or_ln190_489_fu_18121_p2   |    or    |      0|  0|   14|          14|           8|
    |or_ln190_48_fu_10099_p2    |    or    |      0|  0|   12|          12|           6|
    |or_ln190_490_fu_18197_p2   |    or    |      0|  0|   14|          14|           8|
    |or_ln190_491_fu_18207_p2   |    or    |      0|  0|   14|          14|           8|
    |or_ln190_492_fu_18283_p2   |    or    |      0|  0|   14|          14|           8|
    |or_ln190_493_fu_18293_p2   |    or    |      0|  0|   14|          14|           8|
    |or_ln190_494_fu_18369_p2   |    or    |      0|  0|   14|          14|           8|
    |or_ln190_495_fu_18379_p2   |    or    |      0|  0|   14|          14|           8|
    |or_ln190_496_fu_18455_p2   |    or    |      0|  0|   14|          14|           8|
    |or_ln190_497_fu_18465_p2   |    or    |      0|  0|   14|          14|           8|
    |or_ln190_498_fu_18541_p2   |    or    |      0|  0|   14|          14|           8|
    |or_ln190_499_fu_18551_p2   |    or    |      0|  0|   14|          14|           8|
    |or_ln190_49_fu_10171_p2    |    or    |      0|  0|   12|          12|           6|
    |or_ln190_4_fu_8207_p2      |    or    |      0|  0|   12|          12|           3|
    |or_ln190_500_fu_18627_p2   |    or    |      0|  0|   14|          14|           8|
    |or_ln190_501_fu_18637_p2   |    or    |      0|  0|   14|          14|           8|
    |or_ln190_502_fu_18713_p2   |    or    |      0|  0|   14|          14|           8|
    |or_ln190_503_fu_18723_p2   |    or    |      0|  0|   14|          14|           8|
    |or_ln190_504_fu_18799_p2   |    or    |      0|  0|   14|          14|           8|
    |or_ln190_505_fu_18809_p2   |    or    |      0|  0|   14|          14|           8|
    |or_ln190_506_fu_18885_p2   |    or    |      0|  0|   14|          14|           8|
    |or_ln190_507_fu_18895_p2   |    or    |      0|  0|   14|          14|           8|
    |or_ln190_508_fu_18971_p2   |    or    |      0|  0|   14|          14|           8|
    |or_ln190_509_fu_18981_p2   |    or    |      0|  0|   14|          14|           8|
    |or_ln190_50_fu_10185_p2    |    or    |      0|  0|   12|          12|           6|
    |or_ln190_51_fu_10257_p2    |    or    |      0|  0|   12|          12|           6|
    |or_ln190_52_fu_10271_p2    |    or    |      0|  0|   12|          12|           6|
    |or_ln190_53_fu_10343_p2    |    or    |      0|  0|   12|          12|           6|
    |or_ln190_54_fu_10357_p2    |    or    |      0|  0|   12|          12|           6|
    |or_ln190_55_fu_10429_p2    |    or    |      0|  0|   12|          12|           6|
    |or_ln190_56_fu_10443_p2    |    or    |      0|  0|   12|          12|           6|
    |or_ln190_57_fu_10515_p2    |    or    |      0|  0|   12|          12|           6|
    |or_ln190_58_fu_10529_p2    |    or    |      0|  0|   12|          12|           6|
    |or_ln190_59_fu_10601_p2    |    or    |      0|  0|   12|          12|           6|
    |or_ln190_5_fu_8279_p2      |    or    |      0|  0|   12|          12|           3|
    |or_ln190_60_fu_10615_p2    |    or    |      0|  0|   12|          12|           6|
    |or_ln190_61_fu_10687_p2    |    or    |      0|  0|   12|          12|           6|
    |or_ln190_62_fu_10701_p2    |    or    |      0|  0|   12|          12|           6|
    |or_ln190_63_fu_10773_p2    |    or    |      0|  0|   12|          12|           7|
    |or_ln190_64_fu_10787_p2    |    or    |      0|  0|   12|          12|           7|
    |or_ln190_65_fu_10859_p2    |    or    |      0|  0|   12|          12|           7|
    |or_ln190_66_fu_10873_p2    |    or    |      0|  0|   12|          12|           7|
    |or_ln190_67_fu_10945_p2    |    or    |      0|  0|   12|          12|           7|
    |or_ln190_68_fu_10959_p2    |    or    |      0|  0|   12|          12|           7|
    |or_ln190_69_fu_11031_p2    |    or    |      0|  0|   12|          12|           7|
    |or_ln190_6_fu_8293_p2      |    or    |      0|  0|   12|          12|           3|
    |or_ln190_70_fu_11045_p2    |    or    |      0|  0|   12|          12|           7|
    |or_ln190_71_fu_11117_p2    |    or    |      0|  0|   12|          12|           7|
    |or_ln190_72_fu_11131_p2    |    or    |      0|  0|   12|          12|           7|
    |or_ln190_73_fu_11203_p2    |    or    |      0|  0|   12|          12|           7|
    |or_ln190_74_fu_11217_p2    |    or    |      0|  0|   12|          12|           7|
    |or_ln190_75_fu_11289_p2    |    or    |      0|  0|   12|          12|           7|
    |or_ln190_76_fu_11303_p2    |    or    |      0|  0|   12|          12|           7|
    |or_ln190_77_fu_11375_p2    |    or    |      0|  0|   12|          12|           7|
    |or_ln190_78_fu_11389_p2    |    or    |      0|  0|   12|          12|           7|
    |or_ln190_79_fu_11461_p2    |    or    |      0|  0|   12|          12|           7|
    |or_ln190_7_fu_8365_p2      |    or    |      0|  0|   12|          12|           4|
    |or_ln190_80_fu_11475_p2    |    or    |      0|  0|   12|          12|           7|
    |or_ln190_81_fu_11547_p2    |    or    |      0|  0|   12|          12|           7|
    |or_ln190_82_fu_11561_p2    |    or    |      0|  0|   12|          12|           7|
    |or_ln190_83_fu_11633_p2    |    or    |      0|  0|   12|          12|           7|
    |or_ln190_84_fu_11647_p2    |    or    |      0|  0|   12|          12|           7|
    |or_ln190_85_fu_11719_p2    |    or    |      0|  0|   12|          12|           7|
    |or_ln190_86_fu_11733_p2    |    or    |      0|  0|   12|          12|           7|
    |or_ln190_87_fu_11805_p2    |    or    |      0|  0|   12|          12|           7|
    |or_ln190_88_fu_11819_p2    |    or    |      0|  0|   12|          12|           7|
    |or_ln190_89_fu_11891_p2    |    or    |      0|  0|   12|          12|           7|
    |or_ln190_8_fu_8379_p2      |    or    |      0|  0|   12|          12|           4|
    |or_ln190_90_fu_11905_p2    |    or    |      0|  0|   12|          12|           7|
    |or_ln190_91_fu_11977_p2    |    or    |      0|  0|   12|          12|           7|
    |or_ln190_92_fu_11991_p2    |    or    |      0|  0|   12|          12|           7|
    |or_ln190_93_fu_12063_p2    |    or    |      0|  0|   12|          12|           7|
    |or_ln190_94_fu_12077_p2    |    or    |      0|  0|   12|          12|           7|
    |or_ln190_95_fu_12149_p2    |    or    |      0|  0|   12|          12|           7|
    |or_ln190_96_fu_12163_p2    |    or    |      0|  0|   12|          12|           7|
    |or_ln190_97_fu_12235_p2    |    or    |      0|  0|   12|          12|           7|
    |or_ln190_98_fu_12249_p2    |    or    |      0|  0|   12|          12|           7|
    |or_ln190_99_fu_12321_p2    |    or    |      0|  0|   12|          12|           7|
    |or_ln190_9_fu_8451_p2      |    or    |      0|  0|   12|          12|           4|
    |or_ln190_fu_8034_p2        |    or    |      0|  0|   12|          12|           1|
    +---------------------------+----------+-------+---+-----+------------+------------+
    |Total                      |          |    512|  0|12021|       14829|        9481|
    +---------------------------+----------+-------+---+-----+------------+------------+

    * Multiplexer: 
    +---------------------------------------+-----+-----------+-----+-----------+
    |                  Name                 | LUT | Input Size| Bits| Total Bits|
    +---------------------------------------+-----+-----------+-----+-----------+
    |a_coeffs_address0                      |  581|        129|   12|       1548|
    |a_coeffs_address1                      |  581|        129|   12|       1548|
    |ap_NS_fsm                              |  585|        130|    1|        130|
    |b_coeffs_address0                      |  581|        129|   10|       1290|
    |b_coeffs_address1                      |  581|        129|   10|       1290|
    |c_coeffs_address0                      |  581|        129|    8|       1032|
    |c_coeffs_address1                      |  581|        129|    8|       1032|
    |grp_pqcrystals_dilithium_26_fu_8009_a  |  581|        129|   64|       8256|
    |grp_pqcrystals_dilithium_26_fu_8015_a  |  581|        129|   64|       8256|
    +---------------------------------------+-----+-----------+-----+-----------+
    |Total                                  | 5233|       1162|  189|      24382|
    +---------------------------------------+-----+-----------+-----+-----------+

    * Register: 
    +-------------------------+-----+----+-----+-----------+
    |           Name          |  FF | LUT| Bits| Const Bits|
    +-------------------------+-----+----+-----+-----------+
    |ap_CS_fsm                |  129|   0|  129|          0|
    |tmp_4433_reg_19067       |    4|   0|   12|          8|
    |tmp_5763_cast_reg_19335  |    6|   0|   14|          8|
    +-------------------------+-----+----+-----+-----------+
    |Total                    |  139|   0|  155|         16|
    +-------------------------+-----+----+-----+-----------+



================================================================
== Interface
================================================================
* Summary: 
+-------------------+-----+-----+------------+-------------------------+--------------+
|     RTL Ports     | Dir | Bits|  Protocol  |      Source Object      |    C Type    |
+-------------------+-----+-----+------------+-------------------------+--------------+
|ap_clk             |  in |    1| ap_ctrl_hs | pqcrystals_dilithium.15 | return value |
|ap_rst             |  in |    1| ap_ctrl_hs | pqcrystals_dilithium.15 | return value |
|ap_start           |  in |    1| ap_ctrl_hs | pqcrystals_dilithium.15 | return value |
|ap_done            | out |    1| ap_ctrl_hs | pqcrystals_dilithium.15 | return value |
|ap_idle            | out |    1| ap_ctrl_hs | pqcrystals_dilithium.15 | return value |
|ap_ready           | out |    1| ap_ctrl_hs | pqcrystals_dilithium.15 | return value |
|c_coeffs_address0  | out |    8|  ap_memory |         c_coeffs        |     array    |
|c_coeffs_ce0       | out |    1|  ap_memory |         c_coeffs        |     array    |
|c_coeffs_we0       | out |    1|  ap_memory |         c_coeffs        |     array    |
|c_coeffs_d0        | out |   32|  ap_memory |         c_coeffs        |     array    |
|c_coeffs_address1  | out |    8|  ap_memory |         c_coeffs        |     array    |
|c_coeffs_ce1       | out |    1|  ap_memory |         c_coeffs        |     array    |
|c_coeffs_we1       | out |    1|  ap_memory |         c_coeffs        |     array    |
|c_coeffs_d1        | out |   32|  ap_memory |         c_coeffs        |     array    |
|a_coeffs_address0  | out |   12|  ap_memory |         a_coeffs        |     array    |
|a_coeffs_ce0       | out |    1|  ap_memory |         a_coeffs        |     array    |
|a_coeffs_q0        |  in |   23|  ap_memory |         a_coeffs        |     array    |
|a_coeffs_address1  | out |   12|  ap_memory |         a_coeffs        |     array    |
|a_coeffs_ce1       | out |    1|  ap_memory |         a_coeffs        |     array    |
|a_coeffs_q1        |  in |   23|  ap_memory |         a_coeffs        |     array    |
|a_coeffs_offset    |  in |    4|   ap_none  |     a_coeffs_offset     |    scalar    |
|a_coeffs_offset1   |  in |    4|   ap_none  |     a_coeffs_offset1    |    scalar    |
|b_coeffs_address0  | out |   10|  ap_memory |         b_coeffs        |     array    |
|b_coeffs_ce0       | out |    1|  ap_memory |         b_coeffs        |     array    |
|b_coeffs_q0        |  in |   32|  ap_memory |         b_coeffs        |     array    |
|b_coeffs_address1  | out |   10|  ap_memory |         b_coeffs        |     array    |
|b_coeffs_ce1       | out |    1|  ap_memory |         b_coeffs        |     array    |
|b_coeffs_q1        |  in |   32|  ap_memory |         b_coeffs        |     array    |
|b_coeffs_offset    |  in |    4|   ap_none  |     b_coeffs_offset     |    scalar    |
+-------------------+-----+-----+------------+-------------------------+--------------+

