

================================================================
== Vivado HLS Report for 'pqcrystals_dilithium_16'
================================================================
* Date:           Sun Apr  9 19:25:18 2023

* Version:        2019.2 (Build 2704478 on Wed Nov 06 22:10:23 MST 2019)
* Project:        crypto_sign
* Solution:       solution1
* Product family: artix7
* Target device:  xc7a200t-fbg676-2


================================================================
== Performance Estimates
================================================================
+ Timing: 
    * Summary: 
    +--------+----------+----------+------------+
    |  Clock |  Target  | Estimated| Uncertainty|
    +--------+----------+----------+------------+
    |ap_clk  | 10.00 us | 8.413 ns |   1.25 us  |
    +--------+----------+----------+------------+

+ Latency: 
    * Summary: 
    +---------+---------+-----------+----------+-----+-----+---------+
    |  Latency (cycles) |  Latency (absolute)  |  Interval | Pipeline|
    |   min   |   max   |    min    |    max   | min | max |   Type  |
    +---------+---------+-----------+----------+-----+-----+---------+
    |        3|      515| 30.000 us | 5.150 ms |    3|  515|   none  |
    +---------+---------+-----------+----------+-----+-----+---------+

    + Detail: 
        * Instance: 
        N/A

        * Loop: 
        +----------+---------+---------+----------+-----------+-----------+---------+----------+
        |          |  Latency (cycles) | Iteration|  Initiation Interval  |   Trip  |          |
        | Loop Name|   min   |   max   |  Latency |  achieved |   target  |  Count  | Pipelined|
        +----------+---------+---------+----------+-----------+-----------+---------+----------+
        |- Loop 1  |        2|      513|         2|          -|          -| 1 ~ 256 |    no    |
        +----------+---------+---------+----------+-----------+-----------+---------+----------+



================================================================
== Utilization Estimates
================================================================
* Summary: 
+-----------------+---------+-------+--------+--------+-----+
|       Name      | BRAM_18K| DSP48E|   FF   |   LUT  | URAM|
+-----------------+---------+-------+--------+--------+-----+
|DSP              |        -|      -|       -|       -|    -|
|Expression       |        -|      -|       0|     139|    -|
|FIFO             |        -|      -|       -|       -|    -|
|Instance         |        -|      -|       -|       -|    -|
|Memory           |        -|      -|       -|       -|    -|
|Multiplexer      |        -|      -|       -|      48|    -|
|Register         |        -|      -|      45|       -|    -|
+-----------------+---------+-------+--------+--------+-----+
|Total            |        0|      0|      45|     187|    0|
+-----------------+---------+-------+--------+--------+-----+
|Available        |      730|    740|  269200|  134600|    0|
+-----------------+---------+-------+--------+--------+-----+
|Utilization (%)  |        0|      0|   ~0   |   ~0   |    0|
+-----------------+---------+-------+--------+--------+-----+

+ Detail: 
    * Instance: 
    N/A

    * DSP48E: 
    N/A

    * Memory: 
    N/A

    * FIFO: 
    N/A

    * Expression: 
    +----------------------+----------+-------+---+----+------------+------------+
    |     Variable Name    | Operation| DSP48E| FF| LUT| Bitwidth P0| Bitwidth P1|
    +----------------------+----------+-------+---+----+------------+------------+
    |add_ln307_fu_120_p2   |     +    |      0|  0|  19|          12|          12|
    |i_fu_110_p2           |     +    |      0|  0|  16|           9|           1|
    |t_2_fu_158_p2         |     -    |      0|  0|  39|          32|          32|
    |and_ln308_fu_152_p2   |    and   |      0|  0|  32|          32|          32|
    |icmp_ln305_fu_104_p2  |   icmp   |      0|  0|  13|           9|          10|
    |icmp_ln310_fu_164_p2  |   icmp   |      0|  0|  18|          32|          32|
    |t_fu_138_p3           |  select  |      0|  0|   2|           1|           2|
    +----------------------+----------+-------+---+----+------------+------------+
    |Total                 |          |      0|  0| 139|         127|         121|
    +----------------------+----------+-------+---+----+------------+------------+

    * Multiplexer: 
    +--------------------------------+----+-----------+-----+-----------+
    |              Name              | LUT| Input Size| Bits| Total Bits|
    +--------------------------------+----+-----------+-----+-----------+
    |ap_NS_fsm                       |  21|          4|    1|          4|
    |ap_phi_mux_p_0_ph_phi_fu_84_p4  |   9|          2|    1|          2|
    |ap_return                       |   9|          2|    1|          2|
    |i_0_reg_69                      |   9|          2|    9|         18|
    +--------------------------------+----+-----------+-----+-----------+
    |Total                           |  48|         10|   12|         26|
    +--------------------------------+----+-----------+-----+-----------+

    * Register: 
    +--------------------+----+----+-----+-----------+
    |        Name        | FF | LUT| Bits| Const Bits|
    +--------------------+----+----+-----+-----------+
    |B_cast_reg_169      |  17|   0|   32|         15|
    |ap_CS_fsm           |   3|   0|    3|          0|
    |ap_return_preg      |   1|   0|    1|          0|
    |i_0_reg_69          |   9|   0|    9|          0|
    |i_reg_183           |   9|   0|    9|          0|
    |icmp_ln305_reg_179  |   1|   0|    1|          0|
    |p_0_ph_reg_80       |   1|   0|    1|          0|
    |tmp_reg_174         |   4|   0|   12|          8|
    +--------------------+----+----+-----+-----------+
    |Total               |  45|   0|   68|         23|
    +--------------------+----+----+-----+-----------+



================================================================
== Interface
================================================================
* Summary: 
+-------------------+-----+-----+------------+-------------------------+--------------+
|     RTL Ports     | Dir | Bits|  Protocol  |      Source Object      |    C Type    |
+-------------------+-----+-----+------------+-------------------------+--------------+
|ap_clk             |  in |    1| ap_ctrl_hs | pqcrystals_dilithium.16 | return value |
|ap_rst             |  in |    1| ap_ctrl_hs | pqcrystals_dilithium.16 | return value |
|ap_start           |  in |    1| ap_ctrl_hs | pqcrystals_dilithium.16 | return value |
|ap_done            | out |    1| ap_ctrl_hs | pqcrystals_dilithium.16 | return value |
|ap_idle            | out |    1| ap_ctrl_hs | pqcrystals_dilithium.16 | return value |
|ap_ready           | out |    1| ap_ctrl_hs | pqcrystals_dilithium.16 | return value |
|ap_return          | out |    1| ap_ctrl_hs | pqcrystals_dilithium.16 | return value |
|a_coeffs_address0  | out |   10|  ap_memory |         a_coeffs        |     array    |
|a_coeffs_ce0       | out |    1|  ap_memory |         a_coeffs        |     array    |
|a_coeffs_q0        |  in |   32|  ap_memory |         a_coeffs        |     array    |
|a_coeffs_offset    |  in |    4|   ap_none  |     a_coeffs_offset     |    scalar    |
|B                  |  in |   17|   ap_none  |            B            |    scalar    |
+-------------------+-----+-----+------------+-------------------------+--------------+

