

================================================================
== Vivado HLS Report for 'pqcrystals_dilithium_9'
================================================================
* Date:           Sun Apr  9 19:22:22 2023

* Version:        2019.2 (Build 2704478 on Wed Nov 06 22:10:23 MST 2019)
* Project:        crypto_sign
* Solution:       solution1
* Product family: artix7
* Target device:  xc7a200t-fbg676-2


================================================================
== Performance Estimates
================================================================
+ Timing: 
    * Summary: 
    +--------+----------+-----------+------------+
    |  Clock |  Target  | Estimated | Uncertainty|
    +--------+----------+-----------+------------+
    |ap_clk  | 10.00 us | 83.112 ns |   1.25 us  |
    +--------+----------+-----------+------------+

+ Latency: 
    * Summary: 
    +---------+---------+----------+----------+-----+-----+---------+
    |  Latency (cycles) |  Latency (absolute) |  Interval | Pipeline|
    |   min   |   max   |    min   |    max   | min | max |   Type  |
    +---------+---------+----------+----------+-----+-----+---------+
    |        ?|        ?|         ?|         ?|    ?|    ?|   none  |
    +---------+---------+----------+----------+-----+-----+---------+

    + Detail: 
        * Instance: 
        +-----------------------------------+------------------------+---------+---------+----------+----------+-----+-----+---------+
        |                                   |                        |  Latency (cycles) |  Latency (absolute) |  Interval | Pipeline|
        |              Instance             |         Module         |   min   |   max   |    min   |    max   | min | max |   Type  |
        +-----------------------------------+------------------------+---------+---------+----------+----------+-----+-----+---------+
        |grp_keccak_absorb_fu_251           |keccak_absorb           |        ?|        ?|         ?|         ?|    ?|    ?|   none  |
        |grp_keccak_squeezeblocks_1_fu_262  |keccak_squeezeblocks_1  |      486|      486| 4.860 ms | 4.860 ms |  486|  486|   none  |
        |grp_pqcrystals_dilithium_2_fu_268  |pqcrystals_dilithium_2  |      288|      288| 2.880 ms | 2.880 ms |  288|  288|   none  |
        +-----------------------------------+------------------------+---------+---------+----------+----------+-----+-----+---------+

        * Loop: 
        +----------+---------+---------+----------+-----------+-----------+------+----------+
        |          |  Latency (cycles) | Iteration|  Initiation Interval  | Trip |          |
        | Loop Name|   min   |   max   |  Latency |  achieved |   target  | Count| Pipelined|
        +----------+---------+---------+----------+-----------+-----------+------+----------+
        |- Loop 1  |       25|       25|         1|          -|          -|    25|    no    |
        |- Loop 2  |       24|       24|         5|          4|          1|     6|    yes   |
        +----------+---------+---------+----------+-----------+-----------+------+----------+



================================================================
== Utilization Estimates
================================================================
* Summary: 
+-----------------+---------+-------+--------+--------+-----+
|       Name      | BRAM_18K| DSP48E|   FF   |   LUT  | URAM|
+-----------------+---------+-------+--------+--------+-----+
|DSP              |        -|      -|       -|       -|    -|
|Expression       |        -|      -|       0|     544|    -|
|FIFO             |        -|      -|       -|       -|    -|
|Instance         |        1|      -|    9036|  407971|    0|
|Memory           |        5|      -|       0|       0|    0|
|Multiplexer      |        -|      -|       -|     462|    -|
|Register         |        -|      -|     206|       -|    -|
+-----------------+---------+-------+--------+--------+-----+
|Total            |        6|      0|    9242|  408977|    0|
+-----------------+---------+-------+--------+--------+-----+
|Available        |      730|    740|  269200|  134600|    0|
+-----------------+---------+-------+--------+--------+-----+
|Utilization (%)  |    ~0   |      0|       3|     303|    0|
+-----------------+---------+-------+--------+--------+-----+

+ Detail: 
    * Instance: 
    +-----------------------------------+------------------------+---------+-------+------+--------+-----+
    |              Instance             |         Module         | BRAM_18K| DSP48E|  FF  |   LUT  | URAM|
    +-----------------------------------+------------------------+---------+-------+------+--------+-----+
    |grp_keccak_absorb_fu_251           |keccak_absorb           |        1|      0|  4765|  195774|    0|
    |grp_keccak_squeezeblocks_1_fu_262  |keccak_squeezeblocks_1  |        0|      0|  3964|  194425|    0|
    |grp_pqcrystals_dilithium_2_fu_268  |pqcrystals_dilithium_2  |        0|      0|   307|   17772|    0|
    +-----------------------------------+------------------------+---------+-------+------+--------+-----+
    |Total                              |                        |        1|      0|  9036|  407971|    0|
    +-----------------------------------+------------------------+---------+-------+------+--------+-----+

    * DSP48E: 
    N/A

    * Memory: 
    +-----------+----------------------+---------+---+----+-----+------+-----+------+-------------+
    |   Memory  |        Module        | BRAM_18K| FF| LUT| URAM| Words| Bits| Banks| W*Bits*Banks|
    +-----------+----------------------+---------+---+----+-----+------+-----+------+-------------+
    |state_s_U  |pqcrystals_dilithcud  |        4|  0|   0|    0|    25|   64|     1|         1600|
    |buf_U      |pqcrystals_dilithfYi  |        1|  0|   0|    0|   680|    8|     1|         5440|
    +-----------+----------------------+---------+---+----+-----+------+-----+------+-------------+
    |Total      |                      |        5|  0|   0|    0|   705|   72|     2|         7040|
    +-----------+----------------------+---------+---+----+-----+------+-----+------+-------------+

    * FIFO: 
    N/A

    * Expression: 
    +----------------------+----------+-------+---+-----+------------+------------+
    |     Variable Name    | Operation| DSP48E| FF| LUT | Bitwidth P0| Bitwidth P1|
    +----------------------+----------+-------+---+-----+------------+------------+
    |add_ln32_1_fu_358_p2  |     +    |      0|  0|   15|           8|           8|
    |add_ln32_2_fu_368_p2  |     +    |      0|  0|   15|           8|           8|
    |add_ln32_3_fu_378_p2  |     +    |      0|  0|   15|           8|           8|
    |add_ln32_4_fu_388_p2  |     +    |      0|  0|   15|           8|           8|
    |add_ln32_5_fu_398_p2  |     +    |      0|  0|   15|           8|           8|
    |add_ln32_6_fu_408_p2  |     +    |      0|  0|   15|           8|           8|
    |add_ln32_fu_347_p2    |     +    |      0|  0|   15|           8|           8|
    |add_ln422_fu_313_p2   |     +    |      0|  0|   12|           3|           1|
    |add_ln424_fu_336_p2   |     +    |      0|  0|   15|           8|           8|
    |i_1_fu_296_p2         |     +    |      0|  0|   15|           5|           1|
    |icmp_ln364_fu_290_p2  |   icmp   |      0|  0|   11|           5|           4|
    |icmp_ln422_fu_307_p2  |   icmp   |      0|  0|    9|           3|           3|
    |shl_ln462_fu_471_p2   |    shl   |      0|  0|  182|           5|          64|
    |ap_enable_pp0         |    xor   |      0|  0|    2|           1|           2|
    |xor_ln424_fu_432_p2   |    xor   |      0|  0|   64|          64|          64|
    |xor_ln462_fu_477_p2   |    xor   |      0|  0|   64|          64|          64|
    |xor_ln463_fu_484_p2   |    xor   |      0|  0|   65|          64|          65|
    +----------------------+----------+-------+---+-----+------------+------------+
    |Total                 |          |      0|  0|  544|         278|         332|
    +----------------------+----------+-------+---+-----+------------+------------+

    * Multiplexer: 
    +--------------------------------+----+-----------+-----+-----------+
    |              Name              | LUT| Input Size| Bits| Total Bits|
    +--------------------------------+----+-----------+-----+-----------+
    |ap_NS_fsm                       |  85|         17|    1|         17|
    |ap_enable_reg_pp0_iter1         |   9|          2|    1|          2|
    |ap_phi_mux_i_3_i_phi_fu_244_p4  |   9|          2|    3|          6|
    |buf_address0                    |  15|          3|   10|         30|
    |buf_address1                    |  15|          3|   10|         30|
    |buf_ce0                         |  15|          3|    1|          3|
    |buf_ce1                         |  15|          3|    1|          3|
    |buf_we0                         |   9|          2|    1|          2|
    |buf_we1                         |   9|          2|    1|          2|
    |i_0_i_i_i_reg_229               |   9|          2|    5|         10|
    |i_3_i_reg_240                   |   9|          2|    3|          6|
    |seed_address0                   |  27|          5|    8|         40|
    |seed_address1                   |  27|          5|    8|         40|
    |state_s_address0                |  38|          7|    5|         35|
    |state_s_address1                |  33|          6|    5|         30|
    |state_s_ce0                     |  21|          4|    1|          4|
    |state_s_ce1                     |  21|          4|    1|          4|
    |state_s_d0                      |  33|          6|   64|        384|
    |state_s_d1                      |  21|          4|   64|        256|
    |state_s_we0                     |  21|          4|    1|          4|
    |state_s_we1                     |  21|          4|    1|          4|
    +--------------------------------+----+-----------+-----+-----------+
    |Total                           | 462|         90|  195|        912|
    +--------------------------------+----+-----------+-----+-----------+

    * Register: 
    +------------------------------------------------+----+----+-----+-----------+
    |                      Name                      | FF | LUT| Bits| Const Bits|
    +------------------------------------------------+----+----+-----+-----------+
    |add_ln422_reg_519                               |   3|   0|    3|          0|
    |ap_CS_fsm                                       |  16|   0|   16|          0|
    |ap_enable_reg_pp0_iter0                         |   1|   0|    1|          0|
    |ap_enable_reg_pp0_iter1                         |   1|   0|    1|          0|
    |grp_keccak_absorb_fu_251_ap_start_reg           |   1|   0|    1|          0|
    |grp_keccak_squeezeblocks_1_fu_262_ap_start_reg  |   1|   0|    1|          0|
    |grp_pqcrystals_dilithium_2_fu_268_ap_start_reg  |   1|   0|    1|          0|
    |i_0_i_i_i_reg_229                               |   5|   0|    5|          0|
    |i_3_i_reg_240                                   |   3|   0|    3|          0|
    |icmp_ln422_reg_515                              |   1|   0|    1|          0|
    |seed_load_1_reg_555                             |   8|   0|    8|          0|
    |seed_load_2_reg_575                             |   8|   0|    8|          0|
    |seed_load_3_reg_580                             |   8|   0|    8|          0|
    |seed_load_4_reg_595                             |   8|   0|    8|          0|
    |seed_load_5_reg_600                             |   8|   0|    8|          0|
    |seed_load_reg_550                               |   8|   0|    8|          0|
    |state_pos_write_assi_reg_620                    |  32|   0|   32|          0|
    |state_s_addr_1_reg_625                          |   5|   0|    5|          0|
    |state_s_addr_3_reg_544                          |   3|   0|    5|          2|
    |state_s_load_2_reg_570                          |  64|   0|   64|          0|
    |t_0_reg_496                                     |   8|   0|    8|          0|
    |t_1_reg_501                                     |   8|   0|    8|          0|
    |trunc_ln505_reg_615                             |   2|   0|    2|          0|
    |zext_ln424_reg_524                              |   3|   0|    8|          5|
    +------------------------------------------------+----+----+-----+-----------+
    |Total                                           | 206|   0|  213|          7|
    +------------------------------------------------+----+----+-----+-----------+



================================================================
== Interface
================================================================
* Summary: 
+-------------------+-----+-----+------------+------------------------+--------------+
|     RTL Ports     | Dir | Bits|  Protocol  |      Source Object     |    C Type    |
+-------------------+-----+-----+------------+------------------------+--------------+
|ap_clk             |  in |    1| ap_ctrl_hs | pqcrystals_dilithium.9 | return value |
|ap_rst             |  in |    1| ap_ctrl_hs | pqcrystals_dilithium.9 | return value |
|ap_start           |  in |    1| ap_ctrl_hs | pqcrystals_dilithium.9 | return value |
|ap_done            | out |    1| ap_ctrl_hs | pqcrystals_dilithium.9 | return value |
|ap_idle            | out |    1| ap_ctrl_hs | pqcrystals_dilithium.9 | return value |
|ap_ready           | out |    1| ap_ctrl_hs | pqcrystals_dilithium.9 | return value |
|a_coeffs_address0  | out |   10|  ap_memory |        a_coeffs        |     array    |
|a_coeffs_ce0       | out |    1|  ap_memory |        a_coeffs        |     array    |
|a_coeffs_we0       | out |    1|  ap_memory |        a_coeffs        |     array    |
|a_coeffs_d0        | out |   19|  ap_memory |        a_coeffs        |     array    |
|a_coeffs_offset    |  in |    4|   ap_none  |     a_coeffs_offset    |    scalar    |
|seed_address0      | out |    8|  ap_memory |          seed          |     array    |
|seed_ce0           | out |    1|  ap_memory |          seed          |     array    |
|seed_q0            |  in |    8|  ap_memory |          seed          |     array    |
|seed_address1      | out |    8|  ap_memory |          seed          |     array    |
|seed_ce1           | out |    1|  ap_memory |          seed          |     array    |
|seed_q1            |  in |    8|  ap_memory |          seed          |     array    |
|nonce              |  in |   16|   ap_none  |          nonce         |    scalar    |
+-------------------+-----+-----+------------+------------------------+--------------+

