

================================================================
== Vivado HLS Report for 'pqcrystals_dilithium_21'
================================================================
* Date:           Sun Apr  9 23:08:21 2023

* Version:        2019.2 (Build 2704478 on Wed Nov 06 22:10:23 MST 2019)
* Project:        crypto_sign
* Solution:       solution1
* Product family: artix7
* Target device:  xc7a200t-fbg676-2


================================================================
== Performance Estimates
================================================================
+ Timing: 
    * Summary: 
    +--------+----------+----------+------------+
    |  Clock |  Target  | Estimated| Uncertainty|
    +--------+----------+----------+------------+
    |ap_clk  | 10.00 us | 7.724 ns |   1.25 us  |
    +--------+----------+----------+------------+

+ Latency: 
    * Summary: 
    +---------+---------+----------+----------+-----+-----+---------+
    |  Latency (cycles) |  Latency (absolute) |  Interval | Pipeline|
    |   min   |   max   |    min   |    max   | min | max |   Type  |
    +---------+---------+----------+----------+-----+-----+---------+
    |      255|      255| 2.550 ms | 2.550 ms |  255|  255|   none  |
    +---------+---------+----------+----------+-----+-----+---------+

    + Detail: 
        * Instance: 
        N/A

        * Loop: 
        N/A



================================================================
== Utilization Estimates
================================================================
* Summary: 
+-----------------+---------+-------+--------+--------+-----+
|       Name      | BRAM_18K| DSP48E|   FF   |   LUT  | URAM|
+-----------------+---------+-------+--------+--------+-----+
|DSP              |        -|      -|       -|       -|    -|
|Expression       |        -|      -|       0|   12966|    -|
|FIFO             |        -|      -|       -|       -|    -|
|Instance         |        -|      -|       -|       -|    -|
|Memory           |        -|      -|       -|       -|    -|
|Multiplexer      |        -|      -|       -|    5771|    -|
|Register         |        -|      -|    8900|       -|    -|
+-----------------+---------+-------+--------+--------+-----+
|Total            |        0|      0|    8900|   18737|    0|
+-----------------+---------+-------+--------+--------+-----+
|Available        |      730|    740|  269200|  134600|    0|
+-----------------+---------+-------+--------+--------+-----+
|Utilization (%)  |        0|      0|       3|      13|    0|
+-----------------+---------+-------+--------+--------+-----+

+ Detail: 
    * Instance: 
    N/A

    * DSP48E: 
    N/A

    * Memory: 
    N/A

    * FIFO: 
    N/A

    * Expression: 
    +--------------------------+----------+-------+---+-----+------------+------------+
    |       Variable Name      | Operation| DSP48E| FF| LUT | Bitwidth P0| Bitwidth P1|
    +--------------------------+----------+-------+---+-----+------------+------------+
    |add_ln92_100_fu_9608_p2   |     +    |      0|  0|   39|          32|          32|
    |add_ln92_101_fu_9614_p2   |     +    |      0|  0|   39|          32|          32|
    |add_ln92_102_fu_9620_p2   |     +    |      0|  0|   39|          32|          32|
    |add_ln92_103_fu_9626_p2   |     +    |      0|  0|   39|          32|          32|
    |add_ln92_104_fu_9632_p2   |     +    |      0|  0|   39|          32|          32|
    |add_ln92_105_fu_9638_p2   |     +    |      0|  0|   39|          32|          32|
    |add_ln92_106_fu_9644_p2   |     +    |      0|  0|   39|          32|          32|
    |add_ln92_107_fu_9650_p2   |     +    |      0|  0|   39|          32|          32|
    |add_ln92_108_fu_9656_p2   |     +    |      0|  0|   39|          32|          32|
    |add_ln92_109_fu_9662_p2   |     +    |      0|  0|   39|          32|          32|
    |add_ln92_10_fu_9068_p2    |     +    |      0|  0|   39|          32|          32|
    |add_ln92_110_fu_9668_p2   |     +    |      0|  0|   39|          32|          32|
    |add_ln92_111_fu_9674_p2   |     +    |      0|  0|   39|          32|          32|
    |add_ln92_112_fu_9680_p2   |     +    |      0|  0|   39|          32|          32|
    |add_ln92_113_fu_9686_p2   |     +    |      0|  0|   39|          32|          32|
    |add_ln92_114_fu_9692_p2   |     +    |      0|  0|   39|          32|          32|
    |add_ln92_115_fu_9698_p2   |     +    |      0|  0|   39|          32|          32|
    |add_ln92_116_fu_9704_p2   |     +    |      0|  0|   39|          32|          32|
    |add_ln92_117_fu_9710_p2   |     +    |      0|  0|   39|          32|          32|
    |add_ln92_118_fu_9716_p2   |     +    |      0|  0|   39|          32|          32|
    |add_ln92_119_fu_9722_p2   |     +    |      0|  0|   39|          32|          32|
    |add_ln92_11_fu_9074_p2    |     +    |      0|  0|   39|          32|          32|
    |add_ln92_120_fu_9728_p2   |     +    |      0|  0|   39|          32|          32|
    |add_ln92_121_fu_9734_p2   |     +    |      0|  0|   39|          32|          32|
    |add_ln92_122_fu_9740_p2   |     +    |      0|  0|   39|          32|          32|
    |add_ln92_123_fu_9746_p2   |     +    |      0|  0|   39|          32|          32|
    |add_ln92_124_fu_9752_p2   |     +    |      0|  0|   39|          32|          32|
    |add_ln92_125_fu_9758_p2   |     +    |      0|  0|   39|          32|          32|
    |add_ln92_126_fu_9764_p2   |     +    |      0|  0|   39|          32|          32|
    |add_ln92_127_fu_9770_p2   |     +    |      0|  0|   39|          32|          32|
    |add_ln92_128_fu_9776_p2   |     +    |      0|  0|   39|          32|          32|
    |add_ln92_129_fu_9782_p2   |     +    |      0|  0|   39|          32|          32|
    |add_ln92_12_fu_9080_p2    |     +    |      0|  0|   39|          32|          32|
    |add_ln92_130_fu_9788_p2   |     +    |      0|  0|   39|          32|          32|
    |add_ln92_131_fu_9794_p2   |     +    |      0|  0|   39|          32|          32|
    |add_ln92_132_fu_9800_p2   |     +    |      0|  0|   39|          32|          32|
    |add_ln92_133_fu_9806_p2   |     +    |      0|  0|   39|          32|          32|
    |add_ln92_134_fu_9812_p2   |     +    |      0|  0|   39|          32|          32|
    |add_ln92_135_fu_9818_p2   |     +    |      0|  0|   39|          32|          32|
    |add_ln92_136_fu_9824_p2   |     +    |      0|  0|   39|          32|          32|
    |add_ln92_137_fu_9830_p2   |     +    |      0|  0|   39|          32|          32|
    |add_ln92_138_fu_9836_p2   |     +    |      0|  0|   39|          32|          32|
    |add_ln92_139_fu_9842_p2   |     +    |      0|  0|   39|          32|          32|
    |add_ln92_13_fu_9086_p2    |     +    |      0|  0|   39|          32|          32|
    |add_ln92_140_fu_9848_p2   |     +    |      0|  0|   39|          32|          32|
    |add_ln92_141_fu_9854_p2   |     +    |      0|  0|   39|          32|          32|
    |add_ln92_142_fu_9860_p2   |     +    |      0|  0|   39|          32|          32|
    |add_ln92_143_fu_9866_p2   |     +    |      0|  0|   39|          32|          32|
    |add_ln92_144_fu_9872_p2   |     +    |      0|  0|   39|          32|          32|
    |add_ln92_145_fu_9878_p2   |     +    |      0|  0|   39|          32|          32|
    |add_ln92_146_fu_9884_p2   |     +    |      0|  0|   39|          32|          32|
    |add_ln92_147_fu_9890_p2   |     +    |      0|  0|   39|          32|          32|
    |add_ln92_148_fu_9896_p2   |     +    |      0|  0|   39|          32|          32|
    |add_ln92_149_fu_9902_p2   |     +    |      0|  0|   39|          32|          32|
    |add_ln92_14_fu_9092_p2    |     +    |      0|  0|   39|          32|          32|
    |add_ln92_150_fu_9908_p2   |     +    |      0|  0|   39|          32|          32|
    |add_ln92_151_fu_9914_p2   |     +    |      0|  0|   39|          32|          32|
    |add_ln92_152_fu_9920_p2   |     +    |      0|  0|   39|          32|          32|
    |add_ln92_153_fu_9926_p2   |     +    |      0|  0|   39|          32|          32|
    |add_ln92_154_fu_9932_p2   |     +    |      0|  0|   39|          32|          32|
    |add_ln92_155_fu_9938_p2   |     +    |      0|  0|   39|          32|          32|
    |add_ln92_156_fu_9944_p2   |     +    |      0|  0|   39|          32|          32|
    |add_ln92_157_fu_9950_p2   |     +    |      0|  0|   39|          32|          32|
    |add_ln92_158_fu_9956_p2   |     +    |      0|  0|   39|          32|          32|
    |add_ln92_159_fu_9962_p2   |     +    |      0|  0|   39|          32|          32|
    |add_ln92_15_fu_9098_p2    |     +    |      0|  0|   39|          32|          32|
    |add_ln92_160_fu_9968_p2   |     +    |      0|  0|   39|          32|          32|
    |add_ln92_161_fu_9974_p2   |     +    |      0|  0|   39|          32|          32|
    |add_ln92_162_fu_9980_p2   |     +    |      0|  0|   39|          32|          32|
    |add_ln92_163_fu_9986_p2   |     +    |      0|  0|   39|          32|          32|
    |add_ln92_164_fu_9992_p2   |     +    |      0|  0|   39|          32|          32|
    |add_ln92_165_fu_9998_p2   |     +    |      0|  0|   39|          32|          32|
    |add_ln92_166_fu_10004_p2  |     +    |      0|  0|   39|          32|          32|
    |add_ln92_167_fu_10010_p2  |     +    |      0|  0|   39|          32|          32|
    |add_ln92_168_fu_10016_p2  |     +    |      0|  0|   39|          32|          32|
    |add_ln92_169_fu_10022_p2  |     +    |      0|  0|   39|          32|          32|
    |add_ln92_16_fu_9104_p2    |     +    |      0|  0|   39|          32|          32|
    |add_ln92_170_fu_10028_p2  |     +    |      0|  0|   39|          32|          32|
    |add_ln92_171_fu_10034_p2  |     +    |      0|  0|   39|          32|          32|
    |add_ln92_172_fu_10040_p2  |     +    |      0|  0|   39|          32|          32|
    |add_ln92_173_fu_10046_p2  |     +    |      0|  0|   39|          32|          32|
    |add_ln92_174_fu_10052_p2  |     +    |      0|  0|   39|          32|          32|
    |add_ln92_175_fu_10058_p2  |     +    |      0|  0|   39|          32|          32|
    |add_ln92_176_fu_10064_p2  |     +    |      0|  0|   39|          32|          32|
    |add_ln92_177_fu_10070_p2  |     +    |      0|  0|   39|          32|          32|
    |add_ln92_178_fu_10076_p2  |     +    |      0|  0|   39|          32|          32|
    |add_ln92_179_fu_10082_p2  |     +    |      0|  0|   39|          32|          32|
    |add_ln92_17_fu_9110_p2    |     +    |      0|  0|   39|          32|          32|
    |add_ln92_180_fu_10088_p2  |     +    |      0|  0|   39|          32|          32|
    |add_ln92_181_fu_10094_p2  |     +    |      0|  0|   39|          32|          32|
    |add_ln92_182_fu_10100_p2  |     +    |      0|  0|   39|          32|          32|
    |add_ln92_183_fu_10106_p2  |     +    |      0|  0|   39|          32|          32|
    |add_ln92_184_fu_10112_p2  |     +    |      0|  0|   39|          32|          32|
    |add_ln92_185_fu_10118_p2  |     +    |      0|  0|   39|          32|          32|
    |add_ln92_186_fu_10124_p2  |     +    |      0|  0|   39|          32|          32|
    |add_ln92_187_fu_10130_p2  |     +    |      0|  0|   39|          32|          32|
    |add_ln92_188_fu_10136_p2  |     +    |      0|  0|   39|          32|          32|
    |add_ln92_189_fu_10142_p2  |     +    |      0|  0|   39|          32|          32|
    |add_ln92_18_fu_9116_p2    |     +    |      0|  0|   39|          32|          32|
    |add_ln92_190_fu_10148_p2  |     +    |      0|  0|   39|          32|          32|
    |add_ln92_191_fu_10154_p2  |     +    |      0|  0|   39|          32|          32|
    |add_ln92_192_fu_10160_p2  |     +    |      0|  0|   39|          32|          32|
    |add_ln92_193_fu_10166_p2  |     +    |      0|  0|   39|          32|          32|
    |add_ln92_194_fu_10172_p2  |     +    |      0|  0|   39|          32|          32|
    |add_ln92_195_fu_10178_p2  |     +    |      0|  0|   39|          32|          32|
    |add_ln92_196_fu_10184_p2  |     +    |      0|  0|   39|          32|          32|
    |add_ln92_197_fu_10190_p2  |     +    |      0|  0|   39|          32|          32|
    |add_ln92_198_fu_10196_p2  |     +    |      0|  0|   39|          32|          32|
    |add_ln92_199_fu_10202_p2  |     +    |      0|  0|   39|          32|          32|
    |add_ln92_19_fu_9122_p2    |     +    |      0|  0|   39|          32|          32|
    |add_ln92_200_fu_10208_p2  |     +    |      0|  0|   39|          32|          32|
    |add_ln92_201_fu_10214_p2  |     +    |      0|  0|   39|          32|          32|
    |add_ln92_202_fu_10220_p2  |     +    |      0|  0|   39|          32|          32|
    |add_ln92_203_fu_10226_p2  |     +    |      0|  0|   39|          32|          32|
    |add_ln92_204_fu_10232_p2  |     +    |      0|  0|   39|          32|          32|
    |add_ln92_205_fu_10238_p2  |     +    |      0|  0|   39|          32|          32|
    |add_ln92_206_fu_10244_p2  |     +    |      0|  0|   39|          32|          32|
    |add_ln92_207_fu_10250_p2  |     +    |      0|  0|   39|          32|          32|
    |add_ln92_208_fu_10256_p2  |     +    |      0|  0|   39|          32|          32|
    |add_ln92_209_fu_10262_p2  |     +    |      0|  0|   39|          32|          32|
    |add_ln92_20_fu_9128_p2    |     +    |      0|  0|   39|          32|          32|
    |add_ln92_210_fu_10268_p2  |     +    |      0|  0|   39|          32|          32|
    |add_ln92_211_fu_10274_p2  |     +    |      0|  0|   39|          32|          32|
    |add_ln92_212_fu_10280_p2  |     +    |      0|  0|   39|          32|          32|
    |add_ln92_213_fu_10286_p2  |     +    |      0|  0|   39|          32|          32|
    |add_ln92_214_fu_10292_p2  |     +    |      0|  0|   39|          32|          32|
    |add_ln92_215_fu_10298_p2  |     +    |      0|  0|   39|          32|          32|
    |add_ln92_216_fu_10304_p2  |     +    |      0|  0|   39|          32|          32|
    |add_ln92_217_fu_10310_p2  |     +    |      0|  0|   39|          32|          32|
    |add_ln92_218_fu_10316_p2  |     +    |      0|  0|   39|          32|          32|
    |add_ln92_219_fu_10322_p2  |     +    |      0|  0|   39|          32|          32|
    |add_ln92_21_fu_9134_p2    |     +    |      0|  0|   39|          32|          32|
    |add_ln92_220_fu_10328_p2  |     +    |      0|  0|   39|          32|          32|
    |add_ln92_221_fu_10334_p2  |     +    |      0|  0|   39|          32|          32|
    |add_ln92_222_fu_10340_p2  |     +    |      0|  0|   39|          32|          32|
    |add_ln92_223_fu_10346_p2  |     +    |      0|  0|   39|          32|          32|
    |add_ln92_224_fu_10352_p2  |     +    |      0|  0|   39|          32|          32|
    |add_ln92_225_fu_10358_p2  |     +    |      0|  0|   39|          32|          32|
    |add_ln92_226_fu_10364_p2  |     +    |      0|  0|   39|          32|          32|
    |add_ln92_227_fu_10370_p2  |     +    |      0|  0|   39|          32|          32|
    |add_ln92_228_fu_10376_p2  |     +    |      0|  0|   39|          32|          32|
    |add_ln92_229_fu_10382_p2  |     +    |      0|  0|   39|          32|          32|
    |add_ln92_22_fu_9140_p2    |     +    |      0|  0|   39|          32|          32|
    |add_ln92_230_fu_10388_p2  |     +    |      0|  0|   39|          32|          32|
    |add_ln92_231_fu_10394_p2  |     +    |      0|  0|   39|          32|          32|
    |add_ln92_232_fu_10400_p2  |     +    |      0|  0|   39|          32|          32|
    |add_ln92_233_fu_10406_p2  |     +    |      0|  0|   39|          32|          32|
    |add_ln92_234_fu_10412_p2  |     +    |      0|  0|   39|          32|          32|
    |add_ln92_235_fu_10418_p2  |     +    |      0|  0|   39|          32|          32|
    |add_ln92_236_fu_10424_p2  |     +    |      0|  0|   39|          32|          32|
    |add_ln92_237_fu_10430_p2  |     +    |      0|  0|   39|          32|          32|
    |add_ln92_238_fu_10436_p2  |     +    |      0|  0|   39|          32|          32|
    |add_ln92_239_fu_10442_p2  |     +    |      0|  0|   39|          32|          32|
    |add_ln92_23_fu_9146_p2    |     +    |      0|  0|   39|          32|          32|
    |add_ln92_240_fu_10448_p2  |     +    |      0|  0|   39|          32|          32|
    |add_ln92_241_fu_10454_p2  |     +    |      0|  0|   39|          32|          32|
    |add_ln92_242_fu_10460_p2  |     +    |      0|  0|   39|          32|          32|
    |add_ln92_243_fu_10466_p2  |     +    |      0|  0|   39|          32|          32|
    |add_ln92_244_fu_10472_p2  |     +    |      0|  0|   39|          32|          32|
    |add_ln92_245_fu_10478_p2  |     +    |      0|  0|   39|          32|          32|
    |add_ln92_246_fu_10484_p2  |     +    |      0|  0|   39|          32|          32|
    |add_ln92_247_fu_10490_p2  |     +    |      0|  0|   39|          32|          32|
    |add_ln92_248_fu_10496_p2  |     +    |      0|  0|   39|          32|          32|
    |add_ln92_249_fu_10502_p2  |     +    |      0|  0|   39|          32|          32|
    |add_ln92_24_fu_9152_p2    |     +    |      0|  0|   39|          32|          32|
    |add_ln92_250_fu_10508_p2  |     +    |      0|  0|   39|          32|          32|
    |add_ln92_251_fu_10514_p2  |     +    |      0|  0|   39|          32|          32|
    |add_ln92_252_fu_10520_p2  |     +    |      0|  0|   39|          32|          32|
    |add_ln92_253_fu_10526_p2  |     +    |      0|  0|   39|          32|          32|
    |add_ln92_25_fu_9158_p2    |     +    |      0|  0|   39|          32|          32|
    |add_ln92_26_fu_9164_p2    |     +    |      0|  0|   39|          32|          32|
    |add_ln92_27_fu_9170_p2    |     +    |      0|  0|   39|          32|          32|
    |add_ln92_28_fu_9176_p2    |     +    |      0|  0|   39|          32|          32|
    |add_ln92_29_fu_9182_p2    |     +    |      0|  0|   39|          32|          32|
    |add_ln92_2_fu_9020_p2     |     +    |      0|  0|   39|          32|          32|
    |add_ln92_30_fu_9188_p2    |     +    |      0|  0|   39|          32|          32|
    |add_ln92_31_fu_9194_p2    |     +    |      0|  0|   39|          32|          32|
    |add_ln92_32_fu_9200_p2    |     +    |      0|  0|   39|          32|          32|
    |add_ln92_33_fu_9206_p2    |     +    |      0|  0|   39|          32|          32|
    |add_ln92_34_fu_9212_p2    |     +    |      0|  0|   39|          32|          32|
    |add_ln92_35_fu_9218_p2    |     +    |      0|  0|   39|          32|          32|
    |add_ln92_36_fu_9224_p2    |     +    |      0|  0|   39|          32|          32|
    |add_ln92_37_fu_9230_p2    |     +    |      0|  0|   39|          32|          32|
    |add_ln92_38_fu_9236_p2    |     +    |      0|  0|   39|          32|          32|
    |add_ln92_39_fu_9242_p2    |     +    |      0|  0|   39|          32|          32|
    |add_ln92_3_fu_9026_p2     |     +    |      0|  0|   39|          32|          32|
    |add_ln92_40_fu_9248_p2    |     +    |      0|  0|   39|          32|          32|
    |add_ln92_41_fu_9254_p2    |     +    |      0|  0|   39|          32|          32|
    |add_ln92_42_fu_9260_p2    |     +    |      0|  0|   39|          32|          32|
    |add_ln92_43_fu_9266_p2    |     +    |      0|  0|   39|          32|          32|
    |add_ln92_44_fu_9272_p2    |     +    |      0|  0|   39|          32|          32|
    |add_ln92_45_fu_9278_p2    |     +    |      0|  0|   39|          32|          32|
    |add_ln92_46_fu_9284_p2    |     +    |      0|  0|   39|          32|          32|
    |add_ln92_47_fu_9290_p2    |     +    |      0|  0|   39|          32|          32|
    |add_ln92_48_fu_9296_p2    |     +    |      0|  0|   39|          32|          32|
    |add_ln92_49_fu_9302_p2    |     +    |      0|  0|   39|          32|          32|
    |add_ln92_4_fu_9032_p2     |     +    |      0|  0|   39|          32|          32|
    |add_ln92_50_fu_9308_p2    |     +    |      0|  0|   39|          32|          32|
    |add_ln92_51_fu_9314_p2    |     +    |      0|  0|   39|          32|          32|
    |add_ln92_52_fu_9320_p2    |     +    |      0|  0|   39|          32|          32|
    |add_ln92_53_fu_9326_p2    |     +    |      0|  0|   39|          32|          32|
    |add_ln92_54_fu_9332_p2    |     +    |      0|  0|   39|          32|          32|
    |add_ln92_55_fu_9338_p2    |     +    |      0|  0|   39|          32|          32|
    |add_ln92_56_fu_9344_p2    |     +    |      0|  0|   39|          32|          32|
    |add_ln92_57_fu_9350_p2    |     +    |      0|  0|   39|          32|          32|
    |add_ln92_58_fu_9356_p2    |     +    |      0|  0|   39|          32|          32|
    |add_ln92_59_fu_9362_p2    |     +    |      0|  0|   39|          32|          32|
    |add_ln92_5_fu_9038_p2     |     +    |      0|  0|   39|          32|          32|
    |add_ln92_60_fu_9368_p2    |     +    |      0|  0|   39|          32|          32|
    |add_ln92_61_fu_9374_p2    |     +    |      0|  0|   39|          32|          32|
    |add_ln92_62_fu_9380_p2    |     +    |      0|  0|   39|          32|          32|
    |add_ln92_63_fu_9386_p2    |     +    |      0|  0|   39|          32|          32|
    |add_ln92_64_fu_9392_p2    |     +    |      0|  0|   39|          32|          32|
    |add_ln92_65_fu_9398_p2    |     +    |      0|  0|   39|          32|          32|
    |add_ln92_66_fu_9404_p2    |     +    |      0|  0|   39|          32|          32|
    |add_ln92_67_fu_9410_p2    |     +    |      0|  0|   39|          32|          32|
    |add_ln92_68_fu_9416_p2    |     +    |      0|  0|   39|          32|          32|
    |add_ln92_69_fu_9422_p2    |     +    |      0|  0|   39|          32|          32|
    |add_ln92_6_fu_9044_p2     |     +    |      0|  0|   39|          32|          32|
    |add_ln92_70_fu_9428_p2    |     +    |      0|  0|   39|          32|          32|
    |add_ln92_71_fu_9434_p2    |     +    |      0|  0|   39|          32|          32|
    |add_ln92_72_fu_9440_p2    |     +    |      0|  0|   39|          32|          32|
    |add_ln92_73_fu_9446_p2    |     +    |      0|  0|   39|          32|          32|
    |add_ln92_74_fu_9452_p2    |     +    |      0|  0|   39|          32|          32|
    |add_ln92_75_fu_9458_p2    |     +    |      0|  0|   39|          32|          32|
    |add_ln92_76_fu_9464_p2    |     +    |      0|  0|   39|          32|          32|
    |add_ln92_77_fu_9470_p2    |     +    |      0|  0|   39|          32|          32|
    |add_ln92_78_fu_9476_p2    |     +    |      0|  0|   39|          32|          32|
    |add_ln92_79_fu_9482_p2    |     +    |      0|  0|   39|          32|          32|
    |add_ln92_7_fu_9050_p2     |     +    |      0|  0|   39|          32|          32|
    |add_ln92_80_fu_9488_p2    |     +    |      0|  0|   39|          32|          32|
    |add_ln92_81_fu_9494_p2    |     +    |      0|  0|   39|          32|          32|
    |add_ln92_82_fu_9500_p2    |     +    |      0|  0|   39|          32|          32|
    |add_ln92_83_fu_9506_p2    |     +    |      0|  0|   39|          32|          32|
    |add_ln92_84_fu_9512_p2    |     +    |      0|  0|   39|          32|          32|
    |add_ln92_85_fu_9518_p2    |     +    |      0|  0|   39|          32|          32|
    |add_ln92_86_fu_9524_p2    |     +    |      0|  0|   39|          32|          32|
    |add_ln92_87_fu_9530_p2    |     +    |      0|  0|   39|          32|          32|
    |add_ln92_88_fu_9536_p2    |     +    |      0|  0|   39|          32|          32|
    |add_ln92_89_fu_9542_p2    |     +    |      0|  0|   39|          32|          32|
    |add_ln92_8_fu_9056_p2     |     +    |      0|  0|   39|          32|          32|
    |add_ln92_90_fu_9548_p2    |     +    |      0|  0|   39|          32|          32|
    |add_ln92_91_fu_9554_p2    |     +    |      0|  0|   39|          32|          32|
    |add_ln92_92_fu_9560_p2    |     +    |      0|  0|   39|          32|          32|
    |add_ln92_93_fu_9566_p2    |     +    |      0|  0|   39|          32|          32|
    |add_ln92_94_fu_9572_p2    |     +    |      0|  0|   39|          32|          32|
    |add_ln92_95_fu_9578_p2    |     +    |      0|  0|   39|          32|          32|
    |add_ln92_96_fu_9584_p2    |     +    |      0|  0|   39|          32|          32|
    |add_ln92_97_fu_9590_p2    |     +    |      0|  0|   39|          32|          32|
    |add_ln92_98_fu_9596_p2    |     +    |      0|  0|   39|          32|          32|
    |add_ln92_99_fu_9602_p2    |     +    |      0|  0|   39|          32|          32|
    |add_ln92_9_fu_9062_p2     |     +    |      0|  0|   39|          32|          32|
    |grp_fu_5422_p2            |     +    |      0|  0|   39|          32|          32|
    |grp_fu_5429_p2            |     +    |      0|  0|   39|          32|          32|
    |or_ln92_1000_fu_8754_p2   |    or    |      0|  0|   12|          12|           8|
    |or_ln92_1001_fu_8768_p2   |    or    |      0|  0|   12|          12|           8|
    |or_ln92_1002_fu_8782_p2   |    or    |      0|  0|   12|          12|           8|
    |or_ln92_1003_fu_8796_p2   |    or    |      0|  0|   12|          12|           8|
    |or_ln92_1004_fu_8810_p2   |    or    |      0|  0|   12|          12|           8|
    |or_ln92_1005_fu_8824_p2   |    or    |      0|  0|   12|          12|           8|
    |or_ln92_1006_fu_8838_p2   |    or    |      0|  0|   12|          12|           8|
    |or_ln92_1007_fu_8852_p2   |    or    |      0|  0|   12|          12|           8|
    |or_ln92_1008_fu_8866_p2   |    or    |      0|  0|   12|          12|           8|
    |or_ln92_1009_fu_8880_p2   |    or    |      0|  0|   12|          12|           8|
    |or_ln92_1010_fu_8894_p2   |    or    |      0|  0|   12|          12|           8|
    |or_ln92_1011_fu_8908_p2   |    or    |      0|  0|   12|          12|           8|
    |or_ln92_1012_fu_8922_p2   |    or    |      0|  0|   12|          12|           8|
    |or_ln92_1013_fu_8936_p2   |    or    |      0|  0|   12|          12|           8|
    |or_ln92_1014_fu_8950_p2   |    or    |      0|  0|   12|          12|           8|
    |or_ln92_1015_fu_8964_p2   |    or    |      0|  0|   12|          12|           8|
    |or_ln92_1016_fu_8978_p2   |    or    |      0|  0|   12|          12|           8|
    |or_ln92_1017_fu_8992_p2   |    or    |      0|  0|   12|          12|           8|
    |or_ln92_1018_fu_9006_p2   |    or    |      0|  0|   12|          12|           8|
    |or_ln92_765_fu_5464_p2    |    or    |      0|  0|   12|          12|           2|
    |or_ln92_766_fu_5478_p2    |    or    |      0|  0|   12|          12|           2|
    |or_ln92_767_fu_5492_p2    |    or    |      0|  0|   12|          12|           3|
    |or_ln92_768_fu_5506_p2    |    or    |      0|  0|   12|          12|           3|
    |or_ln92_769_fu_5520_p2    |    or    |      0|  0|   12|          12|           3|
    |or_ln92_770_fu_5534_p2    |    or    |      0|  0|   12|          12|           3|
    |or_ln92_771_fu_5548_p2    |    or    |      0|  0|   12|          12|           4|
    |or_ln92_772_fu_5562_p2    |    or    |      0|  0|   12|          12|           4|
    |or_ln92_773_fu_5576_p2    |    or    |      0|  0|   12|          12|           4|
    |or_ln92_774_fu_5590_p2    |    or    |      0|  0|   12|          12|           4|
    |or_ln92_775_fu_5604_p2    |    or    |      0|  0|   12|          12|           4|
    |or_ln92_776_fu_5618_p2    |    or    |      0|  0|   12|          12|           4|
    |or_ln92_777_fu_5632_p2    |    or    |      0|  0|   12|          12|           4|
    |or_ln92_778_fu_5646_p2    |    or    |      0|  0|   12|          12|           4|
    |or_ln92_779_fu_5660_p2    |    or    |      0|  0|   12|          12|           5|
    |or_ln92_780_fu_5674_p2    |    or    |      0|  0|   12|          12|           5|
    |or_ln92_781_fu_5688_p2    |    or    |      0|  0|   12|          12|           5|
    |or_ln92_782_fu_5702_p2    |    or    |      0|  0|   12|          12|           5|
    |or_ln92_783_fu_5716_p2    |    or    |      0|  0|   12|          12|           5|
    |or_ln92_784_fu_5730_p2    |    or    |      0|  0|   12|          12|           5|
    |or_ln92_785_fu_5744_p2    |    or    |      0|  0|   12|          12|           5|
    |or_ln92_786_fu_5758_p2    |    or    |      0|  0|   12|          12|           5|
    |or_ln92_787_fu_5772_p2    |    or    |      0|  0|   12|          12|           5|
    |or_ln92_788_fu_5786_p2    |    or    |      0|  0|   12|          12|           5|
    |or_ln92_789_fu_5800_p2    |    or    |      0|  0|   12|          12|           5|
    |or_ln92_790_fu_5814_p2    |    or    |      0|  0|   12|          12|           5|
    |or_ln92_791_fu_5828_p2    |    or    |      0|  0|   12|          12|           5|
    |or_ln92_792_fu_5842_p2    |    or    |      0|  0|   12|          12|           5|
    |or_ln92_793_fu_5856_p2    |    or    |      0|  0|   12|          12|           5|
    |or_ln92_794_fu_5870_p2    |    or    |      0|  0|   12|          12|           5|
    |or_ln92_795_fu_5884_p2    |    or    |      0|  0|   12|          12|           6|
    |or_ln92_796_fu_5898_p2    |    or    |      0|  0|   12|          12|           6|
    |or_ln92_797_fu_5912_p2    |    or    |      0|  0|   12|          12|           6|
    |or_ln92_798_fu_5926_p2    |    or    |      0|  0|   12|          12|           6|
    |or_ln92_799_fu_5940_p2    |    or    |      0|  0|   12|          12|           6|
    |or_ln92_800_fu_5954_p2    |    or    |      0|  0|   12|          12|           6|
    |or_ln92_801_fu_5968_p2    |    or    |      0|  0|   12|          12|           6|
    |or_ln92_802_fu_5982_p2    |    or    |      0|  0|   12|          12|           6|
    |or_ln92_803_fu_5996_p2    |    or    |      0|  0|   12|          12|           6|
    |or_ln92_804_fu_6010_p2    |    or    |      0|  0|   12|          12|           6|
    |or_ln92_805_fu_6024_p2    |    or    |      0|  0|   12|          12|           6|
    |or_ln92_806_fu_6038_p2    |    or    |      0|  0|   12|          12|           6|
    |or_ln92_807_fu_6052_p2    |    or    |      0|  0|   12|          12|           6|
    |or_ln92_808_fu_6066_p2    |    or    |      0|  0|   12|          12|           6|
    |or_ln92_809_fu_6080_p2    |    or    |      0|  0|   12|          12|           6|
    |or_ln92_810_fu_6094_p2    |    or    |      0|  0|   12|          12|           6|
    |or_ln92_811_fu_6108_p2    |    or    |      0|  0|   12|          12|           6|
    |or_ln92_812_fu_6122_p2    |    or    |      0|  0|   12|          12|           6|
    |or_ln92_813_fu_6136_p2    |    or    |      0|  0|   12|          12|           6|
    |or_ln92_814_fu_6150_p2    |    or    |      0|  0|   12|          12|           6|
    |or_ln92_815_fu_6164_p2    |    or    |      0|  0|   12|          12|           6|
    |or_ln92_816_fu_6178_p2    |    or    |      0|  0|   12|          12|           6|
    |or_ln92_817_fu_6192_p2    |    or    |      0|  0|   12|          12|           6|
    |or_ln92_818_fu_6206_p2    |    or    |      0|  0|   12|          12|           6|
    |or_ln92_819_fu_6220_p2    |    or    |      0|  0|   12|          12|           6|
    |or_ln92_820_fu_6234_p2    |    or    |      0|  0|   12|          12|           6|
    |or_ln92_821_fu_6248_p2    |    or    |      0|  0|   12|          12|           6|
    |or_ln92_822_fu_6262_p2    |    or    |      0|  0|   12|          12|           6|
    |or_ln92_823_fu_6276_p2    |    or    |      0|  0|   12|          12|           6|
    |or_ln92_824_fu_6290_p2    |    or    |      0|  0|   12|          12|           6|
    |or_ln92_825_fu_6304_p2    |    or    |      0|  0|   12|          12|           6|
    |or_ln92_826_fu_6318_p2    |    or    |      0|  0|   12|          12|           6|
    |or_ln92_827_fu_6332_p2    |    or    |      0|  0|   12|          12|           7|
    |or_ln92_828_fu_6346_p2    |    or    |      0|  0|   12|          12|           7|
    |or_ln92_829_fu_6360_p2    |    or    |      0|  0|   12|          12|           7|
    |or_ln92_830_fu_6374_p2    |    or    |      0|  0|   12|          12|           7|
    |or_ln92_831_fu_6388_p2    |    or    |      0|  0|   12|          12|           7|
    |or_ln92_832_fu_6402_p2    |    or    |      0|  0|   12|          12|           7|
    |or_ln92_833_fu_6416_p2    |    or    |      0|  0|   12|          12|           7|
    |or_ln92_834_fu_6430_p2    |    or    |      0|  0|   12|          12|           7|
    |or_ln92_835_fu_6444_p2    |    or    |      0|  0|   12|          12|           7|
    |or_ln92_836_fu_6458_p2    |    or    |      0|  0|   12|          12|           7|
    |or_ln92_837_fu_6472_p2    |    or    |      0|  0|   12|          12|           7|
    |or_ln92_838_fu_6486_p2    |    or    |      0|  0|   12|          12|           7|
    |or_ln92_839_fu_6500_p2    |    or    |      0|  0|   12|          12|           7|
    |or_ln92_840_fu_6514_p2    |    or    |      0|  0|   12|          12|           7|
    |or_ln92_841_fu_6528_p2    |    or    |      0|  0|   12|          12|           7|
    |or_ln92_842_fu_6542_p2    |    or    |      0|  0|   12|          12|           7|
    |or_ln92_843_fu_6556_p2    |    or    |      0|  0|   12|          12|           7|
    |or_ln92_844_fu_6570_p2    |    or    |      0|  0|   12|          12|           7|
    |or_ln92_845_fu_6584_p2    |    or    |      0|  0|   12|          12|           7|
    |or_ln92_846_fu_6598_p2    |    or    |      0|  0|   12|          12|           7|
    |or_ln92_847_fu_6612_p2    |    or    |      0|  0|   12|          12|           7|
    |or_ln92_848_fu_6626_p2    |    or    |      0|  0|   12|          12|           7|
    |or_ln92_849_fu_6640_p2    |    or    |      0|  0|   12|          12|           7|
    |or_ln92_850_fu_6654_p2    |    or    |      0|  0|   12|          12|           7|
    |or_ln92_851_fu_6668_p2    |    or    |      0|  0|   12|          12|           7|
    |or_ln92_852_fu_6682_p2    |    or    |      0|  0|   12|          12|           7|
    |or_ln92_853_fu_6696_p2    |    or    |      0|  0|   12|          12|           7|
    |or_ln92_854_fu_6710_p2    |    or    |      0|  0|   12|          12|           7|
    |or_ln92_855_fu_6724_p2    |    or    |      0|  0|   12|          12|           7|
    |or_ln92_856_fu_6738_p2    |    or    |      0|  0|   12|          12|           7|
    |or_ln92_857_fu_6752_p2    |    or    |      0|  0|   12|          12|           7|
    |or_ln92_858_fu_6766_p2    |    or    |      0|  0|   12|          12|           7|
    |or_ln92_859_fu_6780_p2    |    or    |      0|  0|   12|          12|           7|
    |or_ln92_860_fu_6794_p2    |    or    |      0|  0|   12|          12|           7|
    |or_ln92_861_fu_6808_p2    |    or    |      0|  0|   12|          12|           7|
    |or_ln92_862_fu_6822_p2    |    or    |      0|  0|   12|          12|           7|
    |or_ln92_863_fu_6836_p2    |    or    |      0|  0|   12|          12|           7|
    |or_ln92_864_fu_6850_p2    |    or    |      0|  0|   12|          12|           7|
    |or_ln92_865_fu_6864_p2    |    or    |      0|  0|   12|          12|           7|
    |or_ln92_866_fu_6878_p2    |    or    |      0|  0|   12|          12|           7|
    |or_ln92_867_fu_6892_p2    |    or    |      0|  0|   12|          12|           7|
    |or_ln92_868_fu_6906_p2    |    or    |      0|  0|   12|          12|           7|
    |or_ln92_869_fu_6920_p2    |    or    |      0|  0|   12|          12|           7|
    |or_ln92_870_fu_6934_p2    |    or    |      0|  0|   12|          12|           7|
    |or_ln92_871_fu_6948_p2    |    or    |      0|  0|   12|          12|           7|
    |or_ln92_872_fu_6962_p2    |    or    |      0|  0|   12|          12|           7|
    |or_ln92_873_fu_6976_p2    |    or    |      0|  0|   12|          12|           7|
    |or_ln92_874_fu_6990_p2    |    or    |      0|  0|   12|          12|           7|
    |or_ln92_875_fu_7004_p2    |    or    |      0|  0|   12|          12|           7|
    |or_ln92_876_fu_7018_p2    |    or    |      0|  0|   12|          12|           7|
    |or_ln92_877_fu_7032_p2    |    or    |      0|  0|   12|          12|           7|
    |or_ln92_878_fu_7046_p2    |    or    |      0|  0|   12|          12|           7|
    |or_ln92_879_fu_7060_p2    |    or    |      0|  0|   12|          12|           7|
    |or_ln92_880_fu_7074_p2    |    or    |      0|  0|   12|          12|           7|
    |or_ln92_881_fu_7088_p2    |    or    |      0|  0|   12|          12|           7|
    |or_ln92_882_fu_7102_p2    |    or    |      0|  0|   12|          12|           7|
    |or_ln92_883_fu_7116_p2    |    or    |      0|  0|   12|          12|           7|
    |or_ln92_884_fu_7130_p2    |    or    |      0|  0|   12|          12|           7|
    |or_ln92_885_fu_7144_p2    |    or    |      0|  0|   12|          12|           7|
    |or_ln92_886_fu_7158_p2    |    or    |      0|  0|   12|          12|           7|
    |or_ln92_887_fu_7172_p2    |    or    |      0|  0|   12|          12|           7|
    |or_ln92_888_fu_7186_p2    |    or    |      0|  0|   12|          12|           7|
    |or_ln92_889_fu_7200_p2    |    or    |      0|  0|   12|          12|           7|
    |or_ln92_890_fu_7214_p2    |    or    |      0|  0|   12|          12|           7|
    |or_ln92_891_fu_7228_p2    |    or    |      0|  0|   12|          12|           8|
    |or_ln92_892_fu_7242_p2    |    or    |      0|  0|   12|          12|           8|
    |or_ln92_893_fu_7256_p2    |    or    |      0|  0|   12|          12|           8|
    |or_ln92_894_fu_7270_p2    |    or    |      0|  0|   12|          12|           8|
    |or_ln92_895_fu_7284_p2    |    or    |      0|  0|   12|          12|           8|
    |or_ln92_896_fu_7298_p2    |    or    |      0|  0|   12|          12|           8|
    |or_ln92_897_fu_7312_p2    |    or    |      0|  0|   12|          12|           8|
    |or_ln92_898_fu_7326_p2    |    or    |      0|  0|   12|          12|           8|
    |or_ln92_899_fu_7340_p2    |    or    |      0|  0|   12|          12|           8|
    |or_ln92_900_fu_7354_p2    |    or    |      0|  0|   12|          12|           8|
    |or_ln92_901_fu_7368_p2    |    or    |      0|  0|   12|          12|           8|
    |or_ln92_902_fu_7382_p2    |    or    |      0|  0|   12|          12|           8|
    |or_ln92_903_fu_7396_p2    |    or    |      0|  0|   12|          12|           8|
    |or_ln92_904_fu_7410_p2    |    or    |      0|  0|   12|          12|           8|
    |or_ln92_905_fu_7424_p2    |    or    |      0|  0|   12|          12|           8|
    |or_ln92_906_fu_7438_p2    |    or    |      0|  0|   12|          12|           8|
    |or_ln92_907_fu_7452_p2    |    or    |      0|  0|   12|          12|           8|
    |or_ln92_908_fu_7466_p2    |    or    |      0|  0|   12|          12|           8|
    |or_ln92_909_fu_7480_p2    |    or    |      0|  0|   12|          12|           8|
    |or_ln92_910_fu_7494_p2    |    or    |      0|  0|   12|          12|           8|
    |or_ln92_911_fu_7508_p2    |    or    |      0|  0|   12|          12|           8|
    |or_ln92_912_fu_7522_p2    |    or    |      0|  0|   12|          12|           8|
    |or_ln92_913_fu_7536_p2    |    or    |      0|  0|   12|          12|           8|
    |or_ln92_914_fu_7550_p2    |    or    |      0|  0|   12|          12|           8|
    |or_ln92_915_fu_7564_p2    |    or    |      0|  0|   12|          12|           8|
    |or_ln92_916_fu_7578_p2    |    or    |      0|  0|   12|          12|           8|
    |or_ln92_917_fu_7592_p2    |    or    |      0|  0|   12|          12|           8|
    |or_ln92_918_fu_7606_p2    |    or    |      0|  0|   12|          12|           8|
    |or_ln92_919_fu_7620_p2    |    or    |      0|  0|   12|          12|           8|
    |or_ln92_920_fu_7634_p2    |    or    |      0|  0|   12|          12|           8|
    |or_ln92_921_fu_7648_p2    |    or    |      0|  0|   12|          12|           8|
    |or_ln92_922_fu_7662_p2    |    or    |      0|  0|   12|          12|           8|
    |or_ln92_923_fu_7676_p2    |    or    |      0|  0|   12|          12|           8|
    |or_ln92_924_fu_7690_p2    |    or    |      0|  0|   12|          12|           8|
    |or_ln92_925_fu_7704_p2    |    or    |      0|  0|   12|          12|           8|
    |or_ln92_926_fu_7718_p2    |    or    |      0|  0|   12|          12|           8|
    |or_ln92_927_fu_7732_p2    |    or    |      0|  0|   12|          12|           8|
    |or_ln92_928_fu_7746_p2    |    or    |      0|  0|   12|          12|           8|
    |or_ln92_929_fu_7760_p2    |    or    |      0|  0|   12|          12|           8|
    |or_ln92_930_fu_7774_p2    |    or    |      0|  0|   12|          12|           8|
    |or_ln92_931_fu_7788_p2    |    or    |      0|  0|   12|          12|           8|
    |or_ln92_932_fu_7802_p2    |    or    |      0|  0|   12|          12|           8|
    |or_ln92_933_fu_7816_p2    |    or    |      0|  0|   12|          12|           8|
    |or_ln92_934_fu_7830_p2    |    or    |      0|  0|   12|          12|           8|
    |or_ln92_935_fu_7844_p2    |    or    |      0|  0|   12|          12|           8|
    |or_ln92_936_fu_7858_p2    |    or    |      0|  0|   12|          12|           8|
    |or_ln92_937_fu_7872_p2    |    or    |      0|  0|   12|          12|           8|
    |or_ln92_938_fu_7886_p2    |    or    |      0|  0|   12|          12|           8|
    |or_ln92_939_fu_7900_p2    |    or    |      0|  0|   12|          12|           8|
    |or_ln92_940_fu_7914_p2    |    or    |      0|  0|   12|          12|           8|
    |or_ln92_941_fu_7928_p2    |    or    |      0|  0|   12|          12|           8|
    |or_ln92_942_fu_7942_p2    |    or    |      0|  0|   12|          12|           8|
    |or_ln92_943_fu_7956_p2    |    or    |      0|  0|   12|          12|           8|
    |or_ln92_944_fu_7970_p2    |    or    |      0|  0|   12|          12|           8|
    |or_ln92_945_fu_7984_p2    |    or    |      0|  0|   12|          12|           8|
    |or_ln92_946_fu_7998_p2    |    or    |      0|  0|   12|          12|           8|
    |or_ln92_947_fu_8012_p2    |    or    |      0|  0|   12|          12|           8|
    |or_ln92_948_fu_8026_p2    |    or    |      0|  0|   12|          12|           8|
    |or_ln92_949_fu_8040_p2    |    or    |      0|  0|   12|          12|           8|
    |or_ln92_950_fu_8054_p2    |    or    |      0|  0|   12|          12|           8|
    |or_ln92_951_fu_8068_p2    |    or    |      0|  0|   12|          12|           8|
    |or_ln92_952_fu_8082_p2    |    or    |      0|  0|   12|          12|           8|
    |or_ln92_953_fu_8096_p2    |    or    |      0|  0|   12|          12|           8|
    |or_ln92_954_fu_8110_p2    |    or    |      0|  0|   12|          12|           8|
    |or_ln92_955_fu_8124_p2    |    or    |      0|  0|   12|          12|           8|
    |or_ln92_956_fu_8138_p2    |    or    |      0|  0|   12|          12|           8|
    |or_ln92_957_fu_8152_p2    |    or    |      0|  0|   12|          12|           8|
    |or_ln92_958_fu_8166_p2    |    or    |      0|  0|   12|          12|           8|
    |or_ln92_959_fu_8180_p2    |    or    |      0|  0|   12|          12|           8|
    |or_ln92_960_fu_8194_p2    |    or    |      0|  0|   12|          12|           8|
    |or_ln92_961_fu_8208_p2    |    or    |      0|  0|   12|          12|           8|
    |or_ln92_962_fu_8222_p2    |    or    |      0|  0|   12|          12|           8|
    |or_ln92_963_fu_8236_p2    |    or    |      0|  0|   12|          12|           8|
    |or_ln92_964_fu_8250_p2    |    or    |      0|  0|   12|          12|           8|
    |or_ln92_965_fu_8264_p2    |    or    |      0|  0|   12|          12|           8|
    |or_ln92_966_fu_8278_p2    |    or    |      0|  0|   12|          12|           8|
    |or_ln92_967_fu_8292_p2    |    or    |      0|  0|   12|          12|           8|
    |or_ln92_968_fu_8306_p2    |    or    |      0|  0|   12|          12|           8|
    |or_ln92_969_fu_8320_p2    |    or    |      0|  0|   12|          12|           8|
    |or_ln92_970_fu_8334_p2    |    or    |      0|  0|   12|          12|           8|
    |or_ln92_971_fu_8348_p2    |    or    |      0|  0|   12|          12|           8|
    |or_ln92_972_fu_8362_p2    |    or    |      0|  0|   12|          12|           8|
    |or_ln92_973_fu_8376_p2    |    or    |      0|  0|   12|          12|           8|
    |or_ln92_974_fu_8390_p2    |    or    |      0|  0|   12|          12|           8|
    |or_ln92_975_fu_8404_p2    |    or    |      0|  0|   12|          12|           8|
    |or_ln92_976_fu_8418_p2    |    or    |      0|  0|   12|          12|           8|
    |or_ln92_977_fu_8432_p2    |    or    |      0|  0|   12|          12|           8|
    |or_ln92_978_fu_8446_p2    |    or    |      0|  0|   12|          12|           8|
    |or_ln92_979_fu_8460_p2    |    or    |      0|  0|   12|          12|           8|
    |or_ln92_980_fu_8474_p2    |    or    |      0|  0|   12|          12|           8|
    |or_ln92_981_fu_8488_p2    |    or    |      0|  0|   12|          12|           8|
    |or_ln92_982_fu_8502_p2    |    or    |      0|  0|   12|          12|           8|
    |or_ln92_983_fu_8516_p2    |    or    |      0|  0|   12|          12|           8|
    |or_ln92_984_fu_8530_p2    |    or    |      0|  0|   12|          12|           8|
    |or_ln92_985_fu_8544_p2    |    or    |      0|  0|   12|          12|           8|
    |or_ln92_986_fu_8558_p2    |    or    |      0|  0|   12|          12|           8|
    |or_ln92_987_fu_8572_p2    |    or    |      0|  0|   12|          12|           8|
    |or_ln92_988_fu_8586_p2    |    or    |      0|  0|   12|          12|           8|
    |or_ln92_989_fu_8600_p2    |    or    |      0|  0|   12|          12|           8|
    |or_ln92_990_fu_8614_p2    |    or    |      0|  0|   12|          12|           8|
    |or_ln92_991_fu_8628_p2    |    or    |      0|  0|   12|          12|           8|
    |or_ln92_992_fu_8642_p2    |    or    |      0|  0|   12|          12|           8|
    |or_ln92_993_fu_8656_p2    |    or    |      0|  0|   12|          12|           8|
    |or_ln92_994_fu_8670_p2    |    or    |      0|  0|   12|          12|           8|
    |or_ln92_995_fu_8684_p2    |    or    |      0|  0|   12|          12|           8|
    |or_ln92_996_fu_8698_p2    |    or    |      0|  0|   12|          12|           8|
    |or_ln92_997_fu_8712_p2    |    or    |      0|  0|   12|          12|           8|
    |or_ln92_998_fu_8726_p2    |    or    |      0|  0|   12|          12|           8|
    |or_ln92_999_fu_8740_p2    |    or    |      0|  0|   12|          12|           8|
    |or_ln92_fu_5449_p2        |    or    |      0|  0|   12|          12|           1|
    +--------------------------+----------+-------+---+-----+------------+------------+
    |Total                     |          |      0|  0|12966|       11188|        9921|
    +--------------------------+----------+-------+---+-----+------------+------------+

    * Multiplexer: 
    +-------------------+------+-----------+-----+-----------+
    |        Name       |  LUT | Input Size| Bits| Total Bits|
    +-------------------+------+-----------+-----+-----------+
    |ap_NS_fsm          |  1173|        257|    1|        257|
    |b_coeffs_address0  |   581|        129|    8|       1032|
    |b_coeffs_address1  |   581|        129|    8|       1032|
    |c_coeffs_address0  |  1173|        257|   10|       2570|
    |c_coeffs_address1  |  1173|        257|   10|       2570|
    |c_coeffs_d0        |   545|        128|   32|       4096|
    |c_coeffs_d1        |   545|        128|   32|       4096|
    +-------------------+------+-----------+-----+-----------+
    |Total              |  5771|       1285|  101|      15653|
    +-------------------+------+-----------+-----+-----------+

    * Register: 
    +-----------------------------+-----+----+-----+-----------+
    |             Name            |  FF | LUT| Bits| Const Bits|
    +-----------------------------+-----+----+-----+-----------+
    |ap_CS_fsm                    |  256|   0|  256|          0|
    |c_coeffs_addr_512_reg_10795  |    2|   0|   10|          8|
    |c_coeffs_addr_513_reg_10800  |    2|   0|   10|          8|
    |c_coeffs_addr_514_reg_10805  |    2|   0|   10|          8|
    |c_coeffs_addr_515_reg_10810  |    2|   0|   10|          8|
    |c_coeffs_addr_516_reg_10815  |    2|   0|   10|          8|
    |c_coeffs_addr_517_reg_10830  |    2|   0|   10|          8|
    |c_coeffs_addr_518_reg_10835  |    2|   0|   10|          8|
    |c_coeffs_addr_519_reg_10850  |    2|   0|   10|          8|
    |c_coeffs_addr_520_reg_10855  |    2|   0|   10|          8|
    |c_coeffs_addr_521_reg_10870  |    2|   0|   10|          8|
    |c_coeffs_addr_522_reg_10875  |    2|   0|   10|          8|
    |c_coeffs_addr_523_reg_10890  |    2|   0|   10|          8|
    |c_coeffs_addr_524_reg_10895  |    2|   0|   10|          8|
    |c_coeffs_addr_525_reg_10910  |    2|   0|   10|          8|
    |c_coeffs_addr_526_reg_10915  |    2|   0|   10|          8|
    |c_coeffs_addr_527_reg_10930  |    2|   0|   10|          8|
    |c_coeffs_addr_528_reg_10935  |    2|   0|   10|          8|
    |c_coeffs_addr_529_reg_10950  |    2|   0|   10|          8|
    |c_coeffs_addr_530_reg_10955  |    2|   0|   10|          8|
    |c_coeffs_addr_531_reg_10970  |    2|   0|   10|          8|
    |c_coeffs_addr_532_reg_10975  |    2|   0|   10|          8|
    |c_coeffs_addr_533_reg_10990  |    2|   0|   10|          8|
    |c_coeffs_addr_534_reg_10995  |    2|   0|   10|          8|
    |c_coeffs_addr_535_reg_11010  |    2|   0|   10|          8|
    |c_coeffs_addr_536_reg_11015  |    2|   0|   10|          8|
    |c_coeffs_addr_537_reg_11030  |    2|   0|   10|          8|
    |c_coeffs_addr_538_reg_11035  |    2|   0|   10|          8|
    |c_coeffs_addr_539_reg_11050  |    2|   0|   10|          8|
    |c_coeffs_addr_540_reg_11055  |    2|   0|   10|          8|
    |c_coeffs_addr_541_reg_11070  |    2|   0|   10|          8|
    |c_coeffs_addr_542_reg_11075  |    2|   0|   10|          8|
    |c_coeffs_addr_543_reg_11090  |    2|   0|   10|          8|
    |c_coeffs_addr_544_reg_11095  |    2|   0|   10|          8|
    |c_coeffs_addr_545_reg_11110  |    2|   0|   10|          8|
    |c_coeffs_addr_546_reg_11115  |    2|   0|   10|          8|
    |c_coeffs_addr_547_reg_11130  |    2|   0|   10|          8|
    |c_coeffs_addr_548_reg_11135  |    2|   0|   10|          8|
    |c_coeffs_addr_549_reg_11150  |    2|   0|   10|          8|
    |c_coeffs_addr_550_reg_11155  |    2|   0|   10|          8|
    |c_coeffs_addr_551_reg_11170  |    2|   0|   10|          8|
    |c_coeffs_addr_552_reg_11175  |    2|   0|   10|          8|
    |c_coeffs_addr_553_reg_11190  |    2|   0|   10|          8|
    |c_coeffs_addr_554_reg_11195  |    2|   0|   10|          8|
    |c_coeffs_addr_555_reg_11210  |    2|   0|   10|          8|
    |c_coeffs_addr_556_reg_11215  |    2|   0|   10|          8|
    |c_coeffs_addr_557_reg_11230  |    2|   0|   10|          8|
    |c_coeffs_addr_558_reg_11235  |    2|   0|   10|          8|
    |c_coeffs_addr_559_reg_11250  |    2|   0|   10|          8|
    |c_coeffs_addr_560_reg_11255  |    2|   0|   10|          8|
    |c_coeffs_addr_561_reg_11270  |    2|   0|   10|          8|
    |c_coeffs_addr_562_reg_11275  |    2|   0|   10|          8|
    |c_coeffs_addr_563_reg_11290  |    2|   0|   10|          8|
    |c_coeffs_addr_564_reg_11295  |    2|   0|   10|          8|
    |c_coeffs_addr_565_reg_11310  |    2|   0|   10|          8|
    |c_coeffs_addr_566_reg_11315  |    2|   0|   10|          8|
    |c_coeffs_addr_567_reg_11330  |    2|   0|   10|          8|
    |c_coeffs_addr_568_reg_11335  |    2|   0|   10|          8|
    |c_coeffs_addr_569_reg_11350  |    2|   0|   10|          8|
    |c_coeffs_addr_570_reg_11355  |    2|   0|   10|          8|
    |c_coeffs_addr_571_reg_11370  |    2|   0|   10|          8|
    |c_coeffs_addr_572_reg_11375  |    2|   0|   10|          8|
    |c_coeffs_addr_573_reg_11390  |    2|   0|   10|          8|
    |c_coeffs_addr_574_reg_11395  |    2|   0|   10|          8|
    |c_coeffs_addr_575_reg_11410  |    2|   0|   10|          8|
    |c_coeffs_addr_576_reg_11415  |    2|   0|   10|          8|
    |c_coeffs_addr_577_reg_11430  |    2|   0|   10|          8|
    |c_coeffs_addr_578_reg_11435  |    2|   0|   10|          8|
    |c_coeffs_addr_579_reg_11450  |    2|   0|   10|          8|
    |c_coeffs_addr_580_reg_11455  |    2|   0|   10|          8|
    |c_coeffs_addr_581_reg_11470  |    2|   0|   10|          8|
    |c_coeffs_addr_582_reg_11475  |    2|   0|   10|          8|
    |c_coeffs_addr_583_reg_11490  |    2|   0|   10|          8|
    |c_coeffs_addr_584_reg_11495  |    2|   0|   10|          8|
    |c_coeffs_addr_585_reg_11510  |    2|   0|   10|          8|
    |c_coeffs_addr_586_reg_11515  |    2|   0|   10|          8|
    |c_coeffs_addr_587_reg_11530  |    2|   0|   10|          8|
    |c_coeffs_addr_588_reg_11535  |    2|   0|   10|          8|
    |c_coeffs_addr_589_reg_11550  |    2|   0|   10|          8|
    |c_coeffs_addr_590_reg_11555  |    2|   0|   10|          8|
    |c_coeffs_addr_591_reg_11570  |    2|   0|   10|          8|
    |c_coeffs_addr_592_reg_11575  |    2|   0|   10|          8|
    |c_coeffs_addr_593_reg_11590  |    2|   0|   10|          8|
    |c_coeffs_addr_594_reg_11595  |    2|   0|   10|          8|
    |c_coeffs_addr_595_reg_11610  |    2|   0|   10|          8|
    |c_coeffs_addr_596_reg_11615  |    2|   0|   10|          8|
    |c_coeffs_addr_597_reg_11630  |    2|   0|   10|          8|
    |c_coeffs_addr_598_reg_11635  |    2|   0|   10|          8|
    |c_coeffs_addr_599_reg_11650  |    2|   0|   10|          8|
    |c_coeffs_addr_600_reg_11655  |    2|   0|   10|          8|
    |c_coeffs_addr_601_reg_11670  |    2|   0|   10|          8|
    |c_coeffs_addr_602_reg_11675  |    2|   0|   10|          8|
    |c_coeffs_addr_603_reg_11690  |    2|   0|   10|          8|
    |c_coeffs_addr_604_reg_11695  |    2|   0|   10|          8|
    |c_coeffs_addr_605_reg_11710  |    2|   0|   10|          8|
    |c_coeffs_addr_606_reg_11715  |    2|   0|   10|          8|
    |c_coeffs_addr_607_reg_11730  |    2|   0|   10|          8|
    |c_coeffs_addr_608_reg_11735  |    2|   0|   10|          8|
    |c_coeffs_addr_609_reg_11750  |    2|   0|   10|          8|
    |c_coeffs_addr_610_reg_11755  |    2|   0|   10|          8|
    |c_coeffs_addr_611_reg_11770  |    2|   0|   10|          8|
    |c_coeffs_addr_612_reg_11775  |    2|   0|   10|          8|
    |c_coeffs_addr_613_reg_11790  |    2|   0|   10|          8|
    |c_coeffs_addr_614_reg_11795  |    2|   0|   10|          8|
    |c_coeffs_addr_615_reg_11810  |    2|   0|   10|          8|
    |c_coeffs_addr_616_reg_11815  |    2|   0|   10|          8|
    |c_coeffs_addr_617_reg_11830  |    2|   0|   10|          8|
    |c_coeffs_addr_618_reg_11835  |    2|   0|   10|          8|
    |c_coeffs_addr_619_reg_11850  |    2|   0|   10|          8|
    |c_coeffs_addr_620_reg_11855  |    2|   0|   10|          8|
    |c_coeffs_addr_621_reg_11870  |    2|   0|   10|          8|
    |c_coeffs_addr_622_reg_11875  |    2|   0|   10|          8|
    |c_coeffs_addr_623_reg_11890  |    2|   0|   10|          8|
    |c_coeffs_addr_624_reg_11895  |    2|   0|   10|          8|
    |c_coeffs_addr_625_reg_11910  |    2|   0|   10|          8|
    |c_coeffs_addr_626_reg_11915  |    2|   0|   10|          8|
    |c_coeffs_addr_627_reg_11930  |    2|   0|   10|          8|
    |c_coeffs_addr_628_reg_11935  |    2|   0|   10|          8|
    |c_coeffs_addr_629_reg_11950  |    2|   0|   10|          8|
    |c_coeffs_addr_630_reg_11955  |    2|   0|   10|          8|
    |c_coeffs_addr_631_reg_11970  |    2|   0|   10|          8|
    |c_coeffs_addr_632_reg_11975  |    2|   0|   10|          8|
    |c_coeffs_addr_633_reg_11990  |    2|   0|   10|          8|
    |c_coeffs_addr_634_reg_11995  |    2|   0|   10|          8|
    |c_coeffs_addr_635_reg_12010  |    2|   0|   10|          8|
    |c_coeffs_addr_636_reg_12015  |    2|   0|   10|          8|
    |c_coeffs_addr_637_reg_12030  |    2|   0|   10|          8|
    |c_coeffs_addr_638_reg_12035  |    2|   0|   10|          8|
    |c_coeffs_addr_639_reg_12050  |    2|   0|   10|          8|
    |c_coeffs_addr_640_reg_12055  |    2|   0|   10|          8|
    |c_coeffs_addr_641_reg_12070  |    2|   0|   10|          8|
    |c_coeffs_addr_642_reg_12075  |    2|   0|   10|          8|
    |c_coeffs_addr_643_reg_12090  |    2|   0|   10|          8|
    |c_coeffs_addr_644_reg_12095  |    2|   0|   10|          8|
    |c_coeffs_addr_645_reg_12110  |    2|   0|   10|          8|
    |c_coeffs_addr_646_reg_12115  |    2|   0|   10|          8|
    |c_coeffs_addr_647_reg_12130  |    2|   0|   10|          8|
    |c_coeffs_addr_648_reg_12135  |    2|   0|   10|          8|
    |c_coeffs_addr_649_reg_12150  |    2|   0|   10|          8|
    |c_coeffs_addr_650_reg_12155  |    2|   0|   10|          8|
    |c_coeffs_addr_651_reg_12170  |    2|   0|   10|          8|
    |c_coeffs_addr_652_reg_12175  |    2|   0|   10|          8|
    |c_coeffs_addr_653_reg_12190  |    2|   0|   10|          8|
    |c_coeffs_addr_654_reg_12195  |    2|   0|   10|          8|
    |c_coeffs_addr_655_reg_12210  |    2|   0|   10|          8|
    |c_coeffs_addr_656_reg_12215  |    2|   0|   10|          8|
    |c_coeffs_addr_657_reg_12230  |    2|   0|   10|          8|
    |c_coeffs_addr_658_reg_12235  |    2|   0|   10|          8|
    |c_coeffs_addr_659_reg_12250  |    2|   0|   10|          8|
    |c_coeffs_addr_660_reg_12255  |    2|   0|   10|          8|
    |c_coeffs_addr_661_reg_12270  |    2|   0|   10|          8|
    |c_coeffs_addr_662_reg_12275  |    2|   0|   10|          8|
    |c_coeffs_addr_663_reg_12290  |    2|   0|   10|          8|
    |c_coeffs_addr_664_reg_12295  |    2|   0|   10|          8|
    |c_coeffs_addr_665_reg_12310  |    2|   0|   10|          8|
    |c_coeffs_addr_666_reg_12315  |    2|   0|   10|          8|
    |c_coeffs_addr_667_reg_12330  |    2|   0|   10|          8|
    |c_coeffs_addr_668_reg_12335  |    2|   0|   10|          8|
    |c_coeffs_addr_669_reg_12350  |    2|   0|   10|          8|
    |c_coeffs_addr_670_reg_12355  |    2|   0|   10|          8|
    |c_coeffs_addr_671_reg_12370  |    2|   0|   10|          8|
    |c_coeffs_addr_672_reg_12375  |    2|   0|   10|          8|
    |c_coeffs_addr_673_reg_12390  |    2|   0|   10|          8|
    |c_coeffs_addr_674_reg_12395  |    2|   0|   10|          8|
    |c_coeffs_addr_675_reg_12410  |    2|   0|   10|          8|
    |c_coeffs_addr_676_reg_12415  |    2|   0|   10|          8|
    |c_coeffs_addr_677_reg_12430  |    2|   0|   10|          8|
    |c_coeffs_addr_678_reg_12435  |    2|   0|   10|          8|
    |c_coeffs_addr_679_reg_12450  |    2|   0|   10|          8|
    |c_coeffs_addr_680_reg_12455  |    2|   0|   10|          8|
    |c_coeffs_addr_681_reg_12470  |    2|   0|   10|          8|
    |c_coeffs_addr_682_reg_12475  |    2|   0|   10|          8|
    |c_coeffs_addr_683_reg_12490  |    2|   0|   10|          8|
    |c_coeffs_addr_684_reg_12495  |    2|   0|   10|          8|
    |c_coeffs_addr_685_reg_12510  |    2|   0|   10|          8|
    |c_coeffs_addr_686_reg_12515  |    2|   0|   10|          8|
    |c_coeffs_addr_687_reg_12530  |    2|   0|   10|          8|
    |c_coeffs_addr_688_reg_12535  |    2|   0|   10|          8|
    |c_coeffs_addr_689_reg_12550  |    2|   0|   10|          8|
    |c_coeffs_addr_690_reg_12555  |    2|   0|   10|          8|
    |c_coeffs_addr_691_reg_12570  |    2|   0|   10|          8|
    |c_coeffs_addr_692_reg_12575  |    2|   0|   10|          8|
    |c_coeffs_addr_693_reg_12590  |    2|   0|   10|          8|
    |c_coeffs_addr_694_reg_12595  |    2|   0|   10|          8|
    |c_coeffs_addr_695_reg_12610  |    2|   0|   10|          8|
    |c_coeffs_addr_696_reg_12615  |    2|   0|   10|          8|
    |c_coeffs_addr_697_reg_12630  |    2|   0|   10|          8|
    |c_coeffs_addr_698_reg_12635  |    2|   0|   10|          8|
    |c_coeffs_addr_699_reg_12650  |    2|   0|   10|          8|
    |c_coeffs_addr_700_reg_12655  |    2|   0|   10|          8|
    |c_coeffs_addr_701_reg_12670  |    2|   0|   10|          8|
    |c_coeffs_addr_702_reg_12675  |    2|   0|   10|          8|
    |c_coeffs_addr_703_reg_12690  |    2|   0|   10|          8|
    |c_coeffs_addr_704_reg_12695  |    2|   0|   10|          8|
    |c_coeffs_addr_705_reg_12710  |    2|   0|   10|          8|
    |c_coeffs_addr_706_reg_12715  |    2|   0|   10|          8|
    |c_coeffs_addr_707_reg_12730  |    2|   0|   10|          8|
    |c_coeffs_addr_708_reg_12735  |    2|   0|   10|          8|
    |c_coeffs_addr_709_reg_12750  |    2|   0|   10|          8|
    |c_coeffs_addr_710_reg_12755  |    2|   0|   10|          8|
    |c_coeffs_addr_711_reg_12770  |    2|   0|   10|          8|
    |c_coeffs_addr_712_reg_12775  |    2|   0|   10|          8|
    |c_coeffs_addr_713_reg_12790  |    2|   0|   10|          8|
    |c_coeffs_addr_714_reg_12795  |    2|   0|   10|          8|
    |c_coeffs_addr_715_reg_12810  |    2|   0|   10|          8|
    |c_coeffs_addr_716_reg_12815  |    2|   0|   10|          8|
    |c_coeffs_addr_717_reg_12830  |    2|   0|   10|          8|
    |c_coeffs_addr_718_reg_12835  |    2|   0|   10|          8|
    |c_coeffs_addr_719_reg_12850  |    2|   0|   10|          8|
    |c_coeffs_addr_720_reg_12855  |    2|   0|   10|          8|
    |c_coeffs_addr_721_reg_12870  |    2|   0|   10|          8|
    |c_coeffs_addr_722_reg_12875  |    2|   0|   10|          8|
    |c_coeffs_addr_723_reg_12890  |    2|   0|   10|          8|
    |c_coeffs_addr_724_reg_12895  |    2|   0|   10|          8|
    |c_coeffs_addr_725_reg_12910  |    2|   0|   10|          8|
    |c_coeffs_addr_726_reg_12915  |    2|   0|   10|          8|
    |c_coeffs_addr_727_reg_12930  |    2|   0|   10|          8|
    |c_coeffs_addr_728_reg_12935  |    2|   0|   10|          8|
    |c_coeffs_addr_729_reg_12950  |    2|   0|   10|          8|
    |c_coeffs_addr_730_reg_12955  |    2|   0|   10|          8|
    |c_coeffs_addr_731_reg_12970  |    2|   0|   10|          8|
    |c_coeffs_addr_732_reg_12975  |    2|   0|   10|          8|
    |c_coeffs_addr_733_reg_12990  |    2|   0|   10|          8|
    |c_coeffs_addr_734_reg_12995  |    2|   0|   10|          8|
    |c_coeffs_addr_735_reg_13010  |    2|   0|   10|          8|
    |c_coeffs_addr_736_reg_13015  |    2|   0|   10|          8|
    |c_coeffs_addr_737_reg_13030  |    2|   0|   10|          8|
    |c_coeffs_addr_738_reg_13035  |    2|   0|   10|          8|
    |c_coeffs_addr_739_reg_13050  |    2|   0|   10|          8|
    |c_coeffs_addr_740_reg_13055  |    2|   0|   10|          8|
    |c_coeffs_addr_741_reg_13070  |    2|   0|   10|          8|
    |c_coeffs_addr_742_reg_13075  |    2|   0|   10|          8|
    |c_coeffs_addr_743_reg_13090  |    2|   0|   10|          8|
    |c_coeffs_addr_744_reg_13095  |    2|   0|   10|          8|
    |c_coeffs_addr_745_reg_13110  |    2|   0|   10|          8|
    |c_coeffs_addr_746_reg_13115  |    2|   0|   10|          8|
    |c_coeffs_addr_747_reg_13130  |    2|   0|   10|          8|
    |c_coeffs_addr_748_reg_13135  |    2|   0|   10|          8|
    |c_coeffs_addr_749_reg_13150  |    2|   0|   10|          8|
    |c_coeffs_addr_750_reg_13155  |    2|   0|   10|          8|
    |c_coeffs_addr_751_reg_13170  |    2|   0|   10|          8|
    |c_coeffs_addr_752_reg_13175  |    2|   0|   10|          8|
    |c_coeffs_addr_753_reg_13190  |    2|   0|   10|          8|
    |c_coeffs_addr_754_reg_13195  |    2|   0|   10|          8|
    |c_coeffs_addr_755_reg_13210  |    2|   0|   10|          8|
    |c_coeffs_addr_756_reg_13215  |    2|   0|   10|          8|
    |c_coeffs_addr_757_reg_13230  |    2|   0|   10|          8|
    |c_coeffs_addr_758_reg_13235  |    2|   0|   10|          8|
    |c_coeffs_addr_759_reg_13250  |    2|   0|   10|          8|
    |c_coeffs_addr_760_reg_13255  |    2|   0|   10|          8|
    |c_coeffs_addr_761_reg_13270  |    2|   0|   10|          8|
    |c_coeffs_addr_762_reg_13275  |    2|   0|   10|          8|
    |c_coeffs_addr_763_reg_13290  |    2|   0|   10|          8|
    |c_coeffs_addr_764_reg_13295  |    2|   0|   10|          8|
    |c_coeffs_addr_765_reg_13310  |    2|   0|   10|          8|
    |c_coeffs_addr_766_reg_13315  |    2|   0|   10|          8|
    |c_coeffs_addr_reg_10790      |    2|   0|   10|          8|
    |c_coeffs_load_257_reg_10820  |   32|   0|   32|          0|
    |c_coeffs_load_258_reg_10825  |   32|   0|   32|          0|
    |c_coeffs_load_259_reg_10840  |   32|   0|   32|          0|
    |c_coeffs_load_260_reg_10845  |   32|   0|   32|          0|
    |c_coeffs_load_261_reg_10860  |   32|   0|   32|          0|
    |c_coeffs_load_262_reg_10865  |   32|   0|   32|          0|
    |c_coeffs_load_263_reg_10880  |   32|   0|   32|          0|
    |c_coeffs_load_264_reg_10885  |   32|   0|   32|          0|
    |c_coeffs_load_265_reg_10900  |   32|   0|   32|          0|
    |c_coeffs_load_266_reg_10905  |   32|   0|   32|          0|
    |c_coeffs_load_267_reg_10920  |   32|   0|   32|          0|
    |c_coeffs_load_268_reg_10925  |   32|   0|   32|          0|
    |c_coeffs_load_269_reg_10940  |   32|   0|   32|          0|
    |c_coeffs_load_270_reg_10945  |   32|   0|   32|          0|
    |c_coeffs_load_271_reg_10960  |   32|   0|   32|          0|
    |c_coeffs_load_272_reg_10965  |   32|   0|   32|          0|
    |c_coeffs_load_273_reg_10980  |   32|   0|   32|          0|
    |c_coeffs_load_274_reg_10985  |   32|   0|   32|          0|
    |c_coeffs_load_275_reg_11000  |   32|   0|   32|          0|
    |c_coeffs_load_276_reg_11005  |   32|   0|   32|          0|
    |c_coeffs_load_277_reg_11020  |   32|   0|   32|          0|
    |c_coeffs_load_278_reg_11025  |   32|   0|   32|          0|
    |c_coeffs_load_279_reg_11040  |   32|   0|   32|          0|
    |c_coeffs_load_280_reg_11045  |   32|   0|   32|          0|
    |c_coeffs_load_281_reg_11060  |   32|   0|   32|          0|
    |c_coeffs_load_282_reg_11065  |   32|   0|   32|          0|
    |c_coeffs_load_283_reg_11080  |   32|   0|   32|          0|
    |c_coeffs_load_284_reg_11085  |   32|   0|   32|          0|
    |c_coeffs_load_285_reg_11100  |   32|   0|   32|          0|
    |c_coeffs_load_286_reg_11105  |   32|   0|   32|          0|
    |c_coeffs_load_287_reg_11120  |   32|   0|   32|          0|
    |c_coeffs_load_288_reg_11125  |   32|   0|   32|          0|
    |c_coeffs_load_289_reg_11140  |   32|   0|   32|          0|
    |c_coeffs_load_290_reg_11145  |   32|   0|   32|          0|
    |c_coeffs_load_291_reg_11160  |   32|   0|   32|          0|
    |c_coeffs_load_292_reg_11165  |   32|   0|   32|          0|
    |c_coeffs_load_293_reg_11180  |   32|   0|   32|          0|
    |c_coeffs_load_294_reg_11185  |   32|   0|   32|          0|
    |c_coeffs_load_295_reg_11200  |   32|   0|   32|          0|
    |c_coeffs_load_296_reg_11205  |   32|   0|   32|          0|
    |c_coeffs_load_297_reg_11220  |   32|   0|   32|          0|
    |c_coeffs_load_298_reg_11225  |   32|   0|   32|          0|
    |c_coeffs_load_299_reg_11240  |   32|   0|   32|          0|
    |c_coeffs_load_300_reg_11245  |   32|   0|   32|          0|
    |c_coeffs_load_301_reg_11260  |   32|   0|   32|          0|
    |c_coeffs_load_302_reg_11265  |   32|   0|   32|          0|
    |c_coeffs_load_303_reg_11280  |   32|   0|   32|          0|
    |c_coeffs_load_304_reg_11285  |   32|   0|   32|          0|
    |c_coeffs_load_305_reg_11300  |   32|   0|   32|          0|
    |c_coeffs_load_306_reg_11305  |   32|   0|   32|          0|
    |c_coeffs_load_307_reg_11320  |   32|   0|   32|          0|
    |c_coeffs_load_308_reg_11325  |   32|   0|   32|          0|
    |c_coeffs_load_309_reg_11340  |   32|   0|   32|          0|
    |c_coeffs_load_310_reg_11345  |   32|   0|   32|          0|
    |c_coeffs_load_311_reg_11360  |   32|   0|   32|          0|
    |c_coeffs_load_312_reg_11365  |   32|   0|   32|          0|
    |c_coeffs_load_313_reg_11380  |   32|   0|   32|          0|
    |c_coeffs_load_314_reg_11385  |   32|   0|   32|          0|
    |c_coeffs_load_315_reg_11400  |   32|   0|   32|          0|
    |c_coeffs_load_316_reg_11405  |   32|   0|   32|          0|
    |c_coeffs_load_317_reg_11420  |   32|   0|   32|          0|
    |c_coeffs_load_318_reg_11425  |   32|   0|   32|          0|
    |c_coeffs_load_319_reg_11440  |   32|   0|   32|          0|
    |c_coeffs_load_320_reg_11445  |   32|   0|   32|          0|
    |c_coeffs_load_321_reg_11460  |   32|   0|   32|          0|
    |c_coeffs_load_322_reg_11465  |   32|   0|   32|          0|
    |c_coeffs_load_323_reg_11480  |   32|   0|   32|          0|
    |c_coeffs_load_324_reg_11485  |   32|   0|   32|          0|
    |c_coeffs_load_325_reg_11500  |   32|   0|   32|          0|
    |c_coeffs_load_326_reg_11505  |   32|   0|   32|          0|
    |c_coeffs_load_327_reg_11520  |   32|   0|   32|          0|
    |c_coeffs_load_328_reg_11525  |   32|   0|   32|          0|
    |c_coeffs_load_329_reg_11540  |   32|   0|   32|          0|
    |c_coeffs_load_330_reg_11545  |   32|   0|   32|          0|
    |c_coeffs_load_331_reg_11560  |   32|   0|   32|          0|
    |c_coeffs_load_332_reg_11565  |   32|   0|   32|          0|
    |c_coeffs_load_333_reg_11580  |   32|   0|   32|          0|
    |c_coeffs_load_334_reg_11585  |   32|   0|   32|          0|
    |c_coeffs_load_335_reg_11600  |   32|   0|   32|          0|
    |c_coeffs_load_336_reg_11605  |   32|   0|   32|          0|
    |c_coeffs_load_337_reg_11620  |   32|   0|   32|          0|
    |c_coeffs_load_338_reg_11625  |   32|   0|   32|          0|
    |c_coeffs_load_339_reg_11640  |   32|   0|   32|          0|
    |c_coeffs_load_340_reg_11645  |   32|   0|   32|          0|
    |c_coeffs_load_341_reg_11660  |   32|   0|   32|          0|
    |c_coeffs_load_342_reg_11665  |   32|   0|   32|          0|
    |c_coeffs_load_343_reg_11680  |   32|   0|   32|          0|
    |c_coeffs_load_344_reg_11685  |   32|   0|   32|          0|
    |c_coeffs_load_345_reg_11700  |   32|   0|   32|          0|
    |c_coeffs_load_346_reg_11705  |   32|   0|   32|          0|
    |c_coeffs_load_347_reg_11720  |   32|   0|   32|          0|
    |c_coeffs_load_348_reg_11725  |   32|   0|   32|          0|
    |c_coeffs_load_349_reg_11740  |   32|   0|   32|          0|
    |c_coeffs_load_350_reg_11745  |   32|   0|   32|          0|
    |c_coeffs_load_351_reg_11760  |   32|   0|   32|          0|
    |c_coeffs_load_352_reg_11765  |   32|   0|   32|          0|
    |c_coeffs_load_353_reg_11780  |   32|   0|   32|          0|
    |c_coeffs_load_354_reg_11785  |   32|   0|   32|          0|
    |c_coeffs_load_355_reg_11800  |   32|   0|   32|          0|
    |c_coeffs_load_356_reg_11805  |   32|   0|   32|          0|
    |c_coeffs_load_357_reg_11820  |   32|   0|   32|          0|
    |c_coeffs_load_358_reg_11825  |   32|   0|   32|          0|
    |c_coeffs_load_359_reg_11840  |   32|   0|   32|          0|
    |c_coeffs_load_360_reg_11845  |   32|   0|   32|          0|
    |c_coeffs_load_361_reg_11860  |   32|   0|   32|          0|
    |c_coeffs_load_362_reg_11865  |   32|   0|   32|          0|
    |c_coeffs_load_363_reg_11880  |   32|   0|   32|          0|
    |c_coeffs_load_364_reg_11885  |   32|   0|   32|          0|
    |c_coeffs_load_365_reg_11900  |   32|   0|   32|          0|
    |c_coeffs_load_366_reg_11905  |   32|   0|   32|          0|
    |c_coeffs_load_367_reg_11920  |   32|   0|   32|          0|
    |c_coeffs_load_368_reg_11925  |   32|   0|   32|          0|
    |c_coeffs_load_369_reg_11940  |   32|   0|   32|          0|
    |c_coeffs_load_370_reg_11945  |   32|   0|   32|          0|
    |c_coeffs_load_371_reg_11960  |   32|   0|   32|          0|
    |c_coeffs_load_372_reg_11965  |   32|   0|   32|          0|
    |c_coeffs_load_373_reg_11980  |   32|   0|   32|          0|
    |c_coeffs_load_374_reg_11985  |   32|   0|   32|          0|
    |c_coeffs_load_375_reg_12000  |   32|   0|   32|          0|
    |c_coeffs_load_376_reg_12005  |   32|   0|   32|          0|
    |c_coeffs_load_377_reg_12020  |   32|   0|   32|          0|
    |c_coeffs_load_378_reg_12025  |   32|   0|   32|          0|
    |c_coeffs_load_379_reg_12040  |   32|   0|   32|          0|
    |c_coeffs_load_380_reg_12045  |   32|   0|   32|          0|
    |c_coeffs_load_381_reg_12060  |   32|   0|   32|          0|
    |c_coeffs_load_382_reg_12065  |   32|   0|   32|          0|
    |c_coeffs_load_383_reg_12080  |   32|   0|   32|          0|
    |c_coeffs_load_384_reg_12085  |   32|   0|   32|          0|
    |c_coeffs_load_385_reg_12100  |   32|   0|   32|          0|
    |c_coeffs_load_386_reg_12105  |   32|   0|   32|          0|
    |c_coeffs_load_387_reg_12120  |   32|   0|   32|          0|
    |c_coeffs_load_388_reg_12125  |   32|   0|   32|          0|
    |c_coeffs_load_389_reg_12140  |   32|   0|   32|          0|
    |c_coeffs_load_390_reg_12145  |   32|   0|   32|          0|
    |c_coeffs_load_391_reg_12160  |   32|   0|   32|          0|
    |c_coeffs_load_392_reg_12165  |   32|   0|   32|          0|
    |c_coeffs_load_393_reg_12180  |   32|   0|   32|          0|
    |c_coeffs_load_394_reg_12185  |   32|   0|   32|          0|
    |c_coeffs_load_395_reg_12200  |   32|   0|   32|          0|
    |c_coeffs_load_396_reg_12205  |   32|   0|   32|          0|
    |c_coeffs_load_397_reg_12220  |   32|   0|   32|          0|
    |c_coeffs_load_398_reg_12225  |   32|   0|   32|          0|
    |c_coeffs_load_399_reg_12240  |   32|   0|   32|          0|
    |c_coeffs_load_400_reg_12245  |   32|   0|   32|          0|
    |c_coeffs_load_401_reg_12260  |   32|   0|   32|          0|
    |c_coeffs_load_402_reg_12265  |   32|   0|   32|          0|
    |c_coeffs_load_403_reg_12280  |   32|   0|   32|          0|
    |c_coeffs_load_404_reg_12285  |   32|   0|   32|          0|
    |c_coeffs_load_405_reg_12300  |   32|   0|   32|          0|
    |c_coeffs_load_406_reg_12305  |   32|   0|   32|          0|
    |c_coeffs_load_407_reg_12320  |   32|   0|   32|          0|
    |c_coeffs_load_408_reg_12325  |   32|   0|   32|          0|
    |c_coeffs_load_409_reg_12340  |   32|   0|   32|          0|
    |c_coeffs_load_410_reg_12345  |   32|   0|   32|          0|
    |c_coeffs_load_411_reg_12360  |   32|   0|   32|          0|
    |c_coeffs_load_412_reg_12365  |   32|   0|   32|          0|
    |c_coeffs_load_413_reg_12380  |   32|   0|   32|          0|
    |c_coeffs_load_414_reg_12385  |   32|   0|   32|          0|
    |c_coeffs_load_415_reg_12400  |   32|   0|   32|          0|
    |c_coeffs_load_416_reg_12405  |   32|   0|   32|          0|
    |c_coeffs_load_417_reg_12420  |   32|   0|   32|          0|
    |c_coeffs_load_418_reg_12425  |   32|   0|   32|          0|
    |c_coeffs_load_419_reg_12440  |   32|   0|   32|          0|
    |c_coeffs_load_420_reg_12445  |   32|   0|   32|          0|
    |c_coeffs_load_421_reg_12460  |   32|   0|   32|          0|
    |c_coeffs_load_422_reg_12465  |   32|   0|   32|          0|
    |c_coeffs_load_423_reg_12480  |   32|   0|   32|          0|
    |c_coeffs_load_424_reg_12485  |   32|   0|   32|          0|
    |c_coeffs_load_425_reg_12500  |   32|   0|   32|          0|
    |c_coeffs_load_426_reg_12505  |   32|   0|   32|          0|
    |c_coeffs_load_427_reg_12520  |   32|   0|   32|          0|
    |c_coeffs_load_428_reg_12525  |   32|   0|   32|          0|
    |c_coeffs_load_429_reg_12540  |   32|   0|   32|          0|
    |c_coeffs_load_430_reg_12545  |   32|   0|   32|          0|
    |c_coeffs_load_431_reg_12560  |   32|   0|   32|          0|
    |c_coeffs_load_432_reg_12565  |   32|   0|   32|          0|
    |c_coeffs_load_433_reg_12580  |   32|   0|   32|          0|
    |c_coeffs_load_434_reg_12585  |   32|   0|   32|          0|
    |c_coeffs_load_435_reg_12600  |   32|   0|   32|          0|
    |c_coeffs_load_436_reg_12605  |   32|   0|   32|          0|
    |c_coeffs_load_437_reg_12620  |   32|   0|   32|          0|
    |c_coeffs_load_438_reg_12625  |   32|   0|   32|          0|
    |c_coeffs_load_439_reg_12640  |   32|   0|   32|          0|
    |c_coeffs_load_440_reg_12645  |   32|   0|   32|          0|
    |c_coeffs_load_441_reg_12660  |   32|   0|   32|          0|
    |c_coeffs_load_442_reg_12665  |   32|   0|   32|          0|
    |c_coeffs_load_443_reg_12680  |   32|   0|   32|          0|
    |c_coeffs_load_444_reg_12685  |   32|   0|   32|          0|
    |c_coeffs_load_445_reg_12700  |   32|   0|   32|          0|
    |c_coeffs_load_446_reg_12705  |   32|   0|   32|          0|
    |c_coeffs_load_447_reg_12720  |   32|   0|   32|          0|
    |c_coeffs_load_448_reg_12725  |   32|   0|   32|          0|
    |c_coeffs_load_449_reg_12740  |   32|   0|   32|          0|
    |c_coeffs_load_450_reg_12745  |   32|   0|   32|          0|
    |c_coeffs_load_451_reg_12760  |   32|   0|   32|          0|
    |c_coeffs_load_452_reg_12765  |   32|   0|   32|          0|
    |c_coeffs_load_453_reg_12780  |   32|   0|   32|          0|
    |c_coeffs_load_454_reg_12785  |   32|   0|   32|          0|
    |c_coeffs_load_455_reg_12800  |   32|   0|   32|          0|
    |c_coeffs_load_456_reg_12805  |   32|   0|   32|          0|
    |c_coeffs_load_457_reg_12820  |   32|   0|   32|          0|
    |c_coeffs_load_458_reg_12825  |   32|   0|   32|          0|
    |c_coeffs_load_459_reg_12840  |   32|   0|   32|          0|
    |c_coeffs_load_460_reg_12845  |   32|   0|   32|          0|
    |c_coeffs_load_461_reg_12860  |   32|   0|   32|          0|
    |c_coeffs_load_462_reg_12865  |   32|   0|   32|          0|
    |c_coeffs_load_463_reg_12880  |   32|   0|   32|          0|
    |c_coeffs_load_464_reg_12885  |   32|   0|   32|          0|
    |c_coeffs_load_465_reg_12900  |   32|   0|   32|          0|
    |c_coeffs_load_466_reg_12905  |   32|   0|   32|          0|
    |c_coeffs_load_467_reg_12920  |   32|   0|   32|          0|
    |c_coeffs_load_468_reg_12925  |   32|   0|   32|          0|
    |c_coeffs_load_469_reg_12940  |   32|   0|   32|          0|
    |c_coeffs_load_470_reg_12945  |   32|   0|   32|          0|
    |c_coeffs_load_471_reg_12960  |   32|   0|   32|          0|
    |c_coeffs_load_472_reg_12965  |   32|   0|   32|          0|
    |c_coeffs_load_473_reg_12980  |   32|   0|   32|          0|
    |c_coeffs_load_474_reg_12985  |   32|   0|   32|          0|
    |c_coeffs_load_475_reg_13000  |   32|   0|   32|          0|
    |c_coeffs_load_476_reg_13005  |   32|   0|   32|          0|
    |c_coeffs_load_477_reg_13020  |   32|   0|   32|          0|
    |c_coeffs_load_478_reg_13025  |   32|   0|   32|          0|
    |c_coeffs_load_479_reg_13040  |   32|   0|   32|          0|
    |c_coeffs_load_480_reg_13045  |   32|   0|   32|          0|
    |c_coeffs_load_481_reg_13060  |   32|   0|   32|          0|
    |c_coeffs_load_482_reg_13065  |   32|   0|   32|          0|
    |c_coeffs_load_483_reg_13080  |   32|   0|   32|          0|
    |c_coeffs_load_484_reg_13085  |   32|   0|   32|          0|
    |c_coeffs_load_485_reg_13100  |   32|   0|   32|          0|
    |c_coeffs_load_486_reg_13105  |   32|   0|   32|          0|
    |c_coeffs_load_487_reg_13120  |   32|   0|   32|          0|
    |c_coeffs_load_488_reg_13125  |   32|   0|   32|          0|
    |c_coeffs_load_489_reg_13140  |   32|   0|   32|          0|
    |c_coeffs_load_490_reg_13145  |   32|   0|   32|          0|
    |c_coeffs_load_491_reg_13160  |   32|   0|   32|          0|
    |c_coeffs_load_492_reg_13165  |   32|   0|   32|          0|
    |c_coeffs_load_493_reg_13180  |   32|   0|   32|          0|
    |c_coeffs_load_494_reg_13185  |   32|   0|   32|          0|
    |c_coeffs_load_495_reg_13200  |   32|   0|   32|          0|
    |c_coeffs_load_496_reg_13205  |   32|   0|   32|          0|
    |c_coeffs_load_497_reg_13220  |   32|   0|   32|          0|
    |c_coeffs_load_498_reg_13225  |   32|   0|   32|          0|
    |c_coeffs_load_499_reg_13240  |   32|   0|   32|          0|
    |c_coeffs_load_500_reg_13245  |   32|   0|   32|          0|
    |c_coeffs_load_501_reg_13260  |   32|   0|   32|          0|
    |c_coeffs_load_502_reg_13265  |   32|   0|   32|          0|
    |c_coeffs_load_503_reg_13280  |   32|   0|   32|          0|
    |c_coeffs_load_504_reg_13285  |   32|   0|   32|          0|
    |c_coeffs_load_505_reg_13300  |   32|   0|   32|          0|
    |c_coeffs_load_506_reg_13305  |   32|   0|   32|          0|
    |c_coeffs_load_507_reg_13330  |   32|   0|   32|          0|
    |c_coeffs_load_508_reg_13335  |   32|   0|   32|          0|
    |reg_5414                     |   32|   0|   32|          0|
    |reg_5418                     |   32|   0|   32|          0|
    |tmp_reg_10532                |    4|   0|   12|          8|
    +-----------------------------+-----+----+-----+-----------+
    |Total                        | 8900|   0|10956|       2056|
    +-----------------------------+-----+----+-----+-----------+



================================================================
== Interface
================================================================
* Summary: 
+-------------------+-----+-----+------------+-------------------------+--------------+
|     RTL Ports     | Dir | Bits|  Protocol  |      Source Object      |    C Type    |
+-------------------+-----+-----+------------+-------------------------+--------------+
|ap_clk             |  in |    1| ap_ctrl_hs | pqcrystals_dilithium.21 | return value |
|ap_rst             |  in |    1| ap_ctrl_hs | pqcrystals_dilithium.21 | return value |
|ap_start           |  in |    1| ap_ctrl_hs | pqcrystals_dilithium.21 | return value |
|ap_done            | out |    1| ap_ctrl_hs | pqcrystals_dilithium.21 | return value |
|ap_idle            | out |    1| ap_ctrl_hs | pqcrystals_dilithium.21 | return value |
|ap_ready           | out |    1| ap_ctrl_hs | pqcrystals_dilithium.21 | return value |
|c_coeffs_address0  | out |   10|  ap_memory |         c_coeffs        |     array    |
|c_coeffs_ce0       | out |    1|  ap_memory |         c_coeffs        |     array    |
|c_coeffs_we0       | out |    1|  ap_memory |         c_coeffs        |     array    |
|c_coeffs_d0        | out |   32|  ap_memory |         c_coeffs        |     array    |
|c_coeffs_q0        |  in |   32|  ap_memory |         c_coeffs        |     array    |
|c_coeffs_address1  | out |   10|  ap_memory |         c_coeffs        |     array    |
|c_coeffs_ce1       | out |    1|  ap_memory |         c_coeffs        |     array    |
|c_coeffs_we1       | out |    1|  ap_memory |         c_coeffs        |     array    |
|c_coeffs_d1        | out |   32|  ap_memory |         c_coeffs        |     array    |
|c_coeffs_q1        |  in |   32|  ap_memory |         c_coeffs        |     array    |
|a_coeffs_offset    |  in |    4|   ap_none  |     a_coeffs_offset     |    scalar    |
|b_coeffs_address0  | out |    8|  ap_memory |         b_coeffs        |     array    |
|b_coeffs_ce0       | out |    1|  ap_memory |         b_coeffs        |     array    |
|b_coeffs_q0        |  in |   32|  ap_memory |         b_coeffs        |     array    |
|b_coeffs_address1  | out |    8|  ap_memory |         b_coeffs        |     array    |
|b_coeffs_ce1       | out |    1|  ap_memory |         b_coeffs        |     array    |
|b_coeffs_q1        |  in |   32|  ap_memory |         b_coeffs        |     array    |
+-------------------+-----+-----+------------+-------------------------+--------------+

