

================================================================
== Vivado HLS Report for 'pqcrystals_dilithium_5'
================================================================
* Date:           Sun Apr  9 23:10:22 2023

* Version:        2019.2 (Build 2704478 on Wed Nov 06 22:10:23 MST 2019)
* Project:        crypto_sign
* Solution:       solution1
* Product family: artix7
* Target device:  xc7a200t-fbg676-2


================================================================
== Performance Estimates
================================================================
+ Timing: 
    * Summary: 
    +--------+----------+----------+------------+
    |  Clock |  Target  | Estimated| Uncertainty|
    +--------+----------+----------+------------+
    |ap_clk  | 10.00 us | 6.344 ns |   1.25 us  |
    +--------+----------+----------+------------+

+ Latency: 
    * Summary: 
    +---------+---------+----------+----------+-----+-----+---------+
    |  Latency (cycles) |  Latency (absolute) |  Interval | Pipeline|
    |   min   |   max   |    min   |    max   | min | max |   Type  |
    +---------+---------+----------+----------+-----+-----+---------+
    |      128|      128| 1.280 ms | 1.280 ms |  128|  128|   none  |
    +---------+---------+----------+----------+-----+-----+---------+

    + Detail: 
        * Instance: 
        N/A

        * Loop: 
        N/A



================================================================
== Utilization Estimates
================================================================
* Summary: 
+-----------------+---------+-------+--------+--------+-----+
|       Name      | BRAM_18K| DSP48E|   FF   |   LUT  | URAM|
+-----------------+---------+-------+--------+--------+-----+
|DSP              |        -|      -|       -|       -|    -|
|Expression       |        -|      -|       0|    7843|    -|
|FIFO             |        -|      -|       -|       -|    -|
|Instance         |        -|      -|       -|       -|    -|
|Memory           |        -|      -|       -|       -|    -|
|Multiplexer      |        -|      -|       -|    3463|    -|
|Register         |        -|      -|     151|       -|    -|
+-----------------+---------+-------+--------+--------+-----+
|Total            |        0|      0|     151|   11306|    0|
+-----------------+---------+-------+--------+--------+-----+
|Available        |      730|    740|  269200|  134600|    0|
+-----------------+---------+-------+--------+--------+-----+
|Utilization (%)  |        0|      0|   ~0   |       8|    0|
+-----------------+---------+-------+--------+--------+-----+

+ Detail: 
    * Instance: 
    N/A

    * DSP48E: 
    N/A

    * Memory: 
    N/A

    * FIFO: 
    N/A

    * Expression: 
    +--------------------------+----------+-------+---+----+------------+------------+
    |       Variable Name      | Operation| DSP48E| FF| LUT| Bitwidth P0| Bitwidth P1|
    +--------------------------+----------+-------+---+----+------------+------------+
    |add_ln948_10_fu_6250_p2   |     +    |      0|  0|  17|           6|          10|
    |add_ln948_11_fu_6397_p2   |     +    |      0|  0|  17|           6|          10|
    |add_ln948_12_fu_6544_p2   |     +    |      0|  0|  17|           6|          10|
    |add_ln948_13_fu_6691_p2   |     +    |      0|  0|  17|           6|          10|
    |add_ln948_14_fu_6838_p2   |     +    |      0|  0|  17|           6|          10|
    |add_ln948_15_fu_6985_p2   |     +    |      0|  0|  17|           6|          10|
    |add_ln948_16_fu_7132_p2   |     +    |      0|  0|  17|           6|          10|
    |add_ln948_17_fu_7279_p2   |     +    |      0|  0|  17|           6|          10|
    |add_ln948_18_fu_7426_p2   |     +    |      0|  0|  17|           6|          10|
    |add_ln948_19_fu_7573_p2   |     +    |      0|  0|  17|           6|          10|
    |add_ln948_1_fu_4927_p2    |     +    |      0|  0|  17|           3|          10|
    |add_ln948_20_fu_7720_p2   |     +    |      0|  0|  17|           6|          10|
    |add_ln948_21_fu_7867_p2   |     +    |      0|  0|  17|           7|          10|
    |add_ln948_22_fu_8014_p2   |     +    |      0|  0|  17|           7|          10|
    |add_ln948_23_fu_8161_p2   |     +    |      0|  0|  17|           7|          10|
    |add_ln948_24_fu_8308_p2   |     +    |      0|  0|  17|           7|          10|
    |add_ln948_25_fu_8455_p2   |     +    |      0|  0|  17|           7|          10|
    |add_ln948_26_fu_8602_p2   |     +    |      0|  0|  17|           7|          10|
    |add_ln948_27_fu_8749_p2   |     +    |      0|  0|  17|           7|          10|
    |add_ln948_28_fu_8896_p2   |     +    |      0|  0|  17|           7|          10|
    |add_ln948_29_fu_9043_p2   |     +    |      0|  0|  17|           7|          10|
    |add_ln948_2_fu_5074_p2    |     +    |      0|  0|  17|           4|          10|
    |add_ln948_30_fu_9190_p2   |     +    |      0|  0|  17|           7|          10|
    |add_ln948_31_fu_9337_p2   |     +    |      0|  0|  17|           7|          10|
    |add_ln948_32_fu_9484_p2   |     +    |      0|  0|  17|           7|          10|
    |add_ln948_33_fu_9631_p2   |     +    |      0|  0|  17|           7|          10|
    |add_ln948_34_fu_9778_p2   |     +    |      0|  0|  17|           7|          10|
    |add_ln948_35_fu_9925_p2   |     +    |      0|  0|  17|           7|          10|
    |add_ln948_36_fu_10072_p2  |     +    |      0|  0|  17|           7|          10|
    |add_ln948_37_fu_10219_p2  |     +    |      0|  0|  17|           7|          10|
    |add_ln948_38_fu_10366_p2  |     +    |      0|  0|  17|           7|          10|
    |add_ln948_39_fu_10513_p2  |     +    |      0|  0|  17|           7|          10|
    |add_ln948_3_fu_5221_p2    |     +    |      0|  0|  17|           4|          10|
    |add_ln948_40_fu_10660_p2  |     +    |      0|  0|  17|           7|          10|
    |add_ln948_41_fu_10807_p2  |     +    |      0|  0|  17|           7|          10|
    |add_ln948_42_fu_10954_p2  |     +    |      0|  0|  17|           8|          10|
    |add_ln948_43_fu_11101_p2  |     +    |      0|  0|  17|           8|          10|
    |add_ln948_44_fu_11248_p2  |     +    |      0|  0|  17|           8|          10|
    |add_ln948_45_fu_11395_p2  |     +    |      0|  0|  17|           8|          10|
    |add_ln948_46_fu_11542_p2  |     +    |      0|  0|  17|           8|          10|
    |add_ln948_47_fu_11689_p2  |     +    |      0|  0|  17|           8|          10|
    |add_ln948_48_fu_11836_p2  |     +    |      0|  0|  17|           8|          10|
    |add_ln948_49_fu_11983_p2  |     +    |      0|  0|  17|           8|          10|
    |add_ln948_4_fu_5368_p2    |     +    |      0|  0|  17|           4|          10|
    |add_ln948_50_fu_12130_p2  |     +    |      0|  0|  17|           8|          10|
    |add_ln948_51_fu_12277_p2  |     +    |      0|  0|  17|           8|          10|
    |add_ln948_52_fu_12424_p2  |     +    |      0|  0|  17|           8|          10|
    |add_ln948_53_fu_12571_p2  |     +    |      0|  0|  17|           8|          10|
    |add_ln948_54_fu_12718_p2  |     +    |      0|  0|  17|           8|          10|
    |add_ln948_55_fu_12865_p2  |     +    |      0|  0|  17|           8|          10|
    |add_ln948_56_fu_13012_p2  |     +    |      0|  0|  17|           8|          10|
    |add_ln948_57_fu_13159_p2  |     +    |      0|  0|  17|           8|          10|
    |add_ln948_58_fu_13306_p2  |     +    |      0|  0|  17|           8|          10|
    |add_ln948_59_fu_13453_p2  |     +    |      0|  0|  17|           8|          10|
    |add_ln948_5_fu_5515_p2    |     +    |      0|  0|  17|           5|          10|
    |add_ln948_60_fu_13600_p2  |     +    |      0|  0|  17|           8|          10|
    |add_ln948_61_fu_13747_p2  |     +    |      0|  0|  17|           8|          10|
    |add_ln948_62_fu_13894_p2  |     +    |      0|  0|  17|           8|          10|
    |add_ln948_6_fu_5662_p2    |     +    |      0|  0|  17|           5|          10|
    |add_ln948_7_fu_5809_p2    |     +    |      0|  0|  17|           5|          10|
    |add_ln948_8_fu_5956_p2    |     +    |      0|  0|  17|           5|          10|
    |add_ln948_9_fu_6103_p2    |     +    |      0|  0|  17|           5|          10|
    |add_ln948_fu_4780_p2      |     +    |      0|  0|  17|           2|          10|
    |add_ln950_10_fu_6160_p2   |     +    |      0|  0|  17|           5|          10|
    |add_ln950_11_fu_6307_p2   |     +    |      0|  0|  17|           6|          10|
    |add_ln950_12_fu_6454_p2   |     +    |      0|  0|  17|           6|          10|
    |add_ln950_13_fu_6601_p2   |     +    |      0|  0|  17|           6|          10|
    |add_ln950_14_fu_6748_p2   |     +    |      0|  0|  17|           6|          10|
    |add_ln950_15_fu_6895_p2   |     +    |      0|  0|  17|           6|          10|
    |add_ln950_16_fu_7042_p2   |     +    |      0|  0|  17|           6|          10|
    |add_ln950_17_fu_7189_p2   |     +    |      0|  0|  17|           6|          10|
    |add_ln950_18_fu_7336_p2   |     +    |      0|  0|  17|           6|          10|
    |add_ln950_19_fu_7483_p2   |     +    |      0|  0|  17|           6|          10|
    |add_ln950_1_fu_4837_p2    |     +    |      0|  0|  17|           3|          10|
    |add_ln950_20_fu_7630_p2   |     +    |      0|  0|  17|           6|          10|
    |add_ln950_21_fu_7777_p2   |     +    |      0|  0|  17|           7|          10|
    |add_ln950_22_fu_7924_p2   |     +    |      0|  0|  17|           7|          10|
    |add_ln950_23_fu_8071_p2   |     +    |      0|  0|  17|           7|          10|
    |add_ln950_24_fu_8218_p2   |     +    |      0|  0|  17|           7|          10|
    |add_ln950_25_fu_8365_p2   |     +    |      0|  0|  17|           7|          10|
    |add_ln950_26_fu_8512_p2   |     +    |      0|  0|  17|           7|          10|
    |add_ln950_27_fu_8659_p2   |     +    |      0|  0|  17|           7|          10|
    |add_ln950_28_fu_8806_p2   |     +    |      0|  0|  17|           7|          10|
    |add_ln950_29_fu_8953_p2   |     +    |      0|  0|  17|           7|          10|
    |add_ln950_2_fu_4984_p2    |     +    |      0|  0|  17|           3|          10|
    |add_ln950_30_fu_9100_p2   |     +    |      0|  0|  17|           7|          10|
    |add_ln950_31_fu_9247_p2   |     +    |      0|  0|  17|           7|          10|
    |add_ln950_32_fu_9394_p2   |     +    |      0|  0|  17|           7|          10|
    |add_ln950_33_fu_9541_p2   |     +    |      0|  0|  17|           7|          10|
    |add_ln950_34_fu_9688_p2   |     +    |      0|  0|  17|           7|          10|
    |add_ln950_35_fu_9835_p2   |     +    |      0|  0|  17|           7|          10|
    |add_ln950_36_fu_9982_p2   |     +    |      0|  0|  17|           7|          10|
    |add_ln950_37_fu_10129_p2  |     +    |      0|  0|  17|           7|          10|
    |add_ln950_38_fu_10276_p2  |     +    |      0|  0|  17|           7|          10|
    |add_ln950_39_fu_10423_p2  |     +    |      0|  0|  17|           7|          10|
    |add_ln950_3_fu_5131_p2    |     +    |      0|  0|  17|           4|          10|
    |add_ln950_40_fu_10570_p2  |     +    |      0|  0|  17|           7|          10|
    |add_ln950_41_fu_10717_p2  |     +    |      0|  0|  17|           7|          10|
    |add_ln950_42_fu_10864_p2  |     +    |      0|  0|  17|           7|          10|
    |add_ln950_43_fu_11011_p2  |     +    |      0|  0|  17|           8|          10|
    |add_ln950_44_fu_11158_p2  |     +    |      0|  0|  17|           8|          10|
    |add_ln950_45_fu_11305_p2  |     +    |      0|  0|  17|           8|          10|
    |add_ln950_46_fu_11452_p2  |     +    |      0|  0|  17|           8|          10|
    |add_ln950_47_fu_11599_p2  |     +    |      0|  0|  17|           8|          10|
    |add_ln950_48_fu_11746_p2  |     +    |      0|  0|  17|           8|          10|
    |add_ln950_49_fu_11893_p2  |     +    |      0|  0|  17|           8|          10|
    |add_ln950_4_fu_5278_p2    |     +    |      0|  0|  17|           4|          10|
    |add_ln950_50_fu_12040_p2  |     +    |      0|  0|  17|           8|          10|
    |add_ln950_51_fu_12187_p2  |     +    |      0|  0|  17|           8|          10|
    |add_ln950_52_fu_12334_p2  |     +    |      0|  0|  17|           8|          10|
    |add_ln950_53_fu_12481_p2  |     +    |      0|  0|  17|           8|          10|
    |add_ln950_54_fu_12628_p2  |     +    |      0|  0|  17|           8|          10|
    |add_ln950_55_fu_12775_p2  |     +    |      0|  0|  17|           8|          10|
    |add_ln950_56_fu_12922_p2  |     +    |      0|  0|  17|           8|          10|
    |add_ln950_57_fu_13069_p2  |     +    |      0|  0|  17|           8|          10|
    |add_ln950_58_fu_13216_p2  |     +    |      0|  0|  17|           8|          10|
    |add_ln950_59_fu_13363_p2  |     +    |      0|  0|  17|           8|          10|
    |add_ln950_5_fu_5425_p2    |     +    |      0|  0|  17|           5|          10|
    |add_ln950_60_fu_13510_p2  |     +    |      0|  0|  17|           8|          10|
    |add_ln950_61_fu_13657_p2  |     +    |      0|  0|  17|           8|          10|
    |add_ln950_62_fu_13804_p2  |     +    |      0|  0|  17|           8|          10|
    |add_ln950_63_fu_13923_p2  |     +    |      0|  0|  17|           8|          10|
    |add_ln950_6_fu_5572_p2    |     +    |      0|  0|  17|           5|          10|
    |add_ln950_7_fu_5719_p2    |     +    |      0|  0|  17|           5|          10|
    |add_ln950_8_fu_5866_p2    |     +    |      0|  0|  17|           5|          10|
    |add_ln950_9_fu_6013_p2    |     +    |      0|  0|  17|           5|          10|
    |add_ln950_fu_4690_p2      |     +    |      0|  0|  17|           1|          10|
    |add_ln952_10_fu_6189_p2   |     +    |      0|  0|  17|           6|          10|
    |add_ln952_11_fu_6336_p2   |     +    |      0|  0|  17|           6|          10|
    |add_ln952_12_fu_6483_p2   |     +    |      0|  0|  17|           6|          10|
    |add_ln952_13_fu_6630_p2   |     +    |      0|  0|  17|           6|          10|
    |add_ln952_14_fu_6777_p2   |     +    |      0|  0|  17|           6|          10|
    |add_ln952_15_fu_6924_p2   |     +    |      0|  0|  17|           6|          10|
    |add_ln952_16_fu_7071_p2   |     +    |      0|  0|  17|           6|          10|
    |add_ln952_17_fu_7218_p2   |     +    |      0|  0|  17|           6|          10|
    |add_ln952_18_fu_7365_p2   |     +    |      0|  0|  17|           6|          10|
    |add_ln952_19_fu_7512_p2   |     +    |      0|  0|  17|           6|          10|
    |add_ln952_1_fu_4866_p2    |     +    |      0|  0|  17|           3|          10|
    |add_ln952_20_fu_7659_p2   |     +    |      0|  0|  17|           6|          10|
    |add_ln952_21_fu_7806_p2   |     +    |      0|  0|  17|           7|          10|
    |add_ln952_22_fu_7953_p2   |     +    |      0|  0|  17|           7|          10|
    |add_ln952_23_fu_8100_p2   |     +    |      0|  0|  17|           7|          10|
    |add_ln952_24_fu_8247_p2   |     +    |      0|  0|  17|           7|          10|
    |add_ln952_25_fu_8394_p2   |     +    |      0|  0|  17|           7|          10|
    |add_ln952_26_fu_8541_p2   |     +    |      0|  0|  17|           7|          10|
    |add_ln952_27_fu_8688_p2   |     +    |      0|  0|  17|           7|          10|
    |add_ln952_28_fu_8835_p2   |     +    |      0|  0|  17|           7|          10|
    |add_ln952_29_fu_8982_p2   |     +    |      0|  0|  17|           7|          10|
    |add_ln952_2_fu_5013_p2    |     +    |      0|  0|  17|           4|          10|
    |add_ln952_30_fu_9129_p2   |     +    |      0|  0|  17|           7|          10|
    |add_ln952_31_fu_9276_p2   |     +    |      0|  0|  17|           7|          10|
    |add_ln952_32_fu_9423_p2   |     +    |      0|  0|  17|           7|          10|
    |add_ln952_33_fu_9570_p2   |     +    |      0|  0|  17|           7|          10|
    |add_ln952_34_fu_9717_p2   |     +    |      0|  0|  17|           7|          10|
    |add_ln952_35_fu_9864_p2   |     +    |      0|  0|  17|           7|          10|
    |add_ln952_36_fu_10011_p2  |     +    |      0|  0|  17|           7|          10|
    |add_ln952_37_fu_10158_p2  |     +    |      0|  0|  17|           7|          10|
    |add_ln952_38_fu_10305_p2  |     +    |      0|  0|  17|           7|          10|
    |add_ln952_39_fu_10452_p2  |     +    |      0|  0|  17|           7|          10|
    |add_ln952_3_fu_5160_p2    |     +    |      0|  0|  17|           4|          10|
    |add_ln952_40_fu_10599_p2  |     +    |      0|  0|  17|           7|          10|
    |add_ln952_41_fu_10746_p2  |     +    |      0|  0|  17|           7|          10|
    |add_ln952_42_fu_10893_p2  |     +    |      0|  0|  17|           8|          10|
    |add_ln952_43_fu_11040_p2  |     +    |      0|  0|  17|           8|          10|
    |add_ln952_44_fu_11187_p2  |     +    |      0|  0|  17|           8|          10|
    |add_ln952_45_fu_11334_p2  |     +    |      0|  0|  17|           8|          10|
    |add_ln952_46_fu_11481_p2  |     +    |      0|  0|  17|           8|          10|
    |add_ln952_47_fu_11628_p2  |     +    |      0|  0|  17|           8|          10|
    |add_ln952_48_fu_11775_p2  |     +    |      0|  0|  17|           8|          10|
    |add_ln952_49_fu_11922_p2  |     +    |      0|  0|  17|           8|          10|
    |add_ln952_4_fu_5307_p2    |     +    |      0|  0|  17|           4|          10|
    |add_ln952_50_fu_12069_p2  |     +    |      0|  0|  17|           8|          10|
    |add_ln952_51_fu_12216_p2  |     +    |      0|  0|  17|           8|          10|
    |add_ln952_52_fu_12363_p2  |     +    |      0|  0|  17|           8|          10|
    |add_ln952_53_fu_12510_p2  |     +    |      0|  0|  17|           8|          10|
    |add_ln952_54_fu_12657_p2  |     +    |      0|  0|  17|           8|          10|
    |add_ln952_55_fu_12804_p2  |     +    |      0|  0|  17|           8|          10|
    |add_ln952_56_fu_12951_p2  |     +    |      0|  0|  17|           8|          10|
    |add_ln952_57_fu_13098_p2  |     +    |      0|  0|  17|           8|          10|
    |add_ln952_58_fu_13245_p2  |     +    |      0|  0|  17|           8|          10|
    |add_ln952_59_fu_13392_p2  |     +    |      0|  0|  17|           8|          10|
    |add_ln952_5_fu_5454_p2    |     +    |      0|  0|  17|           5|          10|
    |add_ln952_60_fu_13539_p2  |     +    |      0|  0|  17|           8|          10|
    |add_ln952_61_fu_13686_p2  |     +    |      0|  0|  17|           8|          10|
    |add_ln952_62_fu_13833_p2  |     +    |      0|  0|  17|           8|          10|
    |add_ln952_63_fu_13952_p2  |     +    |      0|  0|  17|           8|          10|
    |add_ln952_6_fu_5601_p2    |     +    |      0|  0|  17|           5|          10|
    |add_ln952_7_fu_5748_p2    |     +    |      0|  0|  17|           5|          10|
    |add_ln952_8_fu_5895_p2    |     +    |      0|  0|  17|           5|          10|
    |add_ln952_9_fu_6042_p2    |     +    |      0|  0|  17|           5|          10|
    |add_ln952_fu_4719_p2      |     +    |      0|  0|  17|           2|          10|
    |or_ln948_10_fu_6132_p2    |    or    |      0|  0|  12|          12|           6|
    |or_ln948_11_fu_6279_p2    |    or    |      0|  0|  12|          12|           6|
    |or_ln948_12_fu_6426_p2    |    or    |      0|  0|  12|          12|           6|
    |or_ln948_13_fu_6573_p2    |    or    |      0|  0|  12|          12|           6|
    |or_ln948_14_fu_6720_p2    |    or    |      0|  0|  12|          12|           6|
    |or_ln948_15_fu_6867_p2    |    or    |      0|  0|  12|          12|           7|
    |or_ln948_16_fu_7014_p2    |    or    |      0|  0|  12|          12|           7|
    |or_ln948_17_fu_7161_p2    |    or    |      0|  0|  12|          12|           7|
    |or_ln948_18_fu_7308_p2    |    or    |      0|  0|  12|          12|           7|
    |or_ln948_19_fu_7455_p2    |    or    |      0|  0|  12|          12|           7|
    |or_ln948_1_fu_4809_p2     |    or    |      0|  0|  12|          12|           4|
    |or_ln948_20_fu_7602_p2    |    or    |      0|  0|  12|          12|           7|
    |or_ln948_21_fu_7749_p2    |    or    |      0|  0|  12|          12|           7|
    |or_ln948_22_fu_7896_p2    |    or    |      0|  0|  12|          12|           7|
    |or_ln948_23_fu_8043_p2    |    or    |      0|  0|  12|          12|           7|
    |or_ln948_24_fu_8190_p2    |    or    |      0|  0|  12|          12|           7|
    |or_ln948_25_fu_8337_p2    |    or    |      0|  0|  12|          12|           7|
    |or_ln948_26_fu_8484_p2    |    or    |      0|  0|  12|          12|           7|
    |or_ln948_27_fu_8631_p2    |    or    |      0|  0|  12|          12|           7|
    |or_ln948_28_fu_8778_p2    |    or    |      0|  0|  12|          12|           7|
    |or_ln948_29_fu_8925_p2    |    or    |      0|  0|  12|          12|           7|
    |or_ln948_2_fu_4956_p2     |    or    |      0|  0|  12|          12|           4|
    |or_ln948_30_fu_9072_p2    |    or    |      0|  0|  12|          12|           7|
    |or_ln948_31_fu_9219_p2    |    or    |      0|  0|  12|          12|           8|
    |or_ln948_32_fu_9366_p2    |    or    |      0|  0|  12|          12|           8|
    |or_ln948_33_fu_9513_p2    |    or    |      0|  0|  12|          12|           8|
    |or_ln948_34_fu_9660_p2    |    or    |      0|  0|  12|          12|           8|
    |or_ln948_35_fu_9807_p2    |    or    |      0|  0|  12|          12|           8|
    |or_ln948_36_fu_9954_p2    |    or    |      0|  0|  12|          12|           8|
    |or_ln948_37_fu_10101_p2   |    or    |      0|  0|  12|          12|           8|
    |or_ln948_38_fu_10248_p2   |    or    |      0|  0|  12|          12|           8|
    |or_ln948_39_fu_10395_p2   |    or    |      0|  0|  12|          12|           8|
    |or_ln948_3_fu_5103_p2     |    or    |      0|  0|  12|          12|           5|
    |or_ln948_40_fu_10542_p2   |    or    |      0|  0|  12|          12|           8|
    |or_ln948_41_fu_10689_p2   |    or    |      0|  0|  12|          12|           8|
    |or_ln948_42_fu_10836_p2   |    or    |      0|  0|  12|          12|           8|
    |or_ln948_43_fu_10983_p2   |    or    |      0|  0|  12|          12|           8|
    |or_ln948_44_fu_11130_p2   |    or    |      0|  0|  12|          12|           8|
    |or_ln948_45_fu_11277_p2   |    or    |      0|  0|  12|          12|           8|
    |or_ln948_46_fu_11424_p2   |    or    |      0|  0|  12|          12|           8|
    |or_ln948_47_fu_11571_p2   |    or    |      0|  0|  12|          12|           8|
    |or_ln948_48_fu_11718_p2   |    or    |      0|  0|  12|          12|           8|
    |or_ln948_49_fu_11865_p2   |    or    |      0|  0|  12|          12|           8|
    |or_ln948_4_fu_5250_p2     |    or    |      0|  0|  12|          12|           5|
    |or_ln948_50_fu_12012_p2   |    or    |      0|  0|  12|          12|           8|
    |or_ln948_51_fu_12159_p2   |    or    |      0|  0|  12|          12|           8|
    |or_ln948_52_fu_12306_p2   |    or    |      0|  0|  12|          12|           8|
    |or_ln948_53_fu_12453_p2   |    or    |      0|  0|  12|          12|           8|
    |or_ln948_54_fu_12600_p2   |    or    |      0|  0|  12|          12|           8|
    |or_ln948_55_fu_12747_p2   |    or    |      0|  0|  12|          12|           8|
    |or_ln948_56_fu_12894_p2   |    or    |      0|  0|  12|          12|           8|
    |or_ln948_57_fu_13041_p2   |    or    |      0|  0|  12|          12|           8|
    |or_ln948_58_fu_13188_p2   |    or    |      0|  0|  12|          12|           8|
    |or_ln948_59_fu_13335_p2   |    or    |      0|  0|  12|          12|           8|
    |or_ln948_5_fu_5397_p2     |    or    |      0|  0|  12|          12|           5|
    |or_ln948_60_fu_13482_p2   |    or    |      0|  0|  12|          12|           8|
    |or_ln948_61_fu_13629_p2   |    or    |      0|  0|  12|          12|           8|
    |or_ln948_62_fu_13776_p2   |    or    |      0|  0|  12|          12|           8|
    |or_ln948_6_fu_5544_p2     |    or    |      0|  0|  12|          12|           5|
    |or_ln948_7_fu_5691_p2     |    or    |      0|  0|  12|          12|           6|
    |or_ln948_8_fu_5838_p2     |    or    |      0|  0|  12|          12|           6|
    |or_ln948_9_fu_5985_p2     |    or    |      0|  0|  12|          12|           6|
    |or_ln948_fu_4662_p2       |    or    |      0|  0|  12|          12|           3|
    |or_ln949_100_fu_9821_p2   |    or    |      0|  0|  12|          12|           8|
    |or_ln949_101_fu_9968_p2   |    or    |      0|  0|  12|          12|           8|
    |or_ln949_102_fu_10115_p2  |    or    |      0|  0|  12|          12|           8|
    |or_ln949_103_fu_10262_p2  |    or    |      0|  0|  12|          12|           8|
    |or_ln949_104_fu_10409_p2  |    or    |      0|  0|  12|          12|           8|
    |or_ln949_105_fu_10556_p2  |    or    |      0|  0|  12|          12|           8|
    |or_ln949_106_fu_10703_p2  |    or    |      0|  0|  12|          12|           8|
    |or_ln949_107_fu_10850_p2  |    or    |      0|  0|  12|          12|           8|
    |or_ln949_108_fu_10997_p2  |    or    |      0|  0|  12|          12|           8|
    |or_ln949_109_fu_11144_p2  |    or    |      0|  0|  12|          12|           8|
    |or_ln949_10_fu_6125_p2    |    or    |      0|  0|   8|           8|           8|
    |or_ln949_110_fu_11291_p2  |    or    |      0|  0|  12|          12|           8|
    |or_ln949_111_fu_11438_p2  |    or    |      0|  0|  12|          12|           8|
    |or_ln949_112_fu_11585_p2  |    or    |      0|  0|  12|          12|           8|
    |or_ln949_113_fu_11732_p2  |    or    |      0|  0|  12|          12|           8|
    |or_ln949_114_fu_11879_p2  |    or    |      0|  0|  12|          12|           8|
    |or_ln949_115_fu_12026_p2  |    or    |      0|  0|  12|          12|           8|
    |or_ln949_116_fu_12173_p2  |    or    |      0|  0|  12|          12|           8|
    |or_ln949_117_fu_12320_p2  |    or    |      0|  0|  12|          12|           8|
    |or_ln949_118_fu_12467_p2  |    or    |      0|  0|  12|          12|           8|
    |or_ln949_119_fu_12614_p2  |    or    |      0|  0|  12|          12|           8|
    |or_ln949_11_fu_6272_p2    |    or    |      0|  0|   8|           8|           8|
    |or_ln949_120_fu_12761_p2  |    or    |      0|  0|  12|          12|           8|
    |or_ln949_121_fu_12908_p2  |    or    |      0|  0|  12|          12|           8|
    |or_ln949_122_fu_13055_p2  |    or    |      0|  0|  12|          12|           8|
    |or_ln949_123_fu_13202_p2  |    or    |      0|  0|  12|          12|           8|
    |or_ln949_124_fu_13349_p2  |    or    |      0|  0|  12|          12|           8|
    |or_ln949_125_fu_13496_p2  |    or    |      0|  0|  12|          12|           8|
    |or_ln949_126_fu_13643_p2  |    or    |      0|  0|  12|          12|           8|
    |or_ln949_127_fu_13790_p2  |    or    |      0|  0|  12|          12|           8|
    |or_ln949_12_fu_6419_p2    |    or    |      0|  0|   8|           8|           8|
    |or_ln949_13_fu_6566_p2    |    or    |      0|  0|   8|           8|           8|
    |or_ln949_14_fu_6713_p2    |    or    |      0|  0|   8|           8|           8|
    |or_ln949_15_fu_6860_p2    |    or    |      0|  0|   8|           8|           8|
    |or_ln949_16_fu_7007_p2    |    or    |      0|  0|   8|           8|           8|
    |or_ln949_17_fu_7154_p2    |    or    |      0|  0|   8|           8|           8|
    |or_ln949_18_fu_7301_p2    |    or    |      0|  0|   8|           8|           8|
    |or_ln949_19_fu_7448_p2    |    or    |      0|  0|   8|           8|           8|
    |or_ln949_1_fu_4802_p2     |    or    |      0|  0|   8|           8|           8|
    |or_ln949_20_fu_7595_p2    |    or    |      0|  0|   8|           8|           8|
    |or_ln949_21_fu_7742_p2    |    or    |      0|  0|   8|           8|           8|
    |or_ln949_22_fu_7889_p2    |    or    |      0|  0|   8|           8|           8|
    |or_ln949_23_fu_8036_p2    |    or    |      0|  0|   8|           8|           8|
    |or_ln949_24_fu_8183_p2    |    or    |      0|  0|   8|           8|           8|
    |or_ln949_25_fu_8330_p2    |    or    |      0|  0|   8|           8|           8|
    |or_ln949_26_fu_8477_p2    |    or    |      0|  0|   8|           8|           8|
    |or_ln949_27_fu_8624_p2    |    or    |      0|  0|   8|           8|           8|
    |or_ln949_28_fu_8771_p2    |    or    |      0|  0|   8|           8|           8|
    |or_ln949_29_fu_8918_p2    |    or    |      0|  0|   8|           8|           8|
    |or_ln949_2_fu_4949_p2     |    or    |      0|  0|   8|           8|           8|
    |or_ln949_30_fu_9065_p2    |    or    |      0|  0|   8|           8|           8|
    |or_ln949_31_fu_9212_p2    |    or    |      0|  0|   8|           8|           8|
    |or_ln949_32_fu_9359_p2    |    or    |      0|  0|   8|           8|           8|
    |or_ln949_33_fu_9506_p2    |    or    |      0|  0|   8|           8|           8|
    |or_ln949_34_fu_9653_p2    |    or    |      0|  0|   8|           8|           8|
    |or_ln949_35_fu_9800_p2    |    or    |      0|  0|   8|           8|           8|
    |or_ln949_36_fu_9947_p2    |    or    |      0|  0|   8|           8|           8|
    |or_ln949_37_fu_10094_p2   |    or    |      0|  0|   8|           8|           8|
    |or_ln949_38_fu_10241_p2   |    or    |      0|  0|   8|           8|           8|
    |or_ln949_39_fu_10388_p2   |    or    |      0|  0|   8|           8|           8|
    |or_ln949_3_fu_5096_p2     |    or    |      0|  0|   8|           8|           8|
    |or_ln949_40_fu_10535_p2   |    or    |      0|  0|   8|           8|           8|
    |or_ln949_41_fu_10682_p2   |    or    |      0|  0|   8|           8|           8|
    |or_ln949_42_fu_10829_p2   |    or    |      0|  0|   8|           8|           8|
    |or_ln949_43_fu_10976_p2   |    or    |      0|  0|   8|           8|           8|
    |or_ln949_44_fu_11123_p2   |    or    |      0|  0|   8|           8|           8|
    |or_ln949_45_fu_11270_p2   |    or    |      0|  0|   8|           8|           8|
    |or_ln949_46_fu_11417_p2   |    or    |      0|  0|   8|           8|           8|
    |or_ln949_47_fu_11564_p2   |    or    |      0|  0|   8|           8|           8|
    |or_ln949_48_fu_11711_p2   |    or    |      0|  0|   8|           8|           8|
    |or_ln949_49_fu_11858_p2   |    or    |      0|  0|   8|           8|           8|
    |or_ln949_4_fu_5243_p2     |    or    |      0|  0|   8|           8|           8|
    |or_ln949_50_fu_12005_p2   |    or    |      0|  0|   8|           8|           8|
    |or_ln949_51_fu_12152_p2   |    or    |      0|  0|   8|           8|           8|
    |or_ln949_52_fu_12299_p2   |    or    |      0|  0|   8|           8|           8|
    |or_ln949_53_fu_12446_p2   |    or    |      0|  0|   8|           8|           8|
    |or_ln949_54_fu_12593_p2   |    or    |      0|  0|   8|           8|           8|
    |or_ln949_55_fu_12740_p2   |    or    |      0|  0|   8|           8|           8|
    |or_ln949_56_fu_12887_p2   |    or    |      0|  0|   8|           8|           8|
    |or_ln949_57_fu_13034_p2   |    or    |      0|  0|   8|           8|           8|
    |or_ln949_58_fu_13181_p2   |    or    |      0|  0|   8|           8|           8|
    |or_ln949_59_fu_13328_p2   |    or    |      0|  0|   8|           8|           8|
    |or_ln949_5_fu_5390_p2     |    or    |      0|  0|   8|           8|           8|
    |or_ln949_60_fu_13475_p2   |    or    |      0|  0|   8|           8|           8|
    |or_ln949_61_fu_13622_p2   |    or    |      0|  0|   8|           8|           8|
    |or_ln949_62_fu_13769_p2   |    or    |      0|  0|   8|           8|           8|
    |or_ln949_63_fu_13916_p2   |    or    |      0|  0|   8|           8|           8|
    |or_ln949_64_fu_4587_p2    |    or    |      0|  0|  12|          12|           1|
    |or_ln949_65_fu_4676_p2    |    or    |      0|  0|  12|          12|           3|
    |or_ln949_66_fu_4823_p2    |    or    |      0|  0|  12|          12|           4|
    |or_ln949_67_fu_4970_p2    |    or    |      0|  0|  12|          12|           4|
    |or_ln949_68_fu_5117_p2    |    or    |      0|  0|  12|          12|           5|
    |or_ln949_69_fu_5264_p2    |    or    |      0|  0|  12|          12|           5|
    |or_ln949_6_fu_5537_p2     |    or    |      0|  0|   8|           8|           8|
    |or_ln949_70_fu_5411_p2    |    or    |      0|  0|  12|          12|           5|
    |or_ln949_71_fu_5558_p2    |    or    |      0|  0|  12|          12|           5|
    |or_ln949_72_fu_5705_p2    |    or    |      0|  0|  12|          12|           6|
    |or_ln949_73_fu_5852_p2    |    or    |      0|  0|  12|          12|           6|
    |or_ln949_74_fu_5999_p2    |    or    |      0|  0|  12|          12|           6|
    |or_ln949_75_fu_6146_p2    |    or    |      0|  0|  12|          12|           6|
    |or_ln949_76_fu_6293_p2    |    or    |      0|  0|  12|          12|           6|
    |or_ln949_77_fu_6440_p2    |    or    |      0|  0|  12|          12|           6|
    |or_ln949_78_fu_6587_p2    |    or    |      0|  0|  12|          12|           6|
    |or_ln949_79_fu_6734_p2    |    or    |      0|  0|  12|          12|           6|
    |or_ln949_7_fu_5684_p2     |    or    |      0|  0|   8|           8|           8|
    |or_ln949_80_fu_6881_p2    |    or    |      0|  0|  12|          12|           7|
    |or_ln949_81_fu_7028_p2    |    or    |      0|  0|  12|          12|           7|
    |or_ln949_82_fu_7175_p2    |    or    |      0|  0|  12|          12|           7|
    |or_ln949_83_fu_7322_p2    |    or    |      0|  0|  12|          12|           7|
    |or_ln949_84_fu_7469_p2    |    or    |      0|  0|  12|          12|           7|
    |or_ln949_85_fu_7616_p2    |    or    |      0|  0|  12|          12|           7|
    |or_ln949_86_fu_7763_p2    |    or    |      0|  0|  12|          12|           7|
    |or_ln949_87_fu_7910_p2    |    or    |      0|  0|  12|          12|           7|
    |or_ln949_88_fu_8057_p2    |    or    |      0|  0|  12|          12|           7|
    |or_ln949_89_fu_8204_p2    |    or    |      0|  0|  12|          12|           7|
    |or_ln949_8_fu_5831_p2     |    or    |      0|  0|   8|           8|           8|
    |or_ln949_90_fu_8351_p2    |    or    |      0|  0|  12|          12|           7|
    |or_ln949_91_fu_8498_p2    |    or    |      0|  0|  12|          12|           7|
    |or_ln949_92_fu_8645_p2    |    or    |      0|  0|  12|          12|           7|
    |or_ln949_93_fu_8792_p2    |    or    |      0|  0|  12|          12|           7|
    |or_ln949_94_fu_8939_p2    |    or    |      0|  0|  12|          12|           7|
    |or_ln949_95_fu_9086_p2    |    or    |      0|  0|  12|          12|           7|
    |or_ln949_96_fu_9233_p2    |    or    |      0|  0|  12|          12|           8|
    |or_ln949_97_fu_9380_p2    |    or    |      0|  0|  12|          12|           8|
    |or_ln949_98_fu_9527_p2    |    or    |      0|  0|  12|          12|           8|
    |or_ln949_99_fu_9674_p2    |    or    |      0|  0|  12|          12|           8|
    |or_ln949_9_fu_5978_p2     |    or    |      0|  0|   8|           8|           8|
    |or_ln949_fu_4651_p2       |    or    |      0|  0|   8|           8|           8|
    |or_ln951_100_fu_9893_p2   |    or    |      0|  0|  12|          12|           8|
    |or_ln951_101_fu_10040_p2  |    or    |      0|  0|  12|          12|           8|
    |or_ln951_102_fu_10187_p2  |    or    |      0|  0|  12|          12|           8|
    |or_ln951_103_fu_10334_p2  |    or    |      0|  0|  12|          12|           8|
    |or_ln951_104_fu_10481_p2  |    or    |      0|  0|  12|          12|           8|
    |or_ln951_105_fu_10628_p2  |    or    |      0|  0|  12|          12|           8|
    |or_ln951_106_fu_10775_p2  |    or    |      0|  0|  12|          12|           8|
    |or_ln951_107_fu_10922_p2  |    or    |      0|  0|  12|          12|           8|
    |or_ln951_108_fu_11069_p2  |    or    |      0|  0|  12|          12|           8|
    |or_ln951_109_fu_11216_p2  |    or    |      0|  0|  12|          12|           8|
    |or_ln951_10_fu_6182_p2    |    or    |      0|  0|   8|           8|           8|
    |or_ln951_110_fu_11363_p2  |    or    |      0|  0|  12|          12|           8|
    |or_ln951_111_fu_11510_p2  |    or    |      0|  0|  12|          12|           8|
    |or_ln951_112_fu_11657_p2  |    or    |      0|  0|  12|          12|           8|
    |or_ln951_113_fu_11804_p2  |    or    |      0|  0|  12|          12|           8|
    |or_ln951_114_fu_11951_p2  |    or    |      0|  0|  12|          12|           8|
    |or_ln951_115_fu_12098_p2  |    or    |      0|  0|  12|          12|           8|
    |or_ln951_116_fu_12245_p2  |    or    |      0|  0|  12|          12|           8|
    |or_ln951_117_fu_12392_p2  |    or    |      0|  0|  12|          12|           8|
    |or_ln951_118_fu_12539_p2  |    or    |      0|  0|  12|          12|           8|
    |or_ln951_119_fu_12686_p2  |    or    |      0|  0|  12|          12|           8|
    |or_ln951_11_fu_6329_p2    |    or    |      0|  0|   8|           8|           8|
    |or_ln951_120_fu_12833_p2  |    or    |      0|  0|  12|          12|           8|
    |or_ln951_121_fu_12980_p2  |    or    |      0|  0|  12|          12|           8|
    |or_ln951_122_fu_13127_p2  |    or    |      0|  0|  12|          12|           8|
    |or_ln951_123_fu_13274_p2  |    or    |      0|  0|  12|          12|           8|
    |or_ln951_124_fu_13421_p2  |    or    |      0|  0|  12|          12|           8|
    |or_ln951_125_fu_13568_p2  |    or    |      0|  0|  12|          12|           8|
    |or_ln951_126_fu_13715_p2  |    or    |      0|  0|  12|          12|           8|
    |or_ln951_127_fu_13862_p2  |    or    |      0|  0|  12|          12|           8|
    |or_ln951_12_fu_6476_p2    |    or    |      0|  0|   8|           8|           8|
    |or_ln951_13_fu_6623_p2    |    or    |      0|  0|   8|           8|           8|
    |or_ln951_14_fu_6770_p2    |    or    |      0|  0|   8|           8|           8|
    |or_ln951_15_fu_6917_p2    |    or    |      0|  0|   8|           8|           8|
    |or_ln951_16_fu_7064_p2    |    or    |      0|  0|   8|           8|           8|
    |or_ln951_17_fu_7211_p2    |    or    |      0|  0|   8|           8|           8|
    |or_ln951_18_fu_7358_p2    |    or    |      0|  0|   8|           8|           8|
    |or_ln951_19_fu_7505_p2    |    or    |      0|  0|   8|           8|           8|
    |or_ln951_1_fu_4859_p2     |    or    |      0|  0|   8|           8|           8|
    |or_ln951_20_fu_7652_p2    |    or    |      0|  0|   8|           8|           8|
    |or_ln951_21_fu_7799_p2    |    or    |      0|  0|   8|           8|           8|
    |or_ln951_22_fu_7946_p2    |    or    |      0|  0|   8|           8|           8|
    |or_ln951_23_fu_8093_p2    |    or    |      0|  0|   8|           8|           8|
    |or_ln951_24_fu_8240_p2    |    or    |      0|  0|   8|           8|           8|
    |or_ln951_25_fu_8387_p2    |    or    |      0|  0|   8|           8|           8|
    |or_ln951_26_fu_8534_p2    |    or    |      0|  0|   8|           8|           8|
    |or_ln951_27_fu_8681_p2    |    or    |      0|  0|   8|           8|           8|
    |or_ln951_28_fu_8828_p2    |    or    |      0|  0|   8|           8|           8|
    |or_ln951_29_fu_8975_p2    |    or    |      0|  0|   8|           8|           8|
    |or_ln951_2_fu_5006_p2     |    or    |      0|  0|   8|           8|           8|
    |or_ln951_30_fu_9122_p2    |    or    |      0|  0|   8|           8|           8|
    |or_ln951_31_fu_9269_p2    |    or    |      0|  0|   8|           8|           8|
    |or_ln951_32_fu_9416_p2    |    or    |      0|  0|   8|           8|           8|
    |or_ln951_33_fu_9563_p2    |    or    |      0|  0|   8|           8|           8|
    |or_ln951_34_fu_9710_p2    |    or    |      0|  0|   8|           8|           8|
    |or_ln951_35_fu_9857_p2    |    or    |      0|  0|   8|           8|           8|
    |or_ln951_36_fu_10004_p2   |    or    |      0|  0|   8|           8|           8|
    |or_ln951_37_fu_10151_p2   |    or    |      0|  0|   8|           8|           8|
    |or_ln951_38_fu_10298_p2   |    or    |      0|  0|   8|           8|           8|
    |or_ln951_39_fu_10445_p2   |    or    |      0|  0|   8|           8|           8|
    |or_ln951_3_fu_5153_p2     |    or    |      0|  0|   8|           8|           8|
    |or_ln951_40_fu_10592_p2   |    or    |      0|  0|   8|           8|           8|
    |or_ln951_41_fu_10739_p2   |    or    |      0|  0|   8|           8|           8|
    |or_ln951_42_fu_10886_p2   |    or    |      0|  0|   8|           8|           8|
    |or_ln951_43_fu_11033_p2   |    or    |      0|  0|   8|           8|           8|
    |or_ln951_44_fu_11180_p2   |    or    |      0|  0|   8|           8|           8|
    |or_ln951_45_fu_11327_p2   |    or    |      0|  0|   8|           8|           8|
    |or_ln951_46_fu_11474_p2   |    or    |      0|  0|   8|           8|           8|
    |or_ln951_47_fu_11621_p2   |    or    |      0|  0|   8|           8|           8|
    |or_ln951_48_fu_11768_p2   |    or    |      0|  0|   8|           8|           8|
    |or_ln951_49_fu_11915_p2   |    or    |      0|  0|   8|           8|           8|
    |or_ln951_4_fu_5300_p2     |    or    |      0|  0|   8|           8|           8|
    |or_ln951_50_fu_12062_p2   |    or    |      0|  0|   8|           8|           8|
    |or_ln951_51_fu_12209_p2   |    or    |      0|  0|   8|           8|           8|
    |or_ln951_52_fu_12356_p2   |    or    |      0|  0|   8|           8|           8|
    |or_ln951_53_fu_12503_p2   |    or    |      0|  0|   8|           8|           8|
    |or_ln951_54_fu_12650_p2   |    or    |      0|  0|   8|           8|           8|
    |or_ln951_55_fu_12797_p2   |    or    |      0|  0|   8|           8|           8|
    |or_ln951_56_fu_12944_p2   |    or    |      0|  0|   8|           8|           8|
    |or_ln951_57_fu_13091_p2   |    or    |      0|  0|   8|           8|           8|
    |or_ln951_58_fu_13238_p2   |    or    |      0|  0|   8|           8|           8|
    |or_ln951_59_fu_13385_p2   |    or    |      0|  0|   8|           8|           8|
    |or_ln951_5_fu_5447_p2     |    or    |      0|  0|   8|           8|           8|
    |or_ln951_60_fu_13532_p2   |    or    |      0|  0|   8|           8|           8|
    |or_ln951_61_fu_13679_p2   |    or    |      0|  0|   8|           8|           8|
    |or_ln951_62_fu_13826_p2   |    or    |      0|  0|   8|           8|           8|
    |or_ln951_63_fu_13945_p2   |    or    |      0|  0|   8|           8|           8|
    |or_ln951_64_fu_4602_p2    |    or    |      0|  0|  12|          12|           2|
    |or_ln951_65_fu_4748_p2    |    or    |      0|  0|  12|          12|           3|
    |or_ln951_66_fu_4895_p2    |    or    |      0|  0|  12|          12|           4|
    |or_ln951_67_fu_5042_p2    |    or    |      0|  0|  12|          12|           4|
    |or_ln951_68_fu_5189_p2    |    or    |      0|  0|  12|          12|           5|
    |or_ln951_69_fu_5336_p2    |    or    |      0|  0|  12|          12|           5|
    |or_ln951_6_fu_5594_p2     |    or    |      0|  0|   8|           8|           8|
    |or_ln951_70_fu_5483_p2    |    or    |      0|  0|  12|          12|           5|
    |or_ln951_71_fu_5630_p2    |    or    |      0|  0|  12|          12|           5|
    |or_ln951_72_fu_5777_p2    |    or    |      0|  0|  12|          12|           6|
    |or_ln951_73_fu_5924_p2    |    or    |      0|  0|  12|          12|           6|
    |or_ln951_74_fu_6071_p2    |    or    |      0|  0|  12|          12|           6|
    |or_ln951_75_fu_6218_p2    |    or    |      0|  0|  12|          12|           6|
    |or_ln951_76_fu_6365_p2    |    or    |      0|  0|  12|          12|           6|
    |or_ln951_77_fu_6512_p2    |    or    |      0|  0|  12|          12|           6|
    |or_ln951_78_fu_6659_p2    |    or    |      0|  0|  12|          12|           6|
    |or_ln951_79_fu_6806_p2    |    or    |      0|  0|  12|          12|           6|
    |or_ln951_7_fu_5741_p2     |    or    |      0|  0|   8|           8|           8|
    |or_ln951_80_fu_6953_p2    |    or    |      0|  0|  12|          12|           7|
    |or_ln951_81_fu_7100_p2    |    or    |      0|  0|  12|          12|           7|
    |or_ln951_82_fu_7247_p2    |    or    |      0|  0|  12|          12|           7|
    |or_ln951_83_fu_7394_p2    |    or    |      0|  0|  12|          12|           7|
    |or_ln951_84_fu_7541_p2    |    or    |      0|  0|  12|          12|           7|
    |or_ln951_85_fu_7688_p2    |    or    |      0|  0|  12|          12|           7|
    |or_ln951_86_fu_7835_p2    |    or    |      0|  0|  12|          12|           7|
    |or_ln951_87_fu_7982_p2    |    or    |      0|  0|  12|          12|           7|
    |or_ln951_88_fu_8129_p2    |    or    |      0|  0|  12|          12|           7|
    |or_ln951_89_fu_8276_p2    |    or    |      0|  0|  12|          12|           7|
    |or_ln951_8_fu_5888_p2     |    or    |      0|  0|   8|           8|           8|
    |or_ln951_90_fu_8423_p2    |    or    |      0|  0|  12|          12|           7|
    |or_ln951_91_fu_8570_p2    |    or    |      0|  0|  12|          12|           7|
    |or_ln951_92_fu_8717_p2    |    or    |      0|  0|  12|          12|           7|
    |or_ln951_93_fu_8864_p2    |    or    |      0|  0|  12|          12|           7|
    |or_ln951_94_fu_9011_p2    |    or    |      0|  0|  12|          12|           7|
    |or_ln951_95_fu_9158_p2    |    or    |      0|  0|  12|          12|           7|
    |or_ln951_96_fu_9305_p2    |    or    |      0|  0|  12|          12|           8|
    |or_ln951_97_fu_9452_p2    |    or    |      0|  0|  12|          12|           8|
    |or_ln951_98_fu_9599_p2    |    or    |      0|  0|  12|          12|           8|
    |or_ln951_99_fu_9746_p2    |    or    |      0|  0|  12|          12|           8|
    |or_ln951_9_fu_6035_p2     |    or    |      0|  0|   8|           8|           8|
    |or_ln951_fu_4712_p2       |    or    |      0|  0|   8|           8|           8|
    |or_ln953_100_fu_9907_p2   |    or    |      0|  0|  12|          12|           8|
    |or_ln953_101_fu_10054_p2  |    or    |      0|  0|  12|          12|           8|
    |or_ln953_102_fu_10201_p2  |    or    |      0|  0|  12|          12|           8|
    |or_ln953_103_fu_10348_p2  |    or    |      0|  0|  12|          12|           8|
    |or_ln953_104_fu_10495_p2  |    or    |      0|  0|  12|          12|           8|
    |or_ln953_105_fu_10642_p2  |    or    |      0|  0|  12|          12|           8|
    |or_ln953_106_fu_10789_p2  |    or    |      0|  0|  12|          12|           8|
    |or_ln953_107_fu_10936_p2  |    or    |      0|  0|  12|          12|           8|
    |or_ln953_108_fu_11083_p2  |    or    |      0|  0|  12|          12|           8|
    |or_ln953_109_fu_11230_p2  |    or    |      0|  0|  12|          12|           8|
    |or_ln953_10_fu_6211_p2    |    or    |      0|  0|   8|           8|           8|
    |or_ln953_110_fu_11377_p2  |    or    |      0|  0|  12|          12|           8|
    |or_ln953_111_fu_11524_p2  |    or    |      0|  0|  12|          12|           8|
    |or_ln953_112_fu_11671_p2  |    or    |      0|  0|  12|          12|           8|
    |or_ln953_113_fu_11818_p2  |    or    |      0|  0|  12|          12|           8|
    |or_ln953_114_fu_11965_p2  |    or    |      0|  0|  12|          12|           8|
    |or_ln953_115_fu_12112_p2  |    or    |      0|  0|  12|          12|           8|
    |or_ln953_116_fu_12259_p2  |    or    |      0|  0|  12|          12|           8|
    |or_ln953_117_fu_12406_p2  |    or    |      0|  0|  12|          12|           8|
    |or_ln953_118_fu_12553_p2  |    or    |      0|  0|  12|          12|           8|
    |or_ln953_119_fu_12700_p2  |    or    |      0|  0|  12|          12|           8|
    |or_ln953_11_fu_6358_p2    |    or    |      0|  0|   8|           8|           8|
    |or_ln953_120_fu_12847_p2  |    or    |      0|  0|  12|          12|           8|
    |or_ln953_121_fu_12994_p2  |    or    |      0|  0|  12|          12|           8|
    |or_ln953_122_fu_13141_p2  |    or    |      0|  0|  12|          12|           8|
    |or_ln953_123_fu_13288_p2  |    or    |      0|  0|  12|          12|           8|
    |or_ln953_124_fu_13435_p2  |    or    |      0|  0|  12|          12|           8|
    |or_ln953_125_fu_13582_p2  |    or    |      0|  0|  12|          12|           8|
    |or_ln953_126_fu_13729_p2  |    or    |      0|  0|  12|          12|           8|
    |or_ln953_127_fu_13876_p2  |    or    |      0|  0|  12|          12|           8|
    |or_ln953_12_fu_6505_p2    |    or    |      0|  0|   8|           8|           8|
    |or_ln953_13_fu_6652_p2    |    or    |      0|  0|   8|           8|           8|
    |or_ln953_14_fu_6799_p2    |    or    |      0|  0|   8|           8|           8|
    |or_ln953_15_fu_6946_p2    |    or    |      0|  0|   8|           8|           8|
    |or_ln953_16_fu_7093_p2    |    or    |      0|  0|   8|           8|           8|
    |or_ln953_17_fu_7240_p2    |    or    |      0|  0|   8|           8|           8|
    |or_ln953_18_fu_7387_p2    |    or    |      0|  0|   8|           8|           8|
    |or_ln953_19_fu_7534_p2    |    or    |      0|  0|   8|           8|           8|
    |or_ln953_1_fu_4888_p2     |    or    |      0|  0|   8|           8|           8|
    |or_ln953_20_fu_7681_p2    |    or    |      0|  0|   8|           8|           8|
    |or_ln953_21_fu_7828_p2    |    or    |      0|  0|   8|           8|           8|
    |or_ln953_22_fu_7975_p2    |    or    |      0|  0|   8|           8|           8|
    |or_ln953_23_fu_8122_p2    |    or    |      0|  0|   8|           8|           8|
    |or_ln953_24_fu_8269_p2    |    or    |      0|  0|   8|           8|           8|
    |or_ln953_25_fu_8416_p2    |    or    |      0|  0|   8|           8|           8|
    |or_ln953_26_fu_8563_p2    |    or    |      0|  0|   8|           8|           8|
    |or_ln953_27_fu_8710_p2    |    or    |      0|  0|   8|           8|           8|
    |or_ln953_28_fu_8857_p2    |    or    |      0|  0|   8|           8|           8|
    |or_ln953_29_fu_9004_p2    |    or    |      0|  0|   8|           8|           8|
    |or_ln953_2_fu_5035_p2     |    or    |      0|  0|   8|           8|           8|
    |or_ln953_30_fu_9151_p2    |    or    |      0|  0|   8|           8|           8|
    |or_ln953_31_fu_9298_p2    |    or    |      0|  0|   8|           8|           8|
    |or_ln953_32_fu_9445_p2    |    or    |      0|  0|   8|           8|           8|
    |or_ln953_33_fu_9592_p2    |    or    |      0|  0|   8|           8|           8|
    |or_ln953_34_fu_9739_p2    |    or    |      0|  0|   8|           8|           8|
    |or_ln953_35_fu_9886_p2    |    or    |      0|  0|   8|           8|           8|
    |or_ln953_36_fu_10033_p2   |    or    |      0|  0|   8|           8|           8|
    |or_ln953_37_fu_10180_p2   |    or    |      0|  0|   8|           8|           8|
    |or_ln953_38_fu_10327_p2   |    or    |      0|  0|   8|           8|           8|
    |or_ln953_39_fu_10474_p2   |    or    |      0|  0|   8|           8|           8|
    |or_ln953_3_fu_5182_p2     |    or    |      0|  0|   8|           8|           8|
    |or_ln953_40_fu_10621_p2   |    or    |      0|  0|   8|           8|           8|
    |or_ln953_41_fu_10768_p2   |    or    |      0|  0|   8|           8|           8|
    |or_ln953_42_fu_10915_p2   |    or    |      0|  0|   8|           8|           8|
    |or_ln953_43_fu_11062_p2   |    or    |      0|  0|   8|           8|           8|
    |or_ln953_44_fu_11209_p2   |    or    |      0|  0|   8|           8|           8|
    |or_ln953_45_fu_11356_p2   |    or    |      0|  0|   8|           8|           8|
    |or_ln953_46_fu_11503_p2   |    or    |      0|  0|   8|           8|           8|
    |or_ln953_47_fu_11650_p2   |    or    |      0|  0|   8|           8|           8|
    |or_ln953_48_fu_11797_p2   |    or    |      0|  0|   8|           8|           8|
    |or_ln953_49_fu_11944_p2   |    or    |      0|  0|   8|           8|           8|
    |or_ln953_4_fu_5329_p2     |    or    |      0|  0|   8|           8|           8|
    |or_ln953_50_fu_12091_p2   |    or    |      0|  0|   8|           8|           8|
    |or_ln953_51_fu_12238_p2   |    or    |      0|  0|   8|           8|           8|
    |or_ln953_52_fu_12385_p2   |    or    |      0|  0|   8|           8|           8|
    |or_ln953_53_fu_12532_p2   |    or    |      0|  0|   8|           8|           8|
    |or_ln953_54_fu_12679_p2   |    or    |      0|  0|   8|           8|           8|
    |or_ln953_55_fu_12826_p2   |    or    |      0|  0|   8|           8|           8|
    |or_ln953_56_fu_12973_p2   |    or    |      0|  0|   8|           8|           8|
    |or_ln953_57_fu_13120_p2   |    or    |      0|  0|   8|           8|           8|
    |or_ln953_58_fu_13267_p2   |    or    |      0|  0|   8|           8|           8|
    |or_ln953_59_fu_13414_p2   |    or    |      0|  0|   8|           8|           8|
    |or_ln953_5_fu_5476_p2     |    or    |      0|  0|   8|           8|           8|
    |or_ln953_60_fu_13561_p2   |    or    |      0|  0|   8|           8|           8|
    |or_ln953_61_fu_13708_p2   |    or    |      0|  0|   8|           8|           8|
    |or_ln953_62_fu_13855_p2   |    or    |      0|  0|   8|           8|           8|
    |or_ln953_63_fu_13974_p2   |    or    |      0|  0|   8|           8|           8|
    |or_ln953_64_fu_4616_p2    |    or    |      0|  0|  12|          12|           2|
    |or_ln953_65_fu_4762_p2    |    or    |      0|  0|  12|          12|           3|
    |or_ln953_66_fu_4909_p2    |    or    |      0|  0|  12|          12|           4|
    |or_ln953_67_fu_5056_p2    |    or    |      0|  0|  12|          12|           4|
    |or_ln953_68_fu_5203_p2    |    or    |      0|  0|  12|          12|           5|
    |or_ln953_69_fu_5350_p2    |    or    |      0|  0|  12|          12|           5|
    |or_ln953_6_fu_5623_p2     |    or    |      0|  0|   8|           8|           8|
    |or_ln953_70_fu_5497_p2    |    or    |      0|  0|  12|          12|           5|
    |or_ln953_71_fu_5644_p2    |    or    |      0|  0|  12|          12|           5|
    |or_ln953_72_fu_5791_p2    |    or    |      0|  0|  12|          12|           6|
    |or_ln953_73_fu_5938_p2    |    or    |      0|  0|  12|          12|           6|
    |or_ln953_74_fu_6085_p2    |    or    |      0|  0|  12|          12|           6|
    |or_ln953_75_fu_6232_p2    |    or    |      0|  0|  12|          12|           6|
    |or_ln953_76_fu_6379_p2    |    or    |      0|  0|  12|          12|           6|
    |or_ln953_77_fu_6526_p2    |    or    |      0|  0|  12|          12|           6|
    |or_ln953_78_fu_6673_p2    |    or    |      0|  0|  12|          12|           6|
    |or_ln953_79_fu_6820_p2    |    or    |      0|  0|  12|          12|           6|
    |or_ln953_7_fu_5770_p2     |    or    |      0|  0|   8|           8|           8|
    |or_ln953_80_fu_6967_p2    |    or    |      0|  0|  12|          12|           7|
    |or_ln953_81_fu_7114_p2    |    or    |      0|  0|  12|          12|           7|
    |or_ln953_82_fu_7261_p2    |    or    |      0|  0|  12|          12|           7|
    |or_ln953_83_fu_7408_p2    |    or    |      0|  0|  12|          12|           7|
    |or_ln953_84_fu_7555_p2    |    or    |      0|  0|  12|          12|           7|
    |or_ln953_85_fu_7702_p2    |    or    |      0|  0|  12|          12|           7|
    |or_ln953_86_fu_7849_p2    |    or    |      0|  0|  12|          12|           7|
    |or_ln953_87_fu_7996_p2    |    or    |      0|  0|  12|          12|           7|
    |or_ln953_88_fu_8143_p2    |    or    |      0|  0|  12|          12|           7|
    |or_ln953_89_fu_8290_p2    |    or    |      0|  0|  12|          12|           7|
    |or_ln953_8_fu_5917_p2     |    or    |      0|  0|   8|           8|           8|
    |or_ln953_90_fu_8437_p2    |    or    |      0|  0|  12|          12|           7|
    |or_ln953_91_fu_8584_p2    |    or    |      0|  0|  12|          12|           7|
    |or_ln953_92_fu_8731_p2    |    or    |      0|  0|  12|          12|           7|
    |or_ln953_93_fu_8878_p2    |    or    |      0|  0|  12|          12|           7|
    |or_ln953_94_fu_9025_p2    |    or    |      0|  0|  12|          12|           7|
    |or_ln953_95_fu_9172_p2    |    or    |      0|  0|  12|          12|           7|
    |or_ln953_96_fu_9319_p2    |    or    |      0|  0|  12|          12|           8|
    |or_ln953_97_fu_9466_p2    |    or    |      0|  0|  12|          12|           8|
    |or_ln953_98_fu_9613_p2    |    or    |      0|  0|  12|          12|           8|
    |or_ln953_99_fu_9760_p2    |    or    |      0|  0|  12|          12|           8|
    |or_ln953_9_fu_6064_p2     |    or    |      0|  0|   8|           8|           8|
    |or_ln953_fu_4741_p2       |    or    |      0|  0|   8|           8|           8|
    +--------------------------+----------+-------+---+----+------------+------------+
    |Total                     |          |      0|  0|7843|        5877|        5239|
    +--------------------------+----------+-------+---+----+------------+------------+

    * Multiplexer: 
    +-------------------+-----+-----------+-----+-----------+
    |        Name       | LUT | Input Size| Bits| Total Bits|
    +-------------------+-----+-----------+-----+-----------+
    |a_coeffs_address0  |  581|        129|   10|       1290|
    |a_coeffs_address1  |  581|        129|   10|       1290|
    |ap_NS_fsm          |  585|        130|    1|        130|
    |r_address0         |  429|         97|   13|       1261|
    |r_address1         |  429|         97|   13|       1261|
    |r_d0               |  429|         97|    8|        776|
    |r_d1               |  429|         97|    8|        776|
    +-------------------+-----+-----------+-----+-----------+
    |Total              | 3463|        776|   63|       6784|
    +-------------------+-----+-----------+-----+-----------+

    * Register: 
    +-----------------------+-----+----+-----+-----------+
    |          Name         |  FF | LUT| Bits| Const Bits|
    +-----------------------+-----+----+-----+-----------+
    |ap_CS_fsm              |  129|   0|  129|          0|
    |reg_4570               |    8|   0|    8|          0|
    |tmp_reg_13981          |    4|   0|   12|          8|
    |trunc_ln950_reg_14259  |   10|   0|   10|          0|
    +-----------------------+-----+----+-----+-----------+
    |Total                  |  151|   0|  159|          8|
    +-----------------------+-----+----+-----+-----------+



================================================================
== Interface
================================================================
* Summary: 
+-------------------+-----+-----+------------+------------------------+--------------+
|     RTL Ports     | Dir | Bits|  Protocol  |      Source Object     |    C Type    |
+-------------------+-----+-----+------------+------------------------+--------------+
|ap_clk             |  in |    1| ap_ctrl_hs | pqcrystals_dilithium.5 | return value |
|ap_rst             |  in |    1| ap_ctrl_hs | pqcrystals_dilithium.5 | return value |
|ap_start           |  in |    1| ap_ctrl_hs | pqcrystals_dilithium.5 | return value |
|ap_done            | out |    1| ap_ctrl_hs | pqcrystals_dilithium.5 | return value |
|ap_idle            | out |    1| ap_ctrl_hs | pqcrystals_dilithium.5 | return value |
|ap_ready           | out |    1| ap_ctrl_hs | pqcrystals_dilithium.5 | return value |
|r_address0         | out |   13|  ap_memory |            r           |     array    |
|r_ce0              | out |    1|  ap_memory |            r           |     array    |
|r_we0              | out |    1|  ap_memory |            r           |     array    |
|r_d0               | out |    8|  ap_memory |            r           |     array    |
|r_address1         | out |   13|  ap_memory |            r           |     array    |
|r_ce1              | out |    1|  ap_memory |            r           |     array    |
|r_we1              | out |    1|  ap_memory |            r           |     array    |
|r_d1               | out |    8|  ap_memory |            r           |     array    |
|r_offset           |  in |   11|   ap_none  |        r_offset        |    scalar    |
|a_coeffs_address0  | out |   10|  ap_memory |        a_coeffs        |     array    |
|a_coeffs_ce0       | out |    1|  ap_memory |        a_coeffs        |     array    |
|a_coeffs_q0        |  in |   32|  ap_memory |        a_coeffs        |     array    |
|a_coeffs_address1  | out |   10|  ap_memory |        a_coeffs        |     array    |
|a_coeffs_ce1       | out |    1|  ap_memory |        a_coeffs        |     array    |
|a_coeffs_q1        |  in |   32|  ap_memory |        a_coeffs        |     array    |
|a_coeffs_offset    |  in |    4|   ap_none  |     a_coeffs_offset    |    scalar    |
+-------------------+-----+-----+------------+------------------------+--------------+

