

================================================================
== Vivado HLS Report for 'keccak_absorb_2'
================================================================
* Date:           Tue Apr  4 22:25:14 2023

* Version:        2019.2 (Build 2704478 on Wed Nov 06 22:10:23 MST 2019)
* Project:        crypto_sign
* Solution:       solution1
* Product family: artix7
* Target device:  xc7a200t-fbg676-2


================================================================
== Performance Estimates
================================================================
+ Timing: 
    * Summary: 
    +--------+----------+----------+------------+
    |  Clock |  Target  | Estimated| Uncertainty|
    +--------+----------+----------+------------+
    |ap_clk  | 10.00 us | 9.975 ns |   1.25 us  |
    +--------+----------+----------+------------+

+ Latency: 
    * Summary: 
    +---------+---------+----------+----------+-----+-----+---------+
    |  Latency (cycles) |  Latency (absolute) |  Interval | Pipeline|
    |   min   |   max   |    min   |    max   | min | max |   Type  |
    +---------+---------+----------+----------+-----+-----+---------+
    |        ?|        ?|         ?|         ?|    ?|    ?|   none  |
    +---------+---------+----------+----------+-----+-----+---------+

    + Detail: 
        * Instance: 
        N/A

        * Loop: 
        +-------------+---------+---------+----------+-----------+-----------+--------+----------+
        |             |  Latency (cycles) | Iteration|  Initiation Interval  |  Trip  |          |
        |  Loop Name  |   min   |   max   |  Latency |  achieved |   target  |  Count | Pipelined|
        +-------------+---------+---------+----------+-----------+-----------+--------+----------+
        |- memset_t   |        7|        7|         1|          -|          -|       8|    no    |
        |- Loop 2     |        ?|        ?|         2|          -|          -|       ?|    no    |
        |- Loop 3     |       16|       16|         2|          -|          -|       8|    no    |
        |- Loop 4     |        ?|        ?|        19|          -|          -|       ?|    no    |
        |- Loop 5     |        ?|        ?|       376|          -|          -|       ?|    no    |
        | + Loop 5.1  |      323|      323|        19|          -|          -|      17|    no    |
        |- Loop 6     |        0|      304|        19|          -|          -| 0 ~ 16 |    no    |
        |- Loop 7     |        8|        8|         1|          -|          -|       8|    no    |
        |- Loop 8     |        ?|        ?|         2|          -|          -|       ?|    no    |
        |- Loop 9     |       16|       16|         2|          -|          -|       8|    no    |
        +-------------+---------+---------+----------+-----------+-----------+--------+----------+

============================================================
+ Verbose Summary: Synthesis Manager
============================================================
InlineROM: 1
ExposeGlobal: 0
============================================================
+ Verbose Summary: CDFG Model
============================================================
IsTopModel: 0
ResetActiveHigh: 1
IsCombinational: 0
IsDatapathOnly: 0
HasWiredReturn: 1
HasMFsm: 0
HasVarLatency: 1
IsPipeline: 0
IsRtlPipelined: 0
IsInstanceOverlapped: 0
IsDontTouch: 0
HasImplIP: 0
IsGatedGlobalClock: 0


============================================================
+ Verbose Summary: Schedule
============================================================
* Number of FSM states : 22
* Pipeline : 0
* Dataflow Pipeline: 0

* FSM state transitions: 
1 --> 2 
2 --> 2 7 3 
3 --> 4 5 
4 --> 3 
5 --> 6 7 
6 --> 5 
7 --> 10 8 
8 --> 9 10 
9 --> 8 
10 --> 11 
11 --> 12 15 
12 --> 13 14 
13 --> 12 
14 --> 11 
15 --> 16 22 17 
16 --> 15 
17 --> 17 18 
18 --> 19 20 
19 --> 18 
20 --> 21 22 
21 --> 20 
22 --> 

* FSM state operations: 

State 1 <SV = 0> <Delay = 1.35>
ST_1 : Operation 23 [1/1] (0.00ns)   --->   "%mlen_read = call i64 @_ssdm_op_Read.ap_auto.i64(i64 %mlen)"   --->   Operation 23 'read' 'mlen_read' <Predicate = true> <Delay = 0.00>
ST_1 : Operation 24 [1/1] (0.00ns)   --->   "%m_offset_read = call i13 @_ssdm_op_Read.ap_auto.i13(i13 %m_offset)"   --->   Operation 24 'read' 'm_offset_read' <Predicate = true> <Delay = 0.00>
ST_1 : Operation 25 [1/1] (0.00ns)   --->   "%pos_read = call i7 @_ssdm_op_Read.ap_auto.i7(i7 %pos_r)"   --->   Operation 25 'read' 'pos_read' <Predicate = true> <Delay = 0.00>
ST_1 : Operation 26 [1/1] (0.00ns)   --->   "%m_offset_cast2 = zext i13 %m_offset_read to i64"   --->   Operation 26 'zext' 'm_offset_cast2' <Predicate = true> <Delay = 0.00>
ST_1 : Operation 27 [1/1] (0.00ns)   --->   "%pos_cast1 = zext i7 %pos_read to i32"   --->   Operation 27 'zext' 'pos_cast1' <Predicate = true> <Delay = 0.00>
ST_1 : Operation 28 [1/1] (0.00ns)   --->   "%t = alloca [8 x i8], align 1" [fips202.c:387]   --->   Operation 28 'alloca' 't' <Predicate = true> <Delay = 0.00> <Core = "RAM">   --->   Core 37 'RAM' <Latency = 1> <II = 1> <Delay = 2.77> <Storage> <Opcode : 'load' 'store'> <Ports = 2> <Width = 64> <Depth = 25> <RAM>
ST_1 : Operation 29 [1/1] (1.35ns)   --->   "br label %meminst"   --->   Operation 29 'br' <Predicate = true> <Delay = 1.35>

State 2 <SV = 1> <Delay = 9.97>
ST_2 : Operation 30 [1/1] (0.00ns)   --->   "%phi_ln387 = phi i3 [ 0, %0 ], [ %add_ln387, %meminst ]" [fips202.c:387]   --->   Operation 30 'phi' 'phi_ln387' <Predicate = true> <Delay = 0.00>
ST_2 : Operation 31 [1/1] (1.34ns)   --->   "%add_ln387 = add i3 %phi_ln387, 1" [fips202.c:387]   --->   Operation 31 'add' 'add_ln387' <Predicate = true> <Delay = 1.34> <Core = "AddSub">   --->   Core 14 'AddSub' <Latency = 0> <II = 1> <Delay = 2.18> <FuncUnit> <Opcode : 'add' 'sub'> <InPorts = 2> <OutPorts = 1>
ST_2 : Operation 32 [1/1] (0.00ns)   --->   "%zext_ln387 = zext i3 %phi_ln387 to i64" [fips202.c:387]   --->   Operation 32 'zext' 'zext_ln387' <Predicate = true> <Delay = 0.00>
ST_2 : Operation 33 [1/1] (0.00ns)   --->   "%t_addr_1 = getelementptr [8 x i8]* %t, i64 0, i64 %zext_ln387" [fips202.c:387]   --->   Operation 33 'getelementptr' 't_addr_1' <Predicate = true> <Delay = 0.00>
ST_2 : Operation 34 [1/1] (1.75ns)   --->   "store i8 0, i8* %t_addr_1, align 1" [fips202.c:387]   --->   Operation 34 'store' <Predicate = true> <Delay = 1.75> <Core = "RAM">   --->   Core 37 'RAM' <Latency = 1> <II = 1> <Delay = 2.77> <Storage> <Opcode : 'load' 'store'> <Ports = 2> <Width = 64> <Depth = 25> <RAM>
ST_2 : Operation 35 [1/1] (1.00ns)   --->   "%icmp_ln387 = icmp eq i3 %phi_ln387, -1" [fips202.c:387]   --->   Operation 35 'icmp' 'icmp_ln387' <Predicate = true> <Delay = 1.00> <Core = "Cmp">   --->   Core 25 'Cmp' <Latency = 0> <II = 1> <Delay = 1.21> <FuncUnit> <Opcode : 'icmp'> <InPorts = 2> <OutPorts = 1>
ST_2 : Operation 36 [1/1] (0.00ns)   --->   "call void (...)* @_ssdm_op_SpecLoopName([9 x i8]* @memset_t_str)"   --->   Operation 36 'specloopname' <Predicate = true> <Delay = 0.00>
ST_2 : Operation 37 [1/1] (0.00ns)   --->   "%empty = call i32 (...)* @_ssdm_op_SpecLoopTripCount(i64 8, i64 8, i64 8)"   --->   Operation 37 'speclooptripcount' 'empty' <Predicate = true> <Delay = 0.00>
ST_2 : Operation 38 [1/1] (0.00ns)   --->   "br i1 %icmp_ln387, label %1, label %meminst" [fips202.c:387]   --->   Operation 38 'br' <Predicate = true> <Delay = 0.00>
ST_2 : Operation 39 [1/1] (0.00ns)   --->   "%trunc_ln389 = trunc i7 %pos_read to i3" [fips202.c:389]   --->   Operation 39 'trunc' 'trunc_ln389' <Predicate = (icmp_ln387)> <Delay = 0.00>
ST_2 : Operation 40 [1/1] (0.00ns)   --->   "%zext_ln389 = zext i3 %trunc_ln389 to i32" [fips202.c:389]   --->   Operation 40 'zext' 'zext_ln389' <Predicate = (icmp_ln387)> <Delay = 0.00>
ST_2 : Operation 41 [1/1] (1.00ns)   --->   "%icmp_ln389 = icmp eq i3 %trunc_ln389, 0" [fips202.c:389]   --->   Operation 41 'icmp' 'icmp_ln389' <Predicate = (icmp_ln387)> <Delay = 1.00> <Core = "Cmp">   --->   Core 25 'Cmp' <Latency = 0> <II = 1> <Delay = 1.21> <FuncUnit> <Opcode : 'icmp'> <InPorts = 2> <OutPorts = 1>
ST_2 : Operation 42 [1/1] (1.35ns)   --->   "br i1 %icmp_ln389, label %._crit_edge, label %2" [fips202.c:389]   --->   Operation 42 'br' <Predicate = (icmp_ln387)> <Delay = 1.35>
ST_2 : Operation 43 [1/1] (0.80ns)   --->   "%xor_ln391 = xor i64 %mlen_read, -1" [fips202.c:391]   --->   Operation 43 'xor' 'xor_ln391' <Predicate = (icmp_ln387 & !icmp_ln389)> <Delay = 0.80> <Core = "LogicGate">   --->   Core 27 'LogicGate' <Latency = 0> <II = 1> <Delay = 0.80> <FuncUnit> <Opcode : 'and' 'or' 'xor'> <InPorts = 2> <OutPorts = 1>
ST_2 : Operation 44 [1/1] (0.00ns)   --->   "%zext_ln391 = zext i3 %trunc_ln389 to i4" [fips202.c:391]   --->   Operation 44 'zext' 'zext_ln391' <Predicate = (icmp_ln387 & !icmp_ln389)> <Delay = 0.00>
ST_2 : Operation 45 [1/1] (1.49ns)   --->   "%sub_ln391 = sub i4 -8, %zext_ln391" [fips202.c:391]   --->   Operation 45 'sub' 'sub_ln391' <Predicate = (icmp_ln387 & !icmp_ln389)> <Delay = 1.49> <Core = "AddSub">   --->   Core 14 'AddSub' <Latency = 0> <II = 1> <Delay = 2.18> <FuncUnit> <Opcode : 'add' 'sub'> <InPorts = 2> <OutPorts = 1>
ST_2 : Operation 46 [1/1] (0.00ns)   --->   "%empty_60 = zext i4 %sub_ln391 to i64" [fips202.c:391]   --->   Operation 46 'zext' 'empty_60' <Predicate = (icmp_ln387 & !icmp_ln389)> <Delay = 0.00>
ST_2 : Operation 47 [1/1] (0.79ns)   --->   "%xor_ln391_1 = xor i64 %empty_60, -1" [fips202.c:391]   --->   Operation 47 'xor' 'xor_ln391_1' <Predicate = (icmp_ln387 & !icmp_ln389)> <Delay = 0.79> <Core = "LogicGate">   --->   Core 27 'LogicGate' <Latency = 0> <II = 1> <Delay = 0.80> <FuncUnit> <Opcode : 'and' 'or' 'xor'> <InPorts = 2> <OutPorts = 1>
ST_2 : Operation 48 [1/1] (2.34ns)   --->   "%empty_61 = icmp ugt i64 %xor_ln391, %xor_ln391_1" [fips202.c:391]   --->   Operation 48 'icmp' 'empty_61' <Predicate = (icmp_ln387 & !icmp_ln389)> <Delay = 2.34> <Core = "Cmp">   --->   Core 25 'Cmp' <Latency = 0> <II = 1> <Delay = 1.21> <FuncUnit> <Opcode : 'icmp'> <InPorts = 2> <OutPorts = 1>
ST_2 : Operation 49 [1/1] (0.83ns)   --->   "%umax = select i1 %empty_61, i64 %xor_ln391, i64 %xor_ln391_1" [fips202.c:391]   --->   Operation 49 'select' 'umax' <Predicate = (icmp_ln387 & !icmp_ln389)> <Delay = 0.83> <Core = "Sel">   --->   Core 26 'Sel' <Latency = 0> <II = 1> <Delay = 0.83> <FuncUnit> <Opcode : 'select'> <InPorts = 3> <OutPorts = 1>
ST_2 : Operation 50 [1/1] (0.00ns)   --->   "%trunc_ln391 = trunc i64 %umax to i32" [fips202.c:391]   --->   Operation 50 'trunc' 'trunc_ln391' <Predicate = (icmp_ln387 & !icmp_ln389)> <Delay = 0.00>
ST_2 : Operation 51 [1/1] (0.80ns)   --->   "%xor_ln391_2 = xor i64 %umax, -1" [fips202.c:391]   --->   Operation 51 'xor' 'xor_ln391_2' <Predicate = (icmp_ln387 & !icmp_ln389)> <Delay = 0.80> <Core = "LogicGate">   --->   Core 27 'LogicGate' <Latency = 0> <II = 1> <Delay = 0.80> <FuncUnit> <Opcode : 'and' 'or' 'xor'> <InPorts = 2> <OutPorts = 1>
ST_2 : Operation 52 [1/1] (0.80ns)   --->   "%empty_62 = xor i32 %trunc_ln391, -1" [fips202.c:391]   --->   Operation 52 'xor' 'empty_62' <Predicate = (icmp_ln387 & !icmp_ln389)> <Delay = 0.80> <Core = "LogicGate">   --->   Core 27 'LogicGate' <Latency = 0> <II = 1> <Delay = 0.80> <FuncUnit> <Opcode : 'and' 'or' 'xor'> <InPorts = 2> <OutPorts = 1>
ST_2 : Operation 53 [1/1] (0.00ns) (grouped into TernaryAdder)   --->   "%add_ln393 = add i64 1, %umax" [fips202.c:393]   --->   Operation 53 'add' 'add_ln393' <Predicate = (icmp_ln387 & !icmp_ln389)> <Delay = 0.00> <Core = "TAddSub">   --->   Core 83 'TAddSub' <Latency = 0> <II = 1> <Delay = 1.62> <IPBlock> <Opcode : 'add' 'sub'> <InPorts = 3> <OutPorts = 1> <Sync> <CReg>
ST_2 : Operation 54 [1/1] (4.51ns) (root node of TernaryAdder)   --->   "%add_ln393_1 = add i64 %mlen_read, %add_ln393" [fips202.c:393]   --->   Operation 54 'add' 'add_ln393_1' <Predicate = (icmp_ln387 & !icmp_ln389)> <Delay = 4.51> <Core = "TAddSub">   --->   Core 83 'TAddSub' <Latency = 0> <II = 1> <Delay = 1.62> <IPBlock> <Opcode : 'add' 'sub'> <InPorts = 3> <OutPorts = 1> <Sync> <CReg>
ST_2 : Operation 55 [1/1] (2.18ns)   --->   "%add_ln394 = add i32 %empty_62, %pos_cast1" [fips202.c:394]   --->   Operation 55 'add' 'add_ln394' <Predicate = (icmp_ln387 & !icmp_ln389)> <Delay = 2.18> <Core = "AddSub">   --->   Core 14 'AddSub' <Latency = 0> <II = 1> <Delay = 2.18> <FuncUnit> <Opcode : 'add' 'sub'> <InPorts = 2> <OutPorts = 1>
ST_2 : Operation 56 [1/1] (0.00ns)   --->   "%m_offset_cast17 = zext i13 %m_offset_read to i14"   --->   Operation 56 'zext' 'm_offset_cast17' <Predicate = (icmp_ln387 & !icmp_ln389)> <Delay = 0.00>
ST_2 : Operation 57 [1/1] (1.35ns)   --->   "br label %3" [fips202.c:391]   --->   Operation 57 'br' <Predicate = (icmp_ln387 & !icmp_ln389)> <Delay = 1.35>

State 3 <SV = 2> <Delay = 4.58>
ST_3 : Operation 58 [1/1] (0.00ns)   --->   "%p_05_rec = phi i64 [ 0, %2 ], [ %add_ln392, %4 ]" [fips202.c:392]   --->   Operation 58 'phi' 'p_05_rec' <Predicate = true> <Delay = 0.00>
ST_3 : Operation 59 [1/1] (0.00ns)   --->   "%i_0 = phi i32 [ %zext_ln389, %2 ], [ %i, %4 ]"   --->   Operation 59 'phi' 'i_0' <Predicate = true> <Delay = 0.00>
ST_3 : Operation 60 [1/1] (0.00ns)   --->   "%empty_63 = trunc i64 %p_05_rec to i14" [fips202.c:392]   --->   Operation 60 'trunc' 'empty_63' <Predicate = true> <Delay = 0.00>
ST_3 : Operation 61 [1/1] (1.80ns)   --->   "%sum1 = add i14 %m_offset_cast17, %empty_63" [fips202.c:392]   --->   Operation 61 'add' 'sum1' <Predicate = true> <Delay = 1.80> <Core = "AddSub">   --->   Core 14 'AddSub' <Latency = 0> <II = 1> <Delay = 2.18> <FuncUnit> <Opcode : 'add' 'sub'> <InPorts = 2> <OutPorts = 1>
ST_3 : Operation 62 [1/1] (0.00ns)   --->   "%sum1_cast = zext i14 %sum1 to i64" [fips202.c:392]   --->   Operation 62 'zext' 'sum1_cast' <Predicate = true> <Delay = 0.00>
ST_3 : Operation 63 [1/1] (0.00ns)   --->   "%m_addr = getelementptr [5720 x i8]* %m, i64 0, i64 %sum1_cast" [fips202.c:392]   --->   Operation 63 'getelementptr' 'm_addr' <Predicate = true> <Delay = 0.00>
ST_3 : Operation 64 [1/1] (2.34ns)   --->   "%exitcond = icmp eq i64 %p_05_rec, %xor_ln391_2" [fips202.c:392]   --->   Operation 64 'icmp' 'exitcond' <Predicate = true> <Delay = 2.34> <Core = "Cmp">   --->   Core 25 'Cmp' <Latency = 0> <II = 1> <Delay = 1.21> <FuncUnit> <Opcode : 'icmp'> <InPorts = 2> <OutPorts = 1>
ST_3 : Operation 65 [1/1] (2.99ns)   --->   "%add_ln392 = add i64 1, %p_05_rec" [fips202.c:392]   --->   Operation 65 'add' 'add_ln392' <Predicate = true> <Delay = 2.99> <Core = "AddSub">   --->   Core 14 'AddSub' <Latency = 0> <II = 1> <Delay = 2.18> <FuncUnit> <Opcode : 'add' 'sub'> <InPorts = 2> <OutPorts = 1>
ST_3 : Operation 66 [1/1] (0.00ns)   --->   "br i1 %exitcond, label %.preheader16.preheader, label %4" [fips202.c:392]   --->   Operation 66 'br' <Predicate = true> <Delay = 0.00>
ST_3 : Operation 67 [2/2] (2.77ns)   --->   "%m_load = load i8* %m_addr, align 1" [fips202.c:392]   --->   Operation 67 'load' 'm_load' <Predicate = (!exitcond)> <Delay = 2.77> <Core = "RAM">   --->   Core 37 'RAM' <Latency = 1> <II = 1> <Delay = 2.77> <Storage> <Opcode : 'load' 'store'> <Ports = 2> <Width = 64> <Depth = 25> <RAM>
ST_3 : Operation 68 [1/1] (1.35ns)   --->   "br label %.preheader16" [fips202.c:30->fips202.c:396]   --->   Operation 68 'br' <Predicate = (exitcond)> <Delay = 1.35>

State 4 <SV = 3> <Delay = 4.52>
ST_4 : Operation 69 [1/2] (2.77ns)   --->   "%m_load = load i8* %m_addr, align 1" [fips202.c:392]   --->   Operation 69 'load' 'm_load' <Predicate = true> <Delay = 2.77> <Core = "RAM">   --->   Core 37 'RAM' <Latency = 1> <II = 1> <Delay = 2.77> <Storage> <Opcode : 'load' 'store'> <Ports = 2> <Width = 64> <Depth = 25> <RAM>
ST_4 : Operation 70 [1/1] (2.18ns)   --->   "%i = add i32 %i_0, 1" [fips202.c:392]   --->   Operation 70 'add' 'i' <Predicate = true> <Delay = 2.18> <Core = "AddSub">   --->   Core 14 'AddSub' <Latency = 0> <II = 1> <Delay = 2.18> <FuncUnit> <Opcode : 'add' 'sub'> <InPorts = 2> <OutPorts = 1>
ST_4 : Operation 71 [1/1] (0.00ns)   --->   "%zext_ln392 = zext i32 %i_0 to i64" [fips202.c:392]   --->   Operation 71 'zext' 'zext_ln392' <Predicate = true> <Delay = 0.00>
ST_4 : Operation 72 [1/1] (0.00ns)   --->   "%t_addr = getelementptr inbounds [8 x i8]* %t, i64 0, i64 %zext_ln392" [fips202.c:392]   --->   Operation 72 'getelementptr' 't_addr' <Predicate = true> <Delay = 0.00>
ST_4 : Operation 73 [1/1] (1.75ns)   --->   "store i8 %m_load, i8* %t_addr, align 1" [fips202.c:392]   --->   Operation 73 'store' <Predicate = true> <Delay = 1.75> <Core = "RAM">   --->   Core 37 'RAM' <Latency = 1> <II = 1> <Delay = 2.77> <Storage> <Opcode : 'load' 'store'> <Ports = 2> <Width = 64> <Depth = 25> <RAM>
ST_4 : Operation 74 [1/1] (0.00ns)   --->   "br label %3" [fips202.c:395]   --->   Operation 74 'br' <Predicate = true> <Delay = 0.00>

State 5 <SV = 3> <Delay = 6.48>
ST_5 : Operation 75 [1/1] (0.00ns)   --->   "%i_0_i = phi i4 [ %i_32, %5 ], [ 0, %.preheader16.preheader ]"   --->   Operation 75 'phi' 'i_0_i' <Predicate = true> <Delay = 0.00>
ST_5 : Operation 76 [1/1] (0.00ns)   --->   "%r_0_i = phi i64 [ %r, %5 ], [ 0, %.preheader16.preheader ]"   --->   Operation 76 'phi' 'r_0_i' <Predicate = true> <Delay = 0.00>
ST_5 : Operation 77 [1/1] (1.21ns)   --->   "%icmp_ln30 = icmp eq i4 %i_0_i, -8" [fips202.c:30->fips202.c:396]   --->   Operation 77 'icmp' 'icmp_ln30' <Predicate = true> <Delay = 1.21> <Core = "Cmp">   --->   Core 25 'Cmp' <Latency = 0> <II = 1> <Delay = 1.21> <FuncUnit> <Opcode : 'icmp'> <InPorts = 2> <OutPorts = 1>
ST_5 : Operation 78 [1/1] (0.00ns)   --->   "%empty_64 = call i32 (...)* @_ssdm_op_SpecLoopTripCount(i64 8, i64 8, i64 8)"   --->   Operation 78 'speclooptripcount' 'empty_64' <Predicate = true> <Delay = 0.00>
ST_5 : Operation 79 [1/1] (1.49ns)   --->   "%i_32 = add i4 %i_0_i, 1" [fips202.c:30->fips202.c:396]   --->   Operation 79 'add' 'i_32' <Predicate = true> <Delay = 1.49> <Core = "AddSub">   --->   Core 14 'AddSub' <Latency = 0> <II = 1> <Delay = 2.18> <FuncUnit> <Opcode : 'add' 'sub'> <InPorts = 2> <OutPorts = 1>
ST_5 : Operation 80 [1/1] (0.00ns)   --->   "br i1 %icmp_ln30, label %load64.exit, label %5" [fips202.c:30->fips202.c:396]   --->   Operation 80 'br' <Predicate = true> <Delay = 0.00>
ST_5 : Operation 81 [1/1] (0.00ns)   --->   "%zext_ln31 = zext i4 %i_0_i to i64" [fips202.c:31->fips202.c:396]   --->   Operation 81 'zext' 'zext_ln31' <Predicate = (!icmp_ln30)> <Delay = 0.00>
ST_5 : Operation 82 [1/1] (0.00ns)   --->   "%t_addr_2 = getelementptr [8 x i8]* %t, i64 0, i64 %zext_ln31" [fips202.c:31->fips202.c:396]   --->   Operation 82 'getelementptr' 't_addr_2' <Predicate = (!icmp_ln30)> <Delay = 0.00>
ST_5 : Operation 83 [2/2] (1.75ns)   --->   "%t_load = load i8* %t_addr_2, align 1" [fips202.c:31->fips202.c:396]   --->   Operation 83 'load' 't_load' <Predicate = (!icmp_ln30)> <Delay = 1.75> <Core = "RAM">   --->   Core 37 'RAM' <Latency = 1> <II = 1> <Delay = 2.77> <Storage> <Opcode : 'load' 'store'> <Ports = 2> <Width = 64> <Depth = 25> <RAM>
ST_5 : Operation 84 [1/1] (0.00ns) (grouped into TernaryAdder)   --->   "%add_ln390 = add i32 %zext_ln389, %empty_62" [fips202.c:390]   --->   Operation 84 'add' 'add_ln390' <Predicate = (icmp_ln30)> <Delay = 0.00> <Core = "TAddSub">   --->   Core 83 'TAddSub' <Latency = 0> <II = 1> <Delay = 1.62> <IPBlock> <Opcode : 'add' 'sub'> <InPorts = 3> <OutPorts = 1> <Sync> <CReg>
ST_5 : Operation 85 [1/1] (3.71ns) (root node of TernaryAdder)   --->   "%sub_ln396 = sub i32 %add_ln394, %add_ln390" [fips202.c:396]   --->   Operation 85 'sub' 'sub_ln396' <Predicate = (icmp_ln30)> <Delay = 3.71> <Core = "TAddSub">   --->   Core 83 'TAddSub' <Latency = 0> <II = 1> <Delay = 1.62> <IPBlock> <Opcode : 'add' 'sub'> <InPorts = 3> <OutPorts = 1> <Sync> <CReg>
ST_5 : Operation 86 [1/1] (0.00ns)   --->   "%lshr_ln = call i29 @_ssdm_op_PartSelect.i29.i32.i32.i32(i32 %sub_ln396, i32 3, i32 31)" [fips202.c:396]   --->   Operation 86 'partselect' 'lshr_ln' <Predicate = (icmp_ln30)> <Delay = 0.00>
ST_5 : Operation 87 [1/1] (0.00ns)   --->   "%zext_ln396 = zext i29 %lshr_ln to i64" [fips202.c:396]   --->   Operation 87 'zext' 'zext_ln396' <Predicate = (icmp_ln30)> <Delay = 0.00>
ST_5 : Operation 88 [1/1] (0.00ns)   --->   "%s_addr = getelementptr [25 x i64]* %s, i64 0, i64 %zext_ln396" [fips202.c:396]   --->   Operation 88 'getelementptr' 's_addr' <Predicate = (icmp_ln30)> <Delay = 0.00>
ST_5 : Operation 89 [2/2] (2.77ns)   --->   "%s_load = load i64* %s_addr, align 8" [fips202.c:396]   --->   Operation 89 'load' 's_load' <Predicate = (icmp_ln30)> <Delay = 2.77> <Core = "RAM">   --->   Core 37 'RAM' <Latency = 1> <II = 1> <Delay = 2.77> <Storage> <Opcode : 'load' 'store'> <Ports = 2> <Width = 64> <Depth = 25> <RAM>

State 6 <SV = 4> <Delay = 4.17>
ST_6 : Operation 90 [1/2] (1.75ns)   --->   "%t_load = load i8* %t_addr_2, align 1" [fips202.c:31->fips202.c:396]   --->   Operation 90 'load' 't_load' <Predicate = true> <Delay = 1.75> <Core = "RAM">   --->   Core 37 'RAM' <Latency = 1> <II = 1> <Delay = 2.77> <Storage> <Opcode : 'load' 'store'> <Ports = 2> <Width = 64> <Depth = 25> <RAM>
ST_6 : Operation 91 [1/1] (0.00ns) (grouped into LUT with out node r)   --->   "%zext_ln31_8 = zext i8 %t_load to i64" [fips202.c:31->fips202.c:396]   --->   Operation 91 'zext' 'zext_ln31_8' <Predicate = true> <Delay = 0.00>
ST_6 : Operation 92 [1/1] (0.00ns) (grouped into LUT with out node r)   --->   "%trunc_ln31 = trunc i4 %i_0_i to i3" [fips202.c:31->fips202.c:396]   --->   Operation 92 'trunc' 'trunc_ln31' <Predicate = true> <Delay = 0.00>
ST_6 : Operation 93 [1/1] (0.00ns) (grouped into LUT with out node r)   --->   "%shl_ln = call i6 @_ssdm_op_BitConcatenate.i6.i3.i3(i3 %trunc_ln31, i3 0)" [fips202.c:31->fips202.c:396]   --->   Operation 93 'bitconcatenate' 'shl_ln' <Predicate = true> <Delay = 0.00>
ST_6 : Operation 94 [1/1] (0.00ns) (grouped into LUT with out node r)   --->   "%zext_ln31_9 = zext i6 %shl_ln to i64" [fips202.c:31->fips202.c:396]   --->   Operation 94 'zext' 'zext_ln31_9' <Predicate = true> <Delay = 0.00>
ST_6 : Operation 95 [1/1] (0.00ns) (grouped into LUT with out node r)   --->   "%shl_ln31 = shl i64 %zext_ln31_8, %zext_ln31_9" [fips202.c:31->fips202.c:396]   --->   Operation 95 'shl' 'shl_ln31' <Predicate = true> <Delay = 0.00> <Core = "Shift">   --->   Core 28 'Shift' <Latency = 0> <II = 1> <Delay = 2.42> <FuncUnit> <Opcode : 'shl' 'lshr' 'ashr'> <InPorts = 2> <OutPorts = 1>
ST_6 : Operation 96 [1/1] (2.42ns) (out node of the LUT)   --->   "%r = or i64 %shl_ln31, %r_0_i" [fips202.c:31->fips202.c:396]   --->   Operation 96 'or' 'r' <Predicate = true> <Delay = 2.42> <Core = "LogicGate">   --->   Core 27 'LogicGate' <Latency = 0> <II = 1> <Delay = 0.80> <FuncUnit> <Opcode : 'and' 'or' 'xor'> <InPorts = 2> <OutPorts = 1>
ST_6 : Operation 97 [1/1] (0.00ns)   --->   "br label %.preheader16" [fips202.c:30->fips202.c:396]   --->   Operation 97 'br' <Predicate = true> <Delay = 0.00>

State 7 <SV = 4> <Delay = 7.22>
ST_7 : Operation 98 [1/2] (2.77ns)   --->   "%s_load = load i64* %s_addr, align 8" [fips202.c:396]   --->   Operation 98 'load' 's_load' <Predicate = (!icmp_ln389)> <Delay = 2.77> <Core = "RAM">   --->   Core 37 'RAM' <Latency = 1> <II = 1> <Delay = 2.77> <Storage> <Opcode : 'load' 'store'> <Ports = 2> <Width = 64> <Depth = 25> <RAM>
ST_7 : Operation 99 [1/1] (0.80ns)   --->   "%xor_ln396 = xor i64 %s_load, %r_0_i" [fips202.c:396]   --->   Operation 99 'xor' 'xor_ln396' <Predicate = (!icmp_ln389)> <Delay = 0.80> <Core = "LogicGate">   --->   Core 27 'LogicGate' <Latency = 0> <II = 1> <Delay = 0.80> <FuncUnit> <Opcode : 'and' 'or' 'xor'> <InPorts = 2> <OutPorts = 1>
ST_7 : Operation 100 [1/1] (2.77ns)   --->   "store i64 %xor_ln396, i64* %s_addr, align 8" [fips202.c:396]   --->   Operation 100 'store' <Predicate = (!icmp_ln389)> <Delay = 2.77> <Core = "RAM">   --->   Core 37 'RAM' <Latency = 1> <II = 1> <Delay = 2.77> <Storage> <Opcode : 'load' 'store'> <Ports = 2> <Width = 64> <Depth = 25> <RAM>
ST_7 : Operation 101 [1/1] (1.35ns)   --->   "br label %._crit_edge" [fips202.c:397]   --->   Operation 101 'br' <Predicate = (!icmp_ln389)> <Delay = 1.35>
ST_7 : Operation 102 [1/1] (0.00ns)   --->   "%p_1620 = phi i64 [ %xor_ln391_2, %load64.exit ], [ 0, %1 ]" [fips202.c:391]   --->   Operation 102 'phi' 'p_1620' <Predicate = true> <Delay = 0.00>
ST_7 : Operation 103 [1/1] (0.00ns)   --->   "%p_12 = phi i32 [ %add_ln394, %load64.exit ], [ %pos_cast1, %1 ]" [fips202.c:394]   --->   Operation 103 'phi' 'p_12' <Predicate = true> <Delay = 0.00>
ST_7 : Operation 104 [1/1] (0.00ns)   --->   "%p_1 = phi i64 [ %add_ln393_1, %load64.exit ], [ %mlen_read, %1 ]" [fips202.c:393]   --->   Operation 104 'phi' 'p_1' <Predicate = true> <Delay = 0.00>
ST_7 : Operation 105 [1/1] (2.11ns)   --->   "%icmp_ln399 = icmp eq i32 %p_12, 0" [fips202.c:399]   --->   Operation 105 'icmp' 'icmp_ln399' <Predicate = true> <Delay = 2.11> <Core = "Cmp">   --->   Core 25 'Cmp' <Latency = 0> <II = 1> <Delay = 1.21> <FuncUnit> <Opcode : 'icmp'> <InPorts = 2> <OutPorts = 1>
ST_7 : Operation 106 [1/1] (1.35ns)   --->   "br i1 %icmp_ln399, label %._crit_edge15, label %6" [fips202.c:399]   --->   Operation 106 'br' <Predicate = true> <Delay = 1.35>
ST_7 : Operation 107 [1/1] (2.18ns)   --->   "%sub_ln399 = sub i32 136, %p_12" [fips202.c:399]   --->   Operation 107 'sub' 'sub_ln399' <Predicate = (!icmp_ln399)> <Delay = 2.18> <Core = "AddSub">   --->   Core 14 'AddSub' <Latency = 0> <II = 1> <Delay = 2.18> <FuncUnit> <Opcode : 'add' 'sub'> <InPorts = 2> <OutPorts = 1>
ST_7 : Operation 108 [1/1] (0.00ns)   --->   "%zext_ln399 = zext i32 %sub_ln399 to i64" [fips202.c:399]   --->   Operation 108 'zext' 'zext_ln399' <Predicate = (!icmp_ln399)> <Delay = 0.00>
ST_7 : Operation 109 [1/1] (2.34ns)   --->   "%icmp_ln399_1 = icmp ult i64 %p_1, %zext_ln399" [fips202.c:399]   --->   Operation 109 'icmp' 'icmp_ln399_1' <Predicate = (!icmp_ln399)> <Delay = 2.34> <Core = "Cmp">   --->   Core 25 'Cmp' <Latency = 0> <II = 1> <Delay = 1.21> <FuncUnit> <Opcode : 'icmp'> <InPorts = 2> <OutPorts = 1>
ST_7 : Operation 110 [1/1] (1.35ns)   --->   "br i1 %icmp_ln399_1, label %._crit_edge15, label %.preheader14.preheader" [fips202.c:399]   --->   Operation 110 'br' <Predicate = (!icmp_ln399)> <Delay = 1.35>
ST_7 : Operation 111 [1/1] (0.00ns)   --->   "%tmp_28 = call i29 @_ssdm_op_PartSelect.i29.i32.i32.i32(i32 %p_12, i32 3, i32 31)" [fips202.c:400]   --->   Operation 111 'partselect' 'tmp_28' <Predicate = (!icmp_ln399 & !icmp_ln399_1)> <Delay = 0.00>
ST_7 : Operation 112 [1/1] (0.00ns)   --->   "%zext_ln400_1 = zext i29 %tmp_28 to i30" [fips202.c:400]   --->   Operation 112 'zext' 'zext_ln400_1' <Predicate = (!icmp_ln399 & !icmp_ln399_1)> <Delay = 0.00>
ST_7 : Operation 113 [1/1] (0.00ns)   --->   "%tmp_29 = call i29 @_ssdm_op_PartSelect.i29.i32.i32.i32(i32 %sub_ln399, i32 3, i32 31)" [fips202.c:399]   --->   Operation 113 'partselect' 'tmp_29' <Predicate = (!icmp_ln399 & !icmp_ln399_1)> <Delay = 0.00>
ST_7 : Operation 114 [1/1] (0.00ns)   --->   "%zext_ln401_2 = zext i13 %m_offset_read to i33" [fips202.c:401]   --->   Operation 114 'zext' 'zext_ln401_2' <Predicate = (!icmp_ln399 & !icmp_ln399_1)> <Delay = 0.00>
ST_7 : Operation 115 [1/1] (1.35ns)   --->   "br label %.preheader14" [fips202.c:400]   --->   Operation 115 'br' <Predicate = (!icmp_ln399 & !icmp_ln399_1)> <Delay = 1.35>

State 8 <SV = 5> <Delay = 6.62>
ST_8 : Operation 116 [1/1] (0.00ns)   --->   "%i_1 = phi i29 [ %i_33, %7 ], [ 0, %.preheader14.preheader ]"   --->   Operation 116 'phi' 'i_1' <Predicate = true> <Delay = 0.00>
ST_8 : Operation 117 [1/1] (0.00ns)   --->   "%zext_ln400 = zext i29 %i_1 to i30" [fips202.c:400]   --->   Operation 117 'zext' 'zext_ln400' <Predicate = true> <Delay = 0.00>
ST_8 : Operation 118 [1/1] (2.08ns)   --->   "%icmp_ln400 = icmp eq i29 %i_1, %tmp_29" [fips202.c:400]   --->   Operation 118 'icmp' 'icmp_ln400' <Predicate = true> <Delay = 2.08> <Core = "Cmp">   --->   Core 25 'Cmp' <Latency = 0> <II = 1> <Delay = 1.21> <FuncUnit> <Opcode : 'icmp'> <InPorts = 2> <OutPorts = 1>
ST_8 : Operation 119 [1/1] (2.11ns)   --->   "%i_33 = add i29 %i_1, 1" [fips202.c:400]   --->   Operation 119 'add' 'i_33' <Predicate = true> <Delay = 2.11> <Core = "AddSub">   --->   Core 14 'AddSub' <Latency = 0> <II = 1> <Delay = 2.18> <FuncUnit> <Opcode : 'add' 'sub'> <InPorts = 2> <OutPorts = 1>
ST_8 : Operation 120 [1/1] (0.00ns)   --->   "br i1 %icmp_ln400, label %8, label %7" [fips202.c:400]   --->   Operation 120 'br' <Predicate = true> <Delay = 0.00>
ST_8 : Operation 121 [1/1] (0.00ns)   --->   "%shl_ln19 = call i32 @_ssdm_op_BitConcatenate.i32.i29.i3(i29 %i_1, i3 0)" [fips202.c:401]   --->   Operation 121 'bitconcatenate' 'shl_ln19' <Predicate = (!icmp_ln400)> <Delay = 0.00>
ST_8 : Operation 122 [1/1] (0.00ns)   --->   "%zext_ln401 = zext i32 %shl_ln19 to i33" [fips202.c:401]   --->   Operation 122 'zext' 'zext_ln401' <Predicate = (!icmp_ln400)> <Delay = 0.00>
ST_8 : Operation 123 [1/1] (2.18ns)   --->   "%add_ln401_1 = add i33 %zext_ln401, %zext_ln401_2" [fips202.c:401]   --->   Operation 123 'add' 'add_ln401_1' <Predicate = (!icmp_ln400)> <Delay = 2.18> <Core = "AddSub">   --->   Core 14 'AddSub' <Latency = 0> <II = 1> <Delay = 2.18> <FuncUnit> <Opcode : 'add' 'sub'> <InPorts = 2> <OutPorts = 1>
ST_8 : Operation 124 [1/1] (0.00ns)   --->   "%zext_ln401_3 = zext i33 %add_ln401_1 to i64" [fips202.c:401]   --->   Operation 124 'zext' 'zext_ln401_3' <Predicate = (!icmp_ln400)> <Delay = 0.00>
ST_8 : Operation 125 [1/1] (2.99ns)   --->   "%add_ln401_2 = add i64 %zext_ln401_3, %p_1620" [fips202.c:401]   --->   Operation 125 'add' 'add_ln401_2' <Predicate = (!icmp_ln400)> <Delay = 2.99> <Core = "AddSub">   --->   Core 14 'AddSub' <Latency = 0> <II = 1> <Delay = 2.18> <FuncUnit> <Opcode : 'add' 'sub'> <InPorts = 2> <OutPorts = 1>
ST_8 : Operation 126 [2/2] (1.45ns)   --->   "%tmp_8 = call fastcc i64 @load64.2([5720 x i8]* %m, i64 %add_ln401_2)" [fips202.c:401]   --->   Operation 126 'call' 'tmp_8' <Predicate = (!icmp_ln400)> <Delay = 1.45> <CoreType = "Generic">   --->   Core 0 '' <Latency = 0> <II = 1> <Delay = 1.00> <Generic> <Opcode : >
ST_8 : Operation 127 [1/1] (2.11ns)   --->   "%add_ln401 = add i30 %zext_ln400, %zext_ln400_1" [fips202.c:401]   --->   Operation 127 'add' 'add_ln401' <Predicate = (!icmp_ln400)> <Delay = 2.11> <Core = "AddSub">   --->   Core 14 'AddSub' <Latency = 0> <II = 1> <Delay = 2.18> <FuncUnit> <Opcode : 'add' 'sub'> <InPorts = 2> <OutPorts = 1>
ST_8 : Operation 128 [1/1] (0.00ns)   --->   "%zext_ln401_1 = zext i30 %add_ln401 to i64" [fips202.c:401]   --->   Operation 128 'zext' 'zext_ln401_1' <Predicate = (!icmp_ln400)> <Delay = 0.00>
ST_8 : Operation 129 [1/1] (0.00ns)   --->   "%s_addr_1 = getelementptr [25 x i64]* %s, i64 0, i64 %zext_ln401_1" [fips202.c:401]   --->   Operation 129 'getelementptr' 's_addr_1' <Predicate = (!icmp_ln400)> <Delay = 0.00>
ST_8 : Operation 130 [2/2] (2.77ns)   --->   "%s_load_1 = load i64* %s_addr_1, align 8" [fips202.c:401]   --->   Operation 130 'load' 's_load_1' <Predicate = (!icmp_ln400)> <Delay = 2.77> <Core = "RAM">   --->   Core 37 'RAM' <Latency = 1> <II = 1> <Delay = 2.77> <Storage> <Opcode : 'load' 'store'> <Ports = 2> <Width = 64> <Depth = 25> <RAM>
ST_8 : Operation 131 [2/2] (1.35ns)   --->   "call fastcc void @KeccakF1600_StatePer.1([25 x i64]* %s)" [fips202.c:405]   --->   Operation 131 'call' <Predicate = (icmp_ln400)> <Delay = 1.35> <CoreType = "Generic">   --->   Core 0 '' <Latency = 0> <II = 1> <Delay = 1.00> <Generic> <Opcode : >

State 9 <SV = 6> <Delay = 6.35>
ST_9 : Operation 132 [1/2] (0.00ns)   --->   "%tmp_8 = call fastcc i64 @load64.2([5720 x i8]* %m, i64 %add_ln401_2)" [fips202.c:401]   --->   Operation 132 'call' 'tmp_8' <Predicate = true> <Delay = 0.00> <CoreType = "Generic">   --->   Core 0 '' <Latency = 0> <II = 1> <Delay = 1.00> <Generic> <Opcode : >
ST_9 : Operation 133 [1/2] (2.77ns)   --->   "%s_load_1 = load i64* %s_addr_1, align 8" [fips202.c:401]   --->   Operation 133 'load' 's_load_1' <Predicate = true> <Delay = 2.77> <Core = "RAM">   --->   Core 37 'RAM' <Latency = 1> <II = 1> <Delay = 2.77> <Storage> <Opcode : 'load' 'store'> <Ports = 2> <Width = 64> <Depth = 25> <RAM>
ST_9 : Operation 134 [1/1] (0.80ns)   --->   "%xor_ln401 = xor i64 %s_load_1, %tmp_8" [fips202.c:401]   --->   Operation 134 'xor' 'xor_ln401' <Predicate = true> <Delay = 0.80> <Core = "LogicGate">   --->   Core 27 'LogicGate' <Latency = 0> <II = 1> <Delay = 0.80> <FuncUnit> <Opcode : 'and' 'or' 'xor'> <InPorts = 2> <OutPorts = 1>
ST_9 : Operation 135 [1/1] (2.77ns)   --->   "store i64 %xor_ln401, i64* %s_addr_1, align 8" [fips202.c:401]   --->   Operation 135 'store' <Predicate = true> <Delay = 2.77> <Core = "RAM">   --->   Core 37 'RAM' <Latency = 1> <II = 1> <Delay = 2.77> <Storage> <Opcode : 'load' 'store'> <Ports = 2> <Width = 64> <Depth = 25> <RAM>
ST_9 : Operation 136 [1/1] (0.00ns)   --->   "br label %.preheader14" [fips202.c:400]   --->   Operation 136 'br' <Predicate = true> <Delay = 0.00>

State 10 <SV = 6> <Delay = 5.86>
ST_10 : Operation 137 [1/1] (2.99ns)   --->   "%sub_ln403 = sub i64 %p_1, %zext_ln399" [fips202.c:403]   --->   Operation 137 'sub' 'sub_ln403' <Predicate = (!icmp_ln399 & !icmp_ln399_1)> <Delay = 2.99> <Core = "AddSub">   --->   Core 14 'AddSub' <Latency = 0> <II = 1> <Delay = 2.18> <FuncUnit> <Opcode : 'add' 'sub'> <InPorts = 2> <OutPorts = 1>
ST_10 : Operation 138 [1/2] (0.00ns)   --->   "call fastcc void @KeccakF1600_StatePer.1([25 x i64]* %s)" [fips202.c:405]   --->   Operation 138 'call' <Predicate = (!icmp_ln399 & !icmp_ln399_1)> <Delay = 0.00> <CoreType = "Generic">   --->   Core 0 '' <Latency = 0> <II = 1> <Delay = 1.00> <Generic> <Opcode : >
ST_10 : Operation 139 [1/1] (1.35ns)   --->   "br label %._crit_edge15" [fips202.c:406]   --->   Operation 139 'br' <Predicate = (!icmp_ln399 & !icmp_ln399_1)> <Delay = 1.35>
ST_10 : Operation 140 [1/1] (0.00ns)   --->   "%p_2722 = phi i32 [ %sub_ln399, %8 ], [ 0, %._crit_edge ], [ 0, %6 ]" [fips202.c:399]   --->   Operation 140 'phi' 'p_2722' <Predicate = true> <Delay = 0.00>
ST_10 : Operation 141 [1/1] (0.00ns)   --->   "%p_23 = phi i32 [ 0, %8 ], [ %p_12, %._crit_edge ], [ %p_12, %6 ]" [fips202.c:394]   --->   Operation 141 'phi' 'p_23' <Predicate = true> <Delay = 0.00>
ST_10 : Operation 142 [1/1] (0.00ns)   --->   "%p_2 = phi i64 [ %sub_ln403, %8 ], [ %p_1, %._crit_edge ], [ %p_1, %6 ]" [fips202.c:403]   --->   Operation 142 'phi' 'p_2' <Predicate = true> <Delay = 0.00>
ST_10 : Operation 143 [1/1] (0.00ns)   --->   "%zext_ln402 = zext i32 %p_2722 to i64" [fips202.c:402]   --->   Operation 143 'zext' 'zext_ln402' <Predicate = true> <Delay = 0.00>
ST_10 : Operation 144 [1/1] (0.00ns)   --->   "%trunc_ln402 = trunc i32 %p_2722 to i14" [fips202.c:402]   --->   Operation 144 'trunc' 'trunc_ln402' <Predicate = true> <Delay = 0.00>
ST_10 : Operation 145 [1/1] (0.00ns)   --->   "%trunc_ln402_1 = trunc i64 %p_1620 to i14" [fips202.c:402]   --->   Operation 145 'trunc' 'trunc_ln402_1' <Predicate = true> <Delay = 0.00>
ST_10 : Operation 146 [1/1] (0.00ns) (grouped into TernaryAdder)   --->   "%add_ln402 = add i64 %zext_ln402, %p_1620" [fips202.c:402]   --->   Operation 146 'add' 'add_ln402' <Predicate = true> <Delay = 0.00> <Core = "TAddSub">   --->   Core 83 'TAddSub' <Latency = 0> <II = 1> <Delay = 1.62> <IPBlock> <Opcode : 'add' 'sub'> <InPorts = 3> <OutPorts = 1> <Sync> <CReg>
ST_10 : Operation 147 [1/1] (1.80ns)   --->   "%add_ln408 = add i14 %trunc_ln402_1, %trunc_ln402" [fips202.c:408]   --->   Operation 147 'add' 'add_ln408' <Predicate = true> <Delay = 1.80> <Core = "AddSub">   --->   Core 14 'AddSub' <Latency = 0> <II = 1> <Delay = 2.18> <FuncUnit> <Opcode : 'add' 'sub'> <InPorts = 2> <OutPorts = 1>
ST_10 : Operation 148 [1/1] (4.51ns) (root node of TernaryAdder)   --->   "%add_ln410 = add i64 %add_ln402, %m_offset_cast2" [fips202.c:410]   --->   Operation 148 'add' 'add_ln410' <Predicate = true> <Delay = 4.51> <Core = "TAddSub">   --->   Core 83 'TAddSub' <Latency = 0> <II = 1> <Delay = 1.62> <IPBlock> <Opcode : 'add' 'sub'> <InPorts = 3> <OutPorts = 1> <Sync> <CReg>
ST_10 : Operation 149 [1/1] (1.35ns)   --->   "br label %9" [fips202.c:408]   --->   Operation 149 'br' <Predicate = true> <Delay = 1.35>

State 11 <SV = 7> <Delay = 2.34>
ST_11 : Operation 150 [1/1] (0.00ns)   --->   "%indvars_iv = phi i64 [ %add_ln414, %11 ], [ %p_2, %._crit_edge15 ]" [fips202.c:414]   --->   Operation 150 'phi' 'indvars_iv' <Predicate = true> <Delay = 0.00>
ST_11 : Operation 151 [1/1] (0.00ns)   --->   "%p_38_rec = phi i64 [ %add_ln411, %11 ], [ 0, %._crit_edge15 ]" [fips202.c:411]   --->   Operation 151 'phi' 'p_38_rec' <Predicate = true> <Delay = 0.00>
ST_11 : Operation 152 [1/1] (2.34ns)   --->   "%icmp_ln408 = icmp ult i64 %indvars_iv, 136" [fips202.c:408]   --->   Operation 152 'icmp' 'icmp_ln408' <Predicate = true> <Delay = 2.34> <Core = "Cmp">   --->   Core 25 'Cmp' <Latency = 0> <II = 1> <Delay = 1.21> <FuncUnit> <Opcode : 'icmp'> <InPorts = 2> <OutPorts = 1>
ST_11 : Operation 153 [1/1] (0.00ns)   --->   "br i1 %icmp_ln408, label %12, label %.preheader13.preheader" [fips202.c:408]   --->   Operation 153 'br' <Predicate = true> <Delay = 0.00>
ST_11 : Operation 154 [1/1] (1.35ns)   --->   "br label %.preheader13"   --->   Operation 154 'br' <Predicate = (!icmp_ln408)> <Delay = 1.35>
ST_11 : Operation 155 [1/1] (0.00ns)   --->   "%trunc_ln408 = trunc i64 %p_38_rec to i14" [fips202.c:408]   --->   Operation 155 'trunc' 'trunc_ln408' <Predicate = (icmp_ln408)> <Delay = 0.00>
ST_11 : Operation 156 [1/1] (0.00ns)   --->   "%tmp_30 = call i29 @_ssdm_op_PartSelect.i29.i32.i32.i32(i32 %p_23, i32 3, i32 31)" [fips202.c:416]   --->   Operation 156 'partselect' 'tmp_30' <Predicate = (icmp_ln408)> <Delay = 0.00>
ST_11 : Operation 157 [1/1] (0.00ns)   --->   "%zext_ln416_1 = zext i29 %tmp_30 to i30" [fips202.c:416]   --->   Operation 157 'zext' 'zext_ln416_1' <Predicate = (icmp_ln408)> <Delay = 0.00>
ST_11 : Operation 158 [1/1] (0.00ns)   --->   "%tmp_31 = call i5 @_ssdm_op_PartSelect.i5.i64.i32.i32(i64 %indvars_iv, i32 3, i32 7)" [fips202.c:414]   --->   Operation 158 'partselect' 'tmp_31' <Predicate = (icmp_ln408)> <Delay = 0.00>
ST_11 : Operation 159 [1/1] (1.35ns)   --->   "br label %13" [fips202.c:416]   --->   Operation 159 'br' <Predicate = (icmp_ln408)> <Delay = 1.35>

State 12 <SV = 8> <Delay = 5.96>
ST_12 : Operation 160 [1/1] (0.00ns)   --->   "%i_2 = phi i5 [ %i_34, %10 ], [ 0, %.preheader13.preheader ]"   --->   Operation 160 'phi' 'i_2' <Predicate = true> <Delay = 0.00>
ST_12 : Operation 161 [1/1] (0.00ns)   --->   "%empty_65 = call i32 (...)* @_ssdm_op_SpecLoopTripCount(i64 17, i64 17, i64 17)"   --->   Operation 161 'speclooptripcount' 'empty_65' <Predicate = true> <Delay = 0.00>
ST_12 : Operation 162 [1/1] (1.21ns)   --->   "%icmp_ln409 = icmp eq i5 %i_2, -15" [fips202.c:409]   --->   Operation 162 'icmp' 'icmp_ln409' <Predicate = true> <Delay = 1.21> <Core = "Cmp">   --->   Core 25 'Cmp' <Latency = 0> <II = 1> <Delay = 1.21> <FuncUnit> <Opcode : 'icmp'> <InPorts = 2> <OutPorts = 1>
ST_12 : Operation 163 [1/1] (1.54ns)   --->   "%i_34 = add i5 %i_2, 1" [fips202.c:409]   --->   Operation 163 'add' 'i_34' <Predicate = true> <Delay = 1.54> <Core = "AddSub">   --->   Core 14 'AddSub' <Latency = 0> <II = 1> <Delay = 2.18> <FuncUnit> <Opcode : 'add' 'sub'> <InPorts = 2> <OutPorts = 1>
ST_12 : Operation 164 [1/1] (0.00ns)   --->   "br i1 %icmp_ln409, label %11, label %10" [fips202.c:409]   --->   Operation 164 'br' <Predicate = true> <Delay = 0.00>
ST_12 : Operation 165 [1/1] (0.00ns)   --->   "%shl_ln21 = call i8 @_ssdm_op_BitConcatenate.i8.i5.i3(i5 %i_2, i3 0)" [fips202.c:410]   --->   Operation 165 'bitconcatenate' 'shl_ln21' <Predicate = (!icmp_ln409)> <Delay = 0.00>
ST_12 : Operation 166 [1/1] (0.00ns)   --->   "%zext_ln410 = zext i8 %shl_ln21 to i64" [fips202.c:410]   --->   Operation 166 'zext' 'zext_ln410' <Predicate = (!icmp_ln409)> <Delay = 0.00>
ST_12 : Operation 167 [1/1] (0.00ns) (grouped into TernaryAdder)   --->   "%add_ln410_1 = add i64 %zext_ln410, %p_38_rec" [fips202.c:410]   --->   Operation 167 'add' 'add_ln410_1' <Predicate = (!icmp_ln409)> <Delay = 0.00> <Core = "TAddSub">   --->   Core 83 'TAddSub' <Latency = 0> <II = 1> <Delay = 1.62> <IPBlock> <Opcode : 'add' 'sub'> <InPorts = 3> <OutPorts = 1> <Sync> <CReg>
ST_12 : Operation 168 [1/1] (4.51ns) (root node of TernaryAdder)   --->   "%add_ln410_2 = add i64 %add_ln410, %add_ln410_1" [fips202.c:410]   --->   Operation 168 'add' 'add_ln410_2' <Predicate = (!icmp_ln409)> <Delay = 4.51> <Core = "TAddSub">   --->   Core 83 'TAddSub' <Latency = 0> <II = 1> <Delay = 1.62> <IPBlock> <Opcode : 'add' 'sub'> <InPorts = 3> <OutPorts = 1> <Sync> <CReg>
ST_12 : Operation 169 [2/2] (1.45ns)   --->   "%tmp_9 = call fastcc i64 @load64.2([5720 x i8]* %m, i64 %add_ln410_2)" [fips202.c:410]   --->   Operation 169 'call' 'tmp_9' <Predicate = (!icmp_ln409)> <Delay = 1.45> <CoreType = "Generic">   --->   Core 0 '' <Latency = 0> <II = 1> <Delay = 1.00> <Generic> <Opcode : >
ST_12 : Operation 170 [1/1] (0.00ns)   --->   "%zext_ln410_1 = zext i5 %i_2 to i64" [fips202.c:410]   --->   Operation 170 'zext' 'zext_ln410_1' <Predicate = (!icmp_ln409)> <Delay = 0.00>
ST_12 : Operation 171 [1/1] (0.00ns)   --->   "%s_addr_3 = getelementptr [25 x i64]* %s, i64 0, i64 %zext_ln410_1" [fips202.c:410]   --->   Operation 171 'getelementptr' 's_addr_3' <Predicate = (!icmp_ln409)> <Delay = 0.00>
ST_12 : Operation 172 [2/2] (2.77ns)   --->   "%s_load_3 = load i64* %s_addr_3, align 8" [fips202.c:410]   --->   Operation 172 'load' 's_load_3' <Predicate = (!icmp_ln409)> <Delay = 2.77> <Core = "RAM">   --->   Core 37 'RAM' <Latency = 1> <II = 1> <Delay = 2.77> <Storage> <Opcode : 'load' 'store'> <Ports = 2> <Width = 64> <Depth = 25> <RAM>
ST_12 : Operation 173 [1/1] (2.99ns)   --->   "%add_ln411 = add i64 %p_38_rec, 136" [fips202.c:411]   --->   Operation 173 'add' 'add_ln411' <Predicate = (icmp_ln409)> <Delay = 2.99> <Core = "AddSub">   --->   Core 14 'AddSub' <Latency = 0> <II = 1> <Delay = 2.18> <FuncUnit> <Opcode : 'add' 'sub'> <InPorts = 2> <OutPorts = 1>
ST_12 : Operation 174 [1/1] (2.99ns)   --->   "%add_ln414 = add i64 %indvars_iv, -136" [fips202.c:414]   --->   Operation 174 'add' 'add_ln414' <Predicate = (icmp_ln409)> <Delay = 2.99> <Core = "AddSub">   --->   Core 14 'AddSub' <Latency = 0> <II = 1> <Delay = 2.18> <FuncUnit> <Opcode : 'add' 'sub'> <InPorts = 2> <OutPorts = 1>
ST_12 : Operation 175 [2/2] (1.35ns)   --->   "call fastcc void @KeccakF1600_StatePer.1([25 x i64]* %s)" [fips202.c:413]   --->   Operation 175 'call' <Predicate = (icmp_ln409)> <Delay = 1.35> <CoreType = "Generic">   --->   Core 0 '' <Latency = 0> <II = 1> <Delay = 1.00> <Generic> <Opcode : >

State 13 <SV = 9> <Delay = 6.35>
ST_13 : Operation 176 [1/2] (0.00ns)   --->   "%tmp_9 = call fastcc i64 @load64.2([5720 x i8]* %m, i64 %add_ln410_2)" [fips202.c:410]   --->   Operation 176 'call' 'tmp_9' <Predicate = true> <Delay = 0.00> <CoreType = "Generic">   --->   Core 0 '' <Latency = 0> <II = 1> <Delay = 1.00> <Generic> <Opcode : >
ST_13 : Operation 177 [1/2] (2.77ns)   --->   "%s_load_3 = load i64* %s_addr_3, align 8" [fips202.c:410]   --->   Operation 177 'load' 's_load_3' <Predicate = true> <Delay = 2.77> <Core = "RAM">   --->   Core 37 'RAM' <Latency = 1> <II = 1> <Delay = 2.77> <Storage> <Opcode : 'load' 'store'> <Ports = 2> <Width = 64> <Depth = 25> <RAM>
ST_13 : Operation 178 [1/1] (0.80ns)   --->   "%xor_ln410 = xor i64 %s_load_3, %tmp_9" [fips202.c:410]   --->   Operation 178 'xor' 'xor_ln410' <Predicate = true> <Delay = 0.80> <Core = "LogicGate">   --->   Core 27 'LogicGate' <Latency = 0> <II = 1> <Delay = 0.80> <FuncUnit> <Opcode : 'and' 'or' 'xor'> <InPorts = 2> <OutPorts = 1>
ST_13 : Operation 179 [1/1] (2.77ns)   --->   "store i64 %xor_ln410, i64* %s_addr_3, align 8" [fips202.c:410]   --->   Operation 179 'store' <Predicate = true> <Delay = 2.77> <Core = "RAM">   --->   Core 37 'RAM' <Latency = 1> <II = 1> <Delay = 2.77> <Storage> <Opcode : 'load' 'store'> <Ports = 2> <Width = 64> <Depth = 25> <RAM>
ST_13 : Operation 180 [1/1] (0.00ns)   --->   "br label %.preheader13" [fips202.c:409]   --->   Operation 180 'br' <Predicate = true> <Delay = 0.00>

State 14 <SV = 9> <Delay = 0.00>
ST_14 : Operation 181 [1/2] (0.00ns)   --->   "call fastcc void @KeccakF1600_StatePer.1([25 x i64]* %s)" [fips202.c:413]   --->   Operation 181 'call' <Predicate = true> <Delay = 0.00> <CoreType = "Generic">   --->   Core 0 '' <Latency = 0> <II = 1> <Delay = 1.00> <Generic> <Opcode : >
ST_14 : Operation 182 [1/1] (0.00ns)   --->   "br label %9" [fips202.c:414]   --->   Operation 182 'br' <Predicate = true> <Delay = 0.00>

State 15 <SV = 8> <Delay = 5.96>
ST_15 : Operation 183 [1/1] (0.00ns)   --->   "%i_3 = phi i5 [ 0, %12 ], [ %add_ln416, %14 ]" [fips202.c:416]   --->   Operation 183 'phi' 'i_3' <Predicate = true> <Delay = 0.00>
ST_15 : Operation 184 [1/1] (0.00ns)   --->   "%zext_ln416 = zext i5 %i_3 to i30" [fips202.c:416]   --->   Operation 184 'zext' 'zext_ln416' <Predicate = true> <Delay = 0.00>
ST_15 : Operation 185 [1/1] (0.00ns)   --->   "%empty_66 = call i32 (...)* @_ssdm_op_SpecLoopTripCount(i64 0, i64 16, i64 0)"   --->   Operation 185 'speclooptripcount' 'empty_66' <Predicate = true> <Delay = 0.00>
ST_15 : Operation 186 [1/1] (1.21ns)   --->   "%icmp_ln416 = icmp eq i5 %i_3, %tmp_31" [fips202.c:416]   --->   Operation 186 'icmp' 'icmp_ln416' <Predicate = true> <Delay = 1.21> <Core = "Cmp">   --->   Core 25 'Cmp' <Latency = 0> <II = 1> <Delay = 1.21> <FuncUnit> <Opcode : 'icmp'> <InPorts = 2> <OutPorts = 1>
ST_15 : Operation 187 [1/1] (1.54ns)   --->   "%add_ln416 = add i5 %i_3, 1" [fips202.c:416]   --->   Operation 187 'add' 'add_ln416' <Predicate = true> <Delay = 1.54> <Core = "AddSub">   --->   Core 14 'AddSub' <Latency = 0> <II = 1> <Delay = 2.18> <FuncUnit> <Opcode : 'add' 'sub'> <InPorts = 2> <OutPorts = 1>
ST_15 : Operation 188 [1/1] (0.00ns)   --->   "br i1 %icmp_ln416, label %15, label %14" [fips202.c:416]   --->   Operation 188 'br' <Predicate = true> <Delay = 0.00>
ST_15 : Operation 189 [1/1] (0.00ns)   --->   "%trunc_ln417 = trunc i5 %i_3 to i4" [fips202.c:417]   --->   Operation 189 'trunc' 'trunc_ln417' <Predicate = (!icmp_ln416)> <Delay = 0.00>
ST_15 : Operation 190 [1/1] (0.00ns)   --->   "%shl_ln20 = call i7 @_ssdm_op_BitConcatenate.i7.i4.i3(i4 %trunc_ln417, i3 0)" [fips202.c:417]   --->   Operation 190 'bitconcatenate' 'shl_ln20' <Predicate = (!icmp_ln416)> <Delay = 0.00>
ST_15 : Operation 191 [1/1] (0.00ns)   --->   "%zext_ln417 = zext i7 %shl_ln20 to i64" [fips202.c:417]   --->   Operation 191 'zext' 'zext_ln417' <Predicate = (!icmp_ln416)> <Delay = 0.00>
ST_15 : Operation 192 [1/1] (0.00ns) (grouped into TernaryAdder)   --->   "%add_ln417 = add i64 %zext_ln417, %p_38_rec" [fips202.c:417]   --->   Operation 192 'add' 'add_ln417' <Predicate = (!icmp_ln416)> <Delay = 0.00> <Core = "TAddSub">   --->   Core 83 'TAddSub' <Latency = 0> <II = 1> <Delay = 1.62> <IPBlock> <Opcode : 'add' 'sub'> <InPorts = 3> <OutPorts = 1> <Sync> <CReg>
ST_15 : Operation 193 [1/1] (4.51ns) (root node of TernaryAdder)   --->   "%add_ln417_2 = add i64 %add_ln410, %add_ln417" [fips202.c:417]   --->   Operation 193 'add' 'add_ln417_2' <Predicate = (!icmp_ln416)> <Delay = 4.51> <Core = "TAddSub">   --->   Core 83 'TAddSub' <Latency = 0> <II = 1> <Delay = 1.62> <IPBlock> <Opcode : 'add' 'sub'> <InPorts = 3> <OutPorts = 1> <Sync> <CReg>
ST_15 : Operation 194 [2/2] (1.45ns)   --->   "%tmp_s = call fastcc i64 @load64.2([5720 x i8]* %m, i64 %add_ln417_2)" [fips202.c:417]   --->   Operation 194 'call' 'tmp_s' <Predicate = (!icmp_ln416)> <Delay = 1.45> <CoreType = "Generic">   --->   Core 0 '' <Latency = 0> <II = 1> <Delay = 1.00> <Generic> <Opcode : >
ST_15 : Operation 195 [1/1] (2.11ns)   --->   "%add_ln417_1 = add i30 %zext_ln416_1, %zext_ln416" [fips202.c:417]   --->   Operation 195 'add' 'add_ln417_1' <Predicate = (!icmp_ln416)> <Delay = 2.11> <Core = "AddSub">   --->   Core 14 'AddSub' <Latency = 0> <II = 1> <Delay = 2.18> <FuncUnit> <Opcode : 'add' 'sub'> <InPorts = 2> <OutPorts = 1>
ST_15 : Operation 196 [1/1] (0.00ns)   --->   "%zext_ln417_1 = zext i30 %add_ln417_1 to i64" [fips202.c:417]   --->   Operation 196 'zext' 'zext_ln417_1' <Predicate = (!icmp_ln416)> <Delay = 0.00>
ST_15 : Operation 197 [1/1] (0.00ns)   --->   "%s_addr_2 = getelementptr [25 x i64]* %s, i64 0, i64 %zext_ln417_1" [fips202.c:417]   --->   Operation 197 'getelementptr' 's_addr_2' <Predicate = (!icmp_ln416)> <Delay = 0.00>
ST_15 : Operation 198 [2/2] (2.77ns)   --->   "%s_load_2 = load i64* %s_addr_2, align 8" [fips202.c:417]   --->   Operation 198 'load' 's_load_2' <Predicate = (!icmp_ln416)> <Delay = 2.77> <Core = "RAM">   --->   Core 37 'RAM' <Latency = 1> <II = 1> <Delay = 2.77> <Storage> <Opcode : 'load' 'store'> <Ports = 2> <Width = 64> <Depth = 25> <RAM>
ST_15 : Operation 199 [1/1] (0.00ns)   --->   "%and_ln = call i8 @_ssdm_op_BitConcatenate.i8.i5.i3(i5 %tmp_31, i3 0)" [fips202.c:418]   --->   Operation 199 'bitconcatenate' 'and_ln' <Predicate = (icmp_ln416)> <Delay = 0.00>
ST_15 : Operation 200 [1/1] (0.00ns)   --->   "%zext_ln418_1 = zext i8 %and_ln to i32" [fips202.c:418]   --->   Operation 200 'zext' 'zext_ln418_1' <Predicate = (icmp_ln416)> <Delay = 0.00>
ST_15 : Operation 201 [1/1] (0.00ns)   --->   "%zext_ln418 = zext i8 %and_ln to i64" [fips202.c:418]   --->   Operation 201 'zext' 'zext_ln418' <Predicate = (icmp_ln416)> <Delay = 0.00>
ST_15 : Operation 202 [1/1] (0.00ns)   --->   "%zext_ln419 = zext i8 %and_ln to i14" [fips202.c:419]   --->   Operation 202 'zext' 'zext_ln419' <Predicate = (icmp_ln416)> <Delay = 0.00>
ST_15 : Operation 203 [1/1] (2.99ns)   --->   "%sub_ln419 = sub i64 %indvars_iv, %zext_ln418" [fips202.c:419]   --->   Operation 203 'sub' 'sub_ln419' <Predicate = (icmp_ln416)> <Delay = 2.99> <Core = "AddSub">   --->   Core 14 'AddSub' <Latency = 0> <II = 1> <Delay = 2.18> <FuncUnit> <Opcode : 'add' 'sub'> <InPorts = 2> <OutPorts = 1>
ST_15 : Operation 204 [1/1] (0.00ns)   --->   "%trunc_ln419 = trunc i64 %sub_ln419 to i33" [fips202.c:419]   --->   Operation 204 'trunc' 'trunc_ln419' <Predicate = (icmp_ln416)> <Delay = 0.00>
ST_15 : Operation 205 [1/1] (2.18ns)   --->   "%add_ln420 = add i32 %p_23, %zext_ln418_1" [fips202.c:420]   --->   Operation 205 'add' 'add_ln420' <Predicate = (icmp_ln416)> <Delay = 2.18> <Core = "AddSub">   --->   Core 14 'AddSub' <Latency = 0> <II = 1> <Delay = 2.18> <FuncUnit> <Opcode : 'add' 'sub'> <InPorts = 2> <OutPorts = 1>
ST_15 : Operation 206 [1/1] (2.34ns)   --->   "%icmp_ln422 = icmp eq i64 %indvars_iv, %zext_ln418" [fips202.c:422]   --->   Operation 206 'icmp' 'icmp_ln422' <Predicate = (icmp_ln416)> <Delay = 2.34> <Core = "Cmp">   --->   Core 25 'Cmp' <Latency = 0> <II = 1> <Delay = 1.21> <FuncUnit> <Opcode : 'icmp'> <InPorts = 2> <OutPorts = 1>
ST_15 : Operation 207 [1/1] (1.35ns)   --->   "br i1 %icmp_ln422, label %._crit_edge17, label %.preheader12.preheader" [fips202.c:422]   --->   Operation 207 'br' <Predicate = (icmp_ln416)> <Delay = 1.35>
ST_15 : Operation 208 [1/1] (1.35ns)   --->   "br label %.preheader12" [fips202.c:423]   --->   Operation 208 'br' <Predicate = (icmp_ln416 & !icmp_ln422)> <Delay = 1.35>

State 16 <SV = 9> <Delay = 6.35>
ST_16 : Operation 209 [1/2] (0.00ns)   --->   "%tmp_s = call fastcc i64 @load64.2([5720 x i8]* %m, i64 %add_ln417_2)" [fips202.c:417]   --->   Operation 209 'call' 'tmp_s' <Predicate = true> <Delay = 0.00> <CoreType = "Generic">   --->   Core 0 '' <Latency = 0> <II = 1> <Delay = 1.00> <Generic> <Opcode : >
ST_16 : Operation 210 [1/2] (2.77ns)   --->   "%s_load_2 = load i64* %s_addr_2, align 8" [fips202.c:417]   --->   Operation 210 'load' 's_load_2' <Predicate = true> <Delay = 2.77> <Core = "RAM">   --->   Core 37 'RAM' <Latency = 1> <II = 1> <Delay = 2.77> <Storage> <Opcode : 'load' 'store'> <Ports = 2> <Width = 64> <Depth = 25> <RAM>
ST_16 : Operation 211 [1/1] (0.80ns)   --->   "%xor_ln417 = xor i64 %s_load_2, %tmp_s" [fips202.c:417]   --->   Operation 211 'xor' 'xor_ln417' <Predicate = true> <Delay = 0.80> <Core = "LogicGate">   --->   Core 27 'LogicGate' <Latency = 0> <II = 1> <Delay = 0.80> <FuncUnit> <Opcode : 'and' 'or' 'xor'> <InPorts = 2> <OutPorts = 1>
ST_16 : Operation 212 [1/1] (2.77ns)   --->   "store i64 %xor_ln417, i64* %s_addr_2, align 8" [fips202.c:417]   --->   Operation 212 'store' <Predicate = true> <Delay = 2.77> <Core = "RAM">   --->   Core 37 'RAM' <Latency = 1> <II = 1> <Delay = 2.77> <Storage> <Opcode : 'load' 'store'> <Ports = 2> <Width = 64> <Depth = 25> <RAM>
ST_16 : Operation 213 [1/1] (0.00ns)   --->   "br label %13" [fips202.c:416]   --->   Operation 213 'br' <Predicate = true> <Delay = 0.00>

State 17 <SV = 9> <Delay = 1.80>
ST_17 : Operation 214 [1/1] (0.00ns)   --->   "%i_4 = phi i4 [ %i_35, %16 ], [ 0, %.preheader12.preheader ]"   --->   Operation 214 'phi' 'i_4' <Predicate = true> <Delay = 0.00>
ST_17 : Operation 215 [1/1] (1.21ns)   --->   "%icmp_ln423 = icmp eq i4 %i_4, -8" [fips202.c:423]   --->   Operation 215 'icmp' 'icmp_ln423' <Predicate = true> <Delay = 1.21> <Core = "Cmp">   --->   Core 25 'Cmp' <Latency = 0> <II = 1> <Delay = 1.21> <FuncUnit> <Opcode : 'icmp'> <InPorts = 2> <OutPorts = 1>
ST_17 : Operation 216 [1/1] (0.00ns)   --->   "%empty_67 = call i32 (...)* @_ssdm_op_SpecLoopTripCount(i64 8, i64 8, i64 8)"   --->   Operation 216 'speclooptripcount' 'empty_67' <Predicate = true> <Delay = 0.00>
ST_17 : Operation 217 [1/1] (1.49ns)   --->   "%i_35 = add i4 %i_4, 1" [fips202.c:423]   --->   Operation 217 'add' 'i_35' <Predicate = true> <Delay = 1.49> <Core = "AddSub">   --->   Core 14 'AddSub' <Latency = 0> <II = 1> <Delay = 2.18> <FuncUnit> <Opcode : 'add' 'sub'> <InPorts = 2> <OutPorts = 1>
ST_17 : Operation 218 [1/1] (0.00ns)   --->   "br i1 %icmp_ln423, label %.preheader.preheader, label %16" [fips202.c:423]   --->   Operation 218 'br' <Predicate = true> <Delay = 0.00>
ST_17 : Operation 219 [1/1] (0.00ns)   --->   "%zext_ln424 = zext i4 %i_4 to i64" [fips202.c:424]   --->   Operation 219 'zext' 'zext_ln424' <Predicate = (!icmp_ln423)> <Delay = 0.00>
ST_17 : Operation 220 [1/1] (0.00ns)   --->   "%t_addr_3 = getelementptr inbounds [8 x i8]* %t, i64 0, i64 %zext_ln424" [fips202.c:424]   --->   Operation 220 'getelementptr' 't_addr_3' <Predicate = (!icmp_ln423)> <Delay = 0.00>
ST_17 : Operation 221 [1/1] (1.75ns)   --->   "store i8 0, i8* %t_addr_3, align 1" [fips202.c:424]   --->   Operation 221 'store' <Predicate = (!icmp_ln423)> <Delay = 1.75> <Core = "RAM">   --->   Core 37 'RAM' <Latency = 1> <II = 1> <Delay = 2.77> <Storage> <Opcode : 'load' 'store'> <Ports = 2> <Width = 64> <Depth = 25> <RAM>
ST_17 : Operation 222 [1/1] (0.00ns)   --->   "br label %.preheader12" [fips202.c:423]   --->   Operation 222 'br' <Predicate = (!icmp_ln423)> <Delay = 0.00>
ST_17 : Operation 223 [1/1] (0.00ns)   --->   "%zext_ln426 = zext i13 %m_offset_read to i14" [fips202.c:426]   --->   Operation 223 'zext' 'zext_ln426' <Predicate = (icmp_ln423)> <Delay = 0.00>
ST_17 : Operation 224 [1/1] (1.80ns)   --->   "%add_ln426 = add i14 %zext_ln426, %add_ln408" [fips202.c:426]   --->   Operation 224 'add' 'add_ln426' <Predicate = (icmp_ln423)> <Delay = 1.80> <Core = "AddSub">   --->   Core 14 'AddSub' <Latency = 0> <II = 1> <Delay = 2.18> <FuncUnit> <Opcode : 'add' 'sub'> <InPorts = 2> <OutPorts = 1>
ST_17 : Operation 225 [1/1] (1.35ns)   --->   "br label %.preheader" [fips202.c:425]   --->   Operation 225 'br' <Predicate = (icmp_ln423)> <Delay = 1.35>

State 18 <SV = 10> <Delay = 7.82>
ST_18 : Operation 226 [1/1] (0.00ns)   --->   "%i_5 = phi i32 [ %i_36, %17 ], [ 0, %.preheader.preheader ]"   --->   Operation 226 'phi' 'i_5' <Predicate = true> <Delay = 0.00>
ST_18 : Operation 227 [1/1] (0.00ns)   --->   "%zext_ln425 = zext i32 %i_5 to i64" [fips202.c:425]   --->   Operation 227 'zext' 'zext_ln425' <Predicate = true> <Delay = 0.00>
ST_18 : Operation 228 [1/1] (0.00ns)   --->   "%trunc_ln425 = trunc i32 %i_5 to i14" [fips202.c:425]   --->   Operation 228 'trunc' 'trunc_ln425' <Predicate = true> <Delay = 0.00>
ST_18 : Operation 229 [1/1] (0.00ns)   --->   "%zext_ln425_1 = zext i32 %i_5 to i33" [fips202.c:425]   --->   Operation 229 'zext' 'zext_ln425_1' <Predicate = true> <Delay = 0.00>
ST_18 : Operation 230 [1/1] (2.11ns)   --->   "%icmp_ln425 = icmp ult i33 %zext_ln425_1, %trunc_ln419" [fips202.c:425]   --->   Operation 230 'icmp' 'icmp_ln425' <Predicate = true> <Delay = 2.11> <Core = "Cmp">   --->   Core 25 'Cmp' <Latency = 0> <II = 1> <Delay = 1.21> <FuncUnit> <Opcode : 'icmp'> <InPorts = 2> <OutPorts = 1>
ST_18 : Operation 231 [1/1] (2.18ns)   --->   "%i_36 = add i32 1, %i_5" [fips202.c:425]   --->   Operation 231 'add' 'i_36' <Predicate = true> <Delay = 2.18> <Core = "AddSub">   --->   Core 14 'AddSub' <Latency = 0> <II = 1> <Delay = 2.18> <FuncUnit> <Opcode : 'add' 'sub'> <InPorts = 2> <OutPorts = 1>
ST_18 : Operation 232 [1/1] (0.00ns)   --->   "br i1 %icmp_ln425, label %17, label %.preheader15.preheader" [fips202.c:425]   --->   Operation 232 'br' <Predicate = true> <Delay = 0.00>
ST_18 : Operation 233 [1/1] (1.80ns)   --->   "%add_ln426_1 = add i14 %trunc_ln425, %zext_ln419" [fips202.c:426]   --->   Operation 233 'add' 'add_ln426_1' <Predicate = (icmp_ln425)> <Delay = 1.80> <Core = "AddSub">   --->   Core 14 'AddSub' <Latency = 0> <II = 1> <Delay = 2.18> <FuncUnit> <Opcode : 'add' 'sub'> <InPorts = 2> <OutPorts = 1>
ST_18 : Operation 234 [1/1] (0.00ns) (grouped into TernaryAdder)   --->   "%add_ln426_2 = add i14 %trunc_ln408, %add_ln426_1" [fips202.c:426]   --->   Operation 234 'add' 'add_ln426_2' <Predicate = (icmp_ln425)> <Delay = 0.00> <Core = "TAddSub">   --->   Core 83 'TAddSub' <Latency = 0> <II = 1> <Delay = 1.62> <IPBlock> <Opcode : 'add' 'sub'> <InPorts = 3> <OutPorts = 1> <Sync> <CReg>
ST_18 : Operation 235 [1/1] (3.24ns) (root node of TernaryAdder)   --->   "%add_ln426_3 = add i14 %add_ln426, %add_ln426_2" [fips202.c:426]   --->   Operation 235 'add' 'add_ln426_3' <Predicate = (icmp_ln425)> <Delay = 3.24> <Core = "TAddSub">   --->   Core 83 'TAddSub' <Latency = 0> <II = 1> <Delay = 1.62> <IPBlock> <Opcode : 'add' 'sub'> <InPorts = 3> <OutPorts = 1> <Sync> <CReg>
ST_18 : Operation 236 [1/1] (0.00ns)   --->   "%zext_ln426_1 = zext i14 %add_ln426_3 to i64" [fips202.c:426]   --->   Operation 236 'zext' 'zext_ln426_1' <Predicate = (icmp_ln425)> <Delay = 0.00>
ST_18 : Operation 237 [1/1] (0.00ns)   --->   "%m_addr_1 = getelementptr [5720 x i8]* %m, i64 0, i64 %zext_ln426_1" [fips202.c:426]   --->   Operation 237 'getelementptr' 'm_addr_1' <Predicate = (icmp_ln425)> <Delay = 0.00>
ST_18 : Operation 238 [2/2] (2.77ns)   --->   "%m_load_1 = load i8* %m_addr_1, align 1" [fips202.c:426]   --->   Operation 238 'load' 'm_load_1' <Predicate = (icmp_ln425)> <Delay = 2.77> <Core = "RAM">   --->   Core 37 'RAM' <Latency = 1> <II = 1> <Delay = 2.77> <Storage> <Opcode : 'load' 'store'> <Ports = 2> <Width = 64> <Depth = 25> <RAM>
ST_18 : Operation 239 [1/1] (1.35ns)   --->   "br label %.preheader15" [fips202.c:30->fips202.c:427]   --->   Operation 239 'br' <Predicate = (!icmp_ln425)> <Delay = 1.35>

State 19 <SV = 11> <Delay = 4.52>
ST_19 : Operation 240 [1/2] (2.77ns)   --->   "%m_load_1 = load i8* %m_addr_1, align 1" [fips202.c:426]   --->   Operation 240 'load' 'm_load_1' <Predicate = true> <Delay = 2.77> <Core = "RAM">   --->   Core 37 'RAM' <Latency = 1> <II = 1> <Delay = 2.77> <Storage> <Opcode : 'load' 'store'> <Ports = 2> <Width = 64> <Depth = 25> <RAM>
ST_19 : Operation 241 [1/1] (0.00ns)   --->   "%t_addr_4 = getelementptr inbounds [8 x i8]* %t, i64 0, i64 %zext_ln425" [fips202.c:426]   --->   Operation 241 'getelementptr' 't_addr_4' <Predicate = true> <Delay = 0.00>
ST_19 : Operation 242 [1/1] (1.75ns)   --->   "store i8 %m_load_1, i8* %t_addr_4, align 1" [fips202.c:426]   --->   Operation 242 'store' <Predicate = true> <Delay = 1.75> <Core = "RAM">   --->   Core 37 'RAM' <Latency = 1> <II = 1> <Delay = 2.77> <Storage> <Opcode : 'load' 'store'> <Ports = 2> <Width = 64> <Depth = 25> <RAM>
ST_19 : Operation 243 [1/1] (0.00ns)   --->   "br label %.preheader" [fips202.c:425]   --->   Operation 243 'br' <Predicate = true> <Delay = 0.00>

State 20 <SV = 11> <Delay = 2.77>
ST_20 : Operation 244 [1/1] (0.00ns)   --->   "%i_0_i1 = phi i4 [ %i_37, %18 ], [ 0, %.preheader15.preheader ]"   --->   Operation 244 'phi' 'i_0_i1' <Predicate = true> <Delay = 0.00>
ST_20 : Operation 245 [1/1] (0.00ns)   --->   "%r_0_i2 = phi i64 [ %r_1, %18 ], [ 0, %.preheader15.preheader ]"   --->   Operation 245 'phi' 'r_0_i2' <Predicate = true> <Delay = 0.00>
ST_20 : Operation 246 [1/1] (1.21ns)   --->   "%icmp_ln30_1 = icmp eq i4 %i_0_i1, -8" [fips202.c:30->fips202.c:427]   --->   Operation 246 'icmp' 'icmp_ln30_1' <Predicate = true> <Delay = 1.21> <Core = "Cmp">   --->   Core 25 'Cmp' <Latency = 0> <II = 1> <Delay = 1.21> <FuncUnit> <Opcode : 'icmp'> <InPorts = 2> <OutPorts = 1>
ST_20 : Operation 247 [1/1] (0.00ns)   --->   "%empty_68 = call i32 (...)* @_ssdm_op_SpecLoopTripCount(i64 8, i64 8, i64 8)"   --->   Operation 247 'speclooptripcount' 'empty_68' <Predicate = true> <Delay = 0.00>
ST_20 : Operation 248 [1/1] (1.49ns)   --->   "%i_37 = add i4 %i_0_i1, 1" [fips202.c:30->fips202.c:427]   --->   Operation 248 'add' 'i_37' <Predicate = true> <Delay = 1.49> <Core = "AddSub">   --->   Core 14 'AddSub' <Latency = 0> <II = 1> <Delay = 2.18> <FuncUnit> <Opcode : 'add' 'sub'> <InPorts = 2> <OutPorts = 1>
ST_20 : Operation 249 [1/1] (0.00ns)   --->   "br i1 %icmp_ln30_1, label %load64.exit13, label %18" [fips202.c:30->fips202.c:427]   --->   Operation 249 'br' <Predicate = true> <Delay = 0.00>
ST_20 : Operation 250 [1/1] (0.00ns)   --->   "%zext_ln31_10 = zext i4 %i_0_i1 to i64" [fips202.c:31->fips202.c:427]   --->   Operation 250 'zext' 'zext_ln31_10' <Predicate = (!icmp_ln30_1)> <Delay = 0.00>
ST_20 : Operation 251 [1/1] (0.00ns)   --->   "%t_addr_5 = getelementptr [8 x i8]* %t, i64 0, i64 %zext_ln31_10" [fips202.c:31->fips202.c:427]   --->   Operation 251 'getelementptr' 't_addr_5' <Predicate = (!icmp_ln30_1)> <Delay = 0.00>
ST_20 : Operation 252 [2/2] (1.75ns)   --->   "%t_load_1 = load i8* %t_addr_5, align 1" [fips202.c:31->fips202.c:427]   --->   Operation 252 'load' 't_load_1' <Predicate = (!icmp_ln30_1)> <Delay = 1.75> <Core = "RAM">   --->   Core 37 'RAM' <Latency = 1> <II = 1> <Delay = 2.77> <Storage> <Opcode : 'load' 'store'> <Ports = 2> <Width = 64> <Depth = 25> <RAM>
ST_20 : Operation 253 [1/1] (0.00ns)   --->   "%lshr_ln9 = call i29 @_ssdm_op_PartSelect.i29.i32.i32.i32(i32 %add_ln420, i32 3, i32 31)" [fips202.c:427]   --->   Operation 253 'partselect' 'lshr_ln9' <Predicate = (icmp_ln30_1)> <Delay = 0.00>
ST_20 : Operation 254 [1/1] (0.00ns)   --->   "%zext_ln427 = zext i29 %lshr_ln9 to i64" [fips202.c:427]   --->   Operation 254 'zext' 'zext_ln427' <Predicate = (icmp_ln30_1)> <Delay = 0.00>
ST_20 : Operation 255 [1/1] (0.00ns)   --->   "%s_addr_4 = getelementptr [25 x i64]* %s, i64 0, i64 %zext_ln427" [fips202.c:427]   --->   Operation 255 'getelementptr' 's_addr_4' <Predicate = (icmp_ln30_1)> <Delay = 0.00>
ST_20 : Operation 256 [2/2] (2.77ns)   --->   "%s_load_4 = load i64* %s_addr_4, align 8" [fips202.c:427]   --->   Operation 256 'load' 's_load_4' <Predicate = (icmp_ln30_1)> <Delay = 2.77> <Core = "RAM">   --->   Core 37 'RAM' <Latency = 1> <II = 1> <Delay = 2.77> <Storage> <Opcode : 'load' 'store'> <Ports = 2> <Width = 64> <Depth = 25> <RAM>
ST_20 : Operation 257 [1/1] (0.00ns)   --->   "%trunc_ln428 = trunc i64 %sub_ln419 to i32" [fips202.c:428]   --->   Operation 257 'trunc' 'trunc_ln428' <Predicate = (icmp_ln30_1)> <Delay = 0.00>

State 21 <SV = 12> <Delay = 4.17>
ST_21 : Operation 258 [1/2] (1.75ns)   --->   "%t_load_1 = load i8* %t_addr_5, align 1" [fips202.c:31->fips202.c:427]   --->   Operation 258 'load' 't_load_1' <Predicate = true> <Delay = 1.75> <Core = "RAM">   --->   Core 37 'RAM' <Latency = 1> <II = 1> <Delay = 2.77> <Storage> <Opcode : 'load' 'store'> <Ports = 2> <Width = 64> <Depth = 25> <RAM>
ST_21 : Operation 259 [1/1] (0.00ns) (grouped into LUT with out node r_1)   --->   "%zext_ln31_11 = zext i8 %t_load_1 to i64" [fips202.c:31->fips202.c:427]   --->   Operation 259 'zext' 'zext_ln31_11' <Predicate = true> <Delay = 0.00>
ST_21 : Operation 260 [1/1] (0.00ns) (grouped into LUT with out node r_1)   --->   "%trunc_ln31_4 = trunc i4 %i_0_i1 to i3" [fips202.c:31->fips202.c:427]   --->   Operation 260 'trunc' 'trunc_ln31_4' <Predicate = true> <Delay = 0.00>
ST_21 : Operation 261 [1/1] (0.00ns) (grouped into LUT with out node r_1)   --->   "%shl_ln31_4 = call i6 @_ssdm_op_BitConcatenate.i6.i3.i3(i3 %trunc_ln31_4, i3 0)" [fips202.c:31->fips202.c:427]   --->   Operation 261 'bitconcatenate' 'shl_ln31_4' <Predicate = true> <Delay = 0.00>
ST_21 : Operation 262 [1/1] (0.00ns) (grouped into LUT with out node r_1)   --->   "%zext_ln31_12 = zext i6 %shl_ln31_4 to i64" [fips202.c:31->fips202.c:427]   --->   Operation 262 'zext' 'zext_ln31_12' <Predicate = true> <Delay = 0.00>
ST_21 : Operation 263 [1/1] (0.00ns) (grouped into LUT with out node r_1)   --->   "%shl_ln31_1 = shl i64 %zext_ln31_11, %zext_ln31_12" [fips202.c:31->fips202.c:427]   --->   Operation 263 'shl' 'shl_ln31_1' <Predicate = true> <Delay = 0.00> <Core = "Shift">   --->   Core 28 'Shift' <Latency = 0> <II = 1> <Delay = 2.42> <FuncUnit> <Opcode : 'shl' 'lshr' 'ashr'> <InPorts = 2> <OutPorts = 1>
ST_21 : Operation 264 [1/1] (2.42ns) (out node of the LUT)   --->   "%r_1 = or i64 %shl_ln31_1, %r_0_i2" [fips202.c:31->fips202.c:427]   --->   Operation 264 'or' 'r_1' <Predicate = true> <Delay = 2.42> <Core = "LogicGate">   --->   Core 27 'LogicGate' <Latency = 0> <II = 1> <Delay = 0.80> <FuncUnit> <Opcode : 'and' 'or' 'xor'> <InPorts = 2> <OutPorts = 1>
ST_21 : Operation 265 [1/1] (0.00ns)   --->   "br label %.preheader15" [fips202.c:30->fips202.c:427]   --->   Operation 265 'br' <Predicate = true> <Delay = 0.00>

State 22 <SV = 12> <Delay = 6.35>
ST_22 : Operation 266 [1/2] (2.77ns)   --->   "%s_load_4 = load i64* %s_addr_4, align 8" [fips202.c:427]   --->   Operation 266 'load' 's_load_4' <Predicate = (!icmp_ln422)> <Delay = 2.77> <Core = "RAM">   --->   Core 37 'RAM' <Latency = 1> <II = 1> <Delay = 2.77> <Storage> <Opcode : 'load' 'store'> <Ports = 2> <Width = 64> <Depth = 25> <RAM>
ST_22 : Operation 267 [1/1] (0.80ns)   --->   "%xor_ln427 = xor i64 %s_load_4, %r_0_i2" [fips202.c:427]   --->   Operation 267 'xor' 'xor_ln427' <Predicate = (!icmp_ln422)> <Delay = 0.80> <Core = "LogicGate">   --->   Core 27 'LogicGate' <Latency = 0> <II = 1> <Delay = 0.80> <FuncUnit> <Opcode : 'and' 'or' 'xor'> <InPorts = 2> <OutPorts = 1>
ST_22 : Operation 268 [1/1] (2.77ns)   --->   "store i64 %xor_ln427, i64* %s_addr_4, align 8" [fips202.c:427]   --->   Operation 268 'store' <Predicate = (!icmp_ln422)> <Delay = 2.77> <Core = "RAM">   --->   Core 37 'RAM' <Latency = 1> <II = 1> <Delay = 2.77> <Storage> <Opcode : 'load' 'store'> <Ports = 2> <Width = 64> <Depth = 25> <RAM>
ST_22 : Operation 269 [1/1] (2.18ns)   --->   "%add_ln428 = add i32 %trunc_ln428, %add_ln420" [fips202.c:428]   --->   Operation 269 'add' 'add_ln428' <Predicate = (!icmp_ln422)> <Delay = 2.18> <Core = "AddSub">   --->   Core 14 'AddSub' <Latency = 0> <II = 1> <Delay = 2.18> <FuncUnit> <Opcode : 'add' 'sub'> <InPorts = 2> <OutPorts = 1>
ST_22 : Operation 270 [1/1] (1.35ns)   --->   "br label %._crit_edge17" [fips202.c:429]   --->   Operation 270 'br' <Predicate = (!icmp_ln422)> <Delay = 1.35>
ST_22 : Operation 271 [1/1] (0.00ns)   --->   "%p_34 = phi i32 [ %add_ln428, %load64.exit13 ], [ %add_ln420, %15 ]" [fips202.c:428]   --->   Operation 271 'phi' 'p_34' <Predicate = true> <Delay = 0.00>
ST_22 : Operation 272 [1/1] (0.00ns)   --->   "ret i32 %p_34" [fips202.c:431]   --->   Operation 272 'ret' <Predicate = true> <Delay = 0.00>


============================================================
+ Verbose Summary: Timing violations
============================================================
Target clock period: 1e+04ns, clock uncertainty: 1.25e+03ns.

 <State 1>: 1.35ns
The critical path consists of the following:
	multiplexor before 'phi' operation ('phi_ln387', fips202.c:387) with incoming values : ('add_ln387', fips202.c:387) [16]  (1.35 ns)

 <State 2>: 9.98ns
The critical path consists of the following:
	'sub' operation ('sub_ln391', fips202.c:391) [33]  (1.49 ns)
	'xor' operation ('xor_ln391_1', fips202.c:391) [35]  (0.795 ns)
	'icmp' operation ('empty_61', fips202.c:391) [36]  (2.34 ns)
	'select' operation ('umax', fips202.c:391) [37]  (0.831 ns)
	'add' operation ('add_ln393', fips202.c:393) [41]  (0 ns)
	'add' operation ('mlen', fips202.c:393) [42]  (4.52 ns)

 <State 3>: 4.58ns
The critical path consists of the following:
	'phi' operation ('p_05_rec', fips202.c:392) with incoming values : ('add_ln392', fips202.c:392) [47]  (0 ns)
	'add' operation ('sum1', fips202.c:392) [50]  (1.81 ns)
	'getelementptr' operation ('m_addr', fips202.c:392) [52]  (0 ns)
	'load' operation ('m_load', fips202.c:392) on array 'm' [57]  (2.77 ns)

 <State 4>: 4.53ns
The critical path consists of the following:
	'load' operation ('m_load', fips202.c:392) on array 'm' [57]  (2.77 ns)
	'store' operation ('store_ln392', fips202.c:392) of variable 'm_load', fips202.c:392 on array 'x', fips202.c:387 [61]  (1.75 ns)

 <State 5>: 6.49ns
The critical path consists of the following:
	'add' operation ('add_ln390', fips202.c:390) [84]  (0 ns)
	'sub' operation ('sub_ln396', fips202.c:396) [85]  (3.72 ns)
	'getelementptr' operation ('s_addr', fips202.c:396) [88]  (0 ns)
	'load' operation ('s_load', fips202.c:396) on array 's' [89]  (2.77 ns)

 <State 6>: 4.18ns
The critical path consists of the following:
	'load' operation ('t_load', fips202.c:31->fips202.c:396) on array 'x', fips202.c:387 [75]  (1.75 ns)
	'shl' operation ('shl_ln31', fips202.c:31->fips202.c:396) [80]  (0 ns)
	'or' operation ('r', fips202.c:31->fips202.c:396) [81]  (2.42 ns)

 <State 7>: 7.22ns
The critical path consists of the following:
	multiplexor before 'phi' operation ('p_12', fips202.c:394) with incoming values : ('pos_cast1') ('pos', fips202.c:394) [95]  (1.35 ns)
	'phi' operation ('p_12', fips202.c:394) with incoming values : ('pos_cast1') ('pos', fips202.c:394) [95]  (0 ns)
	'sub' operation ('sub_ln399', fips202.c:399) [100]  (2.18 ns)
	'icmp' operation ('icmp_ln399_1', fips202.c:399) [102]  (2.34 ns)
	multiplexor before 'phi' operation ('p_2722', fips202.c:399) with incoming values : ('sub_ln399', fips202.c:399) [135]  (1.35 ns)

 <State 8>: 6.63ns
The critical path consists of the following:
	'phi' operation ('i') with incoming values : ('i', fips202.c:400) [111]  (0 ns)
	'add' operation ('add_ln401_1', fips202.c:401) [119]  (2.18 ns)
	'add' operation ('add_ln401_2', fips202.c:401) [121]  (3 ns)
	'call' operation ('tmp_8', fips202.c:401) to 'load64.2' [122]  (1.45 ns)

 <State 9>: 6.35ns
The critical path consists of the following:
	'load' operation ('s_load_1', fips202.c:401) on array 's' [126]  (2.77 ns)
	'xor' operation ('xor_ln401', fips202.c:401) [127]  (0.808 ns)
	'store' operation ('store_ln401', fips202.c:401) of variable 'xor_ln401', fips202.c:401 on array 's' [128]  (2.77 ns)

 <State 10>: 5.87ns
The critical path consists of the following:
	multiplexor before 'phi' operation ('p_2722', fips202.c:399) with incoming values : ('sub_ln399', fips202.c:399) [135]  (1.35 ns)
	'phi' operation ('p_2722', fips202.c:399) with incoming values : ('sub_ln399', fips202.c:399) [135]  (0 ns)
	'add' operation ('add_ln402', fips202.c:402) [141]  (0 ns)
	'add' operation ('add_ln410', fips202.c:410) [143]  (4.52 ns)

 <State 11>: 2.34ns
The critical path consists of the following:
	'phi' operation ('indvars_iv', fips202.c:414) with incoming values : ('mlen') ('mlen', fips202.c:393) ('mlen', fips202.c:403) ('mlen', fips202.c:414) [146]  (0 ns)
	'icmp' operation ('icmp_ln408', fips202.c:408) [148]  (2.34 ns)

 <State 12>: 5.97ns
The critical path consists of the following:
	'phi' operation ('i') with incoming values : ('i', fips202.c:409) [153]  (0 ns)
	'add' operation ('add_ln410_1', fips202.c:410) [161]  (0 ns)
	'add' operation ('add_ln410_2', fips202.c:410) [162]  (4.52 ns)
	'call' operation ('tmp_9', fips202.c:410) to 'load64.2' [163]  (1.45 ns)

 <State 13>: 6.35ns
The critical path consists of the following:
	'load' operation ('s_load_3', fips202.c:410) on array 's' [166]  (2.77 ns)
	'xor' operation ('xor_ln410', fips202.c:410) [167]  (0.808 ns)
	'store' operation ('store_ln410', fips202.c:410) of variable 'xor_ln410', fips202.c:410 on array 's' [168]  (2.77 ns)

 <State 14>: 0ns
The critical path consists of the following:

 <State 15>: 5.97ns
The critical path consists of the following:
	'phi' operation ('i_3', fips202.c:416) with incoming values : ('add_ln416', fips202.c:416) [182]  (0 ns)
	'add' operation ('add_ln417', fips202.c:417) [192]  (0 ns)
	'add' operation ('add_ln417_2', fips202.c:417) [193]  (4.52 ns)
	'call' operation ('tmp_s', fips202.c:417) to 'load64.2' [194]  (1.45 ns)

 <State 16>: 6.35ns
The critical path consists of the following:
	'load' operation ('s_load_2', fips202.c:417) on array 's' [198]  (2.77 ns)
	'xor' operation ('xor_ln417', fips202.c:417) [199]  (0.808 ns)
	'store' operation ('store_ln417', fips202.c:417) of variable 'xor_ln417', fips202.c:417 on array 's' [200]  (2.77 ns)

 <State 17>: 1.81ns
The critical path consists of the following:
	'add' operation ('add_ln426', fips202.c:426) [227]  (1.81 ns)

 <State 18>: 7.83ns
The critical path consists of the following:
	'phi' operation ('i') with incoming values : ('i', fips202.c:425) [230]  (0 ns)
	'add' operation ('add_ln426_1', fips202.c:426) [238]  (1.81 ns)
	'add' operation ('add_ln426_2', fips202.c:426) [239]  (0 ns)
	'add' operation ('add_ln426_3', fips202.c:426) [240]  (3.24 ns)
	'getelementptr' operation ('m_addr_1', fips202.c:426) [242]  (0 ns)
	'load' operation ('m_load_1', fips202.c:426) on array 'm' [243]  (2.77 ns)

 <State 19>: 4.53ns
The critical path consists of the following:
	'load' operation ('m_load_1', fips202.c:426) on array 'm' [243]  (2.77 ns)
	'store' operation ('store_ln426', fips202.c:426) of variable 'm_load_1', fips202.c:426 on array 'x', fips202.c:387 [245]  (1.75 ns)

 <State 20>: 2.77ns
The critical path consists of the following:
	'getelementptr' operation ('s_addr_4', fips202.c:427) [270]  (0 ns)
	'load' operation ('s_load_4', fips202.c:427) on array 's' [271]  (2.77 ns)

 <State 21>: 4.18ns
The critical path consists of the following:
	'load' operation ('t_load_1', fips202.c:31->fips202.c:427) on array 'x', fips202.c:387 [259]  (1.75 ns)
	'shl' operation ('shl_ln31_1', fips202.c:31->fips202.c:427) [264]  (0 ns)
	'or' operation ('r', fips202.c:31->fips202.c:427) [265]  (2.42 ns)

 <State 22>: 6.35ns
The critical path consists of the following:
	'load' operation ('s_load_4', fips202.c:427) on array 's' [271]  (2.77 ns)
	'xor' operation ('xor_ln427', fips202.c:427) [272]  (0.808 ns)
	'store' operation ('store_ln427', fips202.c:427) of variable 'xor_ln427', fips202.c:427 on array 's' [273]  (2.77 ns)


============================================================
+ Verbose Summary: Binding
============================================================
N/A
* FSMD analyzer results:
  - Output states:
 - Input state : 
  - Chain level:
	State 1
	State 2
	State 3
	State 4
	State 5
	State 6
	State 7
	State 8
	State 9
	State 10
	State 11
	State 12
	State 13
	State 14
	State 15
	State 16
	State 17
	State 18
	State 19
	State 20
	State 21
	State 22


============================================================
+ Verbose Summary: Datapath Resource usage 
============================================================
N/A
