

================================================================
== Vivado HLS Report for 'ntt'
================================================================
* Date:           Tue Apr  4 23:20:57 2023

* Version:        2019.2 (Build 2704478 on Wed Nov 06 22:10:23 MST 2019)
* Project:        crypto_sign
* Solution:       solution1
* Product family: artix7
* Target device:  xc7a200t-fbg676-2


================================================================
== Performance Estimates
================================================================
+ Timing: 
    * Summary: 
    +--------+----------+-----------+------------+
    |  Clock |  Target  | Estimated | Uncertainty|
    +--------+----------+-----------+------------+
    |ap_clk  | 10.00 us | 31.143 ns |   1.25 us  |
    +--------+----------+-----------+------------+

+ Latency: 
    * Summary: 
    +---------+---------+----------+----------+-----+-----+---------+
    |  Latency (cycles) |  Latency (absolute) |  Interval | Pipeline|
    |   min   |   max   |    min   |    max   | min | max |   Type  |
    +---------+---------+----------+----------+-----+-----+---------+
    |        ?|        ?|         ?|         ?|    ?|    ?|   none  |
    +---------+---------+----------+----------+-----+-----+---------+

    + Detail: 
        * Instance: 
        N/A

        * Loop: 
        +-----------------+---------+---------+----------+-----------+-----------+------+----------+
        |                 |  Latency (cycles) | Iteration|  Initiation Interval  | Trip |          |
        |    Loop Name    |   min   |   max   |  Latency |  achieved |   target  | Count| Pipelined|
        +-----------------+---------+---------+----------+-----------+-----------+------+----------+
        |- Loop 1         |        ?|        ?|         ?|          -|          -|     8|    no    |
        | + Loop 1.1      |        ?|        ?|         ?|          -|          -|     ?|    no    |
        |  ++ Loop 1.1.1  |        ?|        ?|         4|          -|          -|     ?|    no    |
        +-----------------+---------+---------+----------+-----------+-----------+------+----------+

============================================================
+ Verbose Summary: Synthesis Manager
============================================================
InlineROM: 1
ExposeGlobal: 0
============================================================
+ Verbose Summary: CDFG Model
============================================================
IsTopModel: 0
ResetActiveHigh: 1
IsCombinational: 0
IsDatapathOnly: 0
HasWiredReturn: 1
HasMFsm: 0
HasVarLatency: 1
IsPipeline: 0
IsRtlPipelined: 0
IsInstanceOverlapped: 0
IsDontTouch: 0
HasImplIP: 0
IsGatedGlobalClock: 0


============================================================
+ Verbose Summary: Schedule
============================================================
* Number of FSM states : 8
* Pipeline : 0
* Dataflow Pipeline: 0

* FSM state transitions: 
1 --> 2 
2 --> 3 
3 --> 4 2 
4 --> 5 
5 --> 6 3 
6 --> 7 
7 --> 8 
8 --> 5 

* FSM state operations: 

State 1 <SV = 0> <Delay = 1.35>
ST_1 : Operation 9 [1/1] (0.00ns)   --->   "%k_3 = alloca i32"   --->   Operation 9 'alloca' 'k_3' <Predicate = true> <Delay = 0.00>
ST_1 : Operation 10 [1/1] (0.00ns)   --->   "%a_offset_read = call i3 @_ssdm_op_Read.ap_auto.i3(i3 %a_offset)" [ntt.c:58]   --->   Operation 10 'read' 'a_offset_read' <Predicate = true> <Delay = 0.00>
ST_1 : Operation 11 [1/1] (0.00ns)   --->   "%tmp = call i11 @_ssdm_op_BitConcatenate.i11.i3.i8(i3 %a_offset_read, i8 0)" [ntt.c:58]   --->   Operation 11 'bitconcatenate' 'tmp' <Predicate = true> <Delay = 0.00>
ST_1 : Operation 12 [1/1] (0.00ns)   --->   "%zext_ln49 = zext i11 %tmp to i12" [ntt.c:49]   --->   Operation 12 'zext' 'zext_ln49' <Predicate = true> <Delay = 0.00>
ST_1 : Operation 13 [1/1] (1.35ns)   --->   "store i32 0, i32* %k_3" [ntt.c:54]   --->   Operation 13 'store' <Predicate = true> <Delay = 1.35>
ST_1 : Operation 14 [1/1] (1.35ns)   --->   "br label %1" [ntt.c:54]   --->   Operation 14 'br' <Predicate = true> <Delay = 1.35>

State 2 <SV = 1> <Delay = 2.08>
ST_2 : Operation 15 [1/1] (0.00ns)   --->   "%len_0 = phi i29 [ 128, %0 ], [ %zext_ln54_3, %6 ]" [ntt.c:54]   --->   Operation 15 'phi' 'len_0' <Predicate = true> <Delay = 0.00>
ST_2 : Operation 16 [1/1] (0.00ns)   --->   "%zext_ln54 = zext i29 %len_0 to i31" [ntt.c:54]   --->   Operation 16 'zext' 'zext_ln54' <Predicate = true> <Delay = 0.00>
ST_2 : Operation 17 [1/1] (2.08ns)   --->   "%icmp_ln54 = icmp eq i29 %len_0, 0" [ntt.c:54]   --->   Operation 17 'icmp' 'icmp_ln54' <Predicate = true> <Delay = 2.08> <Core = "Cmp">   --->   Core 25 'Cmp' <Latency = 0> <II = 1> <Delay = 2.11> <FuncUnit> <Opcode : 'icmp'> <InPorts = 2> <OutPorts = 1>
ST_2 : Operation 18 [1/1] (0.00ns)   --->   "%empty = call i32 (...)* @_ssdm_op_SpecLoopTripCount(i64 8, i64 8, i64 8)"   --->   Operation 18 'speclooptripcount' 'empty' <Predicate = true> <Delay = 0.00>
ST_2 : Operation 19 [1/1] (0.00ns)   --->   "br i1 %icmp_ln54, label %7, label %.preheader.preheader" [ntt.c:54]   --->   Operation 19 'br' <Predicate = true> <Delay = 0.00>
ST_2 : Operation 20 [1/1] (1.35ns)   --->   "br label %.preheader" [ntt.c:55]   --->   Operation 20 'br' <Predicate = (!icmp_ln54)> <Delay = 1.35>
ST_2 : Operation 21 [1/1] (0.00ns)   --->   "ret void" [ntt.c:64]   --->   Operation 21 'ret' <Predicate = (icmp_ln54)> <Delay = 0.00>

State 3 <SV = 2> <Delay = 4.95>
ST_3 : Operation 22 [1/1] (0.00ns)   --->   "%j = phi i31 [ %add_ln55, %5 ], [ 0, %.preheader.preheader ]" [ntt.c:55]   --->   Operation 22 'phi' 'j' <Predicate = true> <Delay = 0.00>
ST_3 : Operation 23 [1/1] (0.00ns)   --->   "%zext_ln55 = zext i31 %j to i32" [ntt.c:55]   --->   Operation 23 'zext' 'zext_ln55' <Predicate = true> <Delay = 0.00>
ST_3 : Operation 24 [1/1] (0.00ns)   --->   "%tmp_28 = call i23 @_ssdm_op_PartSelect.i23.i31.i32.i32(i31 %j, i32 8, i32 30)" [ntt.c:55]   --->   Operation 24 'partselect' 'tmp_28' <Predicate = true> <Delay = 0.00>
ST_3 : Operation 25 [1/1] (2.03ns)   --->   "%icmp_ln55 = icmp eq i23 %tmp_28, 0" [ntt.c:55]   --->   Operation 25 'icmp' 'icmp_ln55' <Predicate = true> <Delay = 2.03> <Core = "Cmp">   --->   Core 25 'Cmp' <Latency = 0> <II = 1> <Delay = 2.11> <FuncUnit> <Opcode : 'icmp'> <InPorts = 2> <OutPorts = 1>
ST_3 : Operation 26 [1/1] (0.00ns)   --->   "br i1 %icmp_ln55, label %2, label %6" [ntt.c:55]   --->   Operation 26 'br' <Predicate = true> <Delay = 0.00>
ST_3 : Operation 27 [1/1] (0.00ns)   --->   "%k_3_load = load i32* %k_3" [ntt.c:56]   --->   Operation 27 'load' 'k_3_load' <Predicate = (icmp_ln55)> <Delay = 0.00>
ST_3 : Operation 28 [1/1] (2.18ns)   --->   "%k = add i32 1, %k_3_load" [ntt.c:56]   --->   Operation 28 'add' 'k' <Predicate = (icmp_ln55)> <Delay = 2.18> <Core = "AddSub">   --->   Core 14 'AddSub' <Latency = 0> <II = 1> <Delay = 2.18> <FuncUnit> <Opcode : 'add' 'sub'> <InPorts = 2> <OutPorts = 1>
ST_3 : Operation 29 [1/1] (0.00ns)   --->   "%zext_ln56 = zext i32 %k to i64" [ntt.c:56]   --->   Operation 29 'zext' 'zext_ln56' <Predicate = (icmp_ln55)> <Delay = 0.00>
ST_3 : Operation 30 [1/1] (0.00ns)   --->   "%zetas_addr = getelementptr [256 x i23]* @zetas, i64 0, i64 %zext_ln56" [ntt.c:56]   --->   Operation 30 'getelementptr' 'zetas_addr' <Predicate = (icmp_ln55)> <Delay = 0.00>
ST_3 : Operation 31 [2/2] (2.77ns)   --->   "%zeta = load i23* %zetas_addr, align 4" [ntt.c:56]   --->   Operation 31 'load' 'zeta' <Predicate = (icmp_ln55)> <Delay = 2.77> <Core = "ROM_nP">   --->   Core 52 'ROM_nP' <Latency = 1> <II = 1> <Delay = 2.77> <Storage> <Opcode : 'load'> <Ports = 0> <Width = 23> <Depth = 256> <ROM>
ST_3 : Operation 32 [1/1] (0.00ns)   --->   "%tmp_29 = call i28 @_ssdm_op_PartSelect.i28.i29.i32.i32(i29 %len_0, i32 1, i32 28)" [ntt.c:54]   --->   Operation 32 'partselect' 'tmp_29' <Predicate = (!icmp_ln55)> <Delay = 0.00>
ST_3 : Operation 33 [1/1] (0.00ns)   --->   "%zext_ln54_3 = zext i28 %tmp_29 to i29" [ntt.c:54]   --->   Operation 33 'zext' 'zext_ln54_3' <Predicate = (!icmp_ln55)> <Delay = 0.00>
ST_3 : Operation 34 [1/1] (0.00ns)   --->   "br label %1" [ntt.c:54]   --->   Operation 34 'br' <Predicate = (!icmp_ln55)> <Delay = 0.00>

State 4 <SV = 3> <Delay = 5.01>
ST_4 : Operation 35 [1/2] (2.77ns)   --->   "%zeta = load i23* %zetas_addr, align 4" [ntt.c:56]   --->   Operation 35 'load' 'zeta' <Predicate = true> <Delay = 2.77> <Core = "ROM_nP">   --->   Core 52 'ROM_nP' <Latency = 1> <II = 1> <Delay = 2.77> <Storage> <Opcode : 'load'> <Ports = 0> <Width = 23> <Depth = 256> <ROM>
ST_4 : Operation 36 [1/1] (2.15ns)   --->   "%add_ln57 = add i31 %zext_ln54, %j" [ntt.c:57]   --->   Operation 36 'add' 'add_ln57' <Predicate = true> <Delay = 2.15> <Core = "AddSub">   --->   Core 14 'AddSub' <Latency = 0> <II = 1> <Delay = 2.18> <FuncUnit> <Opcode : 'add' 'sub'> <InPorts = 2> <OutPorts = 1>
ST_4 : Operation 37 [1/1] (0.00ns)   --->   "%zext_ln57 = zext i31 %add_ln57 to i32" [ntt.c:57]   --->   Operation 37 'zext' 'zext_ln57' <Predicate = true> <Delay = 0.00>
ST_4 : Operation 38 [1/1] (2.10ns)   --->   "%empty_56 = icmp ugt i31 %j, %add_ln57" [ntt.c:55]   --->   Operation 38 'icmp' 'empty_56' <Predicate = true> <Delay = 2.10> <Core = "Cmp">   --->   Core 25 'Cmp' <Latency = 0> <II = 1> <Delay = 2.11> <FuncUnit> <Opcode : 'icmp'> <InPorts = 2> <OutPorts = 1>
ST_4 : Operation 39 [1/1] (0.00ns)   --->   "%trunc_ln55 = trunc i31 %j to i30" [ntt.c:55]   --->   Operation 39 'trunc' 'trunc_ln55' <Predicate = true> <Delay = 0.00>
ST_4 : Operation 40 [1/1] (0.00ns)   --->   "%trunc_ln55_2 = trunc i31 %add_ln57 to i30" [ntt.c:55]   --->   Operation 40 'trunc' 'trunc_ln55_2' <Predicate = true> <Delay = 0.00>
ST_4 : Operation 41 [1/1] (0.75ns)   --->   "%start = select i1 %empty_56, i30 %trunc_ln55, i30 %trunc_ln55_2" [ntt.c:55]   --->   Operation 41 'select' 'start' <Predicate = true> <Delay = 0.75> <Core = "Sel">   --->   Core 26 'Sel' <Latency = 0> <II = 1> <Delay = 0.75> <FuncUnit> <Opcode : 'select'> <InPorts = 3> <OutPorts = 1>
ST_4 : Operation 42 [1/1] (0.00ns)   --->   "%zext_ln55_2 = zext i30 %start to i31" [ntt.c:55]   --->   Operation 42 'zext' 'zext_ln55_2' <Predicate = true> <Delay = 0.00>
ST_4 : Operation 43 [1/1] (0.00ns)   --->   "%sext_ln57 = sext i23 %zeta to i54" [ntt.c:57]   --->   Operation 43 'sext' 'sext_ln57' <Predicate = true> <Delay = 0.00>
ST_4 : Operation 44 [1/1] (1.35ns)   --->   "br label %3" [ntt.c:57]   --->   Operation 44 'br' <Predicate = true> <Delay = 1.35>

State 5 <SV = 4> <Delay = 5.94>
ST_5 : Operation 45 [1/1] (0.00ns)   --->   "%j_0 = phi i32 [ %zext_ln55, %2 ], [ %j_2, %4 ]"   --->   Operation 45 'phi' 'j_0' <Predicate = true> <Delay = 0.00>
ST_5 : Operation 46 [1/1] (2.11ns)   --->   "%icmp_ln57 = icmp ult i32 %j_0, %zext_ln57" [ntt.c:57]   --->   Operation 46 'icmp' 'icmp_ln57' <Predicate = true> <Delay = 2.11> <Core = "Cmp">   --->   Core 25 'Cmp' <Latency = 0> <II = 1> <Delay = 2.11> <FuncUnit> <Opcode : 'icmp'> <InPorts = 2> <OutPorts = 1>
ST_5 : Operation 47 [1/1] (0.00ns)   --->   "br i1 %icmp_ln57, label %4, label %5" [ntt.c:57]   --->   Operation 47 'br' <Predicate = true> <Delay = 0.00>
ST_5 : Operation 48 [1/1] (0.00ns)   --->   "%trunc_ln58 = trunc i32 %j_0 to i12" [ntt.c:58]   --->   Operation 48 'trunc' 'trunc_ln58' <Predicate = (icmp_ln57)> <Delay = 0.00>
ST_5 : Operation 49 [1/1] (0.00ns)   --->   "%trunc_ln58_1 = trunc i29 %len_0 to i12" [ntt.c:58]   --->   Operation 49 'trunc' 'trunc_ln58_1' <Predicate = (icmp_ln57)> <Delay = 0.00>
ST_5 : Operation 50 [1/1] (0.00ns) (grouped into TernaryAdder)   --->   "%add_ln58 = add i12 %trunc_ln58_1, %trunc_ln58" [ntt.c:58]   --->   Operation 50 'add' 'add_ln58' <Predicate = (icmp_ln57)> <Delay = 0.00> <Core = "TAddSub">   --->   Core 83 'TAddSub' <Latency = 0> <II = 1> <Delay = 1.58> <IPBlock> <Opcode : 'add' 'sub'> <InPorts = 3> <OutPorts = 1> <Sync> <CReg>
ST_5 : Operation 51 [1/1] (3.16ns) (root node of TernaryAdder)   --->   "%add_ln58_1 = add i12 %zext_ln49, %add_ln58" [ntt.c:58]   --->   Operation 51 'add' 'add_ln58_1' <Predicate = (icmp_ln57)> <Delay = 3.16> <Core = "TAddSub">   --->   Core 83 'TAddSub' <Latency = 0> <II = 1> <Delay = 1.58> <IPBlock> <Opcode : 'add' 'sub'> <InPorts = 3> <OutPorts = 1> <Sync> <CReg>
ST_5 : Operation 52 [1/1] (0.00ns)   --->   "%zext_ln58 = zext i12 %add_ln58_1 to i64" [ntt.c:58]   --->   Operation 52 'zext' 'zext_ln58' <Predicate = (icmp_ln57)> <Delay = 0.00>
ST_5 : Operation 53 [1/1] (0.00ns)   --->   "%a_addr11 = getelementptr [1024 x i32]* %a, i64 0, i64 %zext_ln58" [ntt.c:58]   --->   Operation 53 'getelementptr' 'a_addr11' <Predicate = (icmp_ln57)> <Delay = 0.00>
ST_5 : Operation 54 [2/2] (2.77ns)   --->   "%a_load = load i32* %a_addr11, align 4" [ntt.c:58]   --->   Operation 54 'load' 'a_load' <Predicate = (icmp_ln57)> <Delay = 2.77> <Core = "RAM">   --->   Core 37 'RAM' <Latency = 1> <II = 1> <Delay = 2.77> <Storage> <Opcode : 'load' 'store'> <Ports = 2> <Width = 32> <Depth = 1024> <RAM>
ST_5 : Operation 55 [1/1] (0.00ns)   --->   "%trunc_ln59 = trunc i32 %j_0 to i12" [ntt.c:59]   --->   Operation 55 'trunc' 'trunc_ln59' <Predicate = (icmp_ln57)> <Delay = 0.00>
ST_5 : Operation 56 [1/1] (1.77ns)   --->   "%add_ln59 = add i12 %zext_ln49, %trunc_ln59" [ntt.c:59]   --->   Operation 56 'add' 'add_ln59' <Predicate = (icmp_ln57)> <Delay = 1.77> <Core = "AddSub">   --->   Core 14 'AddSub' <Latency = 0> <II = 1> <Delay = 2.18> <FuncUnit> <Opcode : 'add' 'sub'> <InPorts = 2> <OutPorts = 1>
ST_5 : Operation 57 [1/1] (0.00ns)   --->   "%zext_ln59 = zext i12 %add_ln59 to i64" [ntt.c:59]   --->   Operation 57 'zext' 'zext_ln59' <Predicate = (icmp_ln57)> <Delay = 0.00>
ST_5 : Operation 58 [1/1] (0.00ns)   --->   "%a_addr = getelementptr [1024 x i32]* %a, i64 0, i64 %zext_ln59" [ntt.c:59]   --->   Operation 58 'getelementptr' 'a_addr' <Predicate = (icmp_ln57)> <Delay = 0.00>
ST_5 : Operation 59 [2/2] (2.77ns)   --->   "%a_load_17 = load i32* %a_addr, align 4" [ntt.c:59]   --->   Operation 59 'load' 'a_load_17' <Predicate = (icmp_ln57)> <Delay = 2.77> <Core = "RAM">   --->   Core 37 'RAM' <Latency = 1> <II = 1> <Delay = 2.77> <Storage> <Opcode : 'load' 'store'> <Ports = 2> <Width = 32> <Depth = 1024> <RAM>
ST_5 : Operation 60 [1/1] (2.18ns)   --->   "%j_2 = add i32 1, %j_0" [ntt.c:57]   --->   Operation 60 'add' 'j_2' <Predicate = (icmp_ln57)> <Delay = 2.18> <Core = "AddSub">   --->   Core 14 'AddSub' <Latency = 0> <II = 1> <Delay = 2.18> <FuncUnit> <Opcode : 'add' 'sub'> <InPorts = 2> <OutPorts = 1>
ST_5 : Operation 61 [1/1] (2.13ns)   --->   "%add_ln55 = add i31 %zext_ln54, %zext_ln55_2" [ntt.c:55]   --->   Operation 61 'add' 'add_ln55' <Predicate = (!icmp_ln57)> <Delay = 2.13> <Core = "AddSub">   --->   Core 14 'AddSub' <Latency = 0> <II = 1> <Delay = 2.18> <FuncUnit> <Opcode : 'add' 'sub'> <InPorts = 2> <OutPorts = 1>
ST_5 : Operation 62 [1/1] (1.35ns)   --->   "store i32 %k, i32* %k_3" [ntt.c:55]   --->   Operation 62 'store' <Predicate = (!icmp_ln57)> <Delay = 1.35>
ST_5 : Operation 63 [1/1] (0.00ns)   --->   "br label %.preheader" [ntt.c:55]   --->   Operation 63 'br' <Predicate = (!icmp_ln57)> <Delay = 0.00>

State 6 <SV = 5> <Delay = 31.1>
ST_6 : Operation 64 [1/2] (2.77ns)   --->   "%a_load = load i32* %a_addr11, align 4" [ntt.c:58]   --->   Operation 64 'load' 'a_load' <Predicate = true> <Delay = 2.77> <Core = "RAM">   --->   Core 37 'RAM' <Latency = 1> <II = 1> <Delay = 2.77> <Storage> <Opcode : 'load' 'store'> <Ports = 2> <Width = 32> <Depth = 1024> <RAM>
ST_6 : Operation 65 [1/1] (0.00ns)   --->   "%sext_ln58 = sext i32 %a_load to i54" [ntt.c:58]   --->   Operation 65 'sext' 'sext_ln58' <Predicate = true> <Delay = 0.00>
ST_6 : Operation 66 [1/1] (6.88ns)   --->   "%mul_ln58 = mul i54 %sext_ln57, %sext_ln58" [ntt.c:58]   --->   Operation 66 'mul' 'mul_ln58' <Predicate = true> <Delay = 6.88> <Core = "Mul">   --->   Core 16 'Mul' <Latency = 0> <II = 1> <Delay = 6.88> <FuncUnit> <Opcode : 'mul'> <InPorts = 2> <OutPorts = 1>
ST_6 : Operation 67 [1/1] (0.00ns)   --->   "%sext_ln58_2 = sext i54 %mul_ln58 to i56" [ntt.c:58]   --->   Operation 67 'sext' 'sext_ln58_2' <Predicate = true> <Delay = 0.00>
ST_6 : Operation 68 [1/1] (0.00ns)   --->   "%trunc_ln18 = trunc i54 %mul_ln58 to i32" [reduce.c:18->ntt.c:58]   --->   Operation 68 'trunc' 'trunc_ln18' <Predicate = true> <Delay = 0.00>
ST_6 : Operation 69 [1/1] (6.88ns)   --->   "%t = mul nsw i32 58728449, %trunc_ln18" [reduce.c:18->ntt.c:58]   --->   Operation 69 'mul' 't' <Predicate = true> <Delay = 6.88> <Core = "Mul">   --->   Core 16 'Mul' <Latency = 0> <II = 1> <Delay = 6.88> <FuncUnit> <Opcode : 'mul'> <InPorts = 2> <OutPorts = 1>
ST_6 : Operation 70 [1/1] (0.00ns)   --->   "%sext_ln19 = sext i32 %t to i55" [reduce.c:19->ntt.c:58]   --->   Operation 70 'sext' 'sext_ln19' <Predicate = true> <Delay = 0.00>
ST_6 : Operation 71 [1/1] (6.88ns)   --->   "%mul_ln19 = mul i55 -8380417, %sext_ln19" [reduce.c:19->ntt.c:58]   --->   Operation 71 'mul' 'mul_ln19' <Predicate = true> <Delay = 6.88> <Core = "Mul">   --->   Core 16 'Mul' <Latency = 0> <II = 1> <Delay = 6.88> <FuncUnit> <Opcode : 'mul'> <InPorts = 2> <OutPorts = 1>
ST_6 : Operation 72 [1/1] (0.00ns)   --->   "%sext_ln19_7 = sext i55 %mul_ln19 to i56" [reduce.c:19->ntt.c:58]   --->   Operation 72 'sext' 'sext_ln19_7' <Predicate = true> <Delay = 0.00>
ST_6 : Operation 73 [1/1] (2.77ns)   --->   "%add_ln19 = add i56 %sext_ln58_2, %sext_ln19_7" [reduce.c:19->ntt.c:58]   --->   Operation 73 'add' 'add_ln19' <Predicate = true> <Delay = 2.77> <Core = "AddSub">   --->   Core 14 'AddSub' <Latency = 0> <II = 1> <Delay = 2.18> <FuncUnit> <Opcode : 'add' 'sub'> <InPorts = 2> <OutPorts = 1>
ST_6 : Operation 74 [1/1] (0.00ns)   --->   "%trunc_ln = call i24 @_ssdm_op_PartSelect.i24.i56.i32.i32(i56 %add_ln19, i32 32, i32 55)" [reduce.c:19->ntt.c:58]   --->   Operation 74 'partselect' 'trunc_ln' <Predicate = true> <Delay = 0.00>
ST_6 : Operation 75 [1/1] (0.00ns)   --->   "%t_8 = sext i24 %trunc_ln to i32" [reduce.c:19->ntt.c:58]   --->   Operation 75 'sext' 't_8' <Predicate = true> <Delay = 0.00>
ST_6 : Operation 76 [1/2] (2.77ns)   --->   "%a_load_17 = load i32* %a_addr, align 4" [ntt.c:59]   --->   Operation 76 'load' 'a_load_17' <Predicate = true> <Delay = 2.77> <Core = "RAM">   --->   Core 37 'RAM' <Latency = 1> <II = 1> <Delay = 2.77> <Storage> <Opcode : 'load' 'store'> <Ports = 2> <Width = 32> <Depth = 1024> <RAM>
ST_6 : Operation 77 [1/1] (2.18ns)   --->   "%sub_ln59 = sub nsw i32 %a_load_17, %t_8" [ntt.c:59]   --->   Operation 77 'sub' 'sub_ln59' <Predicate = true> <Delay = 2.18> <Core = "AddSub">   --->   Core 14 'AddSub' <Latency = 0> <II = 1> <Delay = 2.18> <FuncUnit> <Opcode : 'add' 'sub'> <InPorts = 2> <OutPorts = 1>
ST_6 : Operation 78 [1/1] (2.77ns)   --->   "store i32 %sub_ln59, i32* %a_addr11, align 4" [ntt.c:59]   --->   Operation 78 'store' <Predicate = true> <Delay = 2.77> <Core = "RAM">   --->   Core 37 'RAM' <Latency = 1> <II = 1> <Delay = 2.77> <Storage> <Opcode : 'load' 'store'> <Ports = 2> <Width = 32> <Depth = 1024> <RAM>

State 7 <SV = 6> <Delay = 2.77>
ST_7 : Operation 79 [2/2] (2.77ns)   --->   "%a_load_18 = load i32* %a_addr, align 4" [ntt.c:60]   --->   Operation 79 'load' 'a_load_18' <Predicate = true> <Delay = 2.77> <Core = "RAM">   --->   Core 37 'RAM' <Latency = 1> <II = 1> <Delay = 2.77> <Storage> <Opcode : 'load' 'store'> <Ports = 2> <Width = 32> <Depth = 1024> <RAM>

State 8 <SV = 7> <Delay = 7.72>
ST_8 : Operation 80 [1/2] (2.77ns)   --->   "%a_load_18 = load i32* %a_addr, align 4" [ntt.c:60]   --->   Operation 80 'load' 'a_load_18' <Predicate = true> <Delay = 2.77> <Core = "RAM">   --->   Core 37 'RAM' <Latency = 1> <II = 1> <Delay = 2.77> <Storage> <Opcode : 'load' 'store'> <Ports = 2> <Width = 32> <Depth = 1024> <RAM>
ST_8 : Operation 81 [1/1] (2.18ns)   --->   "%add_ln60 = add nsw i32 %t_8, %a_load_18" [ntt.c:60]   --->   Operation 81 'add' 'add_ln60' <Predicate = true> <Delay = 2.18> <Core = "AddSub">   --->   Core 14 'AddSub' <Latency = 0> <II = 1> <Delay = 2.18> <FuncUnit> <Opcode : 'add' 'sub'> <InPorts = 2> <OutPorts = 1>
ST_8 : Operation 82 [1/1] (2.77ns)   --->   "store i32 %add_ln60, i32* %a_addr, align 4" [ntt.c:60]   --->   Operation 82 'store' <Predicate = true> <Delay = 2.77> <Core = "RAM">   --->   Core 37 'RAM' <Latency = 1> <II = 1> <Delay = 2.77> <Storage> <Opcode : 'load' 'store'> <Ports = 2> <Width = 32> <Depth = 1024> <RAM>
ST_8 : Operation 83 [1/1] (0.00ns)   --->   "br label %3" [ntt.c:57]   --->   Operation 83 'br' <Predicate = true> <Delay = 0.00>


============================================================
+ Verbose Summary: Binding
============================================================
STG Binding: 
---------------- STG Properties BEGIN ----------------
- Is combinational: 0
- Is one-state seq: 0
- Is datapath-only: 0
- Is pipelined: 0
- Is top level: 0
Port [ Return ] is wired: 1; IO mode=ap_ctrl_hs:ce=0
Port [ a]:  wired=1; compound=1; hidden=0; nouse=0; global=0; static=0; extern=0; dir=2; type=1; pingpong=0; private_global=0; MemPort=[21]; IO mode=ap_memory:ce=0
Port [ a_offset]:  wired=1; compound=0; hidden=0; nouse=0; global=0; static=0; extern=0; dir=0; type=0; pingpong=0; private_global=0; IO mode=ap_none:ce=0
Port [ zetas]:  wired=0; compound=1; hidden=1; nouse=0; global=1; static=1; extern=0; dir=0; type=1; pingpong=0; private_global=0; linkage=7; visibility=0; MemPort=[1]; IO mode=ap_memory:ce=0
---------------- STG Properties END ------------------

---------------- Datapath Model BEGIN ----------------

<LifeTime>
<method=bitvector/>
k_3           (alloca           ) [ 011111111]
a_offset_read (read             ) [ 000000000]
tmp           (bitconcatenate   ) [ 000000000]
zext_ln49     (zext             ) [ 001111111]
store_ln54    (store            ) [ 000000000]
br_ln54       (br               ) [ 011111111]
len_0         (phi              ) [ 001111111]
zext_ln54     (zext             ) [ 000111111]
icmp_ln54     (icmp             ) [ 001111111]
empty         (speclooptripcount) [ 000000000]
br_ln54       (br               ) [ 000000000]
br_ln55       (br               ) [ 001111111]
ret_ln64      (ret              ) [ 000000000]
j             (phi              ) [ 000110000]
zext_ln55     (zext             ) [ 000011111]
tmp_28        (partselect       ) [ 000000000]
icmp_ln55     (icmp             ) [ 001111111]
br_ln55       (br               ) [ 000000000]
k_3_load      (load             ) [ 000000000]
k             (add              ) [ 000011111]
zext_ln56     (zext             ) [ 000000000]
zetas_addr    (getelementptr    ) [ 000010000]
tmp_29        (partselect       ) [ 000000000]
zext_ln54_3   (zext             ) [ 011111111]
br_ln54       (br               ) [ 011111111]
zeta          (load             ) [ 000000000]
add_ln57      (add              ) [ 000000000]
zext_ln57     (zext             ) [ 000001111]
empty_56      (icmp             ) [ 000000000]
trunc_ln55    (trunc            ) [ 000000000]
trunc_ln55_2  (trunc            ) [ 000000000]
start         (select           ) [ 000000000]
zext_ln55_2   (zext             ) [ 000001111]
sext_ln57     (sext             ) [ 000001111]
br_ln57       (br               ) [ 001111111]
j_0           (phi              ) [ 000001000]
icmp_ln57     (icmp             ) [ 001111111]
br_ln57       (br               ) [ 000000000]
trunc_ln58    (trunc            ) [ 000000000]
trunc_ln58_1  (trunc            ) [ 000000000]
add_ln58      (add              ) [ 000000000]
add_ln58_1    (add              ) [ 000000000]
zext_ln58     (zext             ) [ 000000000]
a_addr11      (getelementptr    ) [ 000000100]
trunc_ln59    (trunc            ) [ 000000000]
add_ln59      (add              ) [ 000000000]
zext_ln59     (zext             ) [ 000000000]
a_addr        (getelementptr    ) [ 000000111]
j_2           (add              ) [ 001111111]
add_ln55      (add              ) [ 001111111]
store_ln55    (store            ) [ 000000000]
br_ln55       (br               ) [ 001111111]
a_load        (load             ) [ 000000000]
sext_ln58     (sext             ) [ 000000000]
mul_ln58      (mul              ) [ 000000000]
sext_ln58_2   (sext             ) [ 000000000]
trunc_ln18    (trunc            ) [ 000000000]
t             (mul              ) [ 000000000]
sext_ln19     (sext             ) [ 000000000]
mul_ln19      (mul              ) [ 000000000]
sext_ln19_7   (sext             ) [ 000000000]
add_ln19      (add              ) [ 000000000]
trunc_ln      (partselect       ) [ 000000000]
t_8           (sext             ) [ 000000011]
a_load_17     (load             ) [ 000000000]
sub_ln59      (sub              ) [ 000000000]
store_ln59    (store            ) [ 000000000]
a_load_18     (load             ) [ 000000000]
add_ln60      (add              ) [ 000000000]
store_ln60    (store            ) [ 000000000]
br_ln57       (br               ) [ 001111111]
</LifeTime>

<model>

<comp_list>
<comp id="0" class="1000" name="a">
<pin_list>
<pin id="1" dir="1" index="0" bw="1" slack="0"/>
</pin_list>
<bind>
<StgValue><ssdm name="a"/><MemPortTyVec>2 1 </MemPortTyVec>
</StgValue>
</bind>
</comp>

<comp id="2" class="1000" name="a_offset">
<pin_list>
<pin id="3" dir="1" index="0" bw="1" slack="0"/>
</pin_list>
<bind>
<StgValue><ssdm name="a_offset"/></StgValue>
</bind>
</comp>

<comp id="4" class="1000" name="zetas">
<pin_list>
<pin id="5" dir="1" index="0" bw="1" slack="0"/>
</pin_list>
<bind>
<StgValue><ssdm name="zetas"/><MemPortTyVec>1 </MemPortTyVec>
</StgValue>
</bind>
</comp>

<comp id="6" class="1001" name="const_6">
<pin_list>
<pin id="7" dir="1" index="0" bw="1" slack="0"/>
</pin_list>
<bind>
<StgValue><ssdm name=""/></StgValue>
</bind>
</comp>

<comp id="8" class="1001" name="const_8">
<pin_list>
<pin id="9" dir="1" index="0" bw="1" slack="0"/>
</pin_list>
<bind>
<StgValue><ssdm name="_ssdm_op_Read.ap_auto.i3"/></StgValue>
</bind>
</comp>

<comp id="10" class="1001" name="const_10">
<pin_list>
<pin id="11" dir="1" index="0" bw="1" slack="0"/>
</pin_list>
<bind>
<StgValue><ssdm name="_ssdm_op_BitConcatenate.i11.i3.i8"/></StgValue>
</bind>
</comp>

<comp id="12" class="1001" name="const_12">
<pin_list>
<pin id="13" dir="1" index="0" bw="1" slack="0"/>
</pin_list>
<bind>
<StgValue><ssdm name=""/></StgValue>
</bind>
</comp>

<comp id="14" class="1001" name="const_14">
<pin_list>
<pin id="15" dir="1" index="0" bw="1" slack="0"/>
</pin_list>
<bind>
<StgValue><ssdm name=""/></StgValue>
</bind>
</comp>

<comp id="16" class="1001" name="const_16">
<pin_list>
<pin id="17" dir="1" index="0" bw="1" slack="1"/>
</pin_list>
<bind>
<StgValue><ssdm name=""/></StgValue>
</bind>
</comp>

<comp id="18" class="1001" name="const_18">
<pin_list>
<pin id="19" dir="1" index="0" bw="1" slack="0"/>
</pin_list>
<bind>
<StgValue><ssdm name=""/></StgValue>
</bind>
</comp>

<comp id="20" class="1001" name="const_20">
<pin_list>
<pin id="21" dir="1" index="0" bw="1" slack="2147483647"/>
</pin_list>
<bind>
<StgValue><ssdm name="_ssdm_op_SpecLoopTripCount"/></StgValue>
</bind>
</comp>

<comp id="22" class="1001" name="const_22">
<pin_list>
<pin id="23" dir="1" index="0" bw="1" slack="2147483647"/>
</pin_list>
<bind>
<StgValue><ssdm name=""/></StgValue>
</bind>
</comp>

<comp id="24" class="1001" name="const_24">
<pin_list>
<pin id="25" dir="1" index="0" bw="1" slack="1"/>
</pin_list>
<bind>
<StgValue><ssdm name=""/></StgValue>
</bind>
</comp>

<comp id="26" class="1001" name="const_26">
<pin_list>
<pin id="27" dir="1" index="0" bw="1" slack="0"/>
</pin_list>
<bind>
<StgValue><ssdm name="_ssdm_op_PartSelect.i23.i31.i32.i32"/></StgValue>
</bind>
</comp>

<comp id="28" class="1001" name="const_28">
<pin_list>
<pin id="29" dir="1" index="0" bw="1" slack="0"/>
</pin_list>
<bind>
<StgValue><ssdm name=""/></StgValue>
</bind>
</comp>

<comp id="30" class="1001" name="const_30">
<pin_list>
<pin id="31" dir="1" index="0" bw="1" slack="0"/>
</pin_list>
<bind>
<StgValue><ssdm name=""/></StgValue>
</bind>
</comp>

<comp id="32" class="1001" name="const_32">
<pin_list>
<pin id="33" dir="1" index="0" bw="1" slack="0"/>
</pin_list>
<bind>
<StgValue><ssdm name=""/></StgValue>
</bind>
</comp>

<comp id="34" class="1001" name="const_34">
<pin_list>
<pin id="35" dir="1" index="0" bw="1" slack="0"/>
</pin_list>
<bind>
<StgValue><ssdm name=""/></StgValue>
</bind>
</comp>

<comp id="36" class="1001" name="const_36">
<pin_list>
<pin id="37" dir="1" index="0" bw="1" slack="0"/>
</pin_list>
<bind>
<StgValue><ssdm name="_ssdm_op_PartSelect.i28.i29.i32.i32"/></StgValue>
</bind>
</comp>

<comp id="38" class="1001" name="const_38">
<pin_list>
<pin id="39" dir="1" index="0" bw="1" slack="0"/>
</pin_list>
<bind>
<StgValue><ssdm name=""/></StgValue>
</bind>
</comp>

<comp id="40" class="1001" name="const_40">
<pin_list>
<pin id="41" dir="1" index="0" bw="1" slack="0"/>
</pin_list>
<bind>
<StgValue><ssdm name=""/></StgValue>
</bind>
</comp>

<comp id="42" class="1001" name="const_42">
<pin_list>
<pin id="43" dir="1" index="0" bw="1" slack="0"/>
</pin_list>
<bind>
<StgValue><ssdm name=""/></StgValue>
</bind>
</comp>

<comp id="44" class="1001" name="const_44">
<pin_list>
<pin id="45" dir="1" index="0" bw="1" slack="0"/>
</pin_list>
<bind>
<StgValue><ssdm name="_ssdm_op_PartSelect.i24.i56.i32.i32"/></StgValue>
</bind>
</comp>

<comp id="46" class="1001" name="const_46">
<pin_list>
<pin id="47" dir="1" index="0" bw="1" slack="0"/>
</pin_list>
<bind>
<StgValue><ssdm name=""/></StgValue>
</bind>
</comp>

<comp id="48" class="1001" name="const_48">
<pin_list>
<pin id="49" dir="1" index="0" bw="1" slack="0"/>
</pin_list>
<bind>
<StgValue><ssdm name=""/></StgValue>
</bind>
</comp>

<comp id="50" class="1004" name="k_3_fu_50">
<pin_list>
<pin id="51" dir="0" index="0" bw="1" slack="0"/>
<pin id="52" dir="1" index="1" bw="32" slack="0"/>
</pin_list>
<bind>
<opcode="alloca(26) " fcode="alloca"/>
<opset="k_3/1 "/>
</bind>
</comp>

<comp id="54" class="1004" name="a_offset_read_read_fu_54">
<pin_list>
<pin id="55" dir="0" index="0" bw="3" slack="0"/>
<pin id="56" dir="0" index="1" bw="3" slack="0"/>
<pin id="57" dir="1" index="2" bw="3" slack="0"/>
</pin_list>
<bind>
<opcode="read(1150) " fcode="read"/>
<opset="a_offset_read/1 "/>
</bind>
</comp>

<comp id="60" class="1004" name="zetas_addr_gep_fu_60">
<pin_list>
<pin id="61" dir="0" index="0" bw="23" slack="0"/>
<pin id="62" dir="0" index="1" bw="1" slack="0"/>
<pin id="63" dir="0" index="2" bw="32" slack="0"/>
<pin id="64" dir="1" index="3" bw="8" slack="0"/>
</pin_list>
<bind>
<opcode="getelementptr(29) " fcode="getelementptr"/>
<opset="zetas_addr/3 "/>
</bind>
</comp>

<comp id="67" class="1004" name="grp_access_fu_67">
<pin_list>
<pin id="68" dir="0" index="0" bw="8" slack="0"/>
<pin id="69" dir="0" index="1" bw="23" slack="2147483647"/>
<pin id="70" dir="0" index="2" bw="0" slack="2147483647"/>
<pin id="71" dir="1" index="3" bw="23" slack="0"/>
</pin_list>
<bind>
<opcode="load(27) " fcode="load"/>
<opset="zeta/3 "/>
</bind>
</comp>

<comp id="73" class="1004" name="a_addr11_gep_fu_73">
<pin_list>
<pin id="74" dir="0" index="0" bw="32" slack="0"/>
<pin id="75" dir="0" index="1" bw="1" slack="0"/>
<pin id="76" dir="0" index="2" bw="12" slack="0"/>
<pin id="77" dir="1" index="3" bw="10" slack="0"/>
</pin_list>
<bind>
<opcode="getelementptr(29) " fcode="getelementptr"/>
<opset="a_addr11/5 "/>
</bind>
</comp>

<comp id="80" class="1004" name="grp_access_fu_80">
<pin_list>
<pin id="81" dir="0" index="0" bw="10" slack="0"/>
<pin id="82" dir="0" index="1" bw="32" slack="0"/>
<pin id="83" dir="0" index="2" bw="0" slack="0"/>
<pin id="93" dir="0" index="4" bw="10" slack="2147483647"/>
<pin id="94" dir="0" index="5" bw="32" slack="2147483647"/>
<pin id="95" dir="0" index="6" bw="0" slack="2147483647"/>
<pin id="84" dir="1" index="3" bw="32" slack="0"/>
<pin id="96" dir="1" index="7" bw="32" slack="0"/>
</pin_list>
<bind>
<opcode="load(27) store(28) " fcode="store"/>
<opset="a_load/5 a_load_17/5 store_ln59/6 a_load_18/7 store_ln60/8 "/>
</bind>
</comp>

<comp id="86" class="1004" name="a_addr_gep_fu_86">
<pin_list>
<pin id="87" dir="0" index="0" bw="32" slack="0"/>
<pin id="88" dir="0" index="1" bw="1" slack="0"/>
<pin id="89" dir="0" index="2" bw="12" slack="0"/>
<pin id="90" dir="1" index="3" bw="10" slack="0"/>
</pin_list>
<bind>
<opcode="getelementptr(29) " fcode="getelementptr"/>
<opset="a_addr/5 "/>
</bind>
</comp>

<comp id="98" class="1005" name="len_0_reg_98">
<pin_list>
<pin id="99" dir="0" index="0" bw="29" slack="1"/>
<pin id="100" dir="1" index="1" bw="29" slack="1"/>
</pin_list>
<bind>
<opset="len_0 (phireg) "/>
</bind>
</comp>

<comp id="102" class="1004" name="len_0_phi_fu_102">
<pin_list>
<pin id="103" dir="0" index="0" bw="9" slack="1"/>
<pin id="104" dir="0" index="1" bw="0" slack="2147483647"/>
<pin id="105" dir="0" index="2" bw="28" slack="1"/>
<pin id="106" dir="0" index="3" bw="0" slack="2147483647"/>
<pin id="107" dir="1" index="4" bw="29" slack="0"/>
</pin_list>
<bind>
<opcode="phi(47) " fcode="phi"/>
<opset="len_0/2 "/>
</bind>
</comp>

<comp id="110" class="1005" name="j_reg_110">
<pin_list>
<pin id="111" dir="0" index="0" bw="31" slack="1"/>
<pin id="112" dir="1" index="1" bw="31" slack="1"/>
</pin_list>
<bind>
<opset="j (phireg) "/>
</bind>
</comp>

<comp id="114" class="1004" name="j_phi_fu_114">
<pin_list>
<pin id="115" dir="0" index="0" bw="31" slack="1"/>
<pin id="116" dir="0" index="1" bw="0" slack="2147483647"/>
<pin id="117" dir="0" index="2" bw="1" slack="1"/>
<pin id="118" dir="0" index="3" bw="0" slack="2147483647"/>
<pin id="119" dir="1" index="4" bw="31" slack="0"/>
</pin_list>
<bind>
<opcode="phi(47) " fcode="phi"/>
<opset="j/3 "/>
</bind>
</comp>

<comp id="122" class="1005" name="j_0_reg_122">
<pin_list>
<pin id="123" dir="0" index="0" bw="32" slack="2147483647"/>
<pin id="124" dir="1" index="1" bw="32" slack="2147483647"/>
</pin_list>
<bind>
<opset="j_0 (phireg) "/>
</bind>
</comp>

<comp id="125" class="1004" name="j_0_phi_fu_125">
<pin_list>
<pin id="126" dir="0" index="0" bw="31" slack="2"/>
<pin id="127" dir="0" index="1" bw="0" slack="2147483647"/>
<pin id="128" dir="0" index="2" bw="32" slack="0"/>
<pin id="129" dir="0" index="3" bw="0" slack="2147483647"/>
<pin id="130" dir="1" index="4" bw="32" slack="0"/>
</pin_list>
<bind>
<opcode="phi(47) " fcode="phi"/>
<opset="j_0/5 "/>
</bind>
</comp>

<comp id="131" class="1004" name="tmp_fu_131">
<pin_list>
<pin id="132" dir="0" index="0" bw="11" slack="0"/>
<pin id="133" dir="0" index="1" bw="3" slack="0"/>
<pin id="134" dir="0" index="2" bw="1" slack="0"/>
<pin id="135" dir="1" index="3" bw="11" slack="0"/>
</pin_list>
<bind>
<opcode="bitconcatenate(1004) " fcode="bitconcatenate"/>
<opset="tmp/1 "/>
</bind>
</comp>

<comp id="139" class="1004" name="zext_ln49_fu_139">
<pin_list>
<pin id="140" dir="0" index="0" bw="11" slack="0"/>
<pin id="141" dir="1" index="1" bw="12" slack="4"/>
</pin_list>
<bind>
<opcode="zext(34) " fcode="zext"/>
<opset="zext_ln49/1 "/>
</bind>
</comp>

<comp id="143" class="1004" name="store_ln54_store_fu_143">
<pin_list>
<pin id="144" dir="0" index="0" bw="1" slack="0"/>
<pin id="145" dir="0" index="1" bw="32" slack="0"/>
<pin id="146" dir="1" index="2" bw="0" slack="2147483647"/>
</pin_list>
<bind>
<opcode="store(28) " fcode="store"/>
<opset="store_ln54/1 "/>
</bind>
</comp>

<comp id="148" class="1004" name="zext_ln54_fu_148">
<pin_list>
<pin id="149" dir="0" index="0" bw="29" slack="0"/>
<pin id="150" dir="1" index="1" bw="31" slack="2"/>
</pin_list>
<bind>
<opcode="zext(34) " fcode="zext"/>
<opset="zext_ln54/2 "/>
</bind>
</comp>

<comp id="152" class="1004" name="icmp_ln54_fu_152">
<pin_list>
<pin id="153" dir="0" index="0" bw="29" slack="0"/>
<pin id="154" dir="0" index="1" bw="1" slack="0"/>
<pin id="155" dir="1" index="2" bw="1" slack="2147483647"/>
</pin_list>
<bind>
<opcode="icmp(45) " fcode="icmp"/>
<opset="icmp_ln54/2 "/>
</bind>
</comp>

<comp id="158" class="1004" name="zext_ln55_fu_158">
<pin_list>
<pin id="159" dir="0" index="0" bw="31" slack="0"/>
<pin id="160" dir="1" index="1" bw="32" slack="2"/>
</pin_list>
<bind>
<opcode="zext(34) " fcode="zext"/>
<opset="zext_ln55/3 "/>
</bind>
</comp>

<comp id="162" class="1004" name="tmp_28_fu_162">
<pin_list>
<pin id="163" dir="0" index="0" bw="23" slack="0"/>
<pin id="164" dir="0" index="1" bw="31" slack="0"/>
<pin id="165" dir="0" index="2" bw="5" slack="0"/>
<pin id="166" dir="0" index="3" bw="6" slack="0"/>
<pin id="167" dir="1" index="4" bw="23" slack="0"/>
</pin_list>
<bind>
<opcode="partselect(1002) " fcode="partselect"/>
<opset="tmp_28/3 "/>
</bind>
</comp>

<comp id="172" class="1004" name="icmp_ln55_fu_172">
<pin_list>
<pin id="173" dir="0" index="0" bw="23" slack="0"/>
<pin id="174" dir="0" index="1" bw="1" slack="0"/>
<pin id="175" dir="1" index="2" bw="1" slack="2147483647"/>
</pin_list>
<bind>
<opcode="icmp(45) " fcode="icmp"/>
<opset="icmp_ln55/3 "/>
</bind>
</comp>

<comp id="178" class="1004" name="k_3_load_load_fu_178">
<pin_list>
<pin id="179" dir="0" index="0" bw="32" slack="2"/>
<pin id="180" dir="1" index="1" bw="32" slack="0"/>
</pin_list>
<bind>
<opcode="load(27) " fcode="load"/>
<opset="k_3_load/3 "/>
</bind>
</comp>

<comp id="181" class="1004" name="k_fu_181">
<pin_list>
<pin id="182" dir="0" index="0" bw="1" slack="0"/>
<pin id="183" dir="0" index="1" bw="32" slack="0"/>
<pin id="184" dir="1" index="2" bw="32" slack="0"/>
</pin_list>
<bind>
<opcode="add(8) " fcode="add"/>
<opset="k/3 "/>
</bind>
</comp>

<comp id="187" class="1004" name="zext_ln56_fu_187">
<pin_list>
<pin id="188" dir="0" index="0" bw="32" slack="0"/>
<pin id="189" dir="1" index="1" bw="64" slack="0"/>
</pin_list>
<bind>
<opcode="zext(34) " fcode="zext"/>
<opset="zext_ln56/3 "/>
</bind>
</comp>

<comp id="192" class="1004" name="tmp_29_fu_192">
<pin_list>
<pin id="193" dir="0" index="0" bw="28" slack="0"/>
<pin id="194" dir="0" index="1" bw="29" slack="1"/>
<pin id="195" dir="0" index="2" bw="1" slack="0"/>
<pin id="196" dir="0" index="3" bw="6" slack="0"/>
<pin id="197" dir="1" index="4" bw="28" slack="0"/>
</pin_list>
<bind>
<opcode="partselect(1002) " fcode="partselect"/>
<opset="tmp_29/3 "/>
</bind>
</comp>

<comp id="202" class="1004" name="zext_ln54_3_fu_202">
<pin_list>
<pin id="203" dir="0" index="0" bw="28" slack="0"/>
<pin id="204" dir="1" index="1" bw="29" slack="1"/>
</pin_list>
<bind>
<opcode="zext(34) " fcode="zext"/>
<opset="zext_ln54_3/3 "/>
</bind>
</comp>

<comp id="206" class="1004" name="add_ln57_fu_206">
<pin_list>
<pin id="207" dir="0" index="0" bw="29" slack="2"/>
<pin id="208" dir="0" index="1" bw="31" slack="1"/>
<pin id="209" dir="1" index="2" bw="31" slack="0"/>
</pin_list>
<bind>
<opcode="add(8) " fcode="add"/>
<opset="add_ln57/4 "/>
</bind>
</comp>

<comp id="211" class="1004" name="zext_ln57_fu_211">
<pin_list>
<pin id="212" dir="0" index="0" bw="31" slack="0"/>
<pin id="213" dir="1" index="1" bw="32" slack="1"/>
</pin_list>
<bind>
<opcode="zext(34) " fcode="zext"/>
<opset="zext_ln57/4 "/>
</bind>
</comp>

<comp id="215" class="1004" name="empty_56_fu_215">
<pin_list>
<pin id="216" dir="0" index="0" bw="31" slack="1"/>
<pin id="217" dir="0" index="1" bw="31" slack="0"/>
<pin id="218" dir="1" index="2" bw="1" slack="0"/>
</pin_list>
<bind>
<opcode="icmp(45) " fcode="icmp"/>
<opset="empty_56/4 "/>
</bind>
</comp>

<comp id="221" class="1004" name="trunc_ln55_fu_221">
<pin_list>
<pin id="222" dir="0" index="0" bw="31" slack="1"/>
<pin id="223" dir="1" index="1" bw="30" slack="0"/>
</pin_list>
<bind>
<opcode="trunc(33) " fcode="trunc"/>
<opset="trunc_ln55/4 "/>
</bind>
</comp>

<comp id="225" class="1004" name="trunc_ln55_2_fu_225">
<pin_list>
<pin id="226" dir="0" index="0" bw="31" slack="0"/>
<pin id="227" dir="1" index="1" bw="30" slack="0"/>
</pin_list>
<bind>
<opcode="trunc(33) " fcode="trunc"/>
<opset="trunc_ln55_2/4 "/>
</bind>
</comp>

<comp id="229" class="1004" name="start_fu_229">
<pin_list>
<pin id="230" dir="0" index="0" bw="1" slack="0"/>
<pin id="231" dir="0" index="1" bw="30" slack="0"/>
<pin id="232" dir="0" index="2" bw="30" slack="0"/>
<pin id="233" dir="1" index="3" bw="30" slack="0"/>
</pin_list>
<bind>
<opcode="select(49) " fcode="select"/>
<opset="start/4 "/>
</bind>
</comp>

<comp id="237" class="1004" name="zext_ln55_2_fu_237">
<pin_list>
<pin id="238" dir="0" index="0" bw="30" slack="0"/>
<pin id="239" dir="1" index="1" bw="31" slack="1"/>
</pin_list>
<bind>
<opcode="zext(34) " fcode="zext"/>
<opset="zext_ln55_2/4 "/>
</bind>
</comp>

<comp id="241" class="1004" name="sext_ln57_fu_241">
<pin_list>
<pin id="242" dir="0" index="0" bw="23" slack="0"/>
<pin id="243" dir="1" index="1" bw="54" slack="2"/>
</pin_list>
<bind>
<opcode="sext(35) " fcode="sext"/>
<opset="sext_ln57/4 "/>
</bind>
</comp>

<comp id="245" class="1004" name="icmp_ln57_fu_245">
<pin_list>
<pin id="246" dir="0" index="0" bw="32" slack="0"/>
<pin id="247" dir="0" index="1" bw="31" slack="1"/>
<pin id="248" dir="1" index="2" bw="1" slack="2147483647"/>
</pin_list>
<bind>
<opcode="icmp(45) " fcode="icmp"/>
<opset="icmp_ln57/5 "/>
</bind>
</comp>

<comp id="250" class="1004" name="trunc_ln58_fu_250">
<pin_list>
<pin id="251" dir="0" index="0" bw="32" slack="0"/>
<pin id="252" dir="1" index="1" bw="12" slack="0"/>
</pin_list>
<bind>
<opcode="trunc(33) " fcode="trunc"/>
<opset="trunc_ln58/5 "/>
</bind>
</comp>

<comp id="254" class="1004" name="trunc_ln58_1_fu_254">
<pin_list>
<pin id="255" dir="0" index="0" bw="29" slack="3"/>
<pin id="256" dir="1" index="1" bw="12" slack="0"/>
</pin_list>
<bind>
<opcode="trunc(33) " fcode="trunc"/>
<opset="trunc_ln58_1/5 "/>
</bind>
</comp>

<comp id="258" class="1004" name="add_ln58_fu_258">
<pin_list>
<pin id="259" dir="0" index="0" bw="12" slack="0"/>
<pin id="260" dir="0" index="1" bw="12" slack="0"/>
<pin id="261" dir="1" index="2" bw="12" slack="0"/>
</pin_list>
<bind>
<opcode="add(8) " fcode="add"/>
<opset="add_ln58/5 "/>
</bind>
</comp>

<comp id="264" class="1004" name="add_ln58_1_fu_264">
<pin_list>
<pin id="265" dir="0" index="0" bw="11" slack="4"/>
<pin id="266" dir="0" index="1" bw="12" slack="0"/>
<pin id="267" dir="1" index="2" bw="12" slack="0"/>
</pin_list>
<bind>
<opcode="add(8) " fcode="add"/>
<opset="add_ln58_1/5 "/>
</bind>
</comp>

<comp id="269" class="1004" name="zext_ln58_fu_269">
<pin_list>
<pin id="270" dir="0" index="0" bw="12" slack="0"/>
<pin id="271" dir="1" index="1" bw="64" slack="0"/>
</pin_list>
<bind>
<opcode="zext(34) " fcode="zext"/>
<opset="zext_ln58/5 "/>
</bind>
</comp>

<comp id="274" class="1004" name="trunc_ln59_fu_274">
<pin_list>
<pin id="275" dir="0" index="0" bw="32" slack="0"/>
<pin id="276" dir="1" index="1" bw="12" slack="0"/>
</pin_list>
<bind>
<opcode="trunc(33) " fcode="trunc"/>
<opset="trunc_ln59/5 "/>
</bind>
</comp>

<comp id="278" class="1004" name="add_ln59_fu_278">
<pin_list>
<pin id="279" dir="0" index="0" bw="11" slack="4"/>
<pin id="280" dir="0" index="1" bw="12" slack="0"/>
<pin id="281" dir="1" index="2" bw="12" slack="0"/>
</pin_list>
<bind>
<opcode="add(8) " fcode="add"/>
<opset="add_ln59/5 "/>
</bind>
</comp>

<comp id="283" class="1004" name="zext_ln59_fu_283">
<pin_list>
<pin id="284" dir="0" index="0" bw="12" slack="0"/>
<pin id="285" dir="1" index="1" bw="64" slack="0"/>
</pin_list>
<bind>
<opcode="zext(34) " fcode="zext"/>
<opset="zext_ln59/5 "/>
</bind>
</comp>

<comp id="288" class="1004" name="j_2_fu_288">
<pin_list>
<pin id="289" dir="0" index="0" bw="1" slack="0"/>
<pin id="290" dir="0" index="1" bw="32" slack="0"/>
<pin id="291" dir="1" index="2" bw="32" slack="0"/>
</pin_list>
<bind>
<opcode="add(8) " fcode="add"/>
<opset="j_2/5 "/>
</bind>
</comp>

<comp id="294" class="1004" name="add_ln55_fu_294">
<pin_list>
<pin id="295" dir="0" index="0" bw="29" slack="3"/>
<pin id="296" dir="0" index="1" bw="30" slack="1"/>
<pin id="297" dir="1" index="2" bw="31" slack="1"/>
</pin_list>
<bind>
<opcode="add(8) " fcode="add"/>
<opset="add_ln55/5 "/>
</bind>
</comp>

<comp id="298" class="1004" name="store_ln55_store_fu_298">
<pin_list>
<pin id="299" dir="0" index="0" bw="32" slack="2"/>
<pin id="300" dir="0" index="1" bw="32" slack="4"/>
<pin id="301" dir="1" index="2" bw="0" slack="2147483647"/>
</pin_list>
<bind>
<opcode="store(28) " fcode="store"/>
<opset="store_ln55/5 "/>
</bind>
</comp>

<comp id="302" class="1004" name="sext_ln58_fu_302">
<pin_list>
<pin id="303" dir="0" index="0" bw="32" slack="0"/>
<pin id="304" dir="1" index="1" bw="54" slack="0"/>
</pin_list>
<bind>
<opcode="sext(35) " fcode="sext"/>
<opset="sext_ln58/6 "/>
</bind>
</comp>

<comp id="306" class="1004" name="mul_ln58_fu_306">
<pin_list>
<pin id="307" dir="0" index="0" bw="23" slack="2"/>
<pin id="308" dir="0" index="1" bw="32" slack="0"/>
<pin id="309" dir="1" index="2" bw="54" slack="0"/>
</pin_list>
<bind>
<opcode="mul(12) " fcode="mul"/>
<opset="mul_ln58/6 "/>
</bind>
</comp>

<comp id="311" class="1004" name="sext_ln58_2_fu_311">
<pin_list>
<pin id="312" dir="0" index="0" bw="54" slack="0"/>
<pin id="313" dir="1" index="1" bw="56" slack="0"/>
</pin_list>
<bind>
<opcode="sext(35) " fcode="sext"/>
<opset="sext_ln58_2/6 "/>
</bind>
</comp>

<comp id="315" class="1004" name="trunc_ln18_fu_315">
<pin_list>
<pin id="316" dir="0" index="0" bw="54" slack="0"/>
<pin id="317" dir="1" index="1" bw="32" slack="0"/>
</pin_list>
<bind>
<opcode="trunc(33) " fcode="trunc"/>
<opset="trunc_ln18/6 "/>
</bind>
</comp>

<comp id="319" class="1004" name="t_fu_319">
<pin_list>
<pin id="320" dir="0" index="0" bw="27" slack="0"/>
<pin id="321" dir="0" index="1" bw="32" slack="0"/>
<pin id="322" dir="1" index="2" bw="32" slack="0"/>
</pin_list>
<bind>
<opcode="mul(12) " fcode="mul"/>
<opset="t/6 "/>
</bind>
</comp>

<comp id="325" class="1004" name="sext_ln19_fu_325">
<pin_list>
<pin id="326" dir="0" index="0" bw="32" slack="0"/>
<pin id="327" dir="1" index="1" bw="55" slack="0"/>
</pin_list>
<bind>
<opcode="sext(35) " fcode="sext"/>
<opset="sext_ln19/6 "/>
</bind>
</comp>

<comp id="329" class="1004" name="mul_ln19_fu_329">
<pin_list>
<pin id="330" dir="0" index="0" bw="24" slack="0"/>
<pin id="331" dir="0" index="1" bw="32" slack="0"/>
<pin id="332" dir="1" index="2" bw="55" slack="0"/>
</pin_list>
<bind>
<opcode="mul(12) " fcode="mul"/>
<opset="mul_ln19/6 "/>
</bind>
</comp>

<comp id="335" class="1004" name="sext_ln19_7_fu_335">
<pin_list>
<pin id="336" dir="0" index="0" bw="55" slack="0"/>
<pin id="337" dir="1" index="1" bw="56" slack="0"/>
</pin_list>
<bind>
<opcode="sext(35) " fcode="sext"/>
<opset="sext_ln19_7/6 "/>
</bind>
</comp>

<comp id="339" class="1004" name="add_ln19_fu_339">
<pin_list>
<pin id="340" dir="0" index="0" bw="54" slack="0"/>
<pin id="341" dir="0" index="1" bw="55" slack="0"/>
<pin id="342" dir="1" index="2" bw="56" slack="0"/>
</pin_list>
<bind>
<opcode="add(8) " fcode="add"/>
<opset="add_ln19/6 "/>
</bind>
</comp>

<comp id="345" class="1004" name="trunc_ln_fu_345">
<pin_list>
<pin id="346" dir="0" index="0" bw="24" slack="0"/>
<pin id="347" dir="0" index="1" bw="56" slack="0"/>
<pin id="348" dir="0" index="2" bw="7" slack="0"/>
<pin id="349" dir="0" index="3" bw="7" slack="0"/>
<pin id="350" dir="1" index="4" bw="24" slack="0"/>
</pin_list>
<bind>
<opcode="partselect(1002) " fcode="partselect"/>
<opset="trunc_ln/6 "/>
</bind>
</comp>

<comp id="355" class="1004" name="t_8_fu_355">
<pin_list>
<pin id="356" dir="0" index="0" bw="24" slack="0"/>
<pin id="357" dir="1" index="1" bw="32" slack="0"/>
</pin_list>
<bind>
<opcode="sext(35) " fcode="sext"/>
<opset="t_8/6 "/>
</bind>
</comp>

<comp id="359" class="1004" name="sub_ln59_fu_359">
<pin_list>
<pin id="360" dir="0" index="0" bw="32" slack="0"/>
<pin id="361" dir="0" index="1" bw="24" slack="0"/>
<pin id="362" dir="1" index="2" bw="32" slack="0"/>
</pin_list>
<bind>
<opcode="sub(10) " fcode="sub"/>
<opset="sub_ln59/6 "/>
</bind>
</comp>

<comp id="366" class="1004" name="add_ln60_fu_366">
<pin_list>
<pin id="367" dir="0" index="0" bw="24" slack="2"/>
<pin id="368" dir="0" index="1" bw="32" slack="0"/>
<pin id="369" dir="1" index="2" bw="32" slack="0"/>
</pin_list>
<bind>
<opcode="add(8) " fcode="add"/>
<opset="add_ln60/8 "/>
</bind>
</comp>

<comp id="372" class="1005" name="k_3_reg_372">
<pin_list>
<pin id="373" dir="0" index="0" bw="32" slack="0"/>
<pin id="374" dir="1" index="1" bw="32" slack="0"/>
</pin_list>
<bind>
<opset="k_3 "/>
</bind>
</comp>

<comp id="379" class="1005" name="zext_ln49_reg_379">
<pin_list>
<pin id="380" dir="0" index="0" bw="12" slack="4"/>
<pin id="381" dir="1" index="1" bw="12" slack="4"/>
</pin_list>
<bind>
<opset="zext_ln49 "/>
</bind>
</comp>

<comp id="385" class="1005" name="zext_ln54_reg_385">
<pin_list>
<pin id="386" dir="0" index="0" bw="31" slack="2"/>
<pin id="387" dir="1" index="1" bw="31" slack="2"/>
</pin_list>
<bind>
<opset="zext_ln54 "/>
</bind>
</comp>

<comp id="394" class="1005" name="zext_ln55_reg_394">
<pin_list>
<pin id="395" dir="0" index="0" bw="32" slack="2"/>
<pin id="396" dir="1" index="1" bw="32" slack="2"/>
</pin_list>
<bind>
<opset="zext_ln55 "/>
</bind>
</comp>

<comp id="402" class="1005" name="k_reg_402">
<pin_list>
<pin id="403" dir="0" index="0" bw="32" slack="2"/>
<pin id="404" dir="1" index="1" bw="32" slack="2"/>
</pin_list>
<bind>
<opset="k "/>
</bind>
</comp>

<comp id="407" class="1005" name="zetas_addr_reg_407">
<pin_list>
<pin id="408" dir="0" index="0" bw="8" slack="1"/>
<pin id="409" dir="1" index="1" bw="8" slack="1"/>
</pin_list>
<bind>
<opset="zetas_addr "/>
</bind>
</comp>

<comp id="412" class="1005" name="zext_ln54_3_reg_412">
<pin_list>
<pin id="413" dir="0" index="0" bw="29" slack="1"/>
<pin id="414" dir="1" index="1" bw="29" slack="1"/>
</pin_list>
<bind>
<opset="zext_ln54_3 "/>
</bind>
</comp>

<comp id="417" class="1005" name="zext_ln57_reg_417">
<pin_list>
<pin id="418" dir="0" index="0" bw="32" slack="1"/>
<pin id="419" dir="1" index="1" bw="32" slack="1"/>
</pin_list>
<bind>
<opset="zext_ln57 "/>
</bind>
</comp>

<comp id="422" class="1005" name="zext_ln55_2_reg_422">
<pin_list>
<pin id="423" dir="0" index="0" bw="31" slack="1"/>
<pin id="424" dir="1" index="1" bw="31" slack="1"/>
</pin_list>
<bind>
<opset="zext_ln55_2 "/>
</bind>
</comp>

<comp id="427" class="1005" name="sext_ln57_reg_427">
<pin_list>
<pin id="428" dir="0" index="0" bw="54" slack="2"/>
<pin id="429" dir="1" index="1" bw="54" slack="2"/>
</pin_list>
<bind>
<opset="sext_ln57 "/>
</bind>
</comp>

<comp id="435" class="1005" name="a_addr11_reg_435">
<pin_list>
<pin id="436" dir="0" index="0" bw="10" slack="1"/>
<pin id="437" dir="1" index="1" bw="10" slack="1"/>
</pin_list>
<bind>
<opset="a_addr11 "/>
</bind>
</comp>

<comp id="440" class="1005" name="a_addr_reg_440">
<pin_list>
<pin id="441" dir="0" index="0" bw="10" slack="1"/>
<pin id="442" dir="1" index="1" bw="10" slack="1"/>
</pin_list>
<bind>
<opset="a_addr "/>
</bind>
</comp>

<comp id="446" class="1005" name="j_2_reg_446">
<pin_list>
<pin id="447" dir="0" index="0" bw="32" slack="0"/>
<pin id="448" dir="1" index="1" bw="32" slack="0"/>
</pin_list>
<bind>
<opset="j_2 "/>
</bind>
</comp>

<comp id="451" class="1005" name="add_ln55_reg_451">
<pin_list>
<pin id="452" dir="0" index="0" bw="31" slack="1"/>
<pin id="453" dir="1" index="1" bw="31" slack="1"/>
</pin_list>
<bind>
<opset="add_ln55 "/>
</bind>
</comp>

<comp id="456" class="1005" name="t_8_reg_456">
<pin_list>
<pin id="457" dir="0" index="0" bw="32" slack="2"/>
<pin id="458" dir="1" index="1" bw="32" slack="2"/>
</pin_list>
<bind>
<opset="t_8 "/>
</bind>
</comp>

</comp_list>

<net_list>
<net id="53"><net_src comp="6" pin="0"/><net_sink comp="50" pin=0"/></net>

<net id="58"><net_src comp="8" pin="0"/><net_sink comp="54" pin=0"/></net>

<net id="59"><net_src comp="2" pin="0"/><net_sink comp="54" pin=1"/></net>

<net id="65"><net_src comp="4" pin="0"/><net_sink comp="60" pin=0"/></net>

<net id="66"><net_src comp="34" pin="0"/><net_sink comp="60" pin=1"/></net>

<net id="72"><net_src comp="60" pin="3"/><net_sink comp="67" pin=0"/></net>

<net id="78"><net_src comp="0" pin="0"/><net_sink comp="73" pin=0"/></net>

<net id="79"><net_src comp="34" pin="0"/><net_sink comp="73" pin=1"/></net>

<net id="85"><net_src comp="73" pin="3"/><net_sink comp="80" pin=0"/></net>

<net id="91"><net_src comp="0" pin="0"/><net_sink comp="86" pin=0"/></net>

<net id="92"><net_src comp="34" pin="0"/><net_sink comp="86" pin=1"/></net>

<net id="97"><net_src comp="86" pin="3"/><net_sink comp="80" pin=2"/></net>

<net id="101"><net_src comp="16" pin="0"/><net_sink comp="98" pin=0"/></net>

<net id="108"><net_src comp="98" pin="1"/><net_sink comp="102" pin=0"/></net>

<net id="109"><net_src comp="102" pin="4"/><net_sink comp="98" pin=0"/></net>

<net id="113"><net_src comp="24" pin="0"/><net_sink comp="110" pin=0"/></net>

<net id="120"><net_src comp="110" pin="1"/><net_sink comp="114" pin=2"/></net>

<net id="121"><net_src comp="114" pin="4"/><net_sink comp="110" pin=0"/></net>

<net id="136"><net_src comp="10" pin="0"/><net_sink comp="131" pin=0"/></net>

<net id="137"><net_src comp="54" pin="2"/><net_sink comp="131" pin=1"/></net>

<net id="138"><net_src comp="12" pin="0"/><net_sink comp="131" pin=2"/></net>

<net id="142"><net_src comp="131" pin="3"/><net_sink comp="139" pin=0"/></net>

<net id="147"><net_src comp="14" pin="0"/><net_sink comp="143" pin=0"/></net>

<net id="151"><net_src comp="102" pin="4"/><net_sink comp="148" pin=0"/></net>

<net id="156"><net_src comp="102" pin="4"/><net_sink comp="152" pin=0"/></net>

<net id="157"><net_src comp="18" pin="0"/><net_sink comp="152" pin=1"/></net>

<net id="161"><net_src comp="114" pin="4"/><net_sink comp="158" pin=0"/></net>

<net id="168"><net_src comp="26" pin="0"/><net_sink comp="162" pin=0"/></net>

<net id="169"><net_src comp="114" pin="4"/><net_sink comp="162" pin=1"/></net>

<net id="170"><net_src comp="28" pin="0"/><net_sink comp="162" pin=2"/></net>

<net id="171"><net_src comp="30" pin="0"/><net_sink comp="162" pin=3"/></net>

<net id="176"><net_src comp="162" pin="4"/><net_sink comp="172" pin=0"/></net>

<net id="177"><net_src comp="32" pin="0"/><net_sink comp="172" pin=1"/></net>

<net id="185"><net_src comp="6" pin="0"/><net_sink comp="181" pin=0"/></net>

<net id="186"><net_src comp="178" pin="1"/><net_sink comp="181" pin=1"/></net>

<net id="190"><net_src comp="181" pin="2"/><net_sink comp="187" pin=0"/></net>

<net id="191"><net_src comp="187" pin="1"/><net_sink comp="60" pin=2"/></net>

<net id="198"><net_src comp="36" pin="0"/><net_sink comp="192" pin=0"/></net>

<net id="199"><net_src comp="98" pin="1"/><net_sink comp="192" pin=1"/></net>

<net id="200"><net_src comp="6" pin="0"/><net_sink comp="192" pin=2"/></net>

<net id="201"><net_src comp="38" pin="0"/><net_sink comp="192" pin=3"/></net>

<net id="205"><net_src comp="192" pin="4"/><net_sink comp="202" pin=0"/></net>

<net id="210"><net_src comp="110" pin="1"/><net_sink comp="206" pin=1"/></net>

<net id="214"><net_src comp="206" pin="2"/><net_sink comp="211" pin=0"/></net>

<net id="219"><net_src comp="110" pin="1"/><net_sink comp="215" pin=0"/></net>

<net id="220"><net_src comp="206" pin="2"/><net_sink comp="215" pin=1"/></net>

<net id="224"><net_src comp="110" pin="1"/><net_sink comp="221" pin=0"/></net>

<net id="228"><net_src comp="206" pin="2"/><net_sink comp="225" pin=0"/></net>

<net id="234"><net_src comp="215" pin="2"/><net_sink comp="229" pin=0"/></net>

<net id="235"><net_src comp="221" pin="1"/><net_sink comp="229" pin=1"/></net>

<net id="236"><net_src comp="225" pin="1"/><net_sink comp="229" pin=2"/></net>

<net id="240"><net_src comp="229" pin="3"/><net_sink comp="237" pin=0"/></net>

<net id="244"><net_src comp="67" pin="3"/><net_sink comp="241" pin=0"/></net>

<net id="249"><net_src comp="125" pin="4"/><net_sink comp="245" pin=0"/></net>

<net id="253"><net_src comp="125" pin="4"/><net_sink comp="250" pin=0"/></net>

<net id="257"><net_src comp="98" pin="1"/><net_sink comp="254" pin=0"/></net>

<net id="262"><net_src comp="254" pin="1"/><net_sink comp="258" pin=0"/></net>

<net id="263"><net_src comp="250" pin="1"/><net_sink comp="258" pin=1"/></net>

<net id="268"><net_src comp="258" pin="2"/><net_sink comp="264" pin=1"/></net>

<net id="272"><net_src comp="264" pin="2"/><net_sink comp="269" pin=0"/></net>

<net id="273"><net_src comp="269" pin="1"/><net_sink comp="73" pin=2"/></net>

<net id="277"><net_src comp="125" pin="4"/><net_sink comp="274" pin=0"/></net>

<net id="282"><net_src comp="274" pin="1"/><net_sink comp="278" pin=1"/></net>

<net id="286"><net_src comp="278" pin="2"/><net_sink comp="283" pin=0"/></net>

<net id="287"><net_src comp="283" pin="1"/><net_sink comp="86" pin=2"/></net>

<net id="292"><net_src comp="6" pin="0"/><net_sink comp="288" pin=0"/></net>

<net id="293"><net_src comp="125" pin="4"/><net_sink comp="288" pin=1"/></net>

<net id="305"><net_src comp="80" pin="3"/><net_sink comp="302" pin=0"/></net>

<net id="310"><net_src comp="302" pin="1"/><net_sink comp="306" pin=1"/></net>

<net id="314"><net_src comp="306" pin="2"/><net_sink comp="311" pin=0"/></net>

<net id="318"><net_src comp="306" pin="2"/><net_sink comp="315" pin=0"/></net>

<net id="323"><net_src comp="40" pin="0"/><net_sink comp="319" pin=0"/></net>

<net id="324"><net_src comp="315" pin="1"/><net_sink comp="319" pin=1"/></net>

<net id="328"><net_src comp="319" pin="2"/><net_sink comp="325" pin=0"/></net>

<net id="333"><net_src comp="42" pin="0"/><net_sink comp="329" pin=0"/></net>

<net id="334"><net_src comp="325" pin="1"/><net_sink comp="329" pin=1"/></net>

<net id="338"><net_src comp="329" pin="2"/><net_sink comp="335" pin=0"/></net>

<net id="343"><net_src comp="311" pin="1"/><net_sink comp="339" pin=0"/></net>

<net id="344"><net_src comp="335" pin="1"/><net_sink comp="339" pin=1"/></net>

<net id="351"><net_src comp="44" pin="0"/><net_sink comp="345" pin=0"/></net>

<net id="352"><net_src comp="339" pin="2"/><net_sink comp="345" pin=1"/></net>

<net id="353"><net_src comp="46" pin="0"/><net_sink comp="345" pin=2"/></net>

<net id="354"><net_src comp="48" pin="0"/><net_sink comp="345" pin=3"/></net>

<net id="358"><net_src comp="345" pin="4"/><net_sink comp="355" pin=0"/></net>

<net id="363"><net_src comp="80" pin="7"/><net_sink comp="359" pin=0"/></net>

<net id="364"><net_src comp="355" pin="1"/><net_sink comp="359" pin=1"/></net>

<net id="365"><net_src comp="359" pin="2"/><net_sink comp="80" pin=1"/></net>

<net id="370"><net_src comp="80" pin="7"/><net_sink comp="366" pin=1"/></net>

<net id="371"><net_src comp="366" pin="2"/><net_sink comp="80" pin=1"/></net>

<net id="375"><net_src comp="50" pin="1"/><net_sink comp="372" pin=0"/></net>

<net id="376"><net_src comp="372" pin="1"/><net_sink comp="143" pin=1"/></net>

<net id="377"><net_src comp="372" pin="1"/><net_sink comp="178" pin=0"/></net>

<net id="378"><net_src comp="372" pin="1"/><net_sink comp="298" pin=1"/></net>

<net id="382"><net_src comp="139" pin="1"/><net_sink comp="379" pin=0"/></net>

<net id="383"><net_src comp="379" pin="1"/><net_sink comp="264" pin=0"/></net>

<net id="384"><net_src comp="379" pin="1"/><net_sink comp="278" pin=0"/></net>

<net id="388"><net_src comp="148" pin="1"/><net_sink comp="385" pin=0"/></net>

<net id="389"><net_src comp="385" pin="1"/><net_sink comp="206" pin=0"/></net>

<net id="390"><net_src comp="385" pin="1"/><net_sink comp="294" pin=0"/></net>

<net id="397"><net_src comp="158" pin="1"/><net_sink comp="394" pin=0"/></net>

<net id="398"><net_src comp="394" pin="1"/><net_sink comp="125" pin=0"/></net>

<net id="405"><net_src comp="181" pin="2"/><net_sink comp="402" pin=0"/></net>

<net id="406"><net_src comp="402" pin="1"/><net_sink comp="298" pin=0"/></net>

<net id="410"><net_src comp="60" pin="3"/><net_sink comp="407" pin=0"/></net>

<net id="411"><net_src comp="407" pin="1"/><net_sink comp="67" pin=0"/></net>

<net id="415"><net_src comp="202" pin="1"/><net_sink comp="412" pin=0"/></net>

<net id="416"><net_src comp="412" pin="1"/><net_sink comp="102" pin=2"/></net>

<net id="420"><net_src comp="211" pin="1"/><net_sink comp="417" pin=0"/></net>

<net id="421"><net_src comp="417" pin="1"/><net_sink comp="245" pin=1"/></net>

<net id="425"><net_src comp="237" pin="1"/><net_sink comp="422" pin=0"/></net>

<net id="426"><net_src comp="422" pin="1"/><net_sink comp="294" pin=1"/></net>

<net id="430"><net_src comp="241" pin="1"/><net_sink comp="427" pin=0"/></net>

<net id="431"><net_src comp="427" pin="1"/><net_sink comp="306" pin=0"/></net>

<net id="438"><net_src comp="73" pin="3"/><net_sink comp="435" pin=0"/></net>

<net id="439"><net_src comp="435" pin="1"/><net_sink comp="80" pin=0"/></net>

<net id="443"><net_src comp="86" pin="3"/><net_sink comp="440" pin=0"/></net>

<net id="444"><net_src comp="440" pin="1"/><net_sink comp="80" pin=2"/></net>

<net id="445"><net_src comp="440" pin="1"/><net_sink comp="80" pin=0"/></net>

<net id="449"><net_src comp="288" pin="2"/><net_sink comp="446" pin=0"/></net>

<net id="450"><net_src comp="446" pin="1"/><net_sink comp="125" pin=2"/></net>

<net id="454"><net_src comp="294" pin="2"/><net_sink comp="451" pin=0"/></net>

<net id="455"><net_src comp="451" pin="1"/><net_sink comp="114" pin=0"/></net>

<net id="459"><net_src comp="355" pin="1"/><net_sink comp="456" pin=0"/></net>

<net id="460"><net_src comp="456" pin="1"/><net_sink comp="366" pin=0"/></net>

</net_list>

</model> 
---------------- Datapath Model END ------------------

* FSMD analyzer results:
  - Output states:
	Port: a | {6 8 }
 - Input state : 
	Port: ntt : a | {5 6 7 8 }
	Port: ntt : a_offset | {1 }
	Port: ntt : zetas | {3 4 }
  - Chain level:
	State 1
		zext_ln49 : 1
		store_ln54 : 1
	State 2
		zext_ln54 : 1
		icmp_ln54 : 1
		br_ln54 : 2
	State 3
		zext_ln55 : 1
		tmp_28 : 1
		icmp_ln55 : 2
		br_ln55 : 3
		k : 1
		zext_ln56 : 2
		zetas_addr : 3
		zeta : 4
		zext_ln54_3 : 1
	State 4
		zext_ln57 : 1
		empty_56 : 1
		trunc_ln55_2 : 1
		start : 2
		zext_ln55_2 : 3
		sext_ln57 : 1
	State 5
		icmp_ln57 : 1
		br_ln57 : 2
		trunc_ln58 : 1
		add_ln58 : 2
		add_ln58_1 : 3
		zext_ln58 : 4
		a_addr11 : 5
		a_load : 6
		trunc_ln59 : 1
		add_ln59 : 2
		zext_ln59 : 3
		a_addr : 4
		a_load_17 : 5
		j_2 : 1
	State 6
		sext_ln58 : 1
		mul_ln58 : 2
		sext_ln58_2 : 3
		trunc_ln18 : 3
		t : 4
		sext_ln19 : 5
		mul_ln19 : 6
		sext_ln19_7 : 7
		add_ln19 : 8
		trunc_ln : 9
		t_8 : 10
		sub_ln59 : 11
		store_ln59 : 12
	State 7
	State 8
		add_ln60 : 1
		store_ln60 : 2


============================================================
+ Verbose Summary: Datapath Resource usage 
============================================================

* Functional unit list:
|----------|--------------------------|---------|---------|---------|
| Operation|      Functional Unit     |  DSP48E |    FF   |   LUT   |
|----------|--------------------------|---------|---------|---------|
|          |         k_fu_181         |    0    |    0    |    39   |
|          |      add_ln57_fu_206     |    0    |    0    |    38   |
|          |      add_ln58_fu_258     |    0    |    0    |    12   |
|          |     add_ln58_1_fu_264    |    0    |    0    |    12   |
|    add   |      add_ln59_fu_278     |    0    |    0    |    19   |
|          |        j_2_fu_288        |    0    |    0    |    39   |
|          |      add_ln55_fu_294     |    0    |    0    |    37   |
|          |      add_ln19_fu_339     |    0    |    0    |    62   |
|          |      add_ln60_fu_366     |    0    |    0    |    39   |
|----------|--------------------------|---------|---------|---------|
|          |     icmp_ln54_fu_152     |    0    |    0    |    18   |
|   icmp   |     icmp_ln55_fu_172     |    0    |    0    |    18   |
|          |      empty_56_fu_215     |    0    |    0    |    18   |
|          |     icmp_ln57_fu_245     |    0    |    0    |    18   |
|----------|--------------------------|---------|---------|---------|
|          |      mul_ln58_fu_306     |    2    |    0    |    21   |
|    mul   |         t_fu_319         |    4    |    0    |    21   |
|          |      mul_ln19_fu_329     |    2    |    0    |    21   |
|----------|--------------------------|---------|---------|---------|
|    sub   |      sub_ln59_fu_359     |    0    |    0    |    39   |
|----------|--------------------------|---------|---------|---------|
|  select  |       start_fu_229       |    0    |    0    |    30   |
|----------|--------------------------|---------|---------|---------|
|   read   | a_offset_read_read_fu_54 |    0    |    0    |    0    |
|----------|--------------------------|---------|---------|---------|
|bitconcatenate|        tmp_fu_131        |    0    |    0    |    0    |
|----------|--------------------------|---------|---------|---------|
|          |     zext_ln49_fu_139     |    0    |    0    |    0    |
|          |     zext_ln54_fu_148     |    0    |    0    |    0    |
|          |     zext_ln55_fu_158     |    0    |    0    |    0    |
|          |     zext_ln56_fu_187     |    0    |    0    |    0    |
|   zext   |    zext_ln54_3_fu_202    |    0    |    0    |    0    |
|          |     zext_ln57_fu_211     |    0    |    0    |    0    |
|          |    zext_ln55_2_fu_237    |    0    |    0    |    0    |
|          |     zext_ln58_fu_269     |    0    |    0    |    0    |
|          |     zext_ln59_fu_283     |    0    |    0    |    0    |
|----------|--------------------------|---------|---------|---------|
|          |       tmp_28_fu_162      |    0    |    0    |    0    |
|partselect|       tmp_29_fu_192      |    0    |    0    |    0    |
|          |      trunc_ln_fu_345     |    0    |    0    |    0    |
|----------|--------------------------|---------|---------|---------|
|          |     trunc_ln55_fu_221    |    0    |    0    |    0    |
|          |    trunc_ln55_2_fu_225   |    0    |    0    |    0    |
|   trunc  |     trunc_ln58_fu_250    |    0    |    0    |    0    |
|          |    trunc_ln58_1_fu_254   |    0    |    0    |    0    |
|          |     trunc_ln59_fu_274    |    0    |    0    |    0    |
|          |     trunc_ln18_fu_315    |    0    |    0    |    0    |
|----------|--------------------------|---------|---------|---------|
|          |     sext_ln57_fu_241     |    0    |    0    |    0    |
|          |     sext_ln58_fu_302     |    0    |    0    |    0    |
|   sext   |    sext_ln58_2_fu_311    |    0    |    0    |    0    |
|          |     sext_ln19_fu_325     |    0    |    0    |    0    |
|          |    sext_ln19_7_fu_335    |    0    |    0    |    0    |
|          |        t_8_fu_355        |    0    |    0    |    0    |
|----------|--------------------------|---------|---------|---------|
|   Total  |                          |    8    |    0    |   501   |
|----------|--------------------------|---------|---------|---------|

Memories:
N/A

* Register list:
+-------------------+--------+
|                   |   FF   |
+-------------------+--------+
|  a_addr11_reg_435 |   10   |
|   a_addr_reg_440  |   10   |
|  add_ln55_reg_451 |   31   |
|    j_0_reg_122    |   32   |
|    j_2_reg_446    |   32   |
|     j_reg_110     |   31   |
|    k_3_reg_372    |   32   |
|     k_reg_402     |   32   |
|    len_0_reg_98   |   29   |
| sext_ln57_reg_427 |   54   |
|    t_8_reg_456    |   32   |
| zetas_addr_reg_407|    8   |
| zext_ln49_reg_379 |   12   |
|zext_ln54_3_reg_412|   29   |
| zext_ln54_reg_385 |   31   |
|zext_ln55_2_reg_422|   31   |
| zext_ln55_reg_394 |   32   |
| zext_ln57_reg_417 |   32   |
+-------------------+--------+
|       Total       |   500  |
+-------------------+--------+

* Multiplexer (MUX) list: 
|------------------|------|------|------|--------||---------||---------|
|       Comp       |  Pin | Size |  BW  | S x BW ||  Delay  ||   LUT   |
|------------------|------|------|------|--------||---------||---------|
| grp_access_fu_67 |  p0  |   2  |   8  |   16   ||    9    |
| grp_access_fu_80 |  p0  |   3  |  10  |   30   ||    15   |
| grp_access_fu_80 |  p1  |   2  |  32  |   64   ||    9    |
| grp_access_fu_80 |  p2  |   2  |   0  |    0   ||    9    |
|   len_0_reg_98   |  p0  |   2  |  29  |   58   ||    9    |
|     j_reg_110    |  p0  |   2  |  31  |   62   ||    9    |
|------------------|------|------|------|--------||---------||---------|
|       Total      |      |      |      |   230  || 8.20175 ||    60   |
|------------------|------|------|------|--------||---------||---------|



* Summary:
+-----------+--------+--------+--------+--------+
|           | DSP48E |  Delay |   FF   |   LUT  |
+-----------+--------+--------+--------+--------+
|  Function |    8   |    -   |    0   |   501  |
|   Memory  |    -   |    -   |    -   |    -   |
|Multiplexer|    -   |    8   |    -   |   60   |
|  Register |    -   |    -   |   500  |    -   |
+-----------+--------+--------+--------+--------+
|   Total   |    8   |    8   |   500  |   561  |
+-----------+--------+--------+--------+--------+
