INFO: [HLS 200-10] Running '/tools/Xilinx/Vivado/2019.2/bin/unwrapped/lnx64.o/vivado_hls'
INFO: [HLS 200-10] For user 'anirudh' on host 'anirudh-HP-ProDesk-600-G6-Microtower-PC' (Linux_x86_64 version 5.15.0-60-generic) on Tue Apr 04 23:55:12 IST 2023
INFO: [HLS 200-10] On os Ubuntu 20.04.5 LTS
INFO: [HLS 200-10] In directory '/home/anirudh/Desktop/Academics/vlsi_2/CS577_VLSI/area/cur/dilithium_2'
Sourcing Tcl script '/home/anirudh/Desktop/Academics/vlsi_2/CS577_VLSI/area/cur/dilithium_2/crypto_sign/solution1/csynth.tcl'
INFO: [HLS 200-10] Opening project '/home/anirudh/Desktop/Academics/vlsi_2/CS577_VLSI/area/cur/dilithium_2/crypto_sign'.
INFO: [HLS 200-10] Adding design file 'symmetric-shake.c' to the project
INFO: [HLS 200-10] Adding design file 'symmetric-aes.c' to the project
INFO: [HLS 200-10] Adding design file 'sign.c' to the project
INFO: [HLS 200-10] Adding design file 'rounding.c' to the project
INFO: [HLS 200-10] Adding design file 'rng.c' to the project
INFO: [HLS 200-10] Adding design file 'reduce.c' to the project
INFO: [HLS 200-10] Adding design file 'polyvec.c' to the project
INFO: [HLS 200-10] Adding design file 'poly.c' to the project
INFO: [HLS 200-10] Adding design file 'packing.c' to the project
INFO: [HLS 200-10] Adding design file 'ntt.c' to the project
INFO: [HLS 200-10] Adding design file 'fips202.c' to the project
INFO: [HLS 200-10] Adding design file 'aes256ctr.c' to the project
INFO: [HLS 200-10] Adding design file 'aes.c' to the project
INFO: [HLS 200-10] Adding test bench file 'PQCgenKAT_sign.c' to the project
INFO: [HLS 200-10] Opening solution '/home/anirudh/Desktop/Academics/vlsi_2/CS577_VLSI/area/cur/dilithium_2/crypto_sign/solution1'.
INFO: [SYN 201-201] Setting up clock 'default' with a period of 10000ns.
INFO: [HLS 200-10] Setting target device to 'xc7a200t-fbg676-2'
INFO: [SCHED 204-61] Option 'relax_ii_for_timing' is enabled, will increase II to preserve clock frequency constraints.
INFO: [HLS 200-10] Analyzing design file 'aes.c' ... 
INFO: [HLS 200-10] Analyzing design file 'aes256ctr.c' ... 
INFO: [HLS 200-10] Analyzing design file 'fips202.c' ... 
INFO: [HLS 200-10] Analyzing design file 'ntt.c' ... 
INFO: [HLS 200-10] Analyzing design file 'packing.c' ... 
INFO: [HLS 200-10] Analyzing design file 'poly.c' ... 
INFO: [HLS 200-10] Analyzing design file 'polyvec.c' ... 
INFO: [HLS 200-10] Analyzing design file 'reduce.c' ... 
INFO: [HLS 200-10] Analyzing design file 'rng.c' ... 
INFO: [HLS 200-10] Analyzing design file 'rounding.c' ... 
INFO: [HLS 200-10] Analyzing design file 'sign.c' ... 
INFO: [HLS 200-10] Analyzing design file 'symmetric-aes.c' ... 
INFO: [HLS 200-10] Analyzing design file 'symmetric-shake.c' ... 
INFO: [HLS 200-111] Finished Linking Time (s): cpu = 00:00:48 ; elapsed = 00:00:49 . Memory (MB): peak = 930.941 ; gain = 526.004 ; free physical = 670 ; free virtual = 8816
INFO: [HLS 200-111] Finished Checking Pragmas Time (s): cpu = 00:00:48 ; elapsed = 00:00:49 . Memory (MB): peak = 930.941 ; gain = 526.004 ; free physical = 670 ; free virtual = 8816
INFO: [HLS 200-10] Starting code transformations ...
INFO: [XFORM 203-603] Inlining function 'keccak_absorb' into 'shake256_absorb' (fips202.c:664).
INFO: [XFORM 203-603] Inlining function 'keccak_absorb' into 'shake128_absorb' (fips202.c:589).
INFO: [XFORM 203-603] Inlining function 'crypto_sign_signature' into 'crypto_sign' (sign.c:211).
INFO: [HLS 200-111] Finished Standard Transforms Time (s): cpu = 00:00:48 ; elapsed = 00:00:50 . Memory (MB): peak = 930.941 ; gain = 526.004 ; free physical = 665 ; free virtual = 8811
INFO: [HLS 200-10] Checking synthesizability ...
INFO: [XFORM 203-602] Inlining function 'keccak_init.1' into 'shake256_init.1' (fips202.c:649) automatically.
INFO: [XFORM 203-602] Inlining function 'load64' into 'shake256_absorb.3' (fips202.c:397->fips202.c:664) automatically.
INFO: [XFORM 203-602] Inlining function 'load64' into 'shake256_absorb.4' (fips202.c:397->fips202.c:664) automatically.
INFO: [XFORM 203-602] Inlining function 'keccak_finalize' into 'shake256_finalize.1' (fips202.c:676) automatically.
INFO: [XFORM 203-602] Inlining function 'store64' into 'keccak_squeeze.1' (fips202.c:509) automatically.
INFO: [XFORM 203-602] Inlining function 'store64.4' into 'keccak_squeeze.1' (fips202.c:520) automatically.
INFO: [XFORM 203-602] Inlining function 'keccak_init' into 'shake256_init' (fips202.c:649) automatically.
INFO: [XFORM 203-602] Inlining function 'load64' into 'shake256_absorb.1' (fips202.c:397->fips202.c:664) automatically.
INFO: [XFORM 203-602] Inlining function 'keccak_finalize.1' into 'shake256_finalize' (fips202.c:676) automatically.
INFO: [XFORM 203-602] Inlining function 'store64' into 'keccak_squeeze.2' (fips202.c:509) automatically.
INFO: [XFORM 203-602] Inlining function 'store64.4' into 'keccak_squeeze.2' (fips202.c:520) automatically.
INFO: [XFORM 203-602] Inlining function 'shake256_init' into 'shake256' (fips202.c:748) automatically.
INFO: [XFORM 203-602] Inlining function 'shake256_finalize' into 'shake256' (fips202.c:750) automatically.
INFO: [XFORM 203-602] Inlining function 'shake256_squeeze.1' into 'shake256' (fips202.c:751) automatically.
INFO: [XFORM 203-602] Inlining function 'keccak_init.1' into 'shake128_init' (fips202.c:574) automatically.
INFO: [XFORM 203-602] Inlining function 'load64' into 'shake128_absorb.1' (fips202.c:397->fips202.c:589) automatically.
INFO: [XFORM 203-602] Inlining function 'load64' into 'shake128_absorb' (fips202.c:397->fips202.c:589) automatically.
INFO: [XFORM 203-602] Inlining function 'keccak_finalize' into 'shake128_finalize' (fips202.c:601) automatically.
INFO: [XFORM 203-602] Inlining function 'shake128_init' into 'dilithium_shake128_stream_init' (symmetric-shake.c:14) automatically.
INFO: [XFORM 203-602] Inlining function 'shake128_finalize' into 'dilithium_shake128_stream_init' (symmetric-shake.c:17) automatically.
INFO: [XFORM 203-602] Inlining function 'store64.1' into 'keccak_squeezeblocks.2' (fips202.c:478) automatically.
INFO: [XFORM 203-602] Inlining function 'dilithium_shake128_stream_init' into 'poly_uniform' (poly.c:372) automatically.
INFO: [XFORM 203-602] Inlining function 'shake128_squeezeblocks' into 'poly_uniform' (poly.c:373) automatically.
INFO: [XFORM 203-602] Inlining function 'montgomery_reduce' into 'ntt' (ntt.c:58) automatically.
INFO: [XFORM 203-602] Inlining function 'poly_ntt' into 'polyvecl_ntt' (polyvec.c:101) automatically.
INFO: [XFORM 203-602] Inlining function 'poly_ntt' into 'polyveck_ntt' (polyvec.c:283) automatically.
INFO: [XFORM 203-602] Inlining function 'load64' into 'shake256_absorb.2' (fips202.c:397->fips202.c:664) automatically.
INFO: [XFORM 203-602] Inlining function 'shake256_init.1' into 'dilithium_shake256_stream_init' (symmetric-shake.c:28) automatically.
INFO: [XFORM 203-602] Inlining function 'shake256_finalize.1' into 'dilithium_shake256_stream_init' (symmetric-shake.c:31) automatically.
INFO: [XFORM 203-602] Inlining function 'store64.3' into 'keccak_squeezeblocks' (fips202.c:478) automatically.
INFO: [XFORM 203-602] Inlining function 'dilithium_shake256_stream_init' into 'poly_uniform_gamma1' (poly.c:496) automatically.
INFO: [XFORM 203-602] Inlining function 'shake256_squeezeblocks.1' into 'poly_uniform_gamma1' (poly.c:497) automatically.
INFO: [XFORM 203-602] Inlining function 'poly_uniform_gamma1' into 'polyvecl_uniform_gamma1' (polyvec.c:47) automatically.
INFO: [XFORM 203-602] Inlining function 'montgomery_reduce' into 'poly_pointwise_montgomery.1' (poly.c:181) automatically.
INFO: [XFORM 203-602] Inlining function 'montgomery_reduce' into 'poly_pointwise_montgomery' (poly.c:181) automatically.
INFO: [XFORM 203-602] Inlining function 'poly_pointwise_montgomery.1' into 'polyvecl_pointwise_acc_montgomery' (polyvec.c:136) automatically.
INFO: [XFORM 203-602] Inlining function 'poly_pointwise_montgomery' into 'polyvecl_pointwise_acc_montgomery' (polyvec.c:138) automatically.
INFO: [XFORM 203-602] Inlining function 'poly_add' into 'polyvecl_pointwise_acc_montgomery' (polyvec.c:139) automatically.
INFO: [XFORM 203-602] Inlining function 'reduce32' into 'poly_reduce' (poly.c:33) automatically.
INFO: [XFORM 203-602] Inlining function 'poly_reduce' into 'polyveck_reduce' (polyvec.c:188) automatically.
INFO: [XFORM 203-602] Inlining function 'montgomery_reduce' into 'invntt_tomont' (ntt.c:90) automatically.
INFO: [XFORM 203-602] Inlining function 'poly_invntt_tomont' into 'polyveck_invntt_tomont' (polyvec.c:299) automatically.
INFO: [XFORM 203-602] Inlining function 'caddq' into 'poly_caddq' (poly.c:51) automatically.
INFO: [XFORM 203-602] Inlining function 'poly_caddq' into 'polyveck_caddq' (polyvec.c:203) automatically.
INFO: [XFORM 203-602] Inlining function 'decompose' into 'poly_decompose' (poly.c:226) automatically.
INFO: [XFORM 203-602] Inlining function 'poly_decompose' into 'polyveck_decompose' (polyvec.c:372) automatically.
INFO: [XFORM 203-602] Inlining function 'polyw1_pack' into 'polyveck_pack_w1' (polyvec.c:419) automatically.
INFO: [XFORM 203-602] Inlining function 'store64' into 'keccak_squeeze' (fips202.c:509) automatically.
INFO: [XFORM 203-602] Inlining function 'store64.4' into 'keccak_squeeze' (fips202.c:520) automatically.
INFO: [XFORM 203-602] Inlining function 'load64' into 'shake256_absorb' (fips202.c:397->fips202.c:664) automatically.
INFO: [XFORM 203-602] Inlining function 'store64.2' into 'keccak_squeezeblocks.1' (fips202.c:478) automatically.
INFO: [XFORM 203-602] Inlining function 'shake256_init.1' into 'poly_challenge' (poly.c:517) automatically.
INFO: [XFORM 203-602] Inlining function 'shake256_finalize.1' into 'poly_challenge' (poly.c:519) automatically.
INFO: [XFORM 203-602] Inlining function 'shake256_squeezeblocks' into 'poly_challenge' (poly.c:520) automatically.
INFO: [XFORM 203-602] Inlining function 'montgomery_reduce' into 'ntt.1' (ntt.c:58) automatically.
INFO: [XFORM 203-602] Inlining function 'montgomery_reduce' into 'poly_pointwise_montgomery.2' (poly.c:181) automatically.
INFO: [XFORM 203-602] Inlining function 'poly_pointwise_montgomery.2' into 'polyvecl_pointwise_poly_montgomery' (polyvec.c:115) automatically.
INFO: [XFORM 203-602] Inlining function 'poly_invntt_tomont' into 'polyvecl_invntt_tomont' (polyvec.c:108) automatically.
INFO: [XFORM 203-602] Inlining function 'poly_add.1' into 'polyvecl_add' (polyvec.c:86) automatically.
INFO: [XFORM 203-602] Inlining function 'poly_reduce' into 'polyvecl_reduce' (polyvec.c:54) automatically.
INFO: [XFORM 203-602] Inlining function 'poly_chknorm' into 'polyvecl_chknorm' (polyvec.c:159) automatically.
INFO: [XFORM 203-602] Inlining function 'poly_pointwise_montgomery.2' into 'polyveck_pointwise_poly_montgomery' (polyvec.c:306) automatically.
INFO: [XFORM 203-602] Inlining function 'poly_sub' into 'polyveck_sub' (polyvec.c:253) automatically.
INFO: [XFORM 203-602] Inlining function 'poly_chknorm' into 'polyveck_chknorm' (polyvec.c:326) automatically.
INFO: [XFORM 203-602] Inlining function 'poly_add.1' into 'polyveck_add' (polyvec.c:235) automatically.
INFO: [XFORM 203-602] Inlining function 'make_hint' into 'poly_make_hint' (poly.c:249) automatically.
INFO: [XFORM 203-602] Inlining function 'poly_make_hint' into 'polyveck_make_hint' (polyvec.c:393) automatically.
INFO: [XFORM 203-602] Inlining function 'shake256_init.1' into 'crypto_sign' (sign.c:104->sign.c:211) automatically.
INFO: [XFORM 203-602] Inlining function 'shake256_finalize.1' into 'crypto_sign' (sign.c:107->sign.c:211) automatically.
INFO: [XFORM 203-602] Inlining function 'shake256_squeeze.2' into 'crypto_sign' (sign.c:108->sign.c:211) automatically.
INFO: [XFORM 203-602] Inlining function 'shake256' into 'crypto_sign' (sign.c:113->sign.c:211) automatically.
INFO: [XFORM 203-602] Inlining function 'polyvec_matrix_expand' into 'crypto_sign' (sign.c:117->sign.c:211) automatically.
INFO: [XFORM 203-602] Inlining function 'polyvecl_ntt' into 'crypto_sign' (sign.c:118->sign.c:211) automatically.
INFO: [XFORM 203-602] Inlining function 'polyveck_ntt' into 'crypto_sign' (sign.c:119->sign.c:211) automatically.
INFO: [XFORM 203-602] Inlining function 'polyvec_matrix_pointwise_montgomery' into 'crypto_sign' (sign.c:129->sign.c:211) automatically.
INFO: [XFORM 203-602] Inlining function 'shake256_squeeze' into 'crypto_sign' (sign.c:142->sign.c:211) automatically.
INFO: [XFORM 203-602] Inlining function 'poly_ntt.1' into 'crypto_sign' (sign.c:144->sign.c:211) automatically.
INFO: [XFORM 203-602] Inlining function 'polyvecl_pointwise_poly_montgomery' into 'crypto_sign' (sign.c:147->sign.c:211) automatically.
INFO: [XFORM 203-602] Inlining function 'polyvecl_invntt_tomont' into 'crypto_sign' (sign.c:148->sign.c:211) automatically.
INFO: [XFORM 203-602] Inlining function 'polyvecl_add' into 'crypto_sign' (sign.c:149->sign.c:211) automatically.
INFO: [XFORM 203-602] Inlining function 'polyvecl_reduce' into 'crypto_sign' (sign.c:150->sign.c:211) automatically.
INFO: [XFORM 203-602] Inlining function 'polyveck_sub' into 'crypto_sign' (sign.c:158->sign.c:211) automatically.
INFO: [XFORM 203-602] Inlining function 'polyveck_add' into 'crypto_sign' (sign.c:170->sign.c:211) automatically.
INFO: [HLS 200-111] Finished Checking Synthesizability Time (s): cpu = 00:00:49 ; elapsed = 00:00:50 . Memory (MB): peak = 930.941 ; gain = 526.004 ; free physical = 662 ; free virtual = 8809
INFO: [XFORM 203-102] Partitioning array 'state.pos' (fips202.c:746) automatically.
INFO: [XFORM 203-102] Partitioning array 'state.s' (fips202.c:746) in dimension 1 automatically.
INFO: [XFORM 203-602] Inlining function 'keccak_init.1' into 'shake256_init.1' (fips202.c:649) automatically.
INFO: [XFORM 203-602] Inlining function 'load64.2' into 'shake256_absorb.3' (fips202.c:411->fips202.c:664) automatically.
INFO: [XFORM 203-602] Inlining function 'load64' into 'shake256_absorb.3' (fips202.c:428->fips202.c:664) automatically.
INFO: [XFORM 203-602] Inlining function 'load64' into 'shake256_absorb.4' (fips202.c:397->fips202.c:664) automatically.
INFO: [XFORM 203-602] Inlining function 'keccak_finalize' into 'shake256_finalize.1' (fips202.c:676) automatically.
INFO: [XFORM 203-602] Inlining function 'store64.4' into 'keccak_squeeze.1' (fips202.c:529) automatically.
INFO: [XFORM 203-602] Inlining function 'store64' into 'keccak_squeeze.1' (fips202.c:557) automatically.
INFO: [XFORM 203-602] Inlining function 'keccak_init' into 'shake256_init' (fips202.c:649) automatically.
INFO: [XFORM 203-602] Inlining function 'load64.2' into 'shake256_absorb.1' (fips202.c:411->fips202.c:664) automatically.
INFO: [XFORM 203-602] Inlining function 'load64' into 'shake256_absorb.1' (fips202.c:428->fips202.c:664) automatically.
INFO: [XFORM 203-602] Inlining function 'keccak_finalize.1' into 'shake256_finalize' (fips202.c:676) automatically.
INFO: [XFORM 203-602] Inlining function 'store64.4' into 'keccak_squeeze.2' (fips202.c:529) automatically.
INFO: [XFORM 203-602] Inlining function 'store64' into 'keccak_squeeze.2' (fips202.c:557) automatically.
INFO: [XFORM 203-602] Inlining function 'shake256_init' into 'shake256' (fips202.c:748) automatically.
INFO: [XFORM 203-602] Inlining function 'shake256_finalize' into 'shake256' (fips202.c:750) automatically.
INFO: [XFORM 203-602] Inlining function 'shake256_squeeze.1' into 'shake256' (fips202.c:751) automatically.
INFO: [XFORM 203-602] Inlining function 'keccak_init.1' into 'shake128_init' (fips202.c:574) automatically.
INFO: [XFORM 203-602] Inlining function 'load64.2' into 'shake128_absorb.1' (fips202.c:411->fips202.c:589) automatically.
INFO: [XFORM 203-602] Inlining function 'load64' into 'shake128_absorb.1' (fips202.c:428->fips202.c:589) automatically.
INFO: [XFORM 203-602] Inlining function 'load64' into 'shake128_absorb' (fips202.c:397->fips202.c:589) automatically.
INFO: [XFORM 203-602] Inlining function 'keccak_finalize' into 'shake128_finalize' (fips202.c:601) automatically.
INFO: [XFORM 203-602] Inlining function 'shake128_init' into 'dilithium_shake128_stream_init' (symmetric-shake.c:14) automatically.
INFO: [XFORM 203-602] Inlining function 'shake128_finalize' into 'dilithium_shake128_stream_init' (symmetric-shake.c:17) automatically.
INFO: [XFORM 203-602] Inlining function 'store64.1' into 'keccak_squeezeblocks.2' (fips202.c:478) automatically.
INFO: [XFORM 203-602] Inlining function 'dilithium_shake128_stream_init' into 'poly_uniform' (poly.c:372) automatically.
INFO: [XFORM 203-602] Inlining function 'shake128_squeezeblocks' into 'poly_uniform' (poly.c:373) automatically.
INFO: [XFORM 203-602] Inlining function 'montgomery_reduce' into 'ntt' (ntt.c:58) automatically.
INFO: [XFORM 203-602] Inlining function 'poly_ntt' into 'polyvecl_ntt' (polyvec.c:101) automatically.
INFO: [XFORM 203-602] Inlining function 'poly_ntt' into 'polyveck_ntt' (polyvec.c:283) automatically.
INFO: [XFORM 203-602] Inlining function 'load64' into 'shake256_absorb.2' (fips202.c:397->fips202.c:664) automatically.
INFO: [XFORM 203-602] Inlining function 'shake256_init.1' into 'dilithium_shake256_stream_init' (symmetric-shake.c:28) automatically.
INFO: [XFORM 203-602] Inlining function 'shake256_finalize.1' into 'dilithium_shake256_stream_init' (symmetric-shake.c:31) automatically.
INFO: [XFORM 203-602] Inlining function 'store64.3' into 'keccak_squeezeblocks' (fips202.c:478) automatically.
INFO: [XFORM 203-602] Inlining function 'dilithium_shake256_stream_init' into 'poly_uniform_gamma1' (poly.c:496) automatically.
INFO: [XFORM 203-602] Inlining function 'shake256_squeezeblocks.1' into 'poly_uniform_gamma1' (poly.c:497) automatically.
INFO: [XFORM 203-602] Inlining function 'poly_uniform_gamma1' into 'polyvecl_uniform_gamma1' (polyvec.c:47) automatically.
INFO: [XFORM 203-602] Inlining function 'montgomery_reduce' into 'poly_pointwise_montgomery.1' (poly.c:181) automatically.
INFO: [XFORM 203-602] Inlining function 'montgomery_reduce' into 'poly_pointwise_montgomery' (poly.c:181) automatically.
INFO: [XFORM 203-602] Inlining function 'poly_pointwise_montgomery.1' into 'polyvecl_pointwise_acc_montgomery' (polyvec.c:136) automatically.
INFO: [XFORM 203-602] Inlining function 'poly_pointwise_montgomery' into 'polyvecl_pointwise_acc_montgomery' (polyvec.c:138) automatically.
INFO: [XFORM 203-602] Inlining function 'poly_add.1' into 'polyvecl_pointwise_acc_montgomery' (polyvec.c:139) automatically.
INFO: [XFORM 203-602] Inlining function 'reduce32' into 'poly_reduce' (poly.c:33) automatically.
INFO: [XFORM 203-602] Inlining function 'poly_reduce' into 'polyveck_reduce' (polyvec.c:188) automatically.
INFO: [XFORM 203-602] Inlining function 'montgomery_reduce' into 'invntt_tomont' (ntt.c:90) automatically.
INFO: [XFORM 203-602] Inlining function 'poly_invntt_tomont' into 'polyveck_invntt_tomont' (polyvec.c:299) automatically.
INFO: [XFORM 203-602] Inlining function 'caddq' into 'poly_caddq' (poly.c:51) automatically.
INFO: [XFORM 203-602] Inlining function 'poly_caddq' into 'polyveck_caddq' (polyvec.c:203) automatically.
INFO: [XFORM 203-602] Inlining function 'decompose' into 'poly_decompose' (poly.c:226) automatically.
INFO: [XFORM 203-602] Inlining function 'poly_decompose' into 'polyveck_decompose' (polyvec.c:372) automatically.
INFO: [XFORM 203-602] Inlining function 'polyw1_pack' into 'polyveck_pack_w1' (polyvec.c:419) automatically.
INFO: [XFORM 203-602] Inlining function 'store64.4' into 'keccak_squeeze' (fips202.c:529) automatically.
INFO: [XFORM 203-602] Inlining function 'store64' into 'keccak_squeeze' (fips202.c:557) automatically.
INFO: [XFORM 203-602] Inlining function 'load64.1' into 'shake256_absorb' (fips202.c:411->fips202.c:664) automatically.
INFO: [XFORM 203-602] Inlining function 'load64' into 'shake256_absorb' (fips202.c:428->fips202.c:664) automatically.
INFO: [XFORM 203-602] Inlining function 'store64.2' into 'keccak_squeezeblocks.1' (fips202.c:478) automatically.
INFO: [XFORM 203-602] Inlining function 'shake256_init.1' into 'poly_challenge' (poly.c:517) automatically.
INFO: [XFORM 203-602] Inlining function 'shake256_finalize.1' into 'poly_challenge' (poly.c:519) automatically.
INFO: [XFORM 203-602] Inlining function 'shake256_squeezeblocks' into 'poly_challenge' (poly.c:520) automatically.
INFO: [XFORM 203-602] Inlining function 'montgomery_reduce' into 'ntt.1' (ntt.c:58) automatically.
INFO: [XFORM 203-602] Inlining function 'montgomery_reduce' into 'poly_pointwise_montgomery.2' (poly.c:181) automatically.
INFO: [XFORM 203-602] Inlining function 'poly_pointwise_montgomery.2' into 'polyvecl_pointwise_poly_montgomery' (polyvec.c:115) automatically.
INFO: [XFORM 203-602] Inlining function 'poly_invntt_tomont' into 'polyvecl_invntt_tomont' (polyvec.c:108) automatically.
INFO: [XFORM 203-602] Inlining function 'poly_add' into 'polyvecl_add' (polyvec.c:86) automatically.
INFO: [XFORM 203-602] Inlining function 'poly_reduce' into 'polyvecl_reduce' (polyvec.c:54) automatically.
INFO: [XFORM 203-602] Inlining function 'poly_chknorm' into 'polyvecl_chknorm' (polyvec.c:159) automatically.
INFO: [XFORM 203-602] Inlining function 'poly_pointwise_montgomery.2' into 'polyveck_pointwise_poly_montgomery' (polyvec.c:306) automatically.
INFO: [XFORM 203-602] Inlining function 'poly_sub' into 'polyveck_sub' (polyvec.c:253) automatically.
INFO: [XFORM 203-602] Inlining function 'poly_chknorm' into 'polyveck_chknorm' (polyvec.c:326) automatically.
INFO: [XFORM 203-602] Inlining function 'poly_add' into 'polyveck_add' (polyvec.c:235) automatically.
INFO: [XFORM 203-602] Inlining function 'make_hint' into 'poly_make_hint' (poly.c:249) automatically.
INFO: [XFORM 203-602] Inlining function 'poly_make_hint' into 'polyveck_make_hint' (polyvec.c:393) automatically.
INFO: [XFORM 203-602] Inlining function 'shake256_init.1' into 'crypto_sign' (sign.c:104->sign.c:211) automatically.
INFO: [XFORM 203-602] Inlining function 'shake256_finalize.1' into 'crypto_sign' (sign.c:107->sign.c:211) automatically.
INFO: [XFORM 203-602] Inlining function 'shake256_squeeze.2' into 'crypto_sign' (sign.c:108->sign.c:211) automatically.
INFO: [XFORM 203-602] Inlining function 'shake256' into 'crypto_sign' (sign.c:113->sign.c:211) automatically.
INFO: [XFORM 203-602] Inlining function 'polyvec_matrix_expand' into 'crypto_sign' (sign.c:117->sign.c:211) automatically.
INFO: [XFORM 203-602] Inlining function 'polyvecl_ntt' into 'crypto_sign' (sign.c:118->sign.c:211) automatically.
INFO: [XFORM 203-602] Inlining function 'polyveck_ntt' into 'crypto_sign' (sign.c:119->sign.c:211) automatically.
INFO: [XFORM 203-602] Inlining function 'polyvec_matrix_pointwise_montgomery' into 'crypto_sign' (sign.c:129->sign.c:211) automatically.
INFO: [XFORM 203-602] Inlining function 'polyveck_decompose' into 'crypto_sign' (sign.c:135->sign.c:211) automatically.
INFO: [XFORM 203-602] Inlining function 'shake256_squeeze' into 'crypto_sign' (sign.c:142->sign.c:211) automatically.
INFO: [XFORM 203-602] Inlining function 'poly_ntt.1' into 'crypto_sign' (sign.c:144->sign.c:211) automatically.
INFO: [XFORM 203-602] Inlining function 'polyvecl_pointwise_poly_montgomery' into 'crypto_sign' (sign.c:147->sign.c:211) automatically.
INFO: [XFORM 203-602] Inlining function 'polyvecl_invntt_tomont' into 'crypto_sign' (sign.c:148->sign.c:211) automatically.
INFO: [XFORM 203-602] Inlining function 'polyvecl_add' into 'crypto_sign' (sign.c:149->sign.c:211) automatically.
INFO: [XFORM 203-602] Inlining function 'polyvecl_reduce' into 'crypto_sign' (sign.c:150->sign.c:211) automatically.
INFO: [XFORM 203-602] Inlining function 'polyveck_sub' into 'crypto_sign' (sign.c:158->sign.c:211) automatically.
INFO: [XFORM 203-602] Inlining function 'polyveck_add' into 'crypto_sign' (sign.c:170->sign.c:211) automatically.
WARNING: [XFORM 203-561] Updating loop upper bound from 16 to 6 for loop 'Loop-1' in function 'shake256_absorb.3'.
WARNING: [XFORM 203-561] Updating loop lower bound from 0 to 6 for loop 'Loop-1' in function 'shake256_absorb.3'.
WARNING: [XFORM 203-561] Updating loop upper bound from 16 to 10 for loop 'Loop-1' in function 'shake256_absorb.1'.
WARNING: [XFORM 203-561] Updating loop lower bound from 0 to 10 for loop 'Loop-1' in function 'shake256_absorb.1'.
WARNING: [XFORM 203-561] Updating loop upper bound from 16 to 4 for loop 'Loop-1' in function 'shake256_absorb'.
WARNING: [XFORM 203-561] Updating loop lower bound from 0 to 4 for loop 'Loop-1' in function 'shake256_absorb'.
WARNING: [XFORM 203-561] Updating loop upper bound from 20 to 4 for loop 'Loop-1' in function 'shake128_absorb.1'.
WARNING: [XFORM 203-561] Updating loop lower bound from 0 to 4 for loop 'Loop-1' in function 'shake128_absorb.1'.
WARNING: [XFORM 203-561] Updating loop upper bound from 16 to 6 for loop 'Loop-0' in function 'keccak_squeeze.2'.
WARNING: [XFORM 203-561] Updating loop lower bound from 0 to 6 for loop 'Loop-0' in function 'keccak_squeeze.2'.
WARNING: [XFORM 203-561] Updating loop upper bound from 16 to 6 for loop 'Loop-0' in function 'keccak_squeeze.1'.
WARNING: [XFORM 203-561] Updating loop lower bound from 0 to 6 for loop 'Loop-0' in function 'keccak_squeeze.1'.
WARNING: [XFORM 203-561] Updating loop upper bound from 16 to 4 for loop 'Loop-0' in function 'keccak_squeeze'.
WARNING: [XFORM 203-561] Updating loop lower bound from 0 to 4 for loop 'Loop-0' in function 'keccak_squeeze'.
INFO: [XFORM 203-102] Automatically partitioning small array 't.i.i' (symmetric-shake.c:24) completely based on array size.
INFO: [XFORM 203-102] Automatically partitioning small array 't.i' (symmetric-shake.c:10) completely based on array size.
INFO: [XFORM 203-101] Partitioning array 't.i.i' (symmetric-shake.c:24) in dimension 1 completely.
INFO: [XFORM 203-101] Partitioning array 't.i' (symmetric-shake.c:10) in dimension 1 completely.
INFO: [XFORM 203-401] Performing if-conversion on hyperblock from (poly.c:249:20) to (poly.c:248:23) in function 'polyveck_make_hint'... converting 4 basic blocks.
INFO: [XFORM 203-602] Inlining function 'shake128_absorb.1' into 'poly_uniform' (symmetric-shake.c:15->poly.c:372) automatically.
INFO: [XFORM 203-602] Inlining function 'shake256_absorb.3' into 'polyvecl_uniform_gamma1' (symmetric-shake.c:29->poly.c:496->polyvec.c:47) automatically.
INFO: [XFORM 203-602] Inlining function 'polyz_unpack' into 'polyvecl_uniform_gamma1' (poly.c:498->polyvec.c:47) automatically.
INFO: [XFORM 203-602] Inlining function 'shake256_absorb' into 'poly_challenge' (poly.c:518) automatically.
INFO: [XFORM 203-602] Inlining function 'keccak_squeeze.1' into 'crypto_sign' (fips202.c:711->sign.c:108->sign.c:211) automatically.
INFO: [XFORM 203-602] Inlining function 'shake256_absorb.1' into 'crypto_sign' (fips202.c:749->sign.c:113->sign.c:211) automatically.
INFO: [XFORM 203-602] Inlining function 'keccak_squeeze.2' into 'crypto_sign' (fips202.c:711->fips202.c:751->sign.c:113->sign.c:211) automatically.
INFO: [XFORM 203-602] Inlining function 'keccak_squeeze' into 'crypto_sign' (fips202.c:711->sign.c:142->sign.c:211) automatically.
INFO: [XFORM 203-602] Inlining function 'polyvecl_chknorm' into 'crypto_sign' (sign.c:151->sign.c:211) automatically.
INFO: [XFORM 203-602] Inlining function 'polyveck_make_hint' into 'crypto_sign' (sign.c:172->sign.c:211) automatically.
INFO: [XFORM 203-11] Balancing expressions in function 'shake256_absorb.4' (fips202.c:30:15)...10 expression(s) balanced.
INFO: [XFORM 203-11] Balancing expressions in function 'keccak_squeezeblocks.2' (fips202.c:47:15)...3 expression(s) balanced.
INFO: [XFORM 203-11] Balancing expressions in function 'KeccakF1600_StatePermute.1' (fips202.c:86:1)...70 expression(s) balanced.
INFO: [XFORM 203-11] Balancing expressions in function 'KeccakF1600_StatePermute' (fips202.c:86)...70 expression(s) balanced.
INFO: [HLS 200-111] Finished Pre-synthesis Time (s): cpu = 00:00:53 ; elapsed = 00:00:54 . Memory (MB): peak = 930.941 ; gain = 526.004 ; free physical = 628 ; free virtual = 8776
WARNING: [XFORM 203-631] Renaming function 'polyvecl_uniform_gamma1' to 'polyvecl_uniform_gam' (fips202.c:25:15)
WARNING: [XFORM 203-631] Renaming function 'polyvecl_pointwise_acc_montgomery' to 'polyvecl_pointwise_a' (poly.c:18:23)
WARNING: [XFORM 203-631] Renaming function 'polyveck_pointwise_poly_montgomery' to 'polyveck_pointwise_p' (poly.c:18:23)
WARNING: [XFORM 203-631] Renaming function 'polyveck_invntt_tomont' to 'polyveck_invntt_tomo' (polyvec.c:160:21)
WARNING: [XFORM 203-631] Renaming function 'KeccakF1600_StatePermute.1' to 'KeccakF1600_StatePer' (fips202.c:86:1)
WARNING: [XFORM 203-631] Renaming function 'KeccakF1600_StatePermute' to 'KeccakF1600_StatePer.1' (fips202.c:86:1)
INFO: [HLS 200-472] Inferring partial write operation for 'rho' (packing.c:127:5)
INFO: [HLS 200-472] Inferring partial write operation for 'rho' (packing.c:131:5)
INFO: [HLS 200-472] Inferring partial write operation for 'rho' (packing.c:135:5)
INFO: [HLS 200-472] Inferring partial write operation for 't' (fips202.c:388:21)
INFO: [HLS 200-472] Inferring partial write operation for 'state.s' (fips202.c:402:21)
INFO: [HLS 200-472] Inferring partial write operation for 'state.s' (fips202.c:411:15)
INFO: [HLS 200-472] Inferring partial write operation for 'state.s' (fips202.c:418:19)
INFO: [HLS 200-472] Inferring partial write operation for 't' (fips202.c:425:7)
INFO: [HLS 200-472] Inferring partial write operation for 't' (fips202.c:427:7)
INFO: [HLS 200-472] Inferring partial write operation for 'state.s' (fips202.c:428:17)
INFO: [HLS 200-472] Inferring partial write operation for 'v.vec.coeffs' (poly.c:33:20)
INFO: [HLS 200-472] Inferring partial write operation for 'r.vec.coeffs' (poly.c:181:20)
INFO: [HLS 200-472] Inferring partial write operation for 'v.vec.coeffs' (poly.c:51:20)
INFO: [HLS 200-472] Inferring partial write operation for 'state.s' (fips202.c:363:5)
INFO: [HLS 200-472] Inferring partial write operation for 'state.s' (fips202.c:418:19)
INFO: [HLS 200-472] Inferring partial write operation for 'state.s' (fips202.c:451:3)
INFO: [HLS 200-472] Inferring partial write operation for 'state.s' (fips202.c:452:3)
INFO: [HLS 200-472] Inferring partial write operation for 'c.coeffs' (poly.c:528:5)
INFO: [HLS 200-472] Inferring partial write operation for 'c.coeffs' (poly.c:539:5)
INFO: [HLS 200-472] Inferring partial write operation for 'c.coeffs' (poly.c:540:5)
INFO: [HLS 200-472] Inferring partial write operation for 'a' (ntt.c:59:9)
INFO: [HLS 200-472] Inferring partial write operation for 'a' (ntt.c:60:9)
INFO: [HLS 200-472] Inferring partial write operation for 'out' (fips202.c:48:5)
INFO: [HLS 200-472] Inferring partial write operation for 'state.s' (fips202.c:363:5)
INFO: [HLS 200-472] Inferring partial write operation for 'state.s' (fips202.c:451:3)
INFO: [HLS 200-472] Inferring partial write operation for 'state.s' (fips202.c:452:3)
INFO: [HLS 200-472] Inferring partial write operation for 'seedbuf' (fips202.c:542:6)
INFO: [HLS 200-472] Inferring partial write operation for 'seedbuf' (fips202.c:543:6)
INFO: [HLS 200-472] Inferring partial write operation for 'seedbuf' (fips202.c:544:6)
INFO: [HLS 200-472] Inferring partial write operation for 'seedbuf' (fips202.c:545:6)
INFO: [HLS 200-472] Inferring partial write operation for 'seedbuf' (fips202.c:546:6)
INFO: [HLS 200-472] Inferring partial write operation for 'seedbuf' (fips202.c:547:6)
INFO: [HLS 200-472] Inferring partial write operation for 'seedbuf' (fips202.c:548:6)
INFO: [HLS 200-472] Inferring partial write operation for 'seedbuf' (fips202.c:549:6)
INFO: [HLS 200-472] Inferring partial write operation for 'state[0].s' (fips202.c:363:5)
INFO: [HLS 200-472] Inferring partial write operation for 'state[0].s' (fips202.c:418:19)
INFO: [HLS 200-472] Inferring partial write operation for 'state[0].s' (fips202.c:451:3)
INFO: [HLS 200-472] Inferring partial write operation for 'state[0].s' (fips202.c:452:3)
INFO: [HLS 200-472] Inferring partial write operation for 'seedbuf' (fips202.c:542:6)
INFO: [HLS 200-472] Inferring partial write operation for 'seedbuf' (fips202.c:543:6)
INFO: [HLS 200-472] Inferring partial write operation for 'seedbuf' (fips202.c:544:6)
INFO: [HLS 200-472] Inferring partial write operation for 'seedbuf' (fips202.c:545:6)
INFO: [HLS 200-472] Inferring partial write operation for 'seedbuf' (fips202.c:546:6)
INFO: [HLS 200-472] Inferring partial write operation for 'seedbuf' (fips202.c:547:6)
INFO: [HLS 200-472] Inferring partial write operation for 'seedbuf' (fips202.c:548:6)
INFO: [HLS 200-472] Inferring partial write operation for 'seedbuf' (fips202.c:549:6)
INFO: [HLS 200-472] Inferring partial write operation for 'z.vec.coeffs' (sign.c:125:3)
INFO: [HLS 200-472] Inferring partial write operation for 'w0.vec.coeffs' (poly.c:226:21)
INFO: [HLS 200-472] Inferring partial write operation for 'state.s' (fips202.c:363:5)
INFO: [HLS 200-472] Inferring partial write operation for 'state.s' (fips202.c:451:3)
INFO: [HLS 200-472] Inferring partial write operation for 'state.s' (fips202.c:452:3)
INFO: [HLS 200-472] Inferring partial write operation for 'z.vec.coeffs' (poly.c:181:20)
INFO: [HLS 200-472] Inferring partial write operation for 'z.vec.coeffs' (poly.c:88:5)
INFO: [HLS 200-472] Inferring partial write operation for 'z.vec.coeffs' (poly.c:33:20)
INFO: [HLS 200-472] Inferring partial write operation for 'w0.vec.coeffs' (poly.c:109:5)
INFO: [HLS 200-472] Inferring partial write operation for 'w0.vec.coeffs' (poly.c:88:5)
INFO: [HLS 200-472] Inferring partial write operation for 'h.vec.coeffs' (poly.c:249:20)
INFO: [HLS 200-472] Inferring partial write operation for 'state' (fips202.c:325:9)
INFO: [HLS 200-472] Inferring partial write operation for 'state' (fips202.c:326:9)
INFO: [HLS 200-472] Inferring partial write operation for 'state' (fips202.c:327:9)
INFO: [HLS 200-472] Inferring partial write operation for 'state' (fips202.c:328:9)
INFO: [HLS 200-472] Inferring partial write operation for 'state' (fips202.c:329:9)
INFO: [HLS 200-472] Inferring partial write operation for 'state' (fips202.c:330:9)
INFO: [HLS 200-472] Inferring partial write operation for 'state' (fips202.c:331:9)
INFO: [HLS 200-472] Inferring partial write operation for 'state' (fips202.c:332:9)
INFO: [HLS 200-472] Inferring partial write operation for 'state' (fips202.c:333:9)
INFO: [HLS 200-472] Inferring partial write operation for 'state' (fips202.c:334:9)
INFO: [HLS 200-472] Inferring partial write operation for 'state' (fips202.c:335:9)
INFO: [HLS 200-472] Inferring partial write operation for 'state' (fips202.c:336:9)
INFO: [HLS 200-472] Inferring partial write operation for 'state' (fips202.c:337:9)
INFO: [HLS 200-472] Inferring partial write operation for 'state' (fips202.c:338:9)
INFO: [HLS 200-472] Inferring partial write operation for 'state' (fips202.c:339:9)
INFO: [HLS 200-472] Inferring partial write operation for 'state' (fips202.c:340:9)
INFO: [HLS 200-472] Inferring partial write operation for 'state' (fips202.c:341:9)
INFO: [HLS 200-472] Inferring partial write operation for 'state' (fips202.c:342:9)
INFO: [HLS 200-472] Inferring partial write operation for 'state' (fips202.c:343:9)
INFO: [HLS 200-472] Inferring partial write operation for 'state' (fips202.c:344:9)
INFO: [HLS 200-472] Inferring partial write operation for 'state' (fips202.c:345:9)
INFO: [HLS 200-472] Inferring partial write operation for 'state' (fips202.c:346:9)
INFO: [HLS 200-472] Inferring partial write operation for 'state' (fips202.c:347:9)
INFO: [HLS 200-472] Inferring partial write operation for 'state' (fips202.c:348:9)
INFO: [HLS 200-472] Inferring partial write operation for 'state' (fips202.c:349:9)
INFO: [HLS 200-472] Inferring partial write operation for 't' (fips202.c:388:21)
INFO: [HLS 200-472] Inferring partial write operation for 't' (fips202.c:425:7)
INFO: [HLS 200-472] Inferring partial write operation for 't' (fips202.c:427:7)
INFO: [HLS 200-472] Inferring partial write operation for 'state.s' (fips202.c:428:17)
INFO: [HLS 200-472] Inferring partial write operation for 'a' (poly.c:344:7)
INFO: [HLS 200-472] Inferring partial write operation for 'state.s' (fips202.c:363:5)
INFO: [HLS 200-472] Inferring partial write operation for 'state.s' (fips202.c:418:19)
INFO: [HLS 200-472] Inferring partial write operation for 'state.s' (fips202.c:451:3)
INFO: [HLS 200-472] Inferring partial write operation for 'state.s' (fips202.c:452:3)
INFO: [HLS 200-472] Inferring partial write operation for 'v.vec.coeffs' (poly.c:875:5)
INFO: [HLS 200-472] Inferring partial write operation for 'v.vec.coeffs' (poly.c:876:5)
INFO: [HLS 200-472] Inferring partial write operation for 'v.vec.coeffs' (poly.c:877:5)
INFO: [HLS 200-472] Inferring partial write operation for 'v.vec.coeffs' (poly.c:878:5)
INFO: [HLS 200-472] Inferring partial write operation for 'w.coeffs' (poly.c:181:20)
INFO: [HLS 200-472] Inferring partial write operation for 't.coeffs' (poly.c:181:20)
INFO: [HLS 200-472] Inferring partial write operation for 'w.coeffs' (poly.c:88:5)
INFO: [HLS 200-472] Inferring partial write operation for 'r.coeffs' (poly.c:775:5)
INFO: [HLS 200-472] Inferring partial write operation for 'r.coeffs' (poly.c:776:5)
INFO: [HLS 200-472] Inferring partial write operation for 'r.coeffs' (poly.c:777:5)
INFO: [HLS 200-472] Inferring partial write operation for 'r.coeffs' (poly.c:778:5)
INFO: [HLS 200-472] Inferring partial write operation for 'r.coeffs' (poly.c:779:5)
INFO: [HLS 200-472] Inferring partial write operation for 'r.coeffs' (poly.c:780:5)
INFO: [HLS 200-472] Inferring partial write operation for 'r.coeffs' (poly.c:781:5)
INFO: [HLS 200-472] Inferring partial write operation for 'r.coeffs' (poly.c:782:5)
INFO: [HLS 200-472] Inferring partial write operation for 'r.coeffs' (poly.c:608:5)
INFO: [HLS 200-472] Inferring partial write operation for 'r.coeffs' (poly.c:609:5)
INFO: [HLS 200-472] Inferring partial write operation for 'r.coeffs' (poly.c:610:5)
INFO: [HLS 200-472] Inferring partial write operation for 'r.coeffs' (poly.c:611:5)
INFO: [HLS 200-472] Inferring partial write operation for 'r.coeffs' (poly.c:612:5)
INFO: [HLS 200-472] Inferring partial write operation for 'r.coeffs' (poly.c:613:5)
INFO: [HLS 200-472] Inferring partial write operation for 'r.coeffs' (poly.c:614:5)
INFO: [HLS 200-472] Inferring partial write operation for 'r.coeffs' (poly.c:615:5)
INFO: [HLS 200-472] Inferring partial write operation for 'state.s' (fips202.c:363:5)
INFO: [HLS 200-472] Inferring partial write operation for 'state.s' (fips202.c:418:19)
INFO: [HLS 200-472] Inferring partial write operation for 'state.s' (fips202.c:451:3)
INFO: [HLS 200-472] Inferring partial write operation for 'state.s' (fips202.c:452:3)
INFO: [HLS 200-472] Inferring partial write operation for 'buf' (poly.c:380:7)
INFO: [HLS 200-472] Inferring partial write operation for 'a' (ntt.c:88:9)
INFO: [HLS 200-472] Inferring partial write operation for 'a' (ntt.c:90:22)
INFO: [HLS 200-472] Inferring partial write operation for 'a' (ntt.c:96:12)
INFO: [HLS 200-111] Finished Architecture Synthesis Time (s): cpu = 00:00:56 ; elapsed = 00:00:58 . Memory (MB): peak = 1186.941 ; gain = 782.004 ; free physical = 363 ; free virtual = 8511
INFO: [HLS 200-10] Starting hardware synthesis ...
INFO: [HLS 200-10] Synthesizing 'crypto_sign' ...
WARNING: [SYN 201-103] Legalizing function name 'shake256_absorb.3' to 'shake256_absorb_3'.
WARNING: [SYN 201-103] Legalizing function name 'load64.1' to 'load64_1'.
WARNING: [SYN 201-103] Legalizing function name 'KeccakF1600_StatePer.1' to 'KeccakF1600_StatePer_1'.
WARNING: [SYN 201-103] Legalizing function name 'shake256_absorb.4' to 'shake256_absorb_4'.
WARNING: [SYN 201-103] Legalizing function name 'keccak_squeezeblocks.2' to 'keccak_squeezeblocks_2'.
WARNING: [SYN 201-103] Legalizing function name 'shake256_absorb.2' to 'shake256_absorb_2'.
WARNING: [SYN 201-103] Legalizing function name 'keccak_squeezeblocks.1' to 'keccak_squeezeblocks_1'.
WARNING: [SYN 201-103] Legalizing function name 'ntt.1' to 'ntt_1'.
INFO: [HLS 200-10] ----------------------------------------------------------------
INFO: [HLS 200-42] -- Implementing module 'polyeta_unpack' 
INFO: [HLS 200-10] ----------------------------------------------------------------
INFO: [SCHED 204-11] Starting scheduling ...
INFO: [SCHED 204-11] Finished scheduling.
INFO: [HLS 200-111]  Elapsed time: 57.93 seconds; current allocated memory: 417.525 MB.
INFO: [BIND 205-100] Starting micro-architecture generation ...
INFO: [BIND 205-101] Performing variable lifetime analysis.
INFO: [BIND 205-101] Exploring resource sharing.
INFO: [BIND 205-101] Binding ...
INFO: [BIND 205-100] Finished micro-architecture generation.
INFO: [HLS 200-111]  Elapsed time: 0.06 seconds; current allocated memory: 417.909 MB.
INFO: [HLS 200-10] ----------------------------------------------------------------
INFO: [HLS 200-42] -- Implementing module 'polyt0_unpack' 
INFO: [HLS 200-10] ----------------------------------------------------------------
INFO: [SCHED 204-11] Starting scheduling ...
INFO: [SCHED 204-11] Finished scheduling.
INFO: [HLS 200-111]  Elapsed time: 0.13 seconds; current allocated memory: 418.463 MB.
INFO: [BIND 205-100] Starting micro-architecture generation ...
INFO: [BIND 205-101] Performing variable lifetime analysis.
INFO: [BIND 205-101] Exploring resource sharing.
INFO: [BIND 205-101] Binding ...
INFO: [BIND 205-100] Finished micro-architecture generation.
INFO: [HLS 200-111]  Elapsed time: 0.13 seconds; current allocated memory: 419.129 MB.
INFO: [HLS 200-10] ----------------------------------------------------------------
INFO: [HLS 200-42] -- Implementing module 'unpack_sk' 
INFO: [HLS 200-10] ----------------------------------------------------------------
INFO: [SCHED 204-11] Starting scheduling ...
INFO: [SCHED 204-11] Finished scheduling.
INFO: [HLS 200-111]  Elapsed time: 0.16 seconds; current allocated memory: 419.453 MB.
INFO: [BIND 205-100] Starting micro-architecture generation ...
INFO: [BIND 205-101] Performing variable lifetime analysis.
INFO: [BIND 205-101] Exploring resource sharing.
INFO: [BIND 205-101] Binding ...
INFO: [BIND 205-100] Finished micro-architecture generation.
INFO: [HLS 200-111]  Elapsed time: 0.1 seconds; current allocated memory: 419.792 MB.
INFO: [HLS 200-10] ----------------------------------------------------------------
INFO: [HLS 200-42] -- Implementing module 'shake256_absorb_3' 
INFO: [HLS 200-10] ----------------------------------------------------------------
INFO: [SCHED 204-11] Starting scheduling ...
INFO: [SCHED 204-11] Finished scheduling.
INFO: [HLS 200-111]  Elapsed time: 0.14 seconds; current allocated memory: 420.109 MB.
INFO: [BIND 205-100] Starting micro-architecture generation ...
INFO: [BIND 205-101] Performing variable lifetime analysis.
INFO: [BIND 205-101] Exploring resource sharing.
INFO: [BIND 205-101] Binding ...
INFO: [BIND 205-100] Finished micro-architecture generation.
INFO: [HLS 200-111]  Elapsed time: 0.03 seconds; current allocated memory: 420.253 MB.
INFO: [HLS 200-10] ----------------------------------------------------------------
INFO: [HLS 200-42] -- Implementing module 'load64_1' 
INFO: [HLS 200-10] ----------------------------------------------------------------
INFO: [SCHED 204-11] Starting scheduling ...
INFO: [SCHED 204-11] Finished scheduling.
INFO: [HLS 200-111]  Elapsed time: 0.04 seconds; current allocated memory: 420.389 MB.
INFO: [BIND 205-100] Starting micro-architecture generation ...
INFO: [BIND 205-101] Performing variable lifetime analysis.
INFO: [BIND 205-101] Exploring resource sharing.
INFO: [BIND 205-101] Binding ...
INFO: [BIND 205-100] Finished micro-architecture generation.
INFO: [HLS 200-111]  Elapsed time: 0.02 seconds; current allocated memory: 420.482 MB.
INFO: [HLS 200-10] ----------------------------------------------------------------
INFO: [HLS 200-42] -- Implementing module 'KeccakF1600_StatePer_1' 
INFO: [HLS 200-10] ----------------------------------------------------------------
INFO: [SCHED 204-11] Starting scheduling ...
INFO: [SCHED 204-11] Finished scheduling.
INFO: [HLS 200-111]  Elapsed time: 0.19 seconds; current allocated memory: 421.840 MB.
INFO: [BIND 205-100] Starting micro-architecture generation ...
INFO: [BIND 205-101] Performing variable lifetime analysis.
INFO: [BIND 205-101] Exploring resource sharing.
INFO: [BIND 205-101] Binding ...
INFO: [BIND 205-100] Finished micro-architecture generation.
INFO: [HLS 200-111]  Elapsed time: 0.34 seconds; current allocated memory: 423.793 MB.
INFO: [HLS 200-10] ----------------------------------------------------------------
INFO: [HLS 200-42] -- Implementing module 'shake256_absorb_4' 
INFO: [HLS 200-10] ----------------------------------------------------------------
INFO: [SCHED 204-11] Starting scheduling ...
INFO: [SCHED 204-11] Finished scheduling.
INFO: [HLS 200-111]  Elapsed time: 0.46 seconds; current allocated memory: 424.497 MB.
INFO: [BIND 205-100] Starting micro-architecture generation ...
INFO: [BIND 205-101] Performing variable lifetime analysis.
INFO: [BIND 205-101] Exploring resource sharing.
INFO: [BIND 205-101] Binding ...
INFO: [BIND 205-100] Finished micro-architecture generation.
INFO: [HLS 200-111]  Elapsed time: 0.21 seconds; current allocated memory: 425.219 MB.
INFO: [HLS 200-10] ----------------------------------------------------------------
INFO: [HLS 200-42] -- Implementing module 'KeccakF1600_StatePer' 
INFO: [HLS 200-10] ----------------------------------------------------------------
INFO: [SCHED 204-11] Starting scheduling ...
INFO: [SCHED 204-11] Finished scheduling.
INFO: [HLS 200-111]  Elapsed time: 0.43 seconds; current allocated memory: 426.857 MB.
INFO: [BIND 205-100] Starting micro-architecture generation ...
INFO: [BIND 205-101] Performing variable lifetime analysis.
INFO: [BIND 205-101] Exploring resource sharing.
INFO: [BIND 205-101] Binding ...
INFO: [BIND 205-100] Finished micro-architecture generation.
INFO: [HLS 200-111]  Elapsed time: 0.34 seconds; current allocated memory: 428.827 MB.
INFO: [HLS 200-10] ----------------------------------------------------------------
INFO: [HLS 200-42] -- Implementing module 'shake128_absorb' 
INFO: [HLS 200-10] ----------------------------------------------------------------
INFO: [SCHED 204-11] Starting scheduling ...
INFO: [SCHED 204-11] Finished scheduling.
INFO: [HLS 200-111]  Elapsed time: 0.43 seconds; current allocated memory: 429.325 MB.
INFO: [BIND 205-100] Starting micro-architecture generation ...
INFO: [BIND 205-101] Performing variable lifetime analysis.
INFO: [BIND 205-101] Exploring resource sharing.
INFO: [BIND 205-101] Binding ...
INFO: [BIND 205-100] Finished micro-architecture generation.
INFO: [HLS 200-111]  Elapsed time: 0.04 seconds; current allocated memory: 429.537 MB.
INFO: [HLS 200-10] ----------------------------------------------------------------
INFO: [HLS 200-42] -- Implementing module 'keccak_squeezeblocks_2' 
INFO: [HLS 200-10] ----------------------------------------------------------------
INFO: [SCHED 204-11] Starting scheduling ...
INFO: [SCHED 204-11] Finished scheduling.
INFO: [HLS 200-111]  Elapsed time: 0.06 seconds; current allocated memory: 429.686 MB.
INFO: [BIND 205-100] Starting micro-architecture generation ...
INFO: [BIND 205-101] Performing variable lifetime analysis.
INFO: [BIND 205-101] Exploring resource sharing.
INFO: [BIND 205-101] Binding ...
INFO: [BIND 205-100] Finished micro-architecture generation.
INFO: [HLS 200-111]  Elapsed time: 0.08 seconds; current allocated memory: 429.916 MB.
INFO: [HLS 200-10] ----------------------------------------------------------------
INFO: [HLS 200-42] -- Implementing module 'rej_uniform' 
INFO: [HLS 200-10] ----------------------------------------------------------------
INFO: [SCHED 204-11] Starting scheduling ...
INFO: [SCHED 204-11] Finished scheduling.
INFO: [HLS 200-111]  Elapsed time: 0.2 seconds; current allocated memory: 430.327 MB.
INFO: [BIND 205-100] Starting micro-architecture generation ...
INFO: [BIND 205-101] Performing variable lifetime analysis.
INFO: [BIND 205-101] Exploring resource sharing.
INFO: [BIND 205-101] Binding ...
INFO: [BIND 205-100] Finished micro-architecture generation.
INFO: [HLS 200-111]  Elapsed time: 0.04 seconds; current allocated memory: 430.517 MB.
INFO: [HLS 200-10] ----------------------------------------------------------------
INFO: [HLS 200-42] -- Implementing module 'poly_uniform' 
INFO: [HLS 200-10] ----------------------------------------------------------------
INFO: [SCHED 204-11] Starting scheduling ...
INFO: [SCHED 204-11] Finished scheduling.
INFO: [HLS 200-111]  Elapsed time: 0.07 seconds; current allocated memory: 430.940 MB.
INFO: [BIND 205-100] Starting micro-architecture generation ...
INFO: [BIND 205-101] Performing variable lifetime analysis.
INFO: [BIND 205-101] Exploring resource sharing.
INFO: [BIND 205-101] Binding ...
INFO: [BIND 205-100] Finished micro-architecture generation.
INFO: [HLS 200-111]  Elapsed time: 0.26 seconds; current allocated memory: 431.591 MB.
INFO: [HLS 200-10] ----------------------------------------------------------------
INFO: [HLS 200-42] -- Implementing module 'ntt' 
INFO: [HLS 200-10] ----------------------------------------------------------------
INFO: [SCHED 204-11] Starting scheduling ...
INFO: [SCHED 204-11] Finished scheduling.
INFO: [HLS 200-111]  Elapsed time: 0.29 seconds; current allocated memory: 432.343 MB.
INFO: [BIND 205-100] Starting micro-architecture generation ...
INFO: [BIND 205-101] Performing variable lifetime analysis.
INFO: [BIND 205-101] Exploring resource sharing.
INFO: [BIND 205-101] Binding ...
INFO: [BIND 205-100] Finished micro-architecture generation.
INFO: [HLS 200-111]  Elapsed time: 0.05 seconds; current allocated memory: 432.601 MB.
INFO: [HLS 200-10] ----------------------------------------------------------------
INFO: [HLS 200-42] -- Implementing module 'shake256_absorb_2' 
INFO: [HLS 200-10] ----------------------------------------------------------------
INFO: [SCHED 204-11] Starting scheduling ...
INFO: [SCHED 204-11] Finished scheduling.
INFO: [HLS 200-111]  Elapsed time: 0.07 seconds; current allocated memory: 432.827 MB.
INFO: [BIND 205-100] Starting micro-architecture generation ...
INFO: [BIND 205-101] Performing variable lifetime analysis.
INFO: [BIND 205-101] Exploring resource sharing.
INFO: [BIND 205-101] Binding ...
INFO: [BIND 205-100] Finished micro-architecture generation.
INFO: [HLS 200-111]  Elapsed time: 0.04 seconds; current allocated memory: 433.031 MB.
INFO: [HLS 200-10] ----------------------------------------------------------------
INFO: [HLS 200-42] -- Implementing module 'keccak_squeezeblocks' 
INFO: [HLS 200-10] ----------------------------------------------------------------
INFO: [SCHED 204-11] Starting scheduling ...
INFO: [SCHED 204-11] Finished scheduling.
INFO: [HLS 200-111]  Elapsed time: 0.06 seconds; current allocated memory: 433.170 MB.
INFO: [BIND 205-100] Starting micro-architecture generation ...
INFO: [BIND 205-101] Performing variable lifetime analysis.
INFO: [BIND 205-101] Exploring resource sharing.
INFO: [BIND 205-101] Binding ...
INFO: [BIND 205-100] Finished micro-architecture generation.
INFO: [HLS 200-111]  Elapsed time: 0.08 seconds; current allocated memory: 433.411 MB.
INFO: [HLS 200-10] ----------------------------------------------------------------
INFO: [HLS 200-42] -- Implementing module 'polyvecl_uniform_gam' 
INFO: [HLS 200-10] ----------------------------------------------------------------
INFO: [SCHED 204-11] Starting scheduling ...
INFO: [SCHED 204-11] Finished scheduling.
INFO: [HLS 200-111]  Elapsed time: 0.23 seconds; current allocated memory: 434.191 MB.
INFO: [BIND 205-100] Starting micro-architecture generation ...
INFO: [BIND 205-101] Performing variable lifetime analysis.
INFO: [BIND 205-101] Exploring resource sharing.
INFO: [BIND 205-101] Binding ...
INFO: [BIND 205-100] Finished micro-architecture generation.
INFO: [HLS 200-111]  Elapsed time: 0.24 seconds; current allocated memory: 434.948 MB.
INFO: [HLS 200-10] ----------------------------------------------------------------
INFO: [HLS 200-42] -- Implementing module 'polyvecl_pointwise_a' 
INFO: [HLS 200-10] ----------------------------------------------------------------
INFO: [SCHED 204-11] Starting scheduling ...
INFO: [SCHED 204-11] Finished scheduling.
INFO: [HLS 200-111]  Elapsed time: 0.33 seconds; current allocated memory: 435.577 MB.
INFO: [BIND 205-100] Starting micro-architecture generation ...
INFO: [BIND 205-101] Performing variable lifetime analysis.
INFO: [BIND 205-101] Exploring resource sharing.
INFO: [BIND 205-101] Binding ...
INFO: [BIND 205-100] Finished micro-architecture generation.
INFO: [HLS 200-111]  Elapsed time: 0.07 seconds; current allocated memory: 435.913 MB.
INFO: [HLS 200-10] ----------------------------------------------------------------
INFO: [HLS 200-42] -- Implementing module 'polyveck_reduce' 
INFO: [HLS 200-10] ----------------------------------------------------------------
INFO: [SCHED 204-11] Starting scheduling ...
INFO: [SCHED 204-11] Finished scheduling.
INFO: [HLS 200-111]  Elapsed time: 0.13 seconds; current allocated memory: 436.110 MB.
INFO: [BIND 205-100] Starting micro-architecture generation ...
INFO: [BIND 205-101] Performing variable lifetime analysis.
INFO: [BIND 205-101] Exploring resource sharing.
INFO: [BIND 205-101] Binding ...
INFO: [BIND 205-100] Finished micro-architecture generation.
INFO: [HLS 200-111]  Elapsed time: 0.03 seconds; current allocated memory: 436.225 MB.
INFO: [HLS 200-10] ----------------------------------------------------------------
INFO: [HLS 200-42] -- Implementing module 'invntt_tomont' 
INFO: [HLS 200-10] ----------------------------------------------------------------
INFO: [SCHED 204-11] Starting scheduling ...
INFO: [SCHED 204-11] Finished scheduling.
INFO: [HLS 200-111]  Elapsed time: 0.11 seconds; current allocated memory: 436.522 MB.
INFO: [BIND 205-100] Starting micro-architecture generation ...
INFO: [BIND 205-101] Performing variable lifetime analysis.
INFO: [BIND 205-101] Exploring resource sharing.
INFO: [BIND 205-101] Binding ...
INFO: [BIND 205-100] Finished micro-architecture generation.
INFO: [HLS 200-111]  Elapsed time: 0.06 seconds; current allocated memory: 436.853 MB.
INFO: [HLS 200-10] ----------------------------------------------------------------
INFO: [HLS 200-42] -- Implementing module 'polyveck_invntt_tomo' 
INFO: [HLS 200-10] ----------------------------------------------------------------
INFO: [SCHED 204-11] Starting scheduling ...
INFO: [SCHED 204-11] Finished scheduling.
INFO: [HLS 200-111]  Elapsed time: 0.09 seconds; current allocated memory: 436.978 MB.
INFO: [BIND 205-100] Starting micro-architecture generation ...
INFO: [BIND 205-101] Performing variable lifetime analysis.
INFO: [BIND 205-101] Exploring resource sharing.
INFO: [BIND 205-101] Binding ...
INFO: [BIND 205-100] Finished micro-architecture generation.
INFO: [HLS 200-111]  Elapsed time: 0.02 seconds; current allocated memory: 437.033 MB.
INFO: [HLS 200-10] ----------------------------------------------------------------
INFO: [HLS 200-42] -- Implementing module 'polyveck_caddq' 
INFO: [HLS 200-10] ----------------------------------------------------------------
INFO: [SCHED 204-11] Starting scheduling ...
INFO: [SCHED 204-11] Finished scheduling.
INFO: [HLS 200-111]  Elapsed time: 0.05 seconds; current allocated memory: 437.134 MB.
INFO: [BIND 205-100] Starting micro-architecture generation ...
INFO: [BIND 205-101] Performing variable lifetime analysis.
INFO: [BIND 205-101] Exploring resource sharing.
INFO: [BIND 205-101] Binding ...
INFO: [BIND 205-100] Finished micro-architecture generation.
INFO: [HLS 200-111]  Elapsed time: 0.03 seconds; current allocated memory: 437.280 MB.
INFO: [HLS 200-10] ----------------------------------------------------------------
INFO: [HLS 200-42] -- Implementing module 'polyveck_pack_w1' 
INFO: [HLS 200-10] ----------------------------------------------------------------
INFO: [SCHED 204-11] Starting scheduling ...
INFO: [SCHED 204-11] Finished scheduling.
INFO: [HLS 200-111]  Elapsed time: 0.05 seconds; current allocated memory: 437.505 MB.
INFO: [BIND 205-100] Starting micro-architecture generation ...
INFO: [BIND 205-101] Performing variable lifetime analysis.
INFO: [BIND 205-101] Exploring resource sharing.
INFO: [BIND 205-101] Binding ...
INFO: [BIND 205-100] Finished micro-architecture generation.
INFO: [HLS 200-111]  Elapsed time: 0.05 seconds; current allocated memory: 437.782 MB.
INFO: [HLS 200-10] ----------------------------------------------------------------
INFO: [HLS 200-42] -- Implementing module 'keccak_squeezeblocks_1' 
INFO: [HLS 200-10] ----------------------------------------------------------------
INFO: [SCHED 204-11] Starting scheduling ...
INFO: [SCHED 204-11] Finished scheduling.
INFO: [HLS 200-111]  Elapsed time: 0.07 seconds; current allocated memory: 437.950 MB.
INFO: [BIND 205-100] Starting micro-architecture generation ...
INFO: [BIND 205-101] Performing variable lifetime analysis.
INFO: [BIND 205-101] Exploring resource sharing.
INFO: [BIND 205-101] Binding ...
INFO: [BIND 205-100] Finished micro-architecture generation.
INFO: [HLS 200-111]  Elapsed time: 0.09 seconds; current allocated memory: 438.144 MB.
INFO: [HLS 200-10] ----------------------------------------------------------------
INFO: [HLS 200-42] -- Implementing module 'poly_challenge' 
INFO: [HLS 200-10] ----------------------------------------------------------------
INFO: [SCHED 204-11] Starting scheduling ...
INFO: [SCHED 204-11] Finished scheduling.
INFO: [HLS 200-111]  Elapsed time: 0.22 seconds; current allocated memory: 438.796 MB.
INFO: [BIND 205-100] Starting micro-architecture generation ...
INFO: [BIND 205-101] Performing variable lifetime analysis.
INFO: [BIND 205-101] Exploring resource sharing.
INFO: [BIND 205-101] Binding ...
INFO: [BIND 205-100] Finished micro-architecture generation.
INFO: [HLS 200-111]  Elapsed time: 0.15 seconds; current allocated memory: 439.292 MB.
INFO: [HLS 200-10] ----------------------------------------------------------------
INFO: [HLS 200-42] -- Implementing module 'ntt_1' 
INFO: [HLS 200-10] ----------------------------------------------------------------
INFO: [SCHED 204-11] Starting scheduling ...
INFO: [SCHED 204-11] Finished scheduling.
INFO: [HLS 200-111]  Elapsed time: 0.28 seconds; current allocated memory: 439.773 MB.
INFO: [BIND 205-100] Starting micro-architecture generation ...
INFO: [BIND 205-101] Performing variable lifetime analysis.
INFO: [BIND 205-101] Exploring resource sharing.
INFO: [BIND 205-101] Binding ...
INFO: [BIND 205-100] Finished micro-architecture generation.
INFO: [HLS 200-111]  Elapsed time: 0.05 seconds; current allocated memory: 440.045 MB.
INFO: [HLS 200-10] ----------------------------------------------------------------
INFO: [HLS 200-42] -- Implementing module 'polyveck_pointwise_p' 
INFO: [HLS 200-10] ----------------------------------------------------------------
INFO: [SCHED 204-11] Starting scheduling ...
INFO: [SCHED 204-11] Finished scheduling.
INFO: [HLS 200-111]  Elapsed time: 0.07 seconds; current allocated memory: 440.191 MB.
INFO: [BIND 205-100] Starting micro-architecture generation ...
INFO: [BIND 205-101] Performing variable lifetime analysis.
INFO: [BIND 205-101] Exploring resource sharing.
INFO: [BIND 205-101] Binding ...
INFO: [BIND 205-100] Finished micro-architecture generation.
INFO: [HLS 200-111]  Elapsed time: 0.04 seconds; current allocated memory: 440.332 MB.
INFO: [HLS 200-10] ----------------------------------------------------------------
INFO: [HLS 200-42] -- Implementing module 'polyveck_chknorm' 
INFO: [HLS 200-10] ----------------------------------------------------------------
INFO: [SCHED 204-11] Starting scheduling ...
INFO: [SCHED 204-11] Finished scheduling.
INFO: [HLS 200-111]  Elapsed time: 0.05 seconds; current allocated memory: 440.499 MB.
INFO: [BIND 205-100] Starting micro-architecture generation ...
INFO: [BIND 205-101] Performing variable lifetime analysis.
INFO: [BIND 205-101] Exploring resource sharing.
INFO: [BIND 205-101] Binding ...
INFO: [BIND 205-100] Finished micro-architecture generation.
INFO: [HLS 200-111]  Elapsed time: 0.04 seconds; current allocated memory: 440.681 MB.
INFO: [HLS 200-10] ----------------------------------------------------------------
INFO: [HLS 200-42] -- Implementing module 'polyz_pack' 
INFO: [HLS 200-10] ----------------------------------------------------------------
INFO: [SCHED 204-11] Starting scheduling ...
INFO: [SCHED 204-11] Finished scheduling.
INFO: [HLS 200-111]  Elapsed time: 0.07 seconds; current allocated memory: 441.010 MB.
INFO: [BIND 205-100] Starting micro-architecture generation ...
INFO: [BIND 205-101] Performing variable lifetime analysis.
INFO: [BIND 205-101] Exploring resource sharing.
INFO: [BIND 205-101] Binding ...
INFO: [BIND 205-100] Finished micro-architecture generation.
INFO: [HLS 200-111]  Elapsed time: 0.09 seconds; current allocated memory: 441.427 MB.
INFO: [HLS 200-10] ----------------------------------------------------------------
INFO: [HLS 200-42] -- Implementing module 'pack_sig' 
INFO: [HLS 200-10] ----------------------------------------------------------------
INFO: [SCHED 204-11] Starting scheduling ...
INFO: [SCHED 204-11] Finished scheduling.
INFO: [HLS 200-111]  Elapsed time: 0.11 seconds; current allocated memory: 441.679 MB.
INFO: [BIND 205-100] Starting micro-architecture generation ...
INFO: [BIND 205-101] Performing variable lifetime analysis.
INFO: [BIND 205-101] Exploring resource sharing.
INFO: [BIND 205-101] Binding ...
INFO: [BIND 205-100] Finished micro-architecture generation.
INFO: [HLS 200-111]  Elapsed time: 0.06 seconds; current allocated memory: 441.927 MB.
INFO: [HLS 200-10] ----------------------------------------------------------------
INFO: [HLS 200-42] -- Implementing module 'crypto_sign' 
INFO: [HLS 200-10] ----------------------------------------------------------------
INFO: [SCHED 204-11] Starting scheduling ...
INFO: [SCHED 204-11] Finished scheduling.
INFO: [HLS 200-111]  Elapsed time: 0.32 seconds; current allocated memory: 444.083 MB.
INFO: [BIND 205-100] Starting micro-architecture generation ...
INFO: [BIND 205-101] Performing variable lifetime analysis.
INFO: [BIND 205-101] Exploring resource sharing.
INFO: [BIND 205-101] Binding ...
INFO: [BIND 205-100] Finished micro-architecture generation.
INFO: [HLS 200-111]  Elapsed time: 4.03 seconds; current allocated memory: 451.414 MB.
INFO: [HLS 200-10] ----------------------------------------------------------------
INFO: [HLS 200-10] -- Generating RTL for module 'polyeta_unpack' 
INFO: [HLS 200-10] ----------------------------------------------------------------
INFO: [RTGEN 206-100] Finished creating RTL model for 'polyeta_unpack'.
INFO: [HLS 200-111]  Elapsed time: 1.85 seconds; current allocated memory: 454.073 MB.
INFO: [HLS 200-10] ----------------------------------------------------------------
INFO: [HLS 200-10] -- Generating RTL for module 'polyt0_unpack' 
INFO: [HLS 200-10] ----------------------------------------------------------------
INFO: [RTGEN 206-100] Finished creating RTL model for 'polyt0_unpack'.
INFO: [HLS 200-111]  Elapsed time: 0.14 seconds; current allocated memory: 456.767 MB.
INFO: [HLS 200-10] ----------------------------------------------------------------
INFO: [HLS 200-10] -- Generating RTL for module 'unpack_sk' 
INFO: [HLS 200-10] ----------------------------------------------------------------
INFO: [RTGEN 206-100] Finished creating RTL model for 'unpack_sk'.
INFO: [HLS 200-111]  Elapsed time: 0.27 seconds; current allocated memory: 460.197 MB.
INFO: [HLS 200-10] ----------------------------------------------------------------
INFO: [HLS 200-10] -- Generating RTL for module 'shake256_absorb_3' 
INFO: [HLS 200-10] ----------------------------------------------------------------
INFO: [RTGEN 206-100] Finished creating RTL model for 'shake256_absorb_3'.
INFO: [HLS 200-111]  Elapsed time: 0.22 seconds; current allocated memory: 462.075 MB.
INFO: [HLS 200-10] ----------------------------------------------------------------
INFO: [HLS 200-10] -- Generating RTL for module 'load64_1' 
INFO: [HLS 200-10] ----------------------------------------------------------------
INFO: [RTGEN 206-100] Finished creating RTL model for 'load64_1'.
INFO: [HLS 200-111]  Elapsed time: 0.09 seconds; current allocated memory: 462.948 MB.
INFO: [HLS 200-10] ----------------------------------------------------------------
INFO: [HLS 200-10] -- Generating RTL for module 'KeccakF1600_StatePer_1' 
INFO: [HLS 200-10] ----------------------------------------------------------------
INFO: [SYN 201-210] Renamed object name 'KeccakF1600_StatePer_1_KeccakF_RoundConstan' to 'KeccakF1600_Statebkb' due to the length limit 20
INFO: [RTGEN 206-100] Finished creating RTL model for 'KeccakF1600_StatePer_1'.
INFO: [HLS 200-111]  Elapsed time: 0.12 seconds; current allocated memory: 466.472 MB.
INFO: [HLS 200-10] ----------------------------------------------------------------
INFO: [HLS 200-10] -- Generating RTL for module 'shake256_absorb_4' 
INFO: [HLS 200-10] ----------------------------------------------------------------
INFO: [RTGEN 206-100] Finished creating RTL model for 'shake256_absorb_4'.
INFO: [HLS 200-111]  Elapsed time: 0.84 seconds; current allocated memory: 475.998 MB.
INFO: [HLS 200-10] ----------------------------------------------------------------
INFO: [HLS 200-10] -- Generating RTL for module 'KeccakF1600_StatePer' 
INFO: [HLS 200-10] ----------------------------------------------------------------
INFO: [SYN 201-210] Renamed object name 'KeccakF1600_StatePer_KeccakF_RoundConstan' to 'KeccakF1600_Statecud' due to the length limit 20
INFO: [RTGEN 206-100] Finished creating RTL model for 'KeccakF1600_StatePer'.
INFO: [HLS 200-111]  Elapsed time: 0.5 seconds; current allocated memory: 482.077 MB.
INFO: [HLS 200-10] ----------------------------------------------------------------
INFO: [HLS 200-10] -- Generating RTL for module 'shake128_absorb' 
INFO: [HLS 200-10] ----------------------------------------------------------------
INFO: [RTGEN 206-100] Finished creating RTL model for 'shake128_absorb'.
INFO: [HLS 200-111]  Elapsed time: 0.88 seconds; current allocated memory: 490.883 MB.
INFO: [HLS 200-10] ----------------------------------------------------------------
INFO: [HLS 200-10] -- Generating RTL for module 'keccak_squeezeblocks_2' 
INFO: [HLS 200-10] ----------------------------------------------------------------
INFO: [RTGEN 206-100] Finished creating RTL model for 'keccak_squeezeblocks_2'.
INFO: [HLS 200-111]  Elapsed time: 0.22 seconds; current allocated memory: 492.260 MB.
INFO: [HLS 200-10] ----------------------------------------------------------------
INFO: [HLS 200-10] -- Generating RTL for module 'rej_uniform' 
INFO: [HLS 200-10] ----------------------------------------------------------------
INFO: [RTGEN 206-100] Finished creating RTL model for 'rej_uniform'.
INFO: [HLS 200-111]  Elapsed time: 0.35 seconds; current allocated memory: 493.612 MB.
INFO: [HLS 200-10] ----------------------------------------------------------------
INFO: [HLS 200-10] -- Generating RTL for module 'poly_uniform' 
INFO: [HLS 200-10] ----------------------------------------------------------------
INFO: [SYN 201-210] Renamed object name 'poly_uniform_state_s' to 'poly_uniform_statdEe' due to the length limit 20
INFO: [SYN 201-210] Renamed object name 'crypto_sign_urem_9s_3ns_9_13_seq_1' to 'crypto_sign_urem_eOg' due to the length limit 20
INFO: [RTGEN 206-100] Generating core module 'crypto_sign_urem_eOg': 1 instance(s).
INFO: [RTGEN 206-100] Finished creating RTL model for 'poly_uniform'.
INFO: [HLS 200-111]  Elapsed time: 0.23 seconds; current allocated memory: 495.401 MB.
INFO: [HLS 200-10] ----------------------------------------------------------------
INFO: [HLS 200-10] -- Generating RTL for module 'ntt' 
INFO: [HLS 200-10] ----------------------------------------------------------------
INFO: [RTGEN 206-100] Finished creating RTL model for 'ntt'.
INFO: [HLS 200-111]  Elapsed time: 0.5 seconds; current allocated memory: 498.078 MB.
INFO: [HLS 200-10] ----------------------------------------------------------------
INFO: [HLS 200-10] -- Generating RTL for module 'shake256_absorb_2' 
INFO: [HLS 200-10] ----------------------------------------------------------------
INFO: [RTGEN 206-100] Finished creating RTL model for 'shake256_absorb_2'.
INFO: [HLS 200-111]  Elapsed time: 0.27 seconds; current allocated memory: 499.651 MB.
INFO: [HLS 200-10] ----------------------------------------------------------------
INFO: [HLS 200-10] -- Generating RTL for module 'keccak_squeezeblocks' 
INFO: [HLS 200-10] ----------------------------------------------------------------
INFO: [RTGEN 206-100] Finished creating RTL model for 'keccak_squeezeblocks'.
INFO: [HLS 200-111]  Elapsed time: 0.24 seconds; current allocated memory: 500.997 MB.
INFO: [HLS 200-10] ----------------------------------------------------------------
INFO: [HLS 200-10] -- Generating RTL for module 'polyvecl_uniform_gam' 
INFO: [HLS 200-10] ----------------------------------------------------------------
INFO: [SYN 201-210] Renamed object name 'polyvecl_uniform_gam_buf' to 'polyvecl_uniform_fYi' due to the length limit 20
INFO: [SYN 201-210] Renamed object name 'polyvecl_uniform_gam_state_s' to 'polyvecl_uniform_g8j' due to the length limit 20
INFO: [RTGEN 206-100] Finished creating RTL model for 'polyvecl_uniform_gam'.
INFO: [HLS 200-111]  Elapsed time: 0.44 seconds; current allocated memory: 503.053 MB.
INFO: [HLS 200-10] ----------------------------------------------------------------
INFO: [HLS 200-10] -- Generating RTL for module 'polyvecl_pointwise_a' 
INFO: [HLS 200-10] ----------------------------------------------------------------
INFO: [SYN 201-210] Renamed object name 'polyvecl_pointwise_a_t_coeffs' to 'polyvecl_pointwishbi' due to the length limit 20
INFO: [RTGEN 206-100] Finished creating RTL model for 'polyvecl_pointwise_a'.
INFO: [HLS 200-111]  Elapsed time: 0.6 seconds; current allocated memory: 506.756 MB.
INFO: [HLS 200-10] ----------------------------------------------------------------
INFO: [HLS 200-10] -- Generating RTL for module 'polyveck_reduce' 
INFO: [HLS 200-10] ----------------------------------------------------------------
INFO: [SYN 201-210] Renamed object name 'crypto_sign_mac_muladd_9s_24s_32ns_32_1_1' to 'crypto_sign_mac_mibs' due to the length limit 20
INFO: [RTGEN 206-100] Generating core module 'crypto_sign_mac_mibs': 1 instance(s).
INFO: [RTGEN 206-100] Finished creating RTL model for 'polyveck_reduce'.
INFO: [HLS 200-111]  Elapsed time: 0.33 seconds; current allocated memory: 508.560 MB.
INFO: [HLS 200-10] ----------------------------------------------------------------
INFO: [HLS 200-10] -- Generating RTL for module 'invntt_tomont' 
INFO: [HLS 200-10] ----------------------------------------------------------------
INFO: [RTGEN 206-100] Finished creating RTL model for 'invntt_tomont'.
INFO: [HLS 200-111]  Elapsed time: 0.23 seconds; current allocated memory: 509.682 MB.
INFO: [HLS 200-10] ----------------------------------------------------------------
INFO: [HLS 200-10] -- Generating RTL for module 'polyveck_invntt_tomo' 
INFO: [HLS 200-10] ----------------------------------------------------------------
INFO: [RTGEN 206-100] Finished creating RTL model for 'polyveck_invntt_tomo'.
INFO: [HLS 200-111]  Elapsed time: 0.32 seconds; current allocated memory: 511.510 MB.
INFO: [HLS 200-10] ----------------------------------------------------------------
INFO: [HLS 200-10] -- Generating RTL for module 'polyveck_caddq' 
INFO: [HLS 200-10] ----------------------------------------------------------------
INFO: [RTGEN 206-100] Finished creating RTL model for 'polyveck_caddq'.
INFO: [HLS 200-111]  Elapsed time: 0.23 seconds; current allocated memory: 511.968 MB.
INFO: [HLS 200-10] ----------------------------------------------------------------
INFO: [HLS 200-10] -- Generating RTL for module 'polyveck_pack_w1' 
INFO: [HLS 200-10] ----------------------------------------------------------------
INFO: [RTGEN 206-100] Finished creating RTL model for 'polyveck_pack_w1'.
INFO: [HLS 200-111]  Elapsed time: 0.24 seconds; current allocated memory: 513.037 MB.
INFO: [HLS 200-10] ----------------------------------------------------------------
INFO: [HLS 200-10] -- Generating RTL for module 'keccak_squeezeblocks_1' 
INFO: [HLS 200-10] ----------------------------------------------------------------
INFO: [RTGEN 206-100] Finished creating RTL model for 'keccak_squeezeblocks_1'.
INFO: [HLS 200-111]  Elapsed time: 0.29 seconds; current allocated memory: 514.556 MB.
INFO: [HLS 200-10] ----------------------------------------------------------------
INFO: [HLS 200-10] -- Generating RTL for module 'poly_challenge' 
INFO: [HLS 200-10] ----------------------------------------------------------------
INFO: [SYN 201-210] Renamed object name 'poly_challenge_state_s' to 'poly_challenge_stjbC' due to the length limit 20
INFO: [RTGEN 206-100] Finished creating RTL model for 'poly_challenge'.
INFO: [HLS 200-111]  Elapsed time: 0.4 seconds; current allocated memory: 516.359 MB.
INFO: [HLS 200-10] ----------------------------------------------------------------
INFO: [HLS 200-10] -- Generating RTL for module 'ntt_1' 
INFO: [HLS 200-10] ----------------------------------------------------------------
INFO: [RTGEN 206-100] Finished creating RTL model for 'ntt_1'.
INFO: [HLS 200-111]  Elapsed time: 0.53 seconds; current allocated memory: 519.042 MB.
INFO: [HLS 200-10] ----------------------------------------------------------------
INFO: [HLS 200-10] -- Generating RTL for module 'polyveck_pointwise_p' 
INFO: [HLS 200-10] ----------------------------------------------------------------
INFO: [RTGEN 206-100] Finished creating RTL model for 'polyveck_pointwise_p'.
INFO: [HLS 200-111]  Elapsed time: 0.3 seconds; current allocated memory: 520.450 MB.
INFO: [HLS 200-10] ----------------------------------------------------------------
INFO: [HLS 200-10] -- Generating RTL for module 'polyveck_chknorm' 
INFO: [HLS 200-10] ----------------------------------------------------------------
INFO: [RTGEN 206-100] Finished creating RTL model for 'polyveck_chknorm'.
INFO: [HLS 200-111]  Elapsed time: 0.26 seconds; current allocated memory: 521.422 MB.
INFO: [HLS 200-10] ----------------------------------------------------------------
INFO: [HLS 200-10] -- Generating RTL for module 'polyz_pack' 
INFO: [HLS 200-10] ----------------------------------------------------------------
INFO: [RTGEN 206-100] Finished creating RTL model for 'polyz_pack'.
INFO: [HLS 200-111]  Elapsed time: 0.26 seconds; current allocated memory: 522.741 MB.
INFO: [HLS 200-10] ----------------------------------------------------------------
INFO: [HLS 200-10] -- Generating RTL for module 'pack_sig' 
INFO: [HLS 200-10] ----------------------------------------------------------------
INFO: [RTGEN 206-100] Finished creating RTL model for 'pack_sig'.
INFO: [HLS 200-111]  Elapsed time: 0.41 seconds; current allocated memory: 524.876 MB.
INFO: [HLS 200-10] ----------------------------------------------------------------
INFO: [HLS 200-10] -- Generating RTL for module 'crypto_sign' 
INFO: [HLS 200-10] ----------------------------------------------------------------
INFO: [RTGEN 206-500] Setting interface mode on port 'crypto_sign/sm' to 'ap_memory'.
INFO: [RTGEN 206-500] Setting interface mode on port 'crypto_sign/smlen' to 'ap_vld'.
INFO: [RTGEN 206-500] Setting interface mode on port 'crypto_sign/m' to 'ap_memory'.
INFO: [RTGEN 206-500] Setting interface mode on port 'crypto_sign/mlen' to 'ap_none'.
INFO: [RTGEN 206-500] Setting interface mode on port 'crypto_sign/sk' to 'ap_memory'.
INFO: [RTGEN 206-500] Setting interface mode on function 'crypto_sign' to 'ap_ctrl_hs'.
INFO: [SYN 201-210] Renamed object name 'crypto_sign_state_0_s' to 'crypto_sign_statekbM' due to the length limit 20
INFO: [SYN 201-210] Renamed object name 'crypto_sign_mat_vec_coeffs' to 'crypto_sign_mat_vlbW' due to the length limit 20
INFO: [SYN 201-210] Renamed object name 'crypto_sign_s1_vec_coeffs' to 'crypto_sign_s1_vemb6' due to the length limit 20
INFO: [SYN 201-210] Renamed object name 'crypto_sign_y_vec_coeffs' to 'crypto_sign_y_vecncg' due to the length limit 20
INFO: [SYN 201-210] Renamed object name 'crypto_sign_z_vec_coeffs' to 'crypto_sign_z_vecocq' due to the length limit 20
INFO: [SYN 201-210] Renamed object name 'crypto_sign_t0_vec_coeffs' to 'crypto_sign_t0_vepcA' due to the length limit 20
INFO: [SYN 201-210] Renamed object name 'crypto_sign_s2_vec_coeffs' to 'crypto_sign_s2_veqcK' due to the length limit 20
INFO: [SYN 201-210] Renamed object name 'crypto_sign_w1_vec_coeffs' to 'crypto_sign_w1_vercU' due to the length limit 20
INFO: [SYN 201-210] Renamed object name 'crypto_sign_w0_vec_coeffs' to 'crypto_sign_w0_vesc4' due to the length limit 20
INFO: [SYN 201-210] Renamed object name 'crypto_sign_h_vec_coeffs' to 'crypto_sign_h_vectde' due to the length limit 20
INFO: [SYN 201-210] Renamed object name 'crypto_sign_cp_coeffs' to 'crypto_sign_cp_coudo' due to the length limit 20
INFO: [SYN 201-210] Renamed object name 'crypto_sign_mac_muladd_15ns_25s_25ns_32_1_1' to 'crypto_sign_mac_mvdy' due to the length limit 20
INFO: [SYN 201-210] Renamed object name 'crypto_sign_mac_muladd_19s_8s_32ns_32_1_1' to 'crypto_sign_mac_mwdI' due to the length limit 20
INFO: [RTGEN 206-100] Generating core module 'crypto_sign_mac_mibs': 1 instance(s).
INFO: [RTGEN 206-100] Generating core module 'crypto_sign_mac_mvdy': 1 instance(s).
INFO: [RTGEN 206-100] Generating core module 'crypto_sign_mac_mwdI': 1 instance(s).
INFO: [RTGEN 206-100] Finished creating RTL model for 'crypto_sign'.
INFO: [HLS 200-111]  Elapsed time: 0.55 seconds; current allocated memory: 531.188 MB.
INFO: [HLS 200-790] **** Loop Constraint Status: All loop constraints were satisfied.
INFO: [HLS 200-789] **** Estimated Fmax: 32.11 MHz
INFO: [RTMG 210-279] Implementing memory 'KeccakF1600_Statebkb_rom' using auto ROMs.
INFO: [RTMG 210-278] Implementing memory 'shake256_absorb_4_t_ram (RAM)' using distributed RAMs.
INFO: [RTMG 210-282] Generating pipelined core: 'crypto_sign_urem_eOg_div'
INFO: [RTMG 210-278] Implementing memory 'poly_uniform_buf_ram (RAM)' using block RAMs.
INFO: [RTMG 210-278] Implementing memory 'poly_uniform_statdEe_ram (RAM)' using block RAMs.
INFO: [RTMG 210-279] Implementing memory 'ntt_zetas_rom' using auto ROMs.
INFO: [RTMG 210-278] Implementing memory 'polyvecl_uniform_fYi_ram (RAM)' using block RAMs.
INFO: [RTMG 210-278] Implementing memory 'polyvecl_pointwishbi_ram (RAM)' using block RAMs.
INFO: [RTMG 210-278] Implementing memory 'poly_challenge_buf_ram (RAM)' using block RAMs.
INFO: [RTMG 210-278] Implementing memory 'crypto_sign_seedbuf_ram (RAM)' using block RAMs.
INFO: [RTMG 210-278] Implementing memory 'crypto_sign_mat_vlbW_ram (RAM)' using block RAMs.
INFO: [RTMG 210-278] Implementing memory 'crypto_sign_s1_vemb6_ram (RAM)' using block RAMs.
INFO: [RTMG 210-278] Implementing memory 'crypto_sign_y_vecncg_ram (RAM)' using block RAMs.
INFO: [RTMG 210-278] Implementing memory 'crypto_sign_z_vecocq_ram (RAM)' using block RAMs.
INFO: [RTMG 210-278] Implementing memory 'crypto_sign_w0_vesc4_ram (RAM)' using block RAMs.
INFO: [RTMG 210-278] Implementing memory 'crypto_sign_cp_coudo_ram (RAM)' using block RAMs.
INFO: [HLS 200-111] Finished generating all RTL models Time (s): cpu = 00:01:20 ; elapsed = 00:01:27 . Memory (MB): peak = 1314.941 ; gain = 910.004 ; free physical = 209 ; free virtual = 8397
INFO: [VHDL 208-304] Generating VHDL RTL for crypto_sign.
INFO: [VLOG 209-307] Generating Verilog RTL for crypto_sign.
INFO: [HLS 200-112] Total elapsed time: 86.67 seconds; peak allocated memory: 531.188 MB.
