

================================================================
== Vivado HLS Report for 'load64_3'
================================================================
* Date:           Tue Apr  4 23:21:11 2023

* Version:        2019.2 (Build 2704478 on Wed Nov 06 22:10:23 MST 2019)
* Project:        crypto_sign
* Solution:       solution1
* Product family: artix7
* Target device:  xc7a200t-fbg676-2


================================================================
== Performance Estimates
================================================================
+ Timing: 
    * Summary: 
    +--------+----------+----------+------------+
    |  Clock |  Target  | Estimated| Uncertainty|
    +--------+----------+----------+------------+
    |ap_clk  | 10.00 us | 2.422 ns |   1.25 us  |
    +--------+----------+----------+------------+

+ Latency: 
    * Summary: 
    +---------+---------+-----------+-----------+-----+-----+---------+
    |  Latency (cycles) |   Latency (absolute)  |  Interval | Pipeline|
    |   min   |   max   |    min    |    max    | min | max |   Type  |
    +---------+---------+-----------+-----------+-----+-----+---------+
    |        9|        9| 90.000 us | 90.000 us |    9|    9|   none  |
    +---------+---------+-----------+-----------+-----+-----+---------+

    + Detail: 
        * Instance: 
        N/A

        * Loop: 
        +----------+---------+---------+----------+-----------+-----------+------+----------+
        |          |  Latency (cycles) | Iteration|  Initiation Interval  | Trip |          |
        | Loop Name|   min   |   max   |  Latency |  achieved |   target  | Count| Pipelined|
        +----------+---------+---------+----------+-----------+-----------+------+----------+
        |- Loop 1  |        8|        8|         1|          -|          -|     8|    no    |
        +----------+---------+---------+----------+-----------+-----------+------+----------+



================================================================
== Utilization Estimates
================================================================
* Summary: 
+-----------------+---------+-------+--------+--------+-----+
|       Name      | BRAM_18K| DSP48E|   FF   |   LUT  | URAM|
+-----------------+---------+-------+--------+--------+-----+
|DSP              |        -|      -|       -|       -|    -|
|Expression       |        -|      -|       0|     280|    -|
|FIFO             |        -|      -|       -|       -|    -|
|Instance         |        -|      -|       -|       -|    -|
|Memory           |        -|      -|       -|       -|    -|
|Multiplexer      |        -|      -|       -|      42|    -|
|Register         |        -|      -|     135|       -|    -|
+-----------------+---------+-------+--------+--------+-----+
|Total            |        0|      0|     135|     322|    0|
+-----------------+---------+-------+--------+--------+-----+
|Available        |      730|    740|  269200|  134600|    0|
+-----------------+---------+-------+--------+--------+-----+
|Utilization (%)  |        0|      0|   ~0   |   ~0   |    0|
+-----------------+---------+-------+--------+--------+-----+

+ Detail: 
    * Instance: 
    N/A

    * DSP48E: 
    N/A

    * Memory: 
    N/A

    * FIFO: 
    N/A

    * Expression: 
    +----------------------+----------+-------+---+-----+------------+------------+
    |     Variable Name    | Operation| DSP48E| FF| LUT | Bitwidth P0| Bitwidth P1|
    +----------------------+----------+-------+---+-----+------------+------------+
    |i_fu_76_p2            |     +    |      0|  0|   13|           4|           1|
    |icmp_ln30_fu_70_p2    |   icmp   |      0|  0|   11|           4|           5|
    |r_fu_123_p2           |    or    |      0|  0|   64|          64|          64|
    |select_ln31_fu_91_p3  |  select  |      0|  0|    8|           1|           8|
    |shl_ln31_fu_117_p2    |    shl   |      0|  0|  182|          64|          64|
    |xor_ln31_fu_86_p2     |    xor   |      0|  0|    2|           1|           1|
    +----------------------+----------+-------+---+-----+------------+------------+
    |Total                 |          |      0|  0|  280|         138|         143|
    +----------------------+----------+-------+---+-----+------------+------------+

    * Multiplexer: 
    +------------+----+-----------+-----+-----------+
    |    Name    | LUT| Input Size| Bits| Total Bits|
    +------------+----+-----------+-----+-----------+
    |ap_NS_fsm   |  15|          3|    1|          3|
    |ap_return   |   9|          2|   64|        128|
    |i_0_reg_44  |   9|          2|    4|          8|
    |r_0_reg_55  |   9|          2|   64|        128|
    +------------+----+-----------+-----+-----------+
    |Total       |  42|          9|  133|        267|
    +------------+----+-----------+-----+-----------+

    * Register: 
    +--------------------+----+----+-----+-----------+
    |        Name        | FF | LUT| Bits| Const Bits|
    +--------------------+----+----+-----+-----------+
    |ap_CS_fsm           |   2|   0|    2|          0|
    |ap_return_preg      |  64|   0|   64|          0|
    |i_0_reg_44          |   4|   0|    4|          0|
    |r_0_reg_55          |  64|   0|   64|          0|
    |trunc_ln31_reg_139  |   1|   0|    1|          0|
    +--------------------+----+----+-----+-----------+
    |Total               | 135|   0|  135|          0|
    +--------------------+----+----+-----+-----------+



================================================================
== Interface
================================================================
* Summary: 
+-----------+-----+-----+------------+--------------+--------------+
| RTL Ports | Dir | Bits|  Protocol  | Source Object|    C Type    |
+-----------+-----+-----+------------+--------------+--------------+
|ap_clk     |  in |    1| ap_ctrl_hs |   load64.3   | return value |
|ap_rst     |  in |    1| ap_ctrl_hs |   load64.3   | return value |
|ap_start   |  in |    1| ap_ctrl_hs |   load64.3   | return value |
|ap_done    | out |    1| ap_ctrl_hs |   load64.3   | return value |
|ap_idle    | out |    1| ap_ctrl_hs |   load64.3   | return value |
|ap_ready   | out |    1| ap_ctrl_hs |   load64.3   | return value |
|ap_return  | out |   64| ap_ctrl_hs |   load64.3   | return value |
|x_0_read   |  in |    8|   ap_none  |   x_0_read   |    scalar    |
|x_1_read   |  in |    8|   ap_none  |   x_1_read   |    scalar    |
|x_offset   |  in |   64|   ap_none  |   x_offset   |    scalar    |
+-----------+-----+-----+------------+--------------+--------------+

