

================================================================
== Vivado HLS Report for 'ntt'
================================================================
* Date:           Fri Apr  7 17:18:20 2023

* Version:        2019.2 (Build 2704478 on Wed Nov 06 22:10:23 MST 2019)
* Project:        crypto_sign
* Solution:       solution1
* Product family: artix7
* Target device:  xc7a200t-fbg676-2


================================================================
== Performance Estimates
================================================================
+ Timing: 
    * Summary: 
    +--------+----------+-----------+------------+
    |  Clock |  Target  | Estimated | Uncertainty|
    +--------+----------+-----------+------------+
    |ap_clk  | 10.00 us | 31.143 ns |   1.25 us  |
    +--------+----------+-----------+------------+

+ Latency: 
    * Summary: 
    +---------+---------+----------+----------+-----+-----+---------+
    |  Latency (cycles) |  Latency (absolute) |  Interval | Pipeline|
    |   min   |   max   |    min   |    max   | min | max |   Type  |
    +---------+---------+----------+----------+-----+-----+---------+
    |        ?|        ?|         ?|         ?|    ?|    ?|   none  |
    +---------+---------+----------+----------+-----+-----+---------+

    + Detail: 
        * Instance: 
        N/A

        * Loop: 
        +-----------------+---------+---------+----------+-----------+-----------+------+----------+
        |                 |  Latency (cycles) | Iteration|  Initiation Interval  | Trip |          |
        |    Loop Name    |   min   |   max   |  Latency |  achieved |   target  | Count| Pipelined|
        +-----------------+---------+---------+----------+-----------+-----------+------+----------+
        |- Loop 1         |        ?|        ?|         ?|          -|          -|     8|    no    |
        | + Loop 1.1      |        ?|        ?|         ?|          -|          -|     ?|    no    |
        |  ++ Loop 1.1.1  |        ?|        ?|         4|          -|          -|     ?|    no    |
        +-----------------+---------+---------+----------+-----------+-----------+------+----------+



================================================================
== Utilization Estimates
================================================================
* Summary: 
+-----------------+---------+-------+--------+--------+-----+
|       Name      | BRAM_18K| DSP48E|   FF   |   LUT  | URAM|
+-----------------+---------+-------+--------+--------+-----+
|DSP              |        -|      -|       -|       -|    -|
|Expression       |        -|      8|       0|     499|    -|
|FIFO             |        -|      -|       -|       -|    -|
|Instance         |        -|      -|       -|       -|    -|
|Memory           |        1|      -|       0|       0|    -|
|Multiplexer      |        -|      -|       -|     131|    -|
|Register         |        -|      -|     385|       -|    -|
+-----------------+---------+-------+--------+--------+-----+
|Total            |        1|      8|     385|     630|    0|
+-----------------+---------+-------+--------+--------+-----+
|Available        |      730|    740|  269200|  134600|    0|
+-----------------+---------+-------+--------+--------+-----+
|Utilization (%)  |    ~0   |      1|   ~0   |   ~0   |    0|
+-----------------+---------+-------+--------+--------+-----+

+ Detail: 
    * Instance: 
    N/A

    * DSP48E: 
    N/A

    * Memory: 
    +---------+-------------+---------+---+----+-----+------+-----+------+-------------+
    |  Memory |    Module   | BRAM_18K| FF| LUT| URAM| Words| Bits| Banks| W*Bits*Banks|
    +---------+-------------+---------+---+----+-----+------+-----+------+-------------+
    |zetas_U  |ntt_1_zetas  |        1|  0|   0|    0|   256|   23|     1|         5888|
    +---------+-------------+---------+---+----+-----+------+-----+------+-------------+
    |Total    |             |        1|  0|   0|    0|   256|   23|     1|         5888|
    +---------+-------------+---------+---+----+-----+------+-----+------+-------------+

    * FIFO: 
    N/A

    * Expression: 
    +---------------------+----------+-------+---+----+------------+------------+
    |    Variable Name    | Operation| DSP48E| FF| LUT| Bitwidth P0| Bitwidth P1|
    +---------------------+----------+-------+---+----+------------+------------+
    |mul_ln19_fu_284_p2   |     *    |      2|  0|  21|          24|          32|
    |mul_ln58_fu_261_p2   |     *    |      2|  0|  21|          23|          32|
    |t_fu_274_p2          |     *    |      4|  0|  21|          26|          32|
    |add_ln19_fu_294_p2   |     +    |      0|  0|  63|          56|          56|
    |add_ln55_fu_249_p2   |     +    |      0|  0|  38|          31|          31|
    |add_ln57_fu_184_p2   |     +    |      0|  0|  38|          31|          31|
    |add_ln58_fu_228_p2   |     +    |      0|  0|  39|          32|          32|
    |add_ln60_fu_321_p2   |     +    |      0|  0|  39|          32|          32|
    |j_2_fu_243_p2        |     +    |      0|  0|  39|           1|          32|
    |k_fu_159_p2          |     +    |      0|  0|  39|           1|          32|
    |sub_ln59_fu_314_p2   |     -    |      0|  0|  39|          32|          32|
    |empty_54_fu_193_p2   |   icmp   |      0|  0|  18|          31|          31|
    |icmp_ln54_fu_130_p2  |   icmp   |      0|  0|  18|          29|           1|
    |icmp_ln55_fu_150_p2  |   icmp   |      0|  0|  18|          23|           1|
    |icmp_ln57_fu_223_p2  |   icmp   |      0|  0|  18|          32|          32|
    |start_fu_207_p3      |  select  |      0|  0|  30|           1|          30|
    +---------------------+----------+-------+---+----+------------+------------+
    |Total                |          |      8|  0| 499|         405|         469|
    +---------------------+----------+-------+---+----+------------+------------+

    * Multiplexer: 
    +--------------+----+-----------+-----+-----------+
    |     Name     | LUT| Input Size| Bits| Total Bits|
    +--------------+----+-----------+-----+-----------+
    |a_address0    |  21|          4|    8|         32|
    |a_address1    |  15|          3|    8|         24|
    |a_d0          |  15|          3|   32|         96|
    |ap_NS_fsm     |  44|          9|    1|          9|
    |j_0_reg_108   |   9|          2|   32|         64|
    |j_reg_96      |   9|          2|   31|         62|
    |k_3_fu_42     |   9|          2|   32|         64|
    |len_0_reg_84  |   9|          2|    8|         16|
    +--------------+----+-----------+-----+-----------+
    |Total         | 131|         27|  152|        367|
    +--------------+----+-----------+-----+-----------+

    * Register: 
    +---------------------+----+----+-----+-----------+
    |         Name        | FF | LUT| Bits| Const Bits|
    +---------------------+----+----+-----+-----------+
    |a_addr_15_reg_394    |   8|   0|    8|          0|
    |a_addr_reg_389       |   8|   0|    8|          0|
    |ap_CS_fsm            |   8|   0|    8|          0|
    |j_0_reg_108          |  32|   0|   32|          0|
    |j_2_reg_400          |  32|   0|   32|          0|
    |j_reg_96             |  31|   0|   31|          0|
    |k_3_fu_42            |  32|   0|   32|          0|
    |k_reg_356            |  32|   0|   32|          0|
    |len_0_reg_84         |   8|   0|   29|         21|
    |sext_ln57_reg_381    |  54|   0|   54|          0|
    |t_8_reg_410          |  32|   0|   32|          0|
    |zext_ln54_2_reg_339  |   8|   0|   31|         23|
    |zext_ln54_reg_334    |   8|   0|   32|         24|
    |zext_ln55_2_reg_376  |  30|   0|   31|          1|
    |zext_ln55_reg_348    |  31|   0|   32|          1|
    |zext_ln57_reg_371    |  31|   0|   32|          1|
    +---------------------+----+----+-----+-----------+
    |Total                | 385|   0|  456|         71|
    +---------------------+----+----+-----+-----------+



================================================================
== Interface
================================================================
* Summary: 
+------------+-----+-----+------------+--------------+--------------+
|  RTL Ports | Dir | Bits|  Protocol  | Source Object|    C Type    |
+------------+-----+-----+------------+--------------+--------------+
|ap_clk      |  in |    1| ap_ctrl_hs |      ntt     | return value |
|ap_rst      |  in |    1| ap_ctrl_hs |      ntt     | return value |
|ap_start    |  in |    1| ap_ctrl_hs |      ntt     | return value |
|ap_done     | out |    1| ap_ctrl_hs |      ntt     | return value |
|ap_idle     | out |    1| ap_ctrl_hs |      ntt     | return value |
|ap_ready    | out |    1| ap_ctrl_hs |      ntt     | return value |
|a_address0  | out |    8|  ap_memory |       a      |     array    |
|a_ce0       | out |    1|  ap_memory |       a      |     array    |
|a_we0       | out |    1|  ap_memory |       a      |     array    |
|a_d0        | out |   32|  ap_memory |       a      |     array    |
|a_q0        |  in |   32|  ap_memory |       a      |     array    |
|a_address1  | out |    8|  ap_memory |       a      |     array    |
|a_ce1       | out |    1|  ap_memory |       a      |     array    |
|a_q1        |  in |   32|  ap_memory |       a      |     array    |
+------------+-----+-----+------------+--------------+--------------+

