

================================================================
== Vivado HLS Report for 'poly_challenge'
================================================================
* Date:           Tue Apr  4 23:21:17 2023

* Version:        2019.2 (Build 2704478 on Wed Nov 06 22:10:23 MST 2019)
* Project:        crypto_sign
* Solution:       solution1
* Product family: artix7
* Target device:  xc7a200t-fbg676-2


================================================================
== Performance Estimates
================================================================
+ Timing: 
    * Summary: 
    +--------+----------+----------+------------+
    |  Clock |  Target  | Estimated| Uncertainty|
    +--------+----------+----------+------------+
    |ap_clk  | 10.00 us | 6.812 ns |   1.25 us  |
    +--------+----------+----------+------------+

+ Latency: 
    * Summary: 
    +---------+---------+----------+----------+-----+-----+---------+
    |  Latency (cycles) |  Latency (absolute) |  Interval | Pipeline|
    |   min   |   max   |    min   |    max   | min | max |   Type  |
    +---------+---------+----------+----------+-----+-----+---------+
    |        ?|        ?|         ?|         ?|    ?|    ?|   none  |
    +---------+---------+----------+----------+-----+-----+---------+

    + Detail: 
        * Instance: 
        +-----------------------------------+------------------------+---------+---------+----------+----------+-----+-----+---------+
        |                                   |                        |  Latency (cycles) |  Latency (absolute) |  Interval | Pipeline|
        |              Instance             |         Module         |   min   |   max   |    min   |    max   | min | max |   Type  |
        +-----------------------------------+------------------------+---------+---------+----------+----------+-----+-----+---------+
        |grp_keccak_squeezeblocks_1_fu_328  |keccak_squeezeblocks_1  |      241|      241| 2.410 ms | 2.410 ms |  241|  241|   none  |
        +-----------------------------------+------------------------+---------+---------+----------+----------+-----+-----+---------+

        * Loop: 
        +-------------+---------+---------+----------+-----------+-----------+------+----------+
        |             |  Latency (cycles) | Iteration|  Initiation Interval  | Trip |          |
        |  Loop Name  |   min   |   max   |  Latency |  achieved |   target  | Count| Pipelined|
        +-------------+---------+---------+----------+-----------+-----------+------+----------+
        |- Loop 1     |       25|       25|         1|          -|          -|    25|    no    |
        |- Loop 2     |       76|       76|        19|          -|          -|     4|    no    |
        | + Loop 2.1  |       16|       16|         2|          -|          -|     8|    no    |
        |- Loop 3     |       16|       16|         2|          -|          -|     8|    no    |
        |- Loop 4     |      256|      256|         1|          -|          -|   256|    no    |
        |- Loop 5     |        ?|        ?|         ?|          -|          -|    39|    no    |
        | + Loop 5.1  |        ?|        ?|  4 ~ 245 |          -|          -|     ?|    no    |
        +-------------+---------+---------+----------+-----------+-----------+------+----------+



================================================================
== Utilization Estimates
================================================================
* Summary: 
+-----------------+---------+-------+--------+--------+-----+
|       Name      | BRAM_18K| DSP48E|   FF   |   LUT  | URAM|
+-----------------+---------+-------+--------+--------+-----+
|DSP              |        -|      -|       -|       -|    -|
|Expression       |        -|      -|       0|     935|    -|
|FIFO             |        -|      -|       -|       -|    -|
|Instance         |        2|      -|    3209|   17268|    -|
|Memory           |        5|      -|       0|       0|    0|
|Multiplexer      |        -|      -|       -|     460|    -|
|Register         |        -|      -|     475|       -|    -|
+-----------------+---------+-------+--------+--------+-----+
|Total            |        7|      0|    3684|   18663|    0|
+-----------------+---------+-------+--------+--------+-----+
|Available        |      730|    740|  269200|  134600|    0|
+-----------------+---------+-------+--------+--------+-----+
|Utilization (%)  |    ~0   |      0|       1|      13|    0|
+-----------------+---------+-------+--------+--------+-----+

+ Detail: 
    * Instance: 
    +-----------------------------------+------------------------+---------+-------+------+-------+-----+
    |              Instance             |         Module         | BRAM_18K| DSP48E|  FF  |  LUT  | URAM|
    +-----------------------------------+------------------------+---------+-------+------+-------+-----+
    |grp_keccak_squeezeblocks_1_fu_328  |keccak_squeezeblocks_1  |        2|      0|  3209|  17268|    0|
    +-----------------------------------+------------------------+---------+-------+------+-------+-----+
    |Total                              |                        |        2|      0|  3209|  17268|    0|
    +-----------------------------------+------------------------+---------+-------+------+-------+-----+

    * DSP48E: 
    N/A

    * Memory: 
    +-----------+----------------------+---------+---+----+-----+------+-----+------+-------------+
    |   Memory  |        Module        | BRAM_18K| FF| LUT| URAM| Words| Bits| Banks| W*Bits*Banks|
    +-----------+----------------------+---------+---+----+-----+------+-----+------+-------------+
    |buf_U      |poly_challenge_buf    |        1|  0|   0|    0|   136|    8|     1|         1088|
    |state_s_U  |poly_uniform_statdEe  |        4|  0|   0|    0|    25|   64|     1|         1600|
    +-----------+----------------------+---------+---+----+-----+------+-----+------+-------------+
    |Total      |                      |        5|  0|   0|    0|   161|   72|     2|         2688|
    +-----------+----------------------+---------+---+----+-----+------+-----+------+-------------+

    * FIFO: 
    N/A

    * Expression: 
    +----------------------------------+----------+-------+---+-----+------------+------------+
    |           Variable Name          | Operation| DSP48E| FF| LUT | Bitwidth P0| Bitwidth P1|
    +----------------------------------+----------+-------+---+-----+------------+------------+
    |add_ln31_fu_397_p2                |     +    |      0|  0|   15|           5|           5|
    |add_ln416_fu_363_p2               |     +    |      0|  0|   12|           3|           1|
    |i_24_fu_342_p2                    |     +    |      0|  0|   15|           5|           1|
    |i_25_fu_387_p2                    |     +    |      0|  0|   13|           4|           1|
    |i_26_fu_515_p2                    |     +    |      0|  0|   16|           9|           1|
    |i_27_fu_587_p2                    |     +    |      0|  0|   16|           1|           9|
    |i_fu_466_p2                       |     +    |      0|  0|   13|           4|           1|
    |pos_fu_538_p2                     |     +    |      0|  0|   39|          32|           1|
    |sub_ln540_fu_600_p2               |     -    |      0|  0|   10|           1|           2|
    |ap_block_state15_on_subcall_done  |    and   |      0|  0|    2|           1|           1|
    |icmp_ln30_fu_381_p2               |   icmp   |      0|  0|   11|           4|           5|
    |icmp_ln362_fu_336_p2              |   icmp   |      0|  0|   11|           5|           4|
    |icmp_ln416_fu_357_p2              |   icmp   |      0|  0|    9|           3|           4|
    |icmp_ln523_fu_460_p2              |   icmp   |      0|  0|   11|           4|           5|
    |icmp_ln527_fu_509_p2              |   icmp   |      0|  0|   13|           9|          10|
    |icmp_ln529_fu_526_p2              |   icmp   |      0|  0|   13|           9|          10|
    |icmp_ln531_fu_532_p2              |   icmp   |      0|  0|   18|          32|           8|
    |icmp_ln537_fu_553_p2              |   icmp   |      0|  0|   13|           9|           9|
    |r_fu_433_p2                       |    or    |      0|  0|   64|          64|          64|
    |signs_fu_503_p2                   |    or    |      0|  0|   64|          64|          64|
    |shl_ln31_fu_427_p2                |    shl   |      0|  0|  182|          64|          64|
    |shl_ln524_fu_497_p2               |    shl   |      0|  0|  182|          64|          64|
    |xor_ln417_fu_439_p2               |    xor   |      0|  0|   64|          64|          64|
    |xor_ln450_fu_446_p2               |    xor   |      0|  0|   64|          64|           5|
    |xor_ln451_fu_453_p2               |    xor   |      0|  0|   65|          64|          65|
    +----------------------------------+----------+-------+---+-----+------------+------------+
    |Total                             |          |      0|  0|  935|         588|         468|
    +----------------------------------+----------+-------+---+-----+------------+------------+

    * Multiplexer: 
    +-------------------+----+-----------+-----+-----------+
    |        Name       | LUT| Input Size| Bits| Total Bits|
    +-------------------+----+-----------+-----+-----------+
    |ap_NS_fsm          |  97|         20|    1|         20|
    |buf_address0       |  21|          4|    8|         32|
    |buf_ce0            |  15|          3|    1|          3|
    |buf_we0            |   9|          2|    1|          2|
    |c_coeffs_address0  |  27|          5|    8|         40|
    |c_coeffs_d0        |  21|          4|   32|        128|
    |i_0_i1_i_reg_211   |   9|          2|    4|          8|
    |i_0_i_i_reg_189    |   9|          2|    5|         10|
    |i_0_reg_235        |   9|          2|    4|          8|
    |i_1_reg_259        |   9|          2|    9|         18|
    |i_2_reg_270        |   9|          2|    9|         18|
    |i_3_i_reg_200      |   9|          2|    3|          6|
    |pos_0_reg_282      |   9|          2|   32|         64|
    |pos_1_reg_305      |   9|          2|   32|         64|
    |pos_2_reg_316      |   9|          2|   32|         64|
    |r_0_i2_i_reg_223   |   9|          2|   64|        128|
    |signs_0_reg_247    |   9|          2|   64|        128|
    |signs_1_reg_294    |   9|          2|   64|        128|
    |state_s_address0   |  33|          6|    5|         30|
    |state_s_address1   |  27|          5|    5|         25|
    |state_s_ce0        |  15|          3|    1|          3|
    |state_s_ce1        |  15|          3|    1|          3|
    |state_s_d0         |  27|          5|   64|        320|
    |state_s_d1         |  15|          3|   64|        192|
    |state_s_we0        |  15|          3|    1|          3|
    |state_s_we1        |  15|          3|    1|          3|
    +-------------------+----+-----------+-----+-----------+
    |Total              | 460|         93|  515|       1448|
    +-------------------+----+-----------+-----+-----------+

    * Register: 
    +------------------------------------------------+----+----+-----+-----------+
    |                      Name                      | FF | LUT| Bits| Const Bits|
    +------------------------------------------------+----+----+-----+-----------+
    |add_ln416_reg_627                               |   3|   0|    3|          0|
    |ap_CS_fsm                                       |  19|   0|   19|          0|
    |c_coeffs_addr_1_reg_720                         |   8|   0|    8|          0|
    |grp_keccak_squeezeblocks_1_fu_328_ap_start_reg  |   1|   0|    1|          0|
    |i_0_i1_i_reg_211                                |   4|   0|    4|          0|
    |i_0_i_i_reg_189                                 |   5|   0|    5|          0|
    |i_0_reg_235                                     |   4|   0|    4|          0|
    |i_1_reg_259                                     |   9|   0|    9|          0|
    |i_25_reg_652                                    |   4|   0|    4|          0|
    |i_27_reg_735                                    |   9|   0|    9|          0|
    |i_2_reg_270                                     |   9|   0|    9|          0|
    |i_3_i_reg_200                                   |   3|   0|    3|          0|
    |i_reg_676                                       |   4|   0|    4|          0|
    |icmp_ln531_reg_702                              |   1|   0|    1|          0|
    |pos_0_reg_282                                   |  32|   0|   32|          0|
    |pos_1_reg_305                                   |  32|   0|   32|          0|
    |pos_2_reg_316                                   |  32|   0|   32|          0|
    |pos_reg_706                                     |  32|   0|   32|          0|
    |r_0_i2_i_reg_223                                |  64|   0|   64|          0|
    |shl_ln_reg_632                                  |   2|   0|    5|          3|
    |signs_0_reg_247                                 |  64|   0|   64|          0|
    |signs_1_reg_294                                 |  64|   0|   64|          0|
    |signs_3_reg_730                                 |  63|   0|   64|          1|
    |state_s_addr_9_reg_662                          |   3|   0|    5|          2|
    |trunc_ln540_reg_725                             |   1|   0|    1|          0|
    |zext_ln416_reg_619                              |   3|   0|   64|         61|
    +------------------------------------------------+----+----+-----+-----------+
    |Total                                           | 475|   0|  542|         67|
    +------------------------------------------------+----+----+-----+-----------+



================================================================
== Interface
================================================================
* Summary: 
+-------------------+-----+-----+------------+----------------+--------------+
|     RTL Ports     | Dir | Bits|  Protocol  |  Source Object |    C Type    |
+-------------------+-----+-----+------------+----------------+--------------+
|ap_clk             |  in |    1| ap_ctrl_hs | poly_challenge | return value |
|ap_rst             |  in |    1| ap_ctrl_hs | poly_challenge | return value |
|ap_start           |  in |    1| ap_ctrl_hs | poly_challenge | return value |
|ap_done            | out |    1| ap_ctrl_hs | poly_challenge | return value |
|ap_idle            | out |    1| ap_ctrl_hs | poly_challenge | return value |
|ap_ready           | out |    1| ap_ctrl_hs | poly_challenge | return value |
|c_coeffs_address0  | out |    8|  ap_memory |    c_coeffs    |     array    |
|c_coeffs_ce0       | out |    1|  ap_memory |    c_coeffs    |     array    |
|c_coeffs_we0       | out |    1|  ap_memory |    c_coeffs    |     array    |
|c_coeffs_d0        | out |   32|  ap_memory |    c_coeffs    |     array    |
|c_coeffs_q0        |  in |   32|  ap_memory |    c_coeffs    |     array    |
|seed_address0      | out |   13|  ap_memory |      seed      |     array    |
|seed_ce0           | out |    1|  ap_memory |      seed      |     array    |
|seed_q0            |  in |    8|  ap_memory |      seed      |     array    |
+-------------------+-----+-----+------------+----------------+--------------+

