

================================================================
== Vivado HLS Report for 'poly_uniform'
================================================================
* Date:           Tue Apr  4 23:21:12 2023

* Version:        2019.2 (Build 2704478 on Wed Nov 06 22:10:23 MST 2019)
* Project:        crypto_sign
* Solution:       solution1
* Product family: artix7
* Target device:  xc7a200t-fbg676-2


================================================================
== Performance Estimates
================================================================
+ Timing: 
    * Summary: 
    +--------+----------+----------+------------+
    |  Clock |  Target  | Estimated| Uncertainty|
    +--------+----------+----------+------------+
    |ap_clk  | 10.00 us | 7.824 ns |   1.25 us  |
    +--------+----------+----------+------------+

+ Latency: 
    * Summary: 
    +---------+---------+----------+----------+-----+-----+---------+
    |  Latency (cycles) |  Latency (absolute) |  Interval | Pipeline|
    |   min   |   max   |    min   |    max   | min | max |   Type  |
    +---------+---------+----------+----------+-----+-----+---------+
    |        ?|        ?|         ?|         ?|    ?|    ?|   none  |
    +---------+---------+----------+----------+-----+-----+---------+

    + Detail: 
        * Instance: 
        +-----------------------------------+------------------------+---------+---------+----------+-----------+-----+------+---------+
        |                                   |                        |  Latency (cycles) |  Latency (absolute)  |  Interval  | Pipeline|
        |              Instance             |         Module         |   min   |   max   |    min   |    max    | min |  max |   Type  |
        +-----------------------------------+------------------------+---------+---------+----------+-----------+-----+------+---------+
        |grp_keccak_absorb_fu_275           |keccak_absorb           |        ?|        ?|         ?|          ?|    ?|     ?|   none  |
        |grp_keccak_squeezeblocks_2_fu_288  |keccak_squeezeblocks_2  |      285|     1421| 2.850 ms | 14.210 ms |  285|  1421|   none  |
        |grp_rej_uniform_fu_301             |rej_uniform             |        ?|        ?|         ?|          ?|    ?|     ?|   none  |
        +-----------------------------------+------------------------+---------+---------+----------+-----------+-----+------+---------+

        * Loop: 
        +-------------+---------+---------+----------+-----------+-----------+-------+----------+
        |             |  Latency (cycles) | Iteration|  Initiation Interval  |  Trip |          |
        |  Loop Name  |   min   |   max   |  Latency |  achieved |   target  | Count | Pipelined|
        +-------------+---------+---------+----------+-----------+-----------+-------+----------+
        |- Loop 1     |       25|       25|         1|          -|          -|     25|    no    |
        |- Loop 2     |       76|       76|        19|          -|          -|      4|    no    |
        | + Loop 2.1  |       16|       16|         2|          -|          -|      8|    no    |
        |- Loop 3     |        ?|        ?|         ?|          -|          -|      ?|    no    |
        | + Loop 3.1  |        0|        4|         2|          -|          -| 0 ~ 2 |    no    |
        +-------------+---------+---------+----------+-----------+-----------+-------+----------+



================================================================
== Utilization Estimates
================================================================
* Summary: 
+-----------------+---------+-------+--------+--------+-----+
|       Name      | BRAM_18K| DSP48E|   FF   |   LUT  | URAM|
+-----------------+---------+-------+--------+--------+-----+
|DSP              |        -|      -|       -|       -|    -|
|Expression       |        -|      -|       0|     843|    -|
|FIFO             |        -|      -|       -|       -|    -|
|Instance         |        4|      -|    7953|   37018|    0|
|Memory           |        5|      -|       0|       0|    0|
|Multiplexer      |        -|      -|       -|     580|    -|
|Register         |        -|      -|     272|       -|    -|
+-----------------+---------+-------+--------+--------+-----+
|Total            |        9|      0|    8225|   38441|    0|
+-----------------+---------+-------+--------+--------+-----+
|Available        |      730|    740|  269200|  134600|    0|
+-----------------+---------+-------+--------+--------+-----+
|Utilization (%)  |        1|      0|       3|      28|    0|
+-----------------+---------+-------+--------+--------+-----+

+ Detail: 
    * Instance: 
    +-----------------------------------+------------------------+---------+-------+------+-------+-----+
    |              Instance             |         Module         | BRAM_18K| DSP48E|  FF  |  LUT  | URAM|
    +-----------------------------------+------------------------+---------+-------+------+-------+-----+
    |crypto_sign_urem_eOg_U46           |crypto_sign_urem_eOg    |        0|      0|   118|     60|    0|
    |grp_keccak_absorb_fu_275           |keccak_absorb           |        2|      0|  4437|  19335|    0|
    |grp_keccak_squeezeblocks_2_fu_288  |keccak_squeezeblocks_2  |        2|      0|  3224|  17317|    0|
    |grp_rej_uniform_fu_301             |rej_uniform             |        0|      0|   174|    306|    0|
    +-----------------------------------+------------------------+---------+-------+------+-------+-----+
    |Total                              |                        |        4|      0|  7953|  37018|    0|
    +-----------------------------------+------------------------+---------+-------+------+-------+-----+

    * DSP48E: 
    N/A

    * Memory: 
    +-----------+----------------------+---------+---+----+-----+------+-----+------+-------------+
    |   Memory  |        Module        | BRAM_18K| FF| LUT| URAM| Words| Bits| Banks| W*Bits*Banks|
    +-----------+----------------------+---------+---+----+-----+------+-----+------+-------------+
    |buf_U      |poly_uniform_buf      |        1|  0|   0|    0|   842|    8|     1|         6736|
    |state_s_U  |poly_uniform_statdEe  |        4|  0|   0|    0|    25|   64|     1|         1600|
    +-----------+----------------------+---------+---+----+-----+------+-----+------+-------------+
    |Total      |                      |        5|  0|   0|    0|   867|   72|     2|         8336|
    +-----------+----------------------+---------+---+----+-----+------+-----+------+-------------+

    * FIFO: 
    N/A

    * Expression: 
    +----------------------+----------+-------+---+-----+------------+------------+
    |     Variable Name    | Operation| DSP48E| FF| LUT | Bitwidth P0| Bitwidth P1|
    +----------------------+----------+-------+---+-----+------------+------------+
    |add_ln31_fu_402_p2    |     +    |      0|  0|   15|           5|           5|
    |add_ln380_fu_563_p2   |     +    |      0|  0|   18|          11|          11|
    |add_ln416_fu_362_p2   |     +    |      0|  0|   12|           3|           1|
    |ctr_2_fu_607_p2       |     +    |      0|  0|   39|          32|          32|
    |i_22_fu_341_p2        |     +    |      0|  0|   15|           5|           1|
    |i_23_fu_392_p2        |     +    |      0|  0|   13|           4|           1|
    |i_fu_557_p2           |     +    |      0|  0|   10|           2|           1|
    |sub_ln380_fu_543_p2   |     -    |      0|  0|   18|          11|          11|
    |sub_ln384_fu_595_p2   |     -    |      0|  0|   17|           9|          10|
    |icmp_ln30_fu_386_p2   |   icmp   |      0|  0|   11|           4|           5|
    |icmp_ln362_fu_335_p2  |   icmp   |      0|  0|   11|           5|           4|
    |icmp_ln377_fu_519_p2  |   icmp   |      0|  0|   18|          24|           1|
    |icmp_ln379_fu_552_p2  |   icmp   |      0|  0|    8|           2|           2|
    |icmp_ln416_fu_356_p2  |   icmp   |      0|  0|    9|           3|           4|
    |buflen_fu_582_p2      |    or    |      0|  0|    8|           8|           8|
    |r_fu_438_p2           |    or    |      0|  0|   64|          64|          64|
    |shl_ln31_fu_432_p2    |    shl   |      0|  0|  182|          64|          64|
    |shl_ln450_fu_481_p2   |    shl   |      0|  0|  182|           5|          64|
    |xor_ln417_fu_444_p2   |    xor   |      0|  0|   64|          64|          64|
    |xor_ln450_fu_487_p2   |    xor   |      0|  0|   64|          64|          64|
    |xor_ln451_fu_494_p2   |    xor   |      0|  0|   65|          64|          65|
    +----------------------+----------+-------+---+-----+------------+------------+
    |Total                 |          |      0|  0|  843|         453|         482|
    +----------------------+----------+-------+---+-----+------------+------------+

    * Multiplexer: 
    +----------------------------------------------+-----+-----------+-----+-----------+
    |                     Name                     | LUT | Input Size| Bits| Total Bits|
    +----------------------------------------------+-----+-----------+-----+-----------+
    |a_coeffs_ce0                                  |    9|          2|    1|          2|
    |a_coeffs_we0                                  |    9|          2|    1|          2|
    |ap_NS_fsm                                     |  153|         34|    1|         34|
    |buf_address0                                  |   27|          5|   10|         50|
    |buf_ce0                                       |   21|          4|    1|          4|
    |buf_ce1                                       |    9|          2|    1|          2|
    |buf_d0                                        |   15|          3|    8|         24|
    |buf_we0                                       |   15|          3|    1|          3|
    |buflen_0_reg_251                              |    9|          2|    8|         16|
    |ctr_0_reg_241                                 |    9|          2|   32|         64|
    |grp_keccak_squeezeblocks_2_fu_288_nblocks     |   15|          3|    4|         12|
    |grp_keccak_squeezeblocks_2_fu_288_out_offset  |   15|          3|    2|          6|
    |grp_rej_uniform_fu_301_a_offset2              |   15|          3|   32|         96|
    |grp_rej_uniform_fu_301_buflen                 |   15|          3|   11|         33|
    |grp_rej_uniform_fu_301_len                    |   15|          3|   10|         30|
    |i_0_i1_i_reg_217                              |    9|          2|    4|          8|
    |i_0_i_i_i_reg_195                             |    9|          2|    5|         10|
    |i_0_reg_263                                   |    9|          2|    2|          4|
    |i_3_i_reg_206                                 |    9|          2|    3|          6|
    |r_0_i2_i_reg_229                              |    9|          2|   64|        128|
    |state_s_address0                              |   44|          9|    5|         45|
    |state_s_address1                              |   15|          3|    5|         15|
    |state_s_ce0                                   |   21|          4|    1|          4|
    |state_s_ce1                                   |   15|          3|    1|          3|
    |state_s_d0                                    |   38|          7|   64|        448|
    |state_s_d1                                    |   15|          3|   64|        192|
    |state_s_we0                                   |   21|          4|    1|          4|
    |state_s_we1                                   |   15|          3|    1|          3|
    +----------------------------------------------+-----+-----------+-----+-----------+
    |Total                                         |  580|        120|  343|       1248|
    +----------------------------------------------+-----+-----------+-----+-----------+

    * Register: 
    +------------------------------------------------+----+----+-----+-----------+
    |                      Name                      | FF | LUT| Bits| Const Bits|
    +------------------------------------------------+----+----+-----+-----------+
    |add_ln416_reg_649                               |   3|   0|    3|          0|
    |ap_CS_fsm                                       |  33|   0|   33|          0|
    |buflen_0_reg_251                                |   8|   0|    9|          1|
    |ctr_0_reg_241                                   |  32|   0|   32|          0|
    |grp_keccak_absorb_fu_275_ap_start_reg           |   1|   0|    1|          0|
    |grp_keccak_squeezeblocks_2_fu_288_ap_start_reg  |   1|   0|    1|          0|
    |grp_rej_uniform_fu_301_ap_start_reg             |   1|   0|    1|          0|
    |i_0_i1_i_reg_217                                |   4|   0|    4|          0|
    |i_0_i_i_i_reg_195                               |   5|   0|    5|          0|
    |i_0_reg_263                                     |   2|   0|    2|          0|
    |i_23_reg_672                                    |   4|   0|    4|          0|
    |i_3_i_reg_206                                   |   3|   0|    3|          0|
    |i_reg_739                                       |   2|   0|    2|          0|
    |r_0_i2_i_reg_229                                |  64|   0|   64|          0|
    |shl_ln11_reg_654                                |   2|   0|    5|          3|
    |state_pos_write_assi_reg_692                    |  32|   0|   32|          0|
    |state_s_addr_4_reg_697                          |   5|   0|    5|          0|
    |state_s_addr_6_reg_682                          |   3|   0|    5|          2|
    |sub_ln380_reg_731                               |  11|   0|   11|          0|
    |sub_ln384_reg_754                               |  10|   0|   10|          0|
    |t_0_reg_623                                     |   8|   0|    8|          0|
    |t_1_reg_628                                     |   2|   0|    8|          6|
    |trunc_ln375_1_reg_664                           |   2|   0|    2|          0|
    |trunc_ln375_reg_659                             |   2|   0|    2|          0|
    |trunc_ln378_1_reg_725                           |   2|   0|    2|          0|
    |trunc_ln378_reg_720                             |   8|   0|    8|          0|
    |zext_ln377_reg_712                              |   9|   0|   11|          2|
    |zext_ln383_reg_749                              |   5|   0|    9|          4|
    |zext_ln384_reg_759                              |   5|   0|   11|          6|
    |zext_ln416_reg_641                              |   3|   0|   64|         61|
    +------------------------------------------------+----+----+-----+-----------+
    |Total                                           | 272|   0|  357|         85|
    +------------------------------------------------+----+----+-----+-----------+



================================================================
== Interface
================================================================
* Summary: 
+-------------------+-----+-----+------------+------------------+--------------+
|     RTL Ports     | Dir | Bits|  Protocol  |   Source Object  |    C Type    |
+-------------------+-----+-----+------------+------------------+--------------+
|ap_clk             |  in |    1| ap_ctrl_hs |   poly_uniform   | return value |
|ap_rst             |  in |    1| ap_ctrl_hs |   poly_uniform   | return value |
|ap_start           |  in |    1| ap_ctrl_hs |   poly_uniform   | return value |
|ap_done            | out |    1| ap_ctrl_hs |   poly_uniform   | return value |
|ap_idle            | out |    1| ap_ctrl_hs |   poly_uniform   | return value |
|ap_ready           | out |    1| ap_ctrl_hs |   poly_uniform   | return value |
|a_coeffs_address0  | out |   12|  ap_memory |     a_coeffs     |     array    |
|a_coeffs_ce0       | out |    1|  ap_memory |     a_coeffs     |     array    |
|a_coeffs_we0       | out |    1|  ap_memory |     a_coeffs     |     array    |
|a_coeffs_d0        | out |   23|  ap_memory |     a_coeffs     |     array    |
|a_coeffs_offset    |  in |    3|   ap_none  |  a_coeffs_offset |    scalar    |
|a_coeffs_offset1   |  in |    3|   ap_none  | a_coeffs_offset1 |    scalar    |
|seed_address0      | out |    8|  ap_memory |       seed       |     array    |
|seed_ce0           | out |    1|  ap_memory |       seed       |     array    |
|seed_q0            |  in |    8|  ap_memory |       seed       |     array    |
|nonce              |  in |   10|   ap_none  |       nonce      |    scalar    |
+-------------------+-----+-----+------------+------------------+--------------+

