

================================================================
== Vivado HLS Report for 'poly_uniform_gamma1'
================================================================
* Date:           Sun Apr  9 17:55:46 2023

* Version:        2019.2 (Build 2704478 on Wed Nov 06 22:10:23 MST 2019)
* Project:        crypto_sign
* Solution:       solution1
* Product family: artix7
* Target device:  xc7a200t-fbg676-2


================================================================
== Performance Estimates
================================================================
+ Timing: 
    * Summary: 
    +--------+----------+----------+------------+
    |  Clock |  Target  | Estimated| Uncertainty|
    +--------+----------+----------+------------+
    |ap_clk  | 10.00 us | 7.448 ns |   1.25 us  |
    +--------+----------+----------+------------+

+ Latency: 
    * Summary: 
    +---------+---------+-----------+-----------+------+------+---------+
    |  Latency (cycles) |   Latency (absolute)  |   Interval  | Pipeline|
    |   min   |   max   |    min    |    max    |  min |  max |   Type  |
    +---------+---------+-----------+-----------+------+------+---------+
    |     1765|     1765| 17.650 ms | 17.650 ms |  1765|  1765|   none  |
    +---------+---------+-----------+-----------+------+------+---------+

    + Detail: 
        * Instance: 
        +-----------------------------------+------------------------+---------+---------+----------+----------+-----+-----+---------+
        |                                   |                        |  Latency (cycles) |  Latency (absolute) |  Interval | Pipeline|
        |              Instance             |         Module         |   min   |   max   |    min   |    max   | min | max |   Type  |
        +-----------------------------------+------------------------+---------+---------+----------+----------+-----+-----+---------+
        |grp_KeccakF1600_StatePer_1_fu_565  |KeccakF1600_StatePer_1  |       50|       50| 0.500 ms | 0.500 ms |   50|   50|   none  |
        +-----------------------------------+------------------------+---------+---------+----------+----------+-----+-----+---------+

        * Loop: 
        +-----------------+---------+---------+----------+-----------+-----------+------+----------+
        |                 |  Latency (cycles) | Iteration|  Initiation Interval  | Trip |          |
        |    Loop Name    |   min   |   max   |  Latency |  achieved |   target  | Count| Pipelined|
        +-----------------+---------+---------+----------+-----------+-----------+------+----------+
        |- Loop 1         |       25|       25|         1|          -|          -|    25|    no    |
        |- Loop 2         |      114|      114|        19|          -|          -|     6|    no    |
        | + Loop 2.1      |       16|       16|         2|          -|          -|     8|    no    |
        |- memset_t       |        7|        7|         1|          -|          -|     8|    no    |
        |- Loop 4         |        8|        8|         1|          -|          -|     8|    no    |
        |- Loop 5         |        2|        2|         1|          -|          -|     2|    no    |
        |- Loop 6         |       16|       16|         2|          -|          -|     8|    no    |
        |- Loop 7         |     1200|     1200|       240|          -|          -|     5|    no    |
        | + Loop 7.1      |      187|      187|        11|          -|          -|    17|    no    |
        |  ++ Loop 7.1.1  |        8|        8|         1|          -|          -|     8|    no    |
        |- Loop 8         |      384|      384|         6|          -|          -|    64|    no    |
        +-----------------+---------+---------+----------+-----------+-----------+------+----------+



================================================================
== Utilization Estimates
================================================================
* Summary: 
+-----------------+---------+-------+--------+--------+-----+
|       Name      | BRAM_18K| DSP48E|   FF   |   LUT  | URAM|
+-----------------+---------+-------+--------+--------+-----+
|DSP              |        -|      -|       -|       -|    -|
|Expression       |        -|      -|       0|    1576|    -|
|FIFO             |        -|      -|       -|       -|    -|
|Instance         |        2|      -|    3110|   16883|    -|
|Memory           |        5|      -|      16|       1|    0|
|Multiplexer      |        -|      -|       -|     576|    -|
|Register         |        -|      -|     337|       -|    -|
+-----------------+---------+-------+--------+--------+-----+
|Total            |        7|      0|    3463|   19036|    0|
+-----------------+---------+-------+--------+--------+-----+
|Available        |      730|    740|  269200|  134600|    0|
+-----------------+---------+-------+--------+--------+-----+
|Utilization (%)  |    ~0   |      0|       1|      14|    0|
+-----------------+---------+-------+--------+--------+-----+

+ Detail: 
    * Instance: 
    +-----------------------------------+------------------------+---------+-------+------+-------+-----+
    |              Instance             |         Module         | BRAM_18K| DSP48E|  FF  |  LUT  | URAM|
    +-----------------------------------+------------------------+---------+-------+------+-------+-----+
    |grp_KeccakF1600_StatePer_1_fu_565  |KeccakF1600_StatePer_1  |        2|      0|  3110|  16883|    0|
    +-----------------------------------+------------------------+---------+-------+------+-------+-----+
    |Total                              |                        |        2|      0|  3110|  16883|    0|
    +-----------------------------------+------------------------+---------+-------+------+-------+-----+

    * DSP48E: 
    N/A

    * Memory: 
    +-----------+----------------------+---------+----+----+-----+------+-----+------+-------------+
    |   Memory  |        Module        | BRAM_18K| FF | LUT| URAM| Words| Bits| Banks| W*Bits*Banks|
    +-----------+----------------------+---------+----+----+-----+------+-----+------+-------------+
    |t_U        |dilithium_shake12dEe  |        0|  16|   1|    0|     8|    8|     1|           64|
    |buf_U      |poly_uniform_gammfYi  |        1|   0|   0|    0|   680|    8|     1|         5440|
    |state_s_U  |poly_uniform_gammg8j  |        4|   0|   0|    0|    25|   64|     1|         1600|
    +-----------+----------------------+---------+----+----+-----+------+-----+------+-------------+
    |Total      |                      |        5|  16|   1|    0|   713|   80|     3|         7104|
    +-----------+----------------------+---------+----+----+-----+------+-----+------+-------------+

    * FIFO: 
    N/A

    * Expression: 
    +------------------------+----------+-------+---+-----+------------+------------+
    |      Variable Name     | Operation| DSP48E| FF| LUT | Bitwidth P0| Bitwidth P1|
    +------------------------+----------+-------+---+-----+------------+------------+
    |add_ln31_fu_642_p2      |     +    |      0|  0|   15|           8|           8|
    |add_ln388_fu_691_p2     |     +    |      0|  0|   12|           3|           1|
    |add_ln417_fu_604_p2     |     +    |      0|  0|   12|           3|           1|
    |add_ln479_fu_859_p2     |     +    |      0|  0|   17|          10|           8|
    |add_ln480_fu_865_p2     |     +    |      0|  0|   12|           3|           2|
    |add_ln48_2_fu_921_p2    |     +    |      0|  0|   15|           8|           8|
    |add_ln48_fu_930_p2      |     +    |      0|  0|   17|          10|          10|
    |add_ln857_fu_973_p2     |     +    |      0|  0|   17|          10|          10|
    |add_ln858_fu_984_p2     |     +    |      0|  0|   17|           1|          10|
    |add_ln859_fu_994_p2     |     +    |      0|  0|   17|           2|          10|
    |add_ln863_fu_1035_p2    |     +    |      0|  0|   17|           2|          10|
    |add_ln864_fu_1045_p2    |     +    |      0|  0|   17|           3|          10|
    |add_ln868_fu_1139_p2    |     +    |      0|  0|   17|           3|          10|
    |add_ln869_fu_1149_p2    |     +    |      0|  0|   17|           3|          10|
    |add_ln873_fu_1235_p2    |     +    |      0|  0|   17|           3|          10|
    |add_ln874_fu_1245_p2    |     +    |      0|  0|   17|           4|          10|
    |i_20_fu_628_p2          |     +    |      0|  0|   13|           4|           1|
    |i_21_fu_714_p2          |     +    |      0|  0|   13|           4|           1|
    |i_22_fu_736_p2          |     +    |      0|  0|   10|           2|           1|
    |i_23_fu_773_p2          |     +    |      0|  0|   13|           4|           1|
    |i_24_fu_848_p2          |     +    |      0|  0|   15|           5|           1|
    |i_25_fu_951_p2          |     +    |      0|  0|   15|           7|           1|
    |i_26_fu_885_p2          |     +    |      0|  0|   13|           4|           1|
    |i_fu_583_p2             |     +    |      0|  0|   15|           5|           1|
    |sub_ln877_fu_1055_p2    |     -    |      0|  0|   26|          18|          19|
    |sub_ln878_fu_1159_p2    |     -    |      0|  0|   26|          18|          19|
    |sub_ln879_fu_1255_p2    |     -    |      0|  0|   26|          18|          19|
    |sub_ln880_fu_1327_p2    |     -    |      0|  0|   26|          18|          19|
    |icmp_ln30_1_fu_767_p2   |   icmp   |      0|  0|   11|           4|           5|
    |icmp_ln30_fu_622_p2     |   icmp   |      0|  0|   11|           4|           5|
    |icmp_ln362_fu_577_p2    |   icmp   |      0|  0|   11|           5|           4|
    |icmp_ln388_fu_702_p2    |   icmp   |      0|  0|    9|           3|           2|
    |icmp_ln417_fu_598_p2    |   icmp   |      0|  0|    9|           3|           3|
    |icmp_ln424_fu_708_p2    |   icmp   |      0|  0|   11|           4|           5|
    |icmp_ln426_fu_730_p2    |   icmp   |      0|  0|    9|           2|           3|
    |icmp_ln475_fu_836_p2    |   icmp   |      0|  0|    9|           3|           1|
    |icmp_ln477_fu_842_p2    |   icmp   |      0|  0|   11|           5|           5|
    |icmp_ln47_fu_879_p2     |   icmp   |      0|  0|   11|           4|           5|
    |icmp_ln856_fu_945_p2    |   icmp   |      0|  0|   11|           7|           8|
    |lshr_ln48_fu_907_p2     |   lshr   |      0|  0|  182|          64|          64|
    |or_ln862_fu_1083_p2     |    or    |      0|  0|    8|           8|           1|
    |or_ln865_fu_1121_p2     |    or    |      0|  0|   14|          14|          14|
    |or_ln867_fu_1180_p2     |    or    |      0|  0|    8|           8|           2|
    |or_ln870_fu_1217_p2     |    or    |      0|  0|   12|          12|          12|
    |or_ln872_fu_1276_p2     |    or    |      0|  0|    8|           8|           2|
    |or_ln874_fu_1309_p2     |    or    |      0|  0|   10|          10|          10|
    |r_1_fu_810_p2           |    or    |      0|  0|   64|          64|          64|
    |r_fu_678_p2             |    or    |      0|  0|   64|          64|          64|
    |select_ln427_fu_758_p3  |  select  |      0|  0|    8|           1|           8|
    |shl_ln31_1_fu_804_p2    |    shl   |      0|  0|  182|          64|          64|
    |shl_ln31_fu_672_p2      |    shl   |      0|  0|  182|          64|          64|
    |xor_ln418_fu_684_p2     |    xor   |      0|  0|   64|          64|          64|
    |xor_ln451_1_fu_816_p2   |    xor   |      0|  0|   64|          64|          21|
    |xor_ln451_fu_822_p2     |    xor   |      0|  0|   64|          64|          64|
    |xor_ln452_fu_829_p2     |    xor   |      0|  0|   65|          64|          65|
    +------------------------+----------+-------+---+-----+------------+------------+
    |Total                   |          |      0|  0| 1576|         864|         841|
    +------------------------+----------+-------+---+-----+------------+------------+

    * Multiplexer: 
    +---------------------+-----+-----------+-----+-----------+
    |         Name        | LUT | Input Size| Bits| Total Bits|
    +---------------------+-----+-----------+-----+-----------+
    |a_coeffs_address0    |   27|          5|   10|         50|
    |a_coeffs_d0          |   27|          5|   19|         95|
    |ap_NS_fsm            |  113|         24|    1|         24|
    |buf_address0         |   38|          7|   10|         70|
    |buf_address1         |   27|          5|   10|         50|
    |i_0_i13_reg_543      |    9|          2|    4|          8|
    |i_0_i1_reg_483       |    9|          2|    4|          8|
    |i_0_i2_reg_554       |    9|          2|    7|         14|
    |i_0_i_i_i_reg_404    |    9|          2|    5|         10|
    |i_0_i_i_reg_531      |    9|          2|    5|         10|
    |i_0_i_reg_426        |    9|          2|    4|          8|
    |i_3_i_i32_i_reg_415  |    9|          2|    3|          6|
    |i_4_i_i_i_reg_461    |    9|          2|    4|          8|
    |i_5_i_i_i_reg_472    |    9|          2|    2|          4|
    |p_01_i_i_reg_507     |    9|          2|    3|          6|
    |p_0_rec_i_i_reg_519  |    9|          2|   10|         20|
    |phi_ln388_reg_450    |    9|          2|    3|          6|
    |r_0_i2_reg_495       |    9|          2|   64|        128|
    |r_0_i_reg_438        |    9|          2|   64|        128|
    |reg_572              |    9|          2|    8|         16|
    |state_s_address0     |   38|          7|    5|         35|
    |state_s_address1     |   27|          5|    5|         25|
    |state_s_ce0          |   15|          3|    1|          3|
    |state_s_ce1          |   15|          3|    1|          3|
    |state_s_d0           |   27|          5|   64|        320|
    |state_s_d1           |   15|          3|   64|        192|
    |state_s_we0          |   15|          3|    1|          3|
    |state_s_we1          |   15|          3|    1|          3|
    |t_address0           |   27|          5|    3|         15|
    |t_d0                 |   15|          3|    8|         24|
    +---------------------+-----+-----------+-----+-----------+
    |Total                |  576|        116|  393|       1292|
    +---------------------+-----+-----------+-----+-----------+

    * Register: 
    +------------------------------------------------+----+----+-----+-----------+
    |                      Name                      | FF | LUT| Bits| Const Bits|
    +------------------------------------------------+----+----+-----+-----------+
    |add_ln417_reg_1364                              |   3|   0|    3|          0|
    |add_ln857_reg_1509                              |  10|   0|   10|          0|
    |ap_CS_fsm                                       |  23|   0|   23|          0|
    |grp_KeccakF1600_StatePer_1_fu_565_ap_start_reg  |   1|   0|    1|          0|
    |i_0_i13_reg_543                                 |   4|   0|    4|          0|
    |i_0_i1_reg_483                                  |   4|   0|    4|          0|
    |i_0_i2_reg_554                                  |   7|   0|    7|          0|
    |i_0_i_i_i_reg_404                               |   5|   0|    5|          0|
    |i_0_i_i_reg_531                                 |   5|   0|    5|          0|
    |i_0_i_reg_426                                   |   4|   0|    4|          0|
    |i_20_reg_1377                                   |   4|   0|    4|          0|
    |i_23_reg_1424                                   |   4|   0|    4|          0|
    |i_24_reg_1457                                   |   5|   0|    5|          0|
    |i_25_reg_1498                                   |   7|   0|    7|          0|
    |i_3_i_i32_i_reg_415                             |   3|   0|    3|          0|
    |i_4_i_i_i_reg_461                               |   4|   0|    4|          0|
    |i_5_i_i_i_reg_472                               |   2|   0|    2|          0|
    |p_01_i_i_reg_507                                |   3|   0|    3|          0|
    |p_0_rec_i_i_reg_519                             |  10|   0|   10|          0|
    |phi_ln388_reg_450                               |   3|   0|    3|          0|
    |r_0_i2_reg_495                                  |  64|   0|   64|          0|
    |r_0_i_reg_438                                   |  64|   0|   64|          0|
    |reg_572                                         |   8|   0|    8|          0|
    |shl_ln11_reg_1477                               |   5|   0|    8|          3|
    |shl_ln857_1_reg_1546                            |   6|   0|    8|          2|
    |state_s_addr_1_reg_1387                         |   3|   0|    5|          2|
    |state_s_load_3_reg_1482                         |  64|   0|   64|          0|
    |trunc_ln857_reg_1503                            |   6|   0|    6|          0|
    |zext_ln26_reg_1369                              |   3|   0|    8|          5|
    |zext_ln417_reg_1356                             |   3|   0|   64|         61|
    +------------------------------------------------+----+----+-----+-----------+
    |Total                                           | 337|   0|  410|         73|
    +------------------------------------------------+----+----+-----+-----------+



================================================================
== Interface
================================================================
* Summary: 
+-------------------+-----+-----+------------+---------------------+--------------+
|     RTL Ports     | Dir | Bits|  Protocol  |    Source Object    |    C Type    |
+-------------------+-----+-----+------------+---------------------+--------------+
|ap_clk             |  in |    1| ap_ctrl_hs | poly_uniform_gamma1 | return value |
|ap_rst             |  in |    1| ap_ctrl_hs | poly_uniform_gamma1 | return value |
|ap_start           |  in |    1| ap_ctrl_hs | poly_uniform_gamma1 | return value |
|ap_done            | out |    1| ap_ctrl_hs | poly_uniform_gamma1 | return value |
|ap_idle            | out |    1| ap_ctrl_hs | poly_uniform_gamma1 | return value |
|ap_ready           | out |    1| ap_ctrl_hs | poly_uniform_gamma1 | return value |
|a_coeffs_address0  | out |   10|  ap_memory |       a_coeffs      |     array    |
|a_coeffs_ce0       | out |    1|  ap_memory |       a_coeffs      |     array    |
|a_coeffs_we0       | out |    1|  ap_memory |       a_coeffs      |     array    |
|a_coeffs_d0        | out |   19|  ap_memory |       a_coeffs      |     array    |
|a_coeffs_offset    |  in |    3|   ap_none  |   a_coeffs_offset   |    scalar    |
|seed_address0      | out |    8|  ap_memory |         seed        |     array    |
|seed_ce0           | out |    1|  ap_memory |         seed        |     array    |
|seed_q0            |  in |    8|  ap_memory |         seed        |     array    |
|nonce              |  in |   16|   ap_none  |        nonce        |    scalar    |
+-------------------+-----+-----+------------+---------------------+--------------+

