

================================================================
== Vivado HLS Report for 'shake128_absorb'
================================================================
* Date:           Tue Apr  4 23:56:27 2023

* Version:        2019.2 (Build 2704478 on Wed Nov 06 22:10:23 MST 2019)
* Project:        crypto_sign
* Solution:       solution1
* Product family: artix7
* Target device:  xc7a200t-fbg676-2


================================================================
== Performance Estimates
================================================================
+ Timing: 
    * Summary: 
    +--------+----------+----------+------------+
    |  Clock |  Target  | Estimated| Uncertainty|
    +--------+----------+----------+------------+
    |ap_clk  | 10.00 us | 6.352 ns |   1.25 us  |
    +--------+----------+----------+------------+

+ Latency: 
    * Summary: 
    +---------+---------+----------+----------+-----+-----+---------+
    |  Latency (cycles) |  Latency (absolute) |  Interval | Pipeline|
    |   min   |   max   |    min   |    max   | min | max |   Type  |
    +---------+---------+----------+----------+-----+-----+---------+
    |       38|       38| 0.380 ms | 0.380 ms |   38|   38|   none  |
    +---------+---------+----------+----------+-----+-----+---------+

    + Detail: 
        * Instance: 
        N/A

        * Loop: 
        +------------+---------+---------+----------+-----------+-----------+------+----------+
        |            |  Latency (cycles) | Iteration|  Initiation Interval  | Trip |          |
        |  Loop Name |   min   |   max   |  Latency |  achieved |   target  | Count| Pipelined|
        +------------+---------+---------+----------+-----------+-----------+------+----------+
        |- memset_t  |        7|        7|         1|          -|          -|     8|    no    |
        |- Loop 2    |        8|        8|         1|          -|          -|     8|    no    |
        |- Loop 3    |        2|        2|         1|          -|          -|     2|    no    |
        |- Loop 4    |       16|       16|         2|          -|          -|     8|    no    |
        +------------+---------+---------+----------+-----------+-----------+------+----------+



================================================================
== Utilization Estimates
================================================================
* Summary: 
+-----------------+---------+-------+--------+--------+-----+
|       Name      | BRAM_18K| DSP48E|   FF   |   LUT  | URAM|
+-----------------+---------+-------+--------+--------+-----+
|DSP              |        -|      -|       -|       -|    -|
|Expression       |        -|      -|       0|     406|    -|
|FIFO             |        -|      -|       -|       -|    -|
|Instance         |        -|      -|       -|       -|    -|
|Memory           |        0|      -|      16|       1|    0|
|Multiplexer      |        -|      -|       -|     143|    -|
|Register         |        -|      -|      90|       -|    -|
+-----------------+---------+-------+--------+--------+-----+
|Total            |        0|      0|     106|     550|    0|
+-----------------+---------+-------+--------+--------+-----+
|Available        |      730|    740|  269200|  134600|    0|
+-----------------+---------+-------+--------+--------+-----+
|Utilization (%)  |        0|      0|   ~0   |   ~0   |    0|
+-----------------+---------+-------+--------+--------+-----+

+ Detail: 
    * Instance: 
    N/A

    * DSP48E: 
    N/A

    * Memory: 
    +-------+---------------------+---------+----+----+-----+------+-----+------+-------------+
    | Memory|        Module       | BRAM_18K| FF | LUT| URAM| Words| Bits| Banks| W*Bits*Banks|
    +-------+---------------------+---------+----+----+-----+------+-----+------+-------------+
    |t_U    |shake256_absorb_4_t  |        0|  16|   1|    0|     8|    8|     1|           64|
    +-------+---------------------+---------+----+----+-----+------+-----+------+-------------+
    |Total  |                     |        0|  16|   1|    0|     8|    8|     1|           64|
    +-------+---------------------+---------+----+----+-----+------+-----+------+-------------+

    * FIFO: 
    N/A

    * Expression: 
    +------------------------+----------+-------+---+-----+------------+------------+
    |      Variable Name     | Operation| DSP48E| FF| LUT | Bitwidth P0| Bitwidth P1|
    +------------------------+----------+-------+---+-----+------------+------------+
    |add_ln388_fu_173_p2     |     +    |      0|  0|   12|           3|           1|
    |i_17_fu_218_p2          |     +    |      0|  0|   10|           2|           1|
    |i_18_fu_241_p2          |     +    |      0|  0|   13|           4|           1|
    |i_fu_196_p2             |     +    |      0|  0|   13|           4|           1|
    |icmp_ln30_fu_235_p2     |   icmp   |      0|  0|   11|           4|           5|
    |icmp_ln388_fu_184_p2    |   icmp   |      0|  0|    9|           3|           2|
    |icmp_ln424_fu_190_p2    |   icmp   |      0|  0|   11|           4|           5|
    |icmp_ln426_fu_212_p2    |   icmp   |      0|  0|    9|           2|           3|
    |r_fu_278_p2             |    or    |      0|  0|   64|          64|          64|
    |select_ln427_fu_228_p3  |  select  |      0|  0|    8|           1|           8|
    |shl_ln31_fu_272_p2      |    shl   |      0|  0|  182|          64|          64|
    |state_s_d0              |    xor   |      0|  0|   64|          64|          64|
    +------------------------+----------+-------+---+-----+------------+------------+
    |Total                   |          |      0|  0|  406|         219|         219|
    +------------------------+----------+-------+---+-----+------------+------------+

    * Multiplexer: 
    +-------------------+----+-----------+-----+-----------+
    |        Name       | LUT| Input Size| Bits| Total Bits|
    +-------------------+----+-----------+-----+-----------+
    |ap_NS_fsm          |  41|          8|    1|          8|
    |i_0_i2_reg_145     |   9|          2|    4|          8|
    |i_4_i_reg_123      |   9|          2|    4|          8|
    |i_5_i_reg_134      |   9|          2|    2|          4|
    |phi_ln388_reg_112  |   9|          2|    3|          6|
    |r_0_i3_reg_157     |   9|          2|   64|        128|
    |state_s_address0   |  15|          3|    5|         15|
    |t_address0         |  27|          5|    3|         15|
    |t_d0               |  15|          3|    8|         24|
    +-------------------+----+-----------+-----+-----------+
    |Total              | 143|         29|   94|        216|
    +-------------------+----+-----------+-----+-----------+

    * Register: 
    +------------------------+----+----+-----+-----------+
    |          Name          | FF | LUT| Bits| Const Bits|
    +------------------------+----+----+-----+-----------+
    |ap_CS_fsm               |   7|   0|    7|          0|
    |i_0_i2_reg_145          |   4|   0|    4|          0|
    |i_18_reg_328            |   4|   0|    4|          0|
    |i_4_i_reg_123           |   4|   0|    4|          0|
    |i_5_i_reg_134           |   2|   0|    2|          0|
    |in_1_read_cast_reg_296  |   2|   0|    8|          6|
    |phi_ln388_reg_112       |   3|   0|    3|          0|
    |r_0_i3_reg_157          |  64|   0|   64|          0|
    +------------------------+----+----+-----+-----------+
    |Total                   |  90|   0|   96|          6|
    +------------------------+----+----+-----+-----------+



================================================================
== Interface
================================================================
* Summary: 
+------------------+-----+-----+------------+-----------------+--------------+
|     RTL Ports    | Dir | Bits|  Protocol  |  Source Object  |    C Type    |
+------------------+-----+-----+------------+-----------------+--------------+
|ap_clk            |  in |    1| ap_ctrl_hs | shake128_absorb | return value |
|ap_rst            |  in |    1| ap_ctrl_hs | shake128_absorb | return value |
|ap_start          |  in |    1| ap_ctrl_hs | shake128_absorb | return value |
|ap_done           | out |    1| ap_ctrl_hs | shake128_absorb | return value |
|ap_idle           | out |    1| ap_ctrl_hs | shake128_absorb | return value |
|ap_ready          | out |    1| ap_ctrl_hs | shake128_absorb | return value |
|state_s_address0  | out |    5|  ap_memory |     state_s     |     array    |
|state_s_ce0       | out |    1|  ap_memory |     state_s     |     array    |
|state_s_we0       | out |    1|  ap_memory |     state_s     |     array    |
|state_s_d0        | out |   64|  ap_memory |     state_s     |     array    |
|state_s_q0        |  in |   64|  ap_memory |     state_s     |     array    |
|in_0_read         |  in |    8|   ap_none  |    in_0_read    |    scalar    |
|in_1_read         |  in |    2|   ap_none  |    in_1_read    |    scalar    |
+------------------+-----+-----+------------+-----------------+--------------+

