

================================================================
== Vivado HLS Report for 'shake256_absorb_4'
================================================================
* Date:           Tue Apr  4 23:56:26 2023

* Version:        2019.2 (Build 2704478 on Wed Nov 06 22:10:23 MST 2019)
* Project:        crypto_sign
* Solution:       solution1
* Product family: artix7
* Target device:  xc7a200t-fbg676-2


================================================================
== Performance Estimates
================================================================
+ Timing: 
    * Summary: 
    +--------+----------+----------+------------+
    |  Clock |  Target  | Estimated| Uncertainty|
    +--------+----------+----------+------------+
    |ap_clk  | 10.00 us | 7.825 ns |   1.25 us  |
    +--------+----------+----------+------------+

+ Latency: 
    * Summary: 
    +---------+---------+----------+----------+-----+-----+---------+
    |  Latency (cycles) |  Latency (absolute) |  Interval | Pipeline|
    |   min   |   max   |    min   |    max   | min | max |   Type  |
    +---------+---------+----------+----------+-----+-----+---------+
    |        ?|        ?|         ?|         ?|    ?|    ?|   none  |
    +---------+---------+----------+----------+-----+-----+---------+

    + Detail: 
        * Instance: 
        +-----------------------------------+------------------------+---------+---------+----------+----------+-----+-----+---------+
        |                                   |                        |  Latency (cycles) |  Latency (absolute) |  Interval | Pipeline|
        |              Instance             |         Module         |   min   |   max   |    min   |    max   | min | max |   Type  |
        +-----------------------------------+------------------------+---------+---------+----------+----------+-----+-----+---------+
        |grp_KeccakF1600_StatePer_1_fu_356  |KeccakF1600_StatePer_1  |       50|       50| 0.500 ms | 0.500 ms |   50|   50|   none  |
        |grp_load64_1_fu_364                |load64_1                |       17|       17| 0.170 ms | 0.170 ms |   17|   17|   none  |
        +-----------------------------------+------------------------+---------+---------+----------+----------+-----+-----+---------+

        * Loop: 
        +-------------+---------+---------+----------+-----------+-----------+--------+----------+
        |             |  Latency (cycles) | Iteration|  Initiation Interval  |  Trip  |          |
        |  Loop Name  |   min   |   max   |  Latency |  achieved |   target  |  Count | Pipelined|
        +-------------+---------+---------+----------+-----------+-----------+--------+----------+
        |- memset_t   |        7|        7|         1|          -|          -|       8|    no    |
        |- Loop 2     |      209|      209|        19|          -|          -|      11|    no    |
        |- Loop 3     |        ?|        ?|       376|          -|          -|       ?|    no    |
        | + Loop 3.1  |      323|      323|        19|          -|          -|      17|    no    |
        |- Loop 4     |        0|      304|        19|          -|          -| 0 ~ 16 |    no    |
        |- Loop 5     |        8|        8|         1|          -|          -|       8|    no    |
        |- Loop 6     |        ?|        ?|         2|          -|          -|       ?|    no    |
        |- Loop 7     |       16|       16|         2|          -|          -|       8|    no    |
        +-------------+---------+---------+----------+-----------+-----------+--------+----------+



================================================================
== Utilization Estimates
================================================================
* Summary: 
+-----------------+---------+-------+--------+--------+-----+
|       Name      | BRAM_18K| DSP48E|   FF   |   LUT  | URAM|
+-----------------+---------+-------+--------+--------+-----+
|DSP              |        -|      -|       -|       -|    -|
|Expression       |        -|      -|       0|    1120|    -|
|FIFO             |        -|      -|       -|       -|    -|
|Instance         |        2|      -|    3263|   17222|    -|
|Memory           |        0|      -|      16|       1|    0|
|Multiplexer      |        -|      -|       -|     460|    -|
|Register         |        -|      -|     923|       -|    -|
+-----------------+---------+-------+--------+--------+-----+
|Total            |        2|      0|    4202|   18803|    0|
+-----------------+---------+-------+--------+--------+-----+
|Available        |      730|    740|  269200|  134600|    0|
+-----------------+---------+-------+--------+--------+-----+
|Utilization (%)  |    ~0   |      0|       1|      13|    0|
+-----------------+---------+-------+--------+--------+-----+

+ Detail: 
    * Instance: 
    +-----------------------------------+------------------------+---------+-------+------+-------+-----+
    |              Instance             |         Module         | BRAM_18K| DSP48E|  FF  |  LUT  | URAM|
    +-----------------------------------+------------------------+---------+-------+------+-------+-----+
    |grp_KeccakF1600_StatePer_1_fu_356  |KeccakF1600_StatePer_1  |        2|      0|  3110|  16883|    0|
    |grp_load64_1_fu_364                |load64_1                |        0|      0|   153|    339|    0|
    +-----------------------------------+------------------------+---------+-------+------+-------+-----+
    |Total                              |                        |        2|      0|  3263|  17222|    0|
    +-----------------------------------+------------------------+---------+-------+------+-------+-----+

    * DSP48E: 
    N/A

    * Memory: 
    +-------+---------------------+---------+----+----+-----+------+-----+------+-------------+
    | Memory|        Module       | BRAM_18K| FF | LUT| URAM| Words| Bits| Banks| W*Bits*Banks|
    +-------+---------------------+---------+----+----+-----+------+-----+------+-------------+
    |t_U    |shake256_absorb_4_t  |        0|  16|   1|    0|     8|    8|     1|           64|
    +-------+---------------------+---------+----+----+-----+------+-----+------+-------------+
    |Total  |                     |        0|  16|   1|    0|     8|    8|     1|           64|
    +-------+---------------------+---------+----+----+-----+------+-----+------+-------------+

    * FIFO: 
    N/A

    * Expression: 
    +---------------------------------+----------+-------+---+-----+------------+------------+
    |          Variable Name          | Operation| DSP48E| FF| LUT | Bitwidth P0| Bitwidth P1|
    +---------------------------------+----------+-------+---+-----+------------+------------+
    |add_ln388_fu_378_p2              |     +    |      0|  0|   12|           3|           1|
    |add_ln402_1_fu_431_p2            |     +    |      0|  0|   19|          12|          12|
    |add_ln402_fu_441_p2              |     +    |      0|  0|   15|           5|           3|
    |add_ln404_fu_452_p2              |     +    |      0|  0|   71|          64|           8|
    |add_ln411_1_fu_545_p2            |     +    |      0|  0|    8|          64|          64|
    |add_ln411_2_fu_551_p2            |     +    |      0|  0|    8|          64|          64|
    |add_ln411_fu_473_p2              |     +    |      0|  0|   19|          12|          12|
    |add_ln412_fu_562_p2              |     +    |      0|  0|   71|          64|           8|
    |add_ln415_fu_568_p2              |     +    |      0|  0|   71|          64|           9|
    |add_ln417_fu_579_p2              |     +    |      0|  0|   15|           5|           1|
    |add_ln418_1_fu_613_p2            |     +    |      0|  0|   15|           5|           5|
    |add_ln418_2_fu_607_p2            |     +    |      0|  0|    8|          64|          64|
    |add_ln418_fu_601_p2              |     +    |      0|  0|    8|          64|          64|
    |add_ln421_fu_652_p2              |     +    |      0|  0|   16|           9|           9|
    |add_ln427_1_fu_715_p2            |     +    |      0|  0|    8|          14|          14|
    |add_ln427_2_fu_720_p2            |     +    |      0|  0|    8|          14|          14|
    |add_ln427_fu_710_p2              |     +    |      0|  0|   21|          14|          14|
    |add_ln429_fu_803_p2              |     +    |      0|  0|   17|          10|          10|
    |i_11_fu_527_p2                   |     +    |      0|  0|   15|           5|           1|
    |i_12_fu_673_p2                   |     +    |      0|  0|   13|           4|           1|
    |i_13_fu_704_p2                   |     +    |      0|  0|   39|           1|          32|
    |i_14_fu_736_p2                   |     +    |      0|  0|   13|           4|           1|
    |i_fu_413_p2                      |     +    |      0|  0|   13|           4|           1|
    |sub_ln420_fu_642_p2              |     -    |      0|  0|   71|          64|          64|
    |ap_block_state5_on_subcall_done  |    and   |      0|  0|    2|           1|           1|
    |icmp_ln30_fu_730_p2              |   icmp   |      0|  0|   11|           4|           5|
    |icmp_ln388_fu_389_p2             |   icmp   |      0|  0|    9|           3|           2|
    |icmp_ln400_fu_395_p2             |   icmp   |      0|  0|   29|          64|           7|
    |icmp_ln401_fu_407_p2             |   icmp   |      0|  0|    9|           4|           4|
    |icmp_ln409_fu_483_p2             |   icmp   |      0|  0|   29|          64|           8|
    |icmp_ln410_fu_521_p2             |   icmp   |      0|  0|   11|           5|           5|
    |icmp_ln417_fu_574_p2             |   icmp   |      0|  0|   11|           5|           5|
    |icmp_ln423_fu_661_p2             |   icmp   |      0|  0|   29|          64|          64|
    |icmp_ln424_fu_667_p2             |   icmp   |      0|  0|   11|           4|           5|
    |icmp_ln426_fu_699_p2             |   icmp   |      0|  0|   21|          33|          33|
    |r_fu_790_p2                      |    or    |      0|  0|   64|          64|          64|
    |shl_ln31_fu_784_p2               |    shl   |      0|  0|  182|          64|          64|
    |grp_fu_371_p2                    |    xor   |      0|  0|   64|          64|          64|
    |xor_ln428_fu_796_p2              |    xor   |      0|  0|   64|          64|          64|
    +---------------------------------+----------+-------+---+-----+------------+------------+
    |Total                            |          |      0|  0| 1120|        1140|         871|
    +---------------------------------+----------+-------+---+-----+------------+------------+

    * Multiplexer: 
    +-----------------------------------------------+----+-----------+-----+-----------+
    |                      Name                     | LUT| Input Size| Bits| Total Bits|
    +-----------------------------------------------+----+-----------+-----+-----------+
    |ap_NS_fsm                                      |  89|         18|    1|         18|
    |ap_phi_mux_p_23_i_phi_fu_237_p4                |   9|          2|    1|          2|
    |ap_phi_mux_p_27_i5_phi_fu_225_p4               |   9|          2|    3|          6|
    |ap_phi_mux_p_2_i_phi_fu_249_p4                 |   9|          2|   64|        128|
    |ap_phi_mux_state_pos_write_assi_phi_fu_350_p4  |   9|          2|   10|         20|
    |ap_return                                      |   9|          2|   10|         20|
    |grp_load64_1_fu_364_x_offset                   |  21|          4|   64|        256|
    |i_0_i2_reg_323                                 |   9|          2|    4|          8|
    |i_1_i_reg_210                                  |   9|          2|    4|          8|
    |i_2_i_reg_279                                  |   9|          2|    5|         10|
    |i_3_i_reg_290                                  |   9|          2|    5|         10|
    |i_4_i_reg_301                                  |   9|          2|    4|          8|
    |i_5_i_reg_312                                  |   9|          2|   32|         64|
    |in_r_address0                                  |  15|          3|   13|         39|
    |in_r_ce0                                       |  15|          3|    1|          3|
    |indvars_iv_i_reg_256                           |   9|          2|   64|        128|
    |p_27_i5_reg_221                                |   9|          2|    3|          6|
    |p_2_i_reg_246                                  |   9|          2|   64|        128|
    |p_38_rec_i_reg_267                             |   9|          2|   64|        128|
    |phi_ln388_reg_199                              |   9|          2|    3|          6|
    |r_0_i3_reg_335                                 |   9|          2|   64|        128|
    |state_pos_write_assi_reg_347                   |   9|          2|   10|         20|
    |state_s_address0                               |  47|         10|    5|         50|
    |state_s_ce0                                    |  15|          3|    1|          3|
    |state_s_ce1                                    |   9|          2|    1|          2|
    |state_s_d0                                     |  21|          4|   64|        256|
    |state_s_we0                                    |  15|          3|    1|          3|
    |state_s_we1                                    |   9|          2|    1|          2|
    |t_address0                                     |  27|          5|    3|         15|
    |t_d0                                           |  15|          3|    8|         24|
    +-----------------------------------------------+----+-----------+-----+-----------+
    |Total                                          | 460|         96|  577|       1499|
    +-----------------------------------------------+----+-----------+-----+-----------+

    * Register: 
    +------------------------------------------------+----+----+-----+-----------+
    |                      Name                      | FF | LUT| Bits| Const Bits|
    +------------------------------------------------+----+----+-----+-----------+
    |add_ln411_2_reg_899                             |  64|   0|   64|          0|
    |add_ln411_reg_861                               |  12|   0|   12|          0|
    |add_ln412_reg_909                               |  64|   0|   64|          0|
    |add_ln415_reg_914                               |  64|   0|   64|          0|
    |add_ln417_reg_922                               |   5|   0|    5|          0|
    |add_ln418_2_reg_927                             |  64|   0|   64|          0|
    |add_ln421_reg_952                               |   6|   0|    9|          3|
    |ap_CS_fsm                                       |  17|   0|   17|          0|
    |ap_return_preg                                  |  10|   0|   10|          0|
    |grp_KeccakF1600_StatePer_1_fu_356_ap_start_reg  |   1|   0|    1|          0|
    |grp_load64_1_fu_364_ap_start_reg                |   1|   0|    1|          0|
    |i_0_i2_reg_323                                  |   4|   0|    4|          0|
    |i_11_reg_894                                    |   5|   0|    5|          0|
    |i_13_reg_988                                    |  32|   0|   32|          0|
    |i_14_reg_1001                                   |   4|   0|    4|          0|
    |i_1_i_reg_210                                   |   4|   0|    4|          0|
    |i_2_i_reg_279                                   |   5|   0|    5|          0|
    |i_3_i_reg_290                                   |   5|   0|    5|          0|
    |i_4_i_reg_301                                   |   4|   0|    4|          0|
    |i_5_i_reg_312                                   |  32|   0|   32|          0|
    |i_reg_841                                       |   4|   0|    4|          0|
    |icmp_ln400_reg_829                              |   1|   0|    1|          0|
    |icmp_ln423_reg_963                              |   1|   0|    1|          0|
    |indvars_iv_i_reg_256                            |  64|   0|   64|          0|
    |p_23_i_reg_233                                  |   1|   0|    5|          4|
    |p_27_i5_reg_221                                 |   3|   0|    7|          4|
    |p_2_i_reg_246                                   |  64|   0|   64|          0|
    |p_38_rec_i_reg_267                              |  64|   0|   64|          0|
    |phi_ln388_reg_199                               |   3|   0|    3|          0|
    |r_0_i3_reg_335                                  |  64|   0|   64|          0|
    |state_pos_write_assi_reg_347                    |  10|   0|   10|          0|
    |state_s_addr_1_reg_932                          |   5|   0|    5|          0|
    |state_s_addr_2_reg_904                          |   5|   0|    5|          0|
    |state_s_addr_3_reg_1011                         |   5|   0|    5|          0|
    |state_s_addr_reg_851                            |   5|   0|    5|          0|
    |sub_ln420_reg_942                               |  64|   0|   64|          0|
    |tmp_reg_885                                     |   5|   0|    5|          0|
    |trunc_ln402_reg_833                             |  12|   0|   12|          0|
    |trunc_ln409_reg_875                             |  14|   0|   14|          0|
    |trunc_ln420_reg_947                             |  33|   0|   33|          0|
    |trunc_ln429_reg_1016                            |  10|   0|   10|          0|
    |zext_ln402_2_reg_846                            |  12|   0|   64|         52|
    |zext_ln409_1_reg_856                            |   2|   0|    9|          7|
    |zext_ln411_2_reg_866                            |  12|   0|   64|         52|
    |zext_ln418_2_reg_880                            |   2|   0|    5|          3|
    |zext_ln420_reg_937                              |   5|   0|   14|          9|
    |zext_ln421_reg_957                              |   6|   0|   10|          4|
    |zext_ln426_reg_980                              |  32|   0|   64|         32|
    |zext_ln427_reg_975                              |  12|   0|   14|          2|
    +------------------------------------------------+----+----+-----+-----------+
    |Total                                           | 923|   0| 1095|        172|
    +------------------------------------------------+----+----+-----+-----------+



================================================================
== Interface
================================================================
* Summary: 
+------------------+-----+-----+------------+-------------------+--------------+
|     RTL Ports    | Dir | Bits|  Protocol  |   Source Object   |    C Type    |
+------------------+-----+-----+------------+-------------------+--------------+
|ap_clk            |  in |    1| ap_ctrl_hs | shake256_absorb.4 | return value |
|ap_rst            |  in |    1| ap_ctrl_hs | shake256_absorb.4 | return value |
|ap_start          |  in |    1| ap_ctrl_hs | shake256_absorb.4 | return value |
|ap_done           | out |    1| ap_ctrl_hs | shake256_absorb.4 | return value |
|ap_idle           | out |    1| ap_ctrl_hs | shake256_absorb.4 | return value |
|ap_ready          | out |    1| ap_ctrl_hs | shake256_absorb.4 | return value |
|ap_return         | out |   10| ap_ctrl_hs | shake256_absorb.4 | return value |
|state_s_address0  | out |    5|  ap_memory |      state_s      |     array    |
|state_s_ce0       | out |    1|  ap_memory |      state_s      |     array    |
|state_s_we0       | out |    1|  ap_memory |      state_s      |     array    |
|state_s_d0        | out |   64|  ap_memory |      state_s      |     array    |
|state_s_q0        |  in |   64|  ap_memory |      state_s      |     array    |
|state_s_address1  | out |    5|  ap_memory |      state_s      |     array    |
|state_s_ce1       | out |    1|  ap_memory |      state_s      |     array    |
|state_s_we1       | out |    1|  ap_memory |      state_s      |     array    |
|state_s_d1        | out |   64|  ap_memory |      state_s      |     array    |
|state_s_q1        |  in |   64|  ap_memory |      state_s      |     array    |
|in_r_address0     | out |   13|  ap_memory |        in_r       |     array    |
|in_r_ce0          | out |    1|  ap_memory |        in_r       |     array    |
|in_r_q0           |  in |    8|  ap_memory |        in_r       |     array    |
|in_offset         |  in |   13|   ap_none  |     in_offset     |    scalar    |
|inlen             |  in |   64|   ap_none  |       inlen       |    scalar    |
+------------------+-----+-----+------------+-------------------+--------------+

