

================================================================
== Vivado HLS Report for 'shake256_absorb_3'
================================================================
* Date:           Tue Apr  4 23:56:24 2023

* Version:        2019.2 (Build 2704478 on Wed Nov 06 22:10:23 MST 2019)
* Project:        crypto_sign
* Solution:       solution1
* Product family: artix7
* Target device:  xc7a200t-fbg676-2


================================================================
== Performance Estimates
================================================================
+ Timing: 
    * Summary: 
    +--------+----------+----------+------------+
    |  Clock |  Target  | Estimated| Uncertainty|
    +--------+----------+----------+------------+
    |ap_clk  | 10.00 us | 6.352 ns |   1.25 us  |
    +--------+----------+----------+------------+

+ Latency: 
    * Summary: 
    +---------+---------+----------+----------+-----+-----+---------+
    |  Latency (cycles) |  Latency (absolute) |  Interval | Pipeline|
    |   min   |   max   |    min   |    max   | min | max |   Type  |
    +---------+---------+----------+----------+-----+-----+---------+
    |      115|      115| 1.150 ms | 1.150 ms |  115|  115|   none  |
    +---------+---------+----------+----------+-----+-----+---------+

    + Detail: 
        * Instance: 
        N/A

        * Loop: 
        +-------------+---------+---------+----------+-----------+-----------+------+----------+
        |             |  Latency (cycles) | Iteration|  Initiation Interval  | Trip |          |
        |  Loop Name  |   min   |   max   |  Latency |  achieved |   target  | Count| Pipelined|
        +-------------+---------+---------+----------+-----------+-----------+------+----------+
        |- Loop 1     |      114|      114|        19|          -|          -|     6|    no    |
        | + Loop 1.1  |       16|       16|         2|          -|          -|     8|    no    |
        +-------------+---------+---------+----------+-----------+-----------+------+----------+



================================================================
== Utilization Estimates
================================================================
* Summary: 
+-----------------+---------+-------+--------+--------+-----+
|       Name      | BRAM_18K| DSP48E|   FF   |   LUT  | URAM|
+-----------------+---------+-------+--------+--------+-----+
|DSP              |        -|      -|       -|       -|    -|
|Expression       |        -|      -|       0|     385|    -|
|FIFO             |        -|      -|       -|       -|    -|
|Instance         |        -|      -|       -|       -|    -|
|Memory           |        -|      -|       -|       -|    -|
|Multiplexer      |        -|      -|       -|      75|    -|
|Register         |        -|      -|      92|       -|    -|
+-----------------+---------+-------+--------+--------+-----+
|Total            |        0|      0|      92|     460|    0|
+-----------------+---------+-------+--------+--------+-----+
|Available        |      730|    740|  269200|  134600|    0|
+-----------------+---------+-------+--------+--------+-----+
|Utilization (%)  |        0|      0|   ~0   |   ~0   |    0|
+-----------------+---------+-------+--------+--------+-----+

+ Detail: 
    * Instance: 
    N/A

    * DSP48E: 
    N/A

    * Memory: 
    N/A

    * FIFO: 
    N/A

    * Expression: 
    +----------------------+----------+-------+---+-----+------------+------------+
    |     Variable Name    | Operation| DSP48E| FF| LUT | Bitwidth P0| Bitwidth P1|
    +----------------------+----------+-------+---+-----+------------+------------+
    |add_ln31_1_fu_137_p2  |     +    |      0|  0|   15|           6|           6|
    |add_ln31_fu_146_p2    |     +    |      0|  0|   15|           8|           8|
    |add_ln417_fu_107_p2   |     +    |      0|  0|   12|           3|           1|
    |i_fu_131_p2           |     +    |      0|  0|   13|           4|           1|
    |icmp_ln30_fu_125_p2   |   icmp   |      0|  0|   11|           4|           5|
    |icmp_ln417_fu_101_p2  |   icmp   |      0|  0|    9|           3|           3|
    |r_fu_182_p2           |    or    |      0|  0|   64|          64|          64|
    |shl_ln31_fu_176_p2    |    shl   |      0|  0|  182|          64|          64|
    |state_s_d0            |    xor   |      0|  0|   64|          64|          64|
    +----------------------+----------+-------+---+-----+------------+------------+
    |Total                 |          |      0|  0|  385|         220|         216|
    +----------------------+----------+-------+---+-----+------------+------------+

    * Multiplexer: 
    +------------------+----+-----------+-----+-----------+
    |       Name       | LUT| Input Size| Bits| Total Bits|
    +------------------+----+-----------+-----+-----------+
    |ap_NS_fsm         |  33|          6|    1|          6|
    |i_0_i1_reg_73     |   9|          2|    4|          8|
    |i_3_i_reg_62      |   9|          2|    3|          6|
    |r_0_i2_reg_85     |   9|          2|   64|        128|
    |state_s_address0  |  15|          3|    5|         15|
    +------------------+----+-----------+-----+-----------+
    |Total             |  75|         15|   77|        163|
    +------------------+----+-----------+-----+-----------+

    * Register: 
    +------------------------+----+----+-----+-----------+
    |          Name          | FF | LUT| Bits| Const Bits|
    +------------------------+----+----+-----+-----------+
    |add_ln417_reg_208       |   3|   0|    3|          0|
    |ap_CS_fsm               |   5|   0|    5|          0|
    |i_0_i1_reg_73           |   4|   0|    4|          0|
    |i_3_i_reg_62            |   3|   0|    3|          0|
    |i_reg_221               |   4|   0|    4|          0|
    |r_0_i2_reg_85           |  64|   0|   64|          0|
    |shl_ln_reg_213          |   3|   0|    6|          3|
    |state_s_addr_2_reg_231  |   3|   0|    5|          2|
    |zext_ln417_reg_200      |   3|   0|   64|         61|
    +------------------------+----+----+-----+-----------+
    |Total                   |  92|   0|  158|         66|
    +------------------------+----+----+-----+-----------+



================================================================
== Interface
================================================================
* Summary: 
+------------------+-----+-----+------------+-------------------+--------------+
|     RTL Ports    | Dir | Bits|  Protocol  |   Source Object   |    C Type    |
+------------------+-----+-----+------------+-------------------+--------------+
|ap_clk            |  in |    1| ap_ctrl_hs | shake256_absorb.3 | return value |
|ap_rst            |  in |    1| ap_ctrl_hs | shake256_absorb.3 | return value |
|ap_start          |  in |    1| ap_ctrl_hs | shake256_absorb.3 | return value |
|ap_done           | out |    1| ap_ctrl_hs | shake256_absorb.3 | return value |
|ap_idle           | out |    1| ap_ctrl_hs | shake256_absorb.3 | return value |
|ap_ready          | out |    1| ap_ctrl_hs | shake256_absorb.3 | return value |
|state_s_address0  | out |    5|  ap_memory |      state_s      |     array    |
|state_s_ce0       | out |    1|  ap_memory |      state_s      |     array    |
|state_s_we0       | out |    1|  ap_memory |      state_s      |     array    |
|state_s_d0        | out |   64|  ap_memory |      state_s      |     array    |
|state_s_q0        |  in |   64|  ap_memory |      state_s      |     array    |
|in_r_address0     | out |    8|  ap_memory |        in_r       |     array    |
|in_r_ce0          | out |    1|  ap_memory |        in_r       |     array    |
|in_r_q0           |  in |    8|  ap_memory |        in_r       |     array    |
|in_offset         |  in |    8|   ap_none  |     in_offset     |    scalar    |
+------------------+-----+-----+------------+-------------------+--------------+

