/home/guest/Documents/vlsi/dilithium2/crypto_sign/solution1/.autopilot/db/aes.pp.0.c:714:3: warning: Added loop label VITIS_LOOP_160_1:   [xilinx-label-all-loops]
  for (i = 0; i < 8; ++i)
  ^~~
  VITIS_LOOP_160_1: 
/home/guest/Documents/vlsi/dilithium2/crypto_sign/solution1/.autopilot/db/aes.pp.0.c:714:3: note: FIX-IT applied suggested code changes
/home/guest/Documents/vlsi/dilithium2/crypto_sign/solution1/.autopilot/db/aes.pp.0.c:723:3: warning: Added loop label VITIS_LOOP_169_2:   [xilinx-label-all-loops]
  for (i = 8; i < 4 * (14 + 1); ++i)
  ^~~
  VITIS_LOOP_169_2: 
/home/guest/Documents/vlsi/dilithium2/crypto_sign/solution1/.autopilot/db/aes.pp.0.c:723:3: note: FIX-IT applied suggested code changes
/home/guest/Documents/vlsi/dilithium2/crypto_sign/solution1/.autopilot/db/aes.pp.0.c:885:3: warning: Added loop label VITIS_LOOP_358_1:   [xilinx-label-all-loops]
  for (i = 0; i < 4; ++i)
  ^~~
  VITIS_LOOP_358_1: 
/home/guest/Documents/vlsi/dilithium2/crypto_sign/solution1/.autopilot/db/aes.pp.0.c:885:3: note: FIX-IT applied suggested code changes
/home/guest/Documents/vlsi/dilithium2/crypto_sign/solution1/.autopilot/db/aes.pp.0.c:905:3: warning: Added loop label VITIS_LOOP_378_1:   [xilinx-label-all-loops]
  for (i = 0; i < 4; ++i)
  ^~~
  VITIS_LOOP_378_1: 
/home/guest/Documents/vlsi/dilithium2/crypto_sign/solution1/.autopilot/db/aes.pp.0.c:905:3: note: FIX-IT applied suggested code changes
/home/guest/Documents/vlsi/dilithium2/crypto_sign/solution1/.autopilot/db/aes.pp.0.c:907:5: warning: Added loop label VITIS_LOOP_380_2:   [xilinx-label-all-loops]
    for (j = 0; j < 4; ++j)
    ^~~
    VITIS_LOOP_380_2: 
/home/guest/Documents/vlsi/dilithium2/crypto_sign/solution1/.autopilot/db/aes.pp.0.c:907:5: note: FIX-IT applied suggested code changes
/home/guest/Documents/vlsi/dilithium2/crypto_sign/solution1/.autopilot/db/aes.pp.0.c:1019:3: warning: Added loop label VITIS_LOOP_508_1:   [xilinx-label-all-loops]
  for (round = (14 - 1); round > 0; --round)
  ^~~
  VITIS_LOOP_508_1: 
/home/guest/Documents/vlsi/dilithium2/crypto_sign/solution1/.autopilot/db/aes.pp.0.c:1019:3: note: FIX-IT applied suggested code changes
/home/guest/Documents/vlsi/dilithium2/crypto_sign/solution1/.autopilot/db/aes.pp.0.c:1050:3: warning: Added loop label VITIS_LOOP_556_1:   [xilinx-label-all-loops]
  for (i = 0; i < 16; ++i)
  ^~~
  VITIS_LOOP_556_1: 
/home/guest/Documents/vlsi/dilithium2/crypto_sign/solution1/.autopilot/db/aes.pp.0.c:1050:3: note: FIX-IT applied suggested code changes
/home/guest/Documents/vlsi/dilithium2/crypto_sign/solution1/.autopilot/db/aes.pp.0.c:1060:3: warning: Added loop label VITIS_LOOP_566_1:   [xilinx-label-all-loops]
  for (i = 0; i < length; i += 16)
  ^~~
  VITIS_LOOP_566_1: 
/home/guest/Documents/vlsi/dilithium2/crypto_sign/solution1/.autopilot/db/aes.pp.0.c:1060:3: note: FIX-IT applied suggested code changes
/home/guest/Documents/vlsi/dilithium2/crypto_sign/solution1/.autopilot/db/aes.pp.0.c:1076:3: warning: Added loop label VITIS_LOOP_582_1:   [xilinx-label-all-loops]
  for (i = 0; i < length; i += 16)
  ^~~
  VITIS_LOOP_582_1: 
/home/guest/Documents/vlsi/dilithium2/crypto_sign/solution1/.autopilot/db/aes.pp.0.c:1076:3: note: FIX-IT applied suggested code changes
/home/guest/Documents/vlsi/dilithium2/crypto_sign/solution1/.autopilot/db/aes.pp.0.c:1093:3: warning: Added loop label VITIS_LOOP_606_1:   [xilinx-label-all-loops]
  for (i = 0, bi = 16; i < length; ++i, ++bi)
  ^~~
  VITIS_LOOP_606_1: 
/home/guest/Documents/vlsi/dilithium2/crypto_sign/solution1/.autopilot/db/aes.pp.0.c:1093:3: note: FIX-IT applied suggested code changes
/home/guest/Documents/vlsi/dilithium2/crypto_sign/solution1/.autopilot/db/aes.pp.0.c:1102:7: warning: Added loop label VITIS_LOOP_615_2:   [xilinx-label-all-loops]
      for (bi = (16 - 1); bi >= 0; --bi)
      ^~~
      VITIS_LOOP_615_2: 
/home/guest/Documents/vlsi/dilithium2/crypto_sign/solution1/.autopilot/db/aes.pp.0.c:1102:7: note: FIX-IT applied suggested code changes
