/home/guest/Documents/vlsi/dilithium2/crypto_sign/solution1/.autopilot/db/aes256ctr.pp.0.c:683:2: warning: Added loop label VITIS_LOOP_39_1:   [xilinx-label-all-loops]
 while (num-- > 0) {
 ^~~~~
 VITIS_LOOP_39_1: 
/home/guest/Documents/vlsi/dilithium2/crypto_sign/solution1/.autopilot/db/aes256ctr.pp.0.c:683:2: note: FIX-IT applied suggested code changes
/home/guest/Documents/vlsi/dilithium2/crypto_sign/solution1/.autopilot/db/aes256ctr.pp.0.c:706:2: warning: Added loop label VITIS_LOOP_62_1:   [xilinx-label-all-loops]
 while (num-- > 0) {
 ^~~~~
 VITIS_LOOP_62_1: 
/home/guest/Documents/vlsi/dilithium2/crypto_sign/solution1/.autopilot/db/aes256ctr.pp.0.c:706:2: note: FIX-IT applied suggested code changes
/home/guest/Documents/vlsi/dilithium2/crypto_sign/solution1/.autopilot/db/aes256ctr.pp.0.c:881:2: warning: Added loop label VITIS_LOOP_257_1:   [xilinx-label-all-loops]
 do { uint64_t a, b; a = (q[0]); b = (q[1]); (q[0]) = (a & (uint64_t)0x5555555555555555) | ((b & (uint64_t)0x5555555555555555) << (1)); (q[1]) = ((a & (uint64_t)0xAAAAAAAAAAAAAAAA) >> (1)) | (b & (uint64_t)0xAAAAAAAAAAAAAAAA); } while (0);
 ^~
 VITIS_LOOP_257_1: 
/home/guest/Documents/vlsi/dilithium2/crypto_sign/solution1/.autopilot/db/aes256ctr.pp.0.c:881:2: note: FIX-IT applied suggested code changes
/home/guest/Documents/vlsi/dilithium2/crypto_sign/solution1/.autopilot/db/aes256ctr.pp.0.c:882:2: warning: Added loop label VITIS_LOOP_258_2:   [xilinx-label-all-loops]
 do { uint64_t a, b; a = (q[2]); b = (q[3]); (q[2]) = (a & (uint64_t)0x5555555555555555) | ((b & (uint64_t)0x5555555555555555) << (1)); (q[3]) = ((a & (uint64_t)0xAAAAAAAAAAAAAAAA) >> (1)) | (b & (uint64_t)0xAAAAAAAAAAAAAAAA); } while (0);
 ^~
 VITIS_LOOP_258_2: 
/home/guest/Documents/vlsi/dilithium2/crypto_sign/solution1/.autopilot/db/aes256ctr.pp.0.c:882:2: note: FIX-IT applied suggested code changes
/home/guest/Documents/vlsi/dilithium2/crypto_sign/solution1/.autopilot/db/aes256ctr.pp.0.c:883:2: warning: Added loop label VITIS_LOOP_259_3:   [xilinx-label-all-loops]
 do { uint64_t a, b; a = (q[4]); b = (q[5]); (q[4]) = (a & (uint64_t)0x5555555555555555) | ((b & (uint64_t)0x5555555555555555) << (1)); (q[5]) = ((a & (uint64_t)0xAAAAAAAAAAAAAAAA) >> (1)) | (b & (uint64_t)0xAAAAAAAAAAAAAAAA); } while (0);
 ^~
 VITIS_LOOP_259_3: 
/home/guest/Documents/vlsi/dilithium2/crypto_sign/solution1/.autopilot/db/aes256ctr.pp.0.c:883:2: note: FIX-IT applied suggested code changes
/home/guest/Documents/vlsi/dilithium2/crypto_sign/solution1/.autopilot/db/aes256ctr.pp.0.c:884:2: warning: Added loop label VITIS_LOOP_260_4:   [xilinx-label-all-loops]
 do { uint64_t a, b; a = (q[6]); b = (q[7]); (q[6]) = (a & (uint64_t)0x5555555555555555) | ((b & (uint64_t)0x5555555555555555) << (1)); (q[7]) = ((a & (uint64_t)0xAAAAAAAAAAAAAAAA) >> (1)) | (b & (uint64_t)0xAAAAAAAAAAAAAAAA); } while (0);
 ^~
 VITIS_LOOP_260_4: 
/home/guest/Documents/vlsi/dilithium2/crypto_sign/solution1/.autopilot/db/aes256ctr.pp.0.c:884:2: note: FIX-IT applied suggested code changes
/home/guest/Documents/vlsi/dilithium2/crypto_sign/solution1/.autopilot/db/aes256ctr.pp.0.c:886:2: warning: Added loop label VITIS_LOOP_262_5:   [xilinx-label-all-loops]
 do { uint64_t a, b; a = (q[0]); b = (q[2]); (q[0]) = (a & (uint64_t)0x3333333333333333) | ((b & (uint64_t)0x3333333333333333) << (2)); (q[2]) = ((a & (uint64_t)0xCCCCCCCCCCCCCCCC) >> (2)) | (b & (uint64_t)0xCCCCCCCCCCCCCCCC); } while (0);
 ^~
 VITIS_LOOP_262_5: 
/home/guest/Documents/vlsi/dilithium2/crypto_sign/solution1/.autopilot/db/aes256ctr.pp.0.c:886:2: note: FIX-IT applied suggested code changes
/home/guest/Documents/vlsi/dilithium2/crypto_sign/solution1/.autopilot/db/aes256ctr.pp.0.c:887:2: warning: Added loop label VITIS_LOOP_263_6:   [xilinx-label-all-loops]
 do { uint64_t a, b; a = (q[1]); b = (q[3]); (q[1]) = (a & (uint64_t)0x3333333333333333) | ((b & (uint64_t)0x3333333333333333) << (2)); (q[3]) = ((a & (uint64_t)0xCCCCCCCCCCCCCCCC) >> (2)) | (b & (uint64_t)0xCCCCCCCCCCCCCCCC); } while (0);
 ^~
 VITIS_LOOP_263_6: 
/home/guest/Documents/vlsi/dilithium2/crypto_sign/solution1/.autopilot/db/aes256ctr.pp.0.c:887:2: note: FIX-IT applied suggested code changes
/home/guest/Documents/vlsi/dilithium2/crypto_sign/solution1/.autopilot/db/aes256ctr.pp.0.c:888:2: warning: Added loop label VITIS_LOOP_264_7:   [xilinx-label-all-loops]
 do { uint64_t a, b; a = (q[4]); b = (q[6]); (q[4]) = (a & (uint64_t)0x3333333333333333) | ((b & (uint64_t)0x3333333333333333) << (2)); (q[6]) = ((a & (uint64_t)0xCCCCCCCCCCCCCCCC) >> (2)) | (b & (uint64_t)0xCCCCCCCCCCCCCCCC); } while (0);
 ^~
 VITIS_LOOP_264_7: 
/home/guest/Documents/vlsi/dilithium2/crypto_sign/solution1/.autopilot/db/aes256ctr.pp.0.c:888:2: note: FIX-IT applied suggested code changes
/home/guest/Documents/vlsi/dilithium2/crypto_sign/solution1/.autopilot/db/aes256ctr.pp.0.c:889:2: warning: Added loop label VITIS_LOOP_265_8:   [xilinx-label-all-loops]
 do { uint64_t a, b; a = (q[5]); b = (q[7]); (q[5]) = (a & (uint64_t)0x3333333333333333) | ((b & (uint64_t)0x3333333333333333) << (2)); (q[7]) = ((a & (uint64_t)0xCCCCCCCCCCCCCCCC) >> (2)) | (b & (uint64_t)0xCCCCCCCCCCCCCCCC); } while (0);
 ^~
 VITIS_LOOP_265_8: 
/home/guest/Documents/vlsi/dilithium2/crypto_sign/solution1/.autopilot/db/aes256ctr.pp.0.c:889:2: note: FIX-IT applied suggested code changes
/home/guest/Documents/vlsi/dilithium2/crypto_sign/solution1/.autopilot/db/aes256ctr.pp.0.c:891:2: warning: Added loop label VITIS_LOOP_267_9:   [xilinx-label-all-loops]
 do { uint64_t a, b; a = (q[0]); b = (q[4]); (q[0]) = (a & (uint64_t)0x0F0F0F0F0F0F0F0F) | ((b & (uint64_t)0x0F0F0F0F0F0F0F0F) << (4)); (q[4]) = ((a & (uint64_t)0xF0F0F0F0F0F0F0F0) >> (4)) | (b & (uint64_t)0xF0F0F0F0F0F0F0F0); } while (0);
 ^~
 VITIS_LOOP_267_9: 
/home/guest/Documents/vlsi/dilithium2/crypto_sign/solution1/.autopilot/db/aes256ctr.pp.0.c:891:2: note: FIX-IT applied suggested code changes
/home/guest/Documents/vlsi/dilithium2/crypto_sign/solution1/.autopilot/db/aes256ctr.pp.0.c:892:2: warning: Added loop label VITIS_LOOP_268_10:   [xilinx-label-all-loops]
 do { uint64_t a, b; a = (q[1]); b = (q[5]); (q[1]) = (a & (uint64_t)0x0F0F0F0F0F0F0F0F) | ((b & (uint64_t)0x0F0F0F0F0F0F0F0F) << (4)); (q[5]) = ((a & (uint64_t)0xF0F0F0F0F0F0F0F0) >> (4)) | (b & (uint64_t)0xF0F0F0F0F0F0F0F0); } while (0);
 ^~
 VITIS_LOOP_268_10: 
/home/guest/Documents/vlsi/dilithium2/crypto_sign/solution1/.autopilot/db/aes256ctr.pp.0.c:892:2: note: FIX-IT applied suggested code changes
/home/guest/Documents/vlsi/dilithium2/crypto_sign/solution1/.autopilot/db/aes256ctr.pp.0.c:893:2: warning: Added loop label VITIS_LOOP_269_11:   [xilinx-label-all-loops]
 do { uint64_t a, b; a = (q[2]); b = (q[6]); (q[2]) = (a & (uint64_t)0x0F0F0F0F0F0F0F0F) | ((b & (uint64_t)0x0F0F0F0F0F0F0F0F) << (4)); (q[6]) = ((a & (uint64_t)0xF0F0F0F0F0F0F0F0) >> (4)) | (b & (uint64_t)0xF0F0F0F0F0F0F0F0); } while (0);
 ^~
 VITIS_LOOP_269_11: 
/home/guest/Documents/vlsi/dilithium2/crypto_sign/solution1/.autopilot/db/aes256ctr.pp.0.c:893:2: note: FIX-IT applied suggested code changes
/home/guest/Documents/vlsi/dilithium2/crypto_sign/solution1/.autopilot/db/aes256ctr.pp.0.c:894:2: warning: Added loop label VITIS_LOOP_270_12:   [xilinx-label-all-loops]
 do { uint64_t a, b; a = (q[3]); b = (q[7]); (q[3]) = (a & (uint64_t)0x0F0F0F0F0F0F0F0F) | ((b & (uint64_t)0x0F0F0F0F0F0F0F0F) << (4)); (q[7]) = ((a & (uint64_t)0xF0F0F0F0F0F0F0F0) >> (4)) | (b & (uint64_t)0xF0F0F0F0F0F0F0F0); } while (0);
 ^~
 VITIS_LOOP_270_12: 
/home/guest/Documents/vlsi/dilithium2/crypto_sign/solution1/.autopilot/db/aes256ctr.pp.0.c:894:2: note: FIX-IT applied suggested code changes
/home/guest/Documents/vlsi/dilithium2/crypto_sign/solution1/.autopilot/db/aes256ctr.pp.0.c:975:2: warning: Added loop label VITIS_LOOP_351_1:   [xilinx-label-all-loops]
 for (i = nk, j = 0, k = 0; i < nkf; i ++) {
 ^~~
 VITIS_LOOP_351_1: 
/home/guest/Documents/vlsi/dilithium2/crypto_sign/solution1/.autopilot/db/aes256ctr.pp.0.c:975:2: note: FIX-IT applied suggested code changes
/home/guest/Documents/vlsi/dilithium2/crypto_sign/solution1/.autopilot/db/aes256ctr.pp.0.c:990:2: warning: Added loop label VITIS_LOOP_366_2:   [xilinx-label-all-loops]
 for (i = 0, j = 0; i < nkf; i += 4, j += 2) {
 ^~~
 VITIS_LOOP_366_2: 
/home/guest/Documents/vlsi/dilithium2/crypto_sign/solution1/.autopilot/db/aes256ctr.pp.0.c:990:2: note: FIX-IT applied suggested code changes
/home/guest/Documents/vlsi/dilithium2/crypto_sign/solution1/.autopilot/db/aes256ctr.pp.0.c:1019:2: warning: Added loop label VITIS_LOOP_395_1:   [xilinx-label-all-loops]
 for (u = 0, v = 0; u < n; u ++, v += 4) {
 ^~~
 VITIS_LOOP_395_1: 
/home/guest/Documents/vlsi/dilithium2/crypto_sign/solution1/.autopilot/db/aes256ctr.pp.0.c:1019:2: note: FIX-IT applied suggested code changes
/home/guest/Documents/vlsi/dilithium2/crypto_sign/solution1/.autopilot/db/aes256ctr.pp.0.c:1053:2: warning: Added loop label VITIS_LOOP_429_1:   [xilinx-label-all-loops]
 for (i = 0; i < 8; i ++) {
 ^~~
 VITIS_LOOP_429_1: 
/home/guest/Documents/vlsi/dilithium2/crypto_sign/solution1/.autopilot/db/aes256ctr.pp.0.c:1053:2: note: FIX-IT applied suggested code changes
/home/guest/Documents/vlsi/dilithium2/crypto_sign/solution1/.autopilot/db/aes256ctr.pp.0.c:1117:3: warning: Added loop label VITIS_LOOP_493_1:   [xilinx-label-all-loops]
  for (i = 0; i < 4; i++) {
  ^~~
  VITIS_LOOP_493_1: 
/home/guest/Documents/vlsi/dilithium2/crypto_sign/solution1/.autopilot/db/aes256ctr.pp.0.c:1117:3: note: FIX-IT applied suggested code changes
/home/guest/Documents/vlsi/dilithium2/crypto_sign/solution1/.autopilot/db/aes256ctr.pp.0.c:1123:3: warning: Added loop label VITIS_LOOP_499_2:   [xilinx-label-all-loops]
  for (i = 1; i < 14; i++) {
  ^~~
  VITIS_LOOP_499_2: 
/home/guest/Documents/vlsi/dilithium2/crypto_sign/solution1/.autopilot/db/aes256ctr.pp.0.c:1123:3: note: FIX-IT applied suggested code changes
/home/guest/Documents/vlsi/dilithium2/crypto_sign/solution1/.autopilot/db/aes256ctr.pp.0.c:1134:3: warning: Added loop label VITIS_LOOP_510_3:   [xilinx-label-all-loops]
  for (i = 0; i < 4; i ++) {
  ^~~
  VITIS_LOOP_510_3: 
/home/guest/Documents/vlsi/dilithium2/crypto_sign/solution1/.autopilot/db/aes256ctr.pp.0.c:1134:3: note: FIX-IT applied suggested code changes
/home/guest/Documents/vlsi/dilithium2/crypto_sign/solution1/.autopilot/db/aes256ctr.pp.0.c:1168:2: warning: Added loop label VITIS_LOOP_544_1:   [xilinx-label-all-loops]
 while (len > 64) {
 ^~~~~
 VITIS_LOOP_544_1: 
/home/guest/Documents/vlsi/dilithium2/crypto_sign/solution1/.autopilot/db/aes256ctr.pp.0.c:1168:2: note: FIX-IT applied suggested code changes
/home/guest/Documents/vlsi/dilithium2/crypto_sign/solution1/.autopilot/db/aes256ctr.pp.0.c:1176:3: warning: Added loop label VITIS_LOOP_552_2:   [xilinx-label-all-loops]
  for(i=0;i<len;i++)
  ^~~
  VITIS_LOOP_552_2: 
/home/guest/Documents/vlsi/dilithium2/crypto_sign/solution1/.autopilot/db/aes256ctr.pp.0.c:1176:3: note: FIX-IT applied suggested code changes
/home/guest/Documents/vlsi/dilithium2/crypto_sign/solution1/.autopilot/db/aes256ctr.pp.0.c:1205:3: warning: Added loop label VITIS_LOOP_581_1:   [xilinx-label-all-loops]
  while (nblocks > 0) {
  ^~~~~
  VITIS_LOOP_581_1: 
/home/guest/Documents/vlsi/dilithium2/crypto_sign/solution1/.autopilot/db/aes256ctr.pp.0.c:1205:3: note: FIX-IT applied suggested code changes
