/home/guest/Documents/vlsi/dilithium2/crypto_sign/solution1/.autopilot/db/poly.pp.0.c:569:3: warning: Added loop label VITIS_LOOP_32_1:   [xilinx-label-all-loops]
  for(i = 0; i < 256; ++i)
  ^~~
  VITIS_LOOP_32_1: 
/home/guest/Documents/vlsi/dilithium2/crypto_sign/solution1/.autopilot/db/poly.pp.0.c:569:3: note: FIX-IT applied suggested code changes
/home/guest/Documents/vlsi/dilithium2/crypto_sign/solution1/.autopilot/db/poly.pp.0.c:579:3: warning: Added loop label VITIS_LOOP_50_1:   [xilinx-label-all-loops]
  for(i = 0; i < 256; ++i)
  ^~~
  VITIS_LOOP_50_1: 
/home/guest/Documents/vlsi/dilithium2/crypto_sign/solution1/.autopilot/db/poly.pp.0.c:579:3: note: FIX-IT applied suggested code changes
/home/guest/Documents/vlsi/dilithium2/crypto_sign/solution1/.autopilot/db/poly.pp.0.c:589:3: warning: Added loop label VITIS_LOOP_68_1:   [xilinx-label-all-loops]
  for(i = 0; i < 256; ++i)
  ^~~
  VITIS_LOOP_68_1: 
/home/guest/Documents/vlsi/dilithium2/crypto_sign/solution1/.autopilot/db/poly.pp.0.c:589:3: note: FIX-IT applied suggested code changes
/home/guest/Documents/vlsi/dilithium2/crypto_sign/solution1/.autopilot/db/poly.pp.0.c:599:3: warning: Added loop label VITIS_LOOP_87_1:   [xilinx-label-all-loops]
  for(i = 0; i < 256; ++i)
  ^~~
  VITIS_LOOP_87_1: 
/home/guest/Documents/vlsi/dilithium2/crypto_sign/solution1/.autopilot/db/poly.pp.0.c:599:3: note: FIX-IT applied suggested code changes
/home/guest/Documents/vlsi/dilithium2/crypto_sign/solution1/.autopilot/db/poly.pp.0.c:609:3: warning: Added loop label VITIS_LOOP_108_1:   [xilinx-label-all-loops]
  for(i = 0; i < 256; ++i)
  ^~~
  VITIS_LOOP_108_1: 
/home/guest/Documents/vlsi/dilithium2/crypto_sign/solution1/.autopilot/db/poly.pp.0.c:609:3: note: FIX-IT applied suggested code changes
/home/guest/Documents/vlsi/dilithium2/crypto_sign/solution1/.autopilot/db/poly.pp.0.c:619:3: warning: Added loop label VITIS_LOOP_126_1:   [xilinx-label-all-loops]
  for(i = 0; i < 256; ++i)
  ^~~
  VITIS_LOOP_126_1: 
/home/guest/Documents/vlsi/dilithium2/crypto_sign/solution1/.autopilot/db/poly.pp.0.c:619:3: note: FIX-IT applied suggested code changes
/home/guest/Documents/vlsi/dilithium2/crypto_sign/solution1/.autopilot/db/poly.pp.0.c:645:3: warning: Added loop label VITIS_LOOP_180_1:   [xilinx-label-all-loops]
  for(i = 0; i < 256; ++i)
  ^~~
  VITIS_LOOP_180_1: 
/home/guest/Documents/vlsi/dilithium2/crypto_sign/solution1/.autopilot/db/poly.pp.0.c:645:3: note: FIX-IT applied suggested code changes
/home/guest/Documents/vlsi/dilithium2/crypto_sign/solution1/.autopilot/db/poly.pp.0.c:655:3: warning: Added loop label VITIS_LOOP_202_1:   [xilinx-label-all-loops]
  for(i = 0; i < 256; ++i)
  ^~~
  VITIS_LOOP_202_1: 
/home/guest/Documents/vlsi/dilithium2/crypto_sign/solution1/.autopilot/db/poly.pp.0.c:655:3: note: FIX-IT applied suggested code changes
/home/guest/Documents/vlsi/dilithium2/crypto_sign/solution1/.autopilot/db/poly.pp.0.c:665:3: warning: Added loop label VITIS_LOOP_225_1:   [xilinx-label-all-loops]
  for(i = 0; i < 256; ++i)
  ^~~
  VITIS_LOOP_225_1: 
/home/guest/Documents/vlsi/dilithium2/crypto_sign/solution1/.autopilot/db/poly.pp.0.c:665:3: note: FIX-IT applied suggested code changes
/home/guest/Documents/vlsi/dilithium2/crypto_sign/solution1/.autopilot/db/poly.pp.0.c:675:3: warning: Added loop label VITIS_LOOP_248_1:   [xilinx-label-all-loops]
  for(i = 0; i < 256; ++i) {
  ^~~
  VITIS_LOOP_248_1: 
/home/guest/Documents/vlsi/dilithium2/crypto_sign/solution1/.autopilot/db/poly.pp.0.c:675:3: note: FIX-IT applied suggested code changes
/home/guest/Documents/vlsi/dilithium2/crypto_sign/solution1/.autopilot/db/poly.pp.0.c:688:3: warning: Added loop label VITIS_LOOP_270_1:   [xilinx-label-all-loops]
  for(i = 0; i < 256; ++i)
  ^~~
  VITIS_LOOP_270_1: 
/home/guest/Documents/vlsi/dilithium2/crypto_sign/solution1/.autopilot/db/poly.pp.0.c:688:3: note: FIX-IT applied suggested code changes
/home/guest/Documents/vlsi/dilithium2/crypto_sign/solution1/.autopilot/db/poly.pp.0.c:705:3: warning: Added loop label VITIS_LOOP_298_1:   [xilinx-label-all-loops]
  for(i = 0; i < 256; ++i) {
  ^~~
  VITIS_LOOP_298_1: 
/home/guest/Documents/vlsi/dilithium2/crypto_sign/solution1/.autopilot/db/poly.pp.0.c:705:3: note: FIX-IT applied suggested code changes
/home/guest/Documents/vlsi/dilithium2/crypto_sign/solution1/.autopilot/db/poly.pp.0.c:730:3: warning: Added loop label VITIS_LOOP_337_1:   [xilinx-label-all-loops]
  while(ctr < len && pos + 3 <= buflen) {
  ^~~~~
  VITIS_LOOP_337_1: 
/home/guest/Documents/vlsi/dilithium2/crypto_sign/solution1/.autopilot/db/poly.pp.0.c:730:3: note: FIX-IT applied suggested code changes
/home/guest/Documents/vlsi/dilithium2/crypto_sign/solution1/.autopilot/db/poly.pp.0.c:758:3: warning: Added loop label VITIS_LOOP_377_1:   [xilinx-label-all-loops]
  while(ctr < 256) {
  ^~~~~
  VITIS_LOOP_377_1: 
/home/guest/Documents/vlsi/dilithium2/crypto_sign/solution1/.autopilot/db/poly.pp.0.c:758:3: note: FIX-IT applied suggested code changes
/home/guest/Documents/vlsi/dilithium2/crypto_sign/solution1/.autopilot/db/poly.pp.0.c:760:5: warning: Added loop label VITIS_LOOP_379_2:   [xilinx-label-all-loops]
    for(i = 0; i < off; ++i)
    ^~~
    VITIS_LOOP_379_2: 
/home/guest/Documents/vlsi/dilithium2/crypto_sign/solution1/.autopilot/db/poly.pp.0.c:760:5: note: FIX-IT applied suggested code changes
/home/guest/Documents/vlsi/dilithium2/crypto_sign/solution1/.autopilot/db/poly.pp.0.c:779:3: warning: Added loop label VITIS_LOOP_412_1:   [xilinx-label-all-loops]
  while(ctr < len && pos < buflen) {
  ^~~~~
  VITIS_LOOP_412_1: 
/home/guest/Documents/vlsi/dilithium2/crypto_sign/solution1/.autopilot/db/poly.pp.0.c:779:3: note: FIX-IT applied suggested code changes
/home/guest/Documents/vlsi/dilithium2/crypto_sign/solution1/.autopilot/db/poly.pp.0.c:818:3: warning: Added loop label VITIS_LOOP_467_1:   [xilinx-label-all-loops]
  while(ctr < 256) {
  ^~~~~
  VITIS_LOOP_467_1: 
/home/guest/Documents/vlsi/dilithium2/crypto_sign/solution1/.autopilot/db/poly.pp.0.c:818:3: note: FIX-IT applied suggested code changes
/home/guest/Documents/vlsi/dilithium2/crypto_sign/solution1/.autopilot/db/poly.pp.0.c:848:3: warning: Added loop label VITIS_LOOP_523_1:   [xilinx-label-all-loops]
  for(i = 0; i < 8; ++i)
  ^~~
  VITIS_LOOP_523_1: 
/home/guest/Documents/vlsi/dilithium2/crypto_sign/solution1/.autopilot/db/poly.pp.0.c:848:3: note: FIX-IT applied suggested code changes
/home/guest/Documents/vlsi/dilithium2/crypto_sign/solution1/.autopilot/db/poly.pp.0.c:852:3: warning: Added loop label VITIS_LOOP_527_2:   [xilinx-label-all-loops]
  for(i = 0; i < 256; ++i)
  ^~~
  VITIS_LOOP_527_2: 
/home/guest/Documents/vlsi/dilithium2/crypto_sign/solution1/.autopilot/db/poly.pp.0.c:852:3: note: FIX-IT applied suggested code changes
/home/guest/Documents/vlsi/dilithium2/crypto_sign/solution1/.autopilot/db/poly.pp.0.c:854:3: warning: Added loop label VITIS_LOOP_529_3:   [xilinx-label-all-loops]
  for(i = 256 -39; i < 256; ++i) {
  ^~~
  VITIS_LOOP_529_3: 
/home/guest/Documents/vlsi/dilithium2/crypto_sign/solution1/.autopilot/db/poly.pp.0.c:854:3: note: FIX-IT applied suggested code changes
/home/guest/Documents/vlsi/dilithium2/crypto_sign/solution1/.autopilot/db/poly.pp.0.c:855:5: warning: Added loop label VITIS_LOOP_530_4:   [xilinx-label-all-loops]
    do {
    ^~
    VITIS_LOOP_530_4: 
/home/guest/Documents/vlsi/dilithium2/crypto_sign/solution1/.autopilot/db/poly.pp.0.c:855:5: note: FIX-IT applied suggested code changes
/home/guest/Documents/vlsi/dilithium2/crypto_sign/solution1/.autopilot/db/poly.pp.0.c:876:3: warning: Added loop label VITIS_LOOP_560_1:   [xilinx-label-all-loops]
  for(i = 0; i < 256/8; ++i) {
  ^~~
  VITIS_LOOP_560_1: 
/home/guest/Documents/vlsi/dilithium2/crypto_sign/solution1/.autopilot/db/poly.pp.0.c:876:3: note: FIX-IT applied suggested code changes
/home/guest/Documents/vlsi/dilithium2/crypto_sign/solution1/.autopilot/db/poly.pp.0.c:899:3: warning: Added loop label VITIS_LOOP_598_1:   [xilinx-label-all-loops]
  for(i = 0; i < 256/8; ++i) {
  ^~~
  VITIS_LOOP_598_1: 
/home/guest/Documents/vlsi/dilithium2/crypto_sign/solution1/.autopilot/db/poly.pp.0.c:899:3: note: FIX-IT applied suggested code changes
/home/guest/Documents/vlsi/dilithium2/crypto_sign/solution1/.autopilot/db/poly.pp.0.c:926:3: warning: Added loop label VITIS_LOOP_643_1:   [xilinx-label-all-loops]
  for(i = 0; i < 256/4; ++i) {
  ^~~
  VITIS_LOOP_643_1: 
/home/guest/Documents/vlsi/dilithium2/crypto_sign/solution1/.autopilot/db/poly.pp.0.c:926:3: note: FIX-IT applied suggested code changes
/home/guest/Documents/vlsi/dilithium2/crypto_sign/solution1/.autopilot/db/poly.pp.0.c:941:3: warning: Added loop label VITIS_LOOP_667_1:   [xilinx-label-all-loops]
  for(i = 0; i < 256/4; ++i) {
  ^~~
  VITIS_LOOP_667_1: 
/home/guest/Documents/vlsi/dilithium2/crypto_sign/solution1/.autopilot/db/poly.pp.0.c:941:3: note: FIX-IT applied suggested code changes
/home/guest/Documents/vlsi/dilithium2/crypto_sign/solution1/.autopilot/db/poly.pp.0.c:956:3: warning: Added loop label VITIS_LOOP_691_1:   [xilinx-label-all-loops]
  for(i = 0; i < 256/8; ++i) {
  ^~~
  VITIS_LOOP_691_1: 
/home/guest/Documents/vlsi/dilithium2/crypto_sign/solution1/.autopilot/db/poly.pp.0.c:956:3: note: FIX-IT applied suggested code changes
/home/guest/Documents/vlsi/dilithium2/crypto_sign/solution1/.autopilot/db/poly.pp.0.c:995:3: warning: Added loop label VITIS_LOOP_738_1:   [xilinx-label-all-loops]
  for(i = 0; i < 256/8; ++i) {
  ^~~
  VITIS_LOOP_738_1: 
/home/guest/Documents/vlsi/dilithium2/crypto_sign/solution1/.autopilot/db/poly.pp.0.c:995:3: note: FIX-IT applied suggested code changes
/home/guest/Documents/vlsi/dilithium2/crypto_sign/solution1/.autopilot/db/poly.pp.0.c:1051:3: warning: Added loop label VITIS_LOOP_804_1:   [xilinx-label-all-loops]
  for(i = 0; i < 256/4; ++i) {
  ^~~
  VITIS_LOOP_804_1: 
/home/guest/Documents/vlsi/dilithium2/crypto_sign/solution1/.autopilot/db/poly.pp.0.c:1051:3: note: FIX-IT applied suggested code changes
/home/guest/Documents/vlsi/dilithium2/crypto_sign/solution1/.autopilot/db/poly.pp.0.c:1079:3: warning: Added loop label VITIS_LOOP_854_1:   [xilinx-label-all-loops]
  for(i = 0; i < 256/4; ++i) {
  ^~~
  VITIS_LOOP_854_1: 
/home/guest/Documents/vlsi/dilithium2/crypto_sign/solution1/.autopilot/db/poly.pp.0.c:1079:3: note: FIX-IT applied suggested code changes
/home/guest/Documents/vlsi/dilithium2/crypto_sign/solution1/.autopilot/db/poly.pp.0.c:1114:3: warning: Added loop label VITIS_LOOP_915_1:   [xilinx-label-all-loops]
  for(i = 0; i < 256/4; ++i) {
  ^~~
  VITIS_LOOP_915_1: 
/home/guest/Documents/vlsi/dilithium2/crypto_sign/solution1/.autopilot/db/poly.pp.0.c:1114:3: note: FIX-IT applied suggested code changes
