/home/guest/Documents/vlsi/dilithium2/crypto_sign/solution1/.autopilot/db/rng.pp.0.c:1305:2: warning: Added loop label VITIS_LOOP_20_1:   [xilinx-label-all-loops]
 for(loop=0;loop<32;loop++)
 ^~~
 VITIS_LOOP_20_1: 
/home/guest/Documents/vlsi/dilithium2/crypto_sign/solution1/.autopilot/db/rng.pp.0.c:1305:2: note: FIX-IT applied suggested code changes
/home/guest/Documents/vlsi/dilithium2/crypto_sign/solution1/.autopilot/db/rng.pp.0.c:1307:2: warning: Added loop label VITIS_LOOP_22_2:   [xilinx-label-all-loops]
 for(loop=0;loop<16;loop++)
 ^~~
 VITIS_LOOP_22_2: 
/home/guest/Documents/vlsi/dilithium2/crypto_sign/solution1/.autopilot/db/rng.pp.0.c:1307:2: note: FIX-IT applied suggested code changes
/home/guest/Documents/vlsi/dilithium2/crypto_sign/solution1/.autopilot/db/rng.pp.0.c:1314:2: warning: Added loop label VITIS_LOOP_29_1:   [xilinx-label-all-loops]
 for(loop=0;loop<32;loop++)
 ^~~
 VITIS_LOOP_29_1: 
/home/guest/Documents/vlsi/dilithium2/crypto_sign/solution1/.autopilot/db/rng.pp.0.c:1314:2: note: FIX-IT applied suggested code changes
/home/guest/Documents/vlsi/dilithium2/crypto_sign/solution1/.autopilot/db/rng.pp.0.c:1316:2: warning: Added loop label VITIS_LOOP_31_2:   [xilinx-label-all-loops]
 for(loop=0;loop<16;loop++)
 ^~~
 VITIS_LOOP_31_2: 
/home/guest/Documents/vlsi/dilithium2/crypto_sign/solution1/.autopilot/db/rng.pp.0.c:1316:2: note: FIX-IT applied suggested code changes
/home/guest/Documents/vlsi/dilithium2/crypto_sign/solution1/.autopilot/db/rng.pp.0.c:1371:5: warning: Added loop label VITIS_LOOP_93_1:   [xilinx-label-all-loops]
    while ( xlen > 0 ) {
    ^~~~~
    VITIS_LOOP_93_1: 
/home/guest/Documents/vlsi/dilithium2/crypto_sign/solution1/.autopilot/db/rng.pp.0.c:1371:5: note: FIX-IT applied suggested code changes
/home/guest/Documents/vlsi/dilithium2/crypto_sign/solution1/.autopilot/db/rng.pp.0.c:1388:9: warning: Added loop label VITIS_LOOP_110_2:   [xilinx-label-all-loops]
        for (int i=15; i>=12; i--) {
        ^~~
        VITIS_LOOP_110_2: 
/home/guest/Documents/vlsi/dilithium2/crypto_sign/solution1/.autopilot/db/rng.pp.0.c:1388:9: note: FIX-IT applied suggested code changes
/home/guest/Documents/vlsi/dilithium2/crypto_sign/solution1/.autopilot/db/rng.pp.0.c:1486:9: warning: Added loop label VITIS_LOOP_208_1:   [xilinx-label-all-loops]
        for (int i=0; i<48; i++)
        ^~~
        VITIS_LOOP_208_1: 
/home/guest/Documents/vlsi/dilithium2/crypto_sign/solution1/.autopilot/db/rng.pp.0.c:1486:9: note: FIX-IT applied suggested code changes
/home/guest/Documents/vlsi/dilithium2/crypto_sign/solution1/.autopilot/db/rng.pp.0.c:1500:5: warning: Added loop label VITIS_LOOP_222_1:   [xilinx-label-all-loops]
    while ( xlen > 0 ) {
    ^~~~~
    VITIS_LOOP_222_1: 
/home/guest/Documents/vlsi/dilithium2/crypto_sign/solution1/.autopilot/db/rng.pp.0.c:1500:5: note: FIX-IT applied suggested code changes
/home/guest/Documents/vlsi/dilithium2/crypto_sign/solution1/.autopilot/db/rng.pp.0.c:1502:9: warning: Added loop label VITIS_LOOP_224_2:   [xilinx-label-all-loops]
        for (int j=15; j>=0; j--) {
        ^~~
        VITIS_LOOP_224_2: 
/home/guest/Documents/vlsi/dilithium2/crypto_sign/solution1/.autopilot/db/rng.pp.0.c:1502:9: note: FIX-IT applied suggested code changes
/home/guest/Documents/vlsi/dilithium2/crypto_sign/solution1/.autopilot/db/rng.pp.0.c:1515:10: warning: Added loop label VITIS_LOOP_245_3:   [xilinx-label-all-loops]
         for (loop=0;loop<16;loop++)
         ^~~
         VITIS_LOOP_245_3: 
/home/guest/Documents/vlsi/dilithium2/crypto_sign/solution1/.autopilot/db/rng.pp.0.c:1515:10: note: FIX-IT applied suggested code changes
/home/guest/Documents/vlsi/dilithium2/crypto_sign/solution1/.autopilot/db/rng.pp.0.c:1522:10: warning: Added loop label VITIS_LOOP_252_4:   [xilinx-label-all-loops]
         for (loop=0;loop<xlen;loop++)
         ^~~
         VITIS_LOOP_252_4: 
/home/guest/Documents/vlsi/dilithium2/crypto_sign/solution1/.autopilot/db/rng.pp.0.c:1522:10: note: FIX-IT applied suggested code changes
/home/guest/Documents/vlsi/dilithium2/crypto_sign/solution1/.autopilot/db/rng.pp.0.c:1541:5: warning: Added loop label VITIS_LOOP_271_1:   [xilinx-label-all-loops]
    for (i=0; i<3; i++) {
    ^~~
    VITIS_LOOP_271_1: 
/home/guest/Documents/vlsi/dilithium2/crypto_sign/solution1/.autopilot/db/rng.pp.0.c:1541:5: note: FIX-IT applied suggested code changes
/home/guest/Documents/vlsi/dilithium2/crypto_sign/solution1/.autopilot/db/rng.pp.0.c:1543:9: warning: Added loop label VITIS_LOOP_273_2:   [xilinx-label-all-loops]
        for (int j=15; j>=0; j--) {
        ^~~
        VITIS_LOOP_273_2: 
/home/guest/Documents/vlsi/dilithium2/crypto_sign/solution1/.autopilot/db/rng.pp.0.c:1543:9: note: FIX-IT applied suggested code changes
/home/guest/Documents/vlsi/dilithium2/crypto_sign/solution1/.autopilot/db/rng.pp.0.c:1555:9: warning: Added loop label VITIS_LOOP_285_3:   [xilinx-label-all-loops]
        for (i=0; i<48; i++)
        ^~~
        VITIS_LOOP_285_3: 
/home/guest/Documents/vlsi/dilithium2/crypto_sign/solution1/.autopilot/db/rng.pp.0.c:1555:9: note: FIX-IT applied suggested code changes
/home/guest/Documents/vlsi/dilithium2/crypto_sign/solution1/.autopilot/db/rng.pp.0.c:1559:5: warning: Added loop label VITIS_LOOP_289_4:   [xilinx-label-all-loops]
    for (i=0;i<32;i++)
    ^~~
    VITIS_LOOP_289_4: 
/home/guest/Documents/vlsi/dilithium2/crypto_sign/solution1/.autopilot/db/rng.pp.0.c:1559:5: note: FIX-IT applied suggested code changes
/home/guest/Documents/vlsi/dilithium2/crypto_sign/solution1/.autopilot/db/rng.pp.0.c:1561:5: warning: Added loop label VITIS_LOOP_291_5:   [xilinx-label-all-loops]
    for (i=0;i<16;i++)
    ^~~
    VITIS_LOOP_291_5: 
/home/guest/Documents/vlsi/dilithium2/crypto_sign/solution1/.autopilot/db/rng.pp.0.c:1561:5: note: FIX-IT applied suggested code changes
