INFO: [HLS 200-10] Running '/tools/Xilinx/Vivado/2019.2/bin/unwrapped/lnx64.o/vivado_hls'
INFO: [HLS 200-10] For user 'anirudh' on host 'anirudh-HP-ProDesk-600-G6-Microtower-PC' (Linux_x86_64 version 5.15.0-60-generic) on Tue Apr 04 22:24:11 IST 2023
INFO: [HLS 200-10] On os Ubuntu 20.04.5 LTS
INFO: [HLS 200-10] In directory '/home/anirudh/Desktop/Academics/vlsi_2/CS577_VLSI/area/cur/dilithium_2'
Sourcing Tcl script '/home/anirudh/Desktop/Academics/vlsi_2/CS577_VLSI/area/cur/dilithium_2/crypto_sign/solution1/csynth.tcl'
INFO: [HLS 200-10] Opening project '/home/anirudh/Desktop/Academics/vlsi_2/CS577_VLSI/area/cur/dilithium_2/crypto_sign'.
INFO: [HLS 200-10] Adding design file 'symmetric-shake.c' to the project
INFO: [HLS 200-10] Adding design file 'symmetric-aes.c' to the project
INFO: [HLS 200-10] Adding design file 'sign.c' to the project
INFO: [HLS 200-10] Adding design file 'rounding.c' to the project
INFO: [HLS 200-10] Adding design file 'rng.c' to the project
INFO: [HLS 200-10] Adding design file 'reduce.c' to the project
INFO: [HLS 200-10] Adding design file 'polyvec.c' to the project
INFO: [HLS 200-10] Adding design file 'poly.c' to the project
INFO: [HLS 200-10] Adding design file 'packing.c' to the project
INFO: [HLS 200-10] Adding design file 'ntt.c' to the project
INFO: [HLS 200-10] Adding design file 'fips202.c' to the project
INFO: [HLS 200-10] Adding design file 'aes256ctr.c' to the project
INFO: [HLS 200-10] Adding design file 'aes.c' to the project
INFO: [HLS 200-10] Adding test bench file 'PQCgenKAT_sign.c' to the project
INFO: [HLS 200-10] Opening solution '/home/anirudh/Desktop/Academics/vlsi_2/CS577_VLSI/area/cur/dilithium_2/crypto_sign/solution1'.
INFO: [SYN 201-201] Setting up clock 'default' with a period of 10000ns.
INFO: [HLS 200-10] Setting target device to 'xc7a200t-fbg676-2'
INFO: [SCHED 204-61] Option 'relax_ii_for_timing' is enabled, will increase II to preserve clock frequency constraints.
INFO: [HLS 200-10] Analyzing design file 'aes.c' ... 
INFO: [HLS 200-10] Analyzing design file 'aes256ctr.c' ... 
INFO: [HLS 200-10] Analyzing design file 'fips202.c' ... 
INFO: [HLS 200-10] Analyzing design file 'ntt.c' ... 
INFO: [HLS 200-10] Analyzing design file 'packing.c' ... 
INFO: [HLS 200-10] Analyzing design file 'poly.c' ... 
INFO: [HLS 200-10] Analyzing design file 'polyvec.c' ... 
INFO: [HLS 200-10] Analyzing design file 'reduce.c' ... 
INFO: [HLS 200-10] Analyzing design file 'rng.c' ... 
INFO: [HLS 200-10] Analyzing design file 'rounding.c' ... 
INFO: [HLS 200-10] Analyzing design file 'sign.c' ... 
INFO: [HLS 200-10] Analyzing design file 'symmetric-aes.c' ... 
INFO: [HLS 200-10] Analyzing design file 'symmetric-shake.c' ... 
INFO: [HLS 200-111] Finished Linking Time (s): cpu = 00:00:49 ; elapsed = 00:00:50 . Memory (MB): peak = 930.941 ; gain = 526.004 ; free physical = 584 ; free virtual = 8973
INFO: [HLS 200-111] Finished Checking Pragmas Time (s): cpu = 00:00:49 ; elapsed = 00:00:50 . Memory (MB): peak = 930.941 ; gain = 526.004 ; free physical = 584 ; free virtual = 8973
INFO: [HLS 200-10] Starting code transformations ...
INFO: [HLS 200-111] Finished Standard Transforms Time (s): cpu = 00:00:49 ; elapsed = 00:00:51 . Memory (MB): peak = 930.941 ; gain = 526.004 ; free physical = 581 ; free virtual = 8971
INFO: [HLS 200-10] Checking synthesizability ...
INFO: [XFORM 203-602] Inlining function 'keccak_init.1' into 'shake256_init.1' (fips202.c:648) automatically.
INFO: [XFORM 203-602] Inlining function 'load64' into 'keccak_absorb.3168' (fips202.c:396) automatically.
INFO: [XFORM 203-602] Inlining function 'load64' into 'keccak_absorb.2' (fips202.c:396) automatically.
INFO: [XFORM 203-602] Inlining function 'keccak_finalize' into 'shake256_finalize.1' (fips202.c:675) automatically.
INFO: [XFORM 203-602] Inlining function 'store64' into 'keccak_squeeze' (fips202.c:508) automatically.
INFO: [XFORM 203-602] Inlining function 'store64.4' into 'keccak_squeeze' (fips202.c:519) automatically.
INFO: [XFORM 203-602] Inlining function 'keccak_init' into 'shake256_init' (fips202.c:648) automatically.
INFO: [XFORM 203-602] Inlining function 'load64' into 'keccak_absorb.3' (fips202.c:396) automatically.
INFO: [XFORM 203-602] Inlining function 'keccak_finalize.1' into 'shake256_finalize' (fips202.c:675) automatically.
INFO: [XFORM 203-602] Inlining function 'store64' into 'keccak_squeeze.1' (fips202.c:508) automatically.
INFO: [XFORM 203-602] Inlining function 'store64.4' into 'keccak_squeeze.1' (fips202.c:519) automatically.
INFO: [XFORM 203-602] Inlining function 'shake256_init' into 'shake256' (fips202.c:747) automatically.
INFO: [XFORM 203-602] Inlining function 'shake256_absorb' into 'shake256' (fips202.c:748) automatically.
INFO: [XFORM 203-602] Inlining function 'shake256_finalize' into 'shake256' (fips202.c:749) automatically.
INFO: [XFORM 203-602] Inlining function 'shake256_squeeze' into 'shake256' (fips202.c:750) automatically.
INFO: [XFORM 203-602] Inlining function 'keccak_init.1' into 'shake128_init' (fips202.c:573) automatically.
INFO: [XFORM 203-602] Inlining function 'load64' into 'keccak_absorb.1' (fips202.c:396) automatically.
INFO: [XFORM 203-602] Inlining function 'load64' into 'keccak_absorb' (fips202.c:396) automatically.
INFO: [XFORM 203-602] Inlining function 'keccak_finalize' into 'shake128_finalize' (fips202.c:600) automatically.
INFO: [XFORM 203-602] Inlining function 'shake128_init' into 'dilithium_shake128_stream_init' (symmetric-shake.c:14) automatically.
INFO: [XFORM 203-602] Inlining function 'shake128_absorb.1' into 'dilithium_shake128_stream_init' (symmetric-shake.c:15) automatically.
INFO: [XFORM 203-602] Inlining function 'shake128_absorb' into 'dilithium_shake128_stream_init' (symmetric-shake.c:16) automatically.
INFO: [XFORM 203-602] Inlining function 'shake128_finalize' into 'dilithium_shake128_stream_init' (symmetric-shake.c:17) automatically.
INFO: [XFORM 203-602] Inlining function 'store64.1' into 'keccak_squeezeblocks.2' (fips202.c:477) automatically.
INFO: [XFORM 203-602] Inlining function 'dilithium_shake128_stream_init' into 'poly_uniform' (poly.c:372) automatically.
INFO: [XFORM 203-602] Inlining function 'shake128_squeezeblocks' into 'poly_uniform' (poly.c:373) automatically.
INFO: [XFORM 203-602] Inlining function 'montgomery_reduce' into 'ntt' (ntt.c:58) automatically.
INFO: [XFORM 203-602] Inlining function 'poly_ntt' into 'polyvecl_ntt' (polyvec.c:101) automatically.
INFO: [XFORM 203-602] Inlining function 'poly_ntt' into 'polyveck_ntt' (polyvec.c:283) automatically.
INFO: [XFORM 203-602] Inlining function 'shake256_init.1' into 'dilithium_shake256_stream_init' (symmetric-shake.c:28) automatically.
INFO: [XFORM 203-602] Inlining function 'shake256_absorb.2' into 'dilithium_shake256_stream_init' (symmetric-shake.c:29) automatically.
INFO: [XFORM 203-602] Inlining function 'shake256_absorb.1' into 'dilithium_shake256_stream_init' (symmetric-shake.c:30) automatically.
INFO: [XFORM 203-602] Inlining function 'shake256_finalize.1' into 'dilithium_shake256_stream_init' (symmetric-shake.c:31) automatically.
INFO: [XFORM 203-602] Inlining function 'store64.2' into 'keccak_squeezeblocks.1' (fips202.c:477) automatically.
INFO: [XFORM 203-602] Inlining function 'dilithium_shake256_stream_init' into 'poly_uniform_gamma1' (poly.c:496) automatically.
INFO: [XFORM 203-602] Inlining function 'shake256_squeezeblocks' into 'poly_uniform_gamma1' (poly.c:497) automatically.
INFO: [XFORM 203-602] Inlining function 'poly_uniform_gamma1' into 'polyvecl_uniform_gamma1' (polyvec.c:47) automatically.
INFO: [XFORM 203-602] Inlining function 'montgomery_reduce' into 'poly_pointwise_montgomery.1' (poly.c:181) automatically.
INFO: [XFORM 203-602] Inlining function 'montgomery_reduce' into 'poly_pointwise_montgomery' (poly.c:181) automatically.
INFO: [XFORM 203-602] Inlining function 'poly_pointwise_montgomery.1' into 'polyvecl_pointwise_acc_montgomery' (polyvec.c:136) automatically.
INFO: [XFORM 203-602] Inlining function 'poly_pointwise_montgomery' into 'polyvecl_pointwise_acc_montgomery' (polyvec.c:138) automatically.
INFO: [XFORM 203-602] Inlining function 'poly_add' into 'polyvecl_pointwise_acc_montgomery' (polyvec.c:139) automatically.
INFO: [XFORM 203-602] Inlining function 'reduce32' into 'poly_reduce' (poly.c:33) automatically.
INFO: [XFORM 203-602] Inlining function 'poly_reduce' into 'polyveck_reduce' (polyvec.c:188) automatically.
INFO: [XFORM 203-602] Inlining function 'montgomery_reduce' into 'invntt_tomont' (ntt.c:90) automatically.
INFO: [XFORM 203-602] Inlining function 'poly_invntt_tomont' into 'polyveck_invntt_tomont' (polyvec.c:299) automatically.
INFO: [XFORM 203-602] Inlining function 'caddq' into 'poly_caddq' (poly.c:51) automatically.
INFO: [XFORM 203-602] Inlining function 'poly_caddq' into 'polyveck_caddq' (polyvec.c:203) automatically.
INFO: [XFORM 203-602] Inlining function 'decompose' into 'poly_decompose' (poly.c:226) automatically.
INFO: [XFORM 203-602] Inlining function 'poly_decompose' into 'polyveck_decompose' (polyvec.c:372) automatically.
INFO: [XFORM 203-602] Inlining function 'polyw1_pack' into 'polyveck_pack_w1' (polyvec.c:419) automatically.
INFO: [XFORM 203-602] Inlining function 'store64' into 'keccak_squeeze.1160' (fips202.c:508) automatically.
INFO: [XFORM 203-602] Inlining function 'store64.4' into 'keccak_squeeze.1160' (fips202.c:519) automatically.
INFO: [XFORM 203-602] Inlining function 'store64.3' into 'keccak_squeezeblocks' (fips202.c:477) automatically.
INFO: [XFORM 203-602] Inlining function 'shake256_init.1' into 'poly_challenge' (poly.c:517) automatically.
INFO: [XFORM 203-602] Inlining function 'shake256_absorb.3' into 'poly_challenge' (poly.c:518) automatically.
INFO: [XFORM 203-602] Inlining function 'shake256_finalize.1' into 'poly_challenge' (poly.c:519) automatically.
INFO: [XFORM 203-602] Inlining function 'shake256_squeezeblocks.1' into 'poly_challenge' (poly.c:520) automatically.
INFO: [XFORM 203-602] Inlining function 'montgomery_reduce' into 'ntt.1' (ntt.c:58) automatically.
INFO: [XFORM 203-602] Inlining function 'montgomery_reduce' into 'poly_pointwise_montgomery.2' (poly.c:181) automatically.
INFO: [XFORM 203-602] Inlining function 'poly_pointwise_montgomery.2' into 'polyvecl_pointwise_poly_montgomery' (polyvec.c:115) automatically.
INFO: [XFORM 203-602] Inlining function 'poly_invntt_tomont' into 'polyvecl_invntt_tomont' (polyvec.c:108) automatically.
INFO: [XFORM 203-602] Inlining function 'poly_add.1' into 'polyvecl_add' (polyvec.c:86) automatically.
INFO: [XFORM 203-602] Inlining function 'poly_reduce' into 'polyvecl_reduce' (polyvec.c:54) automatically.
INFO: [XFORM 203-602] Inlining function 'poly_chknorm' into 'polyvecl_chknorm' (polyvec.c:159) automatically.
INFO: [XFORM 203-602] Inlining function 'poly_pointwise_montgomery.2' into 'polyveck_pointwise_poly_montgomery' (polyvec.c:306) automatically.
INFO: [XFORM 203-602] Inlining function 'poly_sub' into 'polyveck_sub' (polyvec.c:253) automatically.
INFO: [XFORM 203-602] Inlining function 'poly_chknorm' into 'polyveck_chknorm' (polyvec.c:326) automatically.
INFO: [XFORM 203-602] Inlining function 'poly_add.1' into 'polyveck_add' (polyvec.c:235) automatically.
INFO: [XFORM 203-602] Inlining function 'make_hint' into 'poly_make_hint' (poly.c:249) automatically.
INFO: [XFORM 203-602] Inlining function 'poly_make_hint' into 'polyveck_make_hint' (polyvec.c:393) automatically.
INFO: [XFORM 203-602] Inlining function 'shake256_init.1' into 'crypto_sign_signature' (sign.c:103) automatically.
INFO: [XFORM 203-602] Inlining function 'shake256_absorb.2' into 'crypto_sign_signature' (sign.c:104) automatically.
INFO: [XFORM 203-602] Inlining function 'shake256_absorb.3' into 'crypto_sign_signature' (sign.c:105) automatically.
INFO: [XFORM 203-602] Inlining function 'shake256_finalize.1' into 'crypto_sign_signature' (sign.c:106) automatically.
INFO: [XFORM 203-602] Inlining function 'shake256_squeeze.2' into 'crypto_sign_signature' (sign.c:107) automatically.
INFO: [XFORM 203-602] Inlining function 'shake256' into 'crypto_sign_signature' (sign.c:112) automatically.
INFO: [XFORM 203-602] Inlining function 'polyvec_matrix_expand' into 'crypto_sign_signature' (sign.c:116) automatically.
INFO: [XFORM 203-602] Inlining function 'polyvecl_ntt' into 'crypto_sign_signature' (sign.c:117) automatically.
INFO: [XFORM 203-602] Inlining function 'polyveck_ntt' into 'crypto_sign_signature' (sign.c:118) automatically.
INFO: [XFORM 203-602] Inlining function 'polyvec_matrix_pointwise_montgomery' into 'crypto_sign_signature' (sign.c:128) automatically.
INFO: [XFORM 203-602] Inlining function 'shake256_squeeze.1' into 'crypto_sign_signature' (sign.c:141) automatically.
INFO: [XFORM 203-602] Inlining function 'poly_ntt.1' into 'crypto_sign_signature' (sign.c:143) automatically.
INFO: [XFORM 203-602] Inlining function 'polyvecl_pointwise_poly_montgomery' into 'crypto_sign_signature' (sign.c:146) automatically.
INFO: [XFORM 203-602] Inlining function 'polyvecl_invntt_tomont' into 'crypto_sign_signature' (sign.c:147) automatically.
INFO: [XFORM 203-602] Inlining function 'polyvecl_add' into 'crypto_sign_signature' (sign.c:148) automatically.
INFO: [XFORM 203-602] Inlining function 'polyvecl_reduce' into 'crypto_sign_signature' (sign.c:149) automatically.
INFO: [XFORM 203-602] Inlining function 'polyveck_sub' into 'crypto_sign_signature' (sign.c:157) automatically.
INFO: [XFORM 203-602] Inlining function 'polyveck_add' into 'crypto_sign_signature' (sign.c:169) automatically.
INFO: [HLS 200-111] Finished Checking Synthesizability Time (s): cpu = 00:00:50 ; elapsed = 00:00:52 . Memory (MB): peak = 930.941 ; gain = 526.004 ; free physical = 574 ; free virtual = 8971
INFO: [XFORM 203-102] Partitioning array 'state.pos' (fips202.c:745) automatically.
INFO: [XFORM 203-102] Partitioning array 'state.s' (fips202.c:745) in dimension 1 automatically.
INFO: [XFORM 203-602] Inlining function 'keccak_init.1' into 'shake256_init.1' (fips202.c:648) automatically.
INFO: [XFORM 203-602] Inlining function 'load64.1' into 'keccak_absorb.3199' (fips202.c:410) automatically.
INFO: [XFORM 203-602] Inlining function 'load64' into 'keccak_absorb.3199' (fips202.c:427) automatically.
INFO: [XFORM 203-602] Inlining function 'load64' into 'keccak_absorb.2' (fips202.c:396) automatically.
INFO: [XFORM 203-602] Inlining function 'keccak_finalize' into 'shake256_finalize.1' (fips202.c:675) automatically.
INFO: [XFORM 203-602] Inlining function 'store64.4' into 'keccak_squeeze' (fips202.c:528) automatically.
INFO: [XFORM 203-602] Inlining function 'store64' into 'keccak_squeeze' (fips202.c:556) automatically.
INFO: [XFORM 203-602] Inlining function 'keccak_init' into 'shake256_init' (fips202.c:648) automatically.
INFO: [XFORM 203-602] Inlining function 'load64.1' into 'keccak_absorb.3' (fips202.c:410) automatically.
INFO: [XFORM 203-602] Inlining function 'load64' into 'keccak_absorb.3' (fips202.c:427) automatically.
INFO: [XFORM 203-602] Inlining function 'keccak_finalize.1' into 'shake256_finalize' (fips202.c:675) automatically.
INFO: [XFORM 203-602] Inlining function 'store64.4' into 'keccak_squeeze.1' (fips202.c:528) automatically.
INFO: [XFORM 203-602] Inlining function 'store64' into 'keccak_squeeze.1' (fips202.c:556) automatically.
INFO: [XFORM 203-602] Inlining function 'shake256_init' into 'shake256' (fips202.c:747) automatically.
INFO: [XFORM 203-602] Inlining function 'shake256_absorb' into 'shake256' (fips202.c:748) automatically.
INFO: [XFORM 203-602] Inlining function 'shake256_finalize' into 'shake256' (fips202.c:749) automatically.
INFO: [XFORM 203-602] Inlining function 'shake256_squeeze' into 'shake256' (fips202.c:750) automatically.
INFO: [XFORM 203-602] Inlining function 'keccak_init.1' into 'shake128_init' (fips202.c:573) automatically.
INFO: [XFORM 203-602] Inlining function 'load64.1' into 'keccak_absorb.1' (fips202.c:410) automatically.
INFO: [XFORM 203-602] Inlining function 'load64' into 'keccak_absorb.1' (fips202.c:427) automatically.
INFO: [XFORM 203-602] Inlining function 'load64' into 'keccak_absorb' (fips202.c:396) automatically.
INFO: [XFORM 203-602] Inlining function 'keccak_finalize' into 'shake128_finalize' (fips202.c:600) automatically.
INFO: [XFORM 203-602] Inlining function 'shake128_init' into 'dilithium_shake128_stream_init' (symmetric-shake.c:14) automatically.
INFO: [XFORM 203-602] Inlining function 'shake128_absorb.1' into 'dilithium_shake128_stream_init' (symmetric-shake.c:15) automatically.
INFO: [XFORM 203-602] Inlining function 'shake128_absorb' into 'dilithium_shake128_stream_init' (symmetric-shake.c:16) automatically.
INFO: [XFORM 203-602] Inlining function 'shake128_finalize' into 'dilithium_shake128_stream_init' (symmetric-shake.c:17) automatically.
INFO: [XFORM 203-602] Inlining function 'store64.1' into 'keccak_squeezeblocks.2' (fips202.c:477) automatically.
INFO: [XFORM 203-602] Inlining function 'dilithium_shake128_stream_init' into 'poly_uniform' (poly.c:372) automatically.
INFO: [XFORM 203-602] Inlining function 'shake128_squeezeblocks' into 'poly_uniform' (poly.c:373) automatically.
INFO: [XFORM 203-602] Inlining function 'montgomery_reduce' into 'ntt' (ntt.c:58) automatically.
INFO: [XFORM 203-602] Inlining function 'poly_ntt' into 'polyvecl_ntt' (polyvec.c:101) automatically.
INFO: [XFORM 203-602] Inlining function 'poly_ntt' into 'polyveck_ntt' (polyvec.c:283) automatically.
INFO: [XFORM 203-602] Inlining function 'shake256_init.1' into 'dilithium_shake256_stream_init' (symmetric-shake.c:28) automatically.
INFO: [XFORM 203-602] Inlining function 'shake256_absorb.2' into 'dilithium_shake256_stream_init' (symmetric-shake.c:29) automatically.
INFO: [XFORM 203-602] Inlining function 'shake256_absorb.1' into 'dilithium_shake256_stream_init' (symmetric-shake.c:30) automatically.
INFO: [XFORM 203-602] Inlining function 'shake256_finalize.1' into 'dilithium_shake256_stream_init' (symmetric-shake.c:31) automatically.
INFO: [XFORM 203-602] Inlining function 'store64.2' into 'keccak_squeezeblocks.1' (fips202.c:477) automatically.
INFO: [XFORM 203-602] Inlining function 'dilithium_shake256_stream_init' into 'poly_uniform_gamma1' (poly.c:496) automatically.
INFO: [XFORM 203-602] Inlining function 'shake256_squeezeblocks' into 'poly_uniform_gamma1' (poly.c:497) automatically.
INFO: [XFORM 203-602] Inlining function 'poly_uniform_gamma1' into 'polyvecl_uniform_gamma1' (polyvec.c:47) automatically.
INFO: [XFORM 203-602] Inlining function 'montgomery_reduce' into 'poly_pointwise_montgomery.1' (poly.c:181) automatically.
INFO: [XFORM 203-602] Inlining function 'montgomery_reduce' into 'poly_pointwise_montgomery' (poly.c:181) automatically.
INFO: [XFORM 203-602] Inlining function 'poly_pointwise_montgomery.1' into 'polyvecl_pointwise_acc_montgomery' (polyvec.c:136) automatically.
INFO: [XFORM 203-602] Inlining function 'poly_pointwise_montgomery' into 'polyvecl_pointwise_acc_montgomery' (polyvec.c:138) automatically.
INFO: [XFORM 203-602] Inlining function 'poly_add.1' into 'polyvecl_pointwise_acc_montgomery' (polyvec.c:139) automatically.
INFO: [XFORM 203-602] Inlining function 'reduce32' into 'poly_reduce' (poly.c:33) automatically.
INFO: [XFORM 203-602] Inlining function 'poly_reduce' into 'polyveck_reduce' (polyvec.c:188) automatically.
INFO: [XFORM 203-602] Inlining function 'montgomery_reduce' into 'invntt_tomont' (ntt.c:90) automatically.
INFO: [XFORM 203-602] Inlining function 'poly_invntt_tomont' into 'polyveck_invntt_tomont' (polyvec.c:299) automatically.
INFO: [XFORM 203-602] Inlining function 'caddq' into 'poly_caddq' (poly.c:51) automatically.
INFO: [XFORM 203-602] Inlining function 'poly_caddq' into 'polyveck_caddq' (polyvec.c:203) automatically.
INFO: [XFORM 203-602] Inlining function 'decompose' into 'poly_decompose' (poly.c:226) automatically.
INFO: [XFORM 203-602] Inlining function 'poly_decompose' into 'polyveck_decompose' (polyvec.c:372) automatically.
INFO: [XFORM 203-602] Inlining function 'polyw1_pack' into 'polyveck_pack_w1' (polyvec.c:419) automatically.
INFO: [XFORM 203-602] Inlining function 'store64.4' into 'keccak_squeeze.1191' (fips202.c:528) automatically.
INFO: [XFORM 203-602] Inlining function 'store64' into 'keccak_squeeze.1191' (fips202.c:556) automatically.
INFO: [XFORM 203-602] Inlining function 'store64.3' into 'keccak_squeezeblocks' (fips202.c:477) automatically.
INFO: [XFORM 203-602] Inlining function 'shake256_init.1' into 'poly_challenge' (poly.c:517) automatically.
INFO: [XFORM 203-602] Inlining function 'shake256_absorb.3' into 'poly_challenge' (poly.c:518) automatically.
INFO: [XFORM 203-602] Inlining function 'shake256_finalize.1' into 'poly_challenge' (poly.c:519) automatically.
INFO: [XFORM 203-602] Inlining function 'shake256_squeezeblocks.1' into 'poly_challenge' (poly.c:520) automatically.
INFO: [XFORM 203-602] Inlining function 'montgomery_reduce' into 'ntt.1' (ntt.c:58) automatically.
INFO: [XFORM 203-602] Inlining function 'montgomery_reduce' into 'poly_pointwise_montgomery.2' (poly.c:181) automatically.
INFO: [XFORM 203-602] Inlining function 'poly_pointwise_montgomery.2' into 'polyvecl_pointwise_poly_montgomery' (polyvec.c:115) automatically.
INFO: [XFORM 203-602] Inlining function 'poly_invntt_tomont' into 'polyvecl_invntt_tomont' (polyvec.c:108) automatically.
INFO: [XFORM 203-602] Inlining function 'poly_add' into 'polyvecl_add' (polyvec.c:86) automatically.
INFO: [XFORM 203-602] Inlining function 'poly_reduce' into 'polyvecl_reduce' (polyvec.c:54) automatically.
INFO: [XFORM 203-602] Inlining function 'poly_chknorm' into 'polyvecl_chknorm' (polyvec.c:159) automatically.
INFO: [XFORM 203-602] Inlining function 'poly_pointwise_montgomery.2' into 'polyveck_pointwise_poly_montgomery' (polyvec.c:306) automatically.
INFO: [XFORM 203-602] Inlining function 'poly_sub' into 'polyveck_sub' (polyvec.c:253) automatically.
INFO: [XFORM 203-602] Inlining function 'poly_chknorm' into 'polyveck_chknorm' (polyvec.c:326) automatically.
INFO: [XFORM 203-602] Inlining function 'poly_add' into 'polyveck_add' (polyvec.c:235) automatically.
INFO: [XFORM 203-602] Inlining function 'make_hint' into 'poly_make_hint' (poly.c:249) automatically.
INFO: [XFORM 203-602] Inlining function 'poly_make_hint' into 'polyveck_make_hint' (polyvec.c:393) automatically.
INFO: [XFORM 203-602] Inlining function 'shake256_init.1' into 'crypto_sign_signature' (sign.c:103) automatically.
INFO: [XFORM 203-602] Inlining function 'shake256_absorb.2' into 'crypto_sign_signature' (sign.c:104) automatically.
INFO: [XFORM 203-602] Inlining function 'shake256_absorb.3' into 'crypto_sign_signature' (sign.c:105) automatically.
INFO: [XFORM 203-602] Inlining function 'shake256_finalize.1' into 'crypto_sign_signature' (sign.c:106) automatically.
INFO: [XFORM 203-602] Inlining function 'shake256_squeeze.2' into 'crypto_sign_signature' (sign.c:107) automatically.
INFO: [XFORM 203-602] Inlining function 'shake256' into 'crypto_sign_signature' (sign.c:112) automatically.
INFO: [XFORM 203-602] Inlining function 'polyvec_matrix_expand' into 'crypto_sign_signature' (sign.c:116) automatically.
INFO: [XFORM 203-602] Inlining function 'polyvecl_ntt' into 'crypto_sign_signature' (sign.c:117) automatically.
INFO: [XFORM 203-602] Inlining function 'polyveck_ntt' into 'crypto_sign_signature' (sign.c:118) automatically.
INFO: [XFORM 203-602] Inlining function 'polyvec_matrix_pointwise_montgomery' into 'crypto_sign_signature' (sign.c:128) automatically.
INFO: [XFORM 203-602] Inlining function 'polyveck_decompose' into 'crypto_sign_signature' (sign.c:134) automatically.
INFO: [XFORM 203-602] Inlining function 'shake256_squeeze.1' into 'crypto_sign_signature' (sign.c:141) automatically.
INFO: [XFORM 203-602] Inlining function 'poly_ntt.1' into 'crypto_sign_signature' (sign.c:143) automatically.
INFO: [XFORM 203-602] Inlining function 'polyvecl_pointwise_poly_montgomery' into 'crypto_sign_signature' (sign.c:146) automatically.
INFO: [XFORM 203-602] Inlining function 'polyvecl_invntt_tomont' into 'crypto_sign_signature' (sign.c:147) automatically.
INFO: [XFORM 203-602] Inlining function 'polyvecl_add' into 'crypto_sign_signature' (sign.c:148) automatically.
INFO: [XFORM 203-602] Inlining function 'polyvecl_reduce' into 'crypto_sign_signature' (sign.c:149) automatically.
INFO: [XFORM 203-602] Inlining function 'polyveck_sub' into 'crypto_sign_signature' (sign.c:157) automatically.
INFO: [XFORM 203-602] Inlining function 'polyveck_add' into 'crypto_sign_signature' (sign.c:169) automatically.
WARNING: [XFORM 203-561] Updating loop upper bound from 16 to 4 for loop 'Loop-0' in function 'keccak_squeeze.1191'.
WARNING: [XFORM 203-561] Updating loop lower bound from 0 to 4 for loop 'Loop-0' in function 'keccak_squeeze.1191'.
WARNING: [XFORM 203-561] Updating loop upper bound from 16 to 6 for loop 'Loop-0' in function 'keccak_squeeze.1'.
WARNING: [XFORM 203-561] Updating loop lower bound from 0 to 6 for loop 'Loop-0' in function 'keccak_squeeze.1'.
WARNING: [XFORM 203-561] Updating loop upper bound from 16 to 6 for loop 'Loop-0' in function 'keccak_squeeze'.
WARNING: [XFORM 203-561] Updating loop lower bound from 0 to 6 for loop 'Loop-0' in function 'keccak_squeeze'.
INFO: [XFORM 203-102] Automatically partitioning small array 't.i.i' (symmetric-shake.c:24) completely based on array size.
INFO: [XFORM 203-102] Automatically partitioning small array 't.i' (symmetric-shake.c:10) completely based on array size.
INFO: [XFORM 203-101] Partitioning array 't.i.i' (symmetric-shake.c:24) in dimension 1 completely.
INFO: [XFORM 203-101] Partitioning array 't.i' (symmetric-shake.c:10) in dimension 1 completely.
INFO: [XFORM 203-401] Performing if-conversion on hyperblock from (poly.c:249:20) to (poly.c:248:23) in function 'polyveck_make_hint'... converting 4 basic blocks.
INFO: [XFORM 203-602] Inlining function 'keccak_absorb.1' into 'poly_uniform' (fips202.c:588->symmetric-shake.c:15->poly.c:372) automatically.
INFO: [XFORM 203-602] Inlining function 'keccak_absorb.3199' into 'polyvecl_uniform_gamma1' (fips202.c:663->symmetric-shake.c:29->poly.c:496->polyvec.c:47) automatically.
INFO: [XFORM 203-602] Inlining function 'polyz_unpack' into 'polyvecl_uniform_gamma1' (poly.c:498->polyvec.c:47) automatically.
INFO: [XFORM 203-602] Inlining function 'keccak_squeeze' into 'crypto_sign_signature' (fips202.c:710->sign.c:107) automatically.
INFO: [XFORM 203-602] Inlining function 'keccak_absorb.3' into 'crypto_sign_signature' (fips202.c:663->fips202.c:748->sign.c:112) automatically.
INFO: [XFORM 203-602] Inlining function 'keccak_squeeze.1' into 'crypto_sign_signature' (fips202.c:710->fips202.c:750->sign.c:112) automatically.
INFO: [XFORM 203-602] Inlining function 'keccak_squeeze.1191' into 'crypto_sign_signature' (fips202.c:710->sign.c:141) automatically.
INFO: [XFORM 203-602] Inlining function 'polyvecl_chknorm' into 'crypto_sign_signature' (sign.c:150) automatically.
INFO: [XFORM 203-602] Inlining function 'polyveck_make_hint' into 'crypto_sign_signature' (sign.c:171) automatically.
INFO: [XFORM 203-11] Balancing expressions in function 'keccak_squeezeblocks.2' (fips202.c:47:15)...3 expression(s) balanced.
INFO: [XFORM 203-11] Balancing expressions in function 'keccak_absorb.2' (fips202.c:30:15)...10 expression(s) balanced.
INFO: [XFORM 203-11] Balancing expressions in function 'keccak_absorb' (fips202.c:380)...3 expression(s) balanced.
INFO: [XFORM 203-11] Balancing expressions in function 'KeccakF1600_StatePermute.1' (fips202.c:86:1)...70 expression(s) balanced.
INFO: [XFORM 203-11] Balancing expressions in function 'KeccakF1600_StatePermute' (fips202.c:86)...70 expression(s) balanced.
INFO: [HLS 200-111] Finished Pre-synthesis Time (s): cpu = 00:00:54 ; elapsed = 00:00:56 . Memory (MB): peak = 930.941 ; gain = 526.004 ; free physical = 528 ; free virtual = 8952
WARNING: [XFORM 203-561] Ignored multiple trip count directives for loop 'Loop-0' in function 'polyvecl_uniform_gamma1'.
WARNING: [XFORM 203-631] Renaming function 'polyvecl_uniform_gamma1' to 'polyvecl_uniform_gam' (fips202.c:25:15)
WARNING: [XFORM 203-631] Renaming function 'polyvecl_pointwise_acc_montgomery' to 'polyvecl_pointwise_a' (poly.c:18:23)
WARNING: [XFORM 203-631] Renaming function 'polyveck_pointwise_poly_montgomery' to 'polyveck_pointwise_p' (poly.c:18:23)
WARNING: [XFORM 203-631] Renaming function 'polyveck_invntt_tomont' to 'polyveck_invntt_tomo' (polyvec.c:160:21)
WARNING: [XFORM 203-631] Renaming function 'crypto_sign_signature' to 'crypto_sign_signatur' (poly.c:18:23)
WARNING: [XFORM 203-631] Renaming function 'KeccakF1600_StatePermute.1' to 'KeccakF1600_StatePer' (fips202.c:86:1)
WARNING: [XFORM 203-631] Renaming function 'KeccakF1600_StatePermute' to 'KeccakF1600_StatePer.1' (fips202.c:86:1)
INFO: [HLS 200-472] Inferring partial write operation for 'rho' (packing.c:127:5)
INFO: [HLS 200-472] Inferring partial write operation for 'rho' (packing.c:131:5)
INFO: [HLS 200-472] Inferring partial write operation for 'rho' (packing.c:135:5)
INFO: [HLS 200-472] Inferring partial write operation for 'v.vec.coeffs' (poly.c:33:20)
INFO: [HLS 200-472] Inferring partial write operation for 'r.vec.coeffs' (poly.c:181:20)
INFO: [HLS 200-472] Inferring partial write operation for 'v.vec.coeffs' (poly.c:51:20)
INFO: [HLS 200-472] Inferring partial write operation for 'r.coeffs' (poly.c:775:5)
INFO: [HLS 200-472] Inferring partial write operation for 'r.coeffs' (poly.c:776:5)
INFO: [HLS 200-472] Inferring partial write operation for 'r.coeffs' (poly.c:777:5)
INFO: [HLS 200-472] Inferring partial write operation for 'r.coeffs' (poly.c:778:5)
INFO: [HLS 200-472] Inferring partial write operation for 'r.coeffs' (poly.c:779:5)
INFO: [HLS 200-472] Inferring partial write operation for 'r.coeffs' (poly.c:780:5)
INFO: [HLS 200-472] Inferring partial write operation for 'r.coeffs' (poly.c:781:5)
INFO: [HLS 200-472] Inferring partial write operation for 'r.coeffs' (poly.c:782:5)
INFO: [HLS 200-472] Inferring partial write operation for 'r.coeffs' (poly.c:608:5)
INFO: [HLS 200-472] Inferring partial write operation for 'r.coeffs' (poly.c:609:5)
INFO: [HLS 200-472] Inferring partial write operation for 'r.coeffs' (poly.c:610:5)
INFO: [HLS 200-472] Inferring partial write operation for 'r.coeffs' (poly.c:611:5)
INFO: [HLS 200-472] Inferring partial write operation for 'r.coeffs' (poly.c:612:5)
INFO: [HLS 200-472] Inferring partial write operation for 'r.coeffs' (poly.c:613:5)
INFO: [HLS 200-472] Inferring partial write operation for 'r.coeffs' (poly.c:614:5)
INFO: [HLS 200-472] Inferring partial write operation for 'r.coeffs' (poly.c:615:5)
INFO: [HLS 200-472] Inferring partial write operation for 'state.s' (fips202.c:363:5)
INFO: [HLS 200-472] Inferring partial write operation for 'state.s' (fips202.c:450:3)
INFO: [HLS 200-472] Inferring partial write operation for 'state.s' (fips202.c:451:3)
INFO: [HLS 200-472] Inferring partial write operation for 'c.coeffs' (poly.c:528:5)
INFO: [HLS 200-472] Inferring partial write operation for 'c.coeffs' (poly.c:539:5)
INFO: [HLS 200-472] Inferring partial write operation for 'c.coeffs' (poly.c:540:5)
INFO: [HLS 200-472] Inferring partial write operation for 'a' (ntt.c:59:9)
INFO: [HLS 200-472] Inferring partial write operation for 'a' (ntt.c:60:9)
INFO: [HLS 200-472] Inferring partial write operation for 'out' (fips202.c:48:5)
INFO: [HLS 200-472] Inferring partial write operation for 's' (fips202.c:417:19)
INFO: [HLS 200-472] Inferring partial write operation for 't' (fips202.c:387:21)
INFO: [HLS 200-472] Inferring partial write operation for 't' (fips202.c:392:7)
INFO: [HLS 200-472] Inferring partial write operation for 's' (fips202.c:396:21)
INFO: [HLS 200-472] Inferring partial write operation for 's' (fips202.c:401:21)
INFO: [HLS 200-472] Inferring partial write operation for 's' (fips202.c:410:15)
INFO: [HLS 200-472] Inferring partial write operation for 't' (fips202.c:424:7)
INFO: [HLS 200-472] Inferring partial write operation for 't' (fips202.c:426:7)
INFO: [HLS 200-472] Inferring partial write operation for 's' (fips202.c:427:17)
INFO: [HLS 200-472] Inferring partial write operation for 'a' (ntt.c:88:9)
INFO: [HLS 200-472] Inferring partial write operation for 'a' (ntt.c:90:22)
INFO: [HLS 200-472] Inferring partial write operation for 'a' (ntt.c:96:12)
INFO: [HLS 200-472] Inferring partial write operation for 'state.s' (fips202.c:363:5)
INFO: [HLS 200-472] Inferring partial write operation for 'state.s' (fips202.c:450:3)
INFO: [HLS 200-472] Inferring partial write operation for 'state.s' (fips202.c:451:3)
INFO: [HLS 200-472] Inferring partial write operation for 'seedbuf' (fips202.c:541:6)
INFO: [HLS 200-472] Inferring partial write operation for 'seedbuf' (fips202.c:542:6)
INFO: [HLS 200-472] Inferring partial write operation for 'seedbuf' (fips202.c:543:6)
INFO: [HLS 200-472] Inferring partial write operation for 'seedbuf' (fips202.c:544:6)
INFO: [HLS 200-472] Inferring partial write operation for 'seedbuf' (fips202.c:545:6)
INFO: [HLS 200-472] Inferring partial write operation for 'seedbuf' (fips202.c:546:6)
INFO: [HLS 200-472] Inferring partial write operation for 'seedbuf' (fips202.c:547:6)
INFO: [HLS 200-472] Inferring partial write operation for 'seedbuf' (fips202.c:548:6)
INFO: [HLS 200-472] Inferring partial write operation for 'state[0].s' (fips202.c:363:5)
INFO: [HLS 200-472] Inferring partial write operation for 'state[0].s' (fips202.c:417:19)
INFO: [HLS 200-472] Inferring partial write operation for 'state[0].s' (fips202.c:450:3)
INFO: [HLS 200-472] Inferring partial write operation for 'state[0].s' (fips202.c:451:3)
INFO: [HLS 200-472] Inferring partial write operation for 'seedbuf' (fips202.c:541:6)
INFO: [HLS 200-472] Inferring partial write operation for 'seedbuf' (fips202.c:542:6)
INFO: [HLS 200-472] Inferring partial write operation for 'seedbuf' (fips202.c:543:6)
INFO: [HLS 200-472] Inferring partial write operation for 'seedbuf' (fips202.c:544:6)
INFO: [HLS 200-472] Inferring partial write operation for 'seedbuf' (fips202.c:545:6)
INFO: [HLS 200-472] Inferring partial write operation for 'seedbuf' (fips202.c:546:6)
INFO: [HLS 200-472] Inferring partial write operation for 'seedbuf' (fips202.c:547:6)
INFO: [HLS 200-472] Inferring partial write operation for 'seedbuf' (fips202.c:548:6)
INFO: [HLS 200-472] Inferring partial write operation for 'z.vec.coeffs' (sign.c:124:3)
INFO: [HLS 200-472] Inferring partial write operation for 'w0.vec.coeffs' (poly.c:226:21)
INFO: [HLS 200-472] Inferring partial write operation for 'state.s' (fips202.c:363:5)
INFO: [HLS 200-472] Inferring partial write operation for 'state.s' (fips202.c:450:3)
INFO: [HLS 200-472] Inferring partial write operation for 'state.s' (fips202.c:451:3)
INFO: [HLS 200-472] Inferring partial write operation for 'z.vec.coeffs' (poly.c:181:20)
INFO: [HLS 200-472] Inferring partial write operation for 'z.vec.coeffs' (poly.c:88:5)
INFO: [HLS 200-472] Inferring partial write operation for 'z.vec.coeffs' (poly.c:33:20)
INFO: [HLS 200-472] Inferring partial write operation for 'w0.vec.coeffs' (poly.c:109:5)
INFO: [HLS 200-472] Inferring partial write operation for 'w0.vec.coeffs' (poly.c:88:5)
INFO: [HLS 200-472] Inferring partial write operation for 'h.vec.coeffs' (poly.c:249:20)
INFO: [HLS 200-472] Inferring partial write operation for 'state' (fips202.c:325:9)
INFO: [HLS 200-472] Inferring partial write operation for 'state' (fips202.c:326:9)
INFO: [HLS 200-472] Inferring partial write operation for 'state' (fips202.c:327:9)
INFO: [HLS 200-472] Inferring partial write operation for 'state' (fips202.c:328:9)
INFO: [HLS 200-472] Inferring partial write operation for 'state' (fips202.c:329:9)
INFO: [HLS 200-472] Inferring partial write operation for 'state' (fips202.c:330:9)
INFO: [HLS 200-472] Inferring partial write operation for 'state' (fips202.c:331:9)
INFO: [HLS 200-472] Inferring partial write operation for 'state' (fips202.c:332:9)
INFO: [HLS 200-472] Inferring partial write operation for 'state' (fips202.c:333:9)
INFO: [HLS 200-472] Inferring partial write operation for 'state' (fips202.c:334:9)
INFO: [HLS 200-472] Inferring partial write operation for 'state' (fips202.c:335:9)
INFO: [HLS 200-472] Inferring partial write operation for 'state' (fips202.c:336:9)
INFO: [HLS 200-472] Inferring partial write operation for 'state' (fips202.c:337:9)
INFO: [HLS 200-472] Inferring partial write operation for 'state' (fips202.c:338:9)
INFO: [HLS 200-472] Inferring partial write operation for 'state' (fips202.c:339:9)
INFO: [HLS 200-472] Inferring partial write operation for 'state' (fips202.c:340:9)
INFO: [HLS 200-472] Inferring partial write operation for 'state' (fips202.c:341:9)
INFO: [HLS 200-472] Inferring partial write operation for 'state' (fips202.c:342:9)
INFO: [HLS 200-472] Inferring partial write operation for 'state' (fips202.c:343:9)
INFO: [HLS 200-472] Inferring partial write operation for 'state' (fips202.c:344:9)
INFO: [HLS 200-472] Inferring partial write operation for 'state' (fips202.c:345:9)
INFO: [HLS 200-472] Inferring partial write operation for 'state' (fips202.c:346:9)
INFO: [HLS 200-472] Inferring partial write operation for 'state' (fips202.c:347:9)
INFO: [HLS 200-472] Inferring partial write operation for 'state' (fips202.c:348:9)
INFO: [HLS 200-472] Inferring partial write operation for 'state' (fips202.c:349:9)
INFO: [HLS 200-472] Inferring partial write operation for 'a' (poly.c:344:7)
INFO: [HLS 200-472] Inferring partial write operation for 'state.s' (fips202.c:363:5)
INFO: [HLS 200-472] Inferring partial write operation for 'state.s' (fips202.c:417:19)
INFO: [HLS 200-472] Inferring partial write operation for 'state.s' (fips202.c:450:3)
INFO: [HLS 200-472] Inferring partial write operation for 'state.s' (fips202.c:451:3)
INFO: [HLS 200-472] Inferring partial write operation for 'v.vec.coeffs' (poly.c:875:5)
INFO: [HLS 200-472] Inferring partial write operation for 'v.vec.coeffs' (poly.c:876:5)
INFO: [HLS 200-472] Inferring partial write operation for 'v.vec.coeffs' (poly.c:877:5)
INFO: [HLS 200-472] Inferring partial write operation for 'v.vec.coeffs' (poly.c:878:5)
INFO: [HLS 200-472] Inferring partial write operation for 'w.coeffs' (poly.c:181:20)
INFO: [HLS 200-472] Inferring partial write operation for 't.coeffs' (poly.c:181:20)
INFO: [HLS 200-472] Inferring partial write operation for 'w.coeffs' (poly.c:88:5)
INFO: [HLS 200-472] Inferring partial write operation for 'state.s' (fips202.c:363:5)
INFO: [HLS 200-472] Inferring partial write operation for 'state.s' (fips202.c:417:19)
INFO: [HLS 200-472] Inferring partial write operation for 'state.s' (fips202.c:450:3)
INFO: [HLS 200-472] Inferring partial write operation for 'state.s' (fips202.c:451:3)
INFO: [HLS 200-472] Inferring partial write operation for 'buf' (poly.c:380:7)
INFO: [HLS 200-111] Finished Architecture Synthesis Time (s): cpu = 00:00:59 ; elapsed = 00:01:01 . Memory (MB): peak = 1186.941 ; gain = 782.004 ; free physical = 266 ; free virtual = 8669
INFO: [HLS 200-10] Starting hardware synthesis ...
INFO: [HLS 200-10] Synthesizing 'crypto_sign' ...
WARNING: [SYN 201-103] Legalizing function name 'keccak_absorb.3199' to 'keccak_absorb_3199'.
WARNING: [SYN 201-103] Legalizing function name 'load64.2' to 'load64_2'.
WARNING: [SYN 201-103] Legalizing function name 'KeccakF1600_StatePer.1' to 'KeccakF1600_StatePer_1'.
WARNING: [SYN 201-103] Legalizing function name 'keccak_absorb.2' to 'keccak_absorb_2'.
WARNING: [SYN 201-103] Legalizing function name 'load64.3' to 'load64_3'.
WARNING: [SYN 201-103] Legalizing function name 'keccak_squeezeblocks.2' to 'keccak_squeezeblocks_2'.
WARNING: [SYN 201-103] Legalizing function name 'keccak_squeezeblocks.1' to 'keccak_squeezeblocks_1'.
WARNING: [SYN 201-103] Legalizing function name 'ntt.1' to 'ntt_1'.
INFO: [HLS 200-10] ----------------------------------------------------------------
INFO: [HLS 200-42] -- Implementing module 'polyeta_unpack' 
INFO: [HLS 200-10] ----------------------------------------------------------------
INFO: [SCHED 204-11] Starting scheduling ...
INFO: [SCHED 204-11] Finished scheduling.
INFO: [HLS 200-111]  Elapsed time: 60.97 seconds; current allocated memory: 428.278 MB.
INFO: [BIND 205-100] Starting micro-architecture generation ...
INFO: [BIND 205-101] Performing variable lifetime analysis.
INFO: [BIND 205-101] Exploring resource sharing.
INFO: [BIND 205-101] Binding ...
INFO: [BIND 205-100] Finished micro-architecture generation.
INFO: [HLS 200-111]  Elapsed time: 0.07 seconds; current allocated memory: 428.665 MB.
INFO: [HLS 200-10] ----------------------------------------------------------------
INFO: [HLS 200-42] -- Implementing module 'polyt0_unpack' 
INFO: [HLS 200-10] ----------------------------------------------------------------
INFO: [SCHED 204-11] Starting scheduling ...
INFO: [SCHED 204-11] Finished scheduling.
INFO: [HLS 200-111]  Elapsed time: 0.13 seconds; current allocated memory: 429.247 MB.
INFO: [BIND 205-100] Starting micro-architecture generation ...
INFO: [BIND 205-101] Performing variable lifetime analysis.
INFO: [BIND 205-101] Exploring resource sharing.
INFO: [BIND 205-101] Binding ...
INFO: [BIND 205-100] Finished micro-architecture generation.
INFO: [HLS 200-111]  Elapsed time: 0.13 seconds; current allocated memory: 429.913 MB.
INFO: [HLS 200-10] ----------------------------------------------------------------
INFO: [HLS 200-42] -- Implementing module 'unpack_sk' 
INFO: [HLS 200-10] ----------------------------------------------------------------
INFO: [SCHED 204-11] Starting scheduling ...
INFO: [SCHED 204-11] Finished scheduling.
INFO: [HLS 200-111]  Elapsed time: 0.17 seconds; current allocated memory: 430.237 MB.
INFO: [BIND 205-100] Starting micro-architecture generation ...
INFO: [BIND 205-101] Performing variable lifetime analysis.
INFO: [BIND 205-101] Exploring resource sharing.
INFO: [BIND 205-101] Binding ...
INFO: [BIND 205-100] Finished micro-architecture generation.
INFO: [HLS 200-111]  Elapsed time: 0.11 seconds; current allocated memory: 430.575 MB.
INFO: [HLS 200-10] ----------------------------------------------------------------
INFO: [HLS 200-42] -- Implementing module 'keccak_absorb_3199' 
INFO: [HLS 200-10] ----------------------------------------------------------------
INFO: [SCHED 204-11] Starting scheduling ...
INFO: [SCHED 204-11] Finished scheduling.
INFO: [HLS 200-111]  Elapsed time: 0.14 seconds; current allocated memory: 430.841 MB.
INFO: [BIND 205-100] Starting micro-architecture generation ...
INFO: [BIND 205-101] Performing variable lifetime analysis.
INFO: [BIND 205-101] Exploring resource sharing.
INFO: [BIND 205-101] Binding ...
INFO: [BIND 205-100] Finished micro-architecture generation.
INFO: [HLS 200-111]  Elapsed time: 0.03 seconds; current allocated memory: 430.986 MB.
INFO: [HLS 200-10] ----------------------------------------------------------------
INFO: [HLS 200-42] -- Implementing module 'load64_2' 
INFO: [HLS 200-10] ----------------------------------------------------------------
INFO: [SCHED 204-11] Starting scheduling ...
INFO: [SCHED 204-11] Finished scheduling.
INFO: [HLS 200-111]  Elapsed time: 0.04 seconds; current allocated memory: 431.116 MB.
INFO: [BIND 205-100] Starting micro-architecture generation ...
INFO: [BIND 205-101] Performing variable lifetime analysis.
INFO: [BIND 205-101] Exploring resource sharing.
INFO: [BIND 205-101] Binding ...
INFO: [BIND 205-100] Finished micro-architecture generation.
INFO: [HLS 200-111]  Elapsed time: 0.03 seconds; current allocated memory: 431.207 MB.
INFO: [HLS 200-10] ----------------------------------------------------------------
INFO: [HLS 200-42] -- Implementing module 'KeccakF1600_StatePer_1' 
INFO: [HLS 200-10] ----------------------------------------------------------------
INFO: [SCHED 204-11] Starting scheduling ...
INFO: [SCHED 204-11] Finished scheduling.
INFO: [HLS 200-111]  Elapsed time: 0.18 seconds; current allocated memory: 432.581 MB.
INFO: [BIND 205-100] Starting micro-architecture generation ...
INFO: [BIND 205-101] Performing variable lifetime analysis.
INFO: [BIND 205-101] Exploring resource sharing.
INFO: [BIND 205-101] Binding ...
INFO: [BIND 205-100] Finished micro-architecture generation.
INFO: [HLS 200-111]  Elapsed time: 0.37 seconds; current allocated memory: 434.535 MB.
INFO: [HLS 200-10] ----------------------------------------------------------------
INFO: [HLS 200-42] -- Implementing module 'keccak_absorb_2' 
INFO: [HLS 200-10] ----------------------------------------------------------------
INFO: [SCHED 204-11] Starting scheduling ...
INFO: [SCHED 204-11] Finished scheduling.
INFO: [HLS 200-111]  Elapsed time: 0.51 seconds; current allocated memory: 435.384 MB.
INFO: [BIND 205-100] Starting micro-architecture generation ...
INFO: [BIND 205-101] Performing variable lifetime analysis.
INFO: [BIND 205-101] Exploring resource sharing.
INFO: [BIND 205-101] Binding ...
INFO: [BIND 205-100] Finished micro-architecture generation.
INFO: [HLS 200-111]  Elapsed time: 0.28 seconds; current allocated memory: 436.378 MB.
INFO: [HLS 200-10] ----------------------------------------------------------------
INFO: [HLS 200-42] -- Implementing module 'KeccakF1600_StatePer' 
INFO: [HLS 200-10] ----------------------------------------------------------------
INFO: [SCHED 204-11] Starting scheduling ...
INFO: [SCHED 204-11] Finished scheduling.
INFO: [HLS 200-111]  Elapsed time: 0.49 seconds; current allocated memory: 438.070 MB.
INFO: [BIND 205-100] Starting micro-architecture generation ...
INFO: [BIND 205-101] Performing variable lifetime analysis.
INFO: [BIND 205-101] Exploring resource sharing.
INFO: [BIND 205-101] Binding ...
INFO: [BIND 205-100] Finished micro-architecture generation.
INFO: [HLS 200-111]  Elapsed time: 0.36 seconds; current allocated memory: 440.042 MB.
INFO: [HLS 200-10] ----------------------------------------------------------------
INFO: [HLS 200-42] -- Implementing module 'load64_3' 
INFO: [HLS 200-10] ----------------------------------------------------------------
INFO: [SCHED 204-11] Starting scheduling ...
INFO: [SCHED 204-11] Finished scheduling.
INFO: [HLS 200-111]  Elapsed time: 0.44 seconds; current allocated memory: 440.421 MB.
INFO: [BIND 205-100] Starting micro-architecture generation ...
INFO: [BIND 205-101] Performing variable lifetime analysis.
INFO: [BIND 205-101] Exploring resource sharing.
INFO: [BIND 205-101] Binding ...
INFO: [BIND 205-100] Finished micro-architecture generation.
INFO: [HLS 200-111]  Elapsed time: 0.02 seconds; current allocated memory: 440.514 MB.
INFO: [HLS 200-10] ----------------------------------------------------------------
INFO: [HLS 200-42] -- Implementing module 'keccak_absorb' 
INFO: [HLS 200-10] ----------------------------------------------------------------
INFO: [SCHED 204-11] Starting scheduling ...
INFO: [SCHED 204-11] Finished scheduling.
INFO: [HLS 200-111]  Elapsed time: 0.09 seconds; current allocated memory: 441.096 MB.
INFO: [BIND 205-100] Starting micro-architecture generation ...
INFO: [BIND 205-101] Performing variable lifetime analysis.
INFO: [BIND 205-101] Exploring resource sharing.
INFO: [BIND 205-101] Binding ...
INFO: [BIND 205-100] Finished micro-architecture generation.
INFO: [HLS 200-111]  Elapsed time: 0.24 seconds; current allocated memory: 442.016 MB.
INFO: [HLS 200-10] ----------------------------------------------------------------
INFO: [HLS 200-42] -- Implementing module 'keccak_squeezeblocks_2' 
INFO: [HLS 200-10] ----------------------------------------------------------------
INFO: [SCHED 204-11] Starting scheduling ...
INFO: [SCHED 204-11] Finished scheduling.
INFO: [HLS 200-111]  Elapsed time: 0.33 seconds; current allocated memory: 442.504 MB.
INFO: [BIND 205-100] Starting micro-architecture generation ...
INFO: [BIND 205-101] Performing variable lifetime analysis.
INFO: [BIND 205-101] Exploring resource sharing.
INFO: [BIND 205-101] Binding ...
INFO: [BIND 205-100] Finished micro-architecture generation.
INFO: [HLS 200-111]  Elapsed time: 0.08 seconds; current allocated memory: 442.726 MB.
INFO: [HLS 200-10] ----------------------------------------------------------------
INFO: [HLS 200-42] -- Implementing module 'rej_uniform' 
INFO: [HLS 200-10] ----------------------------------------------------------------
INFO: [SCHED 204-11] Starting scheduling ...
INFO: [SCHED 204-11] Finished scheduling.
INFO: [HLS 200-111]  Elapsed time: 0.2 seconds; current allocated memory: 443.174 MB.
INFO: [BIND 205-100] Starting micro-architecture generation ...
INFO: [BIND 205-101] Performing variable lifetime analysis.
INFO: [BIND 205-101] Exploring resource sharing.
INFO: [BIND 205-101] Binding ...
INFO: [BIND 205-100] Finished micro-architecture generation.
INFO: [HLS 200-111]  Elapsed time: 0.04 seconds; current allocated memory: 443.366 MB.
INFO: [HLS 200-10] ----------------------------------------------------------------
INFO: [HLS 200-42] -- Implementing module 'poly_uniform' 
INFO: [HLS 200-10] ----------------------------------------------------------------
INFO: [SCHED 204-11] Starting scheduling ...
INFO: [SCHED 204-11] Finished scheduling.
INFO: [HLS 200-111]  Elapsed time: 0.07 seconds; current allocated memory: 443.771 MB.
INFO: [BIND 205-100] Starting micro-architecture generation ...
INFO: [BIND 205-101] Performing variable lifetime analysis.
INFO: [BIND 205-101] Exploring resource sharing.
INFO: [BIND 205-101] Binding ...
INFO: [BIND 205-100] Finished micro-architecture generation.
INFO: [HLS 200-111]  Elapsed time: 0.52 seconds; current allocated memory: 444.863 MB.
INFO: [HLS 200-10] ----------------------------------------------------------------
INFO: [HLS 200-42] -- Implementing module 'ntt' 
INFO: [HLS 200-10] ----------------------------------------------------------------
INFO: [SCHED 204-11] Starting scheduling ...
INFO: [SCHED 204-11] Finished scheduling.
INFO: [HLS 200-111]  Elapsed time: 0.48 seconds; current allocated memory: 445.826 MB.
INFO: [BIND 205-100] Starting micro-architecture generation ...
INFO: [BIND 205-101] Performing variable lifetime analysis.
INFO: [BIND 205-101] Exploring resource sharing.
INFO: [BIND 205-101] Binding ...
INFO: [BIND 205-100] Finished micro-architecture generation.
INFO: [HLS 200-111]  Elapsed time: 0.05 seconds; current allocated memory: 446.086 MB.
INFO: [HLS 200-10] ----------------------------------------------------------------
INFO: [HLS 200-42] -- Implementing module 'keccak_squeezeblocks_1' 
INFO: [HLS 200-10] ----------------------------------------------------------------
INFO: [SCHED 204-11] Starting scheduling ...
INFO: [SCHED 204-11] Finished scheduling.
INFO: [HLS 200-111]  Elapsed time: 0.07 seconds; current allocated memory: 446.276 MB.
INFO: [BIND 205-100] Starting micro-architecture generation ...
INFO: [BIND 205-101] Performing variable lifetime analysis.
INFO: [BIND 205-101] Exploring resource sharing.
INFO: [BIND 205-101] Binding ...
INFO: [BIND 205-100] Finished micro-architecture generation.
INFO: [HLS 200-111]  Elapsed time: 0.08 seconds; current allocated memory: 446.474 MB.
INFO: [HLS 200-10] ----------------------------------------------------------------
INFO: [HLS 200-42] -- Implementing module 'polyvecl_uniform_gam' 
INFO: [HLS 200-10] ----------------------------------------------------------------
INFO: [SCHED 204-11] Starting scheduling ...
INFO: [SCHED 204-11] Finished scheduling.
INFO: [HLS 200-111]  Elapsed time: 0.23 seconds; current allocated memory: 447.248 MB.
INFO: [BIND 205-100] Starting micro-architecture generation ...
INFO: [BIND 205-101] Performing variable lifetime analysis.
INFO: [BIND 205-101] Exploring resource sharing.
INFO: [BIND 205-101] Binding ...
INFO: [BIND 205-100] Finished micro-architecture generation.
INFO: [HLS 200-111]  Elapsed time: 0.36 seconds; current allocated memory: 448.235 MB.
INFO: [HLS 200-10] ----------------------------------------------------------------
INFO: [HLS 200-42] -- Implementing module 'polyvecl_pointwise_a' 
INFO: [HLS 200-10] ----------------------------------------------------------------
INFO: [SCHED 204-11] Starting scheduling ...
INFO: [SCHED 204-11] Finished scheduling.
INFO: [HLS 200-111]  Elapsed time: 0.51 seconds; current allocated memory: 449.150 MB.
INFO: [BIND 205-100] Starting micro-architecture generation ...
INFO: [BIND 205-101] Performing variable lifetime analysis.
INFO: [BIND 205-101] Exploring resource sharing.
INFO: [BIND 205-101] Binding ...
INFO: [BIND 205-100] Finished micro-architecture generation.
INFO: [HLS 200-111]  Elapsed time: 0.08 seconds; current allocated memory: 449.485 MB.
INFO: [HLS 200-10] ----------------------------------------------------------------
INFO: [HLS 200-42] -- Implementing module 'polyveck_reduce' 
INFO: [HLS 200-10] ----------------------------------------------------------------
INFO: [SCHED 204-11] Starting scheduling ...
INFO: [SCHED 204-11] Finished scheduling.
INFO: [HLS 200-111]  Elapsed time: 0.09 seconds; current allocated memory: 449.700 MB.
INFO: [BIND 205-100] Starting micro-architecture generation ...
INFO: [BIND 205-101] Performing variable lifetime analysis.
INFO: [BIND 205-101] Exploring resource sharing.
INFO: [BIND 205-101] Binding ...
INFO: [BIND 205-100] Finished micro-architecture generation.
INFO: [HLS 200-111]  Elapsed time: 0.03 seconds; current allocated memory: 449.817 MB.
INFO: [HLS 200-10] ----------------------------------------------------------------
INFO: [HLS 200-42] -- Implementing module 'invntt_tomont' 
INFO: [HLS 200-10] ----------------------------------------------------------------
INFO: [SCHED 204-11] Starting scheduling ...
INFO: [SCHED 204-11] Finished scheduling.
INFO: [HLS 200-111]  Elapsed time: 0.07 seconds; current allocated memory: 450.129 MB.
INFO: [BIND 205-100] Starting micro-architecture generation ...
INFO: [BIND 205-101] Performing variable lifetime analysis.
INFO: [BIND 205-101] Exploring resource sharing.
INFO: [BIND 205-101] Binding ...
INFO: [BIND 205-100] Finished micro-architecture generation.
INFO: [HLS 200-111]  Elapsed time: 0.07 seconds; current allocated memory: 450.463 MB.
INFO: [HLS 200-10] ----------------------------------------------------------------
INFO: [HLS 200-42] -- Implementing module 'polyveck_invntt_tomo' 
INFO: [HLS 200-10] ----------------------------------------------------------------
INFO: [SCHED 204-11] Starting scheduling ...
INFO: [SCHED 204-11] Finished scheduling.
INFO: [HLS 200-111]  Elapsed time: 0.09 seconds; current allocated memory: 450.571 MB.
INFO: [BIND 205-100] Starting micro-architecture generation ...
INFO: [BIND 205-101] Performing variable lifetime analysis.
INFO: [BIND 205-101] Exploring resource sharing.
INFO: [BIND 205-101] Binding ...
INFO: [BIND 205-100] Finished micro-architecture generation.
INFO: [HLS 200-111]  Elapsed time: 0.03 seconds; current allocated memory: 450.624 MB.
INFO: [HLS 200-10] ----------------------------------------------------------------
INFO: [HLS 200-42] -- Implementing module 'polyveck_caddq' 
INFO: [HLS 200-10] ----------------------------------------------------------------
INFO: [SCHED 204-11] Starting scheduling ...
INFO: [SCHED 204-11] Finished scheduling.
INFO: [HLS 200-111]  Elapsed time: 0.06 seconds; current allocated memory: 450.763 MB.
INFO: [BIND 205-100] Starting micro-architecture generation ...
INFO: [BIND 205-101] Performing variable lifetime analysis.
INFO: [BIND 205-101] Exploring resource sharing.
INFO: [BIND 205-101] Binding ...
INFO: [BIND 205-100] Finished micro-architecture generation.
INFO: [HLS 200-111]  Elapsed time: 0.03 seconds; current allocated memory: 450.873 MB.
INFO: [HLS 200-10] ----------------------------------------------------------------
INFO: [HLS 200-42] -- Implementing module 'polyveck_pack_w1' 
INFO: [HLS 200-10] ----------------------------------------------------------------
INFO: [SCHED 204-11] Starting scheduling ...
INFO: [SCHED 204-11] Finished scheduling.
INFO: [HLS 200-111]  Elapsed time: 0.05 seconds; current allocated memory: 451.116 MB.
INFO: [BIND 205-100] Starting micro-architecture generation ...
INFO: [BIND 205-101] Performing variable lifetime analysis.
INFO: [BIND 205-101] Exploring resource sharing.
INFO: [BIND 205-101] Binding ...
INFO: [BIND 205-100] Finished micro-architecture generation.
INFO: [HLS 200-111]  Elapsed time: 0.06 seconds; current allocated memory: 451.390 MB.
INFO: [HLS 200-10] ----------------------------------------------------------------
INFO: [HLS 200-42] -- Implementing module 'keccak_squeezeblocks' 
INFO: [HLS 200-10] ----------------------------------------------------------------
INFO: [SCHED 204-11] Starting scheduling ...
INFO: [SCHED 204-11] Finished scheduling.
INFO: [HLS 200-111]  Elapsed time: 0.08 seconds; current allocated memory: 451.559 MB.
INFO: [BIND 205-100] Starting micro-architecture generation ...
INFO: [BIND 205-101] Performing variable lifetime analysis.
INFO: [BIND 205-101] Exploring resource sharing.
INFO: [BIND 205-101] Binding ...
INFO: [BIND 205-100] Finished micro-architecture generation.
INFO: [HLS 200-111]  Elapsed time: 0.08 seconds; current allocated memory: 451.789 MB.
INFO: [HLS 200-10] ----------------------------------------------------------------
INFO: [HLS 200-42] -- Implementing module 'poly_challenge' 
INFO: [HLS 200-10] ----------------------------------------------------------------
INFO: [SCHED 204-11] Starting scheduling ...
INFO: [SCHED 204-11] Finished scheduling.
INFO: [HLS 200-111]  Elapsed time: 0.22 seconds; current allocated memory: 452.324 MB.
INFO: [BIND 205-100] Starting micro-architecture generation ...
INFO: [BIND 205-101] Performing variable lifetime analysis.
INFO: [BIND 205-101] Exploring resource sharing.
INFO: [BIND 205-101] Binding ...
INFO: [BIND 205-100] Finished micro-architecture generation.
INFO: [HLS 200-111]  Elapsed time: 0.31 seconds; current allocated memory: 453.038 MB.
INFO: [HLS 200-10] ----------------------------------------------------------------
INFO: [HLS 200-42] -- Implementing module 'ntt_1' 
INFO: [HLS 200-10] ----------------------------------------------------------------
INFO: [SCHED 204-11] Starting scheduling ...
INFO: [SCHED 204-11] Finished scheduling.
INFO: [HLS 200-111]  Elapsed time: 0.45 seconds; current allocated memory: 453.817 MB.
INFO: [BIND 205-100] Starting micro-architecture generation ...
INFO: [BIND 205-101] Performing variable lifetime analysis.
INFO: [BIND 205-101] Exploring resource sharing.
INFO: [BIND 205-101] Binding ...
INFO: [BIND 205-100] Finished micro-architecture generation.
INFO: [HLS 200-111]  Elapsed time: 0.05 seconds; current allocated memory: 454.050 MB.
INFO: [HLS 200-10] ----------------------------------------------------------------
INFO: [HLS 200-42] -- Implementing module 'polyveck_pointwise_p' 
INFO: [HLS 200-10] ----------------------------------------------------------------
INFO: [SCHED 204-11] Starting scheduling ...
INFO: [SCHED 204-11] Finished scheduling.
INFO: [HLS 200-111]  Elapsed time: 0.08 seconds; current allocated memory: 454.197 MB.
INFO: [BIND 205-100] Starting micro-architecture generation ...
INFO: [BIND 205-101] Performing variable lifetime analysis.
INFO: [BIND 205-101] Exploring resource sharing.
INFO: [BIND 205-101] Binding ...
INFO: [BIND 205-100] Finished micro-architecture generation.
INFO: [HLS 200-111]  Elapsed time: 0.04 seconds; current allocated memory: 454.341 MB.
INFO: [HLS 200-10] ----------------------------------------------------------------
INFO: [HLS 200-42] -- Implementing module 'polyveck_chknorm' 
INFO: [HLS 200-10] ----------------------------------------------------------------
INFO: [SCHED 204-11] Starting scheduling ...
INFO: [SCHED 204-11] Finished scheduling.
INFO: [HLS 200-111]  Elapsed time: 0.06 seconds; current allocated memory: 454.528 MB.
INFO: [BIND 205-100] Starting micro-architecture generation ...
INFO: [BIND 205-101] Performing variable lifetime analysis.
INFO: [BIND 205-101] Exploring resource sharing.
INFO: [BIND 205-101] Binding ...
INFO: [BIND 205-100] Finished micro-architecture generation.
INFO: [HLS 200-111]  Elapsed time: 0.03 seconds; current allocated memory: 454.675 MB.
INFO: [HLS 200-10] ----------------------------------------------------------------
INFO: [HLS 200-42] -- Implementing module 'polyz_pack' 
INFO: [HLS 200-10] ----------------------------------------------------------------
INFO: [SCHED 204-11] Starting scheduling ...
INFO: [SCHED 204-11] Finished scheduling.
INFO: [HLS 200-111]  Elapsed time: 0.07 seconds; current allocated memory: 455.013 MB.
INFO: [BIND 205-100] Starting micro-architecture generation ...
INFO: [BIND 205-101] Performing variable lifetime analysis.
INFO: [BIND 205-101] Exploring resource sharing.
INFO: [BIND 205-101] Binding ...
INFO: [BIND 205-100] Finished micro-architecture generation.
INFO: [HLS 200-111]  Elapsed time: 0.08 seconds; current allocated memory: 455.428 MB.
INFO: [HLS 200-10] ----------------------------------------------------------------
INFO: [HLS 200-42] -- Implementing module 'pack_sig' 
INFO: [HLS 200-10] ----------------------------------------------------------------
INFO: [SCHED 204-11] Starting scheduling ...
INFO: [SCHED 204-11] Finished scheduling.
INFO: [HLS 200-111]  Elapsed time: 0.11 seconds; current allocated memory: 455.665 MB.
INFO: [BIND 205-100] Starting micro-architecture generation ...
INFO: [BIND 205-101] Performing variable lifetime analysis.
INFO: [BIND 205-101] Exploring resource sharing.
INFO: [BIND 205-101] Binding ...
INFO: [BIND 205-100] Finished micro-architecture generation.
INFO: [HLS 200-111]  Elapsed time: 0.06 seconds; current allocated memory: 455.912 MB.
INFO: [HLS 200-10] ----------------------------------------------------------------
INFO: [HLS 200-42] -- Implementing module 'crypto_sign_signatur' 
INFO: [HLS 200-10] ----------------------------------------------------------------
INFO: [SCHED 204-11] Starting scheduling ...
INFO: [SCHED 204-11] Finished scheduling.
INFO: [HLS 200-111]  Elapsed time: 0.31 seconds; current allocated memory: 457.938 MB.
INFO: [BIND 205-100] Starting micro-architecture generation ...
INFO: [BIND 205-101] Performing variable lifetime analysis.
INFO: [BIND 205-101] Exploring resource sharing.
INFO: [BIND 205-101] Binding ...
INFO: [BIND 205-100] Finished micro-architecture generation.
INFO: [HLS 200-111]  Elapsed time: 5.8 seconds; current allocated memory: 467.738 MB.
INFO: [HLS 200-10] ----------------------------------------------------------------
INFO: [HLS 200-42] -- Implementing module 'crypto_sign' 
INFO: [HLS 200-10] ----------------------------------------------------------------
INFO: [SCHED 204-11] Starting scheduling ...
INFO: [SCHED 204-11] Finished scheduling.
INFO: [HLS 200-111]  Elapsed time: 2.42 seconds; current allocated memory: 470.677 MB.
INFO: [BIND 205-100] Starting micro-architecture generation ...
INFO: [BIND 205-101] Performing variable lifetime analysis.
INFO: [BIND 205-101] Exploring resource sharing.
INFO: [BIND 205-101] Binding ...
INFO: [BIND 205-100] Finished micro-architecture generation.
INFO: [HLS 200-111]  Elapsed time: 0.73 seconds; current allocated memory: 471.744 MB.
INFO: [HLS 200-10] ----------------------------------------------------------------
INFO: [HLS 200-10] -- Generating RTL for module 'polyeta_unpack' 
INFO: [HLS 200-10] ----------------------------------------------------------------
INFO: [RTGEN 206-100] Finished creating RTL model for 'polyeta_unpack'.
INFO: [HLS 200-111]  Elapsed time: 2.14 seconds; current allocated memory: 475.248 MB.
INFO: [HLS 200-10] ----------------------------------------------------------------
INFO: [HLS 200-10] -- Generating RTL for module 'polyt0_unpack' 
INFO: [HLS 200-10] ----------------------------------------------------------------
INFO: [RTGEN 206-100] Finished creating RTL model for 'polyt0_unpack'.
INFO: [HLS 200-111]  Elapsed time: 0.15 seconds; current allocated memory: 477.912 MB.
INFO: [HLS 200-10] ----------------------------------------------------------------
INFO: [HLS 200-10] -- Generating RTL for module 'unpack_sk' 
INFO: [HLS 200-10] ----------------------------------------------------------------
INFO: [RTGEN 206-100] Finished creating RTL model for 'unpack_sk'.
INFO: [HLS 200-111]  Elapsed time: 0.26 seconds; current allocated memory: 481.345 MB.
INFO: [HLS 200-10] ----------------------------------------------------------------
INFO: [HLS 200-10] -- Generating RTL for module 'keccak_absorb_3199' 
INFO: [HLS 200-10] ----------------------------------------------------------------
INFO: [RTGEN 206-100] Finished creating RTL model for 'keccak_absorb_3199'.
INFO: [HLS 200-111]  Elapsed time: 0.22 seconds; current allocated memory: 483.241 MB.
INFO: [HLS 200-10] ----------------------------------------------------------------
INFO: [HLS 200-10] -- Generating RTL for module 'load64_2' 
INFO: [HLS 200-10] ----------------------------------------------------------------
INFO: [RTGEN 206-100] Finished creating RTL model for 'load64_2'.
INFO: [HLS 200-111]  Elapsed time: 0.09 seconds; current allocated memory: 484.064 MB.
INFO: [HLS 200-10] ----------------------------------------------------------------
INFO: [HLS 200-10] -- Generating RTL for module 'KeccakF1600_StatePer_1' 
INFO: [HLS 200-10] ----------------------------------------------------------------
INFO: [SYN 201-210] Renamed object name 'KeccakF1600_StatePer_1_KeccakF_RoundConstan' to 'KeccakF1600_Statebkb' due to the length limit 20
INFO: [RTGEN 206-100] Finished creating RTL model for 'KeccakF1600_StatePer_1'.
INFO: [HLS 200-111]  Elapsed time: 0.12 seconds; current allocated memory: 487.633 MB.
INFO: [HLS 200-10] ----------------------------------------------------------------
INFO: [HLS 200-10] -- Generating RTL for module 'keccak_absorb_2' 
INFO: [HLS 200-10] ----------------------------------------------------------------
INFO: [RTGEN 206-100] Finished creating RTL model for 'keccak_absorb_2'.
INFO: [HLS 200-111]  Elapsed time: 0.85 seconds; current allocated memory: 497.501 MB.
INFO: [HLS 200-10] ----------------------------------------------------------------
INFO: [HLS 200-10] -- Generating RTL for module 'KeccakF1600_StatePer' 
INFO: [HLS 200-10] ----------------------------------------------------------------
INFO: [SYN 201-210] Renamed object name 'KeccakF1600_StatePer_KeccakF_RoundConstan' to 'KeccakF1600_Statecud' due to the length limit 20
INFO: [RTGEN 206-100] Finished creating RTL model for 'KeccakF1600_StatePer'.
INFO: [HLS 200-111]  Elapsed time: 0.6 seconds; current allocated memory: 504.694 MB.
INFO: [HLS 200-10] ----------------------------------------------------------------
INFO: [HLS 200-10] -- Generating RTL for module 'load64_3' 
INFO: [HLS 200-10] ----------------------------------------------------------------
INFO: [RTGEN 206-100] Finished creating RTL model for 'load64_3'.
INFO: [HLS 200-111]  Elapsed time: 0.89 seconds; current allocated memory: 513.356 MB.
INFO: [HLS 200-10] ----------------------------------------------------------------
INFO: [HLS 200-10] -- Generating RTL for module 'keccak_absorb' 
INFO: [HLS 200-10] ----------------------------------------------------------------
INFO: [RTGEN 206-100] Finished creating RTL model for 'keccak_absorb'.
INFO: [HLS 200-111]  Elapsed time: 0.2 seconds; current allocated memory: 515.065 MB.
INFO: [HLS 200-10] ----------------------------------------------------------------
INFO: [HLS 200-10] -- Generating RTL for module 'keccak_squeezeblocks_2' 
INFO: [HLS 200-10] ----------------------------------------------------------------
INFO: [RTGEN 206-100] Finished creating RTL model for 'keccak_squeezeblocks_2'.
INFO: [HLS 200-111]  Elapsed time: 0.59 seconds; current allocated memory: 519.174 MB.
INFO: [HLS 200-10] ----------------------------------------------------------------
INFO: [HLS 200-10] -- Generating RTL for module 'rej_uniform' 
INFO: [HLS 200-10] ----------------------------------------------------------------
INFO: [RTGEN 206-100] Finished creating RTL model for 'rej_uniform'.
INFO: [HLS 200-111]  Elapsed time: 0.38 seconds; current allocated memory: 520.513 MB.
INFO: [HLS 200-10] ----------------------------------------------------------------
INFO: [HLS 200-10] -- Generating RTL for module 'poly_uniform' 
INFO: [HLS 200-10] ----------------------------------------------------------------
INFO: [SYN 201-210] Renamed object name 'poly_uniform_state_s' to 'poly_uniform_statdEe' due to the length limit 20
INFO: [SYN 201-210] Renamed object name 'crypto_sign_urem_9s_3ns_9_13_seq_1' to 'crypto_sign_urem_eOg' due to the length limit 20
INFO: [RTGEN 206-100] Generating core module 'crypto_sign_urem_eOg': 1 instance(s).
INFO: [RTGEN 206-100] Finished creating RTL model for 'poly_uniform'.
INFO: [HLS 200-111]  Elapsed time: 0.25 seconds; current allocated memory: 522.354 MB.
INFO: [HLS 200-10] ----------------------------------------------------------------
INFO: [HLS 200-10] -- Generating RTL for module 'ntt' 
INFO: [HLS 200-10] ----------------------------------------------------------------
INFO: [RTGEN 206-100] Finished creating RTL model for 'ntt'.
INFO: [HLS 200-111]  Elapsed time: 0.72 seconds; current allocated memory: 525.454 MB.
INFO: [HLS 200-10] ----------------------------------------------------------------
INFO: [HLS 200-10] -- Generating RTL for module 'keccak_squeezeblocks_1' 
INFO: [HLS 200-10] ----------------------------------------------------------------
INFO: [RTGEN 206-100] Finished creating RTL model for 'keccak_squeezeblocks_1'.
INFO: [HLS 200-111]  Elapsed time: 0.35 seconds; current allocated memory: 527.040 MB.
INFO: [HLS 200-10] ----------------------------------------------------------------
INFO: [HLS 200-10] -- Generating RTL for module 'polyvecl_uniform_gam' 
INFO: [HLS 200-10] ----------------------------------------------------------------
INFO: [SYN 201-210] Renamed object name 'polyvecl_uniform_gam_buf' to 'polyvecl_uniform_fYi' due to the length limit 20
INFO: [SYN 201-210] Renamed object name 'polyvecl_uniform_gam_state_s' to 'polyvecl_uniform_g8j' due to the length limit 20
INFO: [RTGEN 206-100] Finished creating RTL model for 'polyvecl_uniform_gam'.
INFO: [HLS 200-111]  Elapsed time: 0.41 seconds; current allocated memory: 529.170 MB.
INFO: [HLS 200-10] ----------------------------------------------------------------
INFO: [HLS 200-10] -- Generating RTL for module 'polyvecl_pointwise_a' 
INFO: [HLS 200-10] ----------------------------------------------------------------
INFO: [SYN 201-210] Renamed object name 'polyvecl_pointwise_a_t_coeffs' to 'polyvecl_pointwishbi' due to the length limit 20
INFO: [RTGEN 206-100] Finished creating RTL model for 'polyvecl_pointwise_a'.
INFO: [HLS 200-111]  Elapsed time: 0.8 seconds; current allocated memory: 533.256 MB.
INFO: [HLS 200-10] ----------------------------------------------------------------
INFO: [HLS 200-10] -- Generating RTL for module 'polyveck_reduce' 
INFO: [HLS 200-10] ----------------------------------------------------------------
INFO: [SYN 201-210] Renamed object name 'crypto_sign_mac_muladd_9s_24s_32ns_32_1_1' to 'crypto_sign_mac_mibs' due to the length limit 20
INFO: [RTGEN 206-100] Generating core module 'crypto_sign_mac_mibs': 1 instance(s).
INFO: [RTGEN 206-100] Finished creating RTL model for 'polyveck_reduce'.
INFO: [HLS 200-111]  Elapsed time: 0.35 seconds; current allocated memory: 535.136 MB.
INFO: [HLS 200-10] ----------------------------------------------------------------
INFO: [HLS 200-10] -- Generating RTL for module 'invntt_tomont' 
INFO: [HLS 200-10] ----------------------------------------------------------------
INFO: [RTGEN 206-100] Finished creating RTL model for 'invntt_tomont'.
INFO: [HLS 200-111]  Elapsed time: 0.26 seconds; current allocated memory: 536.260 MB.
INFO: [HLS 200-10] ----------------------------------------------------------------
INFO: [HLS 200-10] -- Generating RTL for module 'polyveck_invntt_tomo' 
INFO: [HLS 200-10] ----------------------------------------------------------------
INFO: [RTGEN 206-100] Finished creating RTL model for 'polyveck_invntt_tomo'.
INFO: [HLS 200-111]  Elapsed time: 0.36 seconds; current allocated memory: 538.007 MB.
INFO: [HLS 200-10] ----------------------------------------------------------------
INFO: [HLS 200-10] -- Generating RTL for module 'polyveck_caddq' 
INFO: [HLS 200-10] ----------------------------------------------------------------
INFO: [RTGEN 206-100] Finished creating RTL model for 'polyveck_caddq'.
INFO: [HLS 200-111]  Elapsed time: 0.26 seconds; current allocated memory: 538.502 MB.
INFO: [HLS 200-10] ----------------------------------------------------------------
INFO: [HLS 200-10] -- Generating RTL for module 'polyveck_pack_w1' 
INFO: [HLS 200-10] ----------------------------------------------------------------
INFO: [RTGEN 206-100] Finished creating RTL model for 'polyveck_pack_w1'.
INFO: [HLS 200-111]  Elapsed time: 0.26 seconds; current allocated memory: 539.507 MB.
INFO: [HLS 200-10] ----------------------------------------------------------------
INFO: [HLS 200-10] -- Generating RTL for module 'keccak_squeezeblocks' 
INFO: [HLS 200-10] ----------------------------------------------------------------
INFO: [RTGEN 206-100] Finished creating RTL model for 'keccak_squeezeblocks'.
INFO: [HLS 200-111]  Elapsed time: 0.32 seconds; current allocated memory: 541.122 MB.
INFO: [HLS 200-10] ----------------------------------------------------------------
INFO: [HLS 200-10] -- Generating RTL for module 'poly_challenge' 
INFO: [HLS 200-10] ----------------------------------------------------------------
INFO: [SYN 201-210] Renamed object name 'poly_challenge_state_s' to 'poly_challenge_stjbC' due to the length limit 20
INFO: [RTGEN 206-100] Finished creating RTL model for 'poly_challenge'.
INFO: [HLS 200-111]  Elapsed time: 0.44 seconds; current allocated memory: 542.861 MB.
INFO: [HLS 200-10] ----------------------------------------------------------------
INFO: [HLS 200-10] -- Generating RTL for module 'ntt_1' 
INFO: [HLS 200-10] ----------------------------------------------------------------
INFO: [RTGEN 206-100] Finished creating RTL model for 'ntt_1'.
INFO: [HLS 200-111]  Elapsed time: 0.74 seconds; current allocated memory: 545.401 MB.
INFO: [HLS 200-10] ----------------------------------------------------------------
INFO: [HLS 200-10] -- Generating RTL for module 'polyveck_pointwise_p' 
INFO: [HLS 200-10] ----------------------------------------------------------------
INFO: [RTGEN 206-100] Finished creating RTL model for 'polyveck_pointwise_p'.
INFO: [HLS 200-111]  Elapsed time: 0.32 seconds; current allocated memory: 546.793 MB.
INFO: [HLS 200-10] ----------------------------------------------------------------
INFO: [HLS 200-10] -- Generating RTL for module 'polyveck_chknorm' 
INFO: [HLS 200-10] ----------------------------------------------------------------
INFO: [RTGEN 206-100] Finished creating RTL model for 'polyveck_chknorm'.
INFO: [HLS 200-111]  Elapsed time: 0.31 seconds; current allocated memory: 547.729 MB.
INFO: [HLS 200-10] ----------------------------------------------------------------
INFO: [HLS 200-10] -- Generating RTL for module 'polyz_pack' 
INFO: [HLS 200-10] ----------------------------------------------------------------
INFO: [RTGEN 206-100] Finished creating RTL model for 'polyz_pack'.
INFO: [HLS 200-111]  Elapsed time: 0.28 seconds; current allocated memory: 549.084 MB.
INFO: [HLS 200-10] ----------------------------------------------------------------
INFO: [HLS 200-10] -- Generating RTL for module 'pack_sig' 
INFO: [HLS 200-10] ----------------------------------------------------------------
INFO: [RTGEN 206-100] Finished creating RTL model for 'pack_sig'.
INFO: [HLS 200-111]  Elapsed time: 0.4 seconds; current allocated memory: 551.264 MB.
INFO: [HLS 200-10] ----------------------------------------------------------------
INFO: [HLS 200-10] -- Generating RTL for module 'crypto_sign_signatur' 
INFO: [HLS 200-10] ----------------------------------------------------------------
INFO: [SYN 201-210] Renamed object name 'crypto_sign_signatur_state_0_s' to 'crypto_sign_signakbM' due to the length limit 20
INFO: [SYN 201-210] Renamed object name 'crypto_sign_signatur_seedbuf' to 'crypto_sign_signalbW' due to the length limit 20
INFO: [SYN 201-210] Renamed object name 'crypto_sign_signatur_mat_vec_coeffs' to 'crypto_sign_signamb6' due to the length limit 20
INFO: [SYN 201-210] Renamed object name 'crypto_sign_signatur_s1_vec_coeffs' to 'crypto_sign_signancg' due to the length limit 20
INFO: [SYN 201-210] Renamed object name 'crypto_sign_signatur_y_vec_coeffs' to 'crypto_sign_signaocq' due to the length limit 20
INFO: [SYN 201-210] Renamed object name 'crypto_sign_signatur_z_vec_coeffs' to 'crypto_sign_signapcA' due to the length limit 20
INFO: [SYN 201-210] Renamed object name 'crypto_sign_signatur_t0_vec_coeffs' to 'crypto_sign_signaqcK' due to the length limit 20
INFO: [SYN 201-210] Renamed object name 'crypto_sign_signatur_s2_vec_coeffs' to 'crypto_sign_signarcU' due to the length limit 20
INFO: [SYN 201-210] Renamed object name 'crypto_sign_signatur_w1_vec_coeffs' to 'crypto_sign_signasc4' due to the length limit 20
INFO: [SYN 201-210] Renamed object name 'crypto_sign_signatur_w0_vec_coeffs' to 'crypto_sign_signatde' due to the length limit 20
INFO: [SYN 201-210] Renamed object name 'crypto_sign_signatur_h_vec_coeffs' to 'crypto_sign_signaudo' due to the length limit 20
INFO: [SYN 201-210] Renamed object name 'crypto_sign_signatur_cp_coeffs' to 'crypto_sign_signavdy' due to the length limit 20
INFO: [SYN 201-210] Renamed object name 'crypto_sign_signatur_state_s' to 'crypto_sign_signawdI' due to the length limit 20
INFO: [SYN 201-210] Renamed object name 'crypto_sign_mac_muladd_15ns_25s_25ns_32_1_1' to 'crypto_sign_mac_mxdS' due to the length limit 20
INFO: [SYN 201-210] Renamed object name 'crypto_sign_mac_muladd_19s_8s_32ns_32_1_1' to 'crypto_sign_mac_myd2' due to the length limit 20
INFO: [RTGEN 206-100] Generating core module 'crypto_sign_mac_mibs': 1 instance(s).
INFO: [RTGEN 206-100] Generating core module 'crypto_sign_mac_mxdS': 1 instance(s).
INFO: [RTGEN 206-100] Generating core module 'crypto_sign_mac_myd2': 1 instance(s).
INFO: [RTGEN 206-100] Finished creating RTL model for 'crypto_sign_signatur'.
INFO: [HLS 200-111]  Elapsed time: 0.61 seconds; current allocated memory: 557.450 MB.
INFO: [HLS 200-10] ----------------------------------------------------------------
INFO: [HLS 200-10] -- Generating RTL for module 'crypto_sign' 
INFO: [HLS 200-10] ----------------------------------------------------------------
INFO: [RTGEN 206-500] Setting interface mode on port 'crypto_sign/sm' to 'ap_memory'.
INFO: [RTGEN 206-500] Setting interface mode on port 'crypto_sign/smlen' to 'ap_vld'.
INFO: [RTGEN 206-500] Setting interface mode on port 'crypto_sign/m' to 'ap_memory'.
INFO: [RTGEN 206-500] Setting interface mode on port 'crypto_sign/mlen' to 'ap_none'.
INFO: [RTGEN 206-500] Setting interface mode on port 'crypto_sign/sk' to 'ap_memory'.
INFO: [RTGEN 206-500] Setting interface mode on function 'crypto_sign' to 'ap_ctrl_hs'.
INFO: [RTGEN 206-100] Finished creating RTL model for 'crypto_sign'.
INFO: [HLS 200-111]  Elapsed time: 3.18 seconds; current allocated memory: 572.384 MB.
INFO: [HLS 200-790] **** Loop Constraint Status: All loop constraints were satisfied.
INFO: [HLS 200-789] **** Estimated Fmax: 32.11 MHz
INFO: [RTMG 210-279] Implementing memory 'KeccakF1600_Statebkb_rom' using auto ROMs.
INFO: [RTMG 210-278] Implementing memory 'keccak_absorb_2_t_ram (RAM)' using distributed RAMs.
INFO: [RTMG 210-282] Generating pipelined core: 'crypto_sign_urem_eOg_div'
INFO: [RTMG 210-278] Implementing memory 'poly_uniform_buf_ram (RAM)' using block RAMs.
INFO: [RTMG 210-278] Implementing memory 'poly_uniform_statdEe_ram (RAM)' using block RAMs.
INFO: [RTMG 210-279] Implementing memory 'ntt_zetas_rom' using auto ROMs.
INFO: [RTMG 210-278] Implementing memory 'polyvecl_uniform_fYi_ram (RAM)' using block RAMs.
INFO: [RTMG 210-278] Implementing memory 'polyvecl_pointwishbi_ram (RAM)' using block RAMs.
INFO: [RTMG 210-278] Implementing memory 'poly_challenge_buf_ram (RAM)' using block RAMs.
INFO: [RTMG 210-278] Implementing memory 'crypto_sign_signalbW_ram (RAM)' using block RAMs.
INFO: [RTMG 210-278] Implementing memory 'crypto_sign_signamb6_ram (RAM)' using block RAMs.
INFO: [RTMG 210-278] Implementing memory 'crypto_sign_signancg_ram (RAM)' using block RAMs.
INFO: [RTMG 210-278] Implementing memory 'crypto_sign_signaocq_ram (RAM)' using block RAMs.
INFO: [RTMG 210-278] Implementing memory 'crypto_sign_signapcA_ram (RAM)' using block RAMs.
INFO: [RTMG 210-278] Implementing memory 'crypto_sign_signatde_ram (RAM)' using block RAMs.
INFO: [RTMG 210-278] Implementing memory 'crypto_sign_signavdy_ram (RAM)' using block RAMs.
INFO: [HLS 200-111] Finished generating all RTL models Time (s): cpu = 00:01:31 ; elapsed = 00:01:41 . Memory (MB): peak = 1314.941 ; gain = 910.004 ; free physical = 181 ; free virtual = 8561
INFO: [VHDL 208-304] Generating VHDL RTL for crypto_sign.
INFO: [VLOG 209-307] Generating Verilog RTL for crypto_sign.
INFO: [HLS 200-112] Total elapsed time: 101.02 seconds; peak allocated memory: 572.384 MB.
